[2022-06-12 03:00:42,158] {taskinstance.py:1159} INFO - Dependencies all met for <TaskInstance: T-dbt-job-dimensions.dbt_clone_and_transform-dimensions manual__2022-06-11T19:32:57.602197+00:00 [queued]>
[2022-06-12 03:00:42,172] {taskinstance.py:1159} INFO - Dependencies all met for <TaskInstance: T-dbt-job-dimensions.dbt_clone_and_transform-dimensions manual__2022-06-11T19:32:57.602197+00:00 [queued]>
[2022-06-12 03:00:42,172] {taskinstance.py:1356} INFO - 
--------------------------------------------------------------------------------
[2022-06-12 03:00:42,172] {taskinstance.py:1357} INFO - Starting attempt 4 of 5
[2022-06-12 03:00:42,172] {taskinstance.py:1358} INFO - 
--------------------------------------------------------------------------------
[2022-06-12 03:00:42,186] {taskinstance.py:1377} INFO - Executing <Task(BashOperator): dbt_clone_and_transform-dimensions> on 2022-06-11 19:32:57.602197+00:00
[2022-06-12 03:00:42,191] {standard_task_runner.py:52} INFO - Started process 2828 to run task
[2022-06-12 03:00:42,195] {standard_task_runner.py:79} INFO - Running: ['airflow', 'tasks', 'run', 'T-dbt-job-dimensions', 'dbt_clone_and_transform-dimensions', 'manual__2022-06-11T19:32:57.602197+00:00', '--job-id', '80', '--raw', '--subdir', 'DAGS_FOLDER/docker_job/dbt_model.py', '--cfg-path', '/tmp/tmptl7nkbuo', '--error-file', '/tmp/tmpfqab7ox4']
[2022-06-12 03:00:42,195] {standard_task_runner.py:80} INFO - Job 80: Subtask dbt_clone_and_transform-dimensions
[2022-06-12 03:00:42,245] {task_command.py:370} INFO - Running <TaskInstance: T-dbt-job-dimensions.dbt_clone_and_transform-dimensions manual__2022-06-11T19:32:57.602197+00:00 [running]> on host e926c0944008
[2022-06-12 03:00:42,308] {taskinstance.py:1571} INFO - Exporting the following env vars:
AIRFLOW_CTX_DAG_EMAIL=samuelolle@yahoo.com
AIRFLOW_CTX_DAG_OWNER=airflow
AIRFLOW_CTX_DAG_ID=T-dbt-job-dimensions
AIRFLOW_CTX_TASK_ID=dbt_clone_and_transform-dimensions
AIRFLOW_CTX_EXECUTION_DATE=2022-06-11T19:32:57.602197+00:00
AIRFLOW_CTX_TRY_NUMBER=4
AIRFLOW_CTX_DAG_RUN_ID=manual__2022-06-11T19:32:57.602197+00:00
[2022-06-12 03:00:42,309] {subprocess.py:62} INFO - Tmp dir root location: 
 /tmp
[2022-06-12 03:00:42,310] {subprocess.py:74} INFO - Running command: ['bash', '-c', " rm -rf /tmp/dimensions && mkdir /tmp/dimensions                            && cp -r /tmp/dbt /tmp/dimensions/dbt                             && cd /tmp/dimensions/dbt && python3 -m venv venv                             && export PIP_USER=false                             && *** /tmp/dimensions/dbt/venv/bin/activate                             && pip  install --quiet --upgrade pip setuptools                             && pip3 install --quiet 'MarkupSafe<=2.0.1' 'dbt-postgres' 'dbt-core'                             && dbt --version && deactivate                             && cd /tmp/dimensions/dbt && *** /tmp/dimensions/dbt/venv/bin/activate                             && dbt deps --profiles-dir /tmp/dimensions/dbt/ && dbt seed --profiles-dir /tmp/dimensions/dbt/                             && dbt run --models dimensions --profiles-dir /tmp/dimensions/dbt/"]
[2022-06-12 03:00:42,321] {subprocess.py:85} INFO - Output:
[2022-06-12 03:01:15,896] {subprocess.py:92} INFO - Core:
[2022-06-12 03:01:15,897] {subprocess.py:92} INFO -   - installed: 1.1.0
[2022-06-12 03:01:15,897] {subprocess.py:92} INFO -   - latest:    1.1.0 - [32mUp to date![0m
[2022-06-12 03:01:15,897] {subprocess.py:92} INFO - 
[2022-06-12 03:01:15,897] {subprocess.py:92} INFO - Plugins:
[2022-06-12 03:01:15,897] {subprocess.py:92} INFO -   - postgres: 1.1.0 - [32mUp to date![0m
[2022-06-12 03:01:18,645] {subprocess.py:92} INFO - [0m03:01:18  Running with dbt=1.1.0
[2022-06-12 03:01:18,647] {subprocess.py:92} INFO - [0m03:01:18  Warning: No packages were found in packages.yml
[2022-06-12 03:01:21,469] {subprocess.py:92} INFO - [0m03:01:21  Running with dbt=1.1.0
[2022-06-12 03:01:21,485] {subprocess.py:92} INFO - [0m03:01:21  Partial parse save file not found. Starting full parse.
[2022-06-12 03:01:22,112] {subprocess.py:92} INFO - [0m03:01:22  [WARNING]: Configuration paths exist in your dbt_project.yml file which do not apply to any re***s.
[2022-06-12 03:01:22,112] {subprocess.py:92} INFO - There are 1 unused configuration paths:
[2022-06-12 03:01:22,112] {subprocess.py:92} INFO - - seeds.SAM
[2022-06-12 03:01:22,112] {subprocess.py:92} INFO - 
[2022-06-12 03:01:22,123] {subprocess.py:92} INFO - [0m03:01:22  Found 5 models, 6 tests, 0 snapshots, 0 analyses, 172 macros, 6 operations, 0 seed files, 4 ***s, 0 exposures, 0 metrics
[2022-06-12 03:01:22,125] {subprocess.py:92} INFO - [0m03:01:22
[2022-06-12 03:01:22,125] {subprocess.py:92} INFO - [0m03:01:22  [WARNING]: Nothing to do. Try checking your model configs and model specification args
[2022-06-12 03:01:22,130] {subprocess.py:92} INFO - [0m03:01:22
[2022-06-12 03:01:22,130] {subprocess.py:92} INFO - [0m03:01:22  Completed successfully
[2022-06-12 03:01:22,131] {subprocess.py:92} INFO - [0m03:01:22
[2022-06-12 03:01:22,131] {subprocess.py:92} INFO - [0m03:01:22  Done. PASS=0 WARN=0 ERROR=0 SKIP=0 TOTAL=0
[2022-06-12 03:01:24,936] {subprocess.py:92} INFO - [0m03:01:24  Running with dbt=1.1.0
[2022-06-12 03:01:24,968] {subprocess.py:92} INFO - [0m03:01:24  [WARNING]: Configuration paths exist in your dbt_project.yml file which do not apply to any re***s.
[2022-06-12 03:01:24,968] {subprocess.py:92} INFO - There are 1 unused configuration paths:
[2022-06-12 03:01:24,968] {subprocess.py:92} INFO - - seeds.SAM
[2022-06-12 03:01:24,968] {subprocess.py:92} INFO - 
[2022-06-12 03:01:24,980] {subprocess.py:92} INFO - [0m03:01:24  Found 5 models, 6 tests, 0 snapshots, 0 analyses, 172 macros, 6 operations, 0 seed files, 4 ***s, 0 exposures, 0 metrics
[2022-06-12 03:01:24,982] {subprocess.py:92} INFO - [0m03:01:24
[2022-06-12 03:01:25,038] {subprocess.py:92} INFO - [0m03:01:25  Concurrency: 4 threads (target='dev')
[2022-06-12 03:01:25,038] {subprocess.py:92} INFO - [0m03:01:25
[2022-06-12 03:01:25,046] {subprocess.py:92} INFO - [0m03:01:25  1 of 2 START table model analytics_dim.dim_date ................................ [RUN]
[2022-06-12 03:01:25,046] {subprocess.py:92} INFO - [0m03:01:25  2 of 2 START incremental model analytics_dim.dim_walls ......................... [RUN]
[2022-06-12 03:01:25,204] {subprocess.py:92} INFO - [0m03:01:25  1 of 2 OK created table model analytics_dim.dim_date ........................... [SELECT 546 in 0.16s]
[2022-06-12 03:01:25,209] {subprocess.py:92} INFO - [0m03:01:25  2 of 2 OK created incremental model analytics_dim.dim_walls .................... [INSERT 0 8 in 0.16s]
[2022-06-12 03:01:25,260] {subprocess.py:92} INFO - [0m03:01:25
[2022-06-12 03:01:25,260] {subprocess.py:92} INFO - [0m03:01:25  Running 6 on-run-end hooks
[2022-06-12 03:01:25,266] {subprocess.py:92} INFO - [0m03:01:25  1 of 6 START hook: SAM.on-run-end.0 ............................................ [RUN]
[2022-06-12 03:01:25,269] {subprocess.py:92} INFO - [0m03:01:25  1 of 6 OK hook: SAM.on-run-end.0 ............................................... [ALTER DEFAULT PRIVILEGES in 0.00s]
[2022-06-12 03:01:25,273] {subprocess.py:92} INFO - [0m03:01:25  2 of 6 START hook: SAM.on-run-end.1 ............................................ [RUN]
[2022-06-12 03:01:25,276] {subprocess.py:92} INFO - [0m03:01:25  2 of 6 OK hook: SAM.on-run-end.1 ............................................... [ALTER DEFAULT PRIVILEGES in 0.00s]
[2022-06-12 03:01:25,279] {subprocess.py:92} INFO - [0m03:01:25  3 of 6 START hook: SAM.on-run-end.2 ............................................ [RUN]
[2022-06-12 03:01:25,281] {subprocess.py:92} INFO - [0m03:01:25  3 of 6 OK hook: SAM.on-run-end.2 ............................................... [ALTER DEFAULT PRIVILEGES in 0.00s]
[2022-06-12 03:01:25,284] {subprocess.py:92} INFO - [0m03:01:25  4 of 6 START hook: SAM.on-run-end.3 ............................................ [RUN]
[2022-06-12 03:01:25,287] {subprocess.py:92} INFO - [0m03:01:25  4 of 6 OK hook: SAM.on-run-end.3 ............................................... [ALTER DEFAULT PRIVILEGES in 0.00s]
[2022-06-12 03:01:25,290] {subprocess.py:92} INFO - [0m03:01:25  5 of 6 START hook: SAM.on-run-end.4 ............................................ [RUN]
[2022-06-12 03:01:25,292] {subprocess.py:92} INFO - [0m03:01:25  5 of 6 OK hook: SAM.on-run-end.4 ............................................... [ALTER DEFAULT PRIVILEGES in 0.00s]
[2022-06-12 03:01:25,295] {subprocess.py:92} INFO - [0m03:01:25  6 of 6 START hook: SAM.on-run-end.5 ............................................ [RUN]
[2022-06-12 03:01:25,298] {subprocess.py:92} INFO - [0m03:01:25  6 of 6 OK hook: SAM.on-run-end.5 ............................................... [ALTER DEFAULT PRIVILEGES in 0.00s]
[2022-06-12 03:01:25,298] {subprocess.py:92} INFO - [0m03:01:25
[2022-06-12 03:01:25,299] {subprocess.py:92} INFO - [0m03:01:25
[2022-06-12 03:01:25,299] {subprocess.py:92} INFO - [0m03:01:25  Finished running 1 table model, 1 incremental model, 6 hooks in 0.32s.
[2022-06-12 03:01:25,305] {subprocess.py:92} INFO - [0m03:01:25
[2022-06-12 03:01:25,305] {subprocess.py:92} INFO - [0m03:01:25  Completed successfully
[2022-06-12 03:01:25,306] {subprocess.py:92} INFO - [0m03:01:25
[2022-06-12 03:01:25,306] {subprocess.py:92} INFO - [0m03:01:25  Done. PASS=2 WARN=0 ERROR=0 SKIP=0 TOTAL=2
[2022-06-12 03:01:25,462] {subprocess.py:96} INFO - Command exited with return code 0
[2022-06-12 03:01:25,491] {taskinstance.py:1400} INFO - Marking task as SUCCESS. dag_id=T-dbt-job-dimensions, task_id=dbt_clone_and_transform-dimensions, execution_date=20220611T193257, start_date=20220612T030042, end_date=20220612T030125
[2022-06-12 03:01:25,521] {local_task_job.py:156} INFO - Task exited with return code 0
[2022-06-12 03:01:25,550] {local_task_job.py:273} INFO - 1 downstream tasks scheduled from follow-on schedule check
