[2022-06-11 19:32:58,525] {taskinstance.py:1159} INFO - Dependencies all met for <TaskInstance: T-dbt-job-dimensions.dbt_clone_and_transform-dimensions manual__2022-06-11T19:32:57.602197+00:00 [queued]>
[2022-06-11 19:32:58,538] {taskinstance.py:1159} INFO - Dependencies all met for <TaskInstance: T-dbt-job-dimensions.dbt_clone_and_transform-dimensions manual__2022-06-11T19:32:57.602197+00:00 [queued]>
[2022-06-11 19:32:58,538] {taskinstance.py:1356} INFO - 
--------------------------------------------------------------------------------
[2022-06-11 19:32:58,538] {taskinstance.py:1357} INFO - Starting attempt 1 of 2
[2022-06-11 19:32:58,538] {taskinstance.py:1358} INFO - 
--------------------------------------------------------------------------------
[2022-06-11 19:32:58,553] {taskinstance.py:1377} INFO - Executing <Task(BashOperator): dbt_clone_and_transform-dimensions> on 2022-06-11 19:32:57.602197+00:00
[2022-06-11 19:32:58,560] {standard_task_runner.py:52} INFO - Started process 73 to run task
[2022-06-11 19:32:58,563] {standard_task_runner.py:79} INFO - Running: ['airflow', 'tasks', 'run', 'T-dbt-job-dimensions', 'dbt_clone_and_transform-dimensions', 'manual__2022-06-11T19:32:57.602197+00:00', '--job-id', '7', '--raw', '--subdir', 'DAGS_FOLDER/docker_job/dbt_model.py', '--cfg-path', '/tmp/tmp8hcgwcg6', '--error-file', '/tmp/tmpd4_1dvu1']
[2022-06-11 19:32:58,563] {standard_task_runner.py:80} INFO - Job 7: Subtask dbt_clone_and_transform-dimensions
[2022-06-11 19:32:58,615] {task_command.py:370} INFO - Running <TaskInstance: T-dbt-job-dimensions.dbt_clone_and_transform-dimensions manual__2022-06-11T19:32:57.602197+00:00 [running]> on host e926c0944008
[2022-06-11 19:32:58,709] {taskinstance.py:1571} INFO - Exporting the following env vars:
AIRFLOW_CTX_DAG_EMAIL=samuelolle@yahoo.com
AIRFLOW_CTX_DAG_OWNER=airflow
AIRFLOW_CTX_DAG_ID=T-dbt-job-dimensions
AIRFLOW_CTX_TASK_ID=dbt_clone_and_transform-dimensions
AIRFLOW_CTX_EXECUTION_DATE=2022-06-11T19:32:57.602197+00:00
AIRFLOW_CTX_TRY_NUMBER=1
AIRFLOW_CTX_DAG_RUN_ID=manual__2022-06-11T19:32:57.602197+00:00
[2022-06-11 19:32:58,710] {subprocess.py:62} INFO - Tmp dir root location: 
 /tmp
[2022-06-11 19:32:58,711] {subprocess.py:74} INFO - Running command: ['bash', '-c', " rm -rf /tmp/dimensions && mkdir /tmp/dimensions                            && cp -r /tmp/dbt /tmp/dimensions/dbt                             && cd /tmp/dimensions/dbt && python3 -m venv venv                             && export PIP_USER=false                             && *** /tmp/dimensions/dbt/venv/bin/activate                             && pip  install --quiet --upgrade pip setuptools                             && pip3 install --quiet 'MarkupSafe<=2.0.1' 'dbt-postgres' 'dbt-core'                             && dbt --version && deactivate                             && cd /tmp/dimensions/dbt && *** /tmp/dimensions/dbt/venv/bin/activate                             && dbt deps --profiles-dir /tmp/dimensions/dbt/ && dbt seed --profiles-dir /tmp/dimensions/dbt/                             && dbt run --models dimensions --profiles-dir /tmp/dimensions/dbt/"]
[2022-06-11 19:32:58,727] {subprocess.py:85} INFO - Output:
[2022-06-11 19:32:58,758] {subprocess.py:92} INFO - cp: cannot stat '/tmp/dimensions/dbt/.git/objects/e1': No such file or directory
[2022-06-11 19:32:58,759] {subprocess.py:92} INFO - cp: cannot create directory '/tmp/dimensions/dbt/.git/objects/ea': No such file or directory
[2022-06-11 19:32:58,759] {subprocess.py:92} INFO - cp: cannot create directory '/tmp/dimensions/dbt/.git/objects/0c': No such file or directory
[2022-06-11 19:32:58,759] {subprocess.py:92} INFO - cp: cannot create directory '/tmp/dimensions/dbt/.git/objects/01': No such file or directory
[2022-06-11 19:32:58,759] {subprocess.py:92} INFO - cp: cannot create directory '/tmp/dimensions/dbt/.git/objects/60': No such file or directory
[2022-06-11 19:32:58,759] {subprocess.py:92} INFO - cp: cannot create directory '/tmp/dimensions/dbt/.git/objects/23': No such file or directory
[2022-06-11 19:32:58,759] {subprocess.py:92} INFO - cp: cannot create directory '/tmp/dimensions/dbt/.git/objects/a6': No such file or directory
[2022-06-11 19:32:58,759] {subprocess.py:92} INFO - cp: cannot create directory '/tmp/dimensions/dbt/.git/objects/34': No such file or directory
[2022-06-11 19:32:58,759] {subprocess.py:92} INFO - cp: cannot create directory '/tmp/dimensions/dbt/.git/objects/de': No such file or directory
[2022-06-11 19:32:58,759] {subprocess.py:92} INFO - cp: cannot stat '/tmp/dimensions/dbt/.git/objects': No such file or directory
[2022-06-11 19:32:58,768] {subprocess.py:96} INFO - Command exited with return code 1
[2022-06-11 19:32:58,791] {taskinstance.py:1889} ERROR - Task failed with exception
Traceback (most recent call last):
  File "/home/airflow/.local/lib/python3.7/site-packages/airflow/operators/bash.py", line 195, in execute
    f'Bash command failed. The command returned a non-zero exit code {result.exit_code}.'
airflow.exceptions.AirflowException: Bash command failed. The command returned a non-zero exit code 1.
[2022-06-11 19:32:58,795] {taskinstance.py:1400} INFO - Marking task as UP_FOR_RETRY. dag_id=T-dbt-job-dimensions, task_id=dbt_clone_and_transform-dimensions, execution_date=20220611T193257, start_date=20220611T193258, end_date=20220611T193258
[2022-06-11 19:32:58,808] {standard_task_runner.py:97} ERROR - Failed to execute job 7 for task dbt_clone_and_transform-dimensions (Bash command failed. The command returned a non-zero exit code 1.; 73)
[2022-06-11 19:32:58,856] {local_task_job.py:156} INFO - Task exited with return code 1
[2022-06-11 19:32:58,896] {local_task_job.py:273} INFO - 0 downstream tasks scheduled from follow-on schedule check
