[2022-06-11 15:40:15,902] {taskinstance.py:1037} INFO - Dependencies all met for <TaskInstance: T-dbt-job-dimensions.create_source_tables scheduled__2022-06-11T13:40:11.410294+00:00 [queued]>
[2022-06-11 15:40:15,909] {taskinstance.py:1037} INFO - Dependencies all met for <TaskInstance: T-dbt-job-dimensions.create_source_tables scheduled__2022-06-11T13:40:11.410294+00:00 [queued]>
[2022-06-11 15:40:15,909] {taskinstance.py:1243} INFO - 
--------------------------------------------------------------------------------
[2022-06-11 15:40:15,909] {taskinstance.py:1244} INFO - Starting attempt 1 of 2
[2022-06-11 15:40:15,909] {taskinstance.py:1245} INFO - 
--------------------------------------------------------------------------------
[2022-06-11 15:40:15,917] {taskinstance.py:1264} INFO - Executing <Task(PostgresOperator): create_source_tables> on 2022-06-11 13:40:11.410294+00:00
[2022-06-11 15:40:15,921] {standard_task_runner.py:52} INFO - Started process 78 to run task
[2022-06-11 15:40:15,924] {standard_task_runner.py:76} INFO - Running: ['airflow', 'tasks', 'run', 'T-dbt-job-dimensions', 'create_***_tables', 'scheduled__2022-06-11T13:40:11.410294+00:00', '--job-id', '2', '--raw', '--subdir', 'DAGS_FOLDER/docker_job/dbt_test.py', '--cfg-path', '/tmp/tmpe05jkk8r', '--error-file', '/tmp/tmp4c2ta8k5']
[2022-06-11 15:40:15,925] {standard_task_runner.py:77} INFO - Job 2: Subtask create_***_tables
[2022-06-11 15:40:15,972] {logging_mixin.py:109} INFO - Running <TaskInstance: T-dbt-job-dimensions.create_***_tables scheduled__2022-06-11T13:40:11.410294+00:00 [running]> on host fe87ca35a7d0
[2022-06-11 15:40:16,014] {taskinstance.py:1431} INFO - Exporting the following env vars:
AIRFLOW_CTX_DAG_EMAIL=samuelolle@yahoo.com
AIRFLOW_CTX_DAG_OWNER=airflow
AIRFLOW_CTX_DAG_ID=T-dbt-job-dimensions
AIRFLOW_CTX_TASK_ID=create_***_tables
AIRFLOW_CTX_EXECUTION_DATE=2022-06-11T13:40:11.410294+00:00
AIRFLOW_CTX_DAG_RUN_ID=scheduled__2022-06-11T13:40:11.410294+00:00
[2022-06-11 15:40:16,031] {taskinstance.py:1718} ERROR - Task failed with exception
Traceback (most recent call last):
  File "/home/airflow/.local/lib/python3.7/site-packages/airflow/models/taskinstance.py", line 1334, in _run_raw_task
    self._execute_task_with_callbacks(context)
  File "/home/airflow/.local/lib/python3.7/site-packages/airflow/models/taskinstance.py", line 1460, in _execute_task_with_callbacks
    result = self._execute_task(context, self.task)
  File "/home/airflow/.local/lib/python3.7/site-packages/airflow/models/taskinstance.py", line 1511, in _execute_task
    result = execute_callable(context=context)
  File "/home/airflow/.local/lib/python3.7/site-packages/airflow/providers/postgres/operators/postgres.py", line 71, in execute
    self.hook.run(self.sql, self.autocommit, parameters=self.parameters)
  File "/home/airflow/.local/lib/python3.7/site-packages/airflow/hooks/dbapi.py", line 198, in run
    with closing(self.get_conn()) as conn:
  File "/home/airflow/.local/lib/python3.7/site-packages/airflow/providers/postgres/hooks/postgres.py", line 86, in get_conn
    conn = deepcopy(self.connection or self.get_connection(conn_id))
  File "/home/airflow/.local/lib/python3.7/site-packages/airflow/hooks/base.py", line 68, in get_connection
    conn = Connection.get_connection_from_secrets(conn_id)
  File "/home/airflow/.local/lib/python3.7/site-packages/airflow/models/connection.py", line 410, in get_connection_from_secrets
    raise AirflowNotFoundException(f"The conn_id `{conn_id}` isn't defined")
airflow.exceptions.AirflowNotFoundException: The conn_id `***` isn't defined
[2022-06-11 15:40:16,038] {taskinstance.py:1282} INFO - Marking task as UP_FOR_RETRY. dag_id=T-dbt-job-dimensions, task_id=create_***_tables, execution_date=20220611T134011, start_date=20220611T154015, end_date=20220611T154016
[2022-06-11 15:40:16,048] {standard_task_runner.py:92} ERROR - Failed to execute job 2 for task create_***_tables
Traceback (most recent call last):
  File "/home/airflow/.local/lib/python3.7/site-packages/airflow/task/task_runner/standard_task_runner.py", line 85, in _start_by_fork
    args.func(args, dag=self.dag)
  File "/home/airflow/.local/lib/python3.7/site-packages/airflow/cli/cli_parser.py", line 48, in command
    return func(*args, **kwargs)
  File "/home/airflow/.local/lib/python3.7/site-packages/airflow/utils/cli.py", line 92, in wrapper
    return f(*args, **kwargs)
  File "/home/airflow/.local/lib/python3.7/site-packages/airflow/cli/commands/task_command.py", line 298, in task_run
    _run_task_by_selected_method(args, dag, ti)
  File "/home/airflow/.local/lib/python3.7/site-packages/airflow/cli/commands/task_command.py", line 107, in _run_task_by_selected_method
    _run_raw_task(args, ti)
  File "/home/airflow/.local/lib/python3.7/site-packages/airflow/cli/commands/task_command.py", line 184, in _run_raw_task
    error_file=args.error_file,
  File "/home/airflow/.local/lib/python3.7/site-packages/airflow/utils/session.py", line 70, in wrapper
    return func(*args, session=session, **kwargs)
  File "/home/airflow/.local/lib/python3.7/site-packages/airflow/models/taskinstance.py", line 1334, in _run_raw_task
    self._execute_task_with_callbacks(context)
  File "/home/airflow/.local/lib/python3.7/site-packages/airflow/models/taskinstance.py", line 1460, in _execute_task_with_callbacks
    result = self._execute_task(context, self.task)
  File "/home/airflow/.local/lib/python3.7/site-packages/airflow/models/taskinstance.py", line 1511, in _execute_task
    result = execute_callable(context=context)
  File "/home/airflow/.local/lib/python3.7/site-packages/airflow/providers/postgres/operators/postgres.py", line 71, in execute
    self.hook.run(self.sql, self.autocommit, parameters=self.parameters)
  File "/home/airflow/.local/lib/python3.7/site-packages/airflow/hooks/dbapi.py", line 198, in run
    with closing(self.get_conn()) as conn:
  File "/home/airflow/.local/lib/python3.7/site-packages/airflow/providers/postgres/hooks/postgres.py", line 86, in get_conn
    conn = deepcopy(self.connection or self.get_connection(conn_id))
  File "/home/airflow/.local/lib/python3.7/site-packages/airflow/hooks/base.py", line 68, in get_connection
    conn = Connection.get_connection_from_secrets(conn_id)
  File "/home/airflow/.local/lib/python3.7/site-packages/airflow/models/connection.py", line 410, in get_connection_from_secrets
    raise AirflowNotFoundException(f"The conn_id `{conn_id}` isn't defined")
airflow.exceptions.AirflowNotFoundException: The conn_id `***` isn't defined
[2022-06-11 15:40:16,057] {local_task_job.py:154} INFO - Task exited with return code 1
[2022-06-11 15:40:16,090] {local_task_job.py:264} INFO - 0 downstream tasks scheduled from follow-on schedule check
