[2022-06-11 15:47:38,125] {taskinstance.py:1037} INFO - Dependencies all met for <TaskInstance: T-dbt-job-dimensions.create_source_tables scheduled__2022-06-11T13:40:11.410294+00:00 [queued]>
[2022-06-11 15:47:38,134] {taskinstance.py:1037} INFO - Dependencies all met for <TaskInstance: T-dbt-job-dimensions.create_source_tables scheduled__2022-06-11T13:40:11.410294+00:00 [queued]>
[2022-06-11 15:47:38,134] {taskinstance.py:1243} INFO - 
--------------------------------------------------------------------------------
[2022-06-11 15:47:38,134] {taskinstance.py:1244} INFO - Starting attempt 6 of 7
[2022-06-11 15:47:38,134] {taskinstance.py:1245} INFO - 
--------------------------------------------------------------------------------
[2022-06-11 15:47:38,143] {taskinstance.py:1264} INFO - Executing <Task(PostgresOperator): create_source_tables> on 2022-06-11 13:40:11.410294+00:00
[2022-06-11 15:47:38,147] {standard_task_runner.py:52} INFO - Started process 92 to run task
[2022-06-11 15:47:38,151] {standard_task_runner.py:76} INFO - Running: ['airflow', 'tasks', 'run', 'T-dbt-job-dimensions', 'create_***_tables', 'scheduled__2022-06-11T13:40:11.410294+00:00', '--job-id', '9', '--raw', '--subdir', 'DAGS_FOLDER/docker_job/dbt_test.py', '--cfg-path', '/tmp/tmp7ttlgrms', '--error-file', '/tmp/tmpzdx_ju1_']
[2022-06-11 15:47:38,152] {standard_task_runner.py:77} INFO - Job 9: Subtask create_***_tables
[2022-06-11 15:47:38,205] {logging_mixin.py:109} INFO - Running <TaskInstance: T-dbt-job-dimensions.create_***_tables scheduled__2022-06-11T13:40:11.410294+00:00 [running]> on host fe87ca35a7d0
[2022-06-11 15:47:38,250] {taskinstance.py:1431} INFO - Exporting the following env vars:
AIRFLOW_CTX_DAG_EMAIL=samuelolle@yahoo.com
AIRFLOW_CTX_DAG_OWNER=airflow
AIRFLOW_CTX_DAG_ID=T-dbt-job-dimensions
AIRFLOW_CTX_TASK_ID=create_***_tables
AIRFLOW_CTX_EXECUTION_DATE=2022-06-11T13:40:11.410294+00:00
AIRFLOW_CTX_DAG_RUN_ID=scheduled__2022-06-11T13:40:11.410294+00:00
[2022-06-11 15:47:38,260] {base.py:79} INFO - Using connection to: id: ***. Host: postgres_***, Port: 5432, Schema: ***, Login: ***, Password: ***, extra: {}
[2022-06-11 15:47:38,265] {dbapi.py:225} INFO - Running statement: CREATE SCHEMA IF NOT EXISTS analytics_object;

CREATE TABLE IF NOT EXISTS analytics_object.users (
    id serial,
    name TEXT NOT NULL UNIQUE,
    visitor_ind bigint,
    created_at TIMESTAMP,
    user_segment TEXT,
    event_type TEXT,
    event_time TIMESTAMP,
    export_date TIMESTAMP,
    PRIMARY KEY (id)
);


CREATE TABLE IF NOT EXISTS analytics_object.walls (
    id serial,
    name VARCHAR (255) NOT NULL,
    owner VARCHAR (255) NOT NULL,
    created_at TIMESTAMP,
    event_type TEXT,
    event_time TIMESTAMP,
    export_date TIMESTAMP,
    PRIMARY KEY (id),
    CONSTRAINT fk_users_walls
          FOREIGN KEY(owner)
          REFERENCES analytics_object.users(name)
);

CREATE TABLE IF NOT EXISTS analytics_object.posts (
    id serial,
    name VARCHAR (255) NOT NULL,
    content TEXT,
    wall bigint,
    author TEXT,
    created_at TIMESTAMP,
    PRIMARY KEY (id),
    CONSTRAINT fk_walls_posts
         FOREIGN KEY(wall)
         REFERENCES analytics_object.walls(id),
    CONSTRAINT fk_users_posts
         FOREIGN KEY(author)
         REFERENCES analytics_object.users(name)
);

CREATE TABLE IF NOT EXISTS analytics_object.comments (
    id serial,
    text TEXT,
    post bigint,
    author TEXT,
    created_at TIMESTAMP,
    PRIMARY KEY (id),
    CONSTRAINT fk_posts_comments
         FOREIGN KEY(post)
         REFERENCES analytics_object.posts(id),
    CONSTRAINT fk_users_comments
         FOREIGN KEY(author)
         REFERENCES analytics_object.users(name)
);


CREATE TABLE IF NOT EXISTS analytics_object.likes (
    id serial,
    like_notlike_ind bigint,
    post bigint,
    comment bigint,
    author TEXT,
    created_at TIMESTAMP,
    PRIMARY KEY (id),
    CONSTRAINT fk_posts_likes
         FOREIGN KEY(post)
         REFERENCES analytics_object.posts(id),
    CONSTRAINT fk_users_likes
         FOREIGN KEY(author)
         REFERENCES analytics_object.users(name),
    CONSTRAINT fk_comments_likes
         FOREIGN KEY(comment)
         REFERENCES analytics_object.comments(id)
);, parameters: None
[2022-06-11 15:47:38,266] {postgres.py:73} INFO - NOTICE:  schema "analytics_object" already exists, skipping

[2022-06-11 15:47:38,266] {postgres.py:73} INFO - NOTICE:  relation "users" already exists, skipping

[2022-06-11 15:47:38,266] {postgres.py:73} INFO - NOTICE:  relation "walls" already exists, skipping

[2022-06-11 15:47:38,266] {postgres.py:73} INFO - NOTICE:  relation "posts" already exists, skipping

[2022-06-11 15:47:38,267] {postgres.py:73} INFO - NOTICE:  relation "comments" already exists, skipping

[2022-06-11 15:47:38,267] {postgres.py:73} INFO - NOTICE:  relation "likes" already exists, skipping

[2022-06-11 15:47:38,276] {taskinstance.py:1282} INFO - Marking task as SUCCESS. dag_id=T-dbt-job-dimensions, task_id=create_***_tables, execution_date=20220611T134011, start_date=20220611T154738, end_date=20220611T154738
[2022-06-11 15:47:38,324] {local_task_job.py:154} INFO - Task exited with return code 0
[2022-06-11 15:47:38,362] {local_task_job.py:264} INFO - 1 downstream tasks scheduled from follow-on schedule check
