[2022-06-11 20:40:12,701] {taskinstance.py:1159} INFO - Dependencies all met for <TaskInstance: T-dbt-job-objects.dbt_cleanup-objects manual__2022-06-11T20:39:19.829133+00:00 [queued]>
[2022-06-11 20:40:12,710] {taskinstance.py:1159} INFO - Dependencies all met for <TaskInstance: T-dbt-job-objects.dbt_cleanup-objects manual__2022-06-11T20:39:19.829133+00:00 [queued]>
[2022-06-11 20:40:12,711] {taskinstance.py:1356} INFO - 
--------------------------------------------------------------------------------
[2022-06-11 20:40:12,711] {taskinstance.py:1357} INFO - Starting attempt 1 of 2
[2022-06-11 20:40:12,711] {taskinstance.py:1358} INFO - 
--------------------------------------------------------------------------------
[2022-06-11 20:40:12,725] {taskinstance.py:1377} INFO - Executing <Task(BashOperator): dbt_cleanup-objects> on 2022-06-11 20:39:19.829133+00:00
[2022-06-11 20:40:12,731] {standard_task_runner.py:52} INFO - Started process 1056 to run task
[2022-06-11 20:40:12,734] {standard_task_runner.py:79} INFO - Running: ['airflow', 'tasks', 'run', 'T-dbt-job-objects', 'dbt_cleanup-objects', 'manual__2022-06-11T20:39:19.829133+00:00', '--job-id', '28', '--raw', '--subdir', 'DAGS_FOLDER/docker_job/dbt_model.py', '--cfg-path', '/tmp/tmph600924g', '--error-file', '/tmp/tmpu2mog5wb']
[2022-06-11 20:40:12,734] {standard_task_runner.py:80} INFO - Job 28: Subtask dbt_cleanup-objects
[2022-06-11 20:40:12,787] {task_command.py:370} INFO - Running <TaskInstance: T-dbt-job-objects.dbt_cleanup-objects manual__2022-06-11T20:39:19.829133+00:00 [running]> on host e926c0944008
[2022-06-11 20:40:12,854] {taskinstance.py:1571} INFO - Exporting the following env vars:
AIRFLOW_CTX_DAG_EMAIL=samuelolle@yahoo.com
AIRFLOW_CTX_DAG_OWNER=airflow
AIRFLOW_CTX_DAG_ID=T-dbt-job-objects
AIRFLOW_CTX_TASK_ID=dbt_cleanup-objects
AIRFLOW_CTX_EXECUTION_DATE=2022-06-11T20:39:19.829133+00:00
AIRFLOW_CTX_TRY_NUMBER=1
AIRFLOW_CTX_DAG_RUN_ID=manual__2022-06-11T20:39:19.829133+00:00
[2022-06-11 20:40:12,855] {subprocess.py:62} INFO - Tmp dir root location: 
 /tmp
[2022-06-11 20:40:12,856] {subprocess.py:74} INFO - Running command: ['bash', '-c', 'rm -rf /tmp/objects && rm -rf /tmp/tmp* 2>/dev/null || exit 0']
[2022-06-11 20:40:12,867] {subprocess.py:85} INFO - Output:
[2022-06-11 20:40:12,989] {subprocess.py:96} INFO - Command exited with return code 0
[2022-06-11 20:40:13,015] {taskinstance.py:1400} INFO - Marking task as SUCCESS. dag_id=T-dbt-job-objects, task_id=dbt_cleanup-objects, execution_date=20220611T203919, start_date=20220611T204012, end_date=20220611T204013
[2022-06-11 20:40:13,067] {local_task_job.py:156} INFO - Task exited with return code 0
[2022-06-11 20:40:13,095] {local_task_job.py:273} INFO - 0 downstream tasks scheduled from follow-on schedule check
