[2022-06-11 22:03:56,247] {taskinstance.py:1159} INFO - Dependencies all met for <TaskInstance: T-dbt-job-objects.dbt_cleanup-objects scheduled__2022-06-11T20:03:02.628024+00:00 [queued]>
[2022-06-11 22:03:56,256] {taskinstance.py:1159} INFO - Dependencies all met for <TaskInstance: T-dbt-job-objects.dbt_cleanup-objects scheduled__2022-06-11T20:03:02.628024+00:00 [queued]>
[2022-06-11 22:03:56,256] {taskinstance.py:1356} INFO - 
--------------------------------------------------------------------------------
[2022-06-11 22:03:56,256] {taskinstance.py:1357} INFO - Starting attempt 1 of 2
[2022-06-11 22:03:56,256] {taskinstance.py:1358} INFO - 
--------------------------------------------------------------------------------
[2022-06-11 22:03:56,270] {taskinstance.py:1377} INFO - Executing <Task(BashOperator): dbt_cleanup-objects> on 2022-06-11 20:03:02.628024+00:00
[2022-06-11 22:03:56,276] {standard_task_runner.py:52} INFO - Started process 1413 to run task
[2022-06-11 22:03:56,280] {standard_task_runner.py:79} INFO - Running: ['airflow', 'tasks', 'run', 'T-dbt-job-objects', 'dbt_cleanup-objects', 'scheduled__2022-06-11T20:03:02.628024+00:00', '--job-id', '44', '--raw', '--subdir', 'DAGS_FOLDER/docker_job/dbt_model.py', '--cfg-path', '/tmp/tmp_8tsrq_6', '--error-file', '/tmp/tmpke8u8ovh']
[2022-06-11 22:03:56,280] {standard_task_runner.py:80} INFO - Job 44: Subtask dbt_cleanup-objects
[2022-06-11 22:03:56,293] {warnings.py:110} WARNING - /home/airflow/.local/lib/python3.7/site-packages/airflow/configuration.py:525: DeprecationWarning: The sql_alchemy_conn option in [core] has been moved to the sql_alchemy_conn option in [database] - the old setting has been used, but please update your config.
  option = self._get_environment_variables(deprecated_key, deprecated_section, key, section)

[2022-06-11 22:03:56,339] {task_command.py:370} INFO - Running <TaskInstance: T-dbt-job-objects.dbt_cleanup-objects scheduled__2022-06-11T20:03:02.628024+00:00 [running]> on host e926c0944008
[2022-06-11 22:03:56,426] {taskinstance.py:1571} INFO - Exporting the following env vars:
AIRFLOW_CTX_DAG_EMAIL=samuelolle@yahoo.com
AIRFLOW_CTX_DAG_OWNER=airflow
AIRFLOW_CTX_DAG_ID=T-dbt-job-objects
AIRFLOW_CTX_TASK_ID=dbt_cleanup-objects
AIRFLOW_CTX_EXECUTION_DATE=2022-06-11T20:03:02.628024+00:00
AIRFLOW_CTX_TRY_NUMBER=1
AIRFLOW_CTX_DAG_RUN_ID=scheduled__2022-06-11T20:03:02.628024+00:00
[2022-06-11 22:03:56,427] {subprocess.py:62} INFO - Tmp dir root location: 
 /tmp
[2022-06-11 22:03:56,428] {subprocess.py:74} INFO - Running command: ['bash', '-c', 'rm -rf /tmp/objects && rm -rf /tmp/tmp* 2>/dev/null || exit 0']
[2022-06-11 22:03:56,439] {subprocess.py:85} INFO - Output:
[2022-06-11 22:03:56,571] {subprocess.py:96} INFO - Command exited with return code 0
[2022-06-11 22:03:56,609] {taskinstance.py:1400} INFO - Marking task as SUCCESS. dag_id=T-dbt-job-objects, task_id=dbt_cleanup-objects, execution_date=20220611T200302, start_date=20220611T220356, end_date=20220611T220356
[2022-06-11 22:03:56,653] {local_task_job.py:156} INFO - Task exited with return code 0
[2022-06-11 22:03:56,701] {local_task_job.py:273} INFO - 0 downstream tasks scheduled from follow-on schedule check
