[2022-06-19 18:08:13,504] {taskinstance.py:1159} INFO - Dependencies all met for <TaskInstance: Job-pts.pts-Papple-iphone-xr-128gb-schwarz_h_6266 scheduled__2022-06-19T15:26:41.173029+00:00 [queued]>
[2022-06-19 18:08:13,514] {taskinstance.py:1159} INFO - Dependencies all met for <TaskInstance: Job-pts.pts-Papple-iphone-xr-128gb-schwarz_h_6266 scheduled__2022-06-19T15:26:41.173029+00:00 [queued]>
[2022-06-19 18:08:13,514] {taskinstance.py:1356} INFO - 
--------------------------------------------------------------------------------
[2022-06-19 18:08:13,515] {taskinstance.py:1357} INFO - Starting attempt 1 of 6
[2022-06-19 18:08:13,515] {taskinstance.py:1358} INFO - 
--------------------------------------------------------------------------------
[2022-06-19 18:08:13,536] {taskinstance.py:1377} INFO - Executing <Task(PythonOperator): pts-Papple-iphone-xr-128gb-schwarz_h_6266> on 2022-06-19 15:26:41.173029+00:00
[2022-06-19 18:08:13,542] {standard_task_runner.py:52} INFO - Started process 361 to run task
[2022-06-19 18:08:13,545] {standard_task_runner.py:79} INFO - Running: ['airflow', 'tasks', 'run', 'Job-pts', 'pts-Papple-iphone-xr-128gb-schwarz_h_6266', 'scheduled__2022-06-19T15:26:41.173029+00:00', '--job-id', '607', '--raw', '--subdir', 'DAGS_FOLDER/docker_job/price_scale.py', '--cfg-path', '/tmp/tmpfkza9h0k', '--error-file', '/tmp/tmp_ttq_xk8']
[2022-06-19 18:08:13,546] {standard_task_runner.py:80} INFO - Job 607: Subtask pts-Papple-iphone-xr-128gb-schwarz_h_6266
[2022-06-19 18:08:13,580] {warnings.py:110} WARNING - /home/airflow/.local/lib/python3.7/site-packages/airflow/configuration.py:525: DeprecationWarning: The sql_alchemy_conn option in [core] has been moved to the sql_alchemy_conn option in [database] - the old setting has been used, but please update your config.
  option = self._get_environment_variables(deprecated_key, deprecated_section, key, section)

[2022-06-19 18:08:13,619] {task_command.py:370} INFO - Running <TaskInstance: Job-pts.pts-Papple-iphone-xr-128gb-schwarz_h_6266 scheduled__2022-06-19T15:26:41.173029+00:00 [running]> on host 3c1ac2e19971
[2022-06-19 18:08:13,689] {taskinstance.py:1571} INFO - Exporting the following env vars:
AIRFLOW_CTX_DAG_EMAIL=samuel.momoh-olle@asgoodasnew.com
AIRFLOW_CTX_DAG_OWNER=airflow
AIRFLOW_CTX_DAG_ID=Job-pts
AIRFLOW_CTX_TASK_ID=pts-Papple-iphone-xr-128gb-schwarz_h_6266
AIRFLOW_CTX_EXECUTION_DATE=2022-06-19T15:26:41.173029+00:00
AIRFLOW_CTX_TRY_NUMBER=1
AIRFLOW_CTX_DAG_RUN_ID=scheduled__2022-06-19T15:26:41.173029+00:00
[2022-06-19 18:08:14,321] {logging_mixin.py:115} INFO - ['https://www.handyverkauf.net/apple-iphone-x-64gb-space-grau_h_5143', 'https://www.handyverkauf.net/apple-iphone-x-256gb-space-grau_h_5145', 'https://www.handyverkauf.net/apple-iphone-xs-64gb-space-grau_h_6242', 'https://www.handyverkauf.net/apple-iphone-xs-256gb-space-grau_h_6245', 'https://www.handyverkauf.net/apple-iphone-xs-512gb-space-grau_h_6248', 'https://www.handyverkauf.net/apple-iphone-xs-max-64gb-space-grau_h_6251', 'https://www.handyverkauf.net/apple-iphone-xs-max-256gb-space-grau_h_6254', 'https://www.handyverkauf.net/apple-iphone-xs-max-512gb-space-grau_h_6257', 'https://www.handyverkauf.net/apple-iphone-xr-64gb-schwarz_h_6260', 'https://www.handyverkauf.net/apple-iphone-xr-128gb-schwarz_h_6266']
[2022-06-19 18:08:17,565] {logging_mixin.py:115} INFO - Message: invalid argument: 'url' must be a string
  (Session info: headless chrome=102.0.5005.115)
Stacktrace:
#0 0x5601c7e72f33 <unknown>
#1 0x5601c7bbd118 <unknown>
#2 0x5601c7c24aa1 <unknown>
#3 0x5601c7c10f72 <unknown>
#4 0x5601c7c242e4 <unknown>
#5 0x5601c7c10e63 <unknown>
#6 0x5601c7be682a <unknown>
#7 0x5601c7be7985 <unknown>
#8 0x5601c7eb74cd <unknown>
#9 0x5601c7ebb5ec <unknown>
#10 0x5601c7ea171e <unknown>
#11 0x5601c7ebc238 <unknown>
#12 0x5601c7e96870 <unknown>
#13 0x5601c7ed8608 <unknown>
#14 0x5601c7ed8788 <unknown>
#15 0x5601c7ef2f1d <unknown>
#16 0x7f164dc0dea7 <unknown>
[2022-06-19 18:08:17,620] {logging_mixin.py:115} INFO - []
[2022-06-19 18:08:17,620] {python.py:173} INFO - Done. Returned value was: None
[2022-06-19 18:08:17,640] {taskinstance.py:1400} INFO - Marking task as SUCCESS. dag_id=Job-pts, task_id=pts-Papple-iphone-xr-128gb-schwarz_h_6266, execution_date=20220619T152641, start_date=20220619T180813, end_date=20220619T180817
[2022-06-19 18:08:17,672] {local_task_job.py:156} INFO - Task exited with return code 0
[2022-06-19 18:08:17,709] {local_task_job.py:273} INFO - 1 downstream tasks scheduled from follow-on schedule check
