[2022-06-12 03:03:28,880] {taskinstance.py:1159} INFO - Dependencies all met for <TaskInstance: T-dbt-job-dimensions.dbt_clone_and_transform-dimensions scheduled__2022-06-11T17:32:40.246424+00:00 [queued]>
[2022-06-12 03:03:28,894] {taskinstance.py:1159} INFO - Dependencies all met for <TaskInstance: T-dbt-job-dimensions.dbt_clone_and_transform-dimensions scheduled__2022-06-11T17:32:40.246424+00:00 [queued]>
[2022-06-12 03:03:28,894] {taskinstance.py:1356} INFO - 
--------------------------------------------------------------------------------
[2022-06-12 03:03:28,895] {taskinstance.py:1357} INFO - Starting attempt 6 of 7
[2022-06-12 03:03:28,895] {taskinstance.py:1358} INFO - 
--------------------------------------------------------------------------------
[2022-06-12 03:03:28,908] {taskinstance.py:1377} INFO - Executing <Task(BashOperator): dbt_clone_and_transform-dimensions> on 2022-06-11 17:32:40.246424+00:00
[2022-06-12 03:03:28,915] {standard_task_runner.py:52} INFO - Started process 2994 to run task
[2022-06-12 03:03:28,919] {standard_task_runner.py:79} INFO - Running: ['airflow', 'tasks', 'run', 'T-dbt-job-dimensions', 'dbt_clone_and_transform-dimensions', 'scheduled__2022-06-11T17:32:40.246424+00:00', '--job-id', '84', '--raw', '--subdir', 'DAGS_FOLDER/docker_job/dbt_model.py', '--cfg-path', '/tmp/tmphzgtrk5z', '--error-file', '/tmp/tmpw6kycf1w']
[2022-06-12 03:03:28,919] {standard_task_runner.py:80} INFO - Job 84: Subtask dbt_clone_and_transform-dimensions
[2022-06-12 03:03:28,932] {warnings.py:110} WARNING - /home/airflow/.local/lib/python3.7/site-packages/airflow/configuration.py:525: DeprecationWarning: The sql_alchemy_conn option in [core] has been moved to the sql_alchemy_conn option in [database] - the old setting has been used, but please update your config.
  option = self._get_environment_variables(deprecated_key, deprecated_section, key, section)

[2022-06-12 03:03:28,971] {task_command.py:370} INFO - Running <TaskInstance: T-dbt-job-dimensions.dbt_clone_and_transform-dimensions scheduled__2022-06-11T17:32:40.246424+00:00 [running]> on host e926c0944008
[2022-06-12 03:03:29,039] {taskinstance.py:1571} INFO - Exporting the following env vars:
AIRFLOW_CTX_DAG_EMAIL=samuelolle@yahoo.com
AIRFLOW_CTX_DAG_OWNER=airflow
AIRFLOW_CTX_DAG_ID=T-dbt-job-dimensions
AIRFLOW_CTX_TASK_ID=dbt_clone_and_transform-dimensions
AIRFLOW_CTX_EXECUTION_DATE=2022-06-11T17:32:40.246424+00:00
AIRFLOW_CTX_TRY_NUMBER=6
AIRFLOW_CTX_DAG_RUN_ID=scheduled__2022-06-11T17:32:40.246424+00:00
[2022-06-12 03:03:29,040] {subprocess.py:62} INFO - Tmp dir root location: 
 /tmp
[2022-06-12 03:03:29,040] {subprocess.py:74} INFO - Running command: ['bash', '-c', " rm -rf /tmp/dimensions && mkdir /tmp/dimensions                            && cp -r /tmp/dbt /tmp/dimensions/dbt                             && cd /tmp/dimensions/dbt && python3 -m venv venv                             && export PIP_USER=false                             && *** /tmp/dimensions/dbt/venv/bin/activate                             && pip  install --quiet --upgrade pip setuptools                             && pip3 install --quiet 'MarkupSafe<=2.0.1' 'dbt-postgres' 'dbt-core'                             && dbt --version && deactivate                             && cd /tmp/dimensions/dbt && *** /tmp/dimensions/dbt/venv/bin/activate                             && dbt deps --profiles-dir /tmp/dimensions/dbt/ && dbt seed --profiles-dir /tmp/dimensions/dbt/                             && dbt run --models dimensions --profiles-dir /tmp/dimensions/dbt/"]
[2022-06-12 03:03:29,051] {subprocess.py:85} INFO - Output:
[2022-06-12 03:04:02,234] {subprocess.py:92} INFO - Core:
[2022-06-12 03:04:02,234] {subprocess.py:92} INFO -   - installed: 1.1.0
[2022-06-12 03:04:02,234] {subprocess.py:92} INFO -   - latest:    1.1.0 - [32mUp to date![0m
[2022-06-12 03:04:02,234] {subprocess.py:92} INFO - 
[2022-06-12 03:04:02,234] {subprocess.py:92} INFO - Plugins:
[2022-06-12 03:04:02,234] {subprocess.py:92} INFO -   - postgres: 1.1.0 - [32mUp to date![0m
[2022-06-12 03:04:05,051] {subprocess.py:92} INFO - [0m03:04:05  Running with dbt=1.1.0
[2022-06-12 03:04:05,052] {subprocess.py:92} INFO - [0m03:04:05  Warning: No packages were found in packages.yml
[2022-06-12 03:04:07,825] {subprocess.py:92} INFO - [0m03:04:07  Running with dbt=1.1.0
[2022-06-12 03:04:07,838] {subprocess.py:92} INFO - [0m03:04:07  Partial parse save file not found. Starting full parse.
[2022-06-12 03:04:08,450] {subprocess.py:92} INFO - [0m03:04:08  [WARNING]: Configuration paths exist in your dbt_project.yml file which do not apply to any re***s.
[2022-06-12 03:04:08,451] {subprocess.py:92} INFO - There are 1 unused configuration paths:
[2022-06-12 03:04:08,451] {subprocess.py:92} INFO - - seeds.SAM
[2022-06-12 03:04:08,451] {subprocess.py:92} INFO - 
[2022-06-12 03:04:08,461] {subprocess.py:92} INFO - [0m03:04:08  Found 5 models, 6 tests, 0 snapshots, 0 analyses, 172 macros, 6 operations, 0 seed files, 4 ***s, 0 exposures, 0 metrics
[2022-06-12 03:04:08,463] {subprocess.py:92} INFO - [0m03:04:08
[2022-06-12 03:04:08,463] {subprocess.py:92} INFO - [0m03:04:08  [WARNING]: Nothing to do. Try checking your model configs and model specification args
[2022-06-12 03:04:08,468] {subprocess.py:92} INFO - [0m03:04:08
[2022-06-12 03:04:08,469] {subprocess.py:92} INFO - [0m03:04:08  Completed successfully
[2022-06-12 03:04:08,469] {subprocess.py:92} INFO - [0m03:04:08
[2022-06-12 03:04:08,469] {subprocess.py:92} INFO - [0m03:04:08  Done. PASS=0 WARN=0 ERROR=0 SKIP=0 TOTAL=0
[2022-06-12 03:04:11,409] {subprocess.py:92} INFO - [0m03:04:11  Running with dbt=1.1.0
[2022-06-12 03:04:11,442] {subprocess.py:92} INFO - [0m03:04:11  [WARNING]: Configuration paths exist in your dbt_project.yml file which do not apply to any re***s.
[2022-06-12 03:04:11,442] {subprocess.py:92} INFO - There are 1 unused configuration paths:
[2022-06-12 03:04:11,442] {subprocess.py:92} INFO - - seeds.SAM
[2022-06-12 03:04:11,442] {subprocess.py:92} INFO - 
[2022-06-12 03:04:11,456] {subprocess.py:92} INFO - [0m03:04:11  Found 5 models, 6 tests, 0 snapshots, 0 analyses, 172 macros, 6 operations, 0 seed files, 4 ***s, 0 exposures, 0 metrics
[2022-06-12 03:04:11,458] {subprocess.py:92} INFO - [0m03:04:11
[2022-06-12 03:04:11,519] {subprocess.py:92} INFO - [0m03:04:11  Concurrency: 4 threads (target='dev')
[2022-06-12 03:04:11,520] {subprocess.py:92} INFO - [0m03:04:11
[2022-06-12 03:04:11,529] {subprocess.py:92} INFO - [0m03:04:11  1 of 2 START table model analytics_dim.dim_date ................................ [RUN]
[2022-06-12 03:04:11,534] {subprocess.py:92} INFO - [0m03:04:11  2 of 2 START incremental model analytics_dim.dim_walls ......................... [RUN]
[2022-06-12 03:04:11,687] {subprocess.py:92} INFO - [0m03:04:11  1 of 2 OK created table model analytics_dim.dim_date ........................... [SELECT 546 in 0.15s]
[2022-06-12 03:04:11,693] {subprocess.py:92} INFO - [0m03:04:11  2 of 2 OK created incremental model analytics_dim.dim_walls .................... [INSERT 0 8 in 0.16s]
[2022-06-12 03:04:11,737] {subprocess.py:92} INFO - [0m03:04:11
[2022-06-12 03:04:11,738] {subprocess.py:92} INFO - [0m03:04:11  Running 6 on-run-end hooks
[2022-06-12 03:04:11,744] {subprocess.py:92} INFO - [0m03:04:11  1 of 6 START hook: SAM.on-run-end.0 ............................................ [RUN]
[2022-06-12 03:04:11,747] {subprocess.py:92} INFO - [0m03:04:11  1 of 6 OK hook: SAM.on-run-end.0 ............................................... [ALTER DEFAULT PRIVILEGES in 0.00s]
[2022-06-12 03:04:11,753] {subprocess.py:92} INFO - [0m03:04:11  2 of 6 START hook: SAM.on-run-end.1 ............................................ [RUN]
[2022-06-12 03:04:11,755] {subprocess.py:92} INFO - [0m03:04:11  2 of 6 OK hook: SAM.on-run-end.1 ............................................... [ALTER DEFAULT PRIVILEGES in 0.00s]
[2022-06-12 03:04:11,758] {subprocess.py:92} INFO - [0m03:04:11  3 of 6 START hook: SAM.on-run-end.2 ............................................ [RUN]
[2022-06-12 03:04:11,761] {subprocess.py:92} INFO - [0m03:04:11  3 of 6 OK hook: SAM.on-run-end.2 ............................................... [ALTER DEFAULT PRIVILEGES in 0.00s]
[2022-06-12 03:04:11,764] {subprocess.py:92} INFO - [0m03:04:11  4 of 6 START hook: SAM.on-run-end.3 ............................................ [RUN]
[2022-06-12 03:04:11,767] {subprocess.py:92} INFO - [0m03:04:11  4 of 6 OK hook: SAM.on-run-end.3 ............................................... [ALTER DEFAULT PRIVILEGES in 0.00s]
[2022-06-12 03:04:11,770] {subprocess.py:92} INFO - [0m03:04:11  5 of 6 START hook: SAM.on-run-end.4 ............................................ [RUN]
[2022-06-12 03:04:11,772] {subprocess.py:92} INFO - [0m03:04:11  5 of 6 OK hook: SAM.on-run-end.4 ............................................... [ALTER DEFAULT PRIVILEGES in 0.00s]
[2022-06-12 03:04:11,776] {subprocess.py:92} INFO - [0m03:04:11  6 of 6 START hook: SAM.on-run-end.5 ............................................ [RUN]
[2022-06-12 03:04:11,778] {subprocess.py:92} INFO - [0m03:04:11  6 of 6 OK hook: SAM.on-run-end.5 ............................................... [ALTER DEFAULT PRIVILEGES in 0.00s]
[2022-06-12 03:04:11,778] {subprocess.py:92} INFO - [0m03:04:11
[2022-06-12 03:04:11,780] {subprocess.py:92} INFO - [0m03:04:11
[2022-06-12 03:04:11,780] {subprocess.py:92} INFO - [0m03:04:11  Finished running 1 table model, 1 incremental model, 6 hooks in 0.32s.
[2022-06-12 03:04:11,786] {subprocess.py:92} INFO - [0m03:04:11
[2022-06-12 03:04:11,786] {subprocess.py:92} INFO - [0m03:04:11  Completed successfully
[2022-06-12 03:04:11,787] {subprocess.py:92} INFO - [0m03:04:11
[2022-06-12 03:04:11,787] {subprocess.py:92} INFO - [0m03:04:11  Done. PASS=2 WARN=0 ERROR=0 SKIP=0 TOTAL=2
[2022-06-12 03:04:11,941] {subprocess.py:96} INFO - Command exited with return code 0
[2022-06-12 03:04:11,971] {taskinstance.py:1400} INFO - Marking task as SUCCESS. dag_id=T-dbt-job-dimensions, task_id=dbt_clone_and_transform-dimensions, execution_date=20220611T173240, start_date=20220612T030328, end_date=20220612T030411
[2022-06-12 03:04:12,019] {local_task_job.py:156} INFO - Task exited with return code 0
[2022-06-12 03:04:12,049] {local_task_job.py:273} INFO - 1 downstream tasks scheduled from follow-on schedule check
