[2022-06-11 19:03:06,434] {taskinstance.py:1159} INFO - Dependencies all met for <TaskInstance: T-dbt-job-objects.dbt_cleanup-objects manual__2022-06-11T19:02:15.636486+00:00 [queued]>
[2022-06-11 19:03:06,448] {taskinstance.py:1159} INFO - Dependencies all met for <TaskInstance: T-dbt-job-objects.dbt_cleanup-objects manual__2022-06-11T19:02:15.636486+00:00 [queued]>
[2022-06-11 19:03:06,449] {taskinstance.py:1356} INFO - 
--------------------------------------------------------------------------------
[2022-06-11 19:03:06,449] {taskinstance.py:1357} INFO - Starting attempt 1 of 2
[2022-06-11 19:03:06,449] {taskinstance.py:1358} INFO - 
--------------------------------------------------------------------------------
[2022-06-11 19:03:06,462] {taskinstance.py:1377} INFO - Executing <Task(BashOperator): dbt_cleanup-objects> on 2022-06-11 19:02:15.636486+00:00
[2022-06-11 19:03:06,470] {standard_task_runner.py:52} INFO - Started process 2041 to run task
[2022-06-11 19:03:06,474] {standard_task_runner.py:79} INFO - Running: ['airflow', 'tasks', 'run', 'T-dbt-job-objects', 'dbt_cleanup-objects', 'manual__2022-06-11T19:02:15.636486+00:00', '--job-id', '116', '--raw', '--subdir', 'DAGS_FOLDER/docker_job/dbt_model.py', '--cfg-path', '/tmp/tmp9oggwzoh', '--error-file', '/tmp/tmp82poq0oz']
[2022-06-11 19:03:06,475] {standard_task_runner.py:80} INFO - Job 116: Subtask dbt_cleanup-objects
[2022-06-11 19:03:06,539] {task_command.py:370} INFO - Running <TaskInstance: T-dbt-job-objects.dbt_cleanup-objects manual__2022-06-11T19:02:15.636486+00:00 [running]> on host d8836eb746ac
[2022-06-11 19:03:06,619] {taskinstance.py:1571} INFO - Exporting the following env vars:
AIRFLOW_CTX_DAG_EMAIL=samuelolle@yahoo.com
AIRFLOW_CTX_DAG_OWNER=airflow
AIRFLOW_CTX_DAG_ID=T-dbt-job-objects
AIRFLOW_CTX_TASK_ID=dbt_cleanup-objects
AIRFLOW_CTX_EXECUTION_DATE=2022-06-11T19:02:15.636486+00:00
AIRFLOW_CTX_TRY_NUMBER=1
AIRFLOW_CTX_DAG_RUN_ID=manual__2022-06-11T19:02:15.636486+00:00
[2022-06-11 19:03:06,621] {subprocess.py:62} INFO - Tmp dir root location: 
 /tmp
[2022-06-11 19:03:06,621] {subprocess.py:74} INFO - Running command: ['bash', '-c', 'rm -rf /tmp/objects && rm -rf /tmp/tmp* 2>/dev/null || exit 0']
[2022-06-11 19:03:06,639] {subprocess.py:85} INFO - Output:
[2022-06-11 19:03:06,782] {subprocess.py:96} INFO - Command exited with return code 0
[2022-06-11 19:03:06,818] {taskinstance.py:1400} INFO - Marking task as SUCCESS. dag_id=T-dbt-job-objects, task_id=dbt_cleanup-objects, execution_date=20220611T190215, start_date=20220611T190306, end_date=20220611T190306
[2022-06-11 19:03:06,848] {local_task_job.py:156} INFO - Task exited with return code 0
[2022-06-11 19:03:06,879] {local_task_job.py:273} INFO - 0 downstream tasks scheduled from follow-on schedule check
