[2022-06-12 02:53:51,272] {taskinstance.py:1159} INFO - Dependencies all met for <TaskInstance: T-dbt-job-dimensions.dbt_clone_and_transform-dimensions manual__2022-06-12T02:53:50.620404+00:00 [queued]>
[2022-06-12 02:53:51,281] {taskinstance.py:1159} INFO - Dependencies all met for <TaskInstance: T-dbt-job-dimensions.dbt_clone_and_transform-dimensions manual__2022-06-12T02:53:50.620404+00:00 [queued]>
[2022-06-12 02:53:51,281] {taskinstance.py:1356} INFO - 
--------------------------------------------------------------------------------
[2022-06-12 02:53:51,281] {taskinstance.py:1357} INFO - Starting attempt 1 of 2
[2022-06-12 02:53:51,281] {taskinstance.py:1358} INFO - 
--------------------------------------------------------------------------------
[2022-06-12 02:53:51,294] {taskinstance.py:1377} INFO - Executing <Task(BashOperator): dbt_clone_and_transform-dimensions> on 2022-06-12 02:53:50.620404+00:00
[2022-06-12 02:53:51,299] {standard_task_runner.py:52} INFO - Started process 2662 to run task
[2022-06-12 02:53:51,302] {standard_task_runner.py:79} INFO - Running: ['airflow', 'tasks', 'run', 'T-dbt-job-dimensions', 'dbt_clone_and_transform-dimensions', 'manual__2022-06-12T02:53:50.620404+00:00', '--job-id', '76', '--raw', '--subdir', 'DAGS_FOLDER/docker_job/dbt_model.py', '--cfg-path', '/tmp/tmpg2akrv4u', '--error-file', '/tmp/tmpcqn9662b']
[2022-06-12 02:53:51,302] {standard_task_runner.py:80} INFO - Job 76: Subtask dbt_clone_and_transform-dimensions
[2022-06-12 02:53:51,355] {task_command.py:370} INFO - Running <TaskInstance: T-dbt-job-dimensions.dbt_clone_and_transform-dimensions manual__2022-06-12T02:53:50.620404+00:00 [running]> on host e926c0944008
[2022-06-12 02:53:51,418] {taskinstance.py:1571} INFO - Exporting the following env vars:
AIRFLOW_CTX_DAG_EMAIL=samuelolle@yahoo.com
AIRFLOW_CTX_DAG_OWNER=airflow
AIRFLOW_CTX_DAG_ID=T-dbt-job-dimensions
AIRFLOW_CTX_TASK_ID=dbt_clone_and_transform-dimensions
AIRFLOW_CTX_EXECUTION_DATE=2022-06-12T02:53:50.620404+00:00
AIRFLOW_CTX_TRY_NUMBER=1
AIRFLOW_CTX_DAG_RUN_ID=manual__2022-06-12T02:53:50.620404+00:00
[2022-06-12 02:53:51,418] {subprocess.py:62} INFO - Tmp dir root location: 
 /tmp
[2022-06-12 02:53:51,419] {subprocess.py:74} INFO - Running command: ['bash', '-c', " rm -rf /tmp/dimensions && mkdir /tmp/dimensions                            && cp -r /tmp/dbt /tmp/dimensions/dbt                             && cd /tmp/dimensions/dbt && python3 -m venv venv                             && export PIP_USER=false                             && *** /tmp/dimensions/dbt/venv/bin/activate                             && pip  install --quiet --upgrade pip setuptools                             && pip3 install --quiet 'MarkupSafe<=2.0.1' 'dbt-postgres' 'dbt-core'                             && dbt --version && deactivate                             && cd /tmp/dimensions/dbt && *** /tmp/dimensions/dbt/venv/bin/activate                             && dbt deps --profiles-dir /tmp/dimensions/dbt/ && dbt seed --profiles-dir /tmp/dimensions/dbt/                             && dbt run --models dimensions --profiles-dir /tmp/dimensions/dbt/"]
[2022-06-12 02:53:51,428] {subprocess.py:85} INFO - Output:
[2022-06-12 02:54:23,928] {subprocess.py:92} INFO - Core:
[2022-06-12 02:54:23,928] {subprocess.py:92} INFO -   - installed: 1.1.0
[2022-06-12 02:54:23,928] {subprocess.py:92} INFO -   - latest:    1.1.0 - [32mUp to date![0m
[2022-06-12 02:54:23,928] {subprocess.py:92} INFO - 
[2022-06-12 02:54:23,928] {subprocess.py:92} INFO - Plugins:
[2022-06-12 02:54:23,928] {subprocess.py:92} INFO -   - postgres: 1.1.0 - [32mUp to date![0m
[2022-06-12 02:54:26,490] {subprocess.py:92} INFO - [0m02:54:26  Running with dbt=1.1.0
[2022-06-12 02:54:26,491] {subprocess.py:92} INFO - [0m02:54:26  Warning: No packages were found in packages.yml
[2022-06-12 02:54:29,174] {subprocess.py:92} INFO - [0m02:54:29  Running with dbt=1.1.0
[2022-06-12 02:54:29,187] {subprocess.py:92} INFO - [0m02:54:29  Partial parse save file not found. Starting full parse.
[2022-06-12 02:54:29,797] {subprocess.py:92} INFO - [0m02:54:29  [WARNING]: Configuration paths exist in your dbt_project.yml file which do not apply to any re***s.
[2022-06-12 02:54:29,797] {subprocess.py:92} INFO - There are 1 unused configuration paths:
[2022-06-12 02:54:29,797] {subprocess.py:92} INFO - - seeds.SAM
[2022-06-12 02:54:29,797] {subprocess.py:92} INFO - 
[2022-06-12 02:54:29,809] {subprocess.py:92} INFO - [0m02:54:29  Found 5 models, 6 tests, 0 snapshots, 0 analyses, 172 macros, 6 operations, 0 seed files, 4 ***s, 0 exposures, 0 metrics
[2022-06-12 02:54:29,810] {subprocess.py:92} INFO - [0m02:54:29
[2022-06-12 02:54:29,811] {subprocess.py:92} INFO - [0m02:54:29  [WARNING]: Nothing to do. Try checking your model configs and model specification args
[2022-06-12 02:54:29,819] {subprocess.py:92} INFO - [0m02:54:29
[2022-06-12 02:54:29,819] {subprocess.py:92} INFO - [0m02:54:29  Completed successfully
[2022-06-12 02:54:29,819] {subprocess.py:92} INFO - [0m02:54:29
[2022-06-12 02:54:29,820] {subprocess.py:92} INFO - [0m02:54:29  Done. PASS=0 WARN=0 ERROR=0 SKIP=0 TOTAL=0
[2022-06-12 02:54:32,466] {subprocess.py:92} INFO - [0m02:54:32  Running with dbt=1.1.0
[2022-06-12 02:54:32,496] {subprocess.py:92} INFO - [0m02:54:32  [WARNING]: Configuration paths exist in your dbt_project.yml file which do not apply to any re***s.
[2022-06-12 02:54:32,496] {subprocess.py:92} INFO - There are 1 unused configuration paths:
[2022-06-12 02:54:32,496] {subprocess.py:92} INFO - - seeds.SAM
[2022-06-12 02:54:32,496] {subprocess.py:92} INFO - 
[2022-06-12 02:54:32,508] {subprocess.py:92} INFO - [0m02:54:32  Found 5 models, 6 tests, 0 snapshots, 0 analyses, 172 macros, 6 operations, 0 seed files, 4 ***s, 0 exposures, 0 metrics
[2022-06-12 02:54:32,510] {subprocess.py:92} INFO - [0m02:54:32
[2022-06-12 02:54:32,567] {subprocess.py:92} INFO - [0m02:54:32  Concurrency: 4 threads (target='dev')
[2022-06-12 02:54:32,567] {subprocess.py:92} INFO - [0m02:54:32
[2022-06-12 02:54:32,574] {subprocess.py:92} INFO - [0m02:54:32  1 of 2 START table model analytics_dim.dim_date ................................ [RUN]
[2022-06-12 02:54:32,575] {subprocess.py:92} INFO - [0m02:54:32  2 of 2 START incremental model analytics_dim.dim_walls ......................... [RUN]
[2022-06-12 02:54:32,730] {subprocess.py:92} INFO - [0m02:54:32  1 of 2 OK created table model analytics_dim.dim_date ........................... [SELECT 546 in 0.15s]
[2022-06-12 02:54:32,731] {subprocess.py:92} INFO - [0m02:54:32  2 of 2 OK created incremental model analytics_dim.dim_walls .................... [INSERT 0 0 in 0.15s]
[2022-06-12 02:54:32,791] {subprocess.py:92} INFO - [0m02:54:32
[2022-06-12 02:54:32,792] {subprocess.py:92} INFO - [0m02:54:32  Running 6 on-run-end hooks
[2022-06-12 02:54:32,802] {subprocess.py:92} INFO - [0m02:54:32  1 of 6 START hook: SAM.on-run-end.0 ............................................ [RUN]
[2022-06-12 02:54:32,806] {subprocess.py:92} INFO - [0m02:54:32  1 of 6 OK hook: SAM.on-run-end.0 ............................................... [ALTER DEFAULT PRIVILEGES in 0.00s]
[2022-06-12 02:54:32,811] {subprocess.py:92} INFO - [0m02:54:32  2 of 6 START hook: SAM.on-run-end.1 ............................................ [RUN]
[2022-06-12 02:54:32,814] {subprocess.py:92} INFO - [0m02:54:32  2 of 6 OK hook: SAM.on-run-end.1 ............................................... [ALTER DEFAULT PRIVILEGES in 0.00s]
[2022-06-12 02:54:32,817] {subprocess.py:92} INFO - [0m02:54:32  3 of 6 START hook: SAM.on-run-end.2 ............................................ [RUN]
[2022-06-12 02:54:32,820] {subprocess.py:92} INFO - [0m02:54:32  3 of 6 OK hook: SAM.on-run-end.2 ............................................... [ALTER DEFAULT PRIVILEGES in 0.00s]
[2022-06-12 02:54:32,824] {subprocess.py:92} INFO - [0m02:54:32  4 of 6 START hook: SAM.on-run-end.3 ............................................ [RUN]
[2022-06-12 02:54:32,827] {subprocess.py:92} INFO - [0m02:54:32  4 of 6 OK hook: SAM.on-run-end.3 ............................................... [ALTER DEFAULT PRIVILEGES in 0.00s]
[2022-06-12 02:54:32,830] {subprocess.py:92} INFO - [0m02:54:32  5 of 6 START hook: SAM.on-run-end.4 ............................................ [RUN]
[2022-06-12 02:54:32,832] {subprocess.py:92} INFO - [0m02:54:32  5 of 6 OK hook: SAM.on-run-end.4 ............................................... [ALTER DEFAULT PRIVILEGES in 0.00s]
[2022-06-12 02:54:32,835] {subprocess.py:92} INFO - [0m02:54:32  6 of 6 START hook: SAM.on-run-end.5 ............................................ [RUN]
[2022-06-12 02:54:32,837] {subprocess.py:92} INFO - [0m02:54:32  6 of 6 OK hook: SAM.on-run-end.5 ............................................... [ALTER DEFAULT PRIVILEGES in 0.00s]
[2022-06-12 02:54:32,838] {subprocess.py:92} INFO - [0m02:54:32
[2022-06-12 02:54:32,840] {subprocess.py:92} INFO - [0m02:54:32
[2022-06-12 02:54:32,840] {subprocess.py:92} INFO - [0m02:54:32  Finished running 1 table model, 1 incremental model, 6 hooks in 0.33s.
[2022-06-12 02:54:32,845] {subprocess.py:92} INFO - [0m02:54:32
[2022-06-12 02:54:32,845] {subprocess.py:92} INFO - [0m02:54:32  Completed successfully
[2022-06-12 02:54:32,845] {subprocess.py:92} INFO - [0m02:54:32
[2022-06-12 02:54:32,846] {subprocess.py:92} INFO - [0m02:54:32  Done. PASS=2 WARN=0 ERROR=0 SKIP=0 TOTAL=2
[2022-06-12 02:54:32,993] {subprocess.py:96} INFO - Command exited with return code 0
[2022-06-12 02:54:33,022] {taskinstance.py:1400} INFO - Marking task as SUCCESS. dag_id=T-dbt-job-dimensions, task_id=dbt_clone_and_transform-dimensions, execution_date=20220612T025350, start_date=20220612T025351, end_date=20220612T025433
[2022-06-12 02:54:33,053] {local_task_job.py:156} INFO - Task exited with return code 0
[2022-06-12 02:54:33,094] {local_task_job.py:273} INFO - 1 downstream tasks scheduled from follow-on schedule check
