[2022-06-12 17:20:09,467] {taskinstance.py:1159} INFO - Dependencies all met for <TaskInstance: T-dbt-job-objects.dbt_clone_and_transform-objects manual__2022-06-12T17:20:08.696721+00:00 [queued]>
[2022-06-12 17:20:09,485] {taskinstance.py:1159} INFO - Dependencies all met for <TaskInstance: T-dbt-job-objects.dbt_clone_and_transform-objects manual__2022-06-12T17:20:08.696721+00:00 [queued]>
[2022-06-12 17:20:09,486] {taskinstance.py:1356} INFO - 
--------------------------------------------------------------------------------
[2022-06-12 17:20:09,486] {taskinstance.py:1357} INFO - Starting attempt 1 of 2
[2022-06-12 17:20:09,486] {taskinstance.py:1358} INFO - 
--------------------------------------------------------------------------------
[2022-06-12 17:20:09,503] {taskinstance.py:1377} INFO - Executing <Task(BashOperator): dbt_clone_and_transform-objects> on 2022-06-12 17:20:08.696721+00:00
[2022-06-12 17:20:09,510] {standard_task_runner.py:52} INFO - Started process 4708 to run task
[2022-06-12 17:20:09,514] {standard_task_runner.py:79} INFO - Running: ['airflow', 'tasks', 'run', 'T-dbt-job-objects', 'dbt_clone_and_transform-objects', 'manual__2022-06-12T17:20:08.696721+00:00', '--job-id', '177', '--raw', '--subdir', 'DAGS_FOLDER/docker_job/dbt_model.py', '--cfg-path', '/tmp/tmp8s_n056m', '--error-file', '/tmp/tmppm29wc1o']
[2022-06-12 17:20:09,514] {standard_task_runner.py:80} INFO - Job 177: Subtask dbt_clone_and_transform-objects
[2022-06-12 17:20:09,598] {task_command.py:370} INFO - Running <TaskInstance: T-dbt-job-objects.dbt_clone_and_transform-objects manual__2022-06-12T17:20:08.696721+00:00 [running]> on host e926c0944008
[2022-06-12 17:20:09,758] {taskinstance.py:1571} INFO - Exporting the following env vars:
AIRFLOW_CTX_DAG_EMAIL=samuelolle@yahoo.com
AIRFLOW_CTX_DAG_OWNER=airflow
AIRFLOW_CTX_DAG_ID=T-dbt-job-objects
AIRFLOW_CTX_TASK_ID=dbt_clone_and_transform-objects
AIRFLOW_CTX_EXECUTION_DATE=2022-06-12T17:20:08.696721+00:00
AIRFLOW_CTX_TRY_NUMBER=1
AIRFLOW_CTX_DAG_RUN_ID=manual__2022-06-12T17:20:08.696721+00:00
[2022-06-12 17:20:09,759] {subprocess.py:62} INFO - Tmp dir root location: 
 /tmp
[2022-06-12 17:20:09,759] {subprocess.py:74} INFO - Running command: ['bash', '-c', " rm -rf /tmp/objects && mkdir /tmp/objects                            && cp -r /tmp/dbt /tmp/objects/dbt                             && cd /tmp/objects/dbt && python3 -m venv venv                             && export PIP_USER=false                             && *** /tmp/objects/dbt/venv/bin/activate                             && pip  install --quiet --upgrade pip setuptools                             && pip3 install --quiet 'MarkupSafe<=2.0.1' 'dbt-postgres' 'dbt-core'                             && dbt --version && deactivate                             && cd /tmp/objects/dbt && *** /tmp/objects/dbt/venv/bin/activate                             && dbt deps --profiles-dir /tmp/objects/dbt/ && dbt seed --profiles-dir /tmp/objects/dbt/                             && dbt run --models objects --profiles-dir /tmp/objects/dbt/"]
[2022-06-12 17:20:09,776] {subprocess.py:85} INFO - Output:
[2022-06-12 17:20:42,348] {subprocess.py:92} INFO - Core:
[2022-06-12 17:20:42,349] {subprocess.py:92} INFO -   - installed: 1.1.0
[2022-06-12 17:20:42,349] {subprocess.py:92} INFO -   - latest:    1.1.0 - [32mUp to date![0m
[2022-06-12 17:20:42,349] {subprocess.py:92} INFO - 
[2022-06-12 17:20:42,349] {subprocess.py:92} INFO - Plugins:
[2022-06-12 17:20:42,349] {subprocess.py:92} INFO -   - postgres: 1.1.0 - [32mUp to date![0m
[2022-06-12 17:20:44,992] {subprocess.py:92} INFO - [0m17:20:44  Running with dbt=1.1.0
[2022-06-12 17:20:44,994] {subprocess.py:92} INFO - [0m17:20:44  Warning: No packages were found in packages.yml
[2022-06-12 17:20:47,677] {subprocess.py:92} INFO - [0m17:20:47  Running with dbt=1.1.0
[2022-06-12 17:20:47,690] {subprocess.py:92} INFO - [0m17:20:47  Partial parse save file not found. Starting full parse.
[2022-06-12 17:20:48,279] {subprocess.py:92} INFO - [0m17:20:48  [WARNING]: Configuration paths exist in your dbt_project.yml file which do not apply to any re***s.
[2022-06-12 17:20:48,280] {subprocess.py:92} INFO - There are 1 unused configuration paths:
[2022-06-12 17:20:48,280] {subprocess.py:92} INFO - - seeds.SAM
[2022-06-12 17:20:48,280] {subprocess.py:92} INFO - 
[2022-06-12 17:20:48,291] {subprocess.py:92} INFO - [0m17:20:48  Found 5 models, 6 tests, 0 snapshots, 0 analyses, 172 macros, 6 operations, 0 seed files, 4 ***s, 0 exposures, 0 metrics
[2022-06-12 17:20:48,292] {subprocess.py:92} INFO - [0m17:20:48
[2022-06-12 17:20:48,293] {subprocess.py:92} INFO - [0m17:20:48  [WARNING]: Nothing to do. Try checking your model configs and model specification args
[2022-06-12 17:20:48,298] {subprocess.py:92} INFO - [0m17:20:48
[2022-06-12 17:20:48,298] {subprocess.py:92} INFO - [0m17:20:48  Completed successfully
[2022-06-12 17:20:48,298] {subprocess.py:92} INFO - [0m17:20:48
[2022-06-12 17:20:48,299] {subprocess.py:92} INFO - [0m17:20:48  Done. PASS=0 WARN=0 ERROR=0 SKIP=0 TOTAL=0
[2022-06-12 17:20:51,019] {subprocess.py:92} INFO - [0m17:20:51  Running with dbt=1.1.0
[2022-06-12 17:20:51,051] {subprocess.py:92} INFO - [0m17:20:51  [WARNING]: Configuration paths exist in your dbt_project.yml file which do not apply to any re***s.
[2022-06-12 17:20:51,051] {subprocess.py:92} INFO - There are 1 unused configuration paths:
[2022-06-12 17:20:51,051] {subprocess.py:92} INFO - - seeds.SAM
[2022-06-12 17:20:51,051] {subprocess.py:92} INFO - 
[2022-06-12 17:20:51,065] {subprocess.py:92} INFO - [0m17:20:51  Found 5 models, 6 tests, 0 snapshots, 0 analyses, 172 macros, 6 operations, 0 seed files, 4 ***s, 0 exposures, 0 metrics
[2022-06-12 17:20:51,067] {subprocess.py:92} INFO - [0m17:20:51
[2022-06-12 17:20:51,122] {subprocess.py:92} INFO - [0m17:20:51  Concurrency: 4 threads (target='dev')
[2022-06-12 17:20:51,122] {subprocess.py:92} INFO - [0m17:20:51
[2022-06-12 17:20:51,131] {subprocess.py:92} INFO - [0m17:20:51  1 of 1 START table model analytics_objects.obj_walls ........................... [RUN]
[2022-06-12 17:20:51,200] {subprocess.py:92} INFO - [0m17:20:51  1 of 1 OK created table model analytics_objects.obj_walls ...................... [SELECT 4 in 0.07s]
[2022-06-12 17:20:51,241] {subprocess.py:92} INFO - [0m17:20:51
[2022-06-12 17:20:51,241] {subprocess.py:92} INFO - [0m17:20:51  Running 6 on-run-end hooks
[2022-06-12 17:20:51,250] {subprocess.py:92} INFO - [0m17:20:51  1 of 6 START hook: SAM.on-run-end.0 ............................................ [RUN]
[2022-06-12 17:20:51,254] {subprocess.py:92} INFO - [0m17:20:51  1 of 6 OK hook: SAM.on-run-end.0 ............................................... [ALTER DEFAULT PRIVILEGES in 0.00s]
[2022-06-12 17:20:51,259] {subprocess.py:92} INFO - [0m17:20:51  2 of 6 START hook: SAM.on-run-end.1 ............................................ [RUN]
[2022-06-12 17:20:51,262] {subprocess.py:92} INFO - [0m17:20:51  2 of 6 OK hook: SAM.on-run-end.1 ............................................... [ALTER DEFAULT PRIVILEGES in 0.00s]
[2022-06-12 17:20:51,266] {subprocess.py:92} INFO - [0m17:20:51  3 of 6 START hook: SAM.on-run-end.2 ............................................ [RUN]
[2022-06-12 17:20:51,273] {subprocess.py:92} INFO - [0m17:20:51  3 of 6 OK hook: SAM.on-run-end.2 ............................................... [ALTER DEFAULT PRIVILEGES in 0.00s]
[2022-06-12 17:20:51,273] {subprocess.py:92} INFO - [0m17:20:51  4 of 6 START hook: SAM.on-run-end.3 ............................................ [RUN]
[2022-06-12 17:20:51,275] {subprocess.py:92} INFO - [0m17:20:51  4 of 6 OK hook: SAM.on-run-end.3 ............................................... [ALTER DEFAULT PRIVILEGES in 0.00s]
[2022-06-12 17:20:51,278] {subprocess.py:92} INFO - [0m17:20:51  5 of 6 START hook: SAM.on-run-end.4 ............................................ [RUN]
[2022-06-12 17:20:51,281] {subprocess.py:92} INFO - [0m17:20:51  5 of 6 OK hook: SAM.on-run-end.4 ............................................... [ALTER DEFAULT PRIVILEGES in 0.00s]
[2022-06-12 17:20:51,285] {subprocess.py:92} INFO - [0m17:20:51  6 of 6 START hook: SAM.on-run-end.5 ............................................ [RUN]
[2022-06-12 17:20:51,287] {subprocess.py:92} INFO - [0m17:20:51  6 of 6 OK hook: SAM.on-run-end.5 ............................................... [ALTER DEFAULT PRIVILEGES in 0.00s]
[2022-06-12 17:20:51,288] {subprocess.py:92} INFO - [0m17:20:51
[2022-06-12 17:20:51,289] {subprocess.py:92} INFO - [0m17:20:51
[2022-06-12 17:20:51,289] {subprocess.py:92} INFO - [0m17:20:51  Finished running 1 table model, 6 hooks in 0.22s.
[2022-06-12 17:20:51,296] {subprocess.py:92} INFO - [0m17:20:51
[2022-06-12 17:20:51,296] {subprocess.py:92} INFO - [0m17:20:51  Completed successfully
[2022-06-12 17:20:51,296] {subprocess.py:92} INFO - [0m17:20:51
[2022-06-12 17:20:51,297] {subprocess.py:92} INFO - [0m17:20:51  Done. PASS=1 WARN=0 ERROR=0 SKIP=0 TOTAL=1
[2022-06-12 17:20:51,447] {subprocess.py:96} INFO - Command exited with return code 0
[2022-06-12 17:20:51,485] {taskinstance.py:1400} INFO - Marking task as SUCCESS. dag_id=T-dbt-job-objects, task_id=dbt_clone_and_transform-objects, execution_date=20220612T172008, start_date=20220612T172009, end_date=20220612T172051
[2022-06-12 17:20:51,531] {local_task_job.py:156} INFO - Task exited with return code 0
[2022-06-12 17:20:51,556] {local_task_job.py:273} INFO - 1 downstream tasks scheduled from follow-on schedule check
