[2022-06-11 17:08:44,063] {taskinstance.py:1159} INFO - Dependencies all met for <TaskInstance: T-dbt-job-objects.csv_to_database scheduled__2022-06-11T14:52:39.331964+00:00 [queued]>
[2022-06-11 17:08:44,072] {taskinstance.py:1159} INFO - Dependencies all met for <TaskInstance: T-dbt-job-objects.csv_to_database scheduled__2022-06-11T14:52:39.331964+00:00 [queued]>
[2022-06-11 17:08:44,072] {taskinstance.py:1356} INFO - 
--------------------------------------------------------------------------------
[2022-06-11 17:08:44,072] {taskinstance.py:1357} INFO - Starting attempt 2 of 3
[2022-06-11 17:08:44,072] {taskinstance.py:1358} INFO - 
--------------------------------------------------------------------------------
[2022-06-11 17:08:44,083] {taskinstance.py:1377} INFO - Executing <Task(PythonOperator): csv_to_database> on 2022-06-11 14:52:39.331964+00:00
[2022-06-11 17:08:44,090] {standard_task_runner.py:52} INFO - Started process 629 to run task
[2022-06-11 17:08:44,094] {standard_task_runner.py:79} INFO - Running: ['airflow', 'tasks', 'run', 'T-dbt-job-objects', 'csv_to_database', 'scheduled__2022-06-11T14:52:39.331964+00:00', '--job-id', '45', '--raw', '--subdir', 'DAGS_FOLDER/docker_job/dbt_test.py', '--cfg-path', '/tmp/tmpa8hl19na', '--error-file', '/tmp/tmp8vwvet7v']
[2022-06-11 17:08:44,094] {standard_task_runner.py:80} INFO - Job 45: Subtask csv_to_database
[2022-06-11 17:08:44,107] {warnings.py:110} WARNING - /home/airflow/.local/lib/python3.7/site-packages/airflow/configuration.py:525: DeprecationWarning: The sql_alchemy_conn option in [core] has been moved to the sql_alchemy_conn option in [database] - the old setting has been used, but please update your config.
  option = self._get_environment_variables(deprecated_key, deprecated_section, key, section)

[2022-06-11 17:08:44,143] {task_command.py:370} INFO - Running <TaskInstance: T-dbt-job-objects.csv_to_database scheduled__2022-06-11T14:52:39.331964+00:00 [running]> on host d8836eb746ac
[2022-06-11 17:08:44,211] {taskinstance.py:1571} INFO - Exporting the following env vars:
AIRFLOW_CTX_DAG_EMAIL=samuelolle@yahoo.com
AIRFLOW_CTX_DAG_OWNER=airflow
AIRFLOW_CTX_DAG_ID=T-dbt-job-objects
AIRFLOW_CTX_TASK_ID=csv_to_database
AIRFLOW_CTX_EXECUTION_DATE=2022-06-11T14:52:39.331964+00:00
AIRFLOW_CTX_TRY_NUMBER=2
AIRFLOW_CTX_DAG_RUN_ID=scheduled__2022-06-11T14:52:39.331964+00:00
[2022-06-11 17:08:44,220] {base.py:68} INFO - Using connection ID '***' for task execution.
[2022-06-11 17:08:44,225] {postgres.py:127} INFO - Running copy expert: COPY analytics_object.users_cdc FROM STDIN, filename: /opt/airflow/dags/docker_job/data/users.csv
[2022-06-11 17:08:44,232] {base.py:68} INFO - Using connection ID '***' for task execution.
[2022-06-11 17:08:44,242] {base.py:68} INFO - Using connection ID '***' for task execution.
[2022-06-11 17:08:44,246] {postgres.py:127} INFO - Running copy expert: COPY analytics_object.walls_cdc FROM STDIN, filename: /opt/airflow/dags/docker_job/data/walls.csv
[2022-06-11 17:08:44,252] {base.py:68} INFO - Using connection ID '***' for task execution.
[2022-06-11 17:08:44,257] {python.py:173} INFO - Done. Returned value was: None
[2022-06-11 17:08:44,272] {taskinstance.py:1400} INFO - Marking task as SUCCESS. dag_id=T-dbt-job-objects, task_id=csv_to_database, execution_date=20220611T145239, start_date=20220611T170844, end_date=20220611T170844
[2022-06-11 17:08:44,306] {local_task_job.py:156} INFO - Task exited with return code 0
[2022-06-11 17:08:44,344] {local_task_job.py:273} INFO - 1 downstream tasks scheduled from follow-on schedule check
