[2022-06-11 22:00:42,176] {taskinstance.py:1159} INFO - Dependencies all met for <TaskInstance: T-dbt-job-dimensions.dbt_cleanup-dimensions manual__2022-06-11T21:59:57.960399+00:00 [queued]>
[2022-06-11 22:00:42,184] {taskinstance.py:1159} INFO - Dependencies all met for <TaskInstance: T-dbt-job-dimensions.dbt_cleanup-dimensions manual__2022-06-11T21:59:57.960399+00:00 [queued]>
[2022-06-11 22:00:42,184] {taskinstance.py:1356} INFO - 
--------------------------------------------------------------------------------
[2022-06-11 22:00:42,184] {taskinstance.py:1357} INFO - Starting attempt 1 of 2
[2022-06-11 22:00:42,185] {taskinstance.py:1358} INFO - 
--------------------------------------------------------------------------------
[2022-06-11 22:00:42,198] {taskinstance.py:1377} INFO - Executing <Task(BashOperator): dbt_cleanup-dimensions> on 2022-06-11 21:59:57.960399+00:00
[2022-06-11 22:00:42,203] {standard_task_runner.py:52} INFO - Started process 1329 to run task
[2022-06-11 22:00:42,206] {standard_task_runner.py:79} INFO - Running: ['airflow', 'tasks', 'run', 'T-dbt-job-dimensions', 'dbt_cleanup-dimensions', 'manual__2022-06-11T21:59:57.960399+00:00', '--job-id', '42', '--raw', '--subdir', 'DAGS_FOLDER/docker_job/dbt_model.py', '--cfg-path', '/tmp/tmpwe6z7jl0', '--error-file', '/tmp/tmp77o1h5jl']
[2022-06-11 22:00:42,206] {standard_task_runner.py:80} INFO - Job 42: Subtask dbt_cleanup-dimensions
[2022-06-11 22:00:42,254] {task_command.py:370} INFO - Running <TaskInstance: T-dbt-job-dimensions.dbt_cleanup-dimensions manual__2022-06-11T21:59:57.960399+00:00 [running]> on host e926c0944008
[2022-06-11 22:00:42,343] {taskinstance.py:1571} INFO - Exporting the following env vars:
AIRFLOW_CTX_DAG_EMAIL=samuelolle@yahoo.com
AIRFLOW_CTX_DAG_OWNER=airflow
AIRFLOW_CTX_DAG_ID=T-dbt-job-dimensions
AIRFLOW_CTX_TASK_ID=dbt_cleanup-dimensions
AIRFLOW_CTX_EXECUTION_DATE=2022-06-11T21:59:57.960399+00:00
AIRFLOW_CTX_TRY_NUMBER=1
AIRFLOW_CTX_DAG_RUN_ID=manual__2022-06-11T21:59:57.960399+00:00
[2022-06-11 22:00:42,345] {subprocess.py:62} INFO - Tmp dir root location: 
 /tmp
[2022-06-11 22:00:42,345] {subprocess.py:74} INFO - Running command: ['bash', '-c', 'rm -rf /tmp/dimensions && rm -rf /tmp/tmp* 2>/dev/null || exit 0']
[2022-06-11 22:00:42,359] {subprocess.py:85} INFO - Output:
[2022-06-11 22:00:42,486] {subprocess.py:96} INFO - Command exited with return code 0
[2022-06-11 22:00:42,514] {taskinstance.py:1400} INFO - Marking task as SUCCESS. dag_id=T-dbt-job-dimensions, task_id=dbt_cleanup-dimensions, execution_date=20220611T215957, start_date=20220611T220042, end_date=20220611T220042
[2022-06-11 22:00:42,539] {local_task_job.py:156} INFO - Task exited with return code 0
[2022-06-11 22:00:42,570] {local_task_job.py:273} INFO - 0 downstream tasks scheduled from follow-on schedule check
