[2022-06-11 18:52:43,952] {taskinstance.py:1159} INFO - Dependencies all met for <TaskInstance: T-dbt-job-objects.dbt_clone_and_transform-objects scheduled__2022-06-11T16:52:39.331964+00:00 [queued]>
[2022-06-11 18:52:43,964] {taskinstance.py:1159} INFO - Dependencies all met for <TaskInstance: T-dbt-job-objects.dbt_clone_and_transform-objects scheduled__2022-06-11T16:52:39.331964+00:00 [queued]>
[2022-06-11 18:52:43,964] {taskinstance.py:1356} INFO - 
--------------------------------------------------------------------------------
[2022-06-11 18:52:43,964] {taskinstance.py:1357} INFO - Starting attempt 1 of 2
[2022-06-11 18:52:43,964] {taskinstance.py:1358} INFO - 
--------------------------------------------------------------------------------
[2022-06-11 18:52:43,980] {taskinstance.py:1377} INFO - Executing <Task(BashOperator): dbt_clone_and_transform-objects> on 2022-06-11 16:52:39.331964+00:00
[2022-06-11 18:52:43,988] {standard_task_runner.py:52} INFO - Started process 1685 to run task
[2022-06-11 18:52:43,992] {standard_task_runner.py:79} INFO - Running: ['airflow', 'tasks', 'run', 'T-dbt-job-objects', 'dbt_clone_and_transform-objects', 'scheduled__2022-06-11T16:52:39.331964+00:00', '--job-id', '101', '--raw', '--subdir', 'DAGS_FOLDER/docker_job/dbt_test.py', '--cfg-path', '/tmp/tmp5e5xlwny', '--error-file', '/tmp/tmp67adkuvo']
[2022-06-11 18:52:43,993] {standard_task_runner.py:80} INFO - Job 101: Subtask dbt_clone_and_transform-objects
[2022-06-11 18:52:44,010] {warnings.py:110} WARNING - /home/airflow/.local/lib/python3.7/site-packages/airflow/configuration.py:525: DeprecationWarning: The sql_alchemy_conn option in [core] has been moved to the sql_alchemy_conn option in [database] - the old setting has been used, but please update your config.
  option = self._get_environment_variables(deprecated_key, deprecated_section, key, section)

[2022-06-11 18:52:44,058] {task_command.py:370} INFO - Running <TaskInstance: T-dbt-job-objects.dbt_clone_and_transform-objects scheduled__2022-06-11T16:52:39.331964+00:00 [running]> on host d8836eb746ac
[2022-06-11 18:52:44,135] {taskinstance.py:1571} INFO - Exporting the following env vars:
AIRFLOW_CTX_DAG_EMAIL=samuelolle@yahoo.com
AIRFLOW_CTX_DAG_OWNER=airflow
AIRFLOW_CTX_DAG_ID=T-dbt-job-objects
AIRFLOW_CTX_TASK_ID=dbt_clone_and_transform-objects
AIRFLOW_CTX_EXECUTION_DATE=2022-06-11T16:52:39.331964+00:00
AIRFLOW_CTX_TRY_NUMBER=1
AIRFLOW_CTX_DAG_RUN_ID=scheduled__2022-06-11T16:52:39.331964+00:00
[2022-06-11 18:52:44,136] {subprocess.py:62} INFO - Tmp dir root location: 
 /tmp
[2022-06-11 18:52:44,137] {subprocess.py:74} INFO - Running command: ['bash', '-c', " rm -rf /tmp/objects && mkdir /tmp/objects                            && cp -r /tmp/dbt /tmp/objects/dbt                             && cd /tmp/objects/dbt && python3 -m venv venv                             && export PIP_USER=false                             && *** /tmp/objects/dbt/venv/bin/activate                             && pip  install --quiet --upgrade pip setuptools                             && pip3 install --quiet 'MarkupSafe<=2.0.1' 'dbt-postgres' 'dbt-core'                             && dbt --version && deactivate                             && cd /tmp/objects/dbt && *** /tmp/objects/dbt/venv/bin/activate                             && dbt deps --profiles-dir /tmp/objects/dbt/ && dbt seed --profiles-dir /tmp/objects/dbt/                             && dbt run --models objects --profiles-dir /tmp/objects/dbt/"]
[2022-06-11 18:52:44,150] {subprocess.py:85} INFO - Output:
[2022-06-11 18:53:23,259] {subprocess.py:92} INFO - Core:
[2022-06-11 18:53:23,260] {subprocess.py:92} INFO -   - installed: 1.1.0
[2022-06-11 18:53:23,260] {subprocess.py:92} INFO -   - latest:    1.1.0 - [32mUp to date![0m
[2022-06-11 18:53:23,261] {subprocess.py:92} INFO - 
[2022-06-11 18:53:23,261] {subprocess.py:92} INFO - Plugins:
[2022-06-11 18:53:23,261] {subprocess.py:92} INFO -   - postgres: 1.1.0 - [32mUp to date![0m
[2022-06-11 18:53:26,288] {subprocess.py:92} INFO - [0m18:53:26  Running with dbt=1.1.0
[2022-06-11 18:53:26,289] {subprocess.py:92} INFO - [0m18:53:26  Warning: No packages were found in packages.yml
[2022-06-11 18:53:29,394] {subprocess.py:92} INFO - [0m18:53:29  Running with dbt=1.1.0
[2022-06-11 18:53:29,411] {subprocess.py:92} INFO - [0m18:53:29  Partial parse save file not found. Starting full parse.
[2022-06-11 18:53:30,054] {subprocess.py:92} INFO - [0m18:53:30  [WARNING]: Configuration paths exist in your dbt_project.yml file which do not apply to any re***s.
[2022-06-11 18:53:30,054] {subprocess.py:92} INFO - There are 1 unused configuration paths:
[2022-06-11 18:53:30,055] {subprocess.py:92} INFO - - seeds.SAM
[2022-06-11 18:53:30,055] {subprocess.py:92} INFO - 
[2022-06-11 18:53:30,066] {subprocess.py:92} INFO - [0m18:53:30  Found 4 models, 6 tests, 0 snapshots, 0 analyses, 171 macros, 4 operations, 0 seed files, 4 ***s, 0 exposures, 0 metrics
[2022-06-11 18:53:30,068] {subprocess.py:92} INFO - [0m18:53:30
[2022-06-11 18:53:30,069] {subprocess.py:92} INFO - [0m18:53:30  [WARNING]: Nothing to do. Try checking your model configs and model specification args
[2022-06-11 18:53:30,077] {subprocess.py:92} INFO - [0m18:53:30
[2022-06-11 18:53:30,077] {subprocess.py:92} INFO - [0m18:53:30  Completed successfully
[2022-06-11 18:53:30,078] {subprocess.py:92} INFO - [0m18:53:30
[2022-06-11 18:53:30,078] {subprocess.py:92} INFO - [0m18:53:30  Done. PASS=0 WARN=0 ERROR=0 SKIP=0 TOTAL=0
[2022-06-11 18:53:33,239] {subprocess.py:92} INFO - [0m18:53:33  Running with dbt=1.1.0
[2022-06-11 18:53:33,279] {subprocess.py:92} INFO - [0m18:53:33  [WARNING]: Configuration paths exist in your dbt_project.yml file which do not apply to any re***s.
[2022-06-11 18:53:33,279] {subprocess.py:92} INFO - There are 1 unused configuration paths:
[2022-06-11 18:53:33,279] {subprocess.py:92} INFO - - seeds.SAM
[2022-06-11 18:53:33,280] {subprocess.py:92} INFO - 
[2022-06-11 18:53:33,297] {subprocess.py:92} INFO - [0m18:53:33  Found 4 models, 6 tests, 0 snapshots, 0 analyses, 171 macros, 4 operations, 0 seed files, 4 ***s, 0 exposures, 0 metrics
[2022-06-11 18:53:33,299] {subprocess.py:92} INFO - [0m18:53:33
[2022-06-11 18:53:33,419] {subprocess.py:92} INFO - [0m18:53:33  Concurrency: 4 threads (target='dev')
[2022-06-11 18:53:33,420] {subprocess.py:92} INFO - [0m18:53:33
[2022-06-11 18:53:33,456] {subprocess.py:92} INFO - [0m18:53:33  1 of 1 START table model analytics_object.obj_walls ............................ [RUN]
[2022-06-11 18:53:33,535] {subprocess.py:92} INFO - [0m18:53:33  1 of 1 OK created table model analytics_object.obj_walls ....................... [SELECT 12 in 0.08s]
[2022-06-11 18:53:33,558] {subprocess.py:92} INFO - [0m18:53:33
[2022-06-11 18:53:33,559] {subprocess.py:92} INFO - [0m18:53:33  Running 4 on-run-end hooks
[2022-06-11 18:53:33,566] {subprocess.py:92} INFO - [0m18:53:33  1 of 4 START hook: SAM.on-run-end.0 ............................................ [RUN]
[2022-06-11 18:53:33,570] {subprocess.py:92} INFO - [0m18:53:33  1 of 4 OK hook: SAM.on-run-end.0 ............................................... [ALTER DEFAULT PRIVILEGES in 0.00s]
[2022-06-11 18:53:33,574] {subprocess.py:92} INFO - [0m18:53:33  2 of 4 START hook: SAM.on-run-end.1 ............................................ [RUN]
[2022-06-11 18:53:33,577] {subprocess.py:92} INFO - [0m18:53:33  2 of 4 OK hook: SAM.on-run-end.1 ............................................... [ALTER DEFAULT PRIVILEGES in 0.00s]
[2022-06-11 18:53:33,580] {subprocess.py:92} INFO - [0m18:53:33  3 of 4 START hook: SAM.on-run-end.2 ............................................ [RUN]
[2022-06-11 18:53:33,583] {subprocess.py:92} INFO - [0m18:53:33  3 of 4 OK hook: SAM.on-run-end.2 ............................................... [ALTER DEFAULT PRIVILEGES in 0.00s]
[2022-06-11 18:53:33,587] {subprocess.py:92} INFO - [0m18:53:33  4 of 4 START hook: SAM.on-run-end.3 ............................................ [RUN]
[2022-06-11 18:53:33,590] {subprocess.py:92} INFO - [0m18:53:33  4 of 4 OK hook: SAM.on-run-end.3 ............................................... [ALTER DEFAULT PRIVILEGES in 0.00s]
[2022-06-11 18:53:33,590] {subprocess.py:92} INFO - [0m18:53:33
[2022-06-11 18:53:33,591] {subprocess.py:92} INFO - [0m18:53:33
[2022-06-11 18:53:33,591] {subprocess.py:92} INFO - [0m18:53:33  Finished running 1 table model, 4 hooks in 0.29s.
[2022-06-11 18:53:33,599] {subprocess.py:92} INFO - [0m18:53:33
[2022-06-11 18:53:33,600] {subprocess.py:92} INFO - [0m18:53:33  Completed successfully
[2022-06-11 18:53:33,600] {subprocess.py:92} INFO - [0m18:53:33
[2022-06-11 18:53:33,600] {subprocess.py:92} INFO - [0m18:53:33  Done. PASS=1 WARN=0 ERROR=0 SKIP=0 TOTAL=1
[2022-06-11 18:53:33,834] {subprocess.py:96} INFO - Command exited with return code 0
[2022-06-11 18:53:33,872] {taskinstance.py:1400} INFO - Marking task as SUCCESS. dag_id=T-dbt-job-objects, task_id=dbt_clone_and_transform-objects, execution_date=20220611T165239, start_date=20220611T185243, end_date=20220611T185333
[2022-06-11 18:53:33,914] {local_task_job.py:156} INFO - Task exited with return code 0
[2022-06-11 18:53:33,945] {local_task_job.py:273} INFO - 1 downstream tasks scheduled from follow-on schedule check
