[2022-06-12 18:06:50,234] {taskinstance.py:1159} INFO - Dependencies all met for <TaskInstance: T-dbt-job-objects.dbt_clone_and_transform-objects manual__2022-06-12T18:06:49.143758+00:00 [queued]>
[2022-06-12 18:06:50,260] {taskinstance.py:1159} INFO - Dependencies all met for <TaskInstance: T-dbt-job-objects.dbt_clone_and_transform-objects manual__2022-06-12T18:06:49.143758+00:00 [queued]>
[2022-06-12 18:06:50,260] {taskinstance.py:1356} INFO - 
--------------------------------------------------------------------------------
[2022-06-12 18:06:50,260] {taskinstance.py:1357} INFO - Starting attempt 1 of 2
[2022-06-12 18:06:50,260] {taskinstance.py:1358} INFO - 
--------------------------------------------------------------------------------
[2022-06-12 18:06:50,274] {taskinstance.py:1377} INFO - Executing <Task(BashOperator): dbt_clone_and_transform-objects> on 2022-06-12 18:06:49.143758+00:00
[2022-06-12 18:06:50,279] {standard_task_runner.py:52} INFO - Started process 5322 to run task
[2022-06-12 18:06:50,282] {standard_task_runner.py:79} INFO - Running: ['airflow', 'tasks', 'run', 'T-dbt-job-objects', 'dbt_clone_and_transform-objects', 'manual__2022-06-12T18:06:49.143758+00:00', '--job-id', '203', '--raw', '--subdir', 'DAGS_FOLDER/docker_job/dbt_model.py', '--cfg-path', '/tmp/tmptcarlsg_', '--error-file', '/tmp/tmp0uszivko']
[2022-06-12 18:06:50,282] {standard_task_runner.py:80} INFO - Job 203: Subtask dbt_clone_and_transform-objects
[2022-06-12 18:06:50,341] {task_command.py:370} INFO - Running <TaskInstance: T-dbt-job-objects.dbt_clone_and_transform-objects manual__2022-06-12T18:06:49.143758+00:00 [running]> on host e926c0944008
[2022-06-12 18:06:50,440] {taskinstance.py:1571} INFO - Exporting the following env vars:
AIRFLOW_CTX_DAG_EMAIL=samuelolle@yahoo.com
AIRFLOW_CTX_DAG_OWNER=airflow
AIRFLOW_CTX_DAG_ID=T-dbt-job-objects
AIRFLOW_CTX_TASK_ID=dbt_clone_and_transform-objects
AIRFLOW_CTX_EXECUTION_DATE=2022-06-12T18:06:49.143758+00:00
AIRFLOW_CTX_TRY_NUMBER=1
AIRFLOW_CTX_DAG_RUN_ID=manual__2022-06-12T18:06:49.143758+00:00
[2022-06-12 18:06:50,441] {subprocess.py:62} INFO - Tmp dir root location: 
 /tmp
[2022-06-12 18:06:50,441] {subprocess.py:74} INFO - Running command: ['bash', '-c', " rm -rf /tmp/objects && mkdir /tmp/objects                            && cp -r /tmp/dbt /tmp/objects/dbt                             && cd /tmp/objects/dbt && python3 -m venv venv                             && export PIP_USER=false                             && *** /tmp/objects/dbt/venv/bin/activate                             && pip  install --quiet --upgrade pip setuptools                             && pip3 install --quiet 'MarkupSafe<=2.0.1' 'dbt-postgres' 'dbt-core'                             && dbt --version && deactivate                             && cd /tmp/objects/dbt && *** /tmp/objects/dbt/venv/bin/activate                             && dbt deps --profiles-dir /tmp/objects/dbt/ && dbt seed --profiles-dir /tmp/objects/dbt/                             && dbt run --models objects --profiles-dir /tmp/objects/dbt/"]
[2022-06-12 18:06:50,453] {subprocess.py:85} INFO - Output:
[2022-06-12 18:07:23,940] {subprocess.py:92} INFO - Core:
[2022-06-12 18:07:23,940] {subprocess.py:92} INFO -   - installed: 1.1.0
[2022-06-12 18:07:23,940] {subprocess.py:92} INFO -   - latest:    1.1.0 - [32mUp to date![0m
[2022-06-12 18:07:23,940] {subprocess.py:92} INFO - 
[2022-06-12 18:07:23,940] {subprocess.py:92} INFO - Plugins:
[2022-06-12 18:07:23,940] {subprocess.py:92} INFO -   - postgres: 1.1.0 - [32mUp to date![0m
[2022-06-12 18:07:26,588] {subprocess.py:92} INFO - [0m18:07:26  Running with dbt=1.1.0
[2022-06-12 18:07:26,588] {subprocess.py:92} INFO - [0m18:07:26  Warning: No packages were found in packages.yml
[2022-06-12 18:07:29,486] {subprocess.py:92} INFO - [0m18:07:29  Running with dbt=1.1.0
[2022-06-12 18:07:29,499] {subprocess.py:92} INFO - [0m18:07:29  Partial parse save file not found. Starting full parse.
[2022-06-12 18:07:30,148] {subprocess.py:92} INFO - [0m18:07:30  [WARNING]: Configuration paths exist in your dbt_project.yml file which do not apply to any re***s.
[2022-06-12 18:07:30,148] {subprocess.py:92} INFO - There are 1 unused configuration paths:
[2022-06-12 18:07:30,149] {subprocess.py:92} INFO - - seeds.SAM
[2022-06-12 18:07:30,149] {subprocess.py:92} INFO - 
[2022-06-12 18:07:30,182] {subprocess.py:92} INFO - [0m18:07:30  Found 6 models, 6 tests, 0 snapshots, 0 analyses, 172 macros, 6 operations, 0 seed files, 4 ***s, 0 exposures, 0 metrics
[2022-06-12 18:07:30,184] {subprocess.py:92} INFO - [0m18:07:30
[2022-06-12 18:07:30,184] {subprocess.py:92} INFO - [0m18:07:30  [WARNING]: Nothing to do. Try checking your model configs and model specification args
[2022-06-12 18:07:30,201] {subprocess.py:92} INFO - [0m18:07:30
[2022-06-12 18:07:30,201] {subprocess.py:92} INFO - [0m18:07:30  Completed successfully
[2022-06-12 18:07:30,201] {subprocess.py:92} INFO - [0m18:07:30
[2022-06-12 18:07:30,202] {subprocess.py:92} INFO - [0m18:07:30  Done. PASS=0 WARN=0 ERROR=0 SKIP=0 TOTAL=0
[2022-06-12 18:07:33,148] {subprocess.py:92} INFO - [0m18:07:33  Running with dbt=1.1.0
[2022-06-12 18:07:33,181] {subprocess.py:92} INFO - [0m18:07:33  [WARNING]: Configuration paths exist in your dbt_project.yml file which do not apply to any re***s.
[2022-06-12 18:07:33,181] {subprocess.py:92} INFO - There are 1 unused configuration paths:
[2022-06-12 18:07:33,181] {subprocess.py:92} INFO - - seeds.SAM
[2022-06-12 18:07:33,181] {subprocess.py:92} INFO - 
[2022-06-12 18:07:33,195] {subprocess.py:92} INFO - [0m18:07:33  Found 6 models, 6 tests, 0 snapshots, 0 analyses, 172 macros, 6 operations, 0 seed files, 4 ***s, 0 exposures, 0 metrics
[2022-06-12 18:07:33,196] {subprocess.py:92} INFO - [0m18:07:33
[2022-06-12 18:07:33,255] {subprocess.py:92} INFO - [0m18:07:33  Concurrency: 4 threads (target='dev')
[2022-06-12 18:07:33,256] {subprocess.py:92} INFO - [0m18:07:33
[2022-06-12 18:07:33,263] {subprocess.py:92} INFO - [0m18:07:33  1 of 2 START table model analytics_objects.obj_users ........................... [RUN]
[2022-06-12 18:07:33,264] {subprocess.py:92} INFO - [0m18:07:33  2 of 2 START table model analytics_objects.obj_walls ........................... [RUN]
[2022-06-12 18:07:33,355] {subprocess.py:92} INFO - [0m18:07:33  2 of 2 OK created table model analytics_objects.obj_walls ...................... [SELECT 12 in 0.09s]
[2022-06-12 18:07:33,361] {subprocess.py:92} INFO - [0m18:07:33  1 of 2 OK created table model analytics_objects.obj_users ...................... [SELECT 15 in 0.10s]
[2022-06-12 18:07:33,371] {subprocess.py:92} INFO - [0m18:07:33
[2022-06-12 18:07:33,371] {subprocess.py:92} INFO - [0m18:07:33  Running 6 on-run-end hooks
[2022-06-12 18:07:33,377] {subprocess.py:92} INFO - [0m18:07:33  1 of 6 START hook: SAM.on-run-end.0 ............................................ [RUN]
[2022-06-12 18:07:33,381] {subprocess.py:92} INFO - [0m18:07:33  1 of 6 OK hook: SAM.on-run-end.0 ............................................... [ALTER DEFAULT PRIVILEGES in 0.00s]
[2022-06-12 18:07:33,385] {subprocess.py:92} INFO - [0m18:07:33  2 of 6 START hook: SAM.on-run-end.1 ............................................ [RUN]
[2022-06-12 18:07:33,388] {subprocess.py:92} INFO - [0m18:07:33  2 of 6 OK hook: SAM.on-run-end.1 ............................................... [ALTER DEFAULT PRIVILEGES in 0.00s]
[2022-06-12 18:07:33,391] {subprocess.py:92} INFO - [0m18:07:33  3 of 6 START hook: SAM.on-run-end.2 ............................................ [RUN]
[2022-06-12 18:07:33,395] {subprocess.py:92} INFO - [0m18:07:33  3 of 6 OK hook: SAM.on-run-end.2 ............................................... [ALTER DEFAULT PRIVILEGES in 0.00s]
[2022-06-12 18:07:33,399] {subprocess.py:92} INFO - [0m18:07:33  4 of 6 START hook: SAM.on-run-end.3 ............................................ [RUN]
[2022-06-12 18:07:33,401] {subprocess.py:92} INFO - [0m18:07:33  4 of 6 OK hook: SAM.on-run-end.3 ............................................... [ALTER DEFAULT PRIVILEGES in 0.00s]
[2022-06-12 18:07:33,406] {subprocess.py:92} INFO - [0m18:07:33  5 of 6 START hook: SAM.on-run-end.4 ............................................ [RUN]
[2022-06-12 18:07:33,409] {subprocess.py:92} INFO - [0m18:07:33  5 of 6 OK hook: SAM.on-run-end.4 ............................................... [ALTER DEFAULT PRIVILEGES in 0.00s]
[2022-06-12 18:07:33,413] {subprocess.py:92} INFO - [0m18:07:33  6 of 6 START hook: SAM.on-run-end.5 ............................................ [RUN]
[2022-06-12 18:07:33,415] {subprocess.py:92} INFO - [0m18:07:33  6 of 6 OK hook: SAM.on-run-end.5 ............................................... [ALTER DEFAULT PRIVILEGES in 0.00s]
[2022-06-12 18:07:33,416] {subprocess.py:92} INFO - [0m18:07:33
[2022-06-12 18:07:33,418] {subprocess.py:92} INFO - [0m18:07:33
[2022-06-12 18:07:33,418] {subprocess.py:92} INFO - [0m18:07:33  Finished running 2 table models, 6 hooks in 0.22s.
[2022-06-12 18:07:33,423] {subprocess.py:92} INFO - [0m18:07:33
[2022-06-12 18:07:33,423] {subprocess.py:92} INFO - [0m18:07:33  Completed successfully
[2022-06-12 18:07:33,423] {subprocess.py:92} INFO - [0m18:07:33
[2022-06-12 18:07:33,424] {subprocess.py:92} INFO - [0m18:07:33  Done. PASS=2 WARN=0 ERROR=0 SKIP=0 TOTAL=2
[2022-06-12 18:07:33,668] {subprocess.py:96} INFO - Command exited with return code 0
[2022-06-12 18:07:33,701] {taskinstance.py:1400} INFO - Marking task as SUCCESS. dag_id=T-dbt-job-objects, task_id=dbt_clone_and_transform-objects, execution_date=20220612T180649, start_date=20220612T180650, end_date=20220612T180733
[2022-06-12 18:07:33,744] {local_task_job.py:156} INFO - Task exited with return code 0
[2022-06-12 18:07:33,772] {local_task_job.py:273} INFO - 1 downstream tasks scheduled from follow-on schedule check
