[2022-06-14 11:14:22,956] {taskinstance.py:1159} INFO - Dependencies all met for <TaskInstance: T-dbt-job-dimensions.dbt_cleanup-dimensions scheduled__2022-06-14T09:11:27.972890+00:00 [queued]>
[2022-06-14 11:14:22,967] {taskinstance.py:1159} INFO - Dependencies all met for <TaskInstance: T-dbt-job-dimensions.dbt_cleanup-dimensions scheduled__2022-06-14T09:11:27.972890+00:00 [queued]>
[2022-06-14 11:14:22,968] {taskinstance.py:1356} INFO - 
--------------------------------------------------------------------------------
[2022-06-14 11:14:22,968] {taskinstance.py:1357} INFO - Starting attempt 1 of 2
[2022-06-14 11:14:22,968] {taskinstance.py:1358} INFO - 
--------------------------------------------------------------------------------
[2022-06-14 11:14:22,985] {taskinstance.py:1377} INFO - Executing <Task(BashOperator): dbt_cleanup-dimensions> on 2022-06-14 09:11:27.972890+00:00
[2022-06-14 11:14:22,989] {standard_task_runner.py:52} INFO - Started process 1567 to run task
[2022-06-14 11:14:22,992] {standard_task_runner.py:79} INFO - Running: ['airflow', 'tasks', 'run', 'T-dbt-job-dimensions', 'dbt_cleanup-dimensions', 'scheduled__2022-06-14T09:11:27.972890+00:00', '--job-id', '232', '--raw', '--subdir', 'DAGS_FOLDER/docker_job/dbt_model.py', '--cfg-path', '/tmp/tmp5wb1j2fw', '--error-file', '/tmp/tmp1_mzyikl']
[2022-06-14 11:14:22,992] {standard_task_runner.py:80} INFO - Job 232: Subtask dbt_cleanup-dimensions
[2022-06-14 11:14:23,019] {warnings.py:110} WARNING - /home/airflow/.local/lib/python3.7/site-packages/airflow/configuration.py:525: DeprecationWarning: The sql_alchemy_conn option in [core] has been moved to the sql_alchemy_conn option in [database] - the old setting has been used, but please update your config.
  option = self._get_environment_variables(deprecated_key, deprecated_section, key, section)

[2022-06-14 11:14:23,062] {task_command.py:370} INFO - Running <TaskInstance: T-dbt-job-dimensions.dbt_cleanup-dimensions scheduled__2022-06-14T09:11:27.972890+00:00 [running]> on host 0d9d7b7f40c6
[2022-06-14 11:14:23,149] {taskinstance.py:1571} INFO - Exporting the following env vars:
AIRFLOW_CTX_DAG_EMAIL=samuelolle@yahoo.com
AIRFLOW_CTX_DAG_OWNER=airflow
AIRFLOW_CTX_DAG_ID=T-dbt-job-dimensions
AIRFLOW_CTX_TASK_ID=dbt_cleanup-dimensions
AIRFLOW_CTX_EXECUTION_DATE=2022-06-14T09:11:27.972890+00:00
AIRFLOW_CTX_TRY_NUMBER=1
AIRFLOW_CTX_DAG_RUN_ID=scheduled__2022-06-14T09:11:27.972890+00:00
[2022-06-14 11:14:23,150] {subprocess.py:62} INFO - Tmp dir root location: 
 /tmp
[2022-06-14 11:14:23,150] {subprocess.py:74} INFO - Running command: ['bash', '-c', 'rm -rf /tmp/dimensions && rm -rf /tmp/tmp* 2>/dev/null || exit 0']
[2022-06-14 11:14:23,167] {subprocess.py:85} INFO - Output:
[2022-06-14 11:14:23,184] {subprocess.py:96} INFO - Command exited with return code 0
[2022-06-14 11:14:23,221] {taskinstance.py:1400} INFO - Marking task as SUCCESS. dag_id=T-dbt-job-dimensions, task_id=dbt_cleanup-dimensions, execution_date=20220614T091127, start_date=20220614T111422, end_date=20220614T111423
[2022-06-14 11:14:23,245] {local_task_job.py:156} INFO - Task exited with return code 0
[2022-06-14 11:14:23,293] {local_task_job.py:273} INFO - 0 downstream tasks scheduled from follow-on schedule check
