[2022-06-11 21:59:58,582] {taskinstance.py:1159} INFO - Dependencies all met for <TaskInstance: T-dbt-job-dimensions.dbt_clone_and_transform-dimensions manual__2022-06-11T21:59:57.960399+00:00 [queued]>
[2022-06-11 21:59:58,591] {taskinstance.py:1159} INFO - Dependencies all met for <TaskInstance: T-dbt-job-dimensions.dbt_clone_and_transform-dimensions manual__2022-06-11T21:59:57.960399+00:00 [queued]>
[2022-06-11 21:59:58,591] {taskinstance.py:1356} INFO - 
--------------------------------------------------------------------------------
[2022-06-11 21:59:58,591] {taskinstance.py:1357} INFO - Starting attempt 1 of 2
[2022-06-11 21:59:58,591] {taskinstance.py:1358} INFO - 
--------------------------------------------------------------------------------
[2022-06-11 21:59:58,605] {taskinstance.py:1377} INFO - Executing <Task(BashOperator): dbt_clone_and_transform-dimensions> on 2022-06-11 21:59:57.960399+00:00
[2022-06-11 21:59:58,610] {standard_task_runner.py:52} INFO - Started process 1249 to run task
[2022-06-11 21:59:58,615] {standard_task_runner.py:79} INFO - Running: ['airflow', 'tasks', 'run', 'T-dbt-job-dimensions', 'dbt_clone_and_transform-dimensions', 'manual__2022-06-11T21:59:57.960399+00:00', '--job-id', '41', '--raw', '--subdir', 'DAGS_FOLDER/docker_job/dbt_model.py', '--cfg-path', '/tmp/tmpclh3rye2', '--error-file', '/tmp/tmpc61k2if5']
[2022-06-11 21:59:58,616] {standard_task_runner.py:80} INFO - Job 41: Subtask dbt_clone_and_transform-dimensions
[2022-06-11 21:59:58,683] {task_command.py:370} INFO - Running <TaskInstance: T-dbt-job-dimensions.dbt_clone_and_transform-dimensions manual__2022-06-11T21:59:57.960399+00:00 [running]> on host e926c0944008
[2022-06-11 21:59:58,756] {taskinstance.py:1571} INFO - Exporting the following env vars:
AIRFLOW_CTX_DAG_EMAIL=samuelolle@yahoo.com
AIRFLOW_CTX_DAG_OWNER=airflow
AIRFLOW_CTX_DAG_ID=T-dbt-job-dimensions
AIRFLOW_CTX_TASK_ID=dbt_clone_and_transform-dimensions
AIRFLOW_CTX_EXECUTION_DATE=2022-06-11T21:59:57.960399+00:00
AIRFLOW_CTX_TRY_NUMBER=1
AIRFLOW_CTX_DAG_RUN_ID=manual__2022-06-11T21:59:57.960399+00:00
[2022-06-11 21:59:58,757] {subprocess.py:62} INFO - Tmp dir root location: 
 /tmp
[2022-06-11 21:59:58,757] {subprocess.py:74} INFO - Running command: ['bash', '-c', " rm -rf /tmp/dimensions && mkdir /tmp/dimensions                            && cp -r /tmp/dbt /tmp/dimensions/dbt                             && cd /tmp/dimensions/dbt && python3 -m venv venv                             && export PIP_USER=false                             && *** /tmp/dimensions/dbt/venv/bin/activate                             && pip  install --quiet --upgrade pip setuptools                             && pip3 install --quiet 'MarkupSafe<=2.0.1' 'dbt-postgres' 'dbt-core'                             && dbt --version && deactivate                             && cd /tmp/dimensions/dbt && *** /tmp/dimensions/dbt/venv/bin/activate                             && dbt deps --profiles-dir /tmp/dimensions/dbt/ && dbt seed --profiles-dir /tmp/dimensions/dbt/                             && dbt run --models dimensions --profiles-dir /tmp/dimensions/dbt/"]
[2022-06-11 21:59:58,770] {subprocess.py:85} INFO - Output:
[2022-06-11 22:00:31,787] {subprocess.py:92} INFO - Core:
[2022-06-11 22:00:31,787] {subprocess.py:92} INFO -   - installed: 1.1.0
[2022-06-11 22:00:31,787] {subprocess.py:92} INFO -   - latest:    1.1.0 - [32mUp to date![0m
[2022-06-11 22:00:31,787] {subprocess.py:92} INFO - 
[2022-06-11 22:00:31,787] {subprocess.py:92} INFO - Plugins:
[2022-06-11 22:00:31,788] {subprocess.py:92} INFO -   - postgres: 1.1.0 - [32mUp to date![0m
[2022-06-11 22:00:34,483] {subprocess.py:92} INFO - [0m22:00:34  Running with dbt=1.1.0
[2022-06-11 22:00:34,483] {subprocess.py:92} INFO - [0m22:00:34  Warning: No packages were found in packages.yml
[2022-06-11 22:00:37,235] {subprocess.py:92} INFO - [0m22:00:37  Running with dbt=1.1.0
[2022-06-11 22:00:37,248] {subprocess.py:92} INFO - [0m22:00:37  Partial parse save file not found. Starting full parse.
[2022-06-11 22:00:37,841] {subprocess.py:92} INFO - [0m22:00:37  [WARNING]: Configuration paths exist in your dbt_project.yml file which do not apply to any re***s.
[2022-06-11 22:00:37,841] {subprocess.py:92} INFO - There are 1 unused configuration paths:
[2022-06-11 22:00:37,841] {subprocess.py:92} INFO - - seeds.SAM
[2022-06-11 22:00:37,841] {subprocess.py:92} INFO - 
[2022-06-11 22:00:37,852] {subprocess.py:92} INFO - [0m22:00:37  Found 4 models, 6 tests, 0 snapshots, 0 analyses, 171 macros, 6 operations, 0 seed files, 4 ***s, 0 exposures, 0 metrics
[2022-06-11 22:00:37,854] {subprocess.py:92} INFO - [0m22:00:37
[2022-06-11 22:00:37,854] {subprocess.py:92} INFO - [0m22:00:37  [WARNING]: Nothing to do. Try checking your model configs and model specification args
[2022-06-11 22:00:37,859] {subprocess.py:92} INFO - [0m22:00:37
[2022-06-11 22:00:37,859] {subprocess.py:92} INFO - [0m22:00:37  Completed successfully
[2022-06-11 22:00:37,860] {subprocess.py:92} INFO - [0m22:00:37
[2022-06-11 22:00:37,860] {subprocess.py:92} INFO - [0m22:00:37  Done. PASS=0 WARN=0 ERROR=0 SKIP=0 TOTAL=0
[2022-06-11 22:00:40,567] {subprocess.py:92} INFO - [0m22:00:40  Running with dbt=1.1.0
[2022-06-11 22:00:40,599] {subprocess.py:92} INFO - [0m22:00:40  [WARNING]: Configuration paths exist in your dbt_project.yml file which do not apply to any re***s.
[2022-06-11 22:00:40,599] {subprocess.py:92} INFO - There are 1 unused configuration paths:
[2022-06-11 22:00:40,599] {subprocess.py:92} INFO - - seeds.SAM
[2022-06-11 22:00:40,599] {subprocess.py:92} INFO - 
[2022-06-11 22:00:40,613] {subprocess.py:92} INFO - [0m22:00:40  Found 4 models, 6 tests, 0 snapshots, 0 analyses, 171 macros, 6 operations, 0 seed files, 4 ***s, 0 exposures, 0 metrics
[2022-06-11 22:00:40,615] {subprocess.py:92} INFO - [0m22:00:40
[2022-06-11 22:00:40,693] {subprocess.py:92} INFO - [0m22:00:40  Concurrency: 4 threads (target='dev')
[2022-06-11 22:00:40,694] {subprocess.py:92} INFO - [0m22:00:40
[2022-06-11 22:00:40,701] {subprocess.py:92} INFO - [0m22:00:40  1 of 1 START table model analytics_objects_analytics_dim.dim_date .............. [RUN]
[2022-06-11 22:00:40,768] {subprocess.py:92} INFO - [0m22:00:40  1 of 1 OK created table model analytics_objects_analytics_dim.dim_date ......... [SELECT 546 in 0.07s]
[2022-06-11 22:00:40,806] {subprocess.py:92} INFO - [0m22:00:40
[2022-06-11 22:00:40,807] {subprocess.py:92} INFO - [0m22:00:40  Running 6 on-run-end hooks
[2022-06-11 22:00:40,813] {subprocess.py:92} INFO - [0m22:00:40  1 of 6 START hook: SAM.on-run-end.0 ............................................ [RUN]
[2022-06-11 22:00:40,818] {subprocess.py:92} INFO - [0m22:00:40  1 of 6 OK hook: SAM.on-run-end.0 ............................................... [ALTER DEFAULT PRIVILEGES in 0.00s]
[2022-06-11 22:00:40,822] {subprocess.py:92} INFO - [0m22:00:40  2 of 6 START hook: SAM.on-run-end.1 ............................................ [RUN]
[2022-06-11 22:00:40,824] {subprocess.py:92} INFO - [0m22:00:40  2 of 6 OK hook: SAM.on-run-end.1 ............................................... [ALTER DEFAULT PRIVILEGES in 0.00s]
[2022-06-11 22:00:40,828] {subprocess.py:92} INFO - [0m22:00:40  3 of 6 START hook: SAM.on-run-end.2 ............................................ [RUN]
[2022-06-11 22:00:40,830] {subprocess.py:92} INFO - [0m22:00:40  3 of 6 OK hook: SAM.on-run-end.2 ............................................... [ALTER DEFAULT PRIVILEGES in 0.00s]
[2022-06-11 22:00:40,834] {subprocess.py:92} INFO - [0m22:00:40  4 of 6 START hook: SAM.on-run-end.3 ............................................ [RUN]
[2022-06-11 22:00:40,837] {subprocess.py:92} INFO - [0m22:00:40  4 of 6 OK hook: SAM.on-run-end.3 ............................................... [ALTER DEFAULT PRIVILEGES in 0.00s]
[2022-06-11 22:00:40,840] {subprocess.py:92} INFO - [0m22:00:40  5 of 6 START hook: SAM.on-run-end.4 ............................................ [RUN]
[2022-06-11 22:00:40,842] {subprocess.py:92} INFO - [0m22:00:40  5 of 6 OK hook: SAM.on-run-end.4 ............................................... [ALTER DEFAULT PRIVILEGES in 0.00s]
[2022-06-11 22:00:40,845] {subprocess.py:92} INFO - [0m22:00:40  6 of 6 START hook: SAM.on-run-end.5 ............................................ [RUN]
[2022-06-11 22:00:40,849] {subprocess.py:92} INFO - [0m22:00:40  6 of 6 OK hook: SAM.on-run-end.5 ............................................... [ALTER DEFAULT PRIVILEGES in 0.00s]
[2022-06-11 22:00:40,849] {subprocess.py:92} INFO - [0m22:00:40
[2022-06-11 22:00:40,850] {subprocess.py:92} INFO - [0m22:00:40
[2022-06-11 22:00:40,851] {subprocess.py:92} INFO - [0m22:00:40  Finished running 1 table model, 6 hooks in 0.23s.
[2022-06-11 22:00:40,857] {subprocess.py:92} INFO - [0m22:00:40
[2022-06-11 22:00:40,857] {subprocess.py:92} INFO - [0m22:00:40  Completed successfully
[2022-06-11 22:00:40,858] {subprocess.py:92} INFO - [0m22:00:40
[2022-06-11 22:00:40,858] {subprocess.py:92} INFO - [0m22:00:40  Done. PASS=1 WARN=0 ERROR=0 SKIP=0 TOTAL=1
[2022-06-11 22:00:41,022] {subprocess.py:96} INFO - Command exited with return code 0
[2022-06-11 22:00:41,050] {taskinstance.py:1400} INFO - Marking task as SUCCESS. dag_id=T-dbt-job-dimensions, task_id=dbt_clone_and_transform-dimensions, execution_date=20220611T215957, start_date=20220611T215958, end_date=20220611T220041
[2022-06-11 22:00:41,069] {local_task_job.py:156} INFO - Task exited with return code 0
[2022-06-11 22:00:41,095] {local_task_job.py:273} INFO - 1 downstream tasks scheduled from follow-on schedule check
