[2022-06-12 16:59:50,256] {taskinstance.py:1159} INFO - Dependencies all met for <TaskInstance: T-dbt-job-cdc_load.csv_to_database manual__2022-06-12T16:46:04.720902+00:00 [queued]>
[2022-06-12 16:59:50,266] {taskinstance.py:1159} INFO - Dependencies all met for <TaskInstance: T-dbt-job-cdc_load.csv_to_database manual__2022-06-12T16:46:04.720902+00:00 [queued]>
[2022-06-12 16:59:50,267] {taskinstance.py:1356} INFO - 
--------------------------------------------------------------------------------
[2022-06-12 16:59:50,267] {taskinstance.py:1357} INFO - Starting attempt 10 of 11
[2022-06-12 16:59:50,267] {taskinstance.py:1358} INFO - 
--------------------------------------------------------------------------------
[2022-06-12 16:59:50,279] {taskinstance.py:1377} INFO - Executing <Task(PythonOperator): csv_to_database> on 2022-06-12 16:46:04.720902+00:00
[2022-06-12 16:59:50,284] {standard_task_runner.py:52} INFO - Started process 4433 to run task
[2022-06-12 16:59:50,288] {standard_task_runner.py:79} INFO - Running: ['airflow', 'tasks', 'run', 'T-dbt-job-cdc_load', 'csv_to_database', 'manual__2022-06-12T16:46:04.720902+00:00', '--job-id', '161', '--raw', '--subdir', 'DAGS_FOLDER/docker_job/dbt_test.py', '--cfg-path', '/tmp/tmpzkml02fk', '--error-file', '/tmp/tmpldmwqqik']
[2022-06-12 16:59:50,288] {standard_task_runner.py:80} INFO - Job 161: Subtask csv_to_database
[2022-06-12 16:59:50,337] {task_command.py:370} INFO - Running <TaskInstance: T-dbt-job-cdc_load.csv_to_database manual__2022-06-12T16:46:04.720902+00:00 [running]> on host e926c0944008
[2022-06-12 16:59:50,403] {taskinstance.py:1571} INFO - Exporting the following env vars:
AIRFLOW_CTX_DAG_EMAIL=samuelolle@yahoo.com
AIRFLOW_CTX_DAG_OWNER=airflow
AIRFLOW_CTX_DAG_ID=T-dbt-job-cdc_load
AIRFLOW_CTX_TASK_ID=csv_to_database
AIRFLOW_CTX_EXECUTION_DATE=2022-06-12T16:46:04.720902+00:00
AIRFLOW_CTX_TRY_NUMBER=10
AIRFLOW_CTX_DAG_RUN_ID=manual__2022-06-12T16:46:04.720902+00:00
[2022-06-12 16:59:50,412] {base.py:68} INFO - Using connection ID '***' for task execution.
[2022-06-12 16:59:50,416] {postgres.py:127} INFO - Running copy expert: COPY analytics_stage.users_cdc FROM STDIN, filename: /opt/airflow/dags/docker_job/data/users.csv
[2022-06-12 16:59:50,422] {base.py:68} INFO - Using connection ID '***' for task execution.
[2022-06-12 16:59:50,433] {base.py:68} INFO - Using connection ID '***' for task execution.
[2022-06-12 16:59:50,436] {postgres.py:127} INFO - Running copy expert: COPY analytics_stage.walls_cdc FROM STDIN, filename: /opt/airflow/dags/docker_job/data/walls_2.csv
[2022-06-12 16:59:50,441] {base.py:68} INFO - Using connection ID '***' for task execution.
[2022-06-12 16:59:50,447] {taskinstance.py:1889} ERROR - Task failed with exception
Traceback (most recent call last):
  File "/home/airflow/.local/lib/python3.7/site-packages/airflow/operators/python.py", line 171, in execute
    return_value = self.execute_callable()
  File "/home/airflow/.local/lib/python3.7/site-packages/airflow/operators/python.py", line 189, in execute_callable
    return self.python_callable(*self.op_args, **self.op_kwargs)
  File "/opt/airflow/dags/docker_job/dbt_test.py", line 30, in csv_to_postgres
    pg_conn.bulk_load(table, file_path(file))
  File "/home/airflow/.local/lib/python3.7/site-packages/airflow/providers/postgres/hooks/postgres.py", line 149, in bulk_load
    self.copy_expert(f"COPY {table} FROM STDIN", tmp_file)
  File "/home/airflow/.local/lib/python3.7/site-packages/airflow/providers/postgres/hooks/postgres.py", line 135, in copy_expert
    cur.copy_expert(sql, file)
psycopg2.errors.InvalidTextRepresentation: invalid input syntax for type integer: "1035,NGO,100,05/04/2022,insert,05/04/2022 14:19,05/04/2022"
CONTEXT:  COPY walls_cdc, line 1, column id: "1035,NGO,100,05/04/2022,insert,05/04/2022 14:19,05/04/2022"

[2022-06-12 16:59:50,455] {taskinstance.py:1400} INFO - Marking task as UP_FOR_RETRY. dag_id=T-dbt-job-cdc_load, task_id=csv_to_database, execution_date=20220612T164604, start_date=20220612T165950, end_date=20220612T165950
[2022-06-12 16:59:50,465] {standard_task_runner.py:97} ERROR - Failed to execute job 161 for task csv_to_database (invalid input syntax for type integer: "1035,NGO,100,05/04/2022,insert,05/04/2022 14:19,05/04/2022"
CONTEXT:  COPY walls_cdc, line 1, column id: "1035,NGO,100,05/04/2022,insert,05/04/2022 14:19,05/04/2022"
; 4433)
[2022-06-12 16:59:50,502] {local_task_job.py:156} INFO - Task exited with return code 1
[2022-06-12 16:59:50,562] {local_task_job.py:273} INFO - 0 downstream tasks scheduled from follow-on schedule check
