[2022-06-12 17:08:51,303] {taskinstance.py:1159} INFO - Dependencies all met for <TaskInstance: T-dbt-job-cdc_load.csv_to_database manual__2022-06-12T16:46:04.720902+00:00 [queued]>
[2022-06-12 17:08:51,313] {taskinstance.py:1159} INFO - Dependencies all met for <TaskInstance: T-dbt-job-cdc_load.csv_to_database manual__2022-06-12T16:46:04.720902+00:00 [queued]>
[2022-06-12 17:08:51,313] {taskinstance.py:1356} INFO - 
--------------------------------------------------------------------------------
[2022-06-12 17:08:51,313] {taskinstance.py:1357} INFO - Starting attempt 12 of 13
[2022-06-12 17:08:51,313] {taskinstance.py:1358} INFO - 
--------------------------------------------------------------------------------
[2022-06-12 17:08:51,325] {taskinstance.py:1377} INFO - Executing <Task(PythonOperator): csv_to_database> on 2022-06-12 16:46:04.720902+00:00
[2022-06-12 17:08:51,330] {standard_task_runner.py:52} INFO - Started process 4524 to run task
[2022-06-12 17:08:51,333] {standard_task_runner.py:79} INFO - Running: ['airflow', 'tasks', 'run', 'T-dbt-job-cdc_load', 'csv_to_database', 'manual__2022-06-12T16:46:04.720902+00:00', '--job-id', '167', '--raw', '--subdir', 'DAGS_FOLDER/docker_job/dbt_test.py', '--cfg-path', '/tmp/tmp1kk1_xx6', '--error-file', '/tmp/tmp8i68c2iq']
[2022-06-12 17:08:51,333] {standard_task_runner.py:80} INFO - Job 167: Subtask csv_to_database
[2022-06-12 17:08:51,384] {task_command.py:370} INFO - Running <TaskInstance: T-dbt-job-cdc_load.csv_to_database manual__2022-06-12T16:46:04.720902+00:00 [running]> on host e926c0944008
[2022-06-12 17:08:51,451] {taskinstance.py:1571} INFO - Exporting the following env vars:
AIRFLOW_CTX_DAG_EMAIL=samuelolle@yahoo.com
AIRFLOW_CTX_DAG_OWNER=airflow
AIRFLOW_CTX_DAG_ID=T-dbt-job-cdc_load
AIRFLOW_CTX_TASK_ID=csv_to_database
AIRFLOW_CTX_EXECUTION_DATE=2022-06-12T16:46:04.720902+00:00
AIRFLOW_CTX_TRY_NUMBER=12
AIRFLOW_CTX_DAG_RUN_ID=manual__2022-06-12T16:46:04.720902+00:00
[2022-06-12 17:08:51,461] {base.py:68} INFO - Using connection ID '***' for task execution.
[2022-06-12 17:08:51,465] {postgres.py:127} INFO - Running copy expert: COPY analytics_stage.users_cdc FROM STDIN, filename: /opt/airflow/dags/docker_job/data/users.csv
[2022-06-12 17:08:51,470] {base.py:68} INFO - Using connection ID '***' for task execution.
[2022-06-12 17:08:51,481] {base.py:68} INFO - Using connection ID '***' for task execution.
[2022-06-12 17:08:51,484] {postgres.py:127} INFO - Running copy expert: COPY analytics_stage.walls_cdc FROM STDIN, filename: /opt/airflow/dags/docker_job/data/walls_2.csv
[2022-06-12 17:08:51,490] {base.py:68} INFO - Using connection ID '***' for task execution.
[2022-06-12 17:08:51,496] {python.py:173} INFO - Done. Returned value was: None
[2022-06-12 17:08:51,508] {taskinstance.py:1400} INFO - Marking task as SUCCESS. dag_id=T-dbt-job-cdc_load, task_id=csv_to_database, execution_date=20220612T164604, start_date=20220612T170851, end_date=20220612T170851
[2022-06-12 17:08:51,545] {local_task_job.py:156} INFO - Task exited with return code 0
[2022-06-12 17:08:51,581] {local_task_job.py:273} INFO - 1 downstream tasks scheduled from follow-on schedule check
