[2022-06-12 16:49:19,582] {taskinstance.py:1159} INFO - Dependencies all met for <TaskInstance: T-dbt-job-cdc_load.csv_to_database manual__2022-06-12T16:46:04.720902+00:00 [queued]>
[2022-06-12 16:49:19,593] {taskinstance.py:1159} INFO - Dependencies all met for <TaskInstance: T-dbt-job-cdc_load.csv_to_database manual__2022-06-12T16:46:04.720902+00:00 [queued]>
[2022-06-12 16:49:19,593] {taskinstance.py:1356} INFO - 
--------------------------------------------------------------------------------
[2022-06-12 16:49:19,593] {taskinstance.py:1357} INFO - Starting attempt 4 of 5
[2022-06-12 16:49:19,593] {taskinstance.py:1358} INFO - 
--------------------------------------------------------------------------------
[2022-06-12 16:49:19,608] {taskinstance.py:1377} INFO - Executing <Task(PythonOperator): csv_to_database> on 2022-06-12 16:46:04.720902+00:00
[2022-06-12 16:49:19,613] {standard_task_runner.py:52} INFO - Started process 4409 to run task
[2022-06-12 16:49:19,616] {standard_task_runner.py:79} INFO - Running: ['airflow', 'tasks', 'run', 'T-dbt-job-cdc_load', 'csv_to_database', 'manual__2022-06-12T16:46:04.720902+00:00', '--job-id', '149', '--raw', '--subdir', 'DAGS_FOLDER/docker_job/dbt_test.py', '--cfg-path', '/tmp/tmp6_v_qrky', '--error-file', '/tmp/tmp48q2ugk6']
[2022-06-12 16:49:19,616] {standard_task_runner.py:80} INFO - Job 149: Subtask csv_to_database
[2022-06-12 16:49:19,669] {task_command.py:370} INFO - Running <TaskInstance: T-dbt-job-cdc_load.csv_to_database manual__2022-06-12T16:46:04.720902+00:00 [running]> on host e926c0944008
[2022-06-12 16:49:19,739] {taskinstance.py:1571} INFO - Exporting the following env vars:
AIRFLOW_CTX_DAG_EMAIL=samuelolle@yahoo.com
AIRFLOW_CTX_DAG_OWNER=airflow
AIRFLOW_CTX_DAG_ID=T-dbt-job-cdc_load
AIRFLOW_CTX_TASK_ID=csv_to_database
AIRFLOW_CTX_EXECUTION_DATE=2022-06-12T16:46:04.720902+00:00
AIRFLOW_CTX_TRY_NUMBER=4
AIRFLOW_CTX_DAG_RUN_ID=manual__2022-06-12T16:46:04.720902+00:00
[2022-06-12 16:49:19,748] {base.py:68} INFO - Using connection ID '***' for task execution.
[2022-06-12 16:49:19,752] {postgres.py:127} INFO - Running copy expert: COPY analytics_stage.users_cdc FROM STDIN, filename: /opt/airflow/dags/docker_job/data/users.csv
[2022-06-12 16:49:19,758] {base.py:68} INFO - Using connection ID '***' for task execution.
[2022-06-12 16:49:19,772] {base.py:68} INFO - Using connection ID '***' for task execution.
[2022-06-12 16:49:19,777] {postgres.py:127} INFO - Running copy expert: COPY analytics_stage.walls_cdc FROM STDIN, filename: /opt/airflow/dags/docker_job/data/walls_2.csv
[2022-06-12 16:49:19,785] {base.py:68} INFO - Using connection ID '***' for task execution.
[2022-06-12 16:49:19,790] {taskinstance.py:1889} ERROR - Task failed with exception
Traceback (most recent call last):
  File "/home/airflow/.local/lib/python3.7/site-packages/airflow/operators/python.py", line 171, in execute
    return_value = self.execute_callable()
  File "/home/airflow/.local/lib/python3.7/site-packages/airflow/operators/python.py", line 189, in execute_callable
    return self.python_callable(*self.op_args, **self.op_kwargs)
  File "/opt/airflow/dags/docker_job/dbt_test.py", line 30, in csv_to_postgres
    pg_conn.bulk_load(table, file_path(file))
  File "/home/airflow/.local/lib/python3.7/site-packages/airflow/providers/postgres/hooks/postgres.py", line 149, in bulk_load
    self.copy_expert(f"COPY {table} FROM STDIN", tmp_file)
  File "/home/airflow/.local/lib/python3.7/site-packages/airflow/providers/postgres/hooks/postgres.py", line 135, in copy_expert
    cur.copy_expert(sql, file)
psycopg2.errors.BadCopyFileFormat: missing data for column "export_date"
CONTEXT:  COPY walls_cdc, line 4: "768	    food    34	16/01/2022	delete	05/04/2022 12:52	05/04/2022"

[2022-06-12 16:49:19,799] {taskinstance.py:1400} INFO - Marking task as UP_FOR_RETRY. dag_id=T-dbt-job-cdc_load, task_id=csv_to_database, execution_date=20220612T164604, start_date=20220612T164919, end_date=20220612T164919
[2022-06-12 16:49:19,810] {standard_task_runner.py:97} ERROR - Failed to execute job 149 for task csv_to_database (missing data for column "export_date"
CONTEXT:  COPY walls_cdc, line 4: "768	    food    34	16/01/2022	delete	05/04/2022 12:52	05/04/2022"
; 4409)
[2022-06-12 16:49:19,828] {local_task_job.py:156} INFO - Task exited with return code 1
[2022-06-12 16:49:19,866] {local_task_job.py:273} INFO - 0 downstream tasks scheduled from follow-on schedule check
