[2022-06-12 03:05:53,449] {taskinstance.py:1159} INFO - Dependencies all met for <TaskInstance: T-dbt-job-dimensions.dbt_clone_and_transform-dimensions manual__2022-06-12T03:05:52.420181+00:00 [queued]>
[2022-06-12 03:05:53,462] {taskinstance.py:1159} INFO - Dependencies all met for <TaskInstance: T-dbt-job-dimensions.dbt_clone_and_transform-dimensions manual__2022-06-12T03:05:52.420181+00:00 [queued]>
[2022-06-12 03:05:53,462] {taskinstance.py:1356} INFO - 
--------------------------------------------------------------------------------
[2022-06-12 03:05:53,462] {taskinstance.py:1357} INFO - Starting attempt 1 of 2
[2022-06-12 03:05:53,462] {taskinstance.py:1358} INFO - 
--------------------------------------------------------------------------------
[2022-06-12 03:05:53,478] {taskinstance.py:1377} INFO - Executing <Task(BashOperator): dbt_clone_and_transform-dimensions> on 2022-06-12 03:05:52.420181+00:00
[2022-06-12 03:05:53,484] {standard_task_runner.py:52} INFO - Started process 3160 to run task
[2022-06-12 03:05:53,487] {standard_task_runner.py:79} INFO - Running: ['airflow', 'tasks', 'run', 'T-dbt-job-dimensions', 'dbt_clone_and_transform-dimensions', 'manual__2022-06-12T03:05:52.420181+00:00', '--job-id', '88', '--raw', '--subdir', 'DAGS_FOLDER/docker_job/dbt_model.py', '--cfg-path', '/tmp/tmpll36nlu6', '--error-file', '/tmp/tmpys3_ha5o']
[2022-06-12 03:05:53,488] {standard_task_runner.py:80} INFO - Job 88: Subtask dbt_clone_and_transform-dimensions
[2022-06-12 03:05:53,550] {task_command.py:370} INFO - Running <TaskInstance: T-dbt-job-dimensions.dbt_clone_and_transform-dimensions manual__2022-06-12T03:05:52.420181+00:00 [running]> on host e926c0944008
[2022-06-12 03:05:53,627] {taskinstance.py:1571} INFO - Exporting the following env vars:
AIRFLOW_CTX_DAG_EMAIL=samuelolle@yahoo.com
AIRFLOW_CTX_DAG_OWNER=airflow
AIRFLOW_CTX_DAG_ID=T-dbt-job-dimensions
AIRFLOW_CTX_TASK_ID=dbt_clone_and_transform-dimensions
AIRFLOW_CTX_EXECUTION_DATE=2022-06-12T03:05:52.420181+00:00
AIRFLOW_CTX_TRY_NUMBER=1
AIRFLOW_CTX_DAG_RUN_ID=manual__2022-06-12T03:05:52.420181+00:00
[2022-06-12 03:05:53,628] {subprocess.py:62} INFO - Tmp dir root location: 
 /tmp
[2022-06-12 03:05:53,629] {subprocess.py:74} INFO - Running command: ['bash', '-c', " rm -rf /tmp/dimensions && mkdir /tmp/dimensions                            && cp -r /tmp/dbt /tmp/dimensions/dbt                             && cd /tmp/dimensions/dbt && python3 -m venv venv                             && export PIP_USER=false                             && *** /tmp/dimensions/dbt/venv/bin/activate                             && pip  install --quiet --upgrade pip setuptools                             && pip3 install --quiet 'MarkupSafe<=2.0.1' 'dbt-postgres' 'dbt-core'                             && dbt --version && deactivate                             && cd /tmp/dimensions/dbt && *** /tmp/dimensions/dbt/venv/bin/activate                             && dbt deps --profiles-dir /tmp/dimensions/dbt/ && dbt seed --profiles-dir /tmp/dimensions/dbt/                             && dbt run --models dimensions --profiles-dir /tmp/dimensions/dbt/"]
[2022-06-12 03:05:53,643] {subprocess.py:85} INFO - Output:
[2022-06-12 03:06:30,061] {subprocess.py:92} INFO - Core:
[2022-06-12 03:06:30,061] {subprocess.py:92} INFO -   - installed: 1.1.0
[2022-06-12 03:06:30,061] {subprocess.py:92} INFO -   - latest:    1.1.0 - [32mUp to date![0m
[2022-06-12 03:06:30,061] {subprocess.py:92} INFO - 
[2022-06-12 03:06:30,061] {subprocess.py:92} INFO - Plugins:
[2022-06-12 03:06:30,061] {subprocess.py:92} INFO -   - postgres: 1.1.0 - [32mUp to date![0m
[2022-06-12 03:06:33,026] {subprocess.py:92} INFO - [0m03:06:33  Running with dbt=1.1.0
[2022-06-12 03:06:33,027] {subprocess.py:92} INFO - [0m03:06:33  Warning: No packages were found in packages.yml
[2022-06-12 03:06:35,995] {subprocess.py:92} INFO - [0m03:06:35  Running with dbt=1.1.0
[2022-06-12 03:06:36,010] {subprocess.py:92} INFO - [0m03:06:36  Partial parse save file not found. Starting full parse.
[2022-06-12 03:06:36,667] {subprocess.py:92} INFO - [0m03:06:36  [WARNING]: Configuration paths exist in your dbt_project.yml file which do not apply to any re***s.
[2022-06-12 03:06:36,667] {subprocess.py:92} INFO - There are 1 unused configuration paths:
[2022-06-12 03:06:36,668] {subprocess.py:92} INFO - - seeds.SAM
[2022-06-12 03:06:36,668] {subprocess.py:92} INFO - 
[2022-06-12 03:06:36,680] {subprocess.py:92} INFO - [0m03:06:36  Found 5 models, 6 tests, 0 snapshots, 0 analyses, 172 macros, 6 operations, 0 seed files, 4 ***s, 0 exposures, 0 metrics
[2022-06-12 03:06:36,682] {subprocess.py:92} INFO - [0m03:06:36
[2022-06-12 03:06:36,682] {subprocess.py:92} INFO - [0m03:06:36  [WARNING]: Nothing to do. Try checking your model configs and model specification args
[2022-06-12 03:06:36,688] {subprocess.py:92} INFO - [0m03:06:36
[2022-06-12 03:06:36,689] {subprocess.py:92} INFO - [0m03:06:36  Completed successfully
[2022-06-12 03:06:36,689] {subprocess.py:92} INFO - [0m03:06:36
[2022-06-12 03:06:36,689] {subprocess.py:92} INFO - [0m03:06:36  Done. PASS=0 WARN=0 ERROR=0 SKIP=0 TOTAL=0
[2022-06-12 03:06:39,852] {subprocess.py:92} INFO - [0m03:06:39  Running with dbt=1.1.0
[2022-06-12 03:06:39,887] {subprocess.py:92} INFO - [0m03:06:39  [WARNING]: Configuration paths exist in your dbt_project.yml file which do not apply to any re***s.
[2022-06-12 03:06:39,887] {subprocess.py:92} INFO - There are 1 unused configuration paths:
[2022-06-12 03:06:39,887] {subprocess.py:92} INFO - - seeds.SAM
[2022-06-12 03:06:39,888] {subprocess.py:92} INFO - 
[2022-06-12 03:06:39,902] {subprocess.py:92} INFO - [0m03:06:39  Found 5 models, 6 tests, 0 snapshots, 0 analyses, 172 macros, 6 operations, 0 seed files, 4 ***s, 0 exposures, 0 metrics
[2022-06-12 03:06:39,904] {subprocess.py:92} INFO - [0m03:06:39
[2022-06-12 03:06:39,970] {subprocess.py:92} INFO - [0m03:06:39  Concurrency: 4 threads (target='dev')
[2022-06-12 03:06:39,970] {subprocess.py:92} INFO - [0m03:06:39
[2022-06-12 03:06:39,978] {subprocess.py:92} INFO - [0m03:06:39  1 of 2 START table model analytics_dim.dim_date ................................ [RUN]
[2022-06-12 03:06:39,978] {subprocess.py:92} INFO - [0m03:06:39  2 of 2 START incremental model analytics_dim.dim_walls ......................... [RUN]
[2022-06-12 03:06:40,132] {subprocess.py:92} INFO - [0m03:06:40  1 of 2 OK created table model analytics_dim.dim_date ........................... [SELECT 546 in 0.15s]
[2022-06-12 03:06:40,152] {subprocess.py:92} INFO - [0m03:06:40  2 of 2 OK created incremental model analytics_dim.dim_walls .................... [INSERT 0 0 in 0.17s]
[2022-06-12 03:06:40,189] {subprocess.py:92} INFO - [0m03:06:40
[2022-06-12 03:06:40,189] {subprocess.py:92} INFO - [0m03:06:40  Running 6 on-run-end hooks
[2022-06-12 03:06:40,197] {subprocess.py:92} INFO - [0m03:06:40  1 of 6 START hook: SAM.on-run-end.0 ............................................ [RUN]
[2022-06-12 03:06:40,200] {subprocess.py:92} INFO - [0m03:06:40  1 of 6 OK hook: SAM.on-run-end.0 ............................................... [ALTER DEFAULT PRIVILEGES in 0.00s]
[2022-06-12 03:06:40,206] {subprocess.py:92} INFO - [0m03:06:40  2 of 6 START hook: SAM.on-run-end.1 ............................................ [RUN]
[2022-06-12 03:06:40,209] {subprocess.py:92} INFO - [0m03:06:40  2 of 6 OK hook: SAM.on-run-end.1 ............................................... [ALTER DEFAULT PRIVILEGES in 0.00s]
[2022-06-12 03:06:40,212] {subprocess.py:92} INFO - [0m03:06:40  3 of 6 START hook: SAM.on-run-end.2 ............................................ [RUN]
[2022-06-12 03:06:40,215] {subprocess.py:92} INFO - [0m03:06:40  3 of 6 OK hook: SAM.on-run-end.2 ............................................... [ALTER DEFAULT PRIVILEGES in 0.00s]
[2022-06-12 03:06:40,218] {subprocess.py:92} INFO - [0m03:06:40  4 of 6 START hook: SAM.on-run-end.3 ............................................ [RUN]
[2022-06-12 03:06:40,221] {subprocess.py:92} INFO - [0m03:06:40  4 of 6 OK hook: SAM.on-run-end.3 ............................................... [ALTER DEFAULT PRIVILEGES in 0.00s]
[2022-06-12 03:06:40,224] {subprocess.py:92} INFO - [0m03:06:40  5 of 6 START hook: SAM.on-run-end.4 ............................................ [RUN]
[2022-06-12 03:06:40,227] {subprocess.py:92} INFO - [0m03:06:40  5 of 6 OK hook: SAM.on-run-end.4 ............................................... [ALTER DEFAULT PRIVILEGES in 0.00s]
[2022-06-12 03:06:40,230] {subprocess.py:92} INFO - [0m03:06:40  6 of 6 START hook: SAM.on-run-end.5 ............................................ [RUN]
[2022-06-12 03:06:40,233] {subprocess.py:92} INFO - [0m03:06:40  6 of 6 OK hook: SAM.on-run-end.5 ............................................... [ALTER DEFAULT PRIVILEGES in 0.00s]
[2022-06-12 03:06:40,233] {subprocess.py:92} INFO - [0m03:06:40
[2022-06-12 03:06:40,235] {subprocess.py:92} INFO - [0m03:06:40
[2022-06-12 03:06:40,235] {subprocess.py:92} INFO - [0m03:06:40  Finished running 1 table model, 1 incremental model, 6 hooks in 0.33s.
[2022-06-12 03:06:40,241] {subprocess.py:92} INFO - [0m03:06:40
[2022-06-12 03:06:40,242] {subprocess.py:92} INFO - [0m03:06:40  Completed successfully
[2022-06-12 03:06:40,242] {subprocess.py:92} INFO - [0m03:06:40
[2022-06-12 03:06:40,242] {subprocess.py:92} INFO - [0m03:06:40  Done. PASS=2 WARN=0 ERROR=0 SKIP=0 TOTAL=2
[2022-06-12 03:06:40,439] {subprocess.py:96} INFO - Command exited with return code 0
[2022-06-12 03:06:40,476] {taskinstance.py:1400} INFO - Marking task as SUCCESS. dag_id=T-dbt-job-dimensions, task_id=dbt_clone_and_transform-dimensions, execution_date=20220612T030552, start_date=20220612T030553, end_date=20220612T030640
[2022-06-12 03:06:40,505] {local_task_job.py:156} INFO - Task exited with return code 0
[2022-06-12 03:06:40,536] {local_task_job.py:273} INFO - 1 downstream tasks scheduled from follow-on schedule check
