[2022-06-19 20:15:49,154] {taskinstance.py:1159} INFO - Dependencies all met for <TaskInstance: T-dbt-job-objects.dbt_clone_and_transform-objects scheduled__2022-06-19T17:45:34.700737+00:00 [queued]>
[2022-06-19 20:15:49,169] {taskinstance.py:1159} INFO - Dependencies all met for <TaskInstance: T-dbt-job-objects.dbt_clone_and_transform-objects scheduled__2022-06-19T17:45:34.700737+00:00 [queued]>
[2022-06-19 20:15:49,169] {taskinstance.py:1356} INFO - 
--------------------------------------------------------------------------------
[2022-06-19 20:15:49,169] {taskinstance.py:1357} INFO - Starting attempt 2 of 3
[2022-06-19 20:15:49,169] {taskinstance.py:1358} INFO - 
--------------------------------------------------------------------------------
[2022-06-19 20:15:49,184] {taskinstance.py:1377} INFO - Executing <Task(BashOperator): dbt_clone_and_transform-objects> on 2022-06-19 17:45:34.700737+00:00
[2022-06-19 20:15:49,190] {standard_task_runner.py:52} INFO - Started process 368 to run task
[2022-06-19 20:15:49,194] {standard_task_runner.py:79} INFO - Running: ['airflow', 'tasks', 'run', 'T-dbt-job-objects', 'dbt_clone_and_transform-objects', 'scheduled__2022-06-19T17:45:34.700737+00:00', '--job-id', '20', '--raw', '--subdir', 'DAGS_FOLDER/docker_job/dbt_model.py', '--cfg-path', '/tmp/tmpg_td8kvh', '--error-file', '/tmp/tmppc8_eh82']
[2022-06-19 20:15:49,195] {standard_task_runner.py:80} INFO - Job 20: Subtask dbt_clone_and_transform-objects
[2022-06-19 20:15:49,208] {warnings.py:110} WARNING - /home/airflow/.local/lib/python3.7/site-packages/airflow/configuration.py:525: DeprecationWarning: The sql_alchemy_conn option in [core] has been moved to the sql_alchemy_conn option in [database] - the old setting has been used, but please update your config.
  option = self._get_environment_variables(deprecated_key, deprecated_section, key, section)

[2022-06-19 20:15:49,283] {task_command.py:370} INFO - Running <TaskInstance: T-dbt-job-objects.dbt_clone_and_transform-objects scheduled__2022-06-19T17:45:34.700737+00:00 [running]> on host 7cbff6e51e2a
[2022-06-19 20:15:49,352] {taskinstance.py:1571} INFO - Exporting the following env vars:
AIRFLOW_CTX_DAG_EMAIL=samuelolle@yahoo.com
AIRFLOW_CTX_DAG_OWNER=airflow
AIRFLOW_CTX_DAG_ID=T-dbt-job-objects
AIRFLOW_CTX_TASK_ID=dbt_clone_and_transform-objects
AIRFLOW_CTX_EXECUTION_DATE=2022-06-19T17:45:34.700737+00:00
AIRFLOW_CTX_TRY_NUMBER=2
AIRFLOW_CTX_DAG_RUN_ID=scheduled__2022-06-19T17:45:34.700737+00:00
[2022-06-19 20:15:49,353] {subprocess.py:62} INFO - Tmp dir root location: 
 /tmp
[2022-06-19 20:15:49,354] {subprocess.py:74} INFO - Running command: ['bash', '-c', " rm -rf /tmp/objects && mkdir /tmp/objects                            && cp -r /tmp/dbt /tmp/objects/dbt                             && cd /tmp/objects/dbt && python3 -m venv venv                             && export PIP_USER=false                             && *** /tmp/objects/dbt/venv/bin/activate                             && pip  install --quiet --upgrade pip setuptools                             && pip3 install --quiet 'MarkupSafe<=2.0.1' 'dbt-postgres' 'dbt-core'                             && dbt --version && deactivate                             && cd /tmp/objects/dbt && *** /tmp/objects/dbt/venv/bin/activate                             && dbt deps --profiles-dir /tmp/objects/dbt/ && dbt seed --profiles-dir /tmp/objects/dbt/                             && dbt run --models objects --profiles-dir /tmp/objects/dbt/"]
[2022-06-19 20:15:49,363] {subprocess.py:85} INFO - Output:
[2022-06-19 20:16:22,962] {subprocess.py:92} INFO - Core:
[2022-06-19 20:16:22,962] {subprocess.py:92} INFO -   - installed: 1.1.1
[2022-06-19 20:16:22,962] {subprocess.py:92} INFO -   - latest:    1.1.1 - [32mUp to date![0m
[2022-06-19 20:16:22,963] {subprocess.py:92} INFO - 
[2022-06-19 20:16:22,963] {subprocess.py:92} INFO - Plugins:
[2022-06-19 20:16:22,963] {subprocess.py:92} INFO -   - postgres: 1.1.1 - [32mUp to date![0m
[2022-06-19 20:16:25,652] {subprocess.py:92} INFO - [0m20:16:25  Running with dbt=1.1.1
[2022-06-19 20:16:25,654] {subprocess.py:92} INFO - [0m20:16:25  Warning: No packages were found in packages.yml
[2022-06-19 20:16:28,542] {subprocess.py:92} INFO - [0m20:16:28  Running with dbt=1.1.1
[2022-06-19 20:16:28,555] {subprocess.py:92} INFO - [0m20:16:28  Partial parse save file not found. Starting full parse.
[2022-06-19 20:16:29,185] {subprocess.py:92} INFO - [0m20:16:29  [WARNING]: Configuration paths exist in your dbt_project.yml file which do not apply to any re***s.
[2022-06-19 20:16:29,185] {subprocess.py:92} INFO - There are 1 unused configuration paths:
[2022-06-19 20:16:29,185] {subprocess.py:92} INFO - - seeds.SAM
[2022-06-19 20:16:29,185] {subprocess.py:92} INFO - 
[2022-06-19 20:16:29,194] {subprocess.py:92} INFO - [0m20:16:29  Found 7 models, 6 tests, 0 snapshots, 0 analyses, 172 macros, 6 operations, 0 seed files, 4 ***s, 0 exposures, 0 metrics
[2022-06-19 20:16:29,196] {subprocess.py:92} INFO - [0m20:16:29
[2022-06-19 20:16:29,196] {subprocess.py:92} INFO - [0m20:16:29  [WARNING]: Nothing to do. Try checking your model configs and model specification args
[2022-06-19 20:16:29,201] {subprocess.py:92} INFO - [0m20:16:29
[2022-06-19 20:16:29,202] {subprocess.py:92} INFO - [0m20:16:29  Completed successfully
[2022-06-19 20:16:29,202] {subprocess.py:92} INFO - [0m20:16:29
[2022-06-19 20:16:29,202] {subprocess.py:92} INFO - [0m20:16:29  Done. PASS=0 WARN=0 ERROR=0 SKIP=0 TOTAL=0
[2022-06-19 20:16:31,946] {subprocess.py:92} INFO - [0m20:16:31  Running with dbt=1.1.1
[2022-06-19 20:16:31,977] {subprocess.py:92} INFO - [0m20:16:31  [WARNING]: Configuration paths exist in your dbt_project.yml file which do not apply to any re***s.
[2022-06-19 20:16:31,977] {subprocess.py:92} INFO - There are 1 unused configuration paths:
[2022-06-19 20:16:31,977] {subprocess.py:92} INFO - - seeds.SAM
[2022-06-19 20:16:31,977] {subprocess.py:92} INFO - 
[2022-06-19 20:16:31,989] {subprocess.py:92} INFO - [0m20:16:31  Found 7 models, 6 tests, 0 snapshots, 0 analyses, 172 macros, 6 operations, 0 seed files, 4 ***s, 0 exposures, 0 metrics
[2022-06-19 20:16:31,991] {subprocess.py:92} INFO - [0m20:16:31
[2022-06-19 20:16:32,070] {subprocess.py:92} INFO - [0m20:16:32  Concurrency: 4 threads (target='dev')
[2022-06-19 20:16:32,071] {subprocess.py:92} INFO - [0m20:16:32
[2022-06-19 20:16:32,078] {subprocess.py:92} INFO - [0m20:16:32  1 of 2 START table model analytics_objects.obj_users ........................... [RUN]
[2022-06-19 20:16:32,078] {subprocess.py:92} INFO - [0m20:16:32  2 of 2 START table model analytics_objects.obj_walls ........................... [RUN]
[2022-06-19 20:16:32,170] {subprocess.py:92} INFO - [0m20:16:32  1 of 2 OK created table model analytics_objects.obj_users ...................... [SELECT 15 in 0.09s]
[2022-06-19 20:16:32,171] {subprocess.py:92} INFO - [0m20:16:32  2 of 2 OK created table model analytics_objects.obj_walls ...................... [SELECT 12 in 0.09s]
[2022-06-19 20:16:32,182] {subprocess.py:92} INFO - [0m20:16:32
[2022-06-19 20:16:32,183] {subprocess.py:92} INFO - [0m20:16:32  Running 6 on-run-end hooks
[2022-06-19 20:16:32,189] {subprocess.py:92} INFO - [0m20:16:32  1 of 6 START hook: SAM.on-run-end.0 ............................................ [RUN]
[2022-06-19 20:16:32,190] {subprocess.py:92} INFO - [0m20:16:32  1 of 6 OK hook: SAM.on-run-end.0 ............................................... [ALTER DEFAULT PRIVILEGES in 0.00s]
[2022-06-19 20:16:32,195] {subprocess.py:92} INFO - [0m20:16:32  2 of 6 START hook: SAM.on-run-end.1 ............................................ [RUN]
[2022-06-19 20:16:32,197] {subprocess.py:92} INFO - [0m20:16:32  2 of 6 OK hook: SAM.on-run-end.1 ............................................... [ALTER DEFAULT PRIVILEGES in 0.00s]
[2022-06-19 20:16:32,201] {subprocess.py:92} INFO - [0m20:16:32  3 of 6 START hook: SAM.on-run-end.2 ............................................ [RUN]
[2022-06-19 20:16:32,206] {subprocess.py:92} INFO - [0m20:16:32  3 of 6 OK hook: SAM.on-run-end.2 ............................................... [ALTER DEFAULT PRIVILEGES in 0.00s]
[2022-06-19 20:16:32,206] {subprocess.py:92} INFO - [0m20:16:32  4 of 6 START hook: SAM.on-run-end.3 ............................................ [RUN]
[2022-06-19 20:16:32,209] {subprocess.py:92} INFO - [0m20:16:32  4 of 6 OK hook: SAM.on-run-end.3 ............................................... [ALTER DEFAULT PRIVILEGES in 0.00s]
[2022-06-19 20:16:32,212] {subprocess.py:92} INFO - [0m20:16:32  5 of 6 START hook: SAM.on-run-end.4 ............................................ [RUN]
[2022-06-19 20:16:32,214] {subprocess.py:92} INFO - [0m20:16:32  5 of 6 OK hook: SAM.on-run-end.4 ............................................... [ALTER DEFAULT PRIVILEGES in 0.00s]
[2022-06-19 20:16:32,219] {subprocess.py:92} INFO - [0m20:16:32  6 of 6 START hook: SAM.on-run-end.5 ............................................ [RUN]
[2022-06-19 20:16:32,221] {subprocess.py:92} INFO - [0m20:16:32  6 of 6 OK hook: SAM.on-run-end.5 ............................................... [ALTER DEFAULT PRIVILEGES in 0.00s]
[2022-06-19 20:16:32,221] {subprocess.py:92} INFO - [0m20:16:32
[2022-06-19 20:16:32,222] {subprocess.py:92} INFO - [0m20:16:32
[2022-06-19 20:16:32,223] {subprocess.py:92} INFO - [0m20:16:32  Finished running 2 table models, 6 hooks in 0.23s.
[2022-06-19 20:16:32,228] {subprocess.py:92} INFO - [0m20:16:32
[2022-06-19 20:16:32,229] {subprocess.py:92} INFO - [0m20:16:32  Completed successfully
[2022-06-19 20:16:32,229] {subprocess.py:92} INFO - [0m20:16:32
[2022-06-19 20:16:32,229] {subprocess.py:92} INFO - [0m20:16:32  Done. PASS=2 WARN=0 ERROR=0 SKIP=0 TOTAL=2
[2022-06-19 20:16:32,383] {subprocess.py:96} INFO - Command exited with return code 0
[2022-06-19 20:16:32,408] {taskinstance.py:1400} INFO - Marking task as SUCCESS. dag_id=T-dbt-job-objects, task_id=dbt_clone_and_transform-objects, execution_date=20220619T174534, start_date=20220619T201549, end_date=20220619T201632
[2022-06-19 20:16:32,429] {local_task_job.py:156} INFO - Task exited with return code 0
[2022-06-19 20:16:32,453] {local_task_job.py:273} INFO - 0 downstream tasks scheduled from follow-on schedule check
