[2022-06-12 21:11:45,375] {taskinstance.py:1159} INFO - Dependencies all met for <TaskInstance: T-dbt-job-dimensions.dbt_clone_and_transform-dimensions scheduled__2022-06-12T19:09:30.915751+00:00 [queued]>
[2022-06-12 21:11:45,383] {taskinstance.py:1159} INFO - Dependencies all met for <TaskInstance: T-dbt-job-dimensions.dbt_clone_and_transform-dimensions scheduled__2022-06-12T19:09:30.915751+00:00 [queued]>
[2022-06-12 21:11:45,383] {taskinstance.py:1356} INFO - 
--------------------------------------------------------------------------------
[2022-06-12 21:11:45,383] {taskinstance.py:1357} INFO - Starting attempt 2 of 2
[2022-06-12 21:11:45,383] {taskinstance.py:1358} INFO - 
--------------------------------------------------------------------------------
[2022-06-12 21:11:45,395] {taskinstance.py:1377} INFO - Executing <Task(BashOperator): dbt_clone_and_transform-dimensions> on 2022-06-12 19:09:30.915751+00:00
[2022-06-12 21:11:45,400] {standard_task_runner.py:52} INFO - Started process 70 to run task
[2022-06-12 21:11:45,402] {standard_task_runner.py:79} INFO - Running: ['airflow', 'tasks', 'run', 'T-dbt-job-dimensions', 'dbt_clone_and_transform-dimensions', 'scheduled__2022-06-12T19:09:30.915751+00:00', '--job-id', '13', '--raw', '--subdir', 'DAGS_FOLDER/docker_job/dbt_model.py', '--cfg-path', '/tmp/tmpv_ym59sl', '--error-file', '/tmp/tmplpq0_tpt']
[2022-06-12 21:11:45,403] {standard_task_runner.py:80} INFO - Job 13: Subtask dbt_clone_and_transform-dimensions
[2022-06-12 21:11:45,414] {warnings.py:110} WARNING - /home/airflow/.local/lib/python3.7/site-packages/airflow/configuration.py:525: DeprecationWarning: The sql_alchemy_conn option in [core] has been moved to the sql_alchemy_conn option in [database] - the old setting has been used, but please update your config.
  option = self._get_environment_variables(deprecated_key, deprecated_section, key, section)

[2022-06-12 21:11:45,451] {task_command.py:370} INFO - Running <TaskInstance: T-dbt-job-dimensions.dbt_clone_and_transform-dimensions scheduled__2022-06-12T19:09:30.915751+00:00 [running]> on host 0d9d7b7f40c6
[2022-06-12 21:11:45,513] {taskinstance.py:1571} INFO - Exporting the following env vars:
AIRFLOW_CTX_DAG_EMAIL=samuelolle@yahoo.com
AIRFLOW_CTX_DAG_OWNER=airflow
AIRFLOW_CTX_DAG_ID=T-dbt-job-dimensions
AIRFLOW_CTX_TASK_ID=dbt_clone_and_transform-dimensions
AIRFLOW_CTX_EXECUTION_DATE=2022-06-12T19:09:30.915751+00:00
AIRFLOW_CTX_TRY_NUMBER=2
AIRFLOW_CTX_DAG_RUN_ID=scheduled__2022-06-12T19:09:30.915751+00:00
[2022-06-12 21:11:45,514] {subprocess.py:62} INFO - Tmp dir root location: 
 /tmp
[2022-06-12 21:11:45,515] {subprocess.py:74} INFO - Running command: ['bash', '-c', " rm -rf /tmp/dimensions && mkdir /tmp/dimensions                            && cp -r /tmp/dbt /tmp/dimensions/dbt                             && cd /tmp/dimensions/dbt && python3 -m venv venv                             && export PIP_USER=false                             && *** /tmp/dimensions/dbt/venv/bin/activate                             && pip  install --quiet --upgrade pip setuptools                             && pip3 install --quiet 'MarkupSafe<=2.0.1' 'dbt-postgres' 'dbt-core'                             && dbt --version && deactivate                             && cd /tmp/dimensions/dbt && *** /tmp/dimensions/dbt/venv/bin/activate                             && dbt deps --profiles-dir /tmp/dimensions/dbt/ && dbt seed --profiles-dir /tmp/dimensions/dbt/                             && dbt run --models dimensions --profiles-dir /tmp/dimensions/dbt/"]
[2022-06-12 21:11:45,532] {subprocess.py:85} INFO - Output:
[2022-06-12 21:12:27,324] {subprocess.py:92} INFO - Core:
[2022-06-12 21:12:27,325] {subprocess.py:92} INFO -   - installed: 1.1.0
[2022-06-12 21:12:27,325] {subprocess.py:92} INFO -   - latest:    1.1.0 - [32mUp to date![0m
[2022-06-12 21:12:27,325] {subprocess.py:92} INFO - 
[2022-06-12 21:12:27,326] {subprocess.py:92} INFO - Plugins:
[2022-06-12 21:12:27,326] {subprocess.py:92} INFO -   - postgres: 1.1.0 - [32mUp to date![0m
[2022-06-12 21:12:30,425] {subprocess.py:92} INFO - [0m21:12:30  Running with dbt=1.1.0
[2022-06-12 21:12:30,427] {subprocess.py:92} INFO - [0m21:12:30  Warning: No packages were found in packages.yml
[2022-06-12 21:12:33,564] {subprocess.py:92} INFO - [0m21:12:33  Running with dbt=1.1.0
[2022-06-12 21:12:33,582] {subprocess.py:92} INFO - [0m21:12:33  Partial parse save file not found. Starting full parse.
[2022-06-12 21:12:34,274] {subprocess.py:92} INFO - [0m21:12:34  [WARNING]: Configuration paths exist in your dbt_project.yml file which do not apply to any re***s.
[2022-06-12 21:12:34,274] {subprocess.py:92} INFO - There are 1 unused configuration paths:
[2022-06-12 21:12:34,274] {subprocess.py:92} INFO - - seeds.SAM
[2022-06-12 21:12:34,274] {subprocess.py:92} INFO - 
[2022-06-12 21:12:34,286] {subprocess.py:92} INFO - [0m21:12:34  Found 7 models, 6 tests, 0 snapshots, 0 analyses, 172 macros, 6 operations, 0 seed files, 4 ***s, 0 exposures, 0 metrics
[2022-06-12 21:12:34,288] {subprocess.py:92} INFO - [0m21:12:34
[2022-06-12 21:12:34,288] {subprocess.py:92} INFO - [0m21:12:34  [WARNING]: Nothing to do. Try checking your model configs and model specification args
[2022-06-12 21:12:34,293] {subprocess.py:92} INFO - [0m21:12:34
[2022-06-12 21:12:34,294] {subprocess.py:92} INFO - [0m21:12:34  Completed successfully
[2022-06-12 21:12:34,294] {subprocess.py:92} INFO - [0m21:12:34
[2022-06-12 21:12:34,294] {subprocess.py:92} INFO - [0m21:12:34  Done. PASS=0 WARN=0 ERROR=0 SKIP=0 TOTAL=0
[2022-06-12 21:12:37,781] {subprocess.py:92} INFO - [0m21:12:37  Running with dbt=1.1.0
[2022-06-12 21:12:37,836] {subprocess.py:92} INFO - [0m21:12:37  [WARNING]: Configuration paths exist in your dbt_project.yml file which do not apply to any re***s.
[2022-06-12 21:12:37,837] {subprocess.py:92} INFO - There are 1 unused configuration paths:
[2022-06-12 21:12:37,837] {subprocess.py:92} INFO - - seeds.SAM
[2022-06-12 21:12:37,837] {subprocess.py:92} INFO - 
[2022-06-12 21:12:37,857] {subprocess.py:92} INFO - [0m21:12:37  Found 7 models, 6 tests, 0 snapshots, 0 analyses, 172 macros, 6 operations, 0 seed files, 4 ***s, 0 exposures, 0 metrics
[2022-06-12 21:12:37,860] {subprocess.py:92} INFO - [0m21:12:37
[2022-06-12 21:12:37,947] {subprocess.py:92} INFO - [0m21:12:37  Concurrency: 4 threads (target='dev')
[2022-06-12 21:12:37,947] {subprocess.py:92} INFO - [0m21:12:37
[2022-06-12 21:12:37,954] {subprocess.py:92} INFO - [0m21:12:37  1 of 3 START table model analytics_dim.dim_date ................................ [RUN]
[2022-06-12 21:12:37,959] {subprocess.py:92} INFO - [0m21:12:37  2 of 3 START incremental model analytics_dim.dim_users ......................... [RUN]
[2022-06-12 21:12:37,960] {subprocess.py:92} INFO - [0m21:12:37  3 of 3 START incremental model analytics_dim.dim_walls ......................... [RUN]
[2022-06-12 21:12:38,121] {subprocess.py:92} INFO - [0m21:12:38  1 of 3 OK created table model analytics_dim.dim_date ........................... [SELECT 546 in 0.17s]
[2022-06-12 21:12:38,157] {subprocess.py:92} INFO - [0m21:12:38  3 of 3 OK created incremental model analytics_dim.dim_walls .................... [INSERT 0 0 in 0.20s]
[2022-06-12 21:12:38,160] {subprocess.py:92} INFO - [0m21:12:38  2 of 3 OK created incremental model analytics_dim.dim_users .................... [INSERT 0 0 in 0.20s]
[2022-06-12 21:12:38,266] {subprocess.py:92} INFO - [0m21:12:38
[2022-06-12 21:12:38,266] {subprocess.py:92} INFO - [0m21:12:38  Running 6 on-run-end hooks
[2022-06-12 21:12:38,272] {subprocess.py:92} INFO - [0m21:12:38  1 of 6 START hook: SAM.on-run-end.0 ............................................ [RUN]
[2022-06-12 21:12:38,275] {subprocess.py:92} INFO - [0m21:12:38  1 of 6 OK hook: SAM.on-run-end.0 ............................................... [ALTER DEFAULT PRIVILEGES in 0.00s]
[2022-06-12 21:12:38,279] {subprocess.py:92} INFO - [0m21:12:38  2 of 6 START hook: SAM.on-run-end.1 ............................................ [RUN]
[2022-06-12 21:12:38,281] {subprocess.py:92} INFO - [0m21:12:38  2 of 6 OK hook: SAM.on-run-end.1 ............................................... [ALTER DEFAULT PRIVILEGES in 0.00s]
[2022-06-12 21:12:38,284] {subprocess.py:92} INFO - [0m21:12:38  3 of 6 START hook: SAM.on-run-end.2 ............................................ [RUN]
[2022-06-12 21:12:38,286] {subprocess.py:92} INFO - [0m21:12:38  3 of 6 OK hook: SAM.on-run-end.2 ............................................... [ALTER DEFAULT PRIVILEGES in 0.00s]
[2022-06-12 21:12:38,289] {subprocess.py:92} INFO - [0m21:12:38  4 of 6 START hook: SAM.on-run-end.3 ............................................ [RUN]
[2022-06-12 21:12:38,291] {subprocess.py:92} INFO - [0m21:12:38  4 of 6 OK hook: SAM.on-run-end.3 ............................................... [ALTER DEFAULT PRIVILEGES in 0.00s]
[2022-06-12 21:12:38,295] {subprocess.py:92} INFO - [0m21:12:38  5 of 6 START hook: SAM.on-run-end.4 ............................................ [RUN]
[2022-06-12 21:12:38,299] {subprocess.py:92} INFO - [0m21:12:38  5 of 6 OK hook: SAM.on-run-end.4 ............................................... [ALTER DEFAULT PRIVILEGES in 0.00s]
[2022-06-12 21:12:38,302] {subprocess.py:92} INFO - [0m21:12:38  6 of 6 START hook: SAM.on-run-end.5 ............................................ [RUN]
[2022-06-12 21:12:38,304] {subprocess.py:92} INFO - [0m21:12:38  6 of 6 OK hook: SAM.on-run-end.5 ............................................... [ALTER DEFAULT PRIVILEGES in 0.00s]
[2022-06-12 21:12:38,304] {subprocess.py:92} INFO - [0m21:12:38
[2022-06-12 21:12:38,305] {subprocess.py:92} INFO - [0m21:12:38
[2022-06-12 21:12:38,305] {subprocess.py:92} INFO - [0m21:12:38  Finished running 1 table model, 2 incremental models, 6 hooks in 0.44s.
[2022-06-12 21:12:38,311] {subprocess.py:92} INFO - [0m21:12:38
[2022-06-12 21:12:38,312] {subprocess.py:92} INFO - [0m21:12:38  Completed successfully
[2022-06-12 21:12:38,312] {subprocess.py:92} INFO - [0m21:12:38
[2022-06-12 21:12:38,312] {subprocess.py:92} INFO - [0m21:12:38  Done. PASS=3 WARN=0 ERROR=0 SKIP=0 TOTAL=3
[2022-06-12 21:12:38,476] {subprocess.py:96} INFO - Command exited with return code 0
[2022-06-12 21:12:38,507] {taskinstance.py:1400} INFO - Marking task as SUCCESS. dag_id=T-dbt-job-dimensions, task_id=dbt_clone_and_transform-dimensions, execution_date=20220612T190930, start_date=20220612T211145, end_date=20220612T211238
[2022-06-12 21:12:38,531] {local_task_job.py:156} INFO - Task exited with return code 0
[2022-06-12 21:12:38,558] {local_task_job.py:273} INFO - 1 downstream tasks scheduled from follow-on schedule check
