[2022-06-11 18:57:02,352] {taskinstance.py:1159} INFO - Dependencies all met for <TaskInstance: T-dbt-job-dimensions.dbt_clone_and_transform-dimensions manual__2022-06-11T18:57:01.779338+00:00 [queued]>
[2022-06-11 18:57:02,368] {taskinstance.py:1159} INFO - Dependencies all met for <TaskInstance: T-dbt-job-dimensions.dbt_clone_and_transform-dimensions manual__2022-06-11T18:57:01.779338+00:00 [queued]>
[2022-06-11 18:57:02,369] {taskinstance.py:1356} INFO - 
--------------------------------------------------------------------------------
[2022-06-11 18:57:02,369] {taskinstance.py:1357} INFO - Starting attempt 1 of 2
[2022-06-11 18:57:02,369] {taskinstance.py:1358} INFO - 
--------------------------------------------------------------------------------
[2022-06-11 18:57:02,390] {taskinstance.py:1377} INFO - Executing <Task(BashOperator): dbt_clone_and_transform-dimensions> on 2022-06-11 18:57:01.779338+00:00
[2022-06-11 18:57:02,398] {standard_task_runner.py:52} INFO - Started process 1792 to run task
[2022-06-11 18:57:02,402] {standard_task_runner.py:79} INFO - Running: ['airflow', 'tasks', 'run', 'T-dbt-job-dimensions', 'dbt_clone_and_transform-dimensions', 'manual__2022-06-11T18:57:01.779338+00:00', '--job-id', '111', '--raw', '--subdir', 'DAGS_FOLDER/docker_job/dbt_model.py', '--cfg-path', '/tmp/tmpu7lihmol', '--error-file', '/tmp/tmp0db9ye5c']
[2022-06-11 18:57:02,402] {standard_task_runner.py:80} INFO - Job 111: Subtask dbt_clone_and_transform-dimensions
[2022-06-11 18:57:02,488] {task_command.py:370} INFO - Running <TaskInstance: T-dbt-job-dimensions.dbt_clone_and_transform-dimensions manual__2022-06-11T18:57:01.779338+00:00 [running]> on host d8836eb746ac
[2022-06-11 18:57:02,610] {taskinstance.py:1571} INFO - Exporting the following env vars:
AIRFLOW_CTX_DAG_EMAIL=samuelolle@yahoo.com
AIRFLOW_CTX_DAG_OWNER=airflow
AIRFLOW_CTX_DAG_ID=T-dbt-job-dimensions
AIRFLOW_CTX_TASK_ID=dbt_clone_and_transform-dimensions
AIRFLOW_CTX_EXECUTION_DATE=2022-06-11T18:57:01.779338+00:00
AIRFLOW_CTX_TRY_NUMBER=1
AIRFLOW_CTX_DAG_RUN_ID=manual__2022-06-11T18:57:01.779338+00:00
[2022-06-11 18:57:02,613] {subprocess.py:62} INFO - Tmp dir root location: 
 /tmp
[2022-06-11 18:57:02,614] {subprocess.py:74} INFO - Running command: ['bash', '-c', " rm -rf /tmp/dimensions && mkdir /tmp/dimensions                            && cp -r /tmp/dbt /tmp/dimensions/dbt                             && cd /tmp/dimensions/dbt && python3 -m venv venv                             && export PIP_USER=false                             && *** /tmp/dimensions/dbt/venv/bin/activate                             && pip  install --quiet --upgrade pip setuptools                             && pip3 install --quiet 'MarkupSafe<=2.0.1' 'dbt-postgres' 'dbt-core'                             && dbt --version && deactivate                             && cd /tmp/dimensions/dbt && *** /tmp/dimensions/dbt/venv/bin/activate                             && dbt deps --profiles-dir /tmp/dimensions/dbt/ && dbt seed --profiles-dir /tmp/dimensions/dbt/                             && dbt run --models dimensions --profiles-dir /tmp/dimensions/dbt/"]
[2022-06-11 18:57:02,638] {subprocess.py:85} INFO - Output:
[2022-06-11 18:57:38,961] {subprocess.py:92} INFO - Core:
[2022-06-11 18:57:38,961] {subprocess.py:92} INFO -   - installed: 1.1.0
[2022-06-11 18:57:38,961] {subprocess.py:92} INFO -   - latest:    1.1.0 - [32mUp to date![0m
[2022-06-11 18:57:38,962] {subprocess.py:92} INFO - 
[2022-06-11 18:57:38,962] {subprocess.py:92} INFO - Plugins:
[2022-06-11 18:57:38,962] {subprocess.py:92} INFO -   - postgres: 1.1.0 - [32mUp to date![0m
[2022-06-11 18:57:42,292] {subprocess.py:92} INFO - [0m18:57:42  Running with dbt=1.1.0
[2022-06-11 18:57:42,294] {subprocess.py:92} INFO - [0m18:57:42  Warning: No packages were found in packages.yml
[2022-06-11 18:57:45,711] {subprocess.py:92} INFO - [0m18:57:45  Running with dbt=1.1.0
[2022-06-11 18:57:45,727] {subprocess.py:92} INFO - [0m18:57:45  Partial parse save file not found. Starting full parse.
[2022-06-11 18:57:46,377] {subprocess.py:92} INFO - [0m18:57:46  [WARNING]: Configuration paths exist in your dbt_project.yml file which do not apply to any re***s.
[2022-06-11 18:57:46,377] {subprocess.py:92} INFO - There are 1 unused configuration paths:
[2022-06-11 18:57:46,378] {subprocess.py:92} INFO - - seeds.SAM
[2022-06-11 18:57:46,378] {subprocess.py:92} INFO - 
[2022-06-11 18:57:46,393] {subprocess.py:92} INFO - [0m18:57:46  Found 4 models, 6 tests, 0 snapshots, 0 analyses, 171 macros, 4 operations, 0 seed files, 4 ***s, 0 exposures, 0 metrics
[2022-06-11 18:57:46,394] {subprocess.py:92} INFO - [0m18:57:46
[2022-06-11 18:57:46,395] {subprocess.py:92} INFO - [0m18:57:46  [WARNING]: Nothing to do. Try checking your model configs and model specification args
[2022-06-11 18:57:46,401] {subprocess.py:92} INFO - [0m18:57:46
[2022-06-11 18:57:46,402] {subprocess.py:92} INFO - [0m18:57:46  Completed successfully
[2022-06-11 18:57:46,402] {subprocess.py:92} INFO - [0m18:57:46
[2022-06-11 18:57:46,403] {subprocess.py:92} INFO - [0m18:57:46  Done. PASS=0 WARN=0 ERROR=0 SKIP=0 TOTAL=0
[2022-06-11 18:57:49,823] {subprocess.py:92} INFO - [0m18:57:49  Running with dbt=1.1.0
[2022-06-11 18:57:49,871] {subprocess.py:92} INFO - [0m18:57:49  [WARNING]: Configuration paths exist in your dbt_project.yml file which do not apply to any re***s.
[2022-06-11 18:57:49,871] {subprocess.py:92} INFO - There are 1 unused configuration paths:
[2022-06-11 18:57:49,871] {subprocess.py:92} INFO - - seeds.SAM
[2022-06-11 18:57:49,871] {subprocess.py:92} INFO - 
[2022-06-11 18:57:49,884] {subprocess.py:92} INFO - [0m18:57:49  Found 4 models, 6 tests, 0 snapshots, 0 analyses, 171 macros, 4 operations, 0 seed files, 4 ***s, 0 exposures, 0 metrics
[2022-06-11 18:57:49,892] {subprocess.py:92} INFO - [0m18:57:49
[2022-06-11 18:57:50,012] {subprocess.py:92} INFO - [0m18:57:50  Concurrency: 4 threads (target='dev')
[2022-06-11 18:57:50,012] {subprocess.py:92} INFO - [0m18:57:50
[2022-06-11 18:57:50,039] {subprocess.py:92} INFO - [0m18:57:50  1 of 1 START view model analytics_object_analytics_objects.dim_date ............ [RUN]
[2022-06-11 18:57:50,122] {subprocess.py:92} INFO - [0m18:57:50  1 of 1 OK created view model analytics_object_analytics_objects.dim_date ....... [CREATE VIEW in 0.08s]
[2022-06-11 18:57:50,139] {subprocess.py:92} INFO - [0m18:57:50
[2022-06-11 18:57:50,139] {subprocess.py:92} INFO - [0m18:57:50  Running 4 on-run-end hooks
[2022-06-11 18:57:50,145] {subprocess.py:92} INFO - [0m18:57:50  1 of 4 START hook: SAM.on-run-end.0 ............................................ [RUN]
[2022-06-11 18:57:50,148] {subprocess.py:92} INFO - [0m18:57:50  1 of 4 OK hook: SAM.on-run-end.0 ............................................... [ALTER DEFAULT PRIVILEGES in 0.00s]
[2022-06-11 18:57:50,152] {subprocess.py:92} INFO - [0m18:57:50  2 of 4 START hook: SAM.on-run-end.1 ............................................ [RUN]
[2022-06-11 18:57:50,154] {subprocess.py:92} INFO - [0m18:57:50  2 of 4 OK hook: SAM.on-run-end.1 ............................................... [ALTER DEFAULT PRIVILEGES in 0.00s]
[2022-06-11 18:57:50,158] {subprocess.py:92} INFO - [0m18:57:50  3 of 4 START hook: SAM.on-run-end.2 ............................................ [RUN]
[2022-06-11 18:57:50,161] {subprocess.py:92} INFO - [0m18:57:50  3 of 4 OK hook: SAM.on-run-end.2 ............................................... [ALTER DEFAULT PRIVILEGES in 0.00s]
[2022-06-11 18:57:50,165] {subprocess.py:92} INFO - [0m18:57:50  4 of 4 START hook: SAM.on-run-end.3 ............................................ [RUN]
[2022-06-11 18:57:50,168] {subprocess.py:92} INFO - [0m18:57:50  4 of 4 OK hook: SAM.on-run-end.3 ............................................... [ALTER DEFAULT PRIVILEGES in 0.00s]
[2022-06-11 18:57:50,168] {subprocess.py:92} INFO - [0m18:57:50
[2022-06-11 18:57:50,170] {subprocess.py:92} INFO - [0m18:57:50
[2022-06-11 18:57:50,170] {subprocess.py:92} INFO - [0m18:57:50  Finished running 1 view model, 4 hooks in 0.28s.
[2022-06-11 18:57:50,176] {subprocess.py:92} INFO - [0m18:57:50
[2022-06-11 18:57:50,177] {subprocess.py:92} INFO - [0m18:57:50  Completed successfully
[2022-06-11 18:57:50,177] {subprocess.py:92} INFO - [0m18:57:50
[2022-06-11 18:57:50,177] {subprocess.py:92} INFO - [0m18:57:50  Done. PASS=1 WARN=0 ERROR=0 SKIP=0 TOTAL=1
[2022-06-11 18:57:50,387] {subprocess.py:96} INFO - Command exited with return code 0
[2022-06-11 18:57:50,428] {taskinstance.py:1400} INFO - Marking task as SUCCESS. dag_id=T-dbt-job-dimensions, task_id=dbt_clone_and_transform-dimensions, execution_date=20220611T185701, start_date=20220611T185702, end_date=20220611T185750
[2022-06-11 18:57:50,475] {local_task_job.py:156} INFO - Task exited with return code 0
[2022-06-11 18:57:50,509] {local_task_job.py:273} INFO - 1 downstream tasks scheduled from follow-on schedule check
