[2022-06-17 20:13:01,770] {taskinstance.py:1159} INFO - Dependencies all met for <TaskInstance: Job-pts.pts-Papple-iphone-xs-max-512gb-space-grau_h_6257 manual__2022-06-17T20:12:59.782916+00:00 [queued]>
[2022-06-17 20:13:01,780] {taskinstance.py:1159} INFO - Dependencies all met for <TaskInstance: Job-pts.pts-Papple-iphone-xs-max-512gb-space-grau_h_6257 manual__2022-06-17T20:12:59.782916+00:00 [queued]>
[2022-06-17 20:13:01,780] {taskinstance.py:1356} INFO - 
--------------------------------------------------------------------------------
[2022-06-17 20:13:01,780] {taskinstance.py:1357} INFO - Starting attempt 1 of 6
[2022-06-17 20:13:01,780] {taskinstance.py:1358} INFO - 
--------------------------------------------------------------------------------
[2022-06-17 20:13:01,794] {taskinstance.py:1377} INFO - Executing <Task(PythonOperator): pts-Papple-iphone-xs-max-512gb-space-grau_h_6257> on 2022-06-17 20:12:59.782916+00:00
[2022-06-17 20:13:01,799] {standard_task_runner.py:52} INFO - Started process 4658 to run task
[2022-06-17 20:13:01,802] {standard_task_runner.py:79} INFO - Running: ['airflow', 'tasks', 'run', 'Job-pts', 'pts-Papple-iphone-xs-max-512gb-space-grau_h_6257', 'manual__2022-06-17T20:12:59.782916+00:00', '--job-id', '296', '--raw', '--subdir', 'DAGS_FOLDER/docker_job/price_scale.py', '--cfg-path', '/tmp/tmp85o9tp8n', '--error-file', '/tmp/tmpv_ol8vre']
[2022-06-17 20:13:01,802] {standard_task_runner.py:80} INFO - Job 296: Subtask pts-Papple-iphone-xs-max-512gb-space-grau_h_6257
[2022-06-17 20:13:01,964] {task_command.py:370} INFO - Running <TaskInstance: Job-pts.pts-Papple-iphone-xs-max-512gb-space-grau_h_6257 manual__2022-06-17T20:12:59.782916+00:00 [running]> on host 31bbb70af43b
[2022-06-17 20:13:02,877] {taskinstance.py:1571} INFO - Exporting the following env vars:
AIRFLOW_CTX_DAG_EMAIL=samuel.momoh-olle@asgoodasnew.com
AIRFLOW_CTX_DAG_OWNER=airflow
AIRFLOW_CTX_DAG_ID=Job-pts
AIRFLOW_CTX_TASK_ID=pts-Papple-iphone-xs-max-512gb-space-grau_h_6257
AIRFLOW_CTX_EXECUTION_DATE=2022-06-17T20:12:59.782916+00:00
AIRFLOW_CTX_TRY_NUMBER=1
AIRFLOW_CTX_DAG_RUN_ID=manual__2022-06-17T20:12:59.782916+00:00
[2022-06-17 20:16:03,161] {local_task_job.py:84} ERROR - Received SIGTERM. Terminating subprocesses
[2022-06-17 20:16:03,298] {process_utils.py:129} INFO - Sending Signals.SIGTERM to group 4658. PIDs of all processes in the group: [4722, 4733, 4738, 4739, 4754, 4757, 4899, 4799, 4789, 4658]
[2022-06-17 20:16:03,309] {process_utils.py:80} INFO - Sending the signal Signals.SIGTERM to group 4658
[2022-06-17 20:16:03,316] {taskinstance.py:1541} ERROR - Received SIGTERM. Terminating subprocesses.
[2022-06-17 20:16:03,562] {process_utils.py:75} INFO - Process psutil.Process(pid=4722, status='terminated', started='20:13:02') (4722) terminated with exit code None
[2022-06-17 20:16:03,685] {process_utils.py:75} INFO - Process psutil.Process(pid=4899, status='terminated', started='20:14:13') (4899) terminated with exit code None
[2022-06-17 20:16:03,685] {process_utils.py:75} INFO - Process psutil.Process(pid=4799, status='terminated', started='20:13:05') (4799) terminated with exit code None
[2022-06-17 20:16:03,794] {process_utils.py:75} INFO - Process psutil.Process(pid=4733, status='terminated', started='20:13:02') (4733) terminated with exit code None
[2022-06-17 20:16:03,795] {process_utils.py:75} INFO - Process psutil.Process(pid=4738, status='terminated', started='20:13:02') (4738) terminated with exit code None
[2022-06-17 20:16:03,795] {process_utils.py:75} INFO - Process psutil.Process(pid=4739, status='terminated', started='20:13:02') (4739) terminated with exit code None
[2022-06-17 20:16:03,795] {process_utils.py:75} INFO - Process psutil.Process(pid=4757, status='terminated', started='20:13:03') (4757) terminated with exit code None
[2022-06-17 20:16:03,850] {process_utils.py:75} INFO - Process psutil.Process(pid=4754, status='terminated', started='20:13:02') (4754) terminated with exit code None
[2022-06-17 20:16:04,108] {process_utils.py:75} INFO - Process psutil.Process(pid=4789, status='terminated', started='20:13:04') (4789) terminated with exit code None
[2022-06-17 20:16:06,517] {local_task_job.py:84} ERROR - Received SIGTERM. Terminating subprocesses
