[2022-06-12 02:00:56,800] {taskinstance.py:1159} INFO - Dependencies all met for <TaskInstance: T-dbt-job-objects.dbt_cleanup-objects manual__2022-06-12T02:00:07.183002+00:00 [queued]>
[2022-06-12 02:00:56,820] {taskinstance.py:1159} INFO - Dependencies all met for <TaskInstance: T-dbt-job-objects.dbt_cleanup-objects manual__2022-06-12T02:00:07.183002+00:00 [queued]>
[2022-06-12 02:00:56,821] {taskinstance.py:1356} INFO - 
--------------------------------------------------------------------------------
[2022-06-12 02:00:56,821] {taskinstance.py:1357} INFO - Starting attempt 1 of 2
[2022-06-12 02:00:56,821] {taskinstance.py:1358} INFO - 
--------------------------------------------------------------------------------
[2022-06-12 02:00:56,852] {taskinstance.py:1377} INFO - Executing <Task(BashOperator): dbt_cleanup-objects> on 2022-06-12 02:00:07.183002+00:00
[2022-06-12 02:00:56,864] {standard_task_runner.py:52} INFO - Started process 1855 to run task
[2022-06-12 02:00:56,869] {standard_task_runner.py:79} INFO - Running: ['airflow', 'tasks', 'run', 'T-dbt-job-objects', 'dbt_cleanup-objects', 'manual__2022-06-12T02:00:07.183002+00:00', '--job-id', '62', '--raw', '--subdir', 'DAGS_FOLDER/docker_job/dbt_model.py', '--cfg-path', '/tmp/tmplhz4sr6z', '--error-file', '/tmp/tmp2epv7om7']
[2022-06-12 02:00:56,870] {standard_task_runner.py:80} INFO - Job 62: Subtask dbt_cleanup-objects
[2022-06-12 02:00:56,951] {task_command.py:370} INFO - Running <TaskInstance: T-dbt-job-objects.dbt_cleanup-objects manual__2022-06-12T02:00:07.183002+00:00 [running]> on host e926c0944008
[2022-06-12 02:00:57,033] {taskinstance.py:1571} INFO - Exporting the following env vars:
AIRFLOW_CTX_DAG_EMAIL=samuelolle@yahoo.com
AIRFLOW_CTX_DAG_OWNER=airflow
AIRFLOW_CTX_DAG_ID=T-dbt-job-objects
AIRFLOW_CTX_TASK_ID=dbt_cleanup-objects
AIRFLOW_CTX_EXECUTION_DATE=2022-06-12T02:00:07.183002+00:00
AIRFLOW_CTX_TRY_NUMBER=1
AIRFLOW_CTX_DAG_RUN_ID=manual__2022-06-12T02:00:07.183002+00:00
[2022-06-12 02:00:57,034] {subprocess.py:62} INFO - Tmp dir root location: 
 /tmp
[2022-06-12 02:00:57,034] {subprocess.py:74} INFO - Running command: ['bash', '-c', 'rm -rf /tmp/objects && rm -rf /tmp/tmp* 2>/dev/null || exit 0']
[2022-06-12 02:00:57,050] {subprocess.py:85} INFO - Output:
[2022-06-12 02:00:57,186] {subprocess.py:96} INFO - Command exited with return code 0
[2022-06-12 02:00:57,220] {taskinstance.py:1400} INFO - Marking task as SUCCESS. dag_id=T-dbt-job-objects, task_id=dbt_cleanup-objects, execution_date=20220612T020007, start_date=20220612T020056, end_date=20220612T020057
[2022-06-12 02:00:57,242] {local_task_job.py:156} INFO - Task exited with return code 0
[2022-06-12 02:00:57,285] {local_task_job.py:273} INFO - 0 downstream tasks scheduled from follow-on schedule check
