[2022-06-12 02:01:40,055] {taskinstance.py:1159} INFO - Dependencies all met for <TaskInstance: T-dbt-job-objects.dbt_clone_and_transform-objects manual__2022-06-12T02:01:39.631711+00:00 [queued]>
[2022-06-12 02:01:40,066] {taskinstance.py:1159} INFO - Dependencies all met for <TaskInstance: T-dbt-job-objects.dbt_clone_and_transform-objects manual__2022-06-12T02:01:39.631711+00:00 [queued]>
[2022-06-12 02:01:40,066] {taskinstance.py:1356} INFO - 
--------------------------------------------------------------------------------
[2022-06-12 02:01:40,066] {taskinstance.py:1357} INFO - Starting attempt 1 of 2
[2022-06-12 02:01:40,067] {taskinstance.py:1358} INFO - 
--------------------------------------------------------------------------------
[2022-06-12 02:01:40,083] {taskinstance.py:1377} INFO - Executing <Task(BashOperator): dbt_clone_and_transform-objects> on 2022-06-12 02:01:39.631711+00:00
[2022-06-12 02:01:40,088] {standard_task_runner.py:52} INFO - Started process 1860 to run task
[2022-06-12 02:01:40,091] {standard_task_runner.py:79} INFO - Running: ['airflow', 'tasks', 'run', 'T-dbt-job-objects', 'dbt_clone_and_transform-objects', 'manual__2022-06-12T02:01:39.631711+00:00', '--job-id', '63', '--raw', '--subdir', 'DAGS_FOLDER/docker_job/dbt_model.py', '--cfg-path', '/tmp/tmpb55s8wvj', '--error-file', '/tmp/tmpb_suto7b']
[2022-06-12 02:01:40,092] {standard_task_runner.py:80} INFO - Job 63: Subtask dbt_clone_and_transform-objects
[2022-06-12 02:01:40,151] {task_command.py:370} INFO - Running <TaskInstance: T-dbt-job-objects.dbt_clone_and_transform-objects manual__2022-06-12T02:01:39.631711+00:00 [running]> on host e926c0944008
[2022-06-12 02:01:40,228] {taskinstance.py:1571} INFO - Exporting the following env vars:
AIRFLOW_CTX_DAG_EMAIL=samuelolle@yahoo.com
AIRFLOW_CTX_DAG_OWNER=airflow
AIRFLOW_CTX_DAG_ID=T-dbt-job-objects
AIRFLOW_CTX_TASK_ID=dbt_clone_and_transform-objects
AIRFLOW_CTX_EXECUTION_DATE=2022-06-12T02:01:39.631711+00:00
AIRFLOW_CTX_TRY_NUMBER=1
AIRFLOW_CTX_DAG_RUN_ID=manual__2022-06-12T02:01:39.631711+00:00
[2022-06-12 02:01:40,229] {subprocess.py:62} INFO - Tmp dir root location: 
 /tmp
[2022-06-12 02:01:40,230] {subprocess.py:74} INFO - Running command: ['bash', '-c', " rm -rf /tmp/objects && mkdir /tmp/objects                            && cp -r /tmp/dbt /tmp/objects/dbt                             && cd /tmp/objects/dbt && python3 -m venv venv                             && export PIP_USER=false                             && *** /tmp/objects/dbt/venv/bin/activate                             && pip  install --quiet --upgrade pip setuptools                             && pip3 install --quiet 'MarkupSafe<=2.0.1' 'dbt-postgres' 'dbt-core'                             && dbt --version && deactivate                             && cd /tmp/objects/dbt && *** /tmp/objects/dbt/venv/bin/activate                             && dbt deps --profiles-dir /tmp/objects/dbt/ && dbt seed --profiles-dir /tmp/objects/dbt/                             && dbt run --models objects --profiles-dir /tmp/objects/dbt/"]
[2022-06-12 02:01:40,244] {subprocess.py:85} INFO - Output:
[2022-06-12 02:02:18,786] {subprocess.py:92} INFO - Core:
[2022-06-12 02:02:18,786] {subprocess.py:92} INFO -   - installed: 1.1.0
[2022-06-12 02:02:18,786] {subprocess.py:92} INFO -   - latest:    1.1.0 - [32mUp to date![0m
[2022-06-12 02:02:18,786] {subprocess.py:92} INFO - 
[2022-06-12 02:02:18,786] {subprocess.py:92} INFO - Plugins:
[2022-06-12 02:02:18,786] {subprocess.py:92} INFO -   - postgres: 1.1.0 - [32mUp to date![0m
[2022-06-12 02:02:21,993] {subprocess.py:92} INFO - [0m02:02:21  Running with dbt=1.1.0
[2022-06-12 02:02:21,995] {subprocess.py:92} INFO - [0m02:02:21  Warning: No packages were found in packages.yml
[2022-06-12 02:02:25,573] {subprocess.py:92} INFO - [0m02:02:25  Running with dbt=1.1.0
[2022-06-12 02:02:25,594] {subprocess.py:92} INFO - [0m02:02:25  Partial parse save file not found. Starting full parse.
[2022-06-12 02:02:26,281] {subprocess.py:92} INFO - [0m02:02:26  [WARNING]: Configuration paths exist in your dbt_project.yml file which do not apply to any re***s.
[2022-06-12 02:02:26,281] {subprocess.py:92} INFO - There are 1 unused configuration paths:
[2022-06-12 02:02:26,281] {subprocess.py:92} INFO - - seeds.SAM
[2022-06-12 02:02:26,281] {subprocess.py:92} INFO - 
[2022-06-12 02:02:26,293] {subprocess.py:92} INFO - [0m02:02:26  Found 5 models, 6 tests, 0 snapshots, 0 analyses, 171 macros, 6 operations, 0 seed files, 4 ***s, 0 exposures, 0 metrics
[2022-06-12 02:02:26,295] {subprocess.py:92} INFO - [0m02:02:26
[2022-06-12 02:02:26,295] {subprocess.py:92} INFO - [0m02:02:26  [WARNING]: Nothing to do. Try checking your model configs and model specification args
[2022-06-12 02:02:26,302] {subprocess.py:92} INFO - [0m02:02:26
[2022-06-12 02:02:26,302] {subprocess.py:92} INFO - [0m02:02:26  Completed successfully
[2022-06-12 02:02:26,302] {subprocess.py:92} INFO - [0m02:02:26
[2022-06-12 02:02:26,303] {subprocess.py:92} INFO - [0m02:02:26  Done. PASS=0 WARN=0 ERROR=0 SKIP=0 TOTAL=0
[2022-06-12 02:02:29,687] {subprocess.py:92} INFO - [0m02:02:29  Running with dbt=1.1.0
[2022-06-12 02:02:29,723] {subprocess.py:92} INFO - [0m02:02:29  [WARNING]: Configuration paths exist in your dbt_project.yml file which do not apply to any re***s.
[2022-06-12 02:02:29,723] {subprocess.py:92} INFO - There are 1 unused configuration paths:
[2022-06-12 02:02:29,723] {subprocess.py:92} INFO - - seeds.SAM
[2022-06-12 02:02:29,723] {subprocess.py:92} INFO - 
[2022-06-12 02:02:29,739] {subprocess.py:92} INFO - [0m02:02:29  Found 5 models, 6 tests, 0 snapshots, 0 analyses, 171 macros, 6 operations, 0 seed files, 4 ***s, 0 exposures, 0 metrics
[2022-06-12 02:02:29,741] {subprocess.py:92} INFO - [0m02:02:29
[2022-06-12 02:02:29,834] {subprocess.py:92} INFO - [0m02:02:29  Concurrency: 4 threads (target='dev')
[2022-06-12 02:02:29,835] {subprocess.py:92} INFO - [0m02:02:29
[2022-06-12 02:02:29,853] {subprocess.py:92} INFO - [0m02:02:29  1 of 1 START table model analytics_objects.obj_walls ........................... [RUN]
[2022-06-12 02:02:29,939] {subprocess.py:92} INFO - [0m02:02:29  1 of 1 OK created table model analytics_objects.obj_walls ...................... [SELECT 48 in 0.09s]
[2022-06-12 02:02:29,958] {subprocess.py:92} INFO - [0m02:02:29
[2022-06-12 02:02:29,958] {subprocess.py:92} INFO - [0m02:02:29  Running 6 on-run-end hooks
[2022-06-12 02:02:29,968] {subprocess.py:92} INFO - [0m02:02:29  1 of 6 START hook: SAM.on-run-end.0 ............................................ [RUN]
[2022-06-12 02:02:29,971] {subprocess.py:92} INFO - [0m02:02:29  1 of 6 OK hook: SAM.on-run-end.0 ............................................... [ALTER DEFAULT PRIVILEGES in 0.00s]
[2022-06-12 02:02:29,981] {subprocess.py:92} INFO - [0m02:02:29  2 of 6 START hook: SAM.on-run-end.1 ............................................ [RUN]
[2022-06-12 02:02:29,984] {subprocess.py:92} INFO - [0m02:02:29  2 of 6 OK hook: SAM.on-run-end.1 ............................................... [ALTER DEFAULT PRIVILEGES in 0.00s]
[2022-06-12 02:02:29,989] {subprocess.py:92} INFO - [0m02:02:29  3 of 6 START hook: SAM.on-run-end.2 ............................................ [RUN]
[2022-06-12 02:02:29,991] {subprocess.py:92} INFO - [0m02:02:29  3 of 6 OK hook: SAM.on-run-end.2 ............................................... [ALTER DEFAULT PRIVILEGES in 0.00s]
[2022-06-12 02:02:29,999] {subprocess.py:92} INFO - [0m02:02:29  4 of 6 START hook: SAM.on-run-end.3 ............................................ [RUN]
[2022-06-12 02:02:30,002] {subprocess.py:92} INFO - [0m02:02:30  4 of 6 OK hook: SAM.on-run-end.3 ............................................... [ALTER DEFAULT PRIVILEGES in 0.00s]
[2022-06-12 02:02:30,006] {subprocess.py:92} INFO - [0m02:02:30  5 of 6 START hook: SAM.on-run-end.4 ............................................ [RUN]
[2022-06-12 02:02:30,008] {subprocess.py:92} INFO - [0m02:02:30  5 of 6 OK hook: SAM.on-run-end.4 ............................................... [ALTER DEFAULT PRIVILEGES in 0.00s]
[2022-06-12 02:02:30,014] {subprocess.py:92} INFO - [0m02:02:30  6 of 6 START hook: SAM.on-run-end.5 ............................................ [RUN]
[2022-06-12 02:02:30,017] {subprocess.py:92} INFO - [0m02:02:30  6 of 6 OK hook: SAM.on-run-end.5 ............................................... [ALTER DEFAULT PRIVILEGES in 0.00s]
[2022-06-12 02:02:30,017] {subprocess.py:92} INFO - [0m02:02:30
[2022-06-12 02:02:30,019] {subprocess.py:92} INFO - [0m02:02:30
[2022-06-12 02:02:30,019] {subprocess.py:92} INFO - [0m02:02:30  Finished running 1 table model, 6 hooks in 0.28s.
[2022-06-12 02:02:30,026] {subprocess.py:92} INFO - [0m02:02:30
[2022-06-12 02:02:30,027] {subprocess.py:92} INFO - [0m02:02:30  Completed successfully
[2022-06-12 02:02:30,027] {subprocess.py:92} INFO - [0m02:02:30
[2022-06-12 02:02:30,028] {subprocess.py:92} INFO - [0m02:02:30  Done. PASS=1 WARN=0 ERROR=0 SKIP=0 TOTAL=1
[2022-06-12 02:02:30,279] {subprocess.py:96} INFO - Command exited with return code 0
[2022-06-12 02:02:30,313] {taskinstance.py:1400} INFO - Marking task as SUCCESS. dag_id=T-dbt-job-objects, task_id=dbt_clone_and_transform-objects, execution_date=20220612T020139, start_date=20220612T020140, end_date=20220612T020230
[2022-06-12 02:02:30,368] {local_task_job.py:156} INFO - Task exited with return code 0
[2022-06-12 02:02:30,401] {local_task_job.py:273} INFO - 1 downstream tasks scheduled from follow-on schedule check
