[2022-06-19 22:48:42,930] {taskinstance.py:1159} INFO - Dependencies all met for <TaskInstance: T-dbt-job-facts.dbt_clone_and_transform-facts manual__2022-06-19T22:48:42.206997+00:00 [queued]>
[2022-06-19 22:48:42,940] {taskinstance.py:1159} INFO - Dependencies all met for <TaskInstance: T-dbt-job-facts.dbt_clone_and_transform-facts manual__2022-06-19T22:48:42.206997+00:00 [queued]>
[2022-06-19 22:48:42,940] {taskinstance.py:1356} INFO - 
--------------------------------------------------------------------------------
[2022-06-19 22:48:42,940] {taskinstance.py:1357} INFO - Starting attempt 1 of 2
[2022-06-19 22:48:42,940] {taskinstance.py:1358} INFO - 
--------------------------------------------------------------------------------
[2022-06-19 22:48:42,954] {taskinstance.py:1377} INFO - Executing <Task(BashOperator): dbt_clone_and_transform-facts> on 2022-06-19 22:48:42.206997+00:00
[2022-06-19 22:48:42,959] {standard_task_runner.py:52} INFO - Started process 1426 to run task
[2022-06-19 22:48:42,961] {standard_task_runner.py:79} INFO - Running: ['airflow', 'tasks', 'run', 'T-dbt-job-facts', 'dbt_clone_and_transform-facts', 'manual__2022-06-19T22:48:42.206997+00:00', '--job-id', '57', '--raw', '--subdir', 'DAGS_FOLDER/docker_job/dbt_model.py', '--cfg-path', '/tmp/tmp__4dil9a', '--error-file', '/tmp/tmpvruo7khc']
[2022-06-19 22:48:42,962] {standard_task_runner.py:80} INFO - Job 57: Subtask dbt_clone_and_transform-facts
[2022-06-19 22:48:43,009] {task_command.py:370} INFO - Running <TaskInstance: T-dbt-job-facts.dbt_clone_and_transform-facts manual__2022-06-19T22:48:42.206997+00:00 [running]> on host 7cbff6e51e2a
[2022-06-19 22:48:43,069] {taskinstance.py:1571} INFO - Exporting the following env vars:
AIRFLOW_CTX_DAG_EMAIL=samuelolle@yahoo.com
AIRFLOW_CTX_DAG_OWNER=airflow
AIRFLOW_CTX_DAG_ID=T-dbt-job-facts
AIRFLOW_CTX_TASK_ID=dbt_clone_and_transform-facts
AIRFLOW_CTX_EXECUTION_DATE=2022-06-19T22:48:42.206997+00:00
AIRFLOW_CTX_TRY_NUMBER=1
AIRFLOW_CTX_DAG_RUN_ID=manual__2022-06-19T22:48:42.206997+00:00
[2022-06-19 22:48:43,070] {subprocess.py:62} INFO - Tmp dir root location: 
 /tmp
[2022-06-19 22:48:43,071] {subprocess.py:74} INFO - Running command: ['bash', '-c', " rm -rf /tmp/facts && mkdir /tmp/facts                            && cp -r /tmp/dbt /tmp/facts/dbt                             && cd /tmp/facts/dbt && python3 -m venv venv                             && export PIP_USER=false                             && *** /tmp/facts/dbt/venv/bin/activate                             && pip  install --quiet --upgrade pip setuptools                             && pip3 install --quiet 'MarkupSafe<=2.0.1' 'dbt-postgres' 'dbt-core'                             && dbt --version && deactivate                             && cd /tmp/facts/dbt && *** /tmp/facts/dbt/venv/bin/activate                             && dbt deps --profiles-dir /tmp/facts/dbt/ && dbt seed --profiles-dir /tmp/facts/dbt/                             && dbt run --models facts --profiles-dir /tmp/facts/dbt/"]
[2022-06-19 22:48:43,079] {subprocess.py:85} INFO - Output:
[2022-06-19 22:49:14,544] {subprocess.py:92} INFO - Core:
[2022-06-19 22:49:14,544] {subprocess.py:92} INFO -   - installed: 1.1.1
[2022-06-19 22:49:14,544] {subprocess.py:92} INFO -   - latest:    1.1.1 - [32mUp to date![0m
[2022-06-19 22:49:14,544] {subprocess.py:92} INFO - 
[2022-06-19 22:49:14,544] {subprocess.py:92} INFO - Plugins:
[2022-06-19 22:49:14,544] {subprocess.py:92} INFO -   - postgres: 1.1.1 - [32mUp to date![0m
[2022-06-19 22:49:17,154] {subprocess.py:92} INFO - [0m22:49:17  Running with dbt=1.1.1
[2022-06-19 22:49:17,155] {subprocess.py:92} INFO - [0m22:49:17  Warning: No packages were found in packages.yml
[2022-06-19 22:49:19,749] {subprocess.py:92} INFO - [0m22:49:19  Running with dbt=1.1.1
[2022-06-19 22:49:19,761] {subprocess.py:92} INFO - [0m22:49:19  Partial parse save file not found. Starting full parse.
[2022-06-19 22:49:20,351] {subprocess.py:92} INFO - [0m22:49:20  [WARNING]: Configuration paths exist in your dbt_project.yml file which do not apply to any re***s.
[2022-06-19 22:49:20,351] {subprocess.py:92} INFO - There are 1 unused configuration paths:
[2022-06-19 22:49:20,351] {subprocess.py:92} INFO - - seeds.SAM
[2022-06-19 22:49:20,352] {subprocess.py:92} INFO - 
[2022-06-19 22:49:20,362] {subprocess.py:92} INFO - [0m22:49:20  Found 10 models, 6 tests, 0 snapshots, 0 analyses, 172 macros, 6 operations, 0 seed files, 4 ***s, 0 exposures, 0 metrics
[2022-06-19 22:49:20,364] {subprocess.py:92} INFO - [0m22:49:20
[2022-06-19 22:49:20,364] {subprocess.py:92} INFO - [0m22:49:20  [WARNING]: Nothing to do. Try checking your model configs and model specification args
[2022-06-19 22:49:20,369] {subprocess.py:92} INFO - [0m22:49:20
[2022-06-19 22:49:20,369] {subprocess.py:92} INFO - [0m22:49:20  Completed successfully
[2022-06-19 22:49:20,369] {subprocess.py:92} INFO - [0m22:49:20
[2022-06-19 22:49:20,370] {subprocess.py:92} INFO - [0m22:49:20  Done. PASS=0 WARN=0 ERROR=0 SKIP=0 TOTAL=0
[2022-06-19 22:49:22,980] {subprocess.py:92} INFO - [0m22:49:22  Running with dbt=1.1.1
[2022-06-19 22:49:23,012] {subprocess.py:92} INFO - [0m22:49:23  [WARNING]: Configuration paths exist in your dbt_project.yml file which do not apply to any re***s.
[2022-06-19 22:49:23,012] {subprocess.py:92} INFO - There are 1 unused configuration paths:
[2022-06-19 22:49:23,012] {subprocess.py:92} INFO - - seeds.SAM
[2022-06-19 22:49:23,012] {subprocess.py:92} INFO - 
[2022-06-19 22:49:23,025] {subprocess.py:92} INFO - [0m22:49:23  Found 10 models, 6 tests, 0 snapshots, 0 analyses, 172 macros, 6 operations, 0 seed files, 4 ***s, 0 exposures, 0 metrics
[2022-06-19 22:49:23,027] {subprocess.py:92} INFO - [0m22:49:23
[2022-06-19 22:49:23,091] {subprocess.py:92} INFO - [0m22:49:23  Concurrency: 4 threads (target='dev')
[2022-06-19 22:49:23,091] {subprocess.py:92} INFO - [0m22:49:23
[2022-06-19 22:49:23,097] {subprocess.py:92} INFO - [0m22:49:23  1 of 1 START table model analytics_facts.fact_wall_user ........................ [RUN]
[2022-06-19 22:49:23,162] {subprocess.py:92} INFO - [0m22:49:23  1 of 1 OK created table model analytics_facts.fact_wall_user ................... [SELECT 18 in 0.06s]
[2022-06-19 22:49:23,203] {subprocess.py:92} INFO - [0m22:49:23
[2022-06-19 22:49:23,203] {subprocess.py:92} INFO - [0m22:49:23  Running 6 on-run-end hooks
[2022-06-19 22:49:23,209] {subprocess.py:92} INFO - [0m22:49:23  1 of 6 START hook: SAM.on-run-end.0 ............................................ [RUN]
[2022-06-19 22:49:23,211] {subprocess.py:92} INFO - [0m22:49:23  1 of 6 OK hook: SAM.on-run-end.0 ............................................... [ALTER DEFAULT PRIVILEGES in 0.00s]
[2022-06-19 22:49:23,216] {subprocess.py:92} INFO - [0m22:49:23  2 of 6 START hook: SAM.on-run-end.1 ............................................ [RUN]
[2022-06-19 22:49:23,218] {subprocess.py:92} INFO - [0m22:49:23  2 of 6 OK hook: SAM.on-run-end.1 ............................................... [ALTER DEFAULT PRIVILEGES in 0.00s]
[2022-06-19 22:49:23,221] {subprocess.py:92} INFO - [0m22:49:23  3 of 6 START hook: SAM.on-run-end.2 ............................................ [RUN]
[2022-06-19 22:49:23,223] {subprocess.py:92} INFO - [0m22:49:23  3 of 6 OK hook: SAM.on-run-end.2 ............................................... [ALTER DEFAULT PRIVILEGES in 0.00s]
[2022-06-19 22:49:23,226] {subprocess.py:92} INFO - [0m22:49:23  4 of 6 START hook: SAM.on-run-end.3 ............................................ [RUN]
[2022-06-19 22:49:23,228] {subprocess.py:92} INFO - [0m22:49:23  4 of 6 OK hook: SAM.on-run-end.3 ............................................... [ALTER DEFAULT PRIVILEGES in 0.00s]
[2022-06-19 22:49:23,231] {subprocess.py:92} INFO - [0m22:49:23  5 of 6 START hook: SAM.on-run-end.4 ............................................ [RUN]
[2022-06-19 22:49:23,234] {subprocess.py:92} INFO - [0m22:49:23  5 of 6 OK hook: SAM.on-run-end.4 ............................................... [ALTER DEFAULT PRIVILEGES in 0.00s]
[2022-06-19 22:49:23,236] {subprocess.py:92} INFO - [0m22:49:23  6 of 6 START hook: SAM.on-run-end.5 ............................................ [RUN]
[2022-06-19 22:49:23,238] {subprocess.py:92} INFO - [0m22:49:23  6 of 6 OK hook: SAM.on-run-end.5 ............................................... [ALTER DEFAULT PRIVILEGES in 0.00s]
[2022-06-19 22:49:23,239] {subprocess.py:92} INFO - [0m22:49:23
[2022-06-19 22:49:23,240] {subprocess.py:92} INFO - [0m22:49:23
[2022-06-19 22:49:23,240] {subprocess.py:92} INFO - [0m22:49:23  Finished running 1 table model, 6 hooks in 0.21s.
[2022-06-19 22:49:23,246] {subprocess.py:92} INFO - [0m22:49:23
[2022-06-19 22:49:23,246] {subprocess.py:92} INFO - [0m22:49:23  Completed successfully
[2022-06-19 22:49:23,246] {subprocess.py:92} INFO - [0m22:49:23
[2022-06-19 22:49:23,247] {subprocess.py:92} INFO - [0m22:49:23  Done. PASS=1 WARN=0 ERROR=0 SKIP=0 TOTAL=1
[2022-06-19 22:49:23,377] {subprocess.py:96} INFO - Command exited with return code 0
[2022-06-19 22:49:23,403] {taskinstance.py:1400} INFO - Marking task as SUCCESS. dag_id=T-dbt-job-facts, task_id=dbt_clone_and_transform-facts, execution_date=20220619T224842, start_date=20220619T224842, end_date=20220619T224923
[2022-06-19 22:49:23,428] {local_task_job.py:156} INFO - Task exited with return code 0
[2022-06-19 22:49:23,452] {local_task_job.py:273} INFO - 1 downstream tasks scheduled from follow-on schedule check
