[2022-06-11 18:40:01,785] {taskinstance.py:1159} INFO - Dependencies all met for <TaskInstance: T-dbt-job-objects.dbt_cleanup-objects manual__2022-06-11T18:39:13.469595+00:00 [queued]>
[2022-06-11 18:40:01,793] {taskinstance.py:1159} INFO - Dependencies all met for <TaskInstance: T-dbt-job-objects.dbt_cleanup-objects manual__2022-06-11T18:39:13.469595+00:00 [queued]>
[2022-06-11 18:40:01,793] {taskinstance.py:1356} INFO - 
--------------------------------------------------------------------------------
[2022-06-11 18:40:01,793] {taskinstance.py:1357} INFO - Starting attempt 1 of 2
[2022-06-11 18:40:01,793] {taskinstance.py:1358} INFO - 
--------------------------------------------------------------------------------
[2022-06-11 18:40:01,806] {taskinstance.py:1377} INFO - Executing <Task(BashOperator): dbt_cleanup-objects> on 2022-06-11 18:39:13.469595+00:00
[2022-06-11 18:40:01,813] {standard_task_runner.py:52} INFO - Started process 1584 to run task
[2022-06-11 18:40:01,816] {standard_task_runner.py:79} INFO - Running: ['airflow', 'tasks', 'run', 'T-dbt-job-objects', 'dbt_cleanup-objects', 'manual__2022-06-11T18:39:13.469595+00:00', '--job-id', '92', '--raw', '--subdir', 'DAGS_FOLDER/docker_job/dbt_test.py', '--cfg-path', '/tmp/tmpp86i6dbh', '--error-file', '/tmp/tmp3zptt2i3']
[2022-06-11 18:40:01,816] {standard_task_runner.py:80} INFO - Job 92: Subtask dbt_cleanup-objects
[2022-06-11 18:40:01,869] {task_command.py:370} INFO - Running <TaskInstance: T-dbt-job-objects.dbt_cleanup-objects manual__2022-06-11T18:39:13.469595+00:00 [running]> on host d8836eb746ac
[2022-06-11 18:40:01,934] {taskinstance.py:1571} INFO - Exporting the following env vars:
AIRFLOW_CTX_DAG_EMAIL=samuelolle@yahoo.com
AIRFLOW_CTX_DAG_OWNER=airflow
AIRFLOW_CTX_DAG_ID=T-dbt-job-objects
AIRFLOW_CTX_TASK_ID=dbt_cleanup-objects
AIRFLOW_CTX_EXECUTION_DATE=2022-06-11T18:39:13.469595+00:00
AIRFLOW_CTX_TRY_NUMBER=1
AIRFLOW_CTX_DAG_RUN_ID=manual__2022-06-11T18:39:13.469595+00:00
[2022-06-11 18:40:01,935] {subprocess.py:62} INFO - Tmp dir root location: 
 /tmp
[2022-06-11 18:40:01,936] {subprocess.py:74} INFO - Running command: ['bash', '-c', 'rm -rf /tmp/objects && rm -rf /tmp/tmp* 2>/dev/null || exit 0']
[2022-06-11 18:40:01,949] {subprocess.py:85} INFO - Output:
[2022-06-11 18:40:02,067] {subprocess.py:96} INFO - Command exited with return code 0
[2022-06-11 18:40:02,098] {taskinstance.py:1400} INFO - Marking task as SUCCESS. dag_id=T-dbt-job-objects, task_id=dbt_cleanup-objects, execution_date=20220611T183913, start_date=20220611T184001, end_date=20220611T184002
[2022-06-11 18:40:02,148] {local_task_job.py:156} INFO - Task exited with return code 0
[2022-06-11 18:40:02,178] {local_task_job.py:273} INFO - 0 downstream tasks scheduled from follow-on schedule check
