[2022-06-13 23:10:40,708] {taskinstance.py:1159} INFO - Dependencies all met for <TaskInstance: T-dbt-job-dimensions.dbt_cleanup-dimensions scheduled__2022-06-13T21:09:56.320242+00:00 [queued]>
[2022-06-13 23:10:40,717] {taskinstance.py:1159} INFO - Dependencies all met for <TaskInstance: T-dbt-job-dimensions.dbt_cleanup-dimensions scheduled__2022-06-13T21:09:56.320242+00:00 [queued]>
[2022-06-13 23:10:40,717] {taskinstance.py:1356} INFO - 
--------------------------------------------------------------------------------
[2022-06-13 23:10:40,717] {taskinstance.py:1357} INFO - Starting attempt 1 of 2
[2022-06-13 23:10:40,717] {taskinstance.py:1358} INFO - 
--------------------------------------------------------------------------------
[2022-06-13 23:10:40,730] {taskinstance.py:1377} INFO - Executing <Task(BashOperator): dbt_cleanup-dimensions> on 2022-06-13 21:09:56.320242+00:00
[2022-06-13 23:10:40,735] {standard_task_runner.py:52} INFO - Started process 1199 to run task
[2022-06-13 23:10:40,738] {standard_task_runner.py:79} INFO - Running: ['airflow', 'tasks', 'run', 'T-dbt-job-dimensions', 'dbt_cleanup-dimensions', 'scheduled__2022-06-13T21:09:56.320242+00:00', '--job-id', '157', '--raw', '--subdir', 'DAGS_FOLDER/docker_job/dbt_model.py', '--cfg-path', '/tmp/tmp7ol6oltx', '--error-file', '/tmp/tmp_mu03me8']
[2022-06-13 23:10:40,738] {standard_task_runner.py:80} INFO - Job 157: Subtask dbt_cleanup-dimensions
[2022-06-13 23:10:40,751] {warnings.py:110} WARNING - /home/airflow/.local/lib/python3.7/site-packages/airflow/configuration.py:525: DeprecationWarning: The sql_alchemy_conn option in [core] has been moved to the sql_alchemy_conn option in [database] - the old setting has been used, but please update your config.
  option = self._get_environment_variables(deprecated_key, deprecated_section, key, section)

[2022-06-13 23:10:40,787] {task_command.py:370} INFO - Running <TaskInstance: T-dbt-job-dimensions.dbt_cleanup-dimensions scheduled__2022-06-13T21:09:56.320242+00:00 [running]> on host 0d9d7b7f40c6
[2022-06-13 23:10:40,849] {taskinstance.py:1571} INFO - Exporting the following env vars:
AIRFLOW_CTX_DAG_EMAIL=samuelolle@yahoo.com
AIRFLOW_CTX_DAG_OWNER=airflow
AIRFLOW_CTX_DAG_ID=T-dbt-job-dimensions
AIRFLOW_CTX_TASK_ID=dbt_cleanup-dimensions
AIRFLOW_CTX_EXECUTION_DATE=2022-06-13T21:09:56.320242+00:00
AIRFLOW_CTX_TRY_NUMBER=1
AIRFLOW_CTX_DAG_RUN_ID=scheduled__2022-06-13T21:09:56.320242+00:00
[2022-06-13 23:10:40,849] {subprocess.py:62} INFO - Tmp dir root location: 
 /tmp
[2022-06-13 23:10:40,850] {subprocess.py:74} INFO - Running command: ['bash', '-c', 'rm -rf /tmp/dimensions && rm -rf /tmp/tmp* 2>/dev/null || exit 0']
[2022-06-13 23:10:40,859] {subprocess.py:85} INFO - Output:
[2022-06-13 23:10:40,865] {subprocess.py:96} INFO - Command exited with return code 0
[2022-06-13 23:10:40,891] {taskinstance.py:1400} INFO - Marking task as SUCCESS. dag_id=T-dbt-job-dimensions, task_id=dbt_cleanup-dimensions, execution_date=20220613T210956, start_date=20220613T231040, end_date=20220613T231040
[2022-06-13 23:10:40,910] {local_task_job.py:156} INFO - Task exited with return code 0
[2022-06-13 23:10:40,939] {local_task_job.py:273} INFO - 0 downstream tasks scheduled from follow-on schedule check
