[2022-06-11 17:22:30,476] {taskinstance.py:1159} INFO - Dependencies all met for <TaskInstance: T-dbt-job-objects.dbt_cleanup-objects manual__2022-06-11T17:21:41.855489+00:00 [queued]>
[2022-06-11 17:22:30,486] {taskinstance.py:1159} INFO - Dependencies all met for <TaskInstance: T-dbt-job-objects.dbt_cleanup-objects manual__2022-06-11T17:21:41.855489+00:00 [queued]>
[2022-06-11 17:22:30,486] {taskinstance.py:1356} INFO - 
--------------------------------------------------------------------------------
[2022-06-11 17:22:30,486] {taskinstance.py:1357} INFO - Starting attempt 1 of 2
[2022-06-11 17:22:30,486] {taskinstance.py:1358} INFO - 
--------------------------------------------------------------------------------
[2022-06-11 17:22:30,500] {taskinstance.py:1377} INFO - Executing <Task(BashOperator): dbt_cleanup-objects> on 2022-06-11 17:21:41.855489+00:00
[2022-06-11 17:22:30,506] {standard_task_runner.py:52} INFO - Started process 978 to run task
[2022-06-11 17:22:30,509] {standard_task_runner.py:79} INFO - Running: ['airflow', 'tasks', 'run', 'T-dbt-job-objects', 'dbt_cleanup-objects', 'manual__2022-06-11T17:21:41.855489+00:00', '--job-id', '62', '--raw', '--subdir', 'DAGS_FOLDER/docker_job/dbt_test.py', '--cfg-path', '/tmp/tmp78_tt2rz', '--error-file', '/tmp/tmpv6lw7m6z']
[2022-06-11 17:22:30,510] {standard_task_runner.py:80} INFO - Job 62: Subtask dbt_cleanup-objects
[2022-06-11 17:22:30,561] {task_command.py:370} INFO - Running <TaskInstance: T-dbt-job-objects.dbt_cleanup-objects manual__2022-06-11T17:21:41.855489+00:00 [running]> on host d8836eb746ac
[2022-06-11 17:22:30,648] {taskinstance.py:1571} INFO - Exporting the following env vars:
AIRFLOW_CTX_DAG_EMAIL=samuelolle@yahoo.com
AIRFLOW_CTX_DAG_OWNER=airflow
AIRFLOW_CTX_DAG_ID=T-dbt-job-objects
AIRFLOW_CTX_TASK_ID=dbt_cleanup-objects
AIRFLOW_CTX_EXECUTION_DATE=2022-06-11T17:21:41.855489+00:00
AIRFLOW_CTX_TRY_NUMBER=1
AIRFLOW_CTX_DAG_RUN_ID=manual__2022-06-11T17:21:41.855489+00:00
[2022-06-11 17:22:30,650] {subprocess.py:62} INFO - Tmp dir root location: 
 /tmp
[2022-06-11 17:22:30,651] {subprocess.py:74} INFO - Running command: ['bash', '-c', 'rm -rf /tmp/objects && rm -rf /tmp/tmp* 2>/dev/null || exit 0']
[2022-06-11 17:22:30,675] {subprocess.py:85} INFO - Output:
[2022-06-11 17:22:30,816] {subprocess.py:96} INFO - Command exited with return code 0
[2022-06-11 17:22:30,850] {taskinstance.py:1400} INFO - Marking task as SUCCESS. dag_id=T-dbt-job-objects, task_id=dbt_cleanup-objects, execution_date=20220611T172141, start_date=20220611T172230, end_date=20220611T172230
[2022-06-11 17:22:30,884] {local_task_job.py:156} INFO - Task exited with return code 0
[2022-06-11 17:22:30,914] {local_task_job.py:273} INFO - 0 downstream tasks scheduled from follow-on schedule check
