[2022-06-19 17:55:42,341] {taskinstance.py:1159} INFO - Dependencies all met for <TaskInstance: Job-pts.pts-Papple-iphone-xs-256gb-space-grau_h_6245 scheduled__2022-06-18T18:59:08.794253+00:00 [queued]>
[2022-06-19 17:55:42,357] {taskinstance.py:1159} INFO - Dependencies all met for <TaskInstance: Job-pts.pts-Papple-iphone-xs-256gb-space-grau_h_6245 scheduled__2022-06-18T18:59:08.794253+00:00 [queued]>
[2022-06-19 17:55:42,358] {taskinstance.py:1356} INFO - 
--------------------------------------------------------------------------------
[2022-06-19 17:55:42,358] {taskinstance.py:1357} INFO - Starting attempt 5 of 6
[2022-06-19 17:55:42,358] {taskinstance.py:1358} INFO - 
--------------------------------------------------------------------------------
[2022-06-19 17:55:42,371] {taskinstance.py:1377} INFO - Executing <Task(PythonOperator): pts-Papple-iphone-xs-256gb-space-grau_h_6245> on 2022-06-18 18:59:08.794253+00:00
[2022-06-19 17:55:42,376] {standard_task_runner.py:52} INFO - Started process 1574 to run task
[2022-06-19 17:55:42,383] {standard_task_runner.py:79} INFO - Running: ['airflow', 'tasks', 'run', 'Job-pts', 'pts-Papple-iphone-xs-256gb-space-grau_h_6245', 'scheduled__2022-06-18T18:59:08.794253+00:00', '--job-id', '584', '--raw', '--subdir', 'DAGS_FOLDER/docker_job/price_scale.py', '--cfg-path', '/tmp/tmpkuyq_dyj', '--error-file', '/tmp/tmp4o7ykehy']
[2022-06-19 17:55:42,383] {standard_task_runner.py:80} INFO - Job 584: Subtask pts-Papple-iphone-xs-256gb-space-grau_h_6245
[2022-06-19 17:55:42,407] {warnings.py:110} WARNING - /home/airflow/.local/lib/python3.7/site-packages/airflow/configuration.py:525: DeprecationWarning: The sql_alchemy_conn option in [core] has been moved to the sql_alchemy_conn option in [database] - the old setting has been used, but please update your config.
  option = self._get_environment_variables(deprecated_key, deprecated_section, key, section)

[2022-06-19 17:55:42,493] {task_command.py:370} INFO - Running <TaskInstance: Job-pts.pts-Papple-iphone-xs-256gb-space-grau_h_6245 scheduled__2022-06-18T18:59:08.794253+00:00 [running]> on host 31bbb70af43b
[2022-06-19 17:55:42,578] {taskinstance.py:1571} INFO - Exporting the following env vars:
AIRFLOW_CTX_DAG_EMAIL=samuel.momoh-olle@asgoodasnew.com
AIRFLOW_CTX_DAG_OWNER=airflow
AIRFLOW_CTX_DAG_ID=Job-pts
AIRFLOW_CTX_TASK_ID=pts-Papple-iphone-xs-256gb-space-grau_h_6245
AIRFLOW_CTX_EXECUTION_DATE=2022-06-18T18:59:08.794253+00:00
AIRFLOW_CTX_TRY_NUMBER=5
AIRFLOW_CTX_DAG_RUN_ID=scheduled__2022-06-18T18:59:08.794253+00:00
[2022-06-19 17:55:44,689] {logging_mixin.py:115} INFO - ['https://www.handyverkauf.net/apple-iphone-x-64gb-space-grau_h_5143', 'https://www.handyverkauf.net/apple-iphone-x-256gb-space-grau_h_5145', 'https://www.handyverkauf.net/apple-iphone-xs-64gb-space-grau_h_6242', 'https://www.handyverkauf.net/apple-iphone-xs-256gb-space-grau_h_6245', 'https://www.handyverkauf.net/apple-iphone-xs-512gb-space-grau_h_6248', 'https://www.handyverkauf.net/apple-iphone-xs-max-64gb-space-grau_h_6251', 'https://www.handyverkauf.net/apple-iphone-xs-max-256gb-space-grau_h_6254', 'https://www.handyverkauf.net/apple-iphone-xs-max-512gb-space-grau_h_6257', 'https://www.handyverkauf.net/apple-iphone-xr-64gb-schwarz_h_6260', 'https://www.handyverkauf.net/apple-iphone-xr-128gb-schwarz_h_6266']
[2022-06-19 17:55:51,487] {logging_mixin.py:115} INFO - Message: invalid argument: 'url' must be a string
  (Session info: headless chrome=102.0.5005.115)
Stacktrace:
#0 0x560252f83f33 <unknown>
#1 0x560252cce118 <unknown>
#2 0x560252d35aa1 <unknown>
#3 0x560252d21f72 <unknown>
#4 0x560252d352e4 <unknown>
#5 0x560252d21e63 <unknown>
#6 0x560252cf782a <unknown>
#7 0x560252cf8985 <unknown>
#8 0x560252fc84cd <unknown>
#9 0x560252fcc5ec <unknown>
#10 0x560252fb271e <unknown>
#11 0x560252fcd238 <unknown>
#12 0x560252fa7870 <unknown>
#13 0x560252fe9608 <unknown>
#14 0x560252fe9788 <unknown>
#15 0x560253003f1d <unknown>
#16 0x7fa529e77ea7 <unknown>
[2022-06-19 17:55:51,596] {logging_mixin.py:115} INFO - []
[2022-06-19 17:55:51,596] {python.py:173} INFO - Done. Returned value was: None
[2022-06-19 17:55:51,661] {taskinstance.py:1400} INFO - Marking task as SUCCESS. dag_id=Job-pts, task_id=pts-Papple-iphone-xs-256gb-space-grau_h_6245, execution_date=20220618T185908, start_date=20220619T175542, end_date=20220619T175551
[2022-06-19 17:55:52,411] {local_task_job.py:156} INFO - Task exited with return code 0
[2022-06-19 17:55:52,585] {local_task_job.py:273} INFO - 0 downstream tasks scheduled from follow-on schedule check
