[2022-06-17 20:17:53,522] {taskinstance.py:1159} INFO - Dependencies all met for <TaskInstance: Job-pts.pts-Papple-iphone-xs-max-64gb-space-grau_h_6251 manual__2022-06-17T20:12:59.782916+00:00 [queued]>
[2022-06-17 20:17:53,540] {taskinstance.py:1159} INFO - Dependencies all met for <TaskInstance: Job-pts.pts-Papple-iphone-xs-max-64gb-space-grau_h_6251 manual__2022-06-17T20:12:59.782916+00:00 [queued]>
[2022-06-17 20:17:53,540] {taskinstance.py:1356} INFO - 
--------------------------------------------------------------------------------
[2022-06-17 20:17:53,540] {taskinstance.py:1357} INFO - Starting attempt 2 of 6
[2022-06-17 20:17:53,540] {taskinstance.py:1358} INFO - 
--------------------------------------------------------------------------------
[2022-06-17 20:17:53,558] {taskinstance.py:1377} INFO - Executing <Task(PythonOperator): pts-Papple-iphone-xs-max-64gb-space-grau_h_6251> on 2022-06-17 20:12:59.782916+00:00
[2022-06-17 20:17:53,567] {standard_task_runner.py:79} INFO - Running: ['airflow', 'tasks', 'run', 'Job-pts', 'pts-Papple-iphone-xs-max-64gb-space-grau_h_6251', 'manual__2022-06-17T20:12:59.782916+00:00', '--job-id', '310', '--raw', '--subdir', 'DAGS_FOLDER/docker_job/price_scale.py', '--cfg-path', '/tmp/tmpvofgiyw3', '--error-file', '/tmp/tmpyqj6qu_u']
[2022-06-17 20:17:53,568] {standard_task_runner.py:80} INFO - Job 310: Subtask pts-Papple-iphone-xs-max-64gb-space-grau_h_6251
[2022-06-17 20:17:53,568] {standard_task_runner.py:52} INFO - Started process 705 to run task
[2022-06-17 20:17:53,725] {task_command.py:370} INFO - Running <TaskInstance: Job-pts.pts-Papple-iphone-xs-max-64gb-space-grau_h_6251 manual__2022-06-17T20:12:59.782916+00:00 [running]> on host 2d9e52ec85d2
[2022-06-17 20:17:53,857] {taskinstance.py:1571} INFO - Exporting the following env vars:
AIRFLOW_CTX_DAG_EMAIL=samuel.momoh-olle@asgoodasnew.com
AIRFLOW_CTX_DAG_OWNER=airflow
AIRFLOW_CTX_DAG_ID=Job-pts
AIRFLOW_CTX_TASK_ID=pts-Papple-iphone-xs-max-64gb-space-grau_h_6251
AIRFLOW_CTX_EXECUTION_DATE=2022-06-17T20:12:59.782916+00:00
AIRFLOW_CTX_TRY_NUMBER=2
AIRFLOW_CTX_DAG_RUN_ID=manual__2022-06-17T20:12:59.782916+00:00
[2022-06-17 20:17:55,051] {logging_mixin.py:115} INFO - ['https://www.handyverkauf.net/apple-iphone-x-64gb-space-grau_h_5143', 'https://www.handyverkauf.net/apple-iphone-x-256gb-space-grau_h_5145', 'https://www.handyverkauf.net/apple-iphone-xs-64gb-space-grau_h_6242', 'https://www.handyverkauf.net/apple-iphone-xs-256gb-space-grau_h_6245', 'https://www.handyverkauf.net/apple-iphone-xs-512gb-space-grau_h_6248', 'https://www.handyverkauf.net/apple-iphone-xs-max-64gb-space-grau_h_6251', 'https://www.handyverkauf.net/apple-iphone-xs-max-256gb-space-grau_h_6254', 'https://www.handyverkauf.net/apple-iphone-xs-max-512gb-space-grau_h_6257', 'https://www.handyverkauf.net/apple-iphone-xr-64gb-schwarz_h_6260', 'https://www.handyverkauf.net/apple-iphone-xr-128gb-schwarz_h_6266']
[2022-06-17 20:18:01,107] {logging_mixin.py:115} INFO - Message: invalid argument: 'url' must be a string
  (Session info: headless chrome=102.0.5005.115)
Stacktrace:
#0 0x55f4ffc87f33 <unknown>
#1 0x55f4ff9d2118 <unknown>
#2 0x55f4ffa39aa1 <unknown>
#3 0x55f4ffa25f72 <unknown>
#4 0x55f4ffa392e4 <unknown>
#5 0x55f4ffa25e63 <unknown>
#6 0x55f4ff9fb82a <unknown>
#7 0x55f4ff9fc985 <unknown>
#8 0x55f4ffccc4cd <unknown>
#9 0x55f4ffcd05ec <unknown>
#10 0x55f4ffcb671e <unknown>
#11 0x55f4ffcd1238 <unknown>
#12 0x55f4ffcab870 <unknown>
#13 0x55f4ffced608 <unknown>
#14 0x55f4ffced788 <unknown>
#15 0x55f4ffd07f1d <unknown>
#16 0x7f7657a0aea7 <unknown>
[2022-06-17 20:18:01,162] {logging_mixin.py:115} INFO - []
[2022-06-17 20:18:01,162] {python.py:173} INFO - Done. Returned value was: None
[2022-06-17 20:18:01,178] {taskinstance.py:1400} INFO - Marking task as SUCCESS. dag_id=Job-pts, task_id=pts-Papple-iphone-xs-max-64gb-space-grau_h_6251, execution_date=20220617T201259, start_date=20220617T201753, end_date=20220617T201801
[2022-06-17 20:18:01,225] {local_task_job.py:156} INFO - Task exited with return code 0
[2022-06-17 20:18:01,249] {local_task_job.py:273} INFO - 0 downstream tasks scheduled from follow-on schedule check
