[2022-06-11 20:03:27,014] {taskinstance.py:1159} INFO - Dependencies all met for <TaskInstance: T-dbt-job-objects.dbt_clone_and_transform-objects scheduled__2022-06-11T18:03:02.628024+00:00 [queued]>
[2022-06-11 20:03:27,025] {taskinstance.py:1159} INFO - Dependencies all met for <TaskInstance: T-dbt-job-objects.dbt_clone_and_transform-objects scheduled__2022-06-11T18:03:02.628024+00:00 [queued]>
[2022-06-11 20:03:27,025] {taskinstance.py:1356} INFO - 
--------------------------------------------------------------------------------
[2022-06-11 20:03:27,025] {taskinstance.py:1357} INFO - Starting attempt 1 of 2
[2022-06-11 20:03:27,025] {taskinstance.py:1358} INFO - 
--------------------------------------------------------------------------------
[2022-06-11 20:03:27,041] {taskinstance.py:1377} INFO - Executing <Task(BashOperator): dbt_clone_and_transform-objects> on 2022-06-11 18:03:02.628024+00:00
[2022-06-11 20:03:27,050] {standard_task_runner.py:52} INFO - Started process 811 to run task
[2022-06-11 20:03:27,053] {standard_task_runner.py:79} INFO - Running: ['airflow', 'tasks', 'run', 'T-dbt-job-objects', 'dbt_clone_and_transform-objects', 'scheduled__2022-06-11T18:03:02.628024+00:00', '--job-id', '23', '--raw', '--subdir', 'DAGS_FOLDER/docker_job/dbt_model.py', '--cfg-path', '/tmp/tmpahjh1xcn', '--error-file', '/tmp/tmpj7orgnvp']
[2022-06-11 20:03:27,054] {standard_task_runner.py:80} INFO - Job 23: Subtask dbt_clone_and_transform-objects
[2022-06-11 20:03:27,078] {warnings.py:110} WARNING - /home/airflow/.local/lib/python3.7/site-packages/airflow/configuration.py:525: DeprecationWarning: The sql_alchemy_conn option in [core] has been moved to the sql_alchemy_conn option in [database] - the old setting has been used, but please update your config.
  option = self._get_environment_variables(deprecated_key, deprecated_section, key, section)

[2022-06-11 20:03:27,127] {task_command.py:370} INFO - Running <TaskInstance: T-dbt-job-objects.dbt_clone_and_transform-objects scheduled__2022-06-11T18:03:02.628024+00:00 [running]> on host e926c0944008
[2022-06-11 20:03:27,207] {taskinstance.py:1571} INFO - Exporting the following env vars:
AIRFLOW_CTX_DAG_EMAIL=samuelolle@yahoo.com
AIRFLOW_CTX_DAG_OWNER=airflow
AIRFLOW_CTX_DAG_ID=T-dbt-job-objects
AIRFLOW_CTX_TASK_ID=dbt_clone_and_transform-objects
AIRFLOW_CTX_EXECUTION_DATE=2022-06-11T18:03:02.628024+00:00
AIRFLOW_CTX_TRY_NUMBER=1
AIRFLOW_CTX_DAG_RUN_ID=scheduled__2022-06-11T18:03:02.628024+00:00
[2022-06-11 20:03:27,208] {subprocess.py:62} INFO - Tmp dir root location: 
 /tmp
[2022-06-11 20:03:27,208] {subprocess.py:74} INFO - Running command: ['bash', '-c', " rm -rf /tmp/objects && mkdir /tmp/objects                            && cp -r /tmp/dbt /tmp/objects/dbt                             && cd /tmp/objects/dbt && python3 -m venv venv                             && export PIP_USER=false                             && *** /tmp/objects/dbt/venv/bin/activate                             && pip  install --quiet --upgrade pip setuptools                             && pip3 install --quiet 'MarkupSafe<=2.0.1' 'dbt-postgres' 'dbt-core'                             && dbt --version && deactivate                             && cd /tmp/objects/dbt && *** /tmp/objects/dbt/venv/bin/activate                             && dbt deps --profiles-dir /tmp/objects/dbt/ && dbt seed --profiles-dir /tmp/objects/dbt/                             && dbt run --models objects --profiles-dir /tmp/objects/dbt/"]
[2022-06-11 20:03:27,225] {subprocess.py:85} INFO - Output:
[2022-06-11 20:04:10,279] {subprocess.py:92} INFO - Core:
[2022-06-11 20:04:10,279] {subprocess.py:92} INFO -   - installed: 1.1.0
[2022-06-11 20:04:10,279] {subprocess.py:92} INFO -   - latest:    1.1.0 - [32mUp to date![0m
[2022-06-11 20:04:10,279] {subprocess.py:92} INFO - 
[2022-06-11 20:04:10,280] {subprocess.py:92} INFO - Plugins:
[2022-06-11 20:04:10,280] {subprocess.py:92} INFO -   - postgres: 1.1.0 - [32mUp to date![0m
[2022-06-11 20:04:13,640] {subprocess.py:92} INFO - [0m20:04:13  Running with dbt=1.1.0
[2022-06-11 20:04:13,643] {subprocess.py:92} INFO - [0m20:04:13  Warning: No packages were found in packages.yml
[2022-06-11 20:04:17,059] {subprocess.py:92} INFO - [0m20:04:17  Running with dbt=1.1.0
[2022-06-11 20:04:17,080] {subprocess.py:92} INFO - [0m20:04:17  Partial parse save file not found. Starting full parse.
[2022-06-11 20:04:17,799] {subprocess.py:92} INFO - [0m20:04:17  [WARNING]: Configuration paths exist in your dbt_project.yml file which do not apply to any re***s.
[2022-06-11 20:04:17,799] {subprocess.py:92} INFO - There are 1 unused configuration paths:
[2022-06-11 20:04:17,799] {subprocess.py:92} INFO - - seeds.SAM
[2022-06-11 20:04:17,799] {subprocess.py:92} INFO - 
[2022-06-11 20:04:17,813] {subprocess.py:92} INFO - [0m20:04:17  Found 4 models, 6 tests, 0 snapshots, 0 analyses, 171 macros, 6 operations, 0 seed files, 4 ***s, 0 exposures, 0 metrics
[2022-06-11 20:04:17,816] {subprocess.py:92} INFO - [0m20:04:17
[2022-06-11 20:04:17,817] {subprocess.py:92} INFO - [0m20:04:17  [WARNING]: Nothing to do. Try checking your model configs and model specification args
[2022-06-11 20:04:17,824] {subprocess.py:92} INFO - [0m20:04:17
[2022-06-11 20:04:17,824] {subprocess.py:92} INFO - [0m20:04:17  Completed successfully
[2022-06-11 20:04:17,825] {subprocess.py:92} INFO - [0m20:04:17
[2022-06-11 20:04:17,825] {subprocess.py:92} INFO - [0m20:04:17  Done. PASS=0 WARN=0 ERROR=0 SKIP=0 TOTAL=0
[2022-06-11 20:04:21,313] {subprocess.py:92} INFO - [0m20:04:21  Running with dbt=1.1.0
[2022-06-11 20:04:21,350] {subprocess.py:92} INFO - [0m20:04:21  [WARNING]: Configuration paths exist in your dbt_project.yml file which do not apply to any re***s.
[2022-06-11 20:04:21,350] {subprocess.py:92} INFO - There are 1 unused configuration paths:
[2022-06-11 20:04:21,350] {subprocess.py:92} INFO - - seeds.SAM
[2022-06-11 20:04:21,350] {subprocess.py:92} INFO - 
[2022-06-11 20:04:21,364] {subprocess.py:92} INFO - [0m20:04:21  Found 4 models, 6 tests, 0 snapshots, 0 analyses, 171 macros, 6 operations, 0 seed files, 4 ***s, 0 exposures, 0 metrics
[2022-06-11 20:04:21,367] {subprocess.py:92} INFO - [0m20:04:21
[2022-06-11 20:04:21,474] {subprocess.py:92} INFO - [0m20:04:21  Concurrency: 4 threads (target='dev')
[2022-06-11 20:04:21,475] {subprocess.py:92} INFO - [0m20:04:21
[2022-06-11 20:04:21,492] {subprocess.py:92} INFO - [0m20:04:21  1 of 1 START table model analytics_objects_analytics_objects.obj_walls ......... [RUN]
[2022-06-11 20:04:21,595] {subprocess.py:92} INFO - [0m20:04:21  1 of 1 OK created table model analytics_objects_analytics_objects.obj_walls .... [SELECT 12 in 0.10s]
[2022-06-11 20:04:21,697] {subprocess.py:92} INFO - [0m20:04:21
[2022-06-11 20:04:21,697] {subprocess.py:92} INFO - [0m20:04:21  Running 6 on-run-end hooks
[2022-06-11 20:04:21,706] {subprocess.py:92} INFO - [0m20:04:21  1 of 6 START hook: SAM.on-run-end.0 ............................................ [RUN]
[2022-06-11 20:04:21,710] {subprocess.py:92} INFO - [0m20:04:21  1 of 6 OK hook: SAM.on-run-end.0 ............................................... [ALTER DEFAULT PRIVILEGES in 0.00s]
[2022-06-11 20:04:21,718] {subprocess.py:92} INFO - [0m20:04:21  2 of 6 START hook: SAM.on-run-end.1 ............................................ [RUN]
[2022-06-11 20:04:21,721] {subprocess.py:92} INFO - [0m20:04:21  2 of 6 OK hook: SAM.on-run-end.1 ............................................... [ALTER DEFAULT PRIVILEGES in 0.00s]
[2022-06-11 20:04:21,725] {subprocess.py:92} INFO - [0m20:04:21  3 of 6 START hook: SAM.on-run-end.2 ............................................ [RUN]
[2022-06-11 20:04:21,728] {subprocess.py:92} INFO - [0m20:04:21  3 of 6 OK hook: SAM.on-run-end.2 ............................................... [ALTER DEFAULT PRIVILEGES in 0.00s]
[2022-06-11 20:04:21,732] {subprocess.py:92} INFO - [0m20:04:21  4 of 6 START hook: SAM.on-run-end.3 ............................................ [RUN]
[2022-06-11 20:04:21,735] {subprocess.py:92} INFO - [0m20:04:21  4 of 6 OK hook: SAM.on-run-end.3 ............................................... [ALTER DEFAULT PRIVILEGES in 0.00s]
[2022-06-11 20:04:21,740] {subprocess.py:92} INFO - [0m20:04:21  5 of 6 START hook: SAM.on-run-end.4 ............................................ [RUN]
[2022-06-11 20:04:21,743] {subprocess.py:92} INFO - [0m20:04:21  5 of 6 OK hook: SAM.on-run-end.4 ............................................... [ALTER DEFAULT PRIVILEGES in 0.00s]
[2022-06-11 20:04:21,747] {subprocess.py:92} INFO - [0m20:04:21  6 of 6 START hook: SAM.on-run-end.5 ............................................ [RUN]
[2022-06-11 20:04:21,750] {subprocess.py:92} INFO - [0m20:04:21  6 of 6 OK hook: SAM.on-run-end.5 ............................................... [ALTER DEFAULT PRIVILEGES in 0.00s]
[2022-06-11 20:04:21,751] {subprocess.py:92} INFO - [0m20:04:21
[2022-06-11 20:04:21,752] {subprocess.py:92} INFO - [0m20:04:21
[2022-06-11 20:04:21,752] {subprocess.py:92} INFO - [0m20:04:21  Finished running 1 table model, 6 hooks in 0.38s.
[2022-06-11 20:04:21,759] {subprocess.py:92} INFO - [0m20:04:21
[2022-06-11 20:04:21,759] {subprocess.py:92} INFO - [0m20:04:21  Completed successfully
[2022-06-11 20:04:21,759] {subprocess.py:92} INFO - [0m20:04:21
[2022-06-11 20:04:21,760] {subprocess.py:92} INFO - [0m20:04:21  Done. PASS=1 WARN=0 ERROR=0 SKIP=0 TOTAL=1
[2022-06-11 20:04:22,033] {subprocess.py:96} INFO - Command exited with return code 0
[2022-06-11 20:04:22,072] {taskinstance.py:1400} INFO - Marking task as SUCCESS. dag_id=T-dbt-job-objects, task_id=dbt_clone_and_transform-objects, execution_date=20220611T180302, start_date=20220611T200327, end_date=20220611T200422
[2022-06-11 20:04:22,123] {local_task_job.py:156} INFO - Task exited with return code 0
[2022-06-11 20:04:22,166] {local_task_job.py:273} INFO - 1 downstream tasks scheduled from follow-on schedule check
