[2022-06-19 22:46:57,889] {taskinstance.py:1159} INFO - Dependencies all met for <TaskInstance: T-dbt-job-objects.dbt_cleanup-objects manual__2022-06-19T22:46:15.885551+00:00 [queued]>
[2022-06-19 22:46:57,898] {taskinstance.py:1159} INFO - Dependencies all met for <TaskInstance: T-dbt-job-objects.dbt_cleanup-objects manual__2022-06-19T22:46:15.885551+00:00 [queued]>
[2022-06-19 22:46:57,898] {taskinstance.py:1356} INFO - 
--------------------------------------------------------------------------------
[2022-06-19 22:46:57,898] {taskinstance.py:1357} INFO - Starting attempt 1 of 2
[2022-06-19 22:46:57,898] {taskinstance.py:1358} INFO - 
--------------------------------------------------------------------------------
[2022-06-19 22:46:57,911] {taskinstance.py:1377} INFO - Executing <Task(BashOperator): dbt_cleanup-objects> on 2022-06-19 22:46:15.885551+00:00
[2022-06-19 22:46:57,915] {standard_task_runner.py:52} INFO - Started process 1337 to run task
[2022-06-19 22:46:57,918] {standard_task_runner.py:79} INFO - Running: ['airflow', 'tasks', 'run', 'T-dbt-job-objects', 'dbt_cleanup-objects', 'manual__2022-06-19T22:46:15.885551+00:00', '--job-id', '54', '--raw', '--subdir', 'DAGS_FOLDER/docker_job/dbt_model.py', '--cfg-path', '/tmp/tmpn94lcoqw', '--error-file', '/tmp/tmp9dfoz5qm']
[2022-06-19 22:46:57,918] {standard_task_runner.py:80} INFO - Job 54: Subtask dbt_cleanup-objects
[2022-06-19 22:46:57,966] {task_command.py:370} INFO - Running <TaskInstance: T-dbt-job-objects.dbt_cleanup-objects manual__2022-06-19T22:46:15.885551+00:00 [running]> on host 7cbff6e51e2a
[2022-06-19 22:46:58,025] {taskinstance.py:1571} INFO - Exporting the following env vars:
AIRFLOW_CTX_DAG_EMAIL=samuelolle@yahoo.com
AIRFLOW_CTX_DAG_OWNER=airflow
AIRFLOW_CTX_DAG_ID=T-dbt-job-objects
AIRFLOW_CTX_TASK_ID=dbt_cleanup-objects
AIRFLOW_CTX_EXECUTION_DATE=2022-06-19T22:46:15.885551+00:00
AIRFLOW_CTX_TRY_NUMBER=1
AIRFLOW_CTX_DAG_RUN_ID=manual__2022-06-19T22:46:15.885551+00:00
[2022-06-19 22:46:58,026] {subprocess.py:62} INFO - Tmp dir root location: 
 /tmp
[2022-06-19 22:46:58,026] {subprocess.py:74} INFO - Running command: ['bash', '-c', 'rm -rf /tmp/objects && rm -rf /tmp/tmp* 2>/dev/null || exit 0']
[2022-06-19 22:46:58,035] {subprocess.py:85} INFO - Output:
[2022-06-19 22:46:58,141] {subprocess.py:96} INFO - Command exited with return code 0
[2022-06-19 22:46:58,166] {taskinstance.py:1400} INFO - Marking task as SUCCESS. dag_id=T-dbt-job-objects, task_id=dbt_cleanup-objects, execution_date=20220619T224615, start_date=20220619T224657, end_date=20220619T224658
[2022-06-19 22:46:58,210] {local_task_job.py:156} INFO - Task exited with return code 0
[2022-06-19 22:46:58,236] {local_task_job.py:273} INFO - 0 downstream tasks scheduled from follow-on schedule check
