[2022-06-12 21:07:48,411] {taskinstance.py:1159} INFO - Dependencies all met for <TaskInstance: T-dbt-job-objects.dbt_clone_and_transform-objects scheduled__2022-06-12T19:07:29.375268+00:00 [queued]>
[2022-06-12 21:07:48,419] {taskinstance.py:1159} INFO - Dependencies all met for <TaskInstance: T-dbt-job-objects.dbt_clone_and_transform-objects scheduled__2022-06-12T19:07:29.375268+00:00 [queued]>
[2022-06-12 21:07:48,419] {taskinstance.py:1356} INFO - 
--------------------------------------------------------------------------------
[2022-06-12 21:07:48,419] {taskinstance.py:1357} INFO - Starting attempt 1 of 2
[2022-06-12 21:07:48,419] {taskinstance.py:1358} INFO - 
--------------------------------------------------------------------------------
[2022-06-12 21:07:48,431] {taskinstance.py:1377} INFO - Executing <Task(BashOperator): dbt_clone_and_transform-objects> on 2022-06-12 19:07:29.375268+00:00
[2022-06-12 21:07:48,436] {standard_task_runner.py:52} INFO - Started process 67 to run task
[2022-06-12 21:07:48,439] {standard_task_runner.py:79} INFO - Running: ['airflow', 'tasks', 'run', 'T-dbt-job-objects', 'dbt_clone_and_transform-objects', 'scheduled__2022-06-12T19:07:29.375268+00:00', '--job-id', '8', '--raw', '--subdir', 'DAGS_FOLDER/docker_job/dbt_model.py', '--cfg-path', '/tmp/tmpusuena5c', '--error-file', '/tmp/tmpu1gihhvh']
[2022-06-12 21:07:48,439] {standard_task_runner.py:80} INFO - Job 8: Subtask dbt_clone_and_transform-objects
[2022-06-12 21:07:48,452] {warnings.py:110} WARNING - /home/airflow/.local/lib/python3.7/site-packages/airflow/configuration.py:525: DeprecationWarning: The sql_alchemy_conn option in [core] has been moved to the sql_alchemy_conn option in [database] - the old setting has been used, but please update your config.
  option = self._get_environment_variables(deprecated_key, deprecated_section, key, section)

[2022-06-12 21:07:48,490] {task_command.py:370} INFO - Running <TaskInstance: T-dbt-job-objects.dbt_clone_and_transform-objects scheduled__2022-06-12T19:07:29.375268+00:00 [running]> on host f269bd168226
[2022-06-12 21:07:48,562] {taskinstance.py:1571} INFO - Exporting the following env vars:
AIRFLOW_CTX_DAG_EMAIL=samuelolle@yahoo.com
AIRFLOW_CTX_DAG_OWNER=airflow
AIRFLOW_CTX_DAG_ID=T-dbt-job-objects
AIRFLOW_CTX_TASK_ID=dbt_clone_and_transform-objects
AIRFLOW_CTX_EXECUTION_DATE=2022-06-12T19:07:29.375268+00:00
AIRFLOW_CTX_TRY_NUMBER=1
AIRFLOW_CTX_DAG_RUN_ID=scheduled__2022-06-12T19:07:29.375268+00:00
[2022-06-12 21:07:48,563] {subprocess.py:62} INFO - Tmp dir root location: 
 /tmp
[2022-06-12 21:07:48,564] {subprocess.py:74} INFO - Running command: ['bash', '-c', " rm -rf /tmp/objects && mkdir /tmp/objects                            && cp -r /tmp/dbt /tmp/objects/dbt                             && cd /tmp/objects/dbt && python3 -m venv venv                             && export PIP_USER=false                             && *** /tmp/objects/dbt/venv/bin/activate                             && pip  install --quiet --upgrade pip setuptools                             && pip3 install --quiet 'MarkupSafe<=2.0.1' 'dbt-postgres' 'dbt-core'                             && dbt --version && deactivate                             && cd /tmp/objects/dbt && *** /tmp/objects/dbt/venv/bin/activate                             && dbt deps --profiles-dir /tmp/objects/dbt/ && dbt seed --profiles-dir /tmp/objects/dbt/                             && dbt run --models objects --profiles-dir /tmp/objects/dbt/"]
[2022-06-12 21:07:48,613] {subprocess.py:85} INFO - Output:
[2022-06-12 21:08:40,280] {subprocess.py:92} INFO - Core:
[2022-06-12 21:08:40,280] {subprocess.py:92} INFO -   - installed: 1.1.0
[2022-06-12 21:08:40,280] {subprocess.py:92} INFO -   - latest:    1.1.0 - [32mUp to date![0m
[2022-06-12 21:08:40,280] {subprocess.py:92} INFO - 
[2022-06-12 21:08:40,281] {subprocess.py:92} INFO - Plugins:
[2022-06-12 21:08:40,281] {subprocess.py:92} INFO -   - postgres: 1.1.0 - [32mUp to date![0m
[2022-06-12 21:08:43,570] {subprocess.py:92} INFO - [0m21:08:43  Running with dbt=1.1.0
[2022-06-12 21:08:43,573] {subprocess.py:92} INFO - [0m21:08:43  Warning: No packages were found in packages.yml
[2022-06-12 21:08:47,272] {subprocess.py:92} INFO - [0m21:08:47  Running with dbt=1.1.0
[2022-06-12 21:08:47,287] {subprocess.py:92} INFO - [0m21:08:47  Partial parse save file not found. Starting full parse.
[2022-06-12 21:08:47,929] {subprocess.py:92} INFO - [0m21:08:47  [WARNING]: Configuration paths exist in your dbt_project.yml file which do not apply to any re***s.
[2022-06-12 21:08:47,929] {subprocess.py:92} INFO - There are 1 unused configuration paths:
[2022-06-12 21:08:47,929] {subprocess.py:92} INFO - - seeds.SAM
[2022-06-12 21:08:47,929] {subprocess.py:92} INFO - 
[2022-06-12 21:08:47,942] {subprocess.py:92} INFO - [0m21:08:47  Found 7 models, 6 tests, 0 snapshots, 0 analyses, 172 macros, 6 operations, 0 seed files, 4 ***s, 0 exposures, 0 metrics
[2022-06-12 21:08:47,944] {subprocess.py:92} INFO - [0m21:08:47
[2022-06-12 21:08:47,944] {subprocess.py:92} INFO - [0m21:08:47  [WARNING]: Nothing to do. Try checking your model configs and model specification args
[2022-06-12 21:08:47,950] {subprocess.py:92} INFO - [0m21:08:47
[2022-06-12 21:08:47,951] {subprocess.py:92} INFO - [0m21:08:47  Completed successfully
[2022-06-12 21:08:47,951] {subprocess.py:92} INFO - [0m21:08:47
[2022-06-12 21:08:47,951] {subprocess.py:92} INFO - [0m21:08:47  Done. PASS=0 WARN=0 ERROR=0 SKIP=0 TOTAL=0
[2022-06-12 21:08:51,704] {subprocess.py:92} INFO - [0m21:08:51  Running with dbt=1.1.0
[2022-06-12 21:08:51,789] {subprocess.py:92} INFO - [0m21:08:51  [WARNING]: Configuration paths exist in your dbt_project.yml file which do not apply to any re***s.
[2022-06-12 21:08:51,789] {subprocess.py:92} INFO - There are 1 unused configuration paths:
[2022-06-12 21:08:51,789] {subprocess.py:92} INFO - - seeds.SAM
[2022-06-12 21:08:51,789] {subprocess.py:92} INFO - 
[2022-06-12 21:08:51,822] {subprocess.py:92} INFO - [0m21:08:51  Found 7 models, 6 tests, 0 snapshots, 0 analyses, 172 macros, 6 operations, 0 seed files, 4 ***s, 0 exposures, 0 metrics
[2022-06-12 21:08:51,832] {subprocess.py:92} INFO - [0m21:08:51
[2022-06-12 21:08:52,052] {subprocess.py:92} INFO - [0m21:08:52  Concurrency: 4 threads (target='dev')
[2022-06-12 21:08:52,052] {subprocess.py:92} INFO - [0m21:08:52
[2022-06-12 21:08:52,060] {subprocess.py:92} INFO - [0m21:08:52  1 of 2 START table model analytics_objects.obj_users ........................... [RUN]
[2022-06-12 21:08:52,061] {subprocess.py:92} INFO - [0m21:08:52  2 of 2 START table model analytics_objects.obj_walls ........................... [RUN]
[2022-06-12 21:08:52,164] {subprocess.py:92} INFO - [0m21:08:52  2 of 2 OK created table model analytics_objects.obj_walls ...................... [SELECT 12 in 0.10s]
[2022-06-12 21:08:52,166] {subprocess.py:92} INFO - [0m21:08:52  1 of 2 OK created table model analytics_objects.obj_users ...................... [SELECT 15 in 0.10s]
[2022-06-12 21:08:52,288] {subprocess.py:92} INFO - [0m21:08:52
[2022-06-12 21:08:52,288] {subprocess.py:92} INFO - [0m21:08:52  Running 6 on-run-end hooks
[2022-06-12 21:08:52,299] {subprocess.py:92} INFO - [0m21:08:52  1 of 6 START hook: SAM.on-run-end.0 ............................................ [RUN]
[2022-06-12 21:08:52,305] {subprocess.py:92} INFO - [0m21:08:52  1 of 6 OK hook: SAM.on-run-end.0 ............................................... [ALTER DEFAULT PRIVILEGES in 0.01s]
[2022-06-12 21:08:52,312] {subprocess.py:92} INFO - [0m21:08:52  2 of 6 START hook: SAM.on-run-end.1 ............................................ [RUN]
[2022-06-12 21:08:52,316] {subprocess.py:92} INFO - [0m21:08:52  2 of 6 OK hook: SAM.on-run-end.1 ............................................... [ALTER DEFAULT PRIVILEGES in 0.00s]
[2022-06-12 21:08:52,319] {subprocess.py:92} INFO - [0m21:08:52  3 of 6 START hook: SAM.on-run-end.2 ............................................ [RUN]
[2022-06-12 21:08:52,322] {subprocess.py:92} INFO - [0m21:08:52  3 of 6 OK hook: SAM.on-run-end.2 ............................................... [ALTER DEFAULT PRIVILEGES in 0.00s]
[2022-06-12 21:08:52,325] {subprocess.py:92} INFO - [0m21:08:52  4 of 6 START hook: SAM.on-run-end.3 ............................................ [RUN]
[2022-06-12 21:08:52,328] {subprocess.py:92} INFO - [0m21:08:52  4 of 6 OK hook: SAM.on-run-end.3 ............................................... [ALTER DEFAULT PRIVILEGES in 0.00s]
[2022-06-12 21:08:52,332] {subprocess.py:92} INFO - [0m21:08:52  5 of 6 START hook: SAM.on-run-end.4 ............................................ [RUN]
[2022-06-12 21:08:52,335] {subprocess.py:92} INFO - [0m21:08:52  5 of 6 OK hook: SAM.on-run-end.4 ............................................... [ALTER DEFAULT PRIVILEGES in 0.00s]
[2022-06-12 21:08:52,338] {subprocess.py:92} INFO - [0m21:08:52  6 of 6 START hook: SAM.on-run-end.5 ............................................ [RUN]
[2022-06-12 21:08:52,341] {subprocess.py:92} INFO - [0m21:08:52  6 of 6 OK hook: SAM.on-run-end.5 ............................................... [ALTER DEFAULT PRIVILEGES in 0.00s]
[2022-06-12 21:08:52,341] {subprocess.py:92} INFO - [0m21:08:52
[2022-06-12 21:08:52,342] {subprocess.py:92} INFO - [0m21:08:52
[2022-06-12 21:08:52,342] {subprocess.py:92} INFO - [0m21:08:52  Finished running 2 table models, 6 hooks in 0.52s.
[2022-06-12 21:08:52,350] {subprocess.py:92} INFO - [0m21:08:52
[2022-06-12 21:08:52,350] {subprocess.py:92} INFO - [0m21:08:52  Completed successfully
[2022-06-12 21:08:52,351] {subprocess.py:92} INFO - [0m21:08:52
[2022-06-12 21:08:52,351] {subprocess.py:92} INFO - [0m21:08:52  Done. PASS=2 WARN=0 ERROR=0 SKIP=0 TOTAL=2
[2022-06-12 21:08:52,502] {subprocess.py:96} INFO - Command exited with return code 0
[2022-06-12 21:08:52,544] {taskinstance.py:1400} INFO - Marking task as SUCCESS. dag_id=T-dbt-job-objects, task_id=dbt_clone_and_transform-objects, execution_date=20220612T190729, start_date=20220612T210748, end_date=20220612T210852
[2022-06-12 21:08:52,567] {local_task_job.py:156} INFO - Task exited with return code 0
[2022-06-12 21:08:52,602] {local_task_job.py:273} INFO - 1 downstream tasks scheduled from follow-on schedule check
