[2022-06-11 21:22:33,269] {taskinstance.py:1159} INFO - Dependencies all met for <TaskInstance: T-dbt-job-dimensions.dbt_clone_and_transform-dimensions manual__2022-06-11T21:22:32.658090+00:00 [queued]>
[2022-06-11 21:22:33,281] {taskinstance.py:1159} INFO - Dependencies all met for <TaskInstance: T-dbt-job-dimensions.dbt_clone_and_transform-dimensions manual__2022-06-11T21:22:32.658090+00:00 [queued]>
[2022-06-11 21:22:33,281] {taskinstance.py:1356} INFO - 
--------------------------------------------------------------------------------
[2022-06-11 21:22:33,281] {taskinstance.py:1357} INFO - Starting attempt 1 of 2
[2022-06-11 21:22:33,281] {taskinstance.py:1358} INFO - 
--------------------------------------------------------------------------------
[2022-06-11 21:22:33,298] {taskinstance.py:1377} INFO - Executing <Task(BashOperator): dbt_clone_and_transform-dimensions> on 2022-06-11 21:22:32.658090+00:00
[2022-06-11 21:22:33,304] {standard_task_runner.py:52} INFO - Started process 1072 to run task
[2022-06-11 21:22:33,309] {standard_task_runner.py:79} INFO - Running: ['airflow', 'tasks', 'run', 'T-dbt-job-dimensions', 'dbt_clone_and_transform-dimensions', 'manual__2022-06-11T21:22:32.658090+00:00', '--job-id', '33', '--raw', '--subdir', 'DAGS_FOLDER/docker_job/dbt_model.py', '--cfg-path', '/tmp/tmp307nyial', '--error-file', '/tmp/tmp6x9iut6a']
[2022-06-11 21:22:33,309] {standard_task_runner.py:80} INFO - Job 33: Subtask dbt_clone_and_transform-dimensions
[2022-06-11 21:22:33,369] {task_command.py:370} INFO - Running <TaskInstance: T-dbt-job-dimensions.dbt_clone_and_transform-dimensions manual__2022-06-11T21:22:32.658090+00:00 [running]> on host e926c0944008
[2022-06-11 21:22:33,446] {taskinstance.py:1571} INFO - Exporting the following env vars:
AIRFLOW_CTX_DAG_EMAIL=samuelolle@yahoo.com
AIRFLOW_CTX_DAG_OWNER=airflow
AIRFLOW_CTX_DAG_ID=T-dbt-job-dimensions
AIRFLOW_CTX_TASK_ID=dbt_clone_and_transform-dimensions
AIRFLOW_CTX_EXECUTION_DATE=2022-06-11T21:22:32.658090+00:00
AIRFLOW_CTX_TRY_NUMBER=1
AIRFLOW_CTX_DAG_RUN_ID=manual__2022-06-11T21:22:32.658090+00:00
[2022-06-11 21:22:33,447] {subprocess.py:62} INFO - Tmp dir root location: 
 /tmp
[2022-06-11 21:22:33,448] {subprocess.py:74} INFO - Running command: ['bash', '-c', " rm -rf /tmp/dimensions && mkdir /tmp/dimensions                            && cp -r /tmp/dbt /tmp/dimensions/dbt                             && cd /tmp/dimensions/dbt && python3 -m venv venv                             && export PIP_USER=false                             && *** /tmp/dimensions/dbt/venv/bin/activate                             && pip  install --quiet --upgrade pip setuptools                             && pip3 install --quiet 'MarkupSafe<=2.0.1' 'dbt-postgres' 'dbt-core'                             && dbt --version && deactivate                             && cd /tmp/dimensions/dbt && *** /tmp/dimensions/dbt/venv/bin/activate                             && dbt deps --profiles-dir /tmp/dimensions/dbt/ && dbt seed --profiles-dir /tmp/dimensions/dbt/                             && dbt run --models dimensions --profiles-dir /tmp/dimensions/dbt/"]
[2022-06-11 21:22:33,461] {subprocess.py:85} INFO - Output:
[2022-06-11 21:23:07,880] {subprocess.py:92} INFO - Core:
[2022-06-11 21:23:07,881] {subprocess.py:92} INFO -   - installed: 1.1.0
[2022-06-11 21:23:07,881] {subprocess.py:92} INFO -   - latest:    1.1.0 - [32mUp to date![0m
[2022-06-11 21:23:07,881] {subprocess.py:92} INFO - 
[2022-06-11 21:23:07,881] {subprocess.py:92} INFO - Plugins:
[2022-06-11 21:23:07,881] {subprocess.py:92} INFO -   - postgres: 1.1.0 - [32mUp to date![0m
[2022-06-11 21:23:10,565] {subprocess.py:92} INFO - [0m21:23:10  Running with dbt=1.1.0
[2022-06-11 21:23:10,566] {subprocess.py:92} INFO - [0m21:23:10  Warning: No packages were found in packages.yml
[2022-06-11 21:23:13,270] {subprocess.py:92} INFO - [0m21:23:13  Running with dbt=1.1.0
[2022-06-11 21:23:13,283] {subprocess.py:92} INFO - [0m21:23:13  Partial parse save file not found. Starting full parse.
[2022-06-11 21:23:13,887] {subprocess.py:92} INFO - [0m21:23:13  [WARNING]: Configuration paths exist in your dbt_project.yml file which do not apply to any re***s.
[2022-06-11 21:23:13,888] {subprocess.py:92} INFO - There are 1 unused configuration paths:
[2022-06-11 21:23:13,888] {subprocess.py:92} INFO - - seeds.SAM
[2022-06-11 21:23:13,888] {subprocess.py:92} INFO - 
[2022-06-11 21:23:13,900] {subprocess.py:92} INFO - [0m21:23:13  Found 4 models, 6 tests, 0 snapshots, 0 analyses, 171 macros, 6 operations, 0 seed files, 4 ***s, 0 exposures, 0 metrics
[2022-06-11 21:23:13,901] {subprocess.py:92} INFO - [0m21:23:13
[2022-06-11 21:23:13,901] {subprocess.py:92} INFO - [0m21:23:13  [WARNING]: Nothing to do. Try checking your model configs and model specification args
[2022-06-11 21:23:13,906] {subprocess.py:92} INFO - [0m21:23:13
[2022-06-11 21:23:13,906] {subprocess.py:92} INFO - [0m21:23:13  Completed successfully
[2022-06-11 21:23:13,907] {subprocess.py:92} INFO - [0m21:23:13
[2022-06-11 21:23:13,907] {subprocess.py:92} INFO - [0m21:23:13  Done. PASS=0 WARN=0 ERROR=0 SKIP=0 TOTAL=0
[2022-06-11 21:23:16,608] {subprocess.py:92} INFO - [0m21:23:16  Running with dbt=1.1.0
[2022-06-11 21:23:16,639] {subprocess.py:92} INFO - [0m21:23:16  [WARNING]: Configuration paths exist in your dbt_project.yml file which do not apply to any re***s.
[2022-06-11 21:23:16,639] {subprocess.py:92} INFO - There are 1 unused configuration paths:
[2022-06-11 21:23:16,639] {subprocess.py:92} INFO - - seeds.SAM
[2022-06-11 21:23:16,640] {subprocess.py:92} INFO - 
[2022-06-11 21:23:16,654] {subprocess.py:92} INFO - [0m21:23:16  Found 4 models, 6 tests, 0 snapshots, 0 analyses, 171 macros, 6 operations, 0 seed files, 4 ***s, 0 exposures, 0 metrics
[2022-06-11 21:23:16,656] {subprocess.py:92} INFO - [0m21:23:16
[2022-06-11 21:23:16,716] {subprocess.py:92} INFO - [0m21:23:16  Concurrency: 4 threads (target='dev')
[2022-06-11 21:23:16,716] {subprocess.py:92} INFO - [0m21:23:16
[2022-06-11 21:23:16,724] {subprocess.py:92} INFO - [0m21:23:16  1 of 1 START table model analytics_objects.dim_date ............................ [RUN]
[2022-06-11 21:23:16,798] {subprocess.py:92} INFO - [0m21:23:16  1 of 1 OK created table model analytics_objects.dim_date ....................... [SELECT 546 in 0.07s]
[2022-06-11 21:23:16,843] {subprocess.py:92} INFO - [0m21:23:16
[2022-06-11 21:23:16,843] {subprocess.py:92} INFO - [0m21:23:16  Running 6 on-run-end hooks
[2022-06-11 21:23:16,853] {subprocess.py:92} INFO - [0m21:23:16  1 of 6 START hook: SAM.on-run-end.0 ............................................ [RUN]
[2022-06-11 21:23:16,856] {subprocess.py:92} INFO - [0m21:23:16  1 of 6 OK hook: SAM.on-run-end.0 ............................................... [ALTER DEFAULT PRIVILEGES in 0.00s]
[2022-06-11 21:23:16,862] {subprocess.py:92} INFO - [0m21:23:16  2 of 6 START hook: SAM.on-run-end.1 ............................................ [RUN]
[2022-06-11 21:23:16,865] {subprocess.py:92} INFO - [0m21:23:16  2 of 6 OK hook: SAM.on-run-end.1 ............................................... [ALTER DEFAULT PRIVILEGES in 0.00s]
[2022-06-11 21:23:16,868] {subprocess.py:92} INFO - [0m21:23:16  3 of 6 START hook: SAM.on-run-end.2 ............................................ [RUN]
[2022-06-11 21:23:16,871] {subprocess.py:92} INFO - [0m21:23:16  3 of 6 OK hook: SAM.on-run-end.2 ............................................... [ALTER DEFAULT PRIVILEGES in 0.00s]
[2022-06-11 21:23:16,874] {subprocess.py:92} INFO - [0m21:23:16  4 of 6 START hook: SAM.on-run-end.3 ............................................ [RUN]
[2022-06-11 21:23:16,877] {subprocess.py:92} INFO - [0m21:23:16  4 of 6 OK hook: SAM.on-run-end.3 ............................................... [ALTER DEFAULT PRIVILEGES in 0.00s]
[2022-06-11 21:23:16,880] {subprocess.py:92} INFO - [0m21:23:16  5 of 6 START hook: SAM.on-run-end.4 ............................................ [RUN]
[2022-06-11 21:23:16,882] {subprocess.py:92} INFO - [0m21:23:16  5 of 6 OK hook: SAM.on-run-end.4 ............................................... [ALTER DEFAULT PRIVILEGES in 0.00s]
[2022-06-11 21:23:16,885] {subprocess.py:92} INFO - [0m21:23:16  6 of 6 START hook: SAM.on-run-end.5 ............................................ [RUN]
[2022-06-11 21:23:16,887] {subprocess.py:92} INFO - [0m21:23:16  6 of 6 OK hook: SAM.on-run-end.5 ............................................... [ALTER DEFAULT PRIVILEGES in 0.00s]
[2022-06-11 21:23:16,888] {subprocess.py:92} INFO - [0m21:23:16
[2022-06-11 21:23:16,889] {subprocess.py:92} INFO - [0m21:23:16
[2022-06-11 21:23:16,890] {subprocess.py:92} INFO - [0m21:23:16  Finished running 1 table model, 6 hooks in 0.23s.
[2022-06-11 21:23:16,897] {subprocess.py:92} INFO - [0m21:23:16
[2022-06-11 21:23:16,897] {subprocess.py:92} INFO - [0m21:23:16  Completed successfully
[2022-06-11 21:23:16,898] {subprocess.py:92} INFO - [0m21:23:16
[2022-06-11 21:23:16,898] {subprocess.py:92} INFO - [0m21:23:16  Done. PASS=1 WARN=0 ERROR=0 SKIP=0 TOTAL=1
[2022-06-11 21:23:17,043] {subprocess.py:96} INFO - Command exited with return code 0
[2022-06-11 21:23:17,069] {taskinstance.py:1400} INFO - Marking task as SUCCESS. dag_id=T-dbt-job-dimensions, task_id=dbt_clone_and_transform-dimensions, execution_date=20220611T212232, start_date=20220611T212233, end_date=20220611T212317
[2022-06-11 21:23:17,103] {local_task_job.py:156} INFO - Task exited with return code 0
[2022-06-11 21:23:17,128] {local_task_job.py:273} INFO - 1 downstream tasks scheduled from follow-on schedule check
