[2022-06-11 17:13:30,023] {taskinstance.py:1159} INFO - Dependencies all met for <TaskInstance: T-dbt-job-objects.dbt_clone_and_transform-objects manual__2022-06-11T17:13:25.361997+00:00 [queued]>
[2022-06-11 17:13:30,034] {taskinstance.py:1159} INFO - Dependencies all met for <TaskInstance: T-dbt-job-objects.dbt_clone_and_transform-objects manual__2022-06-11T17:13:25.361997+00:00 [queued]>
[2022-06-11 17:13:30,034] {taskinstance.py:1356} INFO - 
--------------------------------------------------------------------------------
[2022-06-11 17:13:30,034] {taskinstance.py:1357} INFO - Starting attempt 1 of 2
[2022-06-11 17:13:30,034] {taskinstance.py:1358} INFO - 
--------------------------------------------------------------------------------
[2022-06-11 17:13:30,053] {taskinstance.py:1377} INFO - Executing <Task(BashOperator): dbt_clone_and_transform-objects> on 2022-06-11 17:13:25.361997+00:00
[2022-06-11 17:13:30,059] {standard_task_runner.py:52} INFO - Started process 720 to run task
[2022-06-11 17:13:30,062] {standard_task_runner.py:79} INFO - Running: ['airflow', 'tasks', 'run', 'T-dbt-job-objects', 'dbt_clone_and_transform-objects', 'manual__2022-06-11T17:13:25.361997+00:00', '--job-id', '51', '--raw', '--subdir', 'DAGS_FOLDER/docker_job/dbt_test.py', '--cfg-path', '/tmp/tmp96rosb1o', '--error-file', '/tmp/tmpa2fa515l']
[2022-06-11 17:13:30,063] {standard_task_runner.py:80} INFO - Job 51: Subtask dbt_clone_and_transform-objects
[2022-06-11 17:13:30,132] {task_command.py:370} INFO - Running <TaskInstance: T-dbt-job-objects.dbt_clone_and_transform-objects manual__2022-06-11T17:13:25.361997+00:00 [running]> on host d8836eb746ac
[2022-06-11 17:13:30,202] {taskinstance.py:1571} INFO - Exporting the following env vars:
AIRFLOW_CTX_DAG_EMAIL=samuelolle@yahoo.com
AIRFLOW_CTX_DAG_OWNER=airflow
AIRFLOW_CTX_DAG_ID=T-dbt-job-objects
AIRFLOW_CTX_TASK_ID=dbt_clone_and_transform-objects
AIRFLOW_CTX_EXECUTION_DATE=2022-06-11T17:13:25.361997+00:00
AIRFLOW_CTX_TRY_NUMBER=1
AIRFLOW_CTX_DAG_RUN_ID=manual__2022-06-11T17:13:25.361997+00:00
[2022-06-11 17:13:30,203] {subprocess.py:62} INFO - Tmp dir root location: 
 /tmp
[2022-06-11 17:13:30,203] {subprocess.py:74} INFO - Running command: ['bash', '-c', " rm -rf /tmp/objects && mkdir /tmp/objects                            && cp -r /tmp/dbt /tmp/objects/dbt                             && cd /tmp/objects/dbt && python3 -m venv venv                             && export PIP_USER=false                             && *** /tmp/objects/dbt/venv/bin/activate                             && pip  install --quiet --upgrade pip setuptools                             && pip3 install --quiet 'MarkupSafe<=2.0.1' 'dbt-postgres' 'dbt-core'                             && dbt --version && deactivate                             && cd /tmp/objects/dbt && *** /tmp/objects/dbt/venv/bin/activate                             && dbt deps --profiles-dir /tmp/objects/dbt/ && dbt seed --profiles-dir /tmp/objects/dbt/                             && dbt run --models objects --profiles-dir /tmp/objects/dbt/"]
[2022-06-11 17:13:30,219] {subprocess.py:85} INFO - Output:
[2022-06-11 17:14:07,065] {subprocess.py:92} INFO - Core:
[2022-06-11 17:14:07,065] {subprocess.py:92} INFO -   - installed: 1.1.0
[2022-06-11 17:14:07,065] {subprocess.py:92} INFO -   - latest:    1.1.0 - [32mUp to date![0m
[2022-06-11 17:14:07,065] {subprocess.py:92} INFO - 
[2022-06-11 17:14:07,065] {subprocess.py:92} INFO - Plugins:
[2022-06-11 17:14:07,066] {subprocess.py:92} INFO -   - postgres: 1.1.0 - [32mUp to date![0m
[2022-06-11 17:14:11,343] {subprocess.py:92} INFO - [0m17:14:11  Running with dbt=1.1.0
[2022-06-11 17:14:11,347] {subprocess.py:92} INFO - [0m17:14:11  Warning: No packages were found in packages.yml
[2022-06-11 17:14:17,131] {subprocess.py:92} INFO - [0m17:14:17  Running with dbt=1.1.0
[2022-06-11 17:14:17,148] {subprocess.py:92} INFO - [0m17:14:17  Partial parse save file not found. Starting full parse.
[2022-06-11 17:14:17,972] {subprocess.py:92} INFO - [0m17:14:17  [WARNING]: Configuration paths exist in your dbt_project.yml file which do not apply to any re***s.
[2022-06-11 17:14:17,973] {subprocess.py:92} INFO - There are 1 unused configuration paths:
[2022-06-11 17:14:17,973] {subprocess.py:92} INFO - - seeds.SAM
[2022-06-11 17:14:17,973] {subprocess.py:92} INFO - 
[2022-06-11 17:14:17,988] {subprocess.py:92} INFO - [0m17:14:17  Found 4 models, 6 tests, 0 snapshots, 0 analyses, 171 macros, 4 operations, 0 seed files, 4 ***s, 0 exposures, 0 metrics
[2022-06-11 17:14:17,990] {subprocess.py:92} INFO - [0m17:14:17
[2022-06-11 17:14:17,990] {subprocess.py:92} INFO - [0m17:14:17  [WARNING]: Nothing to do. Try checking your model configs and model specification args
[2022-06-11 17:14:18,000] {subprocess.py:92} INFO - [0m17:14:17
[2022-06-11 17:14:18,000] {subprocess.py:92} INFO - [0m17:14:18  Completed successfully
[2022-06-11 17:14:18,001] {subprocess.py:92} INFO - [0m17:14:18
[2022-06-11 17:14:18,001] {subprocess.py:92} INFO - [0m17:14:18  Done. PASS=0 WARN=0 ERROR=0 SKIP=0 TOTAL=0
[2022-06-11 17:14:21,616] {subprocess.py:92} INFO - [0m17:14:21  Running with dbt=1.1.0
[2022-06-11 17:14:21,658] {subprocess.py:92} INFO - [0m17:14:21  [WARNING]: Configuration paths exist in your dbt_project.yml file which do not apply to any re***s.
[2022-06-11 17:14:21,659] {subprocess.py:92} INFO - There are 1 unused configuration paths:
[2022-06-11 17:14:21,659] {subprocess.py:92} INFO - - seeds.SAM
[2022-06-11 17:14:21,659] {subprocess.py:92} INFO - 
[2022-06-11 17:14:21,682] {subprocess.py:92} INFO - [0m17:14:21  Found 4 models, 6 tests, 0 snapshots, 0 analyses, 171 macros, 4 operations, 0 seed files, 4 ***s, 0 exposures, 0 metrics
[2022-06-11 17:14:21,685] {subprocess.py:92} INFO - [0m17:14:21
[2022-06-11 17:14:21,778] {subprocess.py:92} INFO - [0m17:14:21  Concurrency: 4 threads (target='dev')
[2022-06-11 17:14:21,778] {subprocess.py:92} INFO - [0m17:14:21
[2022-06-11 17:14:21,813] {subprocess.py:92} INFO - [0m17:14:21  1 of 1 START table model analytics_object_analytics_object.obj_walls ........... [RUN]
[2022-06-11 17:14:21,919] {subprocess.py:92} INFO - [0m17:14:21  1 of 1 OK created table model analytics_object_analytics_object.obj_walls ...... [SELECT 36 in 0.11s]
[2022-06-11 17:14:22,018] {subprocess.py:92} INFO - [0m17:14:22
[2022-06-11 17:14:22,018] {subprocess.py:92} INFO - [0m17:14:22  Running 4 on-run-end hooks
[2022-06-11 17:14:22,025] {subprocess.py:92} INFO - [0m17:14:22  1 of 4 START hook: SAM.on-run-end.0 ............................................ [RUN]
[2022-06-11 17:14:22,029] {subprocess.py:92} INFO - [0m17:14:22  1 of 4 OK hook: SAM.on-run-end.0 ............................................... [ALTER DEFAULT PRIVILEGES in 0.00s]
[2022-06-11 17:14:22,035] {subprocess.py:92} INFO - [0m17:14:22  2 of 4 START hook: SAM.on-run-end.1 ............................................ [RUN]
[2022-06-11 17:14:22,038] {subprocess.py:92} INFO - [0m17:14:22  2 of 4 OK hook: SAM.on-run-end.1 ............................................... [ALTER DEFAULT PRIVILEGES in 0.00s]
[2022-06-11 17:14:22,042] {subprocess.py:92} INFO - [0m17:14:22  3 of 4 START hook: SAM.on-run-end.2 ............................................ [RUN]
[2022-06-11 17:14:22,045] {subprocess.py:92} INFO - [0m17:14:22  3 of 4 OK hook: SAM.on-run-end.2 ............................................... [ALTER DEFAULT PRIVILEGES in 0.00s]
[2022-06-11 17:14:22,048] {subprocess.py:92} INFO - [0m17:14:22  4 of 4 START hook: SAM.on-run-end.3 ............................................ [RUN]
[2022-06-11 17:14:22,051] {subprocess.py:92} INFO - [0m17:14:22  4 of 4 OK hook: SAM.on-run-end.3 ............................................... [ALTER DEFAULT PRIVILEGES in 0.00s]
[2022-06-11 17:14:22,051] {subprocess.py:92} INFO - [0m17:14:22
[2022-06-11 17:14:22,053] {subprocess.py:92} INFO - [0m17:14:22
[2022-06-11 17:14:22,053] {subprocess.py:92} INFO - [0m17:14:22  Finished running 1 table model, 4 hooks in 0.37s.
[2022-06-11 17:14:22,059] {subprocess.py:92} INFO - [0m17:14:22
[2022-06-11 17:14:22,059] {subprocess.py:92} INFO - [0m17:14:22  Completed successfully
[2022-06-11 17:14:22,060] {subprocess.py:92} INFO - [0m17:14:22
[2022-06-11 17:14:22,060] {subprocess.py:92} INFO - [0m17:14:22  Done. PASS=1 WARN=0 ERROR=0 SKIP=0 TOTAL=1
[2022-06-11 17:14:22,315] {subprocess.py:96} INFO - Command exited with return code 0
[2022-06-11 17:14:22,353] {taskinstance.py:1400} INFO - Marking task as SUCCESS. dag_id=T-dbt-job-objects, task_id=dbt_clone_and_transform-objects, execution_date=20220611T171325, start_date=20220611T171330, end_date=20220611T171422
[2022-06-11 17:14:22,395] {local_task_job.py:156} INFO - Task exited with return code 0
[2022-06-11 17:14:22,426] {local_task_job.py:273} INFO - 1 downstream tasks scheduled from follow-on schedule check
