[2022-06-13 09:01:54,738] {taskinstance.py:1159} INFO - Dependencies all met for <TaskInstance: T-dbt-job-cdc_load.csv_to_database scheduled__2022-06-13T07:01:51.825480+00:00 [queued]>
[2022-06-13 09:01:54,749] {taskinstance.py:1159} INFO - Dependencies all met for <TaskInstance: T-dbt-job-cdc_load.csv_to_database scheduled__2022-06-13T07:01:51.825480+00:00 [queued]>
[2022-06-13 09:01:54,749] {taskinstance.py:1356} INFO - 
--------------------------------------------------------------------------------
[2022-06-13 09:01:54,749] {taskinstance.py:1357} INFO - Starting attempt 1 of 2
[2022-06-13 09:01:54,749] {taskinstance.py:1358} INFO - 
--------------------------------------------------------------------------------
[2022-06-13 09:01:54,763] {taskinstance.py:1377} INFO - Executing <Task(PythonOperator): csv_to_database> on 2022-06-13 07:01:51.825480+00:00
[2022-06-13 09:01:54,768] {standard_task_runner.py:52} INFO - Started process 667 to run task
[2022-06-13 09:01:54,771] {standard_task_runner.py:79} INFO - Running: ['airflow', 'tasks', 'run', 'T-dbt-job-cdc_load', 'csv_to_database', 'scheduled__2022-06-13T07:01:51.825480+00:00', '--job-id', '82', '--raw', '--subdir', 'DAGS_FOLDER/docker_job/dbt_test.py', '--cfg-path', '/tmp/tmpoz5ehlf5', '--error-file', '/tmp/tmpn7zz2zby']
[2022-06-13 09:01:54,772] {standard_task_runner.py:80} INFO - Job 82: Subtask csv_to_database
[2022-06-13 09:01:54,785] {warnings.py:110} WARNING - /home/airflow/.local/lib/python3.7/site-packages/airflow/configuration.py:525: DeprecationWarning: The sql_alchemy_conn option in [core] has been moved to the sql_alchemy_conn option in [database] - the old setting has been used, but please update your config.
  option = self._get_environment_variables(deprecated_key, deprecated_section, key, section)

[2022-06-13 09:01:54,828] {task_command.py:370} INFO - Running <TaskInstance: T-dbt-job-cdc_load.csv_to_database scheduled__2022-06-13T07:01:51.825480+00:00 [running]> on host 8425e4f159a6
[2022-06-13 09:01:54,899] {taskinstance.py:1571} INFO - Exporting the following env vars:
AIRFLOW_CTX_DAG_EMAIL=samuelolle@yahoo.com
AIRFLOW_CTX_DAG_OWNER=airflow
AIRFLOW_CTX_DAG_ID=T-dbt-job-cdc_load
AIRFLOW_CTX_TASK_ID=csv_to_database
AIRFLOW_CTX_EXECUTION_DATE=2022-06-13T07:01:51.825480+00:00
AIRFLOW_CTX_TRY_NUMBER=1
AIRFLOW_CTX_DAG_RUN_ID=scheduled__2022-06-13T07:01:51.825480+00:00
[2022-06-13 09:01:54,911] {base.py:68} INFO - Using connection ID '***' for task execution.
[2022-06-13 09:01:54,914] {postgres.py:127} INFO - Running copy expert: COPY analytics_stage.users_cdc FROM STDIN, filename: /opt/airflow/dags/docker_job/data/users.csv
[2022-06-13 09:01:54,921] {base.py:68} INFO - Using connection ID '***' for task execution.
[2022-06-13 09:01:54,934] {base.py:68} INFO - Using connection ID '***' for task execution.
[2022-06-13 09:01:54,938] {postgres.py:127} INFO - Running copy expert: COPY analytics_stage.walls_cdc FROM STDIN, filename: /opt/airflow/dags/docker_job/data/walls.csv
[2022-06-13 09:01:54,944] {base.py:68} INFO - Using connection ID '***' for task execution.
[2022-06-13 09:01:54,949] {python.py:173} INFO - Done. Returned value was: None
[2022-06-13 09:01:54,962] {taskinstance.py:1400} INFO - Marking task as SUCCESS. dag_id=T-dbt-job-cdc_load, task_id=csv_to_database, execution_date=20220613T070151, start_date=20220613T090154, end_date=20220613T090154
[2022-06-13 09:01:54,984] {local_task_job.py:156} INFO - Task exited with return code 0
[2022-06-13 09:01:55,018] {local_task_job.py:273} INFO - 1 downstream tasks scheduled from follow-on schedule check
