[2022-06-12 02:57:57,718] {taskinstance.py:1159} INFO - Dependencies all met for <TaskInstance: T-dbt-job-dimensions.dbt_clone_and_transform-dimensions manual__2022-06-12T02:44:50.320608+00:00 [queued]>
[2022-06-12 02:57:57,731] {taskinstance.py:1159} INFO - Dependencies all met for <TaskInstance: T-dbt-job-dimensions.dbt_clone_and_transform-dimensions manual__2022-06-12T02:44:50.320608+00:00 [queued]>
[2022-06-12 02:57:57,731] {taskinstance.py:1356} INFO - 
--------------------------------------------------------------------------------
[2022-06-12 02:57:57,731] {taskinstance.py:1357} INFO - Starting attempt 4 of 5
[2022-06-12 02:57:57,731] {taskinstance.py:1358} INFO - 
--------------------------------------------------------------------------------
[2022-06-12 02:57:57,752] {taskinstance.py:1377} INFO - Executing <Task(BashOperator): dbt_clone_and_transform-dimensions> on 2022-06-12 02:44:50.320608+00:00
[2022-06-12 02:57:57,758] {standard_task_runner.py:52} INFO - Started process 2745 to run task
[2022-06-12 02:57:57,762] {standard_task_runner.py:79} INFO - Running: ['airflow', 'tasks', 'run', 'T-dbt-job-dimensions', 'dbt_clone_and_transform-dimensions', 'manual__2022-06-12T02:44:50.320608+00:00', '--job-id', '78', '--raw', '--subdir', 'DAGS_FOLDER/docker_job/dbt_model.py', '--cfg-path', '/tmp/tmpjkce3azy', '--error-file', '/tmp/tmp0saeji_w']
[2022-06-12 02:57:57,762] {standard_task_runner.py:80} INFO - Job 78: Subtask dbt_clone_and_transform-dimensions
[2022-06-12 02:57:57,840] {task_command.py:370} INFO - Running <TaskInstance: T-dbt-job-dimensions.dbt_clone_and_transform-dimensions manual__2022-06-12T02:44:50.320608+00:00 [running]> on host e926c0944008
[2022-06-12 02:57:57,916] {taskinstance.py:1571} INFO - Exporting the following env vars:
AIRFLOW_CTX_DAG_EMAIL=samuelolle@yahoo.com
AIRFLOW_CTX_DAG_OWNER=airflow
AIRFLOW_CTX_DAG_ID=T-dbt-job-dimensions
AIRFLOW_CTX_TASK_ID=dbt_clone_and_transform-dimensions
AIRFLOW_CTX_EXECUTION_DATE=2022-06-12T02:44:50.320608+00:00
AIRFLOW_CTX_TRY_NUMBER=4
AIRFLOW_CTX_DAG_RUN_ID=manual__2022-06-12T02:44:50.320608+00:00
[2022-06-12 02:57:57,917] {subprocess.py:62} INFO - Tmp dir root location: 
 /tmp
[2022-06-12 02:57:57,917] {subprocess.py:74} INFO - Running command: ['bash', '-c', " rm -rf /tmp/dimensions && mkdir /tmp/dimensions                            && cp -r /tmp/dbt /tmp/dimensions/dbt                             && cd /tmp/dimensions/dbt && python3 -m venv venv                             && export PIP_USER=false                             && *** /tmp/dimensions/dbt/venv/bin/activate                             && pip  install --quiet --upgrade pip setuptools                             && pip3 install --quiet 'MarkupSafe<=2.0.1' 'dbt-postgres' 'dbt-core'                             && dbt --version && deactivate                             && cd /tmp/dimensions/dbt && *** /tmp/dimensions/dbt/venv/bin/activate                             && dbt deps --profiles-dir /tmp/dimensions/dbt/ && dbt seed --profiles-dir /tmp/dimensions/dbt/                             && dbt run --models dimensions --profiles-dir /tmp/dimensions/dbt/"]
[2022-06-12 02:57:57,931] {subprocess.py:85} INFO - Output:
[2022-06-12 02:58:32,006] {subprocess.py:92} INFO - Core:
[2022-06-12 02:58:32,007] {subprocess.py:92} INFO -   - installed: 1.1.0
[2022-06-12 02:58:32,007] {subprocess.py:92} INFO -   - latest:    1.1.0 - [32mUp to date![0m
[2022-06-12 02:58:32,007] {subprocess.py:92} INFO - 
[2022-06-12 02:58:32,007] {subprocess.py:92} INFO - Plugins:
[2022-06-12 02:58:32,007] {subprocess.py:92} INFO -   - postgres: 1.1.0 - [32mUp to date![0m
[2022-06-12 02:58:34,976] {subprocess.py:92} INFO - [0m02:58:34  Running with dbt=1.1.0
[2022-06-12 02:58:34,978] {subprocess.py:92} INFO - [0m02:58:34  Warning: No packages were found in packages.yml
[2022-06-12 02:58:38,017] {subprocess.py:92} INFO - [0m02:58:38  Running with dbt=1.1.0
[2022-06-12 02:58:38,032] {subprocess.py:92} INFO - [0m02:58:38  Partial parse save file not found. Starting full parse.
[2022-06-12 02:58:38,651] {subprocess.py:92} INFO - [0m02:58:38  [WARNING]: Configuration paths exist in your dbt_project.yml file which do not apply to any re***s.
[2022-06-12 02:58:38,651] {subprocess.py:92} INFO - There are 1 unused configuration paths:
[2022-06-12 02:58:38,651] {subprocess.py:92} INFO - - seeds.SAM
[2022-06-12 02:58:38,651] {subprocess.py:92} INFO - 
[2022-06-12 02:58:38,663] {subprocess.py:92} INFO - [0m02:58:38  Found 5 models, 6 tests, 0 snapshots, 0 analyses, 172 macros, 6 operations, 0 seed files, 4 ***s, 0 exposures, 0 metrics
[2022-06-12 02:58:38,665] {subprocess.py:92} INFO - [0m02:58:38
[2022-06-12 02:58:38,665] {subprocess.py:92} INFO - [0m02:58:38  [WARNING]: Nothing to do. Try checking your model configs and model specification args
[2022-06-12 02:58:38,671] {subprocess.py:92} INFO - [0m02:58:38
[2022-06-12 02:58:38,671] {subprocess.py:92} INFO - [0m02:58:38  Completed successfully
[2022-06-12 02:58:38,671] {subprocess.py:92} INFO - [0m02:58:38
[2022-06-12 02:58:38,672] {subprocess.py:92} INFO - [0m02:58:38  Done. PASS=0 WARN=0 ERROR=0 SKIP=0 TOTAL=0
[2022-06-12 02:58:41,502] {subprocess.py:92} INFO - [0m02:58:41  Running with dbt=1.1.0
[2022-06-12 02:58:41,535] {subprocess.py:92} INFO - [0m02:58:41  [WARNING]: Configuration paths exist in your dbt_project.yml file which do not apply to any re***s.
[2022-06-12 02:58:41,535] {subprocess.py:92} INFO - There are 1 unused configuration paths:
[2022-06-12 02:58:41,535] {subprocess.py:92} INFO - - seeds.SAM
[2022-06-12 02:58:41,535] {subprocess.py:92} INFO - 
[2022-06-12 02:58:41,549] {subprocess.py:92} INFO - [0m02:58:41  Found 5 models, 6 tests, 0 snapshots, 0 analyses, 172 macros, 6 operations, 0 seed files, 4 ***s, 0 exposures, 0 metrics
[2022-06-12 02:58:41,549] {subprocess.py:92} INFO - [0m02:58:41
[2022-06-12 02:58:41,624] {subprocess.py:92} INFO - [0m02:58:41  Concurrency: 4 threads (target='dev')
[2022-06-12 02:58:41,624] {subprocess.py:92} INFO - [0m02:58:41
[2022-06-12 02:58:41,630] {subprocess.py:92} INFO - [0m02:58:41  1 of 2 START table model analytics_dim.dim_date ................................ [RUN]
[2022-06-12 02:58:41,635] {subprocess.py:92} INFO - [0m02:58:41  2 of 2 START incremental model analytics_dim.dim_walls ......................... [RUN]
[2022-06-12 02:58:41,787] {subprocess.py:92} INFO - [0m02:58:41  1 of 2 OK created table model analytics_dim.dim_date ........................... [SELECT 546 in 0.15s]
[2022-06-12 02:58:41,793] {subprocess.py:92} INFO - [0m02:58:41  2 of 2 OK created incremental model analytics_dim.dim_walls .................... [INSERT 0 8 in 0.16s]
[2022-06-12 02:58:41,839] {subprocess.py:92} INFO - [0m02:58:41
[2022-06-12 02:58:41,839] {subprocess.py:92} INFO - [0m02:58:41  Running 6 on-run-end hooks
[2022-06-12 02:58:41,846] {subprocess.py:92} INFO - [0m02:58:41  1 of 6 START hook: SAM.on-run-end.0 ............................................ [RUN]
[2022-06-12 02:58:41,850] {subprocess.py:92} INFO - [0m02:58:41  1 of 6 OK hook: SAM.on-run-end.0 ............................................... [ALTER DEFAULT PRIVILEGES in 0.00s]
[2022-06-12 02:58:41,855] {subprocess.py:92} INFO - [0m02:58:41  2 of 6 START hook: SAM.on-run-end.1 ............................................ [RUN]
[2022-06-12 02:58:41,858] {subprocess.py:92} INFO - [0m02:58:41  2 of 6 OK hook: SAM.on-run-end.1 ............................................... [ALTER DEFAULT PRIVILEGES in 0.00s]
[2022-06-12 02:58:41,861] {subprocess.py:92} INFO - [0m02:58:41  3 of 6 START hook: SAM.on-run-end.2 ............................................ [RUN]
[2022-06-12 02:58:41,863] {subprocess.py:92} INFO - [0m02:58:41  3 of 6 OK hook: SAM.on-run-end.2 ............................................... [ALTER DEFAULT PRIVILEGES in 0.00s]
[2022-06-12 02:58:41,867] {subprocess.py:92} INFO - [0m02:58:41  4 of 6 START hook: SAM.on-run-end.3 ............................................ [RUN]
[2022-06-12 02:58:41,869] {subprocess.py:92} INFO - [0m02:58:41  4 of 6 OK hook: SAM.on-run-end.3 ............................................... [ALTER DEFAULT PRIVILEGES in 0.00s]
[2022-06-12 02:58:41,873] {subprocess.py:92} INFO - [0m02:58:41  5 of 6 START hook: SAM.on-run-end.4 ............................................ [RUN]
[2022-06-12 02:58:41,875] {subprocess.py:92} INFO - [0m02:58:41  5 of 6 OK hook: SAM.on-run-end.4 ............................................... [ALTER DEFAULT PRIVILEGES in 0.00s]
[2022-06-12 02:58:41,879] {subprocess.py:92} INFO - [0m02:58:41  6 of 6 START hook: SAM.on-run-end.5 ............................................ [RUN]
[2022-06-12 02:58:41,881] {subprocess.py:92} INFO - [0m02:58:41  6 of 6 OK hook: SAM.on-run-end.5 ............................................... [ALTER DEFAULT PRIVILEGES in 0.00s]
[2022-06-12 02:58:41,882] {subprocess.py:92} INFO - [0m02:58:41
[2022-06-12 02:58:41,882] {subprocess.py:92} INFO - [0m02:58:41
[2022-06-12 02:58:41,883] {subprocess.py:92} INFO - [0m02:58:41  Finished running 1 table model, 1 incremental model, 6 hooks in 0.33s.
[2022-06-12 02:58:41,889] {subprocess.py:92} INFO - [0m02:58:41
[2022-06-12 02:58:41,889] {subprocess.py:92} INFO - [0m02:58:41  Completed successfully
[2022-06-12 02:58:41,889] {subprocess.py:92} INFO - [0m02:58:41
[2022-06-12 02:58:41,890] {subprocess.py:92} INFO - [0m02:58:41  Done. PASS=2 WARN=0 ERROR=0 SKIP=0 TOTAL=2
[2022-06-12 02:58:42,043] {subprocess.py:96} INFO - Command exited with return code 0
[2022-06-12 02:58:42,072] {taskinstance.py:1400} INFO - Marking task as SUCCESS. dag_id=T-dbt-job-dimensions, task_id=dbt_clone_and_transform-dimensions, execution_date=20220612T024450, start_date=20220612T025757, end_date=20220612T025842
[2022-06-12 02:58:42,090] {local_task_job.py:156} INFO - Task exited with return code 0
[2022-06-12 02:58:42,117] {local_task_job.py:273} INFO - 1 downstream tasks scheduled from follow-on schedule check
