[2022-06-19 17:55:35,365] {taskinstance.py:1159} INFO - Dependencies all met for <TaskInstance: Job-pts.pts-Papple-iphone-xr-128gb-schwarz_h_6266 scheduled__2022-06-19T01:09:09.446748+00:00 [queued]>
[2022-06-19 17:55:35,455] {taskinstance.py:1159} INFO - Dependencies all met for <TaskInstance: Job-pts.pts-Papple-iphone-xr-128gb-schwarz_h_6266 scheduled__2022-06-19T01:09:09.446748+00:00 [queued]>
[2022-06-19 17:55:35,455] {taskinstance.py:1356} INFO - 
--------------------------------------------------------------------------------
[2022-06-19 17:55:35,455] {taskinstance.py:1357} INFO - Starting attempt 3 of 6
[2022-06-19 17:55:35,455] {taskinstance.py:1358} INFO - 
--------------------------------------------------------------------------------
[2022-06-19 17:55:35,555] {taskinstance.py:1377} INFO - Executing <Task(PythonOperator): pts-Papple-iphone-xr-128gb-schwarz_h_6266> on 2022-06-19 01:09:09.446748+00:00
[2022-06-19 17:55:35,597] {standard_task_runner.py:52} INFO - Started process 1343 to run task
[2022-06-19 17:55:35,634] {standard_task_runner.py:79} INFO - Running: ['airflow', 'tasks', 'run', 'Job-pts', 'pts-Papple-iphone-xr-128gb-schwarz_h_6266', 'scheduled__2022-06-19T01:09:09.446748+00:00', '--job-id', '562', '--raw', '--subdir', 'DAGS_FOLDER/docker_job/price_scale.py', '--cfg-path', '/tmp/tmpk1l4by1l', '--error-file', '/tmp/tmp2t93apej']
[2022-06-19 17:55:35,634] {standard_task_runner.py:80} INFO - Job 562: Subtask pts-Papple-iphone-xr-128gb-schwarz_h_6266
[2022-06-19 17:55:35,768] {warnings.py:110} WARNING - /home/airflow/.local/lib/python3.7/site-packages/airflow/configuration.py:525: DeprecationWarning: The sql_alchemy_conn option in [core] has been moved to the sql_alchemy_conn option in [database] - the old setting has been used, but please update your config.
  option = self._get_environment_variables(deprecated_key, deprecated_section, key, section)

[2022-06-19 17:55:36,153] {task_command.py:370} INFO - Running <TaskInstance: Job-pts.pts-Papple-iphone-xr-128gb-schwarz_h_6266 scheduled__2022-06-19T01:09:09.446748+00:00 [running]> on host 2d9e52ec85d2
[2022-06-19 17:55:36,779] {taskinstance.py:1571} INFO - Exporting the following env vars:
AIRFLOW_CTX_DAG_EMAIL=samuel.momoh-olle@asgoodasnew.com
AIRFLOW_CTX_DAG_OWNER=airflow
AIRFLOW_CTX_DAG_ID=Job-pts
AIRFLOW_CTX_TASK_ID=pts-Papple-iphone-xr-128gb-schwarz_h_6266
AIRFLOW_CTX_EXECUTION_DATE=2022-06-19T01:09:09.446748+00:00
AIRFLOW_CTX_TRY_NUMBER=3
AIRFLOW_CTX_DAG_RUN_ID=scheduled__2022-06-19T01:09:09.446748+00:00
[2022-06-19 17:55:37,636] {logging_mixin.py:115} INFO - ['https://www.handyverkauf.net/apple-iphone-x-64gb-space-grau_h_5143', 'https://www.handyverkauf.net/apple-iphone-x-256gb-space-grau_h_5145', 'https://www.handyverkauf.net/apple-iphone-xs-64gb-space-grau_h_6242', 'https://www.handyverkauf.net/apple-iphone-xs-256gb-space-grau_h_6245', 'https://www.handyverkauf.net/apple-iphone-xs-512gb-space-grau_h_6248', 'https://www.handyverkauf.net/apple-iphone-xs-max-64gb-space-grau_h_6251', 'https://www.handyverkauf.net/apple-iphone-xs-max-256gb-space-grau_h_6254', 'https://www.handyverkauf.net/apple-iphone-xs-max-512gb-space-grau_h_6257', 'https://www.handyverkauf.net/apple-iphone-xr-64gb-schwarz_h_6260', 'https://www.handyverkauf.net/apple-iphone-xr-128gb-schwarz_h_6266']
[2022-06-19 17:55:44,803] {logging_mixin.py:115} INFO - Message: invalid argument: 'url' must be a string
  (Session info: headless chrome=102.0.5005.115)
Stacktrace:
#0 0x56551eba6f33 <unknown>
#1 0x56551e8f1118 <unknown>
#2 0x56551e958aa1 <unknown>
#3 0x56551e944f72 <unknown>
#4 0x56551e9582e4 <unknown>
#5 0x56551e944e63 <unknown>
#6 0x56551e91a82a <unknown>
#7 0x56551e91b985 <unknown>
#8 0x56551ebeb4cd <unknown>
#9 0x56551ebef5ec <unknown>
#10 0x56551ebd571e <unknown>
#11 0x56551ebf0238 <unknown>
#12 0x56551ebca870 <unknown>
#13 0x56551ec0c608 <unknown>
#14 0x56551ec0c788 <unknown>
#15 0x56551ec26f1d <unknown>
#16 0x7f97e2db8ea7 <unknown>
[2022-06-19 17:55:45,336] {logging_mixin.py:115} INFO - []
[2022-06-19 17:55:45,336] {python.py:173} INFO - Done. Returned value was: None
[2022-06-19 17:55:45,352] {taskinstance.py:1400} INFO - Marking task as SUCCESS. dag_id=Job-pts, task_id=pts-Papple-iphone-xr-128gb-schwarz_h_6266, execution_date=20220619T010909, start_date=20220619T175535, end_date=20220619T175545
[2022-06-19 17:55:47,093] {local_task_job.py:156} INFO - Task exited with return code 0
[2022-06-19 17:55:47,844] {local_task_job.py:273} INFO - 0 downstream tasks scheduled from follow-on schedule check
