[2022-06-14 05:37:24,660] {taskinstance.py:1159} INFO - Dependencies all met for <TaskInstance: T-dbt-job-example.dbt_clone_and_transform-example scheduled__2022-06-14T03:37:24.181140+00:00 [queued]>
[2022-06-14 05:37:24,668] {taskinstance.py:1159} INFO - Dependencies all met for <TaskInstance: T-dbt-job-example.dbt_clone_and_transform-example scheduled__2022-06-14T03:37:24.181140+00:00 [queued]>
[2022-06-14 05:37:24,668] {taskinstance.py:1356} INFO - 
--------------------------------------------------------------------------------
[2022-06-14 05:37:24,668] {taskinstance.py:1357} INFO - Starting attempt 1 of 2
[2022-06-14 05:37:24,669] {taskinstance.py:1358} INFO - 
--------------------------------------------------------------------------------
[2022-06-14 05:37:24,681] {taskinstance.py:1377} INFO - Executing <Task(BashOperator): dbt_clone_and_transform-example> on 2022-06-14 03:37:24.181140+00:00
[2022-06-14 05:37:24,686] {standard_task_runner.py:52} INFO - Started process 1378 to run task
[2022-06-14 05:37:24,689] {standard_task_runner.py:79} INFO - Running: ['airflow', 'tasks', 'run', 'T-dbt-job-example', 'dbt_clone_and_transform-example', 'scheduled__2022-06-14T03:37:24.181140+00:00', '--job-id', '188', '--raw', '--subdir', 'DAGS_FOLDER/docker_job/dbt_model.py', '--cfg-path', '/tmp/tmpdrcwwue0', '--error-file', '/tmp/tmppzrxoq7t']
[2022-06-14 05:37:24,689] {standard_task_runner.py:80} INFO - Job 188: Subtask dbt_clone_and_transform-example
[2022-06-14 05:37:24,701] {warnings.py:110} WARNING - /home/airflow/.local/lib/python3.7/site-packages/airflow/configuration.py:525: DeprecationWarning: The sql_alchemy_conn option in [core] has been moved to the sql_alchemy_conn option in [database] - the old setting has been used, but please update your config.
  option = self._get_environment_variables(deprecated_key, deprecated_section, key, section)

[2022-06-14 05:37:24,738] {task_command.py:370} INFO - Running <TaskInstance: T-dbt-job-example.dbt_clone_and_transform-example scheduled__2022-06-14T03:37:24.181140+00:00 [running]> on host 0d9d7b7f40c6
[2022-06-14 05:37:24,805] {taskinstance.py:1571} INFO - Exporting the following env vars:
AIRFLOW_CTX_DAG_EMAIL=samuelolle@yahoo.com
AIRFLOW_CTX_DAG_OWNER=airflow
AIRFLOW_CTX_DAG_ID=T-dbt-job-example
AIRFLOW_CTX_TASK_ID=dbt_clone_and_transform-example
AIRFLOW_CTX_EXECUTION_DATE=2022-06-14T03:37:24.181140+00:00
AIRFLOW_CTX_TRY_NUMBER=1
AIRFLOW_CTX_DAG_RUN_ID=scheduled__2022-06-14T03:37:24.181140+00:00
[2022-06-14 05:37:24,806] {subprocess.py:62} INFO - Tmp dir root location: 
 /tmp
[2022-06-14 05:37:24,807] {subprocess.py:74} INFO - Running command: ['bash', '-c', " rm -rf /tmp/example && mkdir /tmp/example                            && cp -r /tmp/dbt /tmp/example/dbt                             && cd /tmp/example/dbt && python3 -m venv venv                             && export PIP_USER=false                             && *** /tmp/example/dbt/venv/bin/activate                             && pip  install --quiet --upgrade pip setuptools                             && pip3 install --quiet 'MarkupSafe<=2.0.1' 'dbt-postgres' 'dbt-core'                             && dbt --version && deactivate                             && cd /tmp/example/dbt && *** /tmp/example/dbt/venv/bin/activate                             && dbt deps --profiles-dir /tmp/example/dbt/ && dbt seed --profiles-dir /tmp/example/dbt/                             && dbt run --models example --profiles-dir /tmp/example/dbt/"]
[2022-06-14 05:37:24,815] {subprocess.py:85} INFO - Output:
[2022-06-14 05:37:57,224] {subprocess.py:92} INFO - Core:
[2022-06-14 05:37:57,224] {subprocess.py:92} INFO -   - installed: 1.1.0
[2022-06-14 05:37:57,224] {subprocess.py:92} INFO -   - latest:    1.1.0 - [32mUp to date![0m
[2022-06-14 05:37:57,224] {subprocess.py:92} INFO - 
[2022-06-14 05:37:57,224] {subprocess.py:92} INFO - Plugins:
[2022-06-14 05:37:57,224] {subprocess.py:92} INFO -   - postgres: 1.1.0 - [32mUp to date![0m
[2022-06-14 05:37:59,943] {subprocess.py:92} INFO - [0m05:37:59  Running with dbt=1.1.0
[2022-06-14 05:37:59,945] {subprocess.py:92} INFO - [0m05:37:59  Warning: No packages were found in packages.yml
[2022-06-14 05:38:02,626] {subprocess.py:92} INFO - [0m05:38:02  Running with dbt=1.1.0
[2022-06-14 05:38:02,639] {subprocess.py:92} INFO - [0m05:38:02  Partial parse save file not found. Starting full parse.
[2022-06-14 05:38:03,243] {subprocess.py:92} INFO - [0m05:38:03  [WARNING]: Configuration paths exist in your dbt_project.yml file which do not apply to any re***s.
[2022-06-14 05:38:03,243] {subprocess.py:92} INFO - There are 1 unused configuration paths:
[2022-06-14 05:38:03,243] {subprocess.py:92} INFO - - seeds.SAM
[2022-06-14 05:38:03,243] {subprocess.py:92} INFO - 
[2022-06-14 05:38:03,255] {subprocess.py:92} INFO - [0m05:38:03  Found 7 models, 6 tests, 0 snapshots, 0 analyses, 172 macros, 6 operations, 0 seed files, 4 ***s, 0 exposures, 0 metrics
[2022-06-14 05:38:03,257] {subprocess.py:92} INFO - [0m05:38:03
[2022-06-14 05:38:03,257] {subprocess.py:92} INFO - [0m05:38:03  [WARNING]: Nothing to do. Try checking your model configs and model specification args
[2022-06-14 05:38:03,263] {subprocess.py:92} INFO - [0m05:38:03
[2022-06-14 05:38:03,263] {subprocess.py:92} INFO - [0m05:38:03  Completed successfully
[2022-06-14 05:38:03,263] {subprocess.py:92} INFO - [0m05:38:03
[2022-06-14 05:38:03,264] {subprocess.py:92} INFO - [0m05:38:03  Done. PASS=0 WARN=0 ERROR=0 SKIP=0 TOTAL=0
[2022-06-14 05:38:06,074] {subprocess.py:92} INFO - [0m05:38:06  Running with dbt=1.1.0
[2022-06-14 05:38:06,106] {subprocess.py:92} INFO - [0m05:38:06  [WARNING]: Configuration paths exist in your dbt_project.yml file which do not apply to any re***s.
[2022-06-14 05:38:06,106] {subprocess.py:92} INFO - There are 1 unused configuration paths:
[2022-06-14 05:38:06,106] {subprocess.py:92} INFO - - seeds.SAM
[2022-06-14 05:38:06,106] {subprocess.py:92} INFO - 
[2022-06-14 05:38:06,119] {subprocess.py:92} INFO - [0m05:38:06  Found 7 models, 6 tests, 0 snapshots, 0 analyses, 172 macros, 6 operations, 0 seed files, 4 ***s, 0 exposures, 0 metrics
[2022-06-14 05:38:06,121] {subprocess.py:92} INFO - [0m05:38:06
[2022-06-14 05:38:06,188] {subprocess.py:92} INFO - [0m05:38:06  Concurrency: 4 threads (target='dev')
[2022-06-14 05:38:06,188] {subprocess.py:92} INFO - [0m05:38:06
[2022-06-14 05:38:06,195] {subprocess.py:92} INFO - [0m05:38:06  1 of 2 START table model analytics_objects.my_first_dbt_model .................. [RUN]
[2022-06-14 05:38:06,263] {subprocess.py:92} INFO - [0m05:38:06  1 of 2 OK created table model analytics_objects.my_first_dbt_model ............. [SELECT 2 in 0.07s]
[2022-06-14 05:38:06,265] {subprocess.py:92} INFO - [0m05:38:06  2 of 2 START view model analytics_objects.my_second_dbt_model .................. [RUN]
[2022-06-14 05:38:06,303] {subprocess.py:92} INFO - [0m05:38:06  2 of 2 OK created view model analytics_objects.my_second_dbt_model ............. [CREATE VIEW in 0.04s]
[2022-06-14 05:38:06,402] {subprocess.py:92} INFO - [0m05:38:06
[2022-06-14 05:38:06,402] {subprocess.py:92} INFO - [0m05:38:06  Running 6 on-run-end hooks
[2022-06-14 05:38:06,408] {subprocess.py:92} INFO - [0m05:38:06  1 of 6 START hook: SAM.on-run-end.0 ............................................ [RUN]
[2022-06-14 05:38:06,411] {subprocess.py:92} INFO - [0m05:38:06  1 of 6 OK hook: SAM.on-run-end.0 ............................................... [ALTER DEFAULT PRIVILEGES in 0.00s]
[2022-06-14 05:38:06,415] {subprocess.py:92} INFO - [0m05:38:06  2 of 6 START hook: SAM.on-run-end.1 ............................................ [RUN]
[2022-06-14 05:38:06,418] {subprocess.py:92} INFO - [0m05:38:06  2 of 6 OK hook: SAM.on-run-end.1 ............................................... [ALTER DEFAULT PRIVILEGES in 0.00s]
[2022-06-14 05:38:06,421] {subprocess.py:92} INFO - [0m05:38:06  3 of 6 START hook: SAM.on-run-end.2 ............................................ [RUN]
[2022-06-14 05:38:06,423] {subprocess.py:92} INFO - [0m05:38:06  3 of 6 OK hook: SAM.on-run-end.2 ............................................... [ALTER DEFAULT PRIVILEGES in 0.00s]
[2022-06-14 05:38:06,427] {subprocess.py:92} INFO - [0m05:38:06  4 of 6 START hook: SAM.on-run-end.3 ............................................ [RUN]
[2022-06-14 05:38:06,429] {subprocess.py:92} INFO - [0m05:38:06  4 of 6 OK hook: SAM.on-run-end.3 ............................................... [ALTER DEFAULT PRIVILEGES in 0.00s]
[2022-06-14 05:38:06,433] {subprocess.py:92} INFO - [0m05:38:06  5 of 6 START hook: SAM.on-run-end.4 ............................................ [RUN]
[2022-06-14 05:38:06,435] {subprocess.py:92} INFO - [0m05:38:06  5 of 6 OK hook: SAM.on-run-end.4 ............................................... [ALTER DEFAULT PRIVILEGES in 0.00s]
[2022-06-14 05:38:06,439] {subprocess.py:92} INFO - [0m05:38:06  6 of 6 START hook: SAM.on-run-end.5 ............................................ [RUN]
[2022-06-14 05:38:06,441] {subprocess.py:92} INFO - [0m05:38:06  6 of 6 OK hook: SAM.on-run-end.5 ............................................... [ALTER DEFAULT PRIVILEGES in 0.00s]
[2022-06-14 05:38:06,441] {subprocess.py:92} INFO - [0m05:38:06
[2022-06-14 05:38:06,442] {subprocess.py:92} INFO - [0m05:38:06
[2022-06-14 05:38:06,442] {subprocess.py:92} INFO - [0m05:38:06  Finished running 1 table model, 1 view model, 6 hooks in 0.32s.
[2022-06-14 05:38:06,448] {subprocess.py:92} INFO - [0m05:38:06
[2022-06-14 05:38:06,449] {subprocess.py:92} INFO - [0m05:38:06  Completed successfully
[2022-06-14 05:38:06,449] {subprocess.py:92} INFO - [0m05:38:06
[2022-06-14 05:38:06,449] {subprocess.py:92} INFO - [0m05:38:06  Done. PASS=2 WARN=0 ERROR=0 SKIP=0 TOTAL=2
[2022-06-14 05:38:06,596] {subprocess.py:96} INFO - Command exited with return code 0
[2022-06-14 05:38:06,623] {taskinstance.py:1400} INFO - Marking task as SUCCESS. dag_id=T-dbt-job-example, task_id=dbt_clone_and_transform-example, execution_date=20220614T033724, start_date=20220614T053724, end_date=20220614T053806
[2022-06-14 05:38:06,651] {local_task_job.py:156} INFO - Task exited with return code 0
[2022-06-14 05:38:06,677] {local_task_job.py:273} INFO - 1 downstream tasks scheduled from follow-on schedule check
