[2022-06-13 03:40:06,137] {taskinstance.py:1159} INFO - Dependencies all met for <TaskInstance: T-dbt-job-example.dbt_cleanup-example scheduled__2022-06-13T01:37:14.422008+00:00 [queued]>
[2022-06-13 03:40:06,149] {taskinstance.py:1159} INFO - Dependencies all met for <TaskInstance: T-dbt-job-example.dbt_cleanup-example scheduled__2022-06-13T01:37:14.422008+00:00 [queued]>
[2022-06-13 03:40:06,150] {taskinstance.py:1356} INFO - 
--------------------------------------------------------------------------------
[2022-06-13 03:40:06,150] {taskinstance.py:1357} INFO - Starting attempt 1 of 2
[2022-06-13 03:40:06,150] {taskinstance.py:1358} INFO - 
--------------------------------------------------------------------------------
[2022-06-13 03:40:06,177] {taskinstance.py:1377} INFO - Executing <Task(BashOperator): dbt_cleanup-example> on 2022-06-13 01:37:14.422008+00:00
[2022-06-13 03:40:06,185] {standard_task_runner.py:52} INFO - Started process 403 to run task
[2022-06-13 03:40:06,189] {standard_task_runner.py:79} INFO - Running: ['airflow', 'tasks', 'run', 'T-dbt-job-example', 'dbt_cleanup-example', 'scheduled__2022-06-13T01:37:14.422008+00:00', '--job-id', '58', '--raw', '--subdir', 'DAGS_FOLDER/docker_job/dbt_model.py', '--cfg-path', '/tmp/tmpe_9pwk6p', '--error-file', '/tmp/tmp1mi8ps8t']
[2022-06-13 03:40:06,189] {standard_task_runner.py:80} INFO - Job 58: Subtask dbt_cleanup-example
[2022-06-13 03:40:06,205] {warnings.py:110} WARNING - /home/airflow/.local/lib/python3.7/site-packages/airflow/configuration.py:525: DeprecationWarning: The sql_alchemy_conn option in [core] has been moved to the sql_alchemy_conn option in [database] - the old setting has been used, but please update your config.
  option = self._get_environment_variables(deprecated_key, deprecated_section, key, section)

[2022-06-13 03:40:06,254] {task_command.py:370} INFO - Running <TaskInstance: T-dbt-job-example.dbt_cleanup-example scheduled__2022-06-13T01:37:14.422008+00:00 [running]> on host f269bd168226
[2022-06-13 03:40:06,400] {taskinstance.py:1571} INFO - Exporting the following env vars:
AIRFLOW_CTX_DAG_EMAIL=samuelolle@yahoo.com
AIRFLOW_CTX_DAG_OWNER=airflow
AIRFLOW_CTX_DAG_ID=T-dbt-job-example
AIRFLOW_CTX_TASK_ID=dbt_cleanup-example
AIRFLOW_CTX_EXECUTION_DATE=2022-06-13T01:37:14.422008+00:00
AIRFLOW_CTX_TRY_NUMBER=1
AIRFLOW_CTX_DAG_RUN_ID=scheduled__2022-06-13T01:37:14.422008+00:00
[2022-06-13 03:40:06,401] {subprocess.py:62} INFO - Tmp dir root location: 
 /tmp
[2022-06-13 03:40:06,402] {subprocess.py:74} INFO - Running command: ['bash', '-c', 'rm -rf /tmp/example && rm -rf /tmp/tmp* 2>/dev/null || exit 0']
[2022-06-13 03:40:06,414] {subprocess.py:85} INFO - Output:
[2022-06-13 03:40:06,428] {subprocess.py:96} INFO - Command exited with return code 0
[2022-06-13 03:40:06,468] {taskinstance.py:1400} INFO - Marking task as SUCCESS. dag_id=T-dbt-job-example, task_id=dbt_cleanup-example, execution_date=20220613T013714, start_date=20220613T034006, end_date=20220613T034006
[2022-06-13 03:40:06,525] {local_task_job.py:156} INFO - Task exited with return code 0
[2022-06-13 03:40:06,563] {local_task_job.py:273} INFO - 0 downstream tasks scheduled from follow-on schedule check
