[2022-06-17 00:02:52,162] {taskinstance.py:1159} INFO - Dependencies all met for <TaskInstance: Job-pts.pts-Papple-iphone-xr-128gb-schwarz_h_6266 scheduled__2022-06-16T21:32:45.250029+00:00 [queued]>
[2022-06-17 00:02:52,172] {taskinstance.py:1159} INFO - Dependencies all met for <TaskInstance: Job-pts.pts-Papple-iphone-xr-128gb-schwarz_h_6266 scheduled__2022-06-16T21:32:45.250029+00:00 [queued]>
[2022-06-17 00:02:52,172] {taskinstance.py:1356} INFO - 
--------------------------------------------------------------------------------
[2022-06-17 00:02:52,172] {taskinstance.py:1357} INFO - Starting attempt 1 of 6
[2022-06-17 00:02:52,172] {taskinstance.py:1358} INFO - 
--------------------------------------------------------------------------------
[2022-06-17 00:02:52,184] {taskinstance.py:1377} INFO - Executing <Task(PythonOperator): pts-Papple-iphone-xr-128gb-schwarz_h_6266> on 2022-06-16 21:32:45.250029+00:00
[2022-06-17 00:02:52,187] {standard_task_runner.py:52} INFO - Started process 826 to run task
[2022-06-17 00:02:52,191] {standard_task_runner.py:79} INFO - Running: ['airflow', 'tasks', 'run', 'Job-pts', 'pts-Papple-iphone-xr-128gb-schwarz_h_6266', 'scheduled__2022-06-16T21:32:45.250029+00:00', '--job-id', '241', '--raw', '--subdir', 'DAGS_FOLDER/docker_job/price_scale.py', '--cfg-path', '/tmp/tmpswr_n8h1', '--error-file', '/tmp/tmpc5sn59uq']
[2022-06-17 00:02:52,191] {standard_task_runner.py:80} INFO - Job 241: Subtask pts-Papple-iphone-xr-128gb-schwarz_h_6266
[2022-06-17 00:02:52,203] {warnings.py:110} WARNING - /home/airflow/.local/lib/python3.7/site-packages/airflow/configuration.py:525: DeprecationWarning: The sql_alchemy_conn option in [core] has been moved to the sql_alchemy_conn option in [database] - the old setting has been used, but please update your config.
  option = self._get_environment_variables(deprecated_key, deprecated_section, key, section)

[2022-06-17 00:02:52,259] {task_command.py:370} INFO - Running <TaskInstance: Job-pts.pts-Papple-iphone-xr-128gb-schwarz_h_6266 scheduled__2022-06-16T21:32:45.250029+00:00 [running]> on host 2d9e52ec85d2
[2022-06-17 00:02:52,348] {taskinstance.py:1571} INFO - Exporting the following env vars:
AIRFLOW_CTX_DAG_EMAIL=samuel.momoh-olle@asgoodasnew.com
AIRFLOW_CTX_DAG_OWNER=airflow
AIRFLOW_CTX_DAG_ID=Job-pts
AIRFLOW_CTX_TASK_ID=pts-Papple-iphone-xr-128gb-schwarz_h_6266
AIRFLOW_CTX_EXECUTION_DATE=2022-06-16T21:32:45.250029+00:00
AIRFLOW_CTX_TRY_NUMBER=1
AIRFLOW_CTX_DAG_RUN_ID=scheduled__2022-06-16T21:32:45.250029+00:00
[2022-06-17 00:02:52,974] {logging_mixin.py:115} INFO - ['https://www.handyverkauf.net/apple-iphone-x-64gb-space-grau_h_5143', 'https://www.handyverkauf.net/apple-iphone-x-256gb-space-grau_h_5145', 'https://www.handyverkauf.net/apple-iphone-xs-64gb-space-grau_h_6242', 'https://www.handyverkauf.net/apple-iphone-xs-256gb-space-grau_h_6245', 'https://www.handyverkauf.net/apple-iphone-xs-512gb-space-grau_h_6248', 'https://www.handyverkauf.net/apple-iphone-xs-max-64gb-space-grau_h_6251', 'https://www.handyverkauf.net/apple-iphone-xs-max-256gb-space-grau_h_6254', 'https://www.handyverkauf.net/apple-iphone-xs-max-512gb-space-grau_h_6257', 'https://www.handyverkauf.net/apple-iphone-xr-64gb-schwarz_h_6260', 'https://www.handyverkauf.net/apple-iphone-xr-128gb-schwarz_h_6266']
[2022-06-17 00:02:58,524] {logging_mixin.py:115} INFO - Message: invalid argument: 'url' must be a string
  (Session info: headless chrome=102.0.5005.115)
Stacktrace:
#0 0x55f3754fbf33 <unknown>
#1 0x55f375246118 <unknown>
#2 0x55f3752adaa1 <unknown>
#3 0x55f375299f72 <unknown>
#4 0x55f3752ad2e4 <unknown>
#5 0x55f375299e63 <unknown>
#6 0x55f37526f82a <unknown>
#7 0x55f375270985 <unknown>
#8 0x55f3755404cd <unknown>
#9 0x55f3755445ec <unknown>
#10 0x55f37552a71e <unknown>
#11 0x55f375545238 <unknown>
#12 0x55f37551f870 <unknown>
#13 0x55f375561608 <unknown>
#14 0x55f375561788 <unknown>
#15 0x55f37557bf1d <unknown>
#16 0x7f539b1d4ea7 <unknown>
[2022-06-17 00:02:58,578] {logging_mixin.py:115} INFO - []
[2022-06-17 00:02:58,578] {python.py:173} INFO - Done. Returned value was: None
[2022-06-17 00:02:58,590] {taskinstance.py:1400} INFO - Marking task as SUCCESS. dag_id=Job-pts, task_id=pts-Papple-iphone-xr-128gb-schwarz_h_6266, execution_date=20220616T213245, start_date=20220617T000252, end_date=20220617T000258
[2022-06-17 00:02:58,634] {local_task_job.py:156} INFO - Task exited with return code 0
[2022-06-17 00:02:58,660] {local_task_job.py:273} INFO - 1 downstream tasks scheduled from follow-on schedule check
