[2022-06-13 13:09:57,471] {taskinstance.py:1159} INFO - Dependencies all met for <TaskInstance: T-dbt-job-dimensions.dbt_clone_and_transform-dimensions scheduled__2022-06-13T11:09:56.320242+00:00 [queued]>
[2022-06-13 13:09:57,478] {taskinstance.py:1159} INFO - Dependencies all met for <TaskInstance: T-dbt-job-dimensions.dbt_clone_and_transform-dimensions scheduled__2022-06-13T11:09:56.320242+00:00 [queued]>
[2022-06-13 13:09:57,478] {taskinstance.py:1356} INFO - 
--------------------------------------------------------------------------------
[2022-06-13 13:09:57,478] {taskinstance.py:1357} INFO - Starting attempt 1 of 2
[2022-06-13 13:09:57,478] {taskinstance.py:1358} INFO - 
--------------------------------------------------------------------------------
[2022-06-13 13:09:57,490] {taskinstance.py:1377} INFO - Executing <Task(BashOperator): dbt_clone_and_transform-dimensions> on 2022-06-13 11:09:56.320242+00:00
[2022-06-13 13:09:57,495] {standard_task_runner.py:52} INFO - Started process 680 to run task
[2022-06-13 13:09:57,498] {standard_task_runner.py:79} INFO - Running: ['airflow', 'tasks', 'run', 'T-dbt-job-dimensions', 'dbt_clone_and_transform-dimensions', 'scheduled__2022-06-13T11:09:56.320242+00:00', '--job-id', '105', '--raw', '--subdir', 'DAGS_FOLDER/docker_job/dbt_model.py', '--cfg-path', '/tmp/tmpzwx4hbpt', '--error-file', '/tmp/tmp6s1_3kjl']
[2022-06-13 13:09:57,498] {standard_task_runner.py:80} INFO - Job 105: Subtask dbt_clone_and_transform-dimensions
[2022-06-13 13:09:57,511] {warnings.py:110} WARNING - /home/airflow/.local/lib/python3.7/site-packages/airflow/configuration.py:525: DeprecationWarning: The sql_alchemy_conn option in [core] has been moved to the sql_alchemy_conn option in [database] - the old setting has been used, but please update your config.
  option = self._get_environment_variables(deprecated_key, deprecated_section, key, section)

[2022-06-13 13:09:57,548] {task_command.py:370} INFO - Running <TaskInstance: T-dbt-job-dimensions.dbt_clone_and_transform-dimensions scheduled__2022-06-13T11:09:56.320242+00:00 [running]> on host f269bd168226
[2022-06-13 13:09:57,610] {taskinstance.py:1571} INFO - Exporting the following env vars:
AIRFLOW_CTX_DAG_EMAIL=samuelolle@yahoo.com
AIRFLOW_CTX_DAG_OWNER=airflow
AIRFLOW_CTX_DAG_ID=T-dbt-job-dimensions
AIRFLOW_CTX_TASK_ID=dbt_clone_and_transform-dimensions
AIRFLOW_CTX_EXECUTION_DATE=2022-06-13T11:09:56.320242+00:00
AIRFLOW_CTX_TRY_NUMBER=1
AIRFLOW_CTX_DAG_RUN_ID=scheduled__2022-06-13T11:09:56.320242+00:00
[2022-06-13 13:09:57,611] {subprocess.py:62} INFO - Tmp dir root location: 
 /tmp
[2022-06-13 13:09:57,612] {subprocess.py:74} INFO - Running command: ['bash', '-c', " rm -rf /tmp/dimensions && mkdir /tmp/dimensions                            && cp -r /tmp/dbt /tmp/dimensions/dbt                             && cd /tmp/dimensions/dbt && python3 -m venv venv                             && export PIP_USER=false                             && *** /tmp/dimensions/dbt/venv/bin/activate                             && pip  install --quiet --upgrade pip setuptools                             && pip3 install --quiet 'MarkupSafe<=2.0.1' 'dbt-postgres' 'dbt-core'                             && dbt --version && deactivate                             && cd /tmp/dimensions/dbt && *** /tmp/dimensions/dbt/venv/bin/activate                             && dbt deps --profiles-dir /tmp/dimensions/dbt/ && dbt seed --profiles-dir /tmp/dimensions/dbt/                             && dbt run --models dimensions --profiles-dir /tmp/dimensions/dbt/"]
[2022-06-13 13:09:57,622] {subprocess.py:85} INFO - Output:
[2022-06-13 13:10:29,944] {subprocess.py:92} INFO - Core:
[2022-06-13 13:10:29,945] {subprocess.py:92} INFO -   - installed: 1.1.0
[2022-06-13 13:10:29,945] {subprocess.py:92} INFO -   - latest:    1.1.0 - [32mUp to date![0m
[2022-06-13 13:10:29,945] {subprocess.py:92} INFO - 
[2022-06-13 13:10:29,945] {subprocess.py:92} INFO - Plugins:
[2022-06-13 13:10:29,945] {subprocess.py:92} INFO -   - postgres: 1.1.0 - [32mUp to date![0m
[2022-06-13 13:10:32,557] {subprocess.py:92} INFO - [0m13:10:32  Running with dbt=1.1.0
[2022-06-13 13:10:32,558] {subprocess.py:92} INFO - [0m13:10:32  Warning: No packages were found in packages.yml
[2022-06-13 13:10:35,213] {subprocess.py:92} INFO - [0m13:10:35  Running with dbt=1.1.0
[2022-06-13 13:10:35,225] {subprocess.py:92} INFO - [0m13:10:35  Partial parse save file not found. Starting full parse.
[2022-06-13 13:10:35,820] {subprocess.py:92} INFO - [0m13:10:35  [WARNING]: Configuration paths exist in your dbt_project.yml file which do not apply to any re***s.
[2022-06-13 13:10:35,820] {subprocess.py:92} INFO - There are 1 unused configuration paths:
[2022-06-13 13:10:35,820] {subprocess.py:92} INFO - - seeds.SAM
[2022-06-13 13:10:35,820] {subprocess.py:92} INFO - 
[2022-06-13 13:10:35,831] {subprocess.py:92} INFO - [0m13:10:35  Found 7 models, 6 tests, 0 snapshots, 0 analyses, 172 macros, 6 operations, 0 seed files, 4 ***s, 0 exposures, 0 metrics
[2022-06-13 13:10:35,832] {subprocess.py:92} INFO - [0m13:10:35
[2022-06-13 13:10:35,833] {subprocess.py:92} INFO - [0m13:10:35  [WARNING]: Nothing to do. Try checking your model configs and model specification args
[2022-06-13 13:10:35,838] {subprocess.py:92} INFO - [0m13:10:35
[2022-06-13 13:10:35,838] {subprocess.py:92} INFO - [0m13:10:35  Completed successfully
[2022-06-13 13:10:35,839] {subprocess.py:92} INFO - [0m13:10:35
[2022-06-13 13:10:35,839] {subprocess.py:92} INFO - [0m13:10:35  Done. PASS=0 WARN=0 ERROR=0 SKIP=0 TOTAL=0
[2022-06-13 13:10:38,478] {subprocess.py:92} INFO - [0m13:10:38  Running with dbt=1.1.0
[2022-06-13 13:10:38,511] {subprocess.py:92} INFO - [0m13:10:38  [WARNING]: Configuration paths exist in your dbt_project.yml file which do not apply to any re***s.
[2022-06-13 13:10:38,511] {subprocess.py:92} INFO - There are 1 unused configuration paths:
[2022-06-13 13:10:38,511] {subprocess.py:92} INFO - - seeds.SAM
[2022-06-13 13:10:38,511] {subprocess.py:92} INFO - 
[2022-06-13 13:10:38,524] {subprocess.py:92} INFO - [0m13:10:38  Found 7 models, 6 tests, 0 snapshots, 0 analyses, 172 macros, 6 operations, 0 seed files, 4 ***s, 0 exposures, 0 metrics
[2022-06-13 13:10:38,525] {subprocess.py:92} INFO - [0m13:10:38
[2022-06-13 13:10:38,583] {subprocess.py:92} INFO - [0m13:10:38  Concurrency: 4 threads (target='dev')
[2022-06-13 13:10:38,583] {subprocess.py:92} INFO - [0m13:10:38
[2022-06-13 13:10:38,591] {subprocess.py:92} INFO - [0m13:10:38  1 of 3 START table model analytics_dim.dim_date ................................ [RUN]
[2022-06-13 13:10:38,592] {subprocess.py:92} INFO - [0m13:10:38  2 of 3 START incremental model analytics_dim.dim_users ......................... [RUN]
[2022-06-13 13:10:38,593] {subprocess.py:92} INFO - [0m13:10:38  3 of 3 START incremental model analytics_dim.dim_walls ......................... [RUN]
[2022-06-13 13:10:38,759] {subprocess.py:92} INFO - [0m13:10:38  1 of 3 OK created table model analytics_dim.dim_date ........................... [SELECT 546 in 0.17s]
[2022-06-13 13:10:38,794] {subprocess.py:92} INFO - [0m13:10:38  2 of 3 OK created incremental model analytics_dim.dim_users .................... [INSERT 0 0 in 0.20s]
[2022-06-13 13:10:38,795] {subprocess.py:92} INFO - [0m13:10:38  3 of 3 OK created incremental model analytics_dim.dim_walls .................... [INSERT 0 0 in 0.20s]
[2022-06-13 13:10:38,806] {subprocess.py:92} INFO - [0m13:10:38
[2022-06-13 13:10:38,806] {subprocess.py:92} INFO - [0m13:10:38  Running 6 on-run-end hooks
[2022-06-13 13:10:38,812] {subprocess.py:92} INFO - [0m13:10:38  1 of 6 START hook: SAM.on-run-end.0 ............................................ [RUN]
[2022-06-13 13:10:38,815] {subprocess.py:92} INFO - [0m13:10:38  1 of 6 OK hook: SAM.on-run-end.0 ............................................... [ALTER DEFAULT PRIVILEGES in 0.00s]
[2022-06-13 13:10:38,819] {subprocess.py:92} INFO - [0m13:10:38  2 of 6 START hook: SAM.on-run-end.1 ............................................ [RUN]
[2022-06-13 13:10:38,821] {subprocess.py:92} INFO - [0m13:10:38  2 of 6 OK hook: SAM.on-run-end.1 ............................................... [ALTER DEFAULT PRIVILEGES in 0.00s]
[2022-06-13 13:10:38,824] {subprocess.py:92} INFO - [0m13:10:38  3 of 6 START hook: SAM.on-run-end.2 ............................................ [RUN]
[2022-06-13 13:10:38,826] {subprocess.py:92} INFO - [0m13:10:38  3 of 6 OK hook: SAM.on-run-end.2 ............................................... [ALTER DEFAULT PRIVILEGES in 0.00s]
[2022-06-13 13:10:38,829] {subprocess.py:92} INFO - [0m13:10:38  4 of 6 START hook: SAM.on-run-end.3 ............................................ [RUN]
[2022-06-13 13:10:38,832] {subprocess.py:92} INFO - [0m13:10:38  4 of 6 OK hook: SAM.on-run-end.3 ............................................... [ALTER DEFAULT PRIVILEGES in 0.00s]
[2022-06-13 13:10:38,834] {subprocess.py:92} INFO - [0m13:10:38  5 of 6 START hook: SAM.on-run-end.4 ............................................ [RUN]
[2022-06-13 13:10:38,836] {subprocess.py:92} INFO - [0m13:10:38  5 of 6 OK hook: SAM.on-run-end.4 ............................................... [ALTER DEFAULT PRIVILEGES in 0.00s]
[2022-06-13 13:10:38,840] {subprocess.py:92} INFO - [0m13:10:38  6 of 6 START hook: SAM.on-run-end.5 ............................................ [RUN]
[2022-06-13 13:10:38,842] {subprocess.py:92} INFO - [0m13:10:38  6 of 6 OK hook: SAM.on-run-end.5 ............................................... [ALTER DEFAULT PRIVILEGES in 0.00s]
[2022-06-13 13:10:38,843] {subprocess.py:92} INFO - [0m13:10:38
[2022-06-13 13:10:38,844] {subprocess.py:92} INFO - [0m13:10:38
[2022-06-13 13:10:38,844] {subprocess.py:92} INFO - [0m13:10:38  Finished running 1 table model, 2 incremental models, 6 hooks in 0.32s.
[2022-06-13 13:10:38,850] {subprocess.py:92} INFO - [0m13:10:38
[2022-06-13 13:10:38,850] {subprocess.py:92} INFO - [0m13:10:38  Completed successfully
[2022-06-13 13:10:38,851] {subprocess.py:92} INFO - [0m13:10:38
[2022-06-13 13:10:38,851] {subprocess.py:92} INFO - [0m13:10:38  Done. PASS=3 WARN=0 ERROR=0 SKIP=0 TOTAL=3
[2022-06-13 13:10:38,989] {subprocess.py:96} INFO - Command exited with return code 0
[2022-06-13 13:10:39,015] {taskinstance.py:1400} INFO - Marking task as SUCCESS. dag_id=T-dbt-job-dimensions, task_id=dbt_clone_and_transform-dimensions, execution_date=20220613T110956, start_date=20220613T130957, end_date=20220613T131039
[2022-06-13 13:10:39,028] {local_task_job.py:156} INFO - Task exited with return code 0
[2022-06-13 13:10:39,053] {local_task_job.py:273} INFO - 1 downstream tasks scheduled from follow-on schedule check
