[2022-06-16 07:56:39,188] {taskinstance.py:1159} INFO - Dependencies all met for <TaskInstance: Job-pts.pts scheduled__2022-06-15T21:08:33.450129+00:00 [queued]>
[2022-06-16 07:56:39,198] {taskinstance.py:1159} INFO - Dependencies all met for <TaskInstance: Job-pts.pts scheduled__2022-06-15T21:08:33.450129+00:00 [queued]>
[2022-06-16 07:56:39,198] {taskinstance.py:1356} INFO - 
--------------------------------------------------------------------------------
[2022-06-16 07:56:39,198] {taskinstance.py:1357} INFO - Starting attempt 6 of 6
[2022-06-16 07:56:39,198] {taskinstance.py:1358} INFO - 
--------------------------------------------------------------------------------
[2022-06-16 07:56:39,210] {taskinstance.py:1377} INFO - Executing <Task(PythonOperator): pts> on 2022-06-15 21:08:33.450129+00:00
[2022-06-16 07:56:39,214] {standard_task_runner.py:52} INFO - Started process 1494 to run task
[2022-06-16 07:56:39,217] {standard_task_runner.py:79} INFO - Running: ['airflow', 'tasks', 'run', 'Job-pts', 'pts', 'scheduled__2022-06-15T21:08:33.450129+00:00', '--job-id', '99', '--raw', '--subdir', 'DAGS_FOLDER/docker_job/price_scale.py', '--cfg-path', '/tmp/tmp461xf0k3', '--error-file', '/tmp/tmp56n4ka2k']
[2022-06-16 07:56:39,218] {standard_task_runner.py:80} INFO - Job 99: Subtask pts
[2022-06-16 07:56:39,234] {warnings.py:110} WARNING - /home/airflow/.local/lib/python3.7/site-packages/airflow/configuration.py:525: DeprecationWarning: The sql_alchemy_conn option in [core] has been moved to the sql_alchemy_conn option in [database] - the old setting has been used, but please update your config.
  option = self._get_environment_variables(deprecated_key, deprecated_section, key, section)

[2022-06-16 07:56:39,282] {task_command.py:370} INFO - Running <TaskInstance: Job-pts.pts scheduled__2022-06-15T21:08:33.450129+00:00 [running]> on host 2d9e52ec85d2
[2022-06-16 07:56:39,384] {taskinstance.py:1571} INFO - Exporting the following env vars:
AIRFLOW_CTX_DAG_EMAIL=samuel.momoh-olle@asgoodasnew.com
AIRFLOW_CTX_DAG_OWNER=airflow
AIRFLOW_CTX_DAG_ID=Job-pts
AIRFLOW_CTX_TASK_ID=pts
AIRFLOW_CTX_EXECUTION_DATE=2022-06-15T21:08:33.450129+00:00
AIRFLOW_CTX_TRY_NUMBER=6
AIRFLOW_CTX_DAG_RUN_ID=scheduled__2022-06-15T21:08:33.450129+00:00
[2022-06-16 07:56:39,386] {logging_mixin.py:115} INFO - /opt/airflow
[2022-06-16 07:56:40,017] {logging_mixin.py:115} INFO - https://www.handyverkauf.net/apple-iphone-x-64gb-space-grau_h_5143
[2022-06-16 07:57:13,836] {logging_mixin.py:115} INFO - []
[2022-06-16 07:57:13,837] {python.py:173} INFO - Done. Returned value was: None
[2022-06-16 07:57:14,477] {logging_mixin.py:115} INFO - https://www.handyverkauf.net/apple-iphone-x-256gb-space-grau_h_5145
[2022-06-16 07:58:00,793] {logging_mixin.py:115} INFO - []
[2022-06-16 07:58:00,794] {python.py:173} INFO - Done. Returned value was: None
[2022-06-16 07:58:02,290] {logging_mixin.py:115} INFO - https://www.handyverkauf.net/apple-iphone-xs-64gb-space-grau_h_6242
[2022-06-16 07:58:34,478] {logging_mixin.py:115} INFO - []
[2022-06-16 07:58:34,479] {python.py:173} INFO - Done. Returned value was: None
[2022-06-16 07:58:35,124] {logging_mixin.py:115} INFO - https://www.handyverkauf.net/apple-iphone-xs-256gb-space-grau_h_6245
[2022-06-16 07:59:07,921] {logging_mixin.py:115} INFO - []
[2022-06-16 07:59:07,922] {python.py:173} INFO - Done. Returned value was: None
[2022-06-16 07:59:08,547] {logging_mixin.py:115} INFO - https://www.handyverkauf.net/apple-iphone-xs-512gb-space-grau_h_6248
[2022-06-16 07:59:42,037] {logging_mixin.py:115} INFO - []
[2022-06-16 07:59:42,037] {python.py:173} INFO - Done. Returned value was: None
[2022-06-16 07:59:42,664] {logging_mixin.py:115} INFO - https://www.handyverkauf.net/apple-iphone-xs-max-64gb-space-grau_h_6251
[2022-06-16 08:00:13,282] {logging_mixin.py:115} INFO - []
[2022-06-16 08:00:13,283] {python.py:173} INFO - Done. Returned value was: None
[2022-06-16 08:00:13,919] {logging_mixin.py:115} INFO - https://www.handyverkauf.net/apple-iphone-xs-max-256gb-space-grau_h_6254
[2022-06-16 08:00:46,228] {logging_mixin.py:115} INFO - []
[2022-06-16 08:00:46,228] {python.py:173} INFO - Done. Returned value was: None
[2022-06-16 08:00:46,862] {logging_mixin.py:115} INFO - https://www.handyverkauf.net/apple-iphone-xs-max-512gb-space-grau_h_6257
[2022-06-16 08:01:16,905] {logging_mixin.py:115} INFO - []
[2022-06-16 08:01:16,906] {python.py:173} INFO - Done. Returned value was: None
[2022-06-16 08:01:17,534] {logging_mixin.py:115} INFO - https://www.handyverkauf.net/apple-iphone-xr-64gb-schwarz_h_6260
[2022-06-16 08:01:21,791] {logging_mixin.py:115} INFO - Message: element not interactable
  (Session info: headless chrome=102.0.5005.115)
Stacktrace:
#0 0x55993c700f33 <unknown>
#1 0x55993c44afaf <unknown>
#2 0x55993c4824b7 <unknown>
#3 0x55993c4765b9 <unknown>
#4 0x55993c49ef72 <unknown>
#5 0x55993c475e73 <unknown>
#6 0x55993c49f07e <unknown>
#7 0x55993c4b22e4 <unknown>
#8 0x55993c49ee63 <unknown>
#9 0x55993c47482a <unknown>
#10 0x55993c475985 <unknown>
#11 0x55993c7454cd <unknown>
#12 0x55993c7495ec <unknown>
#13 0x55993c72f71e <unknown>
#14 0x55993c74a238 <unknown>
#15 0x55993c724870 <unknown>
#16 0x55993c766608 <unknown>
#17 0x55993c766788 <unknown>
#18 0x55993c780f1d <unknown>
#19 0x7fcc5039dea7 <unknown>
[2022-06-16 08:01:21,847] {logging_mixin.py:115} INFO - []
[2022-06-16 08:01:21,847] {python.py:173} INFO - Done. Returned value was: None
[2022-06-16 08:01:22,481] {logging_mixin.py:115} INFO - https://www.handyverkauf.net/apple-iphone-xr-128gb-schwarz_h_6266
[2022-06-16 08:01:55,739] {logging_mixin.py:115} INFO - []
[2022-06-16 08:01:55,740] {python.py:173} INFO - Done. Returned value was: None
[2022-06-16 08:01:55,740] {python.py:173} INFO - Done. Returned value was: None
[2022-06-16 08:01:55,756] {taskinstance.py:1400} INFO - Marking task as SUCCESS. dag_id=Job-pts, task_id=pts, execution_date=20220615T210833, start_date=20220616T075639, end_date=20220616T080155
[2022-06-16 08:01:55,800] {local_task_job.py:156} INFO - Task exited with return code 0
[2022-06-16 08:01:55,830] {local_task_job.py:273} INFO - 1 downstream tasks scheduled from follow-on schedule check
