[2022-06-17 00:02:47,713] {taskinstance.py:1159} INFO - Dependencies all met for <TaskInstance: Job-pts.pts-Papple-iphone-x-256gb-space-grau_h_5145 scheduled__2022-06-16T21:32:45.250029+00:00 [queued]>
[2022-06-17 00:02:47,751] {taskinstance.py:1159} INFO - Dependencies all met for <TaskInstance: Job-pts.pts-Papple-iphone-x-256gb-space-grau_h_5145 scheduled__2022-06-16T21:32:45.250029+00:00 [queued]>
[2022-06-17 00:02:47,751] {taskinstance.py:1356} INFO - 
--------------------------------------------------------------------------------
[2022-06-17 00:02:47,751] {taskinstance.py:1357} INFO - Starting attempt 1 of 6
[2022-06-17 00:02:47,751] {taskinstance.py:1358} INFO - 
--------------------------------------------------------------------------------
[2022-06-17 00:02:47,776] {taskinstance.py:1377} INFO - Executing <Task(PythonOperator): pts-Papple-iphone-x-256gb-space-grau_h_5145> on 2022-06-16 21:32:45.250029+00:00
[2022-06-17 00:02:47,795] {standard_task_runner.py:52} INFO - Started process 290 to run task
[2022-06-17 00:02:47,803] {standard_task_runner.py:79} INFO - Running: ['airflow', 'tasks', 'run', 'Job-pts', 'pts-Papple-iphone-x-256gb-space-grau_h_5145', 'scheduled__2022-06-16T21:32:45.250029+00:00', '--job-id', '235', '--raw', '--subdir', 'DAGS_FOLDER/docker_job/price_scale.py', '--cfg-path', '/tmp/tmp6_3w4zdi', '--error-file', '/tmp/tmpitf20t_z']
[2022-06-17 00:02:47,803] {standard_task_runner.py:80} INFO - Job 235: Subtask pts-Papple-iphone-x-256gb-space-grau_h_5145
[2022-06-17 00:02:47,833] {warnings.py:110} WARNING - /home/airflow/.local/lib/python3.7/site-packages/airflow/configuration.py:525: DeprecationWarning: The sql_alchemy_conn option in [core] has been moved to the sql_alchemy_conn option in [database] - the old setting has been used, but please update your config.
  option = self._get_environment_variables(deprecated_key, deprecated_section, key, section)

[2022-06-17 00:02:47,888] {task_command.py:370} INFO - Running <TaskInstance: Job-pts.pts-Papple-iphone-x-256gb-space-grau_h_5145 scheduled__2022-06-16T21:32:45.250029+00:00 [running]> on host 2d9e52ec85d2
[2022-06-17 00:02:48,017] {taskinstance.py:1571} INFO - Exporting the following env vars:
AIRFLOW_CTX_DAG_EMAIL=samuel.momoh-olle@asgoodasnew.com
AIRFLOW_CTX_DAG_OWNER=airflow
AIRFLOW_CTX_DAG_ID=Job-pts
AIRFLOW_CTX_TASK_ID=pts-Papple-iphone-x-256gb-space-grau_h_5145
AIRFLOW_CTX_EXECUTION_DATE=2022-06-16T21:32:45.250029+00:00
AIRFLOW_CTX_TRY_NUMBER=1
AIRFLOW_CTX_DAG_RUN_ID=scheduled__2022-06-16T21:32:45.250029+00:00
[2022-06-17 00:02:49,289] {logging_mixin.py:115} INFO - ['https://www.handyverkauf.net/apple-iphone-x-64gb-space-grau_h_5143', 'https://www.handyverkauf.net/apple-iphone-x-256gb-space-grau_h_5145', 'https://www.handyverkauf.net/apple-iphone-xs-64gb-space-grau_h_6242', 'https://www.handyverkauf.net/apple-iphone-xs-256gb-space-grau_h_6245', 'https://www.handyverkauf.net/apple-iphone-xs-512gb-space-grau_h_6248', 'https://www.handyverkauf.net/apple-iphone-xs-max-64gb-space-grau_h_6251', 'https://www.handyverkauf.net/apple-iphone-xs-max-256gb-space-grau_h_6254', 'https://www.handyverkauf.net/apple-iphone-xs-max-512gb-space-grau_h_6257', 'https://www.handyverkauf.net/apple-iphone-xr-64gb-schwarz_h_6260', 'https://www.handyverkauf.net/apple-iphone-xr-128gb-schwarz_h_6266']
[2022-06-17 00:02:53,820] {logging_mixin.py:115} INFO - Message: invalid argument: 'url' must be a string
  (Session info: headless chrome=102.0.5005.115)
Stacktrace:
#0 0x55d8a9fcaf33 <unknown>
#1 0x55d8a9d15118 <unknown>
#2 0x55d8a9d7caa1 <unknown>
#3 0x55d8a9d68f72 <unknown>
#4 0x55d8a9d7c2e4 <unknown>
#5 0x55d8a9d68e63 <unknown>
#6 0x55d8a9d3e82a <unknown>
#7 0x55d8a9d3f985 <unknown>
#8 0x55d8aa00f4cd <unknown>
#9 0x55d8aa0135ec <unknown>
#10 0x55d8a9ff971e <unknown>
#11 0x55d8aa014238 <unknown>
#12 0x55d8a9fee870 <unknown>
#13 0x55d8aa030608 <unknown>
#14 0x55d8aa030788 <unknown>
#15 0x55d8aa04af1d <unknown>
#16 0x7fd5d4ed4ea7 <unknown>
[2022-06-17 00:02:53,875] {logging_mixin.py:115} INFO - []
[2022-06-17 00:02:53,875] {python.py:173} INFO - Done. Returned value was: None
[2022-06-17 00:02:53,890] {taskinstance.py:1400} INFO - Marking task as SUCCESS. dag_id=Job-pts, task_id=pts-Papple-iphone-x-256gb-space-grau_h_5145, execution_date=20220616T213245, start_date=20220617T000247, end_date=20220617T000253
[2022-06-17 00:02:53,912] {local_task_job.py:156} INFO - Task exited with return code 0
[2022-06-17 00:02:53,936] {local_task_job.py:273} INFO - 0 downstream tasks scheduled from follow-on schedule check
