[2022-06-14 03:09:17,341] {taskinstance.py:1159} INFO - Dependencies all met for <TaskInstance: T-dbt-job-objects.dbt_clone_and_transform-objects scheduled__2022-06-14T01:09:17.135473+00:00 [queued]>
[2022-06-14 03:09:17,355] {taskinstance.py:1159} INFO - Dependencies all met for <TaskInstance: T-dbt-job-objects.dbt_clone_and_transform-objects scheduled__2022-06-14T01:09:17.135473+00:00 [queued]>
[2022-06-14 03:09:17,355] {taskinstance.py:1356} INFO - 
--------------------------------------------------------------------------------
[2022-06-14 03:09:17,355] {taskinstance.py:1357} INFO - Starting attempt 1 of 2
[2022-06-14 03:09:17,355] {taskinstance.py:1358} INFO - 
--------------------------------------------------------------------------------
[2022-06-14 03:09:17,370] {taskinstance.py:1377} INFO - Executing <Task(BashOperator): dbt_clone_and_transform-objects> on 2022-06-14 01:09:17.135473+00:00
[2022-06-14 03:09:17,375] {standard_task_runner.py:52} INFO - Started process 1355 to run task
[2022-06-14 03:09:17,379] {standard_task_runner.py:79} INFO - Running: ['airflow', 'tasks', 'run', 'T-dbt-job-objects', 'dbt_clone_and_transform-objects', 'scheduled__2022-06-14T01:09:17.135473+00:00', '--job-id', '174', '--raw', '--subdir', 'DAGS_FOLDER/docker_job/dbt_model.py', '--cfg-path', '/tmp/tmpv3dewv75', '--error-file', '/tmp/tmpzsi1n7x2']
[2022-06-14 03:09:17,380] {standard_task_runner.py:80} INFO - Job 174: Subtask dbt_clone_and_transform-objects
[2022-06-14 03:09:17,393] {warnings.py:110} WARNING - /home/airflow/.local/lib/python3.7/site-packages/airflow/configuration.py:525: DeprecationWarning: The sql_alchemy_conn option in [core] has been moved to the sql_alchemy_conn option in [database] - the old setting has been used, but please update your config.
  option = self._get_environment_variables(deprecated_key, deprecated_section, key, section)

[2022-06-14 03:09:17,435] {task_command.py:370} INFO - Running <TaskInstance: T-dbt-job-objects.dbt_clone_and_transform-objects scheduled__2022-06-14T01:09:17.135473+00:00 [running]> on host f269bd168226
[2022-06-14 03:09:17,499] {taskinstance.py:1571} INFO - Exporting the following env vars:
AIRFLOW_CTX_DAG_EMAIL=samuelolle@yahoo.com
AIRFLOW_CTX_DAG_OWNER=airflow
AIRFLOW_CTX_DAG_ID=T-dbt-job-objects
AIRFLOW_CTX_TASK_ID=dbt_clone_and_transform-objects
AIRFLOW_CTX_EXECUTION_DATE=2022-06-14T01:09:17.135473+00:00
AIRFLOW_CTX_TRY_NUMBER=1
AIRFLOW_CTX_DAG_RUN_ID=scheduled__2022-06-14T01:09:17.135473+00:00
[2022-06-14 03:09:17,500] {subprocess.py:62} INFO - Tmp dir root location: 
 /tmp
[2022-06-14 03:09:17,501] {subprocess.py:74} INFO - Running command: ['bash', '-c', " rm -rf /tmp/objects && mkdir /tmp/objects                            && cp -r /tmp/dbt /tmp/objects/dbt                             && cd /tmp/objects/dbt && python3 -m venv venv                             && export PIP_USER=false                             && *** /tmp/objects/dbt/venv/bin/activate                             && pip  install --quiet --upgrade pip setuptools                             && pip3 install --quiet 'MarkupSafe<=2.0.1' 'dbt-postgres' 'dbt-core'                             && dbt --version && deactivate                             && cd /tmp/objects/dbt && *** /tmp/objects/dbt/venv/bin/activate                             && dbt deps --profiles-dir /tmp/objects/dbt/ && dbt seed --profiles-dir /tmp/objects/dbt/                             && dbt run --models objects --profiles-dir /tmp/objects/dbt/"]
[2022-06-14 03:09:17,512] {subprocess.py:85} INFO - Output:
[2022-06-14 03:09:51,720] {subprocess.py:92} INFO - Core:
[2022-06-14 03:09:51,721] {subprocess.py:92} INFO -   - installed: 1.1.0
[2022-06-14 03:09:51,721] {subprocess.py:92} INFO -   - latest:    1.1.0 - [32mUp to date![0m
[2022-06-14 03:09:51,721] {subprocess.py:92} INFO - 
[2022-06-14 03:09:51,721] {subprocess.py:92} INFO - Plugins:
[2022-06-14 03:09:51,721] {subprocess.py:92} INFO -   - postgres: 1.1.0 - [32mUp to date![0m
[2022-06-14 03:09:54,377] {subprocess.py:92} INFO - [0m03:09:54  Running with dbt=1.1.0
[2022-06-14 03:09:54,379] {subprocess.py:92} INFO - [0m03:09:54  Warning: No packages were found in packages.yml
[2022-06-14 03:09:57,182] {subprocess.py:92} INFO - [0m03:09:57  Running with dbt=1.1.0
[2022-06-14 03:09:57,198] {subprocess.py:92} INFO - [0m03:09:57  Partial parse save file not found. Starting full parse.
[2022-06-14 03:09:57,866] {subprocess.py:92} INFO - [0m03:09:57  [WARNING]: Configuration paths exist in your dbt_project.yml file which do not apply to any re***s.
[2022-06-14 03:09:57,866] {subprocess.py:92} INFO - There are 1 unused configuration paths:
[2022-06-14 03:09:57,866] {subprocess.py:92} INFO - - seeds.SAM
[2022-06-14 03:09:57,867] {subprocess.py:92} INFO - 
[2022-06-14 03:09:57,878] {subprocess.py:92} INFO - [0m03:09:57  Found 7 models, 6 tests, 0 snapshots, 0 analyses, 172 macros, 6 operations, 0 seed files, 4 ***s, 0 exposures, 0 metrics
[2022-06-14 03:09:57,880] {subprocess.py:92} INFO - [0m03:09:57
[2022-06-14 03:09:57,880] {subprocess.py:92} INFO - [0m03:09:57  [WARNING]: Nothing to do. Try checking your model configs and model specification args
[2022-06-14 03:09:57,885] {subprocess.py:92} INFO - [0m03:09:57
[2022-06-14 03:09:57,886] {subprocess.py:92} INFO - [0m03:09:57  Completed successfully
[2022-06-14 03:09:57,886] {subprocess.py:92} INFO - [0m03:09:57
[2022-06-14 03:09:57,886] {subprocess.py:92} INFO - [0m03:09:57  Done. PASS=0 WARN=0 ERROR=0 SKIP=0 TOTAL=0
[2022-06-14 03:10:00,790] {subprocess.py:92} INFO - [0m03:10:00  Running with dbt=1.1.0
[2022-06-14 03:10:00,824] {subprocess.py:92} INFO - [0m03:10:00  [WARNING]: Configuration paths exist in your dbt_project.yml file which do not apply to any re***s.
[2022-06-14 03:10:00,824] {subprocess.py:92} INFO - There are 1 unused configuration paths:
[2022-06-14 03:10:00,824] {subprocess.py:92} INFO - - seeds.SAM
[2022-06-14 03:10:00,824] {subprocess.py:92} INFO - 
[2022-06-14 03:10:00,838] {subprocess.py:92} INFO - [0m03:10:00  Found 7 models, 6 tests, 0 snapshots, 0 analyses, 172 macros, 6 operations, 0 seed files, 4 ***s, 0 exposures, 0 metrics
[2022-06-14 03:10:00,839] {subprocess.py:92} INFO - [0m03:10:00
[2022-06-14 03:10:00,903] {subprocess.py:92} INFO - [0m03:10:00  Concurrency: 4 threads (target='dev')
[2022-06-14 03:10:00,903] {subprocess.py:92} INFO - [0m03:10:00
[2022-06-14 03:10:00,911] {subprocess.py:92} INFO - [0m03:10:00  1 of 2 START table model analytics_objects.obj_users ........................... [RUN]
[2022-06-14 03:10:00,912] {subprocess.py:92} INFO - [0m03:10:00  2 of 2 START table model analytics_objects.obj_walls ........................... [RUN]
[2022-06-14 03:10:01,013] {subprocess.py:92} INFO - [0m03:10:01  2 of 2 OK created table model analytics_objects.obj_walls ...................... [SELECT 12 in 0.10s]
[2022-06-14 03:10:01,013] {subprocess.py:92} INFO - [0m03:10:01  1 of 2 OK created table model analytics_objects.obj_users ...................... [SELECT 15 in 0.10s]
[2022-06-14 03:10:01,119] {subprocess.py:92} INFO - [0m03:10:01
[2022-06-14 03:10:01,119] {subprocess.py:92} INFO - [0m03:10:01  Running 6 on-run-end hooks
[2022-06-14 03:10:01,125] {subprocess.py:92} INFO - [0m03:10:01  1 of 6 START hook: SAM.on-run-end.0 ............................................ [RUN]
[2022-06-14 03:10:01,128] {subprocess.py:92} INFO - [0m03:10:01  1 of 6 OK hook: SAM.on-run-end.0 ............................................... [ALTER DEFAULT PRIVILEGES in 0.00s]
[2022-06-14 03:10:01,133] {subprocess.py:92} INFO - [0m03:10:01  2 of 6 START hook: SAM.on-run-end.1 ............................................ [RUN]
[2022-06-14 03:10:01,135] {subprocess.py:92} INFO - [0m03:10:01  2 of 6 OK hook: SAM.on-run-end.1 ............................................... [ALTER DEFAULT PRIVILEGES in 0.00s]
[2022-06-14 03:10:01,139] {subprocess.py:92} INFO - [0m03:10:01  3 of 6 START hook: SAM.on-run-end.2 ............................................ [RUN]
[2022-06-14 03:10:01,141] {subprocess.py:92} INFO - [0m03:10:01  3 of 6 OK hook: SAM.on-run-end.2 ............................................... [ALTER DEFAULT PRIVILEGES in 0.00s]
[2022-06-14 03:10:01,144] {subprocess.py:92} INFO - [0m03:10:01  4 of 6 START hook: SAM.on-run-end.3 ............................................ [RUN]
[2022-06-14 03:10:01,147] {subprocess.py:92} INFO - [0m03:10:01  4 of 6 OK hook: SAM.on-run-end.3 ............................................... [ALTER DEFAULT PRIVILEGES in 0.00s]
[2022-06-14 03:10:01,150] {subprocess.py:92} INFO - [0m03:10:01  5 of 6 START hook: SAM.on-run-end.4 ............................................ [RUN]
[2022-06-14 03:10:01,153] {subprocess.py:92} INFO - [0m03:10:01  5 of 6 OK hook: SAM.on-run-end.4 ............................................... [ALTER DEFAULT PRIVILEGES in 0.00s]
[2022-06-14 03:10:01,157] {subprocess.py:92} INFO - [0m03:10:01  6 of 6 START hook: SAM.on-run-end.5 ............................................ [RUN]
[2022-06-14 03:10:01,160] {subprocess.py:92} INFO - [0m03:10:01  6 of 6 OK hook: SAM.on-run-end.5 ............................................... [ALTER DEFAULT PRIVILEGES in 0.00s]
[2022-06-14 03:10:01,160] {subprocess.py:92} INFO - [0m03:10:01
[2022-06-14 03:10:01,161] {subprocess.py:92} INFO - [0m03:10:01
[2022-06-14 03:10:01,161] {subprocess.py:92} INFO - [0m03:10:01  Finished running 2 table models, 6 hooks in 0.32s.
[2022-06-14 03:10:01,168] {subprocess.py:92} INFO - [0m03:10:01
[2022-06-14 03:10:01,168] {subprocess.py:92} INFO - [0m03:10:01  Completed successfully
[2022-06-14 03:10:01,168] {subprocess.py:92} INFO - [0m03:10:01
[2022-06-14 03:10:01,169] {subprocess.py:92} INFO - [0m03:10:01  Done. PASS=2 WARN=0 ERROR=0 SKIP=0 TOTAL=2
[2022-06-14 03:10:01,329] {subprocess.py:96} INFO - Command exited with return code 0
[2022-06-14 03:10:01,356] {taskinstance.py:1400} INFO - Marking task as SUCCESS. dag_id=T-dbt-job-objects, task_id=dbt_clone_and_transform-objects, execution_date=20220614T010917, start_date=20220614T030917, end_date=20220614T031001
[2022-06-14 03:10:01,385] {local_task_job.py:156} INFO - Task exited with return code 0
[2022-06-14 03:10:01,414] {local_task_job.py:273} INFO - 1 downstream tasks scheduled from follow-on schedule check
