[2022-06-13 05:12:53,029] {taskinstance.py:1159} INFO - Dependencies all met for <TaskInstance: T-dbt-job-objects.dbt_cleanup-objects scheduled__2022-06-13T03:09:17.135473+00:00 [queued]>
[2022-06-13 05:12:53,047] {taskinstance.py:1159} INFO - Dependencies all met for <TaskInstance: T-dbt-job-objects.dbt_cleanup-objects scheduled__2022-06-13T03:09:17.135473+00:00 [queued]>
[2022-06-13 05:12:53,047] {taskinstance.py:1356} INFO - 
--------------------------------------------------------------------------------
[2022-06-13 05:12:53,047] {taskinstance.py:1357} INFO - Starting attempt 1 of 2
[2022-06-13 05:12:53,047] {taskinstance.py:1358} INFO - 
--------------------------------------------------------------------------------
[2022-06-13 05:12:53,065] {taskinstance.py:1377} INFO - Executing <Task(BashOperator): dbt_cleanup-objects> on 2022-06-13 03:09:17.135473+00:00
[2022-06-13 05:12:53,070] {standard_task_runner.py:52} INFO - Started process 574 to run task
[2022-06-13 05:12:53,076] {standard_task_runner.py:79} INFO - Running: ['airflow', 'tasks', 'run', 'T-dbt-job-objects', 'dbt_cleanup-objects', 'scheduled__2022-06-13T03:09:17.135473+00:00', '--job-id', '65', '--raw', '--subdir', 'DAGS_FOLDER/docker_job/dbt_model.py', '--cfg-path', '/tmp/tmp0jl6jrvt', '--error-file', '/tmp/tmpni6x3jby']
[2022-06-13 05:12:53,077] {standard_task_runner.py:80} INFO - Job 65: Subtask dbt_cleanup-objects
[2022-06-13 05:12:53,092] {warnings.py:110} WARNING - /home/airflow/.local/lib/python3.7/site-packages/airflow/configuration.py:525: DeprecationWarning: The sql_alchemy_conn option in [core] has been moved to the sql_alchemy_conn option in [database] - the old setting has been used, but please update your config.
  option = self._get_environment_variables(deprecated_key, deprecated_section, key, section)

[2022-06-13 05:12:53,146] {task_command.py:370} INFO - Running <TaskInstance: T-dbt-job-objects.dbt_cleanup-objects scheduled__2022-06-13T03:09:17.135473+00:00 [running]> on host 0d9d7b7f40c6
[2022-06-13 05:12:53,259] {taskinstance.py:1571} INFO - Exporting the following env vars:
AIRFLOW_CTX_DAG_EMAIL=samuelolle@yahoo.com
AIRFLOW_CTX_DAG_OWNER=airflow
AIRFLOW_CTX_DAG_ID=T-dbt-job-objects
AIRFLOW_CTX_TASK_ID=dbt_cleanup-objects
AIRFLOW_CTX_EXECUTION_DATE=2022-06-13T03:09:17.135473+00:00
AIRFLOW_CTX_TRY_NUMBER=1
AIRFLOW_CTX_DAG_RUN_ID=scheduled__2022-06-13T03:09:17.135473+00:00
[2022-06-13 05:12:53,260] {subprocess.py:62} INFO - Tmp dir root location: 
 /tmp
[2022-06-13 05:12:53,261] {subprocess.py:74} INFO - Running command: ['bash', '-c', 'rm -rf /tmp/objects && rm -rf /tmp/tmp* 2>/dev/null || exit 0']
[2022-06-13 05:12:53,281] {subprocess.py:85} INFO - Output:
[2022-06-13 05:12:53,606] {subprocess.py:96} INFO - Command exited with return code 0
[2022-06-13 05:12:53,642] {taskinstance.py:1400} INFO - Marking task as SUCCESS. dag_id=T-dbt-job-objects, task_id=dbt_cleanup-objects, execution_date=20220613T030917, start_date=20220613T051253, end_date=20220613T051253
[2022-06-13 05:12:53,695] {local_task_job.py:156} INFO - Task exited with return code 0
[2022-06-13 05:12:53,726] {local_task_job.py:273} INFO - 0 downstream tasks scheduled from follow-on schedule check
