[2022-06-11 15:48:55,441] {taskinstance.py:1037} INFO - Dependencies all met for <TaskInstance: T-dbt-job-dimensions.csv_to_database scheduled__2022-06-11T13:40:11.410294+00:00 [queued]>
[2022-06-11 15:48:55,448] {taskinstance.py:1037} INFO - Dependencies all met for <TaskInstance: T-dbt-job-dimensions.csv_to_database scheduled__2022-06-11T13:40:11.410294+00:00 [queued]>
[2022-06-11 15:48:55,448] {taskinstance.py:1243} INFO - 
--------------------------------------------------------------------------------
[2022-06-11 15:48:55,448] {taskinstance.py:1244} INFO - Starting attempt 3 of 4
[2022-06-11 15:48:55,448] {taskinstance.py:1245} INFO - 
--------------------------------------------------------------------------------
[2022-06-11 15:48:55,457] {taskinstance.py:1264} INFO - Executing <Task(PythonOperator): csv_to_database> on 2022-06-11 13:40:11.410294+00:00
[2022-06-11 15:48:55,463] {standard_task_runner.py:52} INFO - Started process 102 to run task
[2022-06-11 15:48:55,466] {standard_task_runner.py:76} INFO - Running: ['airflow', 'tasks', 'run', 'T-dbt-job-dimensions', 'csv_to_database', 'scheduled__2022-06-11T13:40:11.410294+00:00', '--job-id', '14', '--raw', '--subdir', 'DAGS_FOLDER/docker_job/dbt_test.py', '--cfg-path', '/tmp/tmpbek_tcp3', '--error-file', '/tmp/tmph7jnhpsf']
[2022-06-11 15:48:55,466] {standard_task_runner.py:77} INFO - Job 14: Subtask csv_to_database
[2022-06-11 15:48:55,508] {logging_mixin.py:109} INFO - Running <TaskInstance: T-dbt-job-dimensions.csv_to_database scheduled__2022-06-11T13:40:11.410294+00:00 [running]> on host fe87ca35a7d0
[2022-06-11 15:48:55,546] {taskinstance.py:1431} INFO - Exporting the following env vars:
AIRFLOW_CTX_DAG_EMAIL=samuelolle@yahoo.com
AIRFLOW_CTX_DAG_OWNER=airflow
AIRFLOW_CTX_DAG_ID=T-dbt-job-dimensions
AIRFLOW_CTX_TASK_ID=csv_to_database
AIRFLOW_CTX_EXECUTION_DATE=2022-06-11T13:40:11.410294+00:00
AIRFLOW_CTX_DAG_RUN_ID=scheduled__2022-06-11T13:40:11.410294+00:00
[2022-06-11 15:48:55,555] {base.py:79} INFO - Using connection to: id: ***. Host: postgres_***, Port: 5432, Schema: ***, Login: ***, Password: ***, extra: {}
[2022-06-11 15:48:55,559] {logging_mixin.py:109} INFO - ['users.csv']
[2022-06-11 15:48:55,559] {postgres.py:127} INFO - Running copy expert: COPY analytics_object.users_cdc FROM STDIN, filename: /opt/airflow/dags/docker_job/data/users.csv
[2022-06-11 15:48:55,559] {taskinstance.py:1718} ERROR - Task failed with exception
Traceback (most recent call last):
  File "/home/airflow/.local/lib/python3.7/site-packages/airflow/models/taskinstance.py", line 1334, in _run_raw_task
    self._execute_task_with_callbacks(context)
  File "/home/airflow/.local/lib/python3.7/site-packages/airflow/models/taskinstance.py", line 1460, in _execute_task_with_callbacks
    result = self._execute_task(context, self.task)
  File "/home/airflow/.local/lib/python3.7/site-packages/airflow/models/taskinstance.py", line 1511, in _execute_task
    result = execute_callable(context=context)
  File "/home/airflow/.local/lib/python3.7/site-packages/airflow/operators/python.py", line 174, in execute
    return_value = self.execute_callable()
  File "/home/airflow/.local/lib/python3.7/site-packages/airflow/operators/python.py", line 188, in execute_callable
    return self.python_callable(*self.op_args, **self.op_kwargs)
  File "/opt/airflow/dags/docker_job/dbt_test.py", line 33, in csv_to_postgres
    pg_conn.bulk_load(table, file_path(file))
  File "/home/airflow/.local/lib/python3.7/site-packages/airflow/providers/postgres/hooks/postgres.py", line 149, in bulk_load
    self.copy_expert(f"COPY {table} FROM STDIN", tmp_file)
  File "/home/airflow/.local/lib/python3.7/site-packages/airflow/providers/postgres/hooks/postgres.py", line 132, in copy_expert
    with open(filename, 'r+') as file:
PermissionError: [Errno 13] Permission denied: '/opt/airflow/dags/docker_job/data/users.csv'
[2022-06-11 15:48:55,570] {taskinstance.py:1282} INFO - Marking task as UP_FOR_RETRY. dag_id=T-dbt-job-dimensions, task_id=csv_to_database, execution_date=20220611T134011, start_date=20220611T154855, end_date=20220611T154855
[2022-06-11 15:48:55,578] {standard_task_runner.py:92} ERROR - Failed to execute job 14 for task csv_to_database
Traceback (most recent call last):
  File "/home/airflow/.local/lib/python3.7/site-packages/airflow/task/task_runner/standard_task_runner.py", line 85, in _start_by_fork
    args.func(args, dag=self.dag)
  File "/home/airflow/.local/lib/python3.7/site-packages/airflow/cli/cli_parser.py", line 48, in command
    return func(*args, **kwargs)
  File "/home/airflow/.local/lib/python3.7/site-packages/airflow/utils/cli.py", line 92, in wrapper
    return f(*args, **kwargs)
  File "/home/airflow/.local/lib/python3.7/site-packages/airflow/cli/commands/task_command.py", line 298, in task_run
    _run_task_by_selected_method(args, dag, ti)
  File "/home/airflow/.local/lib/python3.7/site-packages/airflow/cli/commands/task_command.py", line 107, in _run_task_by_selected_method
    _run_raw_task(args, ti)
  File "/home/airflow/.local/lib/python3.7/site-packages/airflow/cli/commands/task_command.py", line 184, in _run_raw_task
    error_file=args.error_file,
  File "/home/airflow/.local/lib/python3.7/site-packages/airflow/utils/session.py", line 70, in wrapper
    return func(*args, session=session, **kwargs)
  File "/home/airflow/.local/lib/python3.7/site-packages/airflow/models/taskinstance.py", line 1334, in _run_raw_task
    self._execute_task_with_callbacks(context)
  File "/home/airflow/.local/lib/python3.7/site-packages/airflow/models/taskinstance.py", line 1460, in _execute_task_with_callbacks
    result = self._execute_task(context, self.task)
  File "/home/airflow/.local/lib/python3.7/site-packages/airflow/models/taskinstance.py", line 1511, in _execute_task
    result = execute_callable(context=context)
  File "/home/airflow/.local/lib/python3.7/site-packages/airflow/operators/python.py", line 174, in execute
    return_value = self.execute_callable()
  File "/home/airflow/.local/lib/python3.7/site-packages/airflow/operators/python.py", line 188, in execute_callable
    return self.python_callable(*self.op_args, **self.op_kwargs)
  File "/opt/airflow/dags/docker_job/dbt_test.py", line 33, in csv_to_postgres
    pg_conn.bulk_load(table, file_path(file))
  File "/home/airflow/.local/lib/python3.7/site-packages/airflow/providers/postgres/hooks/postgres.py", line 149, in bulk_load
    self.copy_expert(f"COPY {table} FROM STDIN", tmp_file)
  File "/home/airflow/.local/lib/python3.7/site-packages/airflow/providers/postgres/hooks/postgres.py", line 132, in copy_expert
    with open(filename, 'r+') as file:
PermissionError: [Errno 13] Permission denied: '/opt/airflow/dags/docker_job/data/users.csv'
[2022-06-11 15:48:55,598] {local_task_job.py:154} INFO - Task exited with return code 1
[2022-06-11 15:48:55,626] {local_task_job.py:264} INFO - 0 downstream tasks scheduled from follow-on schedule check
