[2022-06-12 09:04:13,528] {taskinstance.py:1159} INFO - Dependencies all met for <TaskInstance: T-dbt-job-dimensions.dbt_clone_and_transform-dimensions scheduled__2022-06-12T07:04:13.222472+00:00 [queued]>
[2022-06-12 09:04:13,537] {taskinstance.py:1159} INFO - Dependencies all met for <TaskInstance: T-dbt-job-dimensions.dbt_clone_and_transform-dimensions scheduled__2022-06-12T07:04:13.222472+00:00 [queued]>
[2022-06-12 09:04:13,537] {taskinstance.py:1356} INFO - 
--------------------------------------------------------------------------------
[2022-06-12 09:04:13,537] {taskinstance.py:1357} INFO - Starting attempt 1 of 2
[2022-06-12 09:04:13,537] {taskinstance.py:1358} INFO - 
--------------------------------------------------------------------------------
[2022-06-12 09:04:13,548] {taskinstance.py:1377} INFO - Executing <Task(BashOperator): dbt_clone_and_transform-dimensions> on 2022-06-12 07:04:13.222472+00:00
[2022-06-12 09:04:13,553] {standard_task_runner.py:52} INFO - Started process 3691 to run task
[2022-06-12 09:04:13,556] {standard_task_runner.py:79} INFO - Running: ['airflow', 'tasks', 'run', 'T-dbt-job-dimensions', 'dbt_clone_and_transform-dimensions', 'scheduled__2022-06-12T07:04:13.222472+00:00', '--job-id', '112', '--raw', '--subdir', 'DAGS_FOLDER/docker_job/dbt_model.py', '--cfg-path', '/tmp/tmpvytj7d1q', '--error-file', '/tmp/tmpesj_ag5m']
[2022-06-12 09:04:13,556] {standard_task_runner.py:80} INFO - Job 112: Subtask dbt_clone_and_transform-dimensions
[2022-06-12 09:04:13,570] {warnings.py:110} WARNING - /home/airflow/.local/lib/python3.7/site-packages/airflow/configuration.py:525: DeprecationWarning: The sql_alchemy_conn option in [core] has been moved to the sql_alchemy_conn option in [database] - the old setting has been used, but please update your config.
  option = self._get_environment_variables(deprecated_key, deprecated_section, key, section)

[2022-06-12 09:04:13,608] {task_command.py:370} INFO - Running <TaskInstance: T-dbt-job-dimensions.dbt_clone_and_transform-dimensions scheduled__2022-06-12T07:04:13.222472+00:00 [running]> on host e926c0944008
[2022-06-12 09:04:13,672] {taskinstance.py:1571} INFO - Exporting the following env vars:
AIRFLOW_CTX_DAG_EMAIL=samuelolle@yahoo.com
AIRFLOW_CTX_DAG_OWNER=airflow
AIRFLOW_CTX_DAG_ID=T-dbt-job-dimensions
AIRFLOW_CTX_TASK_ID=dbt_clone_and_transform-dimensions
AIRFLOW_CTX_EXECUTION_DATE=2022-06-12T07:04:13.222472+00:00
AIRFLOW_CTX_TRY_NUMBER=1
AIRFLOW_CTX_DAG_RUN_ID=scheduled__2022-06-12T07:04:13.222472+00:00
[2022-06-12 09:04:13,673] {subprocess.py:62} INFO - Tmp dir root location: 
 /tmp
[2022-06-12 09:04:13,674] {subprocess.py:74} INFO - Running command: ['bash', '-c', " rm -rf /tmp/dimensions && mkdir /tmp/dimensions                            && cp -r /tmp/dbt /tmp/dimensions/dbt                             && cd /tmp/dimensions/dbt && python3 -m venv venv                             && export PIP_USER=false                             && *** /tmp/dimensions/dbt/venv/bin/activate                             && pip  install --quiet --upgrade pip setuptools                             && pip3 install --quiet 'MarkupSafe<=2.0.1' 'dbt-postgres' 'dbt-core'                             && dbt --version && deactivate                             && cd /tmp/dimensions/dbt && *** /tmp/dimensions/dbt/venv/bin/activate                             && dbt deps --profiles-dir /tmp/dimensions/dbt/ && dbt seed --profiles-dir /tmp/dimensions/dbt/                             && dbt run --models dimensions --profiles-dir /tmp/dimensions/dbt/"]
[2022-06-12 09:04:13,684] {subprocess.py:85} INFO - Output:
[2022-06-12 09:04:44,875] {subprocess.py:92} INFO - Core:
[2022-06-12 09:04:44,876] {subprocess.py:92} INFO -   - installed: 1.1.0
[2022-06-12 09:04:44,876] {subprocess.py:92} INFO -   - latest:    1.1.0 - [32mUp to date![0m
[2022-06-12 09:04:44,876] {subprocess.py:92} INFO - 
[2022-06-12 09:04:44,876] {subprocess.py:92} INFO - Plugins:
[2022-06-12 09:04:44,877] {subprocess.py:92} INFO -   - postgres: 1.1.0 - [32mUp to date![0m
[2022-06-12 09:04:47,474] {subprocess.py:92} INFO - [0m09:04:47  Running with dbt=1.1.0
[2022-06-12 09:04:47,477] {subprocess.py:92} INFO - [0m09:04:47  Warning: No packages were found in packages.yml
[2022-06-12 09:04:50,103] {subprocess.py:92} INFO - [0m09:04:50  Running with dbt=1.1.0
[2022-06-12 09:04:50,116] {subprocess.py:92} INFO - [0m09:04:50  Partial parse save file not found. Starting full parse.
[2022-06-12 09:04:50,705] {subprocess.py:92} INFO - [0m09:04:50  [WARNING]: Configuration paths exist in your dbt_project.yml file which do not apply to any re***s.
[2022-06-12 09:04:50,706] {subprocess.py:92} INFO - There are 1 unused configuration paths:
[2022-06-12 09:04:50,706] {subprocess.py:92} INFO - - seeds.SAM
[2022-06-12 09:04:50,706] {subprocess.py:92} INFO - 
[2022-06-12 09:04:50,717] {subprocess.py:92} INFO - [0m09:04:50  Found 5 models, 6 tests, 0 snapshots, 0 analyses, 172 macros, 6 operations, 0 seed files, 4 ***s, 0 exposures, 0 metrics
[2022-06-12 09:04:50,718] {subprocess.py:92} INFO - [0m09:04:50
[2022-06-12 09:04:50,719] {subprocess.py:92} INFO - [0m09:04:50  [WARNING]: Nothing to do. Try checking your model configs and model specification args
[2022-06-12 09:04:50,729] {subprocess.py:92} INFO - [0m09:04:50
[2022-06-12 09:04:50,729] {subprocess.py:92} INFO - [0m09:04:50  Completed successfully
[2022-06-12 09:04:50,729] {subprocess.py:92} INFO - [0m09:04:50
[2022-06-12 09:04:50,730] {subprocess.py:92} INFO - [0m09:04:50  Done. PASS=0 WARN=0 ERROR=0 SKIP=0 TOTAL=0
[2022-06-12 09:04:53,390] {subprocess.py:92} INFO - [0m09:04:53  Running with dbt=1.1.0
[2022-06-12 09:04:53,423] {subprocess.py:92} INFO - [0m09:04:53  [WARNING]: Configuration paths exist in your dbt_project.yml file which do not apply to any re***s.
[2022-06-12 09:04:53,423] {subprocess.py:92} INFO - There are 1 unused configuration paths:
[2022-06-12 09:04:53,423] {subprocess.py:92} INFO - - seeds.SAM
[2022-06-12 09:04:53,423] {subprocess.py:92} INFO - 
[2022-06-12 09:04:53,435] {subprocess.py:92} INFO - [0m09:04:53  Found 5 models, 6 tests, 0 snapshots, 0 analyses, 172 macros, 6 operations, 0 seed files, 4 ***s, 0 exposures, 0 metrics
[2022-06-12 09:04:53,437] {subprocess.py:92} INFO - [0m09:04:53
[2022-06-12 09:04:53,498] {subprocess.py:92} INFO - [0m09:04:53  Concurrency: 4 threads (target='dev')
[2022-06-12 09:04:53,499] {subprocess.py:92} INFO - [0m09:04:53
[2022-06-12 09:04:53,507] {subprocess.py:92} INFO - [0m09:04:53  1 of 2 START table model analytics_dim.dim_date ................................ [RUN]
[2022-06-12 09:04:53,508] {subprocess.py:92} INFO - [0m09:04:53  2 of 2 START incremental model analytics_dim.dim_walls ......................... [RUN]
[2022-06-12 09:04:53,655] {subprocess.py:92} INFO - [0m09:04:53  1 of 2 OK created table model analytics_dim.dim_date ........................... [SELECT 546 in 0.15s]
[2022-06-12 09:04:53,666] {subprocess.py:92} INFO - [0m09:04:53  2 of 2 OK created incremental model analytics_dim.dim_walls .................... [INSERT 0 0 in 0.16s]
[2022-06-12 09:04:53,722] {subprocess.py:92} INFO - [0m09:04:53
[2022-06-12 09:04:53,723] {subprocess.py:92} INFO - [0m09:04:53  Running 6 on-run-end hooks
[2022-06-12 09:04:53,734] {subprocess.py:92} INFO - [0m09:04:53  1 of 6 START hook: SAM.on-run-end.0 ............................................ [RUN]
[2022-06-12 09:04:53,739] {subprocess.py:92} INFO - [0m09:04:53  1 of 6 OK hook: SAM.on-run-end.0 ............................................... [ALTER DEFAULT PRIVILEGES in 0.00s]
[2022-06-12 09:04:53,744] {subprocess.py:92} INFO - [0m09:04:53  2 of 6 START hook: SAM.on-run-end.1 ............................................ [RUN]
[2022-06-12 09:04:53,747] {subprocess.py:92} INFO - [0m09:04:53  2 of 6 OK hook: SAM.on-run-end.1 ............................................... [ALTER DEFAULT PRIVILEGES in 0.00s]
[2022-06-12 09:04:53,750] {subprocess.py:92} INFO - [0m09:04:53  3 of 6 START hook: SAM.on-run-end.2 ............................................ [RUN]
[2022-06-12 09:04:53,753] {subprocess.py:92} INFO - [0m09:04:53  3 of 6 OK hook: SAM.on-run-end.2 ............................................... [ALTER DEFAULT PRIVILEGES in 0.00s]
[2022-06-12 09:04:53,756] {subprocess.py:92} INFO - [0m09:04:53  4 of 6 START hook: SAM.on-run-end.3 ............................................ [RUN]
[2022-06-12 09:04:53,758] {subprocess.py:92} INFO - [0m09:04:53  4 of 6 OK hook: SAM.on-run-end.3 ............................................... [ALTER DEFAULT PRIVILEGES in 0.00s]
[2022-06-12 09:04:53,761] {subprocess.py:92} INFO - [0m09:04:53  5 of 6 START hook: SAM.on-run-end.4 ............................................ [RUN]
[2022-06-12 09:04:53,763] {subprocess.py:92} INFO - [0m09:04:53  5 of 6 OK hook: SAM.on-run-end.4 ............................................... [ALTER DEFAULT PRIVILEGES in 0.00s]
[2022-06-12 09:04:53,766] {subprocess.py:92} INFO - [0m09:04:53  6 of 6 START hook: SAM.on-run-end.5 ............................................ [RUN]
[2022-06-12 09:04:53,768] {subprocess.py:92} INFO - [0m09:04:53  6 of 6 OK hook: SAM.on-run-end.5 ............................................... [ALTER DEFAULT PRIVILEGES in 0.00s]
[2022-06-12 09:04:53,768] {subprocess.py:92} INFO - [0m09:04:53
[2022-06-12 09:04:53,769] {subprocess.py:92} INFO - [0m09:04:53
[2022-06-12 09:04:53,769] {subprocess.py:92} INFO - [0m09:04:53  Finished running 1 table model, 1 incremental model, 6 hooks in 0.33s.
[2022-06-12 09:04:53,775] {subprocess.py:92} INFO - [0m09:04:53
[2022-06-12 09:04:53,775] {subprocess.py:92} INFO - [0m09:04:53  Completed successfully
[2022-06-12 09:04:53,775] {subprocess.py:92} INFO - [0m09:04:53
[2022-06-12 09:04:53,776] {subprocess.py:92} INFO - [0m09:04:53  Done. PASS=2 WARN=0 ERROR=0 SKIP=0 TOTAL=2
[2022-06-12 09:04:53,936] {subprocess.py:96} INFO - Command exited with return code 0
[2022-06-12 09:04:53,976] {taskinstance.py:1400} INFO - Marking task as SUCCESS. dag_id=T-dbt-job-dimensions, task_id=dbt_clone_and_transform-dimensions, execution_date=20220612T070413, start_date=20220612T090413, end_date=20220612T090453
[2022-06-12 09:04:53,996] {local_task_job.py:156} INFO - Task exited with return code 0
[2022-06-12 09:04:54,020] {local_task_job.py:273} INFO - 1 downstream tasks scheduled from follow-on schedule check
