[2022-06-20 03:19:10,012] {taskinstance.py:1159} INFO - Dependencies all met for <TaskInstance: T-dbt-job-dimensions.dbt_clone_and_transform-dimensions scheduled__2022-06-20T01:19:09.698950+00:00 [queued]>
[2022-06-20 03:19:10,020] {taskinstance.py:1159} INFO - Dependencies all met for <TaskInstance: T-dbt-job-dimensions.dbt_clone_and_transform-dimensions scheduled__2022-06-20T01:19:09.698950+00:00 [queued]>
[2022-06-20 03:19:10,020] {taskinstance.py:1356} INFO - 
--------------------------------------------------------------------------------
[2022-06-20 03:19:10,020] {taskinstance.py:1357} INFO - Starting attempt 1 of 2
[2022-06-20 03:19:10,020] {taskinstance.py:1358} INFO - 
--------------------------------------------------------------------------------
[2022-06-20 03:19:10,030] {taskinstance.py:1377} INFO - Executing <Task(BashOperator): dbt_clone_and_transform-dimensions> on 2022-06-20 01:19:09.698950+00:00
[2022-06-20 03:19:10,034] {standard_task_runner.py:52} INFO - Started process 2036 to run task
[2022-06-20 03:19:10,037] {standard_task_runner.py:79} INFO - Running: ['airflow', 'tasks', 'run', 'T-dbt-job-dimensions', 'dbt_clone_and_transform-dimensions', 'scheduled__2022-06-20T01:19:09.698950+00:00', '--job-id', '79', '--raw', '--subdir', 'DAGS_FOLDER/docker_job/dbt_model.py', '--cfg-path', '/tmp/tmppfx1xd55', '--error-file', '/tmp/tmpqc2m7a6b']
[2022-06-20 03:19:10,037] {standard_task_runner.py:80} INFO - Job 79: Subtask dbt_clone_and_transform-dimensions
[2022-06-20 03:19:10,048] {warnings.py:110} WARNING - /home/airflow/.local/lib/python3.7/site-packages/airflow/configuration.py:525: DeprecationWarning: The sql_alchemy_conn option in [core] has been moved to the sql_alchemy_conn option in [database] - the old setting has been used, but please update your config.
  option = self._get_environment_variables(deprecated_key, deprecated_section, key, section)

[2022-06-20 03:19:10,080] {task_command.py:370} INFO - Running <TaskInstance: T-dbt-job-dimensions.dbt_clone_and_transform-dimensions scheduled__2022-06-20T01:19:09.698950+00:00 [running]> on host 7cbff6e51e2a
[2022-06-20 03:19:10,135] {taskinstance.py:1571} INFO - Exporting the following env vars:
AIRFLOW_CTX_DAG_EMAIL=samuelolle@yahoo.com
AIRFLOW_CTX_DAG_OWNER=airflow
AIRFLOW_CTX_DAG_ID=T-dbt-job-dimensions
AIRFLOW_CTX_TASK_ID=dbt_clone_and_transform-dimensions
AIRFLOW_CTX_EXECUTION_DATE=2022-06-20T01:19:09.698950+00:00
AIRFLOW_CTX_TRY_NUMBER=1
AIRFLOW_CTX_DAG_RUN_ID=scheduled__2022-06-20T01:19:09.698950+00:00
[2022-06-20 03:19:10,135] {subprocess.py:62} INFO - Tmp dir root location: 
 /tmp
[2022-06-20 03:19:10,136] {subprocess.py:74} INFO - Running command: ['bash', '-c', " rm -rf /tmp/dimensions && mkdir /tmp/dimensions                            && cp -r /tmp/dbt /tmp/dimensions/dbt                             && cd /tmp/dimensions/dbt && python3 -m venv venv                             && export PIP_USER=false                             && *** /tmp/dimensions/dbt/venv/bin/activate                             && pip  install --quiet --upgrade pip setuptools                             && pip3 install --quiet 'MarkupSafe<=2.0.1' 'dbt-postgres' 'dbt-core'                             && dbt --version && deactivate                             && cd /tmp/dimensions/dbt && *** /tmp/dimensions/dbt/venv/bin/activate                             && dbt deps --profiles-dir /tmp/dimensions/dbt/ && dbt seed --profiles-dir /tmp/dimensions/dbt/                             && dbt run --models dimensions --profiles-dir /tmp/dimensions/dbt/"]
[2022-06-20 03:19:10,143] {subprocess.py:85} INFO - Output:
[2022-06-20 03:19:40,392] {subprocess.py:92} INFO - Core:
[2022-06-20 03:19:40,393] {subprocess.py:92} INFO -   - installed: 1.1.1
[2022-06-20 03:19:40,393] {subprocess.py:92} INFO -   - latest:    1.1.1 - [32mUp to date![0m
[2022-06-20 03:19:40,393] {subprocess.py:92} INFO - 
[2022-06-20 03:19:40,393] {subprocess.py:92} INFO - Plugins:
[2022-06-20 03:19:40,393] {subprocess.py:92} INFO -   - postgres: 1.1.1 - [32mUp to date![0m
[2022-06-20 03:19:42,848] {subprocess.py:92} INFO - [0m03:19:42  Running with dbt=1.1.1
[2022-06-20 03:19:42,849] {subprocess.py:92} INFO - [0m03:19:42  Warning: No packages were found in packages.yml
[2022-06-20 03:19:45,343] {subprocess.py:92} INFO - [0m03:19:45  Running with dbt=1.1.1
[2022-06-20 03:19:45,354] {subprocess.py:92} INFO - [0m03:19:45  Partial parse save file not found. Starting full parse.
[2022-06-20 03:19:45,941] {subprocess.py:92} INFO - [0m03:19:45  [WARNING]: Configuration paths exist in your dbt_project.yml file which do not apply to any re***s.
[2022-06-20 03:19:45,941] {subprocess.py:92} INFO - There are 1 unused configuration paths:
[2022-06-20 03:19:45,941] {subprocess.py:92} INFO - - seeds.SAM
[2022-06-20 03:19:45,941] {subprocess.py:92} INFO - 
[2022-06-20 03:19:45,951] {subprocess.py:92} INFO - [0m03:19:45  Found 10 models, 6 tests, 0 snapshots, 0 analyses, 172 macros, 6 operations, 0 seed files, 4 ***s, 0 exposures, 0 metrics
[2022-06-20 03:19:45,953] {subprocess.py:92} INFO - [0m03:19:45
[2022-06-20 03:19:45,953] {subprocess.py:92} INFO - [0m03:19:45  [WARNING]: Nothing to do. Try checking your model configs and model specification args
[2022-06-20 03:19:45,958] {subprocess.py:92} INFO - [0m03:19:45
[2022-06-20 03:19:45,958] {subprocess.py:92} INFO - [0m03:19:45  Completed successfully
[2022-06-20 03:19:45,959] {subprocess.py:92} INFO - [0m03:19:45
[2022-06-20 03:19:45,959] {subprocess.py:92} INFO - [0m03:19:45  Done. PASS=0 WARN=0 ERROR=0 SKIP=0 TOTAL=0
[2022-06-20 03:19:48,482] {subprocess.py:92} INFO - [0m03:19:48  Running with dbt=1.1.1
[2022-06-20 03:19:48,512] {subprocess.py:92} INFO - [0m03:19:48  [WARNING]: Configuration paths exist in your dbt_project.yml file which do not apply to any re***s.
[2022-06-20 03:19:48,512] {subprocess.py:92} INFO - There are 1 unused configuration paths:
[2022-06-20 03:19:48,512] {subprocess.py:92} INFO - - seeds.SAM
[2022-06-20 03:19:48,512] {subprocess.py:92} INFO - 
[2022-06-20 03:19:48,526] {subprocess.py:92} INFO - [0m03:19:48  Found 10 models, 6 tests, 0 snapshots, 0 analyses, 172 macros, 6 operations, 0 seed files, 4 ***s, 0 exposures, 0 metrics
[2022-06-20 03:19:48,528] {subprocess.py:92} INFO - [0m03:19:48
[2022-06-20 03:19:48,583] {subprocess.py:92} INFO - [0m03:19:48  Concurrency: 4 threads (target='dev')
[2022-06-20 03:19:48,583] {subprocess.py:92} INFO - [0m03:19:48
[2022-06-20 03:19:48,590] {subprocess.py:92} INFO - [0m03:19:48  1 of 4 START table model analytics_dim.dim_date ................................ [RUN]
[2022-06-20 03:19:48,592] {subprocess.py:92} INFO - [0m03:19:48  2 of 4 START incremental model analytics_dim.dim_user_wall ..................... [RUN]
[2022-06-20 03:19:48,592] {subprocess.py:92} INFO - [0m03:19:48  3 of 4 START incremental model analytics_dim.dim_users ......................... [RUN]
[2022-06-20 03:19:48,593] {subprocess.py:92} INFO - [0m03:19:48  4 of 4 START incremental model analytics_dim.dim_walls ......................... [RUN]
[2022-06-20 03:19:48,765] {subprocess.py:92} INFO - [0m03:19:48  1 of 4 OK created table model analytics_dim.dim_date ........................... [SELECT 546 in 0.17s]
[2022-06-20 03:19:48,793] {subprocess.py:92} INFO - [0m03:19:48  3 of 4 OK created incremental model analytics_dim.dim_users .................... [INSERT 0 0 in 0.20s]
[2022-06-20 03:19:48,797] {subprocess.py:92} INFO - [0m03:19:48  2 of 4 OK created incremental model analytics_dim.dim_user_wall ................ [INSERT 0 0 in 0.20s]
[2022-06-20 03:19:48,798] {subprocess.py:92} INFO - [0m03:19:48  4 of 4 OK created incremental model analytics_dim.dim_walls .................... [INSERT 0 0 in 0.20s]
[2022-06-20 03:19:48,902] {subprocess.py:92} INFO - [0m03:19:48
[2022-06-20 03:19:48,902] {subprocess.py:92} INFO - [0m03:19:48  Running 6 on-run-end hooks
[2022-06-20 03:19:48,908] {subprocess.py:92} INFO - [0m03:19:48  1 of 6 START hook: SAM.on-run-end.0 ............................................ [RUN]
[2022-06-20 03:19:48,910] {subprocess.py:92} INFO - [0m03:19:48  1 of 6 OK hook: SAM.on-run-end.0 ............................................... [ALTER DEFAULT PRIVILEGES in 0.00s]
[2022-06-20 03:19:48,914] {subprocess.py:92} INFO - [0m03:19:48  2 of 6 START hook: SAM.on-run-end.1 ............................................ [RUN]
[2022-06-20 03:19:48,916] {subprocess.py:92} INFO - [0m03:19:48  2 of 6 OK hook: SAM.on-run-end.1 ............................................... [ALTER DEFAULT PRIVILEGES in 0.00s]
[2022-06-20 03:19:48,918] {subprocess.py:92} INFO - [0m03:19:48  3 of 6 START hook: SAM.on-run-end.2 ............................................ [RUN]
[2022-06-20 03:19:48,920] {subprocess.py:92} INFO - [0m03:19:48  3 of 6 OK hook: SAM.on-run-end.2 ............................................... [ALTER DEFAULT PRIVILEGES in 0.00s]
[2022-06-20 03:19:48,924] {subprocess.py:92} INFO - [0m03:19:48  4 of 6 START hook: SAM.on-run-end.3 ............................................ [RUN]
[2022-06-20 03:19:48,926] {subprocess.py:92} INFO - [0m03:19:48  4 of 6 OK hook: SAM.on-run-end.3 ............................................... [ALTER DEFAULT PRIVILEGES in 0.00s]
[2022-06-20 03:19:48,929] {subprocess.py:92} INFO - [0m03:19:48  5 of 6 START hook: SAM.on-run-end.4 ............................................ [RUN]
[2022-06-20 03:19:48,931] {subprocess.py:92} INFO - [0m03:19:48  5 of 6 OK hook: SAM.on-run-end.4 ............................................... [ALTER DEFAULT PRIVILEGES in 0.00s]
[2022-06-20 03:19:48,933] {subprocess.py:92} INFO - [0m03:19:48  6 of 6 START hook: SAM.on-run-end.5 ............................................ [RUN]
[2022-06-20 03:19:48,935] {subprocess.py:92} INFO - [0m03:19:48  6 of 6 OK hook: SAM.on-run-end.5 ............................................... [ALTER DEFAULT PRIVILEGES in 0.00s]
[2022-06-20 03:19:48,935] {subprocess.py:92} INFO - [0m03:19:48
[2022-06-20 03:19:48,936] {subprocess.py:92} INFO - [0m03:19:48
[2022-06-20 03:19:48,936] {subprocess.py:92} INFO - [0m03:19:48  Finished running 1 table model, 3 incremental models, 6 hooks in 0.41s.
[2022-06-20 03:19:48,942] {subprocess.py:92} INFO - [0m03:19:48
[2022-06-20 03:19:48,942] {subprocess.py:92} INFO - [0m03:19:48  Completed successfully
[2022-06-20 03:19:48,943] {subprocess.py:92} INFO - [0m03:19:48
[2022-06-20 03:19:48,943] {subprocess.py:92} INFO - [0m03:19:48  Done. PASS=4 WARN=0 ERROR=0 SKIP=0 TOTAL=4
[2022-06-20 03:19:49,060] {subprocess.py:96} INFO - Command exited with return code 0
[2022-06-20 03:19:49,085] {taskinstance.py:1400} INFO - Marking task as SUCCESS. dag_id=T-dbt-job-dimensions, task_id=dbt_clone_and_transform-dimensions, execution_date=20220620T011909, start_date=20220620T031910, end_date=20220620T031949
[2022-06-20 03:19:49,102] {local_task_job.py:156} INFO - Task exited with return code 0
[2022-06-20 03:19:49,132] {local_task_job.py:273} INFO - 1 downstream tasks scheduled from follow-on schedule check
