[2022-06-11 21:23:18,184] {taskinstance.py:1159} INFO - Dependencies all met for <TaskInstance: T-dbt-job-dimensions.dbt_cleanup-dimensions manual__2022-06-11T21:22:32.658090+00:00 [queued]>
[2022-06-11 21:23:18,194] {taskinstance.py:1159} INFO - Dependencies all met for <TaskInstance: T-dbt-job-dimensions.dbt_cleanup-dimensions manual__2022-06-11T21:22:32.658090+00:00 [queued]>
[2022-06-11 21:23:18,194] {taskinstance.py:1356} INFO - 
--------------------------------------------------------------------------------
[2022-06-11 21:23:18,194] {taskinstance.py:1357} INFO - Starting attempt 1 of 2
[2022-06-11 21:23:18,194] {taskinstance.py:1358} INFO - 
--------------------------------------------------------------------------------
[2022-06-11 21:23:18,208] {taskinstance.py:1377} INFO - Executing <Task(BashOperator): dbt_cleanup-dimensions> on 2022-06-11 21:22:32.658090+00:00
[2022-06-11 21:23:18,213] {standard_task_runner.py:52} INFO - Started process 1150 to run task
[2022-06-11 21:23:18,217] {standard_task_runner.py:79} INFO - Running: ['airflow', 'tasks', 'run', 'T-dbt-job-dimensions', 'dbt_cleanup-dimensions', 'manual__2022-06-11T21:22:32.658090+00:00', '--job-id', '34', '--raw', '--subdir', 'DAGS_FOLDER/docker_job/dbt_model.py', '--cfg-path', '/tmp/tmp3innopf6', '--error-file', '/tmp/tmp9z02gsw7']
[2022-06-11 21:23:18,217] {standard_task_runner.py:80} INFO - Job 34: Subtask dbt_cleanup-dimensions
[2022-06-11 21:23:18,267] {task_command.py:370} INFO - Running <TaskInstance: T-dbt-job-dimensions.dbt_cleanup-dimensions manual__2022-06-11T21:22:32.658090+00:00 [running]> on host e926c0944008
[2022-06-11 21:23:18,331] {taskinstance.py:1571} INFO - Exporting the following env vars:
AIRFLOW_CTX_DAG_EMAIL=samuelolle@yahoo.com
AIRFLOW_CTX_DAG_OWNER=airflow
AIRFLOW_CTX_DAG_ID=T-dbt-job-dimensions
AIRFLOW_CTX_TASK_ID=dbt_cleanup-dimensions
AIRFLOW_CTX_EXECUTION_DATE=2022-06-11T21:22:32.658090+00:00
AIRFLOW_CTX_TRY_NUMBER=1
AIRFLOW_CTX_DAG_RUN_ID=manual__2022-06-11T21:22:32.658090+00:00
[2022-06-11 21:23:18,332] {subprocess.py:62} INFO - Tmp dir root location: 
 /tmp
[2022-06-11 21:23:18,333] {subprocess.py:74} INFO - Running command: ['bash', '-c', 'rm -rf /tmp/dimensions && rm -rf /tmp/tmp* 2>/dev/null || exit 0']
[2022-06-11 21:23:18,343] {subprocess.py:85} INFO - Output:
[2022-06-11 21:23:18,456] {subprocess.py:96} INFO - Command exited with return code 0
[2022-06-11 21:23:18,483] {taskinstance.py:1400} INFO - Marking task as SUCCESS. dag_id=T-dbt-job-dimensions, task_id=dbt_cleanup-dimensions, execution_date=20220611T212232, start_date=20220611T212318, end_date=20220611T212318
[2022-06-11 21:23:18,510] {local_task_job.py:156} INFO - Task exited with return code 0
[2022-06-11 21:23:18,561] {local_task_job.py:273} INFO - 0 downstream tasks scheduled from follow-on schedule check
