[2022-06-11 20:39:20,602] {taskinstance.py:1159} INFO - Dependencies all met for <TaskInstance: T-dbt-job-objects.dbt_clone_and_transform-objects manual__2022-06-11T20:39:19.829133+00:00 [queued]>
[2022-06-11 20:39:20,630] {taskinstance.py:1159} INFO - Dependencies all met for <TaskInstance: T-dbt-job-objects.dbt_clone_and_transform-objects manual__2022-06-11T20:39:19.829133+00:00 [queued]>
[2022-06-11 20:39:20,630] {taskinstance.py:1356} INFO - 
--------------------------------------------------------------------------------
[2022-06-11 20:39:20,631] {taskinstance.py:1357} INFO - Starting attempt 1 of 2
[2022-06-11 20:39:20,631] {taskinstance.py:1358} INFO - 
--------------------------------------------------------------------------------
[2022-06-11 20:39:20,667] {taskinstance.py:1377} INFO - Executing <Task(BashOperator): dbt_clone_and_transform-objects> on 2022-06-11 20:39:19.829133+00:00
[2022-06-11 20:39:20,680] {standard_task_runner.py:52} INFO - Started process 978 to run task
[2022-06-11 20:39:20,686] {standard_task_runner.py:79} INFO - Running: ['airflow', 'tasks', 'run', 'T-dbt-job-objects', 'dbt_clone_and_transform-objects', 'manual__2022-06-11T20:39:19.829133+00:00', '--job-id', '27', '--raw', '--subdir', 'DAGS_FOLDER/docker_job/dbt_model.py', '--cfg-path', '/tmp/tmpbdqc814z', '--error-file', '/tmp/tmpt0os23ta']
[2022-06-11 20:39:20,687] {standard_task_runner.py:80} INFO - Job 27: Subtask dbt_clone_and_transform-objects
[2022-06-11 20:39:20,768] {task_command.py:370} INFO - Running <TaskInstance: T-dbt-job-objects.dbt_clone_and_transform-objects manual__2022-06-11T20:39:19.829133+00:00 [running]> on host e926c0944008
[2022-06-11 20:39:20,868] {taskinstance.py:1571} INFO - Exporting the following env vars:
AIRFLOW_CTX_DAG_EMAIL=samuelolle@yahoo.com
AIRFLOW_CTX_DAG_OWNER=airflow
AIRFLOW_CTX_DAG_ID=T-dbt-job-objects
AIRFLOW_CTX_TASK_ID=dbt_clone_and_transform-objects
AIRFLOW_CTX_EXECUTION_DATE=2022-06-11T20:39:19.829133+00:00
AIRFLOW_CTX_TRY_NUMBER=1
AIRFLOW_CTX_DAG_RUN_ID=manual__2022-06-11T20:39:19.829133+00:00
[2022-06-11 20:39:20,869] {subprocess.py:62} INFO - Tmp dir root location: 
 /tmp
[2022-06-11 20:39:20,870] {subprocess.py:74} INFO - Running command: ['bash', '-c', " rm -rf /tmp/objects && mkdir /tmp/objects                            && cp -r /tmp/dbt /tmp/objects/dbt                             && cd /tmp/objects/dbt && python3 -m venv venv                             && export PIP_USER=false                             && *** /tmp/objects/dbt/venv/bin/activate                             && pip  install --quiet --upgrade pip setuptools                             && pip3 install --quiet 'MarkupSafe<=2.0.1' 'dbt-postgres' 'dbt-core'                             && dbt --version && deactivate                             && cd /tmp/objects/dbt && *** /tmp/objects/dbt/venv/bin/activate                             && dbt deps --profiles-dir /tmp/objects/dbt/ && dbt seed --profiles-dir /tmp/objects/dbt/                             && dbt run --models objects --profiles-dir /tmp/objects/dbt/"]
[2022-06-11 20:39:20,885] {subprocess.py:85} INFO - Output:
[2022-06-11 20:40:00,604] {subprocess.py:92} INFO - Core:
[2022-06-11 20:40:00,604] {subprocess.py:92} INFO -   - installed: 1.1.0
[2022-06-11 20:40:00,604] {subprocess.py:92} INFO -   - latest:    1.1.0 - [32mUp to date![0m
[2022-06-11 20:40:00,604] {subprocess.py:92} INFO - 
[2022-06-11 20:40:00,604] {subprocess.py:92} INFO - Plugins:
[2022-06-11 20:40:00,605] {subprocess.py:92} INFO -   - postgres: 1.1.0 - [32mUp to date![0m
[2022-06-11 20:40:03,783] {subprocess.py:92} INFO - [0m20:40:03  Running with dbt=1.1.0
[2022-06-11 20:40:03,784] {subprocess.py:92} INFO - [0m20:40:03  Warning: No packages were found in packages.yml
[2022-06-11 20:40:07,543] {subprocess.py:92} INFO - [0m20:40:07  Running with dbt=1.1.0
[2022-06-11 20:40:07,560] {subprocess.py:92} INFO - [0m20:40:07  Partial parse save file not found. Starting full parse.
[2022-06-11 20:40:08,213] {subprocess.py:92} INFO - [0m20:40:08  [WARNING]: Configuration paths exist in your dbt_project.yml file which do not apply to any re***s.
[2022-06-11 20:40:08,213] {subprocess.py:92} INFO - There are 1 unused configuration paths:
[2022-06-11 20:40:08,213] {subprocess.py:92} INFO - - seeds.SAM
[2022-06-11 20:40:08,213] {subprocess.py:92} INFO - 
[2022-06-11 20:40:08,229] {subprocess.py:92} INFO - [0m20:40:08  Found 4 models, 6 tests, 0 snapshots, 0 analyses, 171 macros, 6 operations, 0 seed files, 4 ***s, 0 exposures, 0 metrics
[2022-06-11 20:40:08,230] {subprocess.py:92} INFO - [0m20:40:08
[2022-06-11 20:40:08,231] {subprocess.py:92} INFO - [0m20:40:08  [WARNING]: Nothing to do. Try checking your model configs and model specification args
[2022-06-11 20:40:08,238] {subprocess.py:92} INFO - [0m20:40:08
[2022-06-11 20:40:08,238] {subprocess.py:92} INFO - [0m20:40:08  Completed successfully
[2022-06-11 20:40:08,239] {subprocess.py:92} INFO - [0m20:40:08
[2022-06-11 20:40:08,239] {subprocess.py:92} INFO - [0m20:40:08  Done. PASS=0 WARN=0 ERROR=0 SKIP=0 TOTAL=0
[2022-06-11 20:40:11,299] {subprocess.py:92} INFO - [0m20:40:11  Running with dbt=1.1.0
[2022-06-11 20:40:11,332] {subprocess.py:92} INFO - [0m20:40:11  [WARNING]: Configuration paths exist in your dbt_project.yml file which do not apply to any re***s.
[2022-06-11 20:40:11,333] {subprocess.py:92} INFO - There are 1 unused configuration paths:
[2022-06-11 20:40:11,333] {subprocess.py:92} INFO - - seeds.SAM
[2022-06-11 20:40:11,333] {subprocess.py:92} INFO - 
[2022-06-11 20:40:11,350] {subprocess.py:92} INFO - [0m20:40:11  Found 4 models, 6 tests, 0 snapshots, 0 analyses, 171 macros, 6 operations, 0 seed files, 4 ***s, 0 exposures, 0 metrics
[2022-06-11 20:40:11,352] {subprocess.py:92} INFO - [0m20:40:11
[2022-06-11 20:40:11,416] {subprocess.py:92} INFO - [0m20:40:11  Concurrency: 4 threads (target='dev')
[2022-06-11 20:40:11,416] {subprocess.py:92} INFO - [0m20:40:11
[2022-06-11 20:40:11,425] {subprocess.py:92} INFO - [0m20:40:11  1 of 1 START table model analytics_objects.obj_walls ........................... [RUN]
[2022-06-11 20:40:11,496] {subprocess.py:92} INFO - [0m20:40:11  1 of 1 OK created table model analytics_objects.obj_walls ...................... [SELECT 12 in 0.07s]
[2022-06-11 20:40:11,533] {subprocess.py:92} INFO - [0m20:40:11
[2022-06-11 20:40:11,534] {subprocess.py:92} INFO - [0m20:40:11  Running 6 on-run-end hooks
[2022-06-11 20:40:11,540] {subprocess.py:92} INFO - [0m20:40:11  1 of 6 START hook: SAM.on-run-end.0 ............................................ [RUN]
[2022-06-11 20:40:11,544] {subprocess.py:92} INFO - [0m20:40:11  1 of 6 OK hook: SAM.on-run-end.0 ............................................... [ALTER DEFAULT PRIVILEGES in 0.00s]
[2022-06-11 20:40:11,549] {subprocess.py:92} INFO - [0m20:40:11  2 of 6 START hook: SAM.on-run-end.1 ............................................ [RUN]
[2022-06-11 20:40:11,552] {subprocess.py:92} INFO - [0m20:40:11  2 of 6 OK hook: SAM.on-run-end.1 ............................................... [ALTER DEFAULT PRIVILEGES in 0.00s]
[2022-06-11 20:40:11,555] {subprocess.py:92} INFO - [0m20:40:11  3 of 6 START hook: SAM.on-run-end.2 ............................................ [RUN]
[2022-06-11 20:40:11,559] {subprocess.py:92} INFO - [0m20:40:11  3 of 6 OK hook: SAM.on-run-end.2 ............................................... [ALTER DEFAULT PRIVILEGES in 0.00s]
[2022-06-11 20:40:11,563] {subprocess.py:92} INFO - [0m20:40:11  4 of 6 START hook: SAM.on-run-end.3 ............................................ [RUN]
[2022-06-11 20:40:11,566] {subprocess.py:92} INFO - [0m20:40:11  4 of 6 OK hook: SAM.on-run-end.3 ............................................... [ALTER DEFAULT PRIVILEGES in 0.00s]
[2022-06-11 20:40:11,569] {subprocess.py:92} INFO - [0m20:40:11  5 of 6 START hook: SAM.on-run-end.4 ............................................ [RUN]
[2022-06-11 20:40:11,572] {subprocess.py:92} INFO - [0m20:40:11  5 of 6 OK hook: SAM.on-run-end.4 ............................................... [ALTER DEFAULT PRIVILEGES in 0.00s]
[2022-06-11 20:40:11,576] {subprocess.py:92} INFO - [0m20:40:11  6 of 6 START hook: SAM.on-run-end.5 ............................................ [RUN]
[2022-06-11 20:40:11,579] {subprocess.py:92} INFO - [0m20:40:11  6 of 6 OK hook: SAM.on-run-end.5 ............................................... [ALTER DEFAULT PRIVILEGES in 0.00s]
[2022-06-11 20:40:11,580] {subprocess.py:92} INFO - [0m20:40:11
[2022-06-11 20:40:11,581] {subprocess.py:92} INFO - [0m20:40:11
[2022-06-11 20:40:11,581] {subprocess.py:92} INFO - [0m20:40:11  Finished running 1 table model, 6 hooks in 0.23s.
[2022-06-11 20:40:11,588] {subprocess.py:92} INFO - [0m20:40:11
[2022-06-11 20:40:11,588] {subprocess.py:92} INFO - [0m20:40:11  Completed successfully
[2022-06-11 20:40:11,589] {subprocess.py:92} INFO - [0m20:40:11
[2022-06-11 20:40:11,589] {subprocess.py:92} INFO - [0m20:40:11  Done. PASS=1 WARN=0 ERROR=0 SKIP=0 TOTAL=1
[2022-06-11 20:40:11,759] {subprocess.py:96} INFO - Command exited with return code 0
[2022-06-11 20:40:11,787] {taskinstance.py:1400} INFO - Marking task as SUCCESS. dag_id=T-dbt-job-objects, task_id=dbt_clone_and_transform-objects, execution_date=20220611T203919, start_date=20220611T203920, end_date=20220611T204011
[2022-06-11 20:40:11,839] {local_task_job.py:156} INFO - Task exited with return code 0
[2022-06-11 20:40:11,867] {local_task_job.py:273} INFO - 1 downstream tasks scheduled from follow-on schedule check
