[2022-06-12 19:48:40,107] {taskinstance.py:1159} INFO - Dependencies all met for <TaskInstance: T-dbt-job-dimensions.dbt_clone_and_transform-dimensions manual__2022-06-12T19:48:39.735775+00:00 [queued]>
[2022-06-12 19:48:40,125] {taskinstance.py:1159} INFO - Dependencies all met for <TaskInstance: T-dbt-job-dimensions.dbt_clone_and_transform-dimensions manual__2022-06-12T19:48:39.735775+00:00 [queued]>
[2022-06-12 19:48:40,125] {taskinstance.py:1356} INFO - 
--------------------------------------------------------------------------------
[2022-06-12 19:48:40,125] {taskinstance.py:1357} INFO - Starting attempt 1 of 2
[2022-06-12 19:48:40,125] {taskinstance.py:1358} INFO - 
--------------------------------------------------------------------------------
[2022-06-12 19:48:40,140] {taskinstance.py:1377} INFO - Executing <Task(BashOperator): dbt_clone_and_transform-dimensions> on 2022-06-12 19:48:39.735775+00:00
[2022-06-12 19:48:40,149] {standard_task_runner.py:52} INFO - Started process 5676 to run task
[2022-06-12 19:48:40,153] {standard_task_runner.py:79} INFO - Running: ['airflow', 'tasks', 'run', 'T-dbt-job-dimensions', 'dbt_clone_and_transform-dimensions', 'manual__2022-06-12T19:48:39.735775+00:00', '--job-id', '219', '--raw', '--subdir', 'DAGS_FOLDER/docker_job/dbt_model.py', '--cfg-path', '/tmp/tmplpwtlhi7', '--error-file', '/tmp/tmp2xrndqir']
[2022-06-12 19:48:40,153] {standard_task_runner.py:80} INFO - Job 219: Subtask dbt_clone_and_transform-dimensions
[2022-06-12 19:48:40,227] {task_command.py:370} INFO - Running <TaskInstance: T-dbt-job-dimensions.dbt_clone_and_transform-dimensions manual__2022-06-12T19:48:39.735775+00:00 [running]> on host e926c0944008
[2022-06-12 19:48:40,323] {taskinstance.py:1571} INFO - Exporting the following env vars:
AIRFLOW_CTX_DAG_EMAIL=samuelolle@yahoo.com
AIRFLOW_CTX_DAG_OWNER=airflow
AIRFLOW_CTX_DAG_ID=T-dbt-job-dimensions
AIRFLOW_CTX_TASK_ID=dbt_clone_and_transform-dimensions
AIRFLOW_CTX_EXECUTION_DATE=2022-06-12T19:48:39.735775+00:00
AIRFLOW_CTX_TRY_NUMBER=1
AIRFLOW_CTX_DAG_RUN_ID=manual__2022-06-12T19:48:39.735775+00:00
[2022-06-12 19:48:40,324] {subprocess.py:62} INFO - Tmp dir root location: 
 /tmp
[2022-06-12 19:48:40,325] {subprocess.py:74} INFO - Running command: ['bash', '-c', " rm -rf /tmp/dimensions && mkdir /tmp/dimensions                            && cp -r /tmp/dbt /tmp/dimensions/dbt                             && cd /tmp/dimensions/dbt && python3 -m venv venv                             && export PIP_USER=false                             && *** /tmp/dimensions/dbt/venv/bin/activate                             && pip  install --quiet --upgrade pip setuptools                             && pip3 install --quiet 'MarkupSafe<=2.0.1' 'dbt-postgres' 'dbt-core'                             && dbt --version && deactivate                             && cd /tmp/dimensions/dbt && *** /tmp/dimensions/dbt/venv/bin/activate                             && dbt deps --profiles-dir /tmp/dimensions/dbt/ && dbt seed --profiles-dir /tmp/dimensions/dbt/                             && dbt run --models dimensions --profiles-dir /tmp/dimensions/dbt/"]
[2022-06-12 19:48:40,342] {subprocess.py:85} INFO - Output:
[2022-06-12 19:49:19,625] {subprocess.py:92} INFO - Core:
[2022-06-12 19:49:19,625] {subprocess.py:92} INFO -   - installed: 1.1.0
[2022-06-12 19:49:19,625] {subprocess.py:92} INFO -   - latest:    1.1.0 - [32mUp to date![0m
[2022-06-12 19:49:19,626] {subprocess.py:92} INFO - 
[2022-06-12 19:49:19,626] {subprocess.py:92} INFO - Plugins:
[2022-06-12 19:49:19,626] {subprocess.py:92} INFO -   - postgres: 1.1.0 - [32mUp to date![0m
[2022-06-12 19:49:22,605] {subprocess.py:92} INFO - [0m19:49:22  Running with dbt=1.1.0
[2022-06-12 19:49:22,606] {subprocess.py:92} INFO - [0m19:49:22  Warning: No packages were found in packages.yml
[2022-06-12 19:49:25,827] {subprocess.py:92} INFO - [0m19:49:25  Running with dbt=1.1.0
[2022-06-12 19:49:25,841] {subprocess.py:92} INFO - [0m19:49:25  Partial parse save file not found. Starting full parse.
[2022-06-12 19:49:26,523] {subprocess.py:92} INFO - [0m19:49:26  [WARNING]: Configuration paths exist in your dbt_project.yml file which do not apply to any re***s.
[2022-06-12 19:49:26,524] {subprocess.py:92} INFO - There are 1 unused configuration paths:
[2022-06-12 19:49:26,524] {subprocess.py:92} INFO - - seeds.SAM
[2022-06-12 19:49:26,524] {subprocess.py:92} INFO - 
[2022-06-12 19:49:26,539] {subprocess.py:92} INFO - [0m19:49:26  Found 7 models, 6 tests, 0 snapshots, 0 analyses, 172 macros, 6 operations, 0 seed files, 4 ***s, 0 exposures, 0 metrics
[2022-06-12 19:49:26,542] {subprocess.py:92} INFO - [0m19:49:26
[2022-06-12 19:49:26,542] {subprocess.py:92} INFO - [0m19:49:26  [WARNING]: Nothing to do. Try checking your model configs and model specification args
[2022-06-12 19:49:26,550] {subprocess.py:92} INFO - [0m19:49:26
[2022-06-12 19:49:26,550] {subprocess.py:92} INFO - [0m19:49:26  Completed successfully
[2022-06-12 19:49:26,551] {subprocess.py:92} INFO - [0m19:49:26
[2022-06-12 19:49:26,552] {subprocess.py:92} INFO - [0m19:49:26  Done. PASS=0 WARN=0 ERROR=0 SKIP=0 TOTAL=0
[2022-06-12 19:49:29,807] {subprocess.py:92} INFO - [0m19:49:29  Running with dbt=1.1.0
[2022-06-12 19:49:29,845] {subprocess.py:92} INFO - [0m19:49:29  [WARNING]: Configuration paths exist in your dbt_project.yml file which do not apply to any re***s.
[2022-06-12 19:49:29,845] {subprocess.py:92} INFO - There are 1 unused configuration paths:
[2022-06-12 19:49:29,845] {subprocess.py:92} INFO - - seeds.SAM
[2022-06-12 19:49:29,845] {subprocess.py:92} INFO - 
[2022-06-12 19:49:29,860] {subprocess.py:92} INFO - [0m19:49:29  Found 7 models, 6 tests, 0 snapshots, 0 analyses, 172 macros, 6 operations, 0 seed files, 4 ***s, 0 exposures, 0 metrics
[2022-06-12 19:49:29,863] {subprocess.py:92} INFO - [0m19:49:29
[2022-06-12 19:49:29,931] {subprocess.py:92} INFO - [0m19:49:29  Concurrency: 4 threads (target='dev')
[2022-06-12 19:49:29,932] {subprocess.py:92} INFO - [0m19:49:29
[2022-06-12 19:49:29,941] {subprocess.py:92} INFO - [0m19:49:29  1 of 3 START table model analytics_dim.dim_date ................................ [RUN]
[2022-06-12 19:49:29,942] {subprocess.py:92} INFO - [0m19:49:29  2 of 3 START incremental model analytics_dim.dim_users ......................... [RUN]
[2022-06-12 19:49:29,942] {subprocess.py:92} INFO - [0m19:49:29  3 of 3 START incremental model analytics_dim.dim_walls ......................... [RUN]
[2022-06-12 19:49:30,175] {subprocess.py:92} INFO - [0m19:49:30  1 of 3 OK created table model analytics_dim.dim_date ........................... [SELECT 546 in 0.23s]
[2022-06-12 19:49:30,185] {subprocess.py:92} INFO - [0m19:49:30  3 of 3 OK created incremental model analytics_dim.dim_walls .................... [INSERT 0 0 in 0.24s]
[2022-06-12 19:49:30,186] {subprocess.py:92} INFO - [0m19:49:30  2 of 3 OK created incremental model analytics_dim.dim_users .................... [INSERT 0 15 in 0.24s]
[2022-06-12 19:49:30,264] {subprocess.py:92} INFO - [0m19:49:30
[2022-06-12 19:49:30,264] {subprocess.py:92} INFO - [0m19:49:30  Running 6 on-run-end hooks
[2022-06-12 19:49:30,271] {subprocess.py:92} INFO - [0m19:49:30  1 of 6 START hook: SAM.on-run-end.0 ............................................ [RUN]
[2022-06-12 19:49:30,275] {subprocess.py:92} INFO - [0m19:49:30  1 of 6 OK hook: SAM.on-run-end.0 ............................................... [ALTER DEFAULT PRIVILEGES in 0.00s]
[2022-06-12 19:49:30,283] {subprocess.py:92} INFO - [0m19:49:30  2 of 6 START hook: SAM.on-run-end.1 ............................................ [RUN]
[2022-06-12 19:49:30,288] {subprocess.py:92} INFO - [0m19:49:30  2 of 6 OK hook: SAM.on-run-end.1 ............................................... [ALTER DEFAULT PRIVILEGES in 0.00s]
[2022-06-12 19:49:30,294] {subprocess.py:92} INFO - [0m19:49:30  3 of 6 START hook: SAM.on-run-end.2 ............................................ [RUN]
[2022-06-12 19:49:30,299] {subprocess.py:92} INFO - [0m19:49:30  3 of 6 OK hook: SAM.on-run-end.2 ............................................... [ALTER DEFAULT PRIVILEGES in 0.00s]
[2022-06-12 19:49:30,304] {subprocess.py:92} INFO - [0m19:49:30  4 of 6 START hook: SAM.on-run-end.3 ............................................ [RUN]
[2022-06-12 19:49:30,308] {subprocess.py:92} INFO - [0m19:49:30  4 of 6 OK hook: SAM.on-run-end.3 ............................................... [ALTER DEFAULT PRIVILEGES in 0.00s]
[2022-06-12 19:49:30,314] {subprocess.py:92} INFO - [0m19:49:30  5 of 6 START hook: SAM.on-run-end.4 ............................................ [RUN]
[2022-06-12 19:49:30,317] {subprocess.py:92} INFO - [0m19:49:30  5 of 6 OK hook: SAM.on-run-end.4 ............................................... [ALTER DEFAULT PRIVILEGES in 0.00s]
[2022-06-12 19:49:30,321] {subprocess.py:92} INFO - [0m19:49:30  6 of 6 START hook: SAM.on-run-end.5 ............................................ [RUN]
[2022-06-12 19:49:30,324] {subprocess.py:92} INFO - [0m19:49:30  6 of 6 OK hook: SAM.on-run-end.5 ............................................... [ALTER DEFAULT PRIVILEGES in 0.00s]
[2022-06-12 19:49:30,325] {subprocess.py:92} INFO - [0m19:49:30
[2022-06-12 19:49:30,327] {subprocess.py:92} INFO - [0m19:49:30
[2022-06-12 19:49:30,327] {subprocess.py:92} INFO - [0m19:49:30  Finished running 1 table model, 2 incremental models, 6 hooks in 0.46s.
[2022-06-12 19:49:30,334] {subprocess.py:92} INFO - [0m19:49:30
[2022-06-12 19:49:30,335] {subprocess.py:92} INFO - [0m19:49:30  Completed successfully
[2022-06-12 19:49:30,335] {subprocess.py:92} INFO - [0m19:49:30
[2022-06-12 19:49:30,336] {subprocess.py:92} INFO - [0m19:49:30  Done. PASS=3 WARN=0 ERROR=0 SKIP=0 TOTAL=3
[2022-06-12 19:49:30,577] {subprocess.py:96} INFO - Command exited with return code 0
[2022-06-12 19:49:30,619] {taskinstance.py:1400} INFO - Marking task as SUCCESS. dag_id=T-dbt-job-dimensions, task_id=dbt_clone_and_transform-dimensions, execution_date=20220612T194839, start_date=20220612T194840, end_date=20220612T194930
[2022-06-12 19:49:30,677] {local_task_job.py:156} INFO - Task exited with return code 0
[2022-06-12 19:49:30,707] {local_task_job.py:273} INFO - 1 downstream tasks scheduled from follow-on schedule check
