[2022-06-12 23:01:08,415] {taskinstance.py:1159} INFO - Dependencies all met for <TaskInstance: T-dbt-job-cdc_load.create_source_tables scheduled__2022-06-12T21:01:07.543002+00:00 [queued]>
[2022-06-12 23:01:08,437] {taskinstance.py:1159} INFO - Dependencies all met for <TaskInstance: T-dbt-job-cdc_load.create_source_tables scheduled__2022-06-12T21:01:07.543002+00:00 [queued]>
[2022-06-12 23:01:08,437] {taskinstance.py:1356} INFO - 
--------------------------------------------------------------------------------
[2022-06-12 23:01:08,437] {taskinstance.py:1357} INFO - Starting attempt 1 of 2
[2022-06-12 23:01:08,437] {taskinstance.py:1358} INFO - 
--------------------------------------------------------------------------------
[2022-06-12 23:01:08,456] {taskinstance.py:1377} INFO - Executing <Task(PostgresOperator): create_source_tables> on 2022-06-12 21:01:07.543002+00:00
[2022-06-12 23:01:08,464] {standard_task_runner.py:52} INFO - Started process 157 to run task
[2022-06-12 23:01:08,472] {standard_task_runner.py:79} INFO - Running: ['airflow', 'tasks', 'run', 'T-dbt-job-cdc_load', 'create_***_tables', 'scheduled__2022-06-12T21:01:07.543002+00:00', '--job-id', '18', '--raw', '--subdir', 'DAGS_FOLDER/docker_job/dbt_test.py', '--cfg-path', '/tmp/tmpzi5xxldn', '--error-file', '/tmp/tmp62mlaopb']
[2022-06-12 23:01:08,473] {standard_task_runner.py:80} INFO - Job 18: Subtask create_***_tables
[2022-06-12 23:01:08,507] {warnings.py:110} WARNING - /home/airflow/.local/lib/python3.7/site-packages/airflow/configuration.py:525: DeprecationWarning: The sql_alchemy_conn option in [core] has been moved to the sql_alchemy_conn option in [database] - the old setting has been used, but please update your config.
  option = self._get_environment_variables(deprecated_key, deprecated_section, key, section)

[2022-06-12 23:01:08,580] {task_command.py:370} INFO - Running <TaskInstance: T-dbt-job-cdc_load.create_source_tables scheduled__2022-06-12T21:01:07.543002+00:00 [running]> on host f269bd168226
[2022-06-12 23:01:08,670] {taskinstance.py:1571} INFO - Exporting the following env vars:
AIRFLOW_CTX_DAG_EMAIL=samuelolle@yahoo.com
AIRFLOW_CTX_DAG_OWNER=airflow
AIRFLOW_CTX_DAG_ID=T-dbt-job-cdc_load
AIRFLOW_CTX_TASK_ID=create_***_tables
AIRFLOW_CTX_EXECUTION_DATE=2022-06-12T21:01:07.543002+00:00
AIRFLOW_CTX_TRY_NUMBER=1
AIRFLOW_CTX_DAG_RUN_ID=scheduled__2022-06-12T21:01:07.543002+00:00
[2022-06-12 23:01:08,683] {base.py:68} INFO - Using connection ID '***' for task execution.
[2022-06-12 23:01:08,687] {dbapi.py:213} INFO - Running statement: CREATE SCHEMA IF NOT EXISTS analytics_object;

CREATE TABLE IF NOT EXISTS analytics_object.users (
    id serial,
    name TEXT NOT NULL UNIQUE,
    visitor_ind bigint,
    created_at TIMESTAMP,
    user_segment TEXT,
    event_type TEXT,
    event_time TIMESTAMP,
    export_date TIMESTAMP,
    PRIMARY KEY (id)
);


CREATE TABLE IF NOT EXISTS analytics_object.walls (
    id serial,
    name VARCHAR (255) NOT NULL,
    owner VARCHAR (255) NOT NULL,
    created_at TIMESTAMP,
    event_type TEXT,
    event_time TIMESTAMP,
    export_date TIMESTAMP,
    PRIMARY KEY (id),
    CONSTRAINT fk_users_walls
          FOREIGN KEY(owner)
          REFERENCES analytics_object.users(name)
);

CREATE TABLE IF NOT EXISTS analytics_object.posts (
    id serial,
    name VARCHAR (255) NOT NULL,
    content TEXT,
    wall bigint,
    author TEXT,
    created_at TIMESTAMP,
    PRIMARY KEY (id),
    CONSTRAINT fk_walls_posts
         FOREIGN KEY(wall)
         REFERENCES analytics_object.walls(id),
    CONSTRAINT fk_users_posts
         FOREIGN KEY(author)
         REFERENCES analytics_object.users(name)
);

CREATE TABLE IF NOT EXISTS analytics_object.comments (
    id serial,
    text TEXT,
    post bigint,
    author TEXT,
    created_at TIMESTAMP,
    PRIMARY KEY (id),
    CONSTRAINT fk_posts_comments
         FOREIGN KEY(post)
         REFERENCES analytics_object.posts(id),
    CONSTRAINT fk_users_comments
         FOREIGN KEY(author)
         REFERENCES analytics_object.users(name)
);


CREATE TABLE IF NOT EXISTS analytics_object.likes (
    id serial,
    like_notlike_ind bigint,
    post bigint,
    comment bigint,
    author TEXT,
    created_at TIMESTAMP,
    PRIMARY KEY (id),
    CONSTRAINT fk_posts_likes
         FOREIGN KEY(post)
         REFERENCES analytics_object.posts(id),
    CONSTRAINT fk_users_likes
         FOREIGN KEY(author)
         REFERENCES analytics_object.users(name),
    CONSTRAINT fk_comments_likes
         FOREIGN KEY(comment)
         REFERENCES analytics_object.comments(id)
);, parameters: None
[2022-06-12 23:01:08,689] {postgres.py:94} INFO - NOTICE:  schema "analytics_object" already exists, skipping

[2022-06-12 23:01:08,690] {postgres.py:94} INFO - NOTICE:  relation "users" already exists, skipping

[2022-06-12 23:01:08,690] {postgres.py:94} INFO - NOTICE:  relation "walls" already exists, skipping

[2022-06-12 23:01:08,690] {postgres.py:94} INFO - NOTICE:  relation "posts" already exists, skipping

[2022-06-12 23:01:08,690] {postgres.py:94} INFO - NOTICE:  relation "comments" already exists, skipping

[2022-06-12 23:01:08,690] {postgres.py:94} INFO - NOTICE:  relation "likes" already exists, skipping

[2022-06-12 23:01:08,706] {taskinstance.py:1400} INFO - Marking task as SUCCESS. dag_id=T-dbt-job-cdc_load, task_id=create_***_tables, execution_date=20220612T210107, start_date=20220612T230108, end_date=20220612T230108
[2022-06-12 23:01:08,728] {local_task_job.py:156} INFO - Task exited with return code 0
[2022-06-12 23:01:08,779] {local_task_job.py:273} INFO - 1 downstream tasks scheduled from follow-on schedule check
