[2022-06-18 01:06:36,310] {taskinstance.py:1159} INFO - Dependencies all met for <TaskInstance: Job-pts.pts-Papple-iphone-xs-max-512gb-space-grau_h_6257 scheduled__2022-06-17T20:10:58.837877+00:00 [queued]>
[2022-06-18 01:06:36,328] {taskinstance.py:1159} INFO - Dependencies all met for <TaskInstance: Job-pts.pts-Papple-iphone-xs-max-512gb-space-grau_h_6257 scheduled__2022-06-17T20:10:58.837877+00:00 [queued]>
[2022-06-18 01:06:36,328] {taskinstance.py:1356} INFO - 
--------------------------------------------------------------------------------
[2022-06-18 01:06:36,328] {taskinstance.py:1357} INFO - Starting attempt 2 of 6
[2022-06-18 01:06:36,328] {taskinstance.py:1358} INFO - 
--------------------------------------------------------------------------------
[2022-06-18 01:06:36,347] {taskinstance.py:1377} INFO - Executing <Task(PythonOperator): pts-Papple-iphone-xs-max-512gb-space-grau_h_6257> on 2022-06-17 20:10:58.837877+00:00
[2022-06-18 01:06:36,350] {standard_task_runner.py:52} INFO - Started process 639 to run task
[2022-06-18 01:06:36,356] {standard_task_runner.py:79} INFO - Running: ['airflow', 'tasks', 'run', 'Job-pts', 'pts-Papple-iphone-xs-max-512gb-space-grau_h_6257', 'scheduled__2022-06-17T20:10:58.837877+00:00', '--job-id', '332', '--raw', '--subdir', 'DAGS_FOLDER/docker_job/price_scale.py', '--cfg-path', '/tmp/tmpbzggoaw7', '--error-file', '/tmp/tmphya6hn1g']
[2022-06-18 01:06:36,357] {standard_task_runner.py:80} INFO - Job 332: Subtask pts-Papple-iphone-xs-max-512gb-space-grau_h_6257
[2022-06-18 01:06:36,370] {warnings.py:110} WARNING - /home/airflow/.local/lib/python3.7/site-packages/airflow/configuration.py:525: DeprecationWarning: The sql_alchemy_conn option in [core] has been moved to the sql_alchemy_conn option in [database] - the old setting has been used, but please update your config.
  option = self._get_environment_variables(deprecated_key, deprecated_section, key, section)

[2022-06-18 01:06:36,418] {task_command.py:370} INFO - Running <TaskInstance: Job-pts.pts-Papple-iphone-xs-max-512gb-space-grau_h_6257 scheduled__2022-06-17T20:10:58.837877+00:00 [running]> on host 3c1ac2e19971
[2022-06-18 01:06:36,565] {taskinstance.py:1571} INFO - Exporting the following env vars:
AIRFLOW_CTX_DAG_EMAIL=samuel.momoh-olle@asgoodasnew.com
AIRFLOW_CTX_DAG_OWNER=airflow
AIRFLOW_CTX_DAG_ID=Job-pts
AIRFLOW_CTX_TASK_ID=pts-Papple-iphone-xs-max-512gb-space-grau_h_6257
AIRFLOW_CTX_EXECUTION_DATE=2022-06-17T20:10:58.837877+00:00
AIRFLOW_CTX_TRY_NUMBER=2
AIRFLOW_CTX_DAG_RUN_ID=scheduled__2022-06-17T20:10:58.837877+00:00
[2022-06-18 01:06:37,211] {logging_mixin.py:115} INFO - ['https://www.handyverkauf.net/apple-iphone-x-64gb-space-grau_h_5143', 'https://www.handyverkauf.net/apple-iphone-x-256gb-space-grau_h_5145', 'https://www.handyverkauf.net/apple-iphone-xs-64gb-space-grau_h_6242', 'https://www.handyverkauf.net/apple-iphone-xs-256gb-space-grau_h_6245', 'https://www.handyverkauf.net/apple-iphone-xs-512gb-space-grau_h_6248', 'https://www.handyverkauf.net/apple-iphone-xs-max-64gb-space-grau_h_6251', 'https://www.handyverkauf.net/apple-iphone-xs-max-256gb-space-grau_h_6254', 'https://www.handyverkauf.net/apple-iphone-xs-max-512gb-space-grau_h_6257', 'https://www.handyverkauf.net/apple-iphone-xr-64gb-schwarz_h_6260', 'https://www.handyverkauf.net/apple-iphone-xr-128gb-schwarz_h_6266']
[2022-06-18 01:06:40,877] {logging_mixin.py:115} INFO - Message: invalid argument: 'url' must be a string
  (Session info: headless chrome=102.0.5005.115)
Stacktrace:
#0 0x5631c21aef33 <unknown>
#1 0x5631c1ef9118 <unknown>
#2 0x5631c1f60aa1 <unknown>
#3 0x5631c1f4cf72 <unknown>
#4 0x5631c1f602e4 <unknown>
#5 0x5631c1f4ce63 <unknown>
#6 0x5631c1f2282a <unknown>
#7 0x5631c1f23985 <unknown>
#8 0x5631c21f34cd <unknown>
#9 0x5631c21f75ec <unknown>
#10 0x5631c21dd71e <unknown>
#11 0x5631c21f8238 <unknown>
#12 0x5631c21d2870 <unknown>
#13 0x5631c2214608 <unknown>
#14 0x5631c2214788 <unknown>
#15 0x5631c222ef1d <unknown>
#16 0x7fae56e3dea7 <unknown>
[2022-06-18 01:06:40,932] {logging_mixin.py:115} INFO - []
[2022-06-18 01:06:40,932] {python.py:173} INFO - Done. Returned value was: None
[2022-06-18 01:06:40,947] {taskinstance.py:1400} INFO - Marking task as SUCCESS. dag_id=Job-pts, task_id=pts-Papple-iphone-xs-max-512gb-space-grau_h_6257, execution_date=20220617T201058, start_date=20220618T010636, end_date=20220618T010640
[2022-06-18 01:06:41,009] {local_task_job.py:156} INFO - Task exited with return code 0
[2022-06-18 01:06:41,043] {local_task_job.py:273} INFO - 0 downstream tasks scheduled from follow-on schedule check
