[2022-06-19 17:55:32,579] {taskinstance.py:1159} INFO - Dependencies all met for <TaskInstance: Job-pts.pts-Papple-iphone-xr-128gb-schwarz_h_6266 scheduled__2022-06-19T01:11:07.661205+00:00 [queued]>
[2022-06-19 17:55:32,616] {taskinstance.py:1159} INFO - Dependencies all met for <TaskInstance: Job-pts.pts-Papple-iphone-xr-128gb-schwarz_h_6266 scheduled__2022-06-19T01:11:07.661205+00:00 [queued]>
[2022-06-19 17:55:32,616] {taskinstance.py:1356} INFO - 
--------------------------------------------------------------------------------
[2022-06-19 17:55:32,616] {taskinstance.py:1357} INFO - Starting attempt 2 of 6
[2022-06-19 17:55:32,617] {taskinstance.py:1358} INFO - 
--------------------------------------------------------------------------------
[2022-06-19 17:55:32,716] {taskinstance.py:1377} INFO - Executing <Task(PythonOperator): pts-Papple-iphone-xr-128gb-schwarz_h_6266> on 2022-06-19 01:11:07.661205+00:00
[2022-06-19 17:55:32,753] {standard_task_runner.py:52} INFO - Started process 452 to run task
[2022-06-19 17:55:32,777] {standard_task_runner.py:79} INFO - Running: ['airflow', 'tasks', 'run', 'Job-pts', 'pts-Papple-iphone-xr-128gb-schwarz_h_6266', 'scheduled__2022-06-19T01:11:07.661205+00:00', '--job-id', '556', '--raw', '--subdir', 'DAGS_FOLDER/docker_job/price_scale.py', '--cfg-path', '/tmp/tmpzlemlfsf', '--error-file', '/tmp/tmp4auv_u19']
[2022-06-19 17:55:32,778] {standard_task_runner.py:80} INFO - Job 556: Subtask pts-Papple-iphone-xr-128gb-schwarz_h_6266
[2022-06-19 17:55:32,891] {warnings.py:110} WARNING - /home/airflow/.local/lib/python3.7/site-packages/airflow/configuration.py:525: DeprecationWarning: The sql_alchemy_conn option in [core] has been moved to the sql_alchemy_conn option in [database] - the old setting has been used, but please update your config.
  option = self._get_environment_variables(deprecated_key, deprecated_section, key, section)

[2022-06-19 17:55:33,329] {task_command.py:370} INFO - Running <TaskInstance: Job-pts.pts-Papple-iphone-xr-128gb-schwarz_h_6266 scheduled__2022-06-19T01:11:07.661205+00:00 [running]> on host 31bbb70af43b
[2022-06-19 17:55:33,582] {taskinstance.py:1571} INFO - Exporting the following env vars:
AIRFLOW_CTX_DAG_EMAIL=samuel.momoh-olle@asgoodasnew.com
AIRFLOW_CTX_DAG_OWNER=airflow
AIRFLOW_CTX_DAG_ID=Job-pts
AIRFLOW_CTX_TASK_ID=pts-Papple-iphone-xr-128gb-schwarz_h_6266
AIRFLOW_CTX_EXECUTION_DATE=2022-06-19T01:11:07.661205+00:00
AIRFLOW_CTX_TRY_NUMBER=2
AIRFLOW_CTX_DAG_RUN_ID=scheduled__2022-06-19T01:11:07.661205+00:00
[2022-06-19 17:55:35,824] {logging_mixin.py:115} INFO - ['https://www.handyverkauf.net/apple-iphone-x-64gb-space-grau_h_5143', 'https://www.handyverkauf.net/apple-iphone-x-256gb-space-grau_h_5145', 'https://www.handyverkauf.net/apple-iphone-xs-64gb-space-grau_h_6242', 'https://www.handyverkauf.net/apple-iphone-xs-256gb-space-grau_h_6245', 'https://www.handyverkauf.net/apple-iphone-xs-512gb-space-grau_h_6248', 'https://www.handyverkauf.net/apple-iphone-xs-max-64gb-space-grau_h_6251', 'https://www.handyverkauf.net/apple-iphone-xs-max-256gb-space-grau_h_6254', 'https://www.handyverkauf.net/apple-iphone-xs-max-512gb-space-grau_h_6257', 'https://www.handyverkauf.net/apple-iphone-xr-64gb-schwarz_h_6260', 'https://www.handyverkauf.net/apple-iphone-xr-128gb-schwarz_h_6266']
[2022-06-19 17:55:39,921] {logging_mixin.py:115} INFO - Message: invalid argument: 'url' must be a string
  (Session info: headless chrome=102.0.5005.115)
Stacktrace:
#0 0x55f6b1f87f33 <unknown>
#1 0x55f6b1cd2118 <unknown>
#2 0x55f6b1d39aa1 <unknown>
#3 0x55f6b1d25f72 <unknown>
#4 0x55f6b1d392e4 <unknown>
#5 0x55f6b1d25e63 <unknown>
#6 0x55f6b1cfb82a <unknown>
#7 0x55f6b1cfc985 <unknown>
#8 0x55f6b1fcc4cd <unknown>
#9 0x55f6b1fd05ec <unknown>
#10 0x55f6b1fb671e <unknown>
#11 0x55f6b1fd1238 <unknown>
#12 0x55f6b1fab870 <unknown>
#13 0x55f6b1fed608 <unknown>
#14 0x55f6b1fed788 <unknown>
#15 0x55f6b2007f1d <unknown>
#16 0x7f766afcdea7 <unknown>
[2022-06-19 17:55:40,010] {logging_mixin.py:115} INFO - []
[2022-06-19 17:55:40,010] {python.py:173} INFO - Done. Returned value was: None
[2022-06-19 17:55:40,116] {taskinstance.py:1400} INFO - Marking task as SUCCESS. dag_id=Job-pts, task_id=pts-Papple-iphone-xr-128gb-schwarz_h_6266, execution_date=20220619T011107, start_date=20220619T175532, end_date=20220619T175540
[2022-06-19 17:55:40,201] {local_task_job.py:156} INFO - Task exited with return code 0
[2022-06-19 17:55:40,247] {local_task_job.py:273} INFO - 1 downstream tasks scheduled from follow-on schedule check
