[2022-06-18 01:06:35,111] {taskinstance.py:1159} INFO - Dependencies all met for <TaskInstance: Job-pts.pts-Papple-iphone-xs-512gb-space-grau_h_6248 scheduled__2022-06-17T20:10:58.837877+00:00 [queued]>
[2022-06-18 01:06:35,120] {taskinstance.py:1159} INFO - Dependencies all met for <TaskInstance: Job-pts.pts-Papple-iphone-xs-512gb-space-grau_h_6248 scheduled__2022-06-17T20:10:58.837877+00:00 [queued]>
[2022-06-18 01:06:35,120] {taskinstance.py:1356} INFO - 
--------------------------------------------------------------------------------
[2022-06-18 01:06:35,120] {taskinstance.py:1357} INFO - Starting attempt 2 of 6
[2022-06-18 01:06:35,120] {taskinstance.py:1358} INFO - 
--------------------------------------------------------------------------------
[2022-06-18 01:06:35,131] {taskinstance.py:1377} INFO - Executing <Task(PythonOperator): pts-Papple-iphone-xs-512gb-space-grau_h_6248> on 2022-06-17 20:10:58.837877+00:00
[2022-06-18 01:06:35,134] {standard_task_runner.py:52} INFO - Started process 224 to run task
[2022-06-18 01:06:35,137] {standard_task_runner.py:79} INFO - Running: ['airflow', 'tasks', 'run', 'Job-pts', 'pts-Papple-iphone-xs-512gb-space-grau_h_6248', 'scheduled__2022-06-17T20:10:58.837877+00:00', '--job-id', '329', '--raw', '--subdir', 'DAGS_FOLDER/docker_job/price_scale.py', '--cfg-path', '/tmp/tmpci6i80z3', '--error-file', '/tmp/tmplx3vdd0a']
[2022-06-18 01:06:35,138] {standard_task_runner.py:80} INFO - Job 329: Subtask pts-Papple-iphone-xs-512gb-space-grau_h_6248
[2022-06-18 01:06:35,154] {warnings.py:110} WARNING - /home/airflow/.local/lib/python3.7/site-packages/airflow/configuration.py:525: DeprecationWarning: The sql_alchemy_conn option in [core] has been moved to the sql_alchemy_conn option in [database] - the old setting has been used, but please update your config.
  option = self._get_environment_variables(deprecated_key, deprecated_section, key, section)

[2022-06-18 01:06:35,190] {task_command.py:370} INFO - Running <TaskInstance: Job-pts.pts-Papple-iphone-xs-512gb-space-grau_h_6248 scheduled__2022-06-17T20:10:58.837877+00:00 [running]> on host 31bbb70af43b
[2022-06-18 01:06:35,259] {taskinstance.py:1571} INFO - Exporting the following env vars:
AIRFLOW_CTX_DAG_EMAIL=samuel.momoh-olle@asgoodasnew.com
AIRFLOW_CTX_DAG_OWNER=airflow
AIRFLOW_CTX_DAG_ID=Job-pts
AIRFLOW_CTX_TASK_ID=pts-Papple-iphone-xs-512gb-space-grau_h_6248
AIRFLOW_CTX_EXECUTION_DATE=2022-06-17T20:10:58.837877+00:00
AIRFLOW_CTX_TRY_NUMBER=2
AIRFLOW_CTX_DAG_RUN_ID=scheduled__2022-06-17T20:10:58.837877+00:00
[2022-06-18 01:06:35,980] {logging_mixin.py:115} INFO - ['https://www.handyverkauf.net/apple-iphone-x-64gb-space-grau_h_5143', 'https://www.handyverkauf.net/apple-iphone-x-256gb-space-grau_h_5145', 'https://www.handyverkauf.net/apple-iphone-xs-64gb-space-grau_h_6242', 'https://www.handyverkauf.net/apple-iphone-xs-256gb-space-grau_h_6245', 'https://www.handyverkauf.net/apple-iphone-xs-512gb-space-grau_h_6248', 'https://www.handyverkauf.net/apple-iphone-xs-max-64gb-space-grau_h_6251', 'https://www.handyverkauf.net/apple-iphone-xs-max-256gb-space-grau_h_6254', 'https://www.handyverkauf.net/apple-iphone-xs-max-512gb-space-grau_h_6257', 'https://www.handyverkauf.net/apple-iphone-xr-64gb-schwarz_h_6260', 'https://www.handyverkauf.net/apple-iphone-xr-128gb-schwarz_h_6266']
[2022-06-18 01:06:41,559] {logging_mixin.py:115} INFO - Message: invalid argument: 'url' must be a string
  (Session info: headless chrome=102.0.5005.115)
Stacktrace:
#0 0x558610303f33 <unknown>
#1 0x55861004e118 <unknown>
#2 0x5586100b5aa1 <unknown>
#3 0x5586100a1f72 <unknown>
#4 0x5586100b52e4 <unknown>
#5 0x5586100a1e63 <unknown>
#6 0x55861007782a <unknown>
#7 0x558610078985 <unknown>
#8 0x5586103484cd <unknown>
#9 0x55861034c5ec <unknown>
#10 0x55861033271e <unknown>
#11 0x55861034d238 <unknown>
#12 0x558610327870 <unknown>
#13 0x558610369608 <unknown>
#14 0x558610369788 <unknown>
#15 0x558610383f1d <unknown>
#16 0x7f8bb5cd4ea7 <unknown>
[2022-06-18 01:06:41,612] {logging_mixin.py:115} INFO - []
[2022-06-18 01:06:41,613] {python.py:173} INFO - Done. Returned value was: None
[2022-06-18 01:06:41,625] {taskinstance.py:1400} INFO - Marking task as SUCCESS. dag_id=Job-pts, task_id=pts-Papple-iphone-xs-512gb-space-grau_h_6248, execution_date=20220617T201058, start_date=20220618T010635, end_date=20220618T010641
[2022-06-18 01:06:41,642] {local_task_job.py:156} INFO - Task exited with return code 0
[2022-06-18 01:06:41,661] {local_task_job.py:273} INFO - 0 downstream tasks scheduled from follow-on schedule check
