[2022-06-19 18:08:33,865] {taskinstance.py:1159} INFO - Dependencies all met for <TaskInstance: Job-pts.pts-Papple-iphone-xs-max-256gb-space-grau_h_6254 scheduled__2022-06-19T15:26:41.173029+00:00 [queued]>
[2022-06-19 18:08:33,873] {taskinstance.py:1159} INFO - Dependencies all met for <TaskInstance: Job-pts.pts-Papple-iphone-xs-max-256gb-space-grau_h_6254 scheduled__2022-06-19T15:26:41.173029+00:00 [queued]>
[2022-06-19 18:08:33,873] {taskinstance.py:1356} INFO - 
--------------------------------------------------------------------------------
[2022-06-19 18:08:33,873] {taskinstance.py:1357} INFO - Starting attempt 1 of 6
[2022-06-19 18:08:33,873] {taskinstance.py:1358} INFO - 
--------------------------------------------------------------------------------
[2022-06-19 18:08:33,883] {taskinstance.py:1377} INFO - Executing <Task(PythonOperator): pts-Papple-iphone-xs-max-256gb-space-grau_h_6254> on 2022-06-19 15:26:41.173029+00:00
[2022-06-19 18:08:33,887] {standard_task_runner.py:52} INFO - Started process 4540 to run task
[2022-06-19 18:08:33,890] {standard_task_runner.py:79} INFO - Running: ['airflow', 'tasks', 'run', 'Job-pts', 'pts-Papple-iphone-xs-max-256gb-space-grau_h_6254', 'scheduled__2022-06-19T15:26:41.173029+00:00', '--job-id', '627', '--raw', '--subdir', 'DAGS_FOLDER/docker_job/price_scale.py', '--cfg-path', '/tmp/tmprh8n4j8e', '--error-file', '/tmp/tmpe5ow4aw_']
[2022-06-19 18:08:33,891] {standard_task_runner.py:80} INFO - Job 627: Subtask pts-Papple-iphone-xs-max-256gb-space-grau_h_6254
[2022-06-19 18:08:33,904] {warnings.py:110} WARNING - /home/airflow/.local/lib/python3.7/site-packages/airflow/configuration.py:525: DeprecationWarning: The sql_alchemy_conn option in [core] has been moved to the sql_alchemy_conn option in [database] - the old setting has been used, but please update your config.
  option = self._get_environment_variables(deprecated_key, deprecated_section, key, section)

[2022-06-19 18:08:33,978] {task_command.py:370} INFO - Running <TaskInstance: Job-pts.pts-Papple-iphone-xs-max-256gb-space-grau_h_6254 scheduled__2022-06-19T15:26:41.173029+00:00 [running]> on host 2d9e52ec85d2
[2022-06-19 18:08:34,064] {taskinstance.py:1571} INFO - Exporting the following env vars:
AIRFLOW_CTX_DAG_EMAIL=samuel.momoh-olle@asgoodasnew.com
AIRFLOW_CTX_DAG_OWNER=airflow
AIRFLOW_CTX_DAG_ID=Job-pts
AIRFLOW_CTX_TASK_ID=pts-Papple-iphone-xs-max-256gb-space-grau_h_6254
AIRFLOW_CTX_EXECUTION_DATE=2022-06-19T15:26:41.173029+00:00
AIRFLOW_CTX_TRY_NUMBER=1
AIRFLOW_CTX_DAG_RUN_ID=scheduled__2022-06-19T15:26:41.173029+00:00
[2022-06-19 18:08:34,864] {logging_mixin.py:115} INFO - ['https://www.handyverkauf.net/apple-iphone-x-64gb-space-grau_h_5143', 'https://www.handyverkauf.net/apple-iphone-x-256gb-space-grau_h_5145', 'https://www.handyverkauf.net/apple-iphone-xs-64gb-space-grau_h_6242', 'https://www.handyverkauf.net/apple-iphone-xs-256gb-space-grau_h_6245', 'https://www.handyverkauf.net/apple-iphone-xs-512gb-space-grau_h_6248', 'https://www.handyverkauf.net/apple-iphone-xs-max-64gb-space-grau_h_6251', 'https://www.handyverkauf.net/apple-iphone-xs-max-256gb-space-grau_h_6254', 'https://www.handyverkauf.net/apple-iphone-xs-max-512gb-space-grau_h_6257', 'https://www.handyverkauf.net/apple-iphone-xr-64gb-schwarz_h_6260', 'https://www.handyverkauf.net/apple-iphone-xr-128gb-schwarz_h_6266']
[2022-06-19 18:08:40,234] {logging_mixin.py:115} INFO - Message: invalid argument: 'url' must be a string
  (Session info: headless chrome=102.0.5005.115)
Stacktrace:
#0 0x555c7911df33 <unknown>
#1 0x555c78e68118 <unknown>
#2 0x555c78ecfaa1 <unknown>
#3 0x555c78ebbf72 <unknown>
#4 0x555c78ecf2e4 <unknown>
#5 0x555c78ebbe63 <unknown>
#6 0x555c78e9182a <unknown>
#7 0x555c78e92985 <unknown>
#8 0x555c791624cd <unknown>
#9 0x555c791665ec <unknown>
#10 0x555c7914c71e <unknown>
#11 0x555c79167238 <unknown>
#12 0x555c79141870 <unknown>
#13 0x555c79183608 <unknown>
#14 0x555c79183788 <unknown>
#15 0x555c7919df1d <unknown>
#16 0x7fee2b493ea7 <unknown>
[2022-06-19 18:08:40,288] {logging_mixin.py:115} INFO - []
[2022-06-19 18:08:40,288] {python.py:173} INFO - Done. Returned value was: None
[2022-06-19 18:08:40,353] {taskinstance.py:1400} INFO - Marking task as SUCCESS. dag_id=Job-pts, task_id=pts-Papple-iphone-xs-max-256gb-space-grau_h_6254, execution_date=20220619T152641, start_date=20220619T180833, end_date=20220619T180840
[2022-06-19 18:08:40,376] {local_task_job.py:156} INFO - Task exited with return code 0
[2022-06-19 18:08:40,397] {local_task_job.py:273} INFO - 0 downstream tasks scheduled from follow-on schedule check
