[2022-06-11 15:55:52,973] {taskinstance.py:1037} INFO - Dependencies all met for <TaskInstance: T-dbt-job-dimensions.create_target_tables scheduled__2022-06-11T13:55:40.308916+00:00 [queued]>
[2022-06-11 15:55:52,982] {taskinstance.py:1037} INFO - Dependencies all met for <TaskInstance: T-dbt-job-dimensions.create_target_tables scheduled__2022-06-11T13:55:40.308916+00:00 [queued]>
[2022-06-11 15:55:52,982] {taskinstance.py:1243} INFO - 
--------------------------------------------------------------------------------
[2022-06-11 15:55:52,982] {taskinstance.py:1244} INFO - Starting attempt 1 of 2
[2022-06-11 15:55:52,982] {taskinstance.py:1245} INFO - 
--------------------------------------------------------------------------------
[2022-06-11 15:55:52,989] {taskinstance.py:1264} INFO - Executing <Task(PostgresOperator): create_target_tables> on 2022-06-11 13:55:40.308916+00:00
[2022-06-11 15:55:52,994] {standard_task_runner.py:52} INFO - Started process 59 to run task
[2022-06-11 15:55:52,997] {standard_task_runner.py:76} INFO - Running: ['airflow', 'tasks', 'run', 'T-dbt-job-dimensions', 'create_target_tables', 'scheduled__2022-06-11T13:55:40.308916+00:00', '--job-id', '3', '--raw', '--subdir', 'DAGS_FOLDER/docker_job/dbt_test.py', '--cfg-path', '/tmp/tmplcui3_1e', '--error-file', '/tmp/tmp5o8_z1mj']
[2022-06-11 15:55:52,997] {standard_task_runner.py:77} INFO - Job 3: Subtask create_target_tables
[2022-06-11 15:55:53,038] {logging_mixin.py:109} INFO - Running <TaskInstance: T-dbt-job-dimensions.create_target_tables scheduled__2022-06-11T13:55:40.308916+00:00 [running]> on host 01973ca732bf
[2022-06-11 15:55:53,078] {taskinstance.py:1431} INFO - Exporting the following env vars:
AIRFLOW_CTX_DAG_EMAIL=samuelolle@yahoo.com
AIRFLOW_CTX_DAG_OWNER=airflow
AIRFLOW_CTX_DAG_ID=T-dbt-job-dimensions
AIRFLOW_CTX_TASK_ID=create_target_tables
AIRFLOW_CTX_EXECUTION_DATE=2022-06-11T13:55:40.308916+00:00
AIRFLOW_CTX_DAG_RUN_ID=scheduled__2022-06-11T13:55:40.308916+00:00
[2022-06-11 15:55:53,086] {base.py:79} INFO - Using connection to: id: ***. Host: postgres_***, Port: 5432, Schema: ***, Login: ***, Password: ***, extra: {}
[2022-06-11 15:55:53,090] {dbapi.py:225} INFO - Running statement: CREATE SCHEMA IF NOT EXISTS analytics_object;

CREATE TABLE IF NOT EXISTS analytics_object.users (
    wall_owner_sk serial,
    user_id TEXT,
    visitor_ind bigint,
    created_at TEXT,
    user_segment TEXT,
    del_ind bigint,
    PRIMARY KEY (wall_owner_sk)
);

CREATE TABLE IF NOT EXISTS analytics_object.users_cdc (
    id serial,
    name TEXT,
    visitor_ind bigint,
    created_at TEXT,
    user_segment TEXT,
    event_type TEXT,
    event_time TEXT,
    export_date TEXT
);

CREATE TABLE IF NOT EXISTS analytics_object.walls (
    wall_sk serial,
    wall_id TEXT,
    wall_name TEXT,
    PRIMARY KEY (wall_sk)
);

CREATE TABLE IF NOT EXISTS analytics_object.walls_cdc (
    id serial,
    name TEXT,
    owner TEXT,
    created_at TEXT,
    event_type TEXT,
    event_time TEXT,
    export_date TEXT
);, parameters: None
[2022-06-11 15:55:53,117] {taskinstance.py:1282} INFO - Marking task as SUCCESS. dag_id=T-dbt-job-dimensions, task_id=create_***_tables, execution_date=20220611T135540, start_date=20220611T155552, end_date=20220611T155553
[2022-06-11 15:55:53,170] {local_task_job.py:154} INFO - Task exited with return code 0
[2022-06-11 15:55:53,223] {local_task_job.py:264} INFO - 1 downstream tasks scheduled from follow-on schedule check
