[2022-06-19 17:55:35,940] {taskinstance.py:1159} INFO - Dependencies all met for <TaskInstance: Job-pts.pts-Papple-iphone-xs-512gb-space-grau_h_6248 scheduled__2022-06-18T18:59:08.794253+00:00 [queued]>
[2022-06-19 17:55:35,960] {taskinstance.py:1159} INFO - Dependencies all met for <TaskInstance: Job-pts.pts-Papple-iphone-xs-512gb-space-grau_h_6248 scheduled__2022-06-18T18:59:08.794253+00:00 [queued]>
[2022-06-19 17:55:35,960] {taskinstance.py:1356} INFO - 
--------------------------------------------------------------------------------
[2022-06-19 17:55:35,960] {taskinstance.py:1357} INFO - Starting attempt 3 of 6
[2022-06-19 17:55:35,960] {taskinstance.py:1358} INFO - 
--------------------------------------------------------------------------------
[2022-06-19 17:55:36,001] {taskinstance.py:1377} INFO - Executing <Task(PythonOperator): pts-Papple-iphone-xs-512gb-space-grau_h_6248> on 2022-06-18 18:59:08.794253+00:00
[2022-06-19 17:55:36,076] {standard_task_runner.py:79} INFO - Running: ['airflow', 'tasks', 'run', 'Job-pts', 'pts-Papple-iphone-xs-512gb-space-grau_h_6248', 'scheduled__2022-06-18T18:59:08.794253+00:00', '--job-id', '568', '--raw', '--subdir', 'DAGS_FOLDER/docker_job/price_scale.py', '--cfg-path', '/tmp/tmpqn04vg23', '--error-file', '/tmp/tmpwmbo7cny']
[2022-06-19 17:55:36,081] {standard_task_runner.py:80} INFO - Job 568: Subtask pts-Papple-iphone-xs-512gb-space-grau_h_6248
[2022-06-19 17:55:36,015] {standard_task_runner.py:52} INFO - Started process 1348 to run task
[2022-06-19 17:55:36,150] {warnings.py:110} WARNING - /home/airflow/.local/lib/python3.7/site-packages/airflow/configuration.py:525: DeprecationWarning: The sql_alchemy_conn option in [core] has been moved to the sql_alchemy_conn option in [database] - the old setting has been used, but please update your config.
  option = self._get_environment_variables(deprecated_key, deprecated_section, key, section)

[2022-06-19 17:55:36,763] {task_command.py:370} INFO - Running <TaskInstance: Job-pts.pts-Papple-iphone-xs-512gb-space-grau_h_6248 scheduled__2022-06-18T18:59:08.794253+00:00 [running]> on host 2d9e52ec85d2
[2022-06-19 17:55:37,169] {taskinstance.py:1571} INFO - Exporting the following env vars:
AIRFLOW_CTX_DAG_EMAIL=samuel.momoh-olle@asgoodasnew.com
AIRFLOW_CTX_DAG_OWNER=airflow
AIRFLOW_CTX_DAG_ID=Job-pts
AIRFLOW_CTX_TASK_ID=pts-Papple-iphone-xs-512gb-space-grau_h_6248
AIRFLOW_CTX_EXECUTION_DATE=2022-06-18T18:59:08.794253+00:00
AIRFLOW_CTX_TRY_NUMBER=3
AIRFLOW_CTX_DAG_RUN_ID=scheduled__2022-06-18T18:59:08.794253+00:00
[2022-06-19 17:55:38,281] {logging_mixin.py:115} INFO - ['https://www.handyverkauf.net/apple-iphone-x-64gb-space-grau_h_5143', 'https://www.handyverkauf.net/apple-iphone-x-256gb-space-grau_h_5145', 'https://www.handyverkauf.net/apple-iphone-xs-64gb-space-grau_h_6242', 'https://www.handyverkauf.net/apple-iphone-xs-256gb-space-grau_h_6245', 'https://www.handyverkauf.net/apple-iphone-xs-512gb-space-grau_h_6248', 'https://www.handyverkauf.net/apple-iphone-xs-max-64gb-space-grau_h_6251', 'https://www.handyverkauf.net/apple-iphone-xs-max-256gb-space-grau_h_6254', 'https://www.handyverkauf.net/apple-iphone-xs-max-512gb-space-grau_h_6257', 'https://www.handyverkauf.net/apple-iphone-xr-64gb-schwarz_h_6260', 'https://www.handyverkauf.net/apple-iphone-xr-128gb-schwarz_h_6266']
[2022-06-19 17:55:42,879] {logging_mixin.py:115} INFO - Message: invalid argument: 'url' must be a string
  (Session info: headless chrome=102.0.5005.115)
Stacktrace:
#0 0x5622eaaf3f33 <unknown>
#1 0x5622ea83e118 <unknown>
#2 0x5622ea8a5aa1 <unknown>
#3 0x5622ea891f72 <unknown>
#4 0x5622ea8a52e4 <unknown>
#5 0x5622ea891e63 <unknown>
#6 0x5622ea86782a <unknown>
#7 0x5622ea868985 <unknown>
#8 0x5622eab384cd <unknown>
#9 0x5622eab3c5ec <unknown>
#10 0x5622eab2271e <unknown>
#11 0x5622eab3d238 <unknown>
#12 0x5622eab17870 <unknown>
#13 0x5622eab59608 <unknown>
#14 0x5622eab59788 <unknown>
#15 0x5622eab73f1d <unknown>
#16 0x7f55a18f6ea7 <unknown>
[2022-06-19 17:55:42,933] {logging_mixin.py:115} INFO - []
[2022-06-19 17:55:42,933] {python.py:173} INFO - Done. Returned value was: None
[2022-06-19 17:55:42,948] {taskinstance.py:1400} INFO - Marking task as SUCCESS. dag_id=Job-pts, task_id=pts-Papple-iphone-xs-512gb-space-grau_h_6248, execution_date=20220618T185908, start_date=20220619T175535, end_date=20220619T175542
[2022-06-19 17:55:42,971] {local_task_job.py:156} INFO - Task exited with return code 0
[2022-06-19 17:55:42,993] {local_task_job.py:273} INFO - 0 downstream tasks scheduled from follow-on schedule check
