[2022-06-19 18:08:06,463] {taskinstance.py:1159} INFO - Dependencies all met for <TaskInstance: Job-pts.pts-Papple-iphone-x-256gb-space-grau_h_5145 scheduled__2022-06-19T01:09:09.446748+00:00 [queued]>
[2022-06-19 18:08:06,501] {taskinstance.py:1159} INFO - Dependencies all met for <TaskInstance: Job-pts.pts-Papple-iphone-x-256gb-space-grau_h_5145 scheduled__2022-06-19T01:09:09.446748+00:00 [queued]>
[2022-06-19 18:08:06,502] {taskinstance.py:1356} INFO - 
--------------------------------------------------------------------------------
[2022-06-19 18:08:06,502] {taskinstance.py:1357} INFO - Starting attempt 4 of 6
[2022-06-19 18:08:06,502] {taskinstance.py:1358} INFO - 
--------------------------------------------------------------------------------
[2022-06-19 18:08:06,533] {taskinstance.py:1377} INFO - Executing <Task(PythonOperator): pts-Papple-iphone-x-256gb-space-grau_h_5145> on 2022-06-19 01:09:09.446748+00:00
[2022-06-19 18:08:06,543] {standard_task_runner.py:52} INFO - Started process 776 to run task
[2022-06-19 18:08:06,575] {standard_task_runner.py:79} INFO - Running: ['airflow', 'tasks', 'run', 'Job-pts', 'pts-Papple-iphone-x-256gb-space-grau_h_5145', 'scheduled__2022-06-19T01:09:09.446748+00:00', '--job-id', '597', '--raw', '--subdir', 'DAGS_FOLDER/docker_job/price_scale.py', '--cfg-path', '/tmp/tmp2pit8851', '--error-file', '/tmp/tmpp4ksxzqz']
[2022-06-19 18:08:06,576] {standard_task_runner.py:80} INFO - Job 597: Subtask pts-Papple-iphone-x-256gb-space-grau_h_5145
[2022-06-19 18:08:06,641] {warnings.py:110} WARNING - /home/airflow/.local/lib/python3.7/site-packages/airflow/configuration.py:525: DeprecationWarning: The sql_alchemy_conn option in [core] has been moved to the sql_alchemy_conn option in [database] - the old setting has been used, but please update your config.
  option = self._get_environment_variables(deprecated_key, deprecated_section, key, section)

[2022-06-19 18:08:06,770] {task_command.py:370} INFO - Running <TaskInstance: Job-pts.pts-Papple-iphone-x-256gb-space-grau_h_5145 scheduled__2022-06-19T01:09:09.446748+00:00 [running]> on host 2d9e52ec85d2
[2022-06-19 18:08:07,092] {taskinstance.py:1571} INFO - Exporting the following env vars:
AIRFLOW_CTX_DAG_EMAIL=samuel.momoh-olle@asgoodasnew.com
AIRFLOW_CTX_DAG_OWNER=airflow
AIRFLOW_CTX_DAG_ID=Job-pts
AIRFLOW_CTX_TASK_ID=pts-Papple-iphone-x-256gb-space-grau_h_5145
AIRFLOW_CTX_EXECUTION_DATE=2022-06-19T01:09:09.446748+00:00
AIRFLOW_CTX_TRY_NUMBER=4
AIRFLOW_CTX_DAG_RUN_ID=scheduled__2022-06-19T01:09:09.446748+00:00
[2022-06-19 18:08:08,319] {logging_mixin.py:115} INFO - ['https://www.handyverkauf.net/apple-iphone-x-64gb-space-grau_h_5143', 'https://www.handyverkauf.net/apple-iphone-x-256gb-space-grau_h_5145', 'https://www.handyverkauf.net/apple-iphone-xs-64gb-space-grau_h_6242', 'https://www.handyverkauf.net/apple-iphone-xs-256gb-space-grau_h_6245', 'https://www.handyverkauf.net/apple-iphone-xs-512gb-space-grau_h_6248', 'https://www.handyverkauf.net/apple-iphone-xs-max-64gb-space-grau_h_6251', 'https://www.handyverkauf.net/apple-iphone-xs-max-256gb-space-grau_h_6254', 'https://www.handyverkauf.net/apple-iphone-xs-max-512gb-space-grau_h_6257', 'https://www.handyverkauf.net/apple-iphone-xr-64gb-schwarz_h_6260', 'https://www.handyverkauf.net/apple-iphone-xr-128gb-schwarz_h_6266']
[2022-06-19 18:08:12,915] {logging_mixin.py:115} INFO - Message: invalid argument: 'url' must be a string
  (Session info: headless chrome=102.0.5005.115)
Stacktrace:
#0 0x55d30abcdf33 <unknown>
#1 0x55d30a918118 <unknown>
#2 0x55d30a97faa1 <unknown>
#3 0x55d30a96bf72 <unknown>
#4 0x55d30a97f2e4 <unknown>
#5 0x55d30a96be63 <unknown>
#6 0x55d30a94182a <unknown>
#7 0x55d30a942985 <unknown>
#8 0x55d30ac124cd <unknown>
#9 0x55d30ac165ec <unknown>
#10 0x55d30abfc71e <unknown>
#11 0x55d30ac17238 <unknown>
#12 0x55d30abf1870 <unknown>
#13 0x55d30ac33608 <unknown>
#14 0x55d30ac33788 <unknown>
#15 0x55d30ac4df1d <unknown>
#16 0x7f8e4843eea7 <unknown>
[2022-06-19 18:08:12,980] {logging_mixin.py:115} INFO - []
[2022-06-19 18:08:12,980] {python.py:173} INFO - Done. Returned value was: None
[2022-06-19 18:08:12,993] {taskinstance.py:1400} INFO - Marking task as SUCCESS. dag_id=Job-pts, task_id=pts-Papple-iphone-x-256gb-space-grau_h_5145, execution_date=20220619T010909, start_date=20220619T180806, end_date=20220619T180812
[2022-06-19 18:08:13,036] {local_task_job.py:156} INFO - Task exited with return code 0
[2022-06-19 18:08:13,056] {local_task_job.py:273} INFO - 0 downstream tasks scheduled from follow-on schedule check
