[2022-06-13 15:09:17,570] {taskinstance.py:1159} INFO - Dependencies all met for <TaskInstance: T-dbt-job-objects.dbt_clone_and_transform-objects scheduled__2022-06-13T13:09:17.135473+00:00 [queued]>
[2022-06-13 15:09:17,583] {taskinstance.py:1159} INFO - Dependencies all met for <TaskInstance: T-dbt-job-objects.dbt_clone_and_transform-objects scheduled__2022-06-13T13:09:17.135473+00:00 [queued]>
[2022-06-13 15:09:17,583] {taskinstance.py:1356} INFO - 
--------------------------------------------------------------------------------
[2022-06-13 15:09:17,584] {taskinstance.py:1357} INFO - Starting attempt 1 of 2
[2022-06-13 15:09:17,584] {taskinstance.py:1358} INFO - 
--------------------------------------------------------------------------------
[2022-06-13 15:09:17,597] {taskinstance.py:1377} INFO - Executing <Task(BashOperator): dbt_clone_and_transform-objects> on 2022-06-13 13:09:17.135473+00:00
[2022-06-13 15:09:17,603] {standard_task_runner.py:52} INFO - Started process 1012 to run task
[2022-06-13 15:09:17,606] {standard_task_runner.py:79} INFO - Running: ['airflow', 'tasks', 'run', 'T-dbt-job-objects', 'dbt_clone_and_transform-objects', 'scheduled__2022-06-13T13:09:17.135473+00:00', '--job-id', '114', '--raw', '--subdir', 'DAGS_FOLDER/docker_job/dbt_model.py', '--cfg-path', '/tmp/tmpawa0tjx2', '--error-file', '/tmp/tmpgcsesh3z']
[2022-06-13 15:09:17,606] {standard_task_runner.py:80} INFO - Job 114: Subtask dbt_clone_and_transform-objects
[2022-06-13 15:09:17,620] {warnings.py:110} WARNING - /home/airflow/.local/lib/python3.7/site-packages/airflow/configuration.py:525: DeprecationWarning: The sql_alchemy_conn option in [core] has been moved to the sql_alchemy_conn option in [database] - the old setting has been used, but please update your config.
  option = self._get_environment_variables(deprecated_key, deprecated_section, key, section)

[2022-06-13 15:09:17,661] {task_command.py:370} INFO - Running <TaskInstance: T-dbt-job-objects.dbt_clone_and_transform-objects scheduled__2022-06-13T13:09:17.135473+00:00 [running]> on host 8425e4f159a6
[2022-06-13 15:09:17,729] {taskinstance.py:1571} INFO - Exporting the following env vars:
AIRFLOW_CTX_DAG_EMAIL=samuelolle@yahoo.com
AIRFLOW_CTX_DAG_OWNER=airflow
AIRFLOW_CTX_DAG_ID=T-dbt-job-objects
AIRFLOW_CTX_TASK_ID=dbt_clone_and_transform-objects
AIRFLOW_CTX_EXECUTION_DATE=2022-06-13T13:09:17.135473+00:00
AIRFLOW_CTX_TRY_NUMBER=1
AIRFLOW_CTX_DAG_RUN_ID=scheduled__2022-06-13T13:09:17.135473+00:00
[2022-06-13 15:09:17,730] {subprocess.py:62} INFO - Tmp dir root location: 
 /tmp
[2022-06-13 15:09:17,731] {subprocess.py:74} INFO - Running command: ['bash', '-c', " rm -rf /tmp/objects && mkdir /tmp/objects                            && cp -r /tmp/dbt /tmp/objects/dbt                             && cd /tmp/objects/dbt && python3 -m venv venv                             && export PIP_USER=false                             && *** /tmp/objects/dbt/venv/bin/activate                             && pip  install --quiet --upgrade pip setuptools                             && pip3 install --quiet 'MarkupSafe<=2.0.1' 'dbt-postgres' 'dbt-core'                             && dbt --version && deactivate                             && cd /tmp/objects/dbt && *** /tmp/objects/dbt/venv/bin/activate                             && dbt deps --profiles-dir /tmp/objects/dbt/ && dbt seed --profiles-dir /tmp/objects/dbt/                             && dbt run --models objects --profiles-dir /tmp/objects/dbt/"]
[2022-06-13 15:09:17,743] {subprocess.py:85} INFO - Output:
[2022-06-13 15:09:50,817] {subprocess.py:92} INFO - Core:
[2022-06-13 15:09:50,817] {subprocess.py:92} INFO -   - installed: 1.1.0
[2022-06-13 15:09:50,817] {subprocess.py:92} INFO -   - latest:    1.1.0 - [32mUp to date![0m
[2022-06-13 15:09:50,818] {subprocess.py:92} INFO - 
[2022-06-13 15:09:50,818] {subprocess.py:92} INFO - Plugins:
[2022-06-13 15:09:50,818] {subprocess.py:92} INFO -   - postgres: 1.1.0 - [32mUp to date![0m
[2022-06-13 15:09:53,461] {subprocess.py:92} INFO - [0m15:09:53  Running with dbt=1.1.0
[2022-06-13 15:09:53,463] {subprocess.py:92} INFO - [0m15:09:53  Warning: No packages were found in packages.yml
[2022-06-13 15:09:56,207] {subprocess.py:92} INFO - [0m15:09:56  Running with dbt=1.1.0
[2022-06-13 15:09:56,223] {subprocess.py:92} INFO - [0m15:09:56  Partial parse save file not found. Starting full parse.
[2022-06-13 15:09:56,879] {subprocess.py:92} INFO - [0m15:09:56  [WARNING]: Configuration paths exist in your dbt_project.yml file which do not apply to any re***s.
[2022-06-13 15:09:56,879] {subprocess.py:92} INFO - There are 1 unused configuration paths:
[2022-06-13 15:09:56,879] {subprocess.py:92} INFO - - seeds.SAM
[2022-06-13 15:09:56,879] {subprocess.py:92} INFO - 
[2022-06-13 15:09:56,896] {subprocess.py:92} INFO - [0m15:09:56  Found 7 models, 6 tests, 0 snapshots, 0 analyses, 172 macros, 6 operations, 0 seed files, 4 ***s, 0 exposures, 0 metrics
[2022-06-13 15:09:56,899] {subprocess.py:92} INFO - [0m15:09:56
[2022-06-13 15:09:56,899] {subprocess.py:92} INFO - [0m15:09:56  [WARNING]: Nothing to do. Try checking your model configs and model specification args
[2022-06-13 15:09:56,906] {subprocess.py:92} INFO - [0m15:09:56
[2022-06-13 15:09:56,907] {subprocess.py:92} INFO - [0m15:09:56  Completed successfully
[2022-06-13 15:09:56,907] {subprocess.py:92} INFO - [0m15:09:56
[2022-06-13 15:09:56,907] {subprocess.py:92} INFO - [0m15:09:56  Done. PASS=0 WARN=0 ERROR=0 SKIP=0 TOTAL=0
[2022-06-13 15:09:59,844] {subprocess.py:92} INFO - [0m15:09:59  Running with dbt=1.1.0
[2022-06-13 15:09:59,879] {subprocess.py:92} INFO - [0m15:09:59  [WARNING]: Configuration paths exist in your dbt_project.yml file which do not apply to any re***s.
[2022-06-13 15:09:59,879] {subprocess.py:92} INFO - There are 1 unused configuration paths:
[2022-06-13 15:09:59,879] {subprocess.py:92} INFO - - seeds.SAM
[2022-06-13 15:09:59,879] {subprocess.py:92} INFO - 
[2022-06-13 15:09:59,893] {subprocess.py:92} INFO - [0m15:09:59  Found 7 models, 6 tests, 0 snapshots, 0 analyses, 172 macros, 6 operations, 0 seed files, 4 ***s, 0 exposures, 0 metrics
[2022-06-13 15:09:59,895] {subprocess.py:92} INFO - [0m15:09:59
[2022-06-13 15:09:59,957] {subprocess.py:92} INFO - [0m15:09:59  Concurrency: 4 threads (target='dev')
[2022-06-13 15:09:59,957] {subprocess.py:92} INFO - [0m15:09:59
[2022-06-13 15:09:59,964] {subprocess.py:92} INFO - [0m15:09:59  1 of 2 START table model analytics_objects.obj_users ........................... [RUN]
[2022-06-13 15:09:59,969] {subprocess.py:92} INFO - [0m15:09:59  2 of 2 START table model analytics_objects.obj_walls ........................... [RUN]
[2022-06-13 15:10:00,086] {subprocess.py:92} INFO - [0m15:10:00  2 of 2 OK created table model analytics_objects.obj_walls ...................... [SELECT 12 in 0.12s]
[2022-06-13 15:10:00,097] {subprocess.py:92} INFO - [0m15:10:00  1 of 2 OK created table model analytics_objects.obj_users ...................... [SELECT 15 in 0.13s]
[2022-06-13 15:10:00,175] {subprocess.py:92} INFO - [0m15:10:00
[2022-06-13 15:10:00,175] {subprocess.py:92} INFO - [0m15:10:00  Running 6 on-run-end hooks
[2022-06-13 15:10:00,181] {subprocess.py:92} INFO - [0m15:10:00  1 of 6 START hook: SAM.on-run-end.0 ............................................ [RUN]
[2022-06-13 15:10:00,184] {subprocess.py:92} INFO - [0m15:10:00  1 of 6 OK hook: SAM.on-run-end.0 ............................................... [ALTER DEFAULT PRIVILEGES in 0.00s]
[2022-06-13 15:10:00,190] {subprocess.py:92} INFO - [0m15:10:00  2 of 6 START hook: SAM.on-run-end.1 ............................................ [RUN]
[2022-06-13 15:10:00,192] {subprocess.py:92} INFO - [0m15:10:00  2 of 6 OK hook: SAM.on-run-end.1 ............................................... [ALTER DEFAULT PRIVILEGES in 0.00s]
[2022-06-13 15:10:00,195] {subprocess.py:92} INFO - [0m15:10:00  3 of 6 START hook: SAM.on-run-end.2 ............................................ [RUN]
[2022-06-13 15:10:00,198] {subprocess.py:92} INFO - [0m15:10:00  3 of 6 OK hook: SAM.on-run-end.2 ............................................... [ALTER DEFAULT PRIVILEGES in 0.00s]
[2022-06-13 15:10:00,202] {subprocess.py:92} INFO - [0m15:10:00  4 of 6 START hook: SAM.on-run-end.3 ............................................ [RUN]
[2022-06-13 15:10:00,207] {subprocess.py:92} INFO - [0m15:10:00  4 of 6 OK hook: SAM.on-run-end.3 ............................................... [ALTER DEFAULT PRIVILEGES in 0.00s]
[2022-06-13 15:10:00,208] {subprocess.py:92} INFO - [0m15:10:00  5 of 6 START hook: SAM.on-run-end.4 ............................................ [RUN]
[2022-06-13 15:10:00,212] {subprocess.py:92} INFO - [0m15:10:00  5 of 6 OK hook: SAM.on-run-end.4 ............................................... [ALTER DEFAULT PRIVILEGES in 0.00s]
[2022-06-13 15:10:00,217] {subprocess.py:92} INFO - [0m15:10:00  6 of 6 START hook: SAM.on-run-end.5 ............................................ [RUN]
[2022-06-13 15:10:00,220] {subprocess.py:92} INFO - [0m15:10:00  6 of 6 OK hook: SAM.on-run-end.5 ............................................... [ALTER DEFAULT PRIVILEGES in 0.00s]
[2022-06-13 15:10:00,220] {subprocess.py:92} INFO - [0m15:10:00
[2022-06-13 15:10:00,221] {subprocess.py:92} INFO - [0m15:10:00
[2022-06-13 15:10:00,221] {subprocess.py:92} INFO - [0m15:10:00  Finished running 2 table models, 6 hooks in 0.33s.
[2022-06-13 15:10:00,229] {subprocess.py:92} INFO - [0m15:10:00
[2022-06-13 15:10:00,230] {subprocess.py:92} INFO - [0m15:10:00  Completed successfully
[2022-06-13 15:10:00,230] {subprocess.py:92} INFO - [0m15:10:00
[2022-06-13 15:10:00,234] {subprocess.py:92} INFO - [0m15:10:00  Done. PASS=2 WARN=0 ERROR=0 SKIP=0 TOTAL=2
[2022-06-13 15:10:00,450] {subprocess.py:96} INFO - Command exited with return code 0
[2022-06-13 15:10:00,479] {taskinstance.py:1400} INFO - Marking task as SUCCESS. dag_id=T-dbt-job-objects, task_id=dbt_clone_and_transform-objects, execution_date=20220613T130917, start_date=20220613T150917, end_date=20220613T151000
[2022-06-13 15:10:00,532] {local_task_job.py:156} INFO - Task exited with return code 0
[2022-06-13 15:10:00,563] {local_task_job.py:273} INFO - 1 downstream tasks scheduled from follow-on schedule check
