[2022-06-13 07:37:24,355] {taskinstance.py:1159} INFO - Dependencies all met for <TaskInstance: T-dbt-job-example.dbt_clone_and_transform-example scheduled__2022-06-13T05:37:24.181140+00:00 [queued]>
[2022-06-13 07:37:24,363] {taskinstance.py:1159} INFO - Dependencies all met for <TaskInstance: T-dbt-job-example.dbt_clone_and_transform-example scheduled__2022-06-13T05:37:24.181140+00:00 [queued]>
[2022-06-13 07:37:24,363] {taskinstance.py:1356} INFO - 
--------------------------------------------------------------------------------
[2022-06-13 07:37:24,363] {taskinstance.py:1357} INFO - Starting attempt 1 of 2
[2022-06-13 07:37:24,363] {taskinstance.py:1358} INFO - 
--------------------------------------------------------------------------------
[2022-06-13 07:37:24,375] {taskinstance.py:1377} INFO - Executing <Task(BashOperator): dbt_clone_and_transform-example> on 2022-06-13 05:37:24.181140+00:00
[2022-06-13 07:37:24,379] {standard_task_runner.py:52} INFO - Started process 666 to run task
[2022-06-13 07:37:24,382] {standard_task_runner.py:79} INFO - Running: ['airflow', 'tasks', 'run', 'T-dbt-job-example', 'dbt_clone_and_transform-example', 'scheduled__2022-06-13T05:37:24.181140+00:00', '--job-id', '78', '--raw', '--subdir', 'DAGS_FOLDER/docker_job/dbt_model.py', '--cfg-path', '/tmp/tmp_n_0w7eg', '--error-file', '/tmp/tmpauex41q3']
[2022-06-13 07:37:24,382] {standard_task_runner.py:80} INFO - Job 78: Subtask dbt_clone_and_transform-example
[2022-06-13 07:37:24,394] {warnings.py:110} WARNING - /home/airflow/.local/lib/python3.7/site-packages/airflow/configuration.py:525: DeprecationWarning: The sql_alchemy_conn option in [core] has been moved to the sql_alchemy_conn option in [database] - the old setting has been used, but please update your config.
  option = self._get_environment_variables(deprecated_key, deprecated_section, key, section)

[2022-06-13 07:37:24,429] {task_command.py:370} INFO - Running <TaskInstance: T-dbt-job-example.dbt_clone_and_transform-example scheduled__2022-06-13T05:37:24.181140+00:00 [running]> on host 0d9d7b7f40c6
[2022-06-13 07:37:24,491] {taskinstance.py:1571} INFO - Exporting the following env vars:
AIRFLOW_CTX_DAG_EMAIL=samuelolle@yahoo.com
AIRFLOW_CTX_DAG_OWNER=airflow
AIRFLOW_CTX_DAG_ID=T-dbt-job-example
AIRFLOW_CTX_TASK_ID=dbt_clone_and_transform-example
AIRFLOW_CTX_EXECUTION_DATE=2022-06-13T05:37:24.181140+00:00
AIRFLOW_CTX_TRY_NUMBER=1
AIRFLOW_CTX_DAG_RUN_ID=scheduled__2022-06-13T05:37:24.181140+00:00
[2022-06-13 07:37:24,492] {subprocess.py:62} INFO - Tmp dir root location: 
 /tmp
[2022-06-13 07:37:24,492] {subprocess.py:74} INFO - Running command: ['bash', '-c', " rm -rf /tmp/example && mkdir /tmp/example                            && cp -r /tmp/dbt /tmp/example/dbt                             && cd /tmp/example/dbt && python3 -m venv venv                             && export PIP_USER=false                             && *** /tmp/example/dbt/venv/bin/activate                             && pip  install --quiet --upgrade pip setuptools                             && pip3 install --quiet 'MarkupSafe<=2.0.1' 'dbt-postgres' 'dbt-core'                             && dbt --version && deactivate                             && cd /tmp/example/dbt && *** /tmp/example/dbt/venv/bin/activate                             && dbt deps --profiles-dir /tmp/example/dbt/ && dbt seed --profiles-dir /tmp/example/dbt/                             && dbt run --models example --profiles-dir /tmp/example/dbt/"]
[2022-06-13 07:37:24,503] {subprocess.py:85} INFO - Output:
[2022-06-13 07:37:56,346] {subprocess.py:92} INFO - Core:
[2022-06-13 07:37:56,346] {subprocess.py:92} INFO -   - installed: 1.1.0
[2022-06-13 07:37:56,346] {subprocess.py:92} INFO -   - latest:    1.1.0 - [32mUp to date![0m
[2022-06-13 07:37:56,346] {subprocess.py:92} INFO - 
[2022-06-13 07:37:56,347] {subprocess.py:92} INFO - Plugins:
[2022-06-13 07:37:56,347] {subprocess.py:92} INFO -   - postgres: 1.1.0 - [32mUp to date![0m
[2022-06-13 07:37:58,921] {subprocess.py:92} INFO - [0m07:37:58  Running with dbt=1.1.0
[2022-06-13 07:37:58,922] {subprocess.py:92} INFO - [0m07:37:58  Warning: No packages were found in packages.yml
[2022-06-13 07:38:01,520] {subprocess.py:92} INFO - [0m07:38:01  Running with dbt=1.1.0
[2022-06-13 07:38:01,533] {subprocess.py:92} INFO - [0m07:38:01  Partial parse save file not found. Starting full parse.
[2022-06-13 07:38:02,128] {subprocess.py:92} INFO - [0m07:38:02  [WARNING]: Configuration paths exist in your dbt_project.yml file which do not apply to any re***s.
[2022-06-13 07:38:02,129] {subprocess.py:92} INFO - There are 1 unused configuration paths:
[2022-06-13 07:38:02,129] {subprocess.py:92} INFO - - seeds.SAM
[2022-06-13 07:38:02,129] {subprocess.py:92} INFO - 
[2022-06-13 07:38:02,140] {subprocess.py:92} INFO - [0m07:38:02  Found 7 models, 6 tests, 0 snapshots, 0 analyses, 172 macros, 6 operations, 0 seed files, 4 ***s, 0 exposures, 0 metrics
[2022-06-13 07:38:02,141] {subprocess.py:92} INFO - [0m07:38:02
[2022-06-13 07:38:02,142] {subprocess.py:92} INFO - [0m07:38:02  [WARNING]: Nothing to do. Try checking your model configs and model specification args
[2022-06-13 07:38:02,147] {subprocess.py:92} INFO - [0m07:38:02
[2022-06-13 07:38:02,148] {subprocess.py:92} INFO - [0m07:38:02  Completed successfully
[2022-06-13 07:38:02,148] {subprocess.py:92} INFO - [0m07:38:02
[2022-06-13 07:38:02,148] {subprocess.py:92} INFO - [0m07:38:02  Done. PASS=0 WARN=0 ERROR=0 SKIP=0 TOTAL=0
[2022-06-13 07:38:04,849] {subprocess.py:92} INFO - [0m07:38:04  Running with dbt=1.1.0
[2022-06-13 07:38:04,880] {subprocess.py:92} INFO - [0m07:38:04  [WARNING]: Configuration paths exist in your dbt_project.yml file which do not apply to any re***s.
[2022-06-13 07:38:04,880] {subprocess.py:92} INFO - There are 1 unused configuration paths:
[2022-06-13 07:38:04,880] {subprocess.py:92} INFO - - seeds.SAM
[2022-06-13 07:38:04,880] {subprocess.py:92} INFO - 
[2022-06-13 07:38:04,894] {subprocess.py:92} INFO - [0m07:38:04  Found 7 models, 6 tests, 0 snapshots, 0 analyses, 172 macros, 6 operations, 0 seed files, 4 ***s, 0 exposures, 0 metrics
[2022-06-13 07:38:04,896] {subprocess.py:92} INFO - [0m07:38:04
[2022-06-13 07:38:04,954] {subprocess.py:92} INFO - [0m07:38:04  Concurrency: 4 threads (target='dev')
[2022-06-13 07:38:04,955] {subprocess.py:92} INFO - [0m07:38:04
[2022-06-13 07:38:04,962] {subprocess.py:92} INFO - [0m07:38:04  1 of 2 START table model analytics_objects.my_first_dbt_model .................. [RUN]
[2022-06-13 07:38:05,037] {subprocess.py:92} INFO - [0m07:38:05  1 of 2 OK created table model analytics_objects.my_first_dbt_model ............. [SELECT 2 in 0.07s]
[2022-06-13 07:38:05,038] {subprocess.py:92} INFO - [0m07:38:05  2 of 2 START view model analytics_objects.my_second_dbt_model .................. [RUN]
[2022-06-13 07:38:05,080] {subprocess.py:92} INFO - [0m07:38:05  2 of 2 OK created view model analytics_objects.my_second_dbt_model ............. [CREATE VIEW in 0.04s]
[2022-06-13 07:38:05,169] {subprocess.py:92} INFO - [0m07:38:05
[2022-06-13 07:38:05,169] {subprocess.py:92} INFO - [0m07:38:05  Running 6 on-run-end hooks
[2022-06-13 07:38:05,175] {subprocess.py:92} INFO - [0m07:38:05  1 of 6 START hook: SAM.on-run-end.0 ............................................ [RUN]
[2022-06-13 07:38:05,178] {subprocess.py:92} INFO - [0m07:38:05  1 of 6 OK hook: SAM.on-run-end.0 ............................................... [ALTER DEFAULT PRIVILEGES in 0.00s]
[2022-06-13 07:38:05,183] {subprocess.py:92} INFO - [0m07:38:05  2 of 6 START hook: SAM.on-run-end.1 ............................................ [RUN]
[2022-06-13 07:38:05,186] {subprocess.py:92} INFO - [0m07:38:05  2 of 6 OK hook: SAM.on-run-end.1 ............................................... [ALTER DEFAULT PRIVILEGES in 0.00s]
[2022-06-13 07:38:05,189] {subprocess.py:92} INFO - [0m07:38:05  3 of 6 START hook: SAM.on-run-end.2 ............................................ [RUN]
[2022-06-13 07:38:05,191] {subprocess.py:92} INFO - [0m07:38:05  3 of 6 OK hook: SAM.on-run-end.2 ............................................... [ALTER DEFAULT PRIVILEGES in 0.00s]
[2022-06-13 07:38:05,194] {subprocess.py:92} INFO - [0m07:38:05  4 of 6 START hook: SAM.on-run-end.3 ............................................ [RUN]
[2022-06-13 07:38:05,196] {subprocess.py:92} INFO - [0m07:38:05  4 of 6 OK hook: SAM.on-run-end.3 ............................................... [ALTER DEFAULT PRIVILEGES in 0.00s]
[2022-06-13 07:38:05,200] {subprocess.py:92} INFO - [0m07:38:05  5 of 6 START hook: SAM.on-run-end.4 ............................................ [RUN]
[2022-06-13 07:38:05,203] {subprocess.py:92} INFO - [0m07:38:05  5 of 6 OK hook: SAM.on-run-end.4 ............................................... [ALTER DEFAULT PRIVILEGES in 0.00s]
[2022-06-13 07:38:05,205] {subprocess.py:92} INFO - [0m07:38:05  6 of 6 START hook: SAM.on-run-end.5 ............................................ [RUN]
[2022-06-13 07:38:05,207] {subprocess.py:92} INFO - [0m07:38:05  6 of 6 OK hook: SAM.on-run-end.5 ............................................... [ALTER DEFAULT PRIVILEGES in 0.00s]
[2022-06-13 07:38:05,208] {subprocess.py:92} INFO - [0m07:38:05
[2022-06-13 07:38:05,209] {subprocess.py:92} INFO - [0m07:38:05
[2022-06-13 07:38:05,209] {subprocess.py:92} INFO - [0m07:38:05  Finished running 1 table model, 1 view model, 6 hooks in 0.31s.
[2022-06-13 07:38:05,216] {subprocess.py:92} INFO - [0m07:38:05
[2022-06-13 07:38:05,216] {subprocess.py:92} INFO - [0m07:38:05  Completed successfully
[2022-06-13 07:38:05,216] {subprocess.py:92} INFO - [0m07:38:05
[2022-06-13 07:38:05,217] {subprocess.py:92} INFO - [0m07:38:05  Done. PASS=2 WARN=0 ERROR=0 SKIP=0 TOTAL=2
[2022-06-13 07:38:05,387] {subprocess.py:96} INFO - Command exited with return code 0
[2022-06-13 07:38:05,417] {taskinstance.py:1400} INFO - Marking task as SUCCESS. dag_id=T-dbt-job-example, task_id=dbt_clone_and_transform-example, execution_date=20220613T053724, start_date=20220613T073724, end_date=20220613T073805
[2022-06-13 07:38:05,471] {local_task_job.py:156} INFO - Task exited with return code 0
[2022-06-13 07:38:05,498] {local_task_job.py:273} INFO - 1 downstream tasks scheduled from follow-on schedule check
