[2022-06-12 17:08:51,787] {taskinstance.py:1159} INFO - Dependencies all met for <TaskInstance: T-dbt-job-cdc_load.dbt_cleanup-cdc_load manual__2022-06-12T16:46:04.720902+00:00 [queued]>
[2022-06-12 17:08:51,798] {taskinstance.py:1159} INFO - Dependencies all met for <TaskInstance: T-dbt-job-cdc_load.dbt_cleanup-cdc_load manual__2022-06-12T16:46:04.720902+00:00 [queued]>
[2022-06-12 17:08:51,798] {taskinstance.py:1356} INFO - 
--------------------------------------------------------------------------------
[2022-06-12 17:08:51,798] {taskinstance.py:1357} INFO - Starting attempt 1 of 2
[2022-06-12 17:08:51,798] {taskinstance.py:1358} INFO - 
--------------------------------------------------------------------------------
[2022-06-12 17:08:51,812] {taskinstance.py:1377} INFO - Executing <Task(BashOperator): dbt_cleanup-cdc_load> on 2022-06-12 16:46:04.720902+00:00
[2022-06-12 17:08:51,818] {standard_task_runner.py:52} INFO - Started process 4526 to run task
[2022-06-12 17:08:51,821] {standard_task_runner.py:79} INFO - Running: ['airflow', 'tasks', 'run', 'T-dbt-job-cdc_load', 'dbt_cleanup-cdc_load', 'manual__2022-06-12T16:46:04.720902+00:00', '--job-id', '168', '--raw', '--subdir', 'DAGS_FOLDER/docker_job/dbt_test.py', '--cfg-path', '/tmp/tmpdvugq36g', '--error-file', '/tmp/tmpp0h7qb7m']
[2022-06-12 17:08:51,821] {standard_task_runner.py:80} INFO - Job 168: Subtask dbt_cleanup-cdc_load
[2022-06-12 17:08:51,903] {task_command.py:370} INFO - Running <TaskInstance: T-dbt-job-cdc_load.dbt_cleanup-cdc_load manual__2022-06-12T16:46:04.720902+00:00 [running]> on host e926c0944008
[2022-06-12 17:08:51,976] {taskinstance.py:1571} INFO - Exporting the following env vars:
AIRFLOW_CTX_DAG_EMAIL=samuelolle@yahoo.com
AIRFLOW_CTX_DAG_OWNER=airflow
AIRFLOW_CTX_DAG_ID=T-dbt-job-cdc_load
AIRFLOW_CTX_TASK_ID=dbt_cleanup-cdc_load
AIRFLOW_CTX_EXECUTION_DATE=2022-06-12T16:46:04.720902+00:00
AIRFLOW_CTX_TRY_NUMBER=1
AIRFLOW_CTX_DAG_RUN_ID=manual__2022-06-12T16:46:04.720902+00:00
[2022-06-12 17:08:51,977] {subprocess.py:62} INFO - Tmp dir root location: 
 /tmp
[2022-06-12 17:08:51,977] {subprocess.py:74} INFO - Running command: ['bash', '-c', 'rm -rf /tmp/cdc_load && rm -rf /tmp/tmp* 2>/dev/null || exit 0']
[2022-06-12 17:08:51,987] {subprocess.py:85} INFO - Output:
[2022-06-12 17:08:51,993] {subprocess.py:96} INFO - Command exited with return code 0
[2022-06-12 17:08:52,026] {taskinstance.py:1400} INFO - Marking task as SUCCESS. dag_id=T-dbt-job-cdc_load, task_id=dbt_cleanup-cdc_load, execution_date=20220612T164604, start_date=20220612T170851, end_date=20220612T170852
[2022-06-12 17:08:52,074] {local_task_job.py:156} INFO - Task exited with return code 0
[2022-06-12 17:08:52,103] {local_task_job.py:273} INFO - 0 downstream tasks scheduled from follow-on schedule check
