[2022-06-19 21:25:12,989] {taskinstance.py:1159} INFO - Dependencies all met for <TaskInstance: T-dbt-job-dimensions.dbt_clone_and_transform-dimensions manual__2022-06-19T21:25:11.954023+00:00 [queued]>
[2022-06-19 21:25:12,996] {taskinstance.py:1159} INFO - Dependencies all met for <TaskInstance: T-dbt-job-dimensions.dbt_clone_and_transform-dimensions manual__2022-06-19T21:25:11.954023+00:00 [queued]>
[2022-06-19 21:25:12,996] {taskinstance.py:1356} INFO - 
--------------------------------------------------------------------------------
[2022-06-19 21:25:12,996] {taskinstance.py:1357} INFO - Starting attempt 1 of 2
[2022-06-19 21:25:12,996] {taskinstance.py:1358} INFO - 
--------------------------------------------------------------------------------
[2022-06-19 21:25:13,010] {taskinstance.py:1377} INFO - Executing <Task(BashOperator): dbt_clone_and_transform-dimensions> on 2022-06-19 21:25:11.954023+00:00
[2022-06-19 21:25:13,015] {standard_task_runner.py:52} INFO - Started process 737 to run task
[2022-06-19 21:25:13,018] {standard_task_runner.py:79} INFO - Running: ['airflow', 'tasks', 'run', 'T-dbt-job-dimensions', 'dbt_clone_and_transform-dimensions', 'manual__2022-06-19T21:25:11.954023+00:00', '--job-id', '33', '--raw', '--subdir', 'DAGS_FOLDER/docker_job/dbt_model.py', '--cfg-path', '/tmp/tmpsodc2iqi', '--error-file', '/tmp/tmpr9bt_rek']
[2022-06-19 21:25:13,018] {standard_task_runner.py:80} INFO - Job 33: Subtask dbt_clone_and_transform-dimensions
[2022-06-19 21:25:13,068] {task_command.py:370} INFO - Running <TaskInstance: T-dbt-job-dimensions.dbt_clone_and_transform-dimensions manual__2022-06-19T21:25:11.954023+00:00 [running]> on host 7cbff6e51e2a
[2022-06-19 21:25:13,131] {taskinstance.py:1571} INFO - Exporting the following env vars:
AIRFLOW_CTX_DAG_EMAIL=samuelolle@yahoo.com
AIRFLOW_CTX_DAG_OWNER=airflow
AIRFLOW_CTX_DAG_ID=T-dbt-job-dimensions
AIRFLOW_CTX_TASK_ID=dbt_clone_and_transform-dimensions
AIRFLOW_CTX_EXECUTION_DATE=2022-06-19T21:25:11.954023+00:00
AIRFLOW_CTX_TRY_NUMBER=1
AIRFLOW_CTX_DAG_RUN_ID=manual__2022-06-19T21:25:11.954023+00:00
[2022-06-19 21:25:13,132] {subprocess.py:62} INFO - Tmp dir root location: 
 /tmp
[2022-06-19 21:25:13,133] {subprocess.py:74} INFO - Running command: ['bash', '-c', " rm -rf /tmp/dimensions && mkdir /tmp/dimensions                            && cp -r /tmp/dbt /tmp/dimensions/dbt                             && cd /tmp/dimensions/dbt && python3 -m venv venv                             && export PIP_USER=false                             && *** /tmp/dimensions/dbt/venv/bin/activate                             && pip  install --quiet --upgrade pip setuptools                             && pip3 install --quiet 'MarkupSafe<=2.0.1' 'dbt-postgres' 'dbt-core'                             && dbt --version && deactivate                             && cd /tmp/dimensions/dbt && *** /tmp/dimensions/dbt/venv/bin/activate                             && dbt deps --profiles-dir /tmp/dimensions/dbt/ && dbt seed --profiles-dir /tmp/dimensions/dbt/                             && dbt run --models dimensions --profiles-dir /tmp/dimensions/dbt/"]
[2022-06-19 21:25:13,143] {subprocess.py:85} INFO - Output:
[2022-06-19 21:25:45,145] {subprocess.py:92} INFO - Core:
[2022-06-19 21:25:45,145] {subprocess.py:92} INFO -   - installed: 1.1.1
[2022-06-19 21:25:45,145] {subprocess.py:92} INFO -   - latest:    1.1.1 - [32mUp to date![0m
[2022-06-19 21:25:45,145] {subprocess.py:92} INFO - 
[2022-06-19 21:25:45,145] {subprocess.py:92} INFO - Plugins:
[2022-06-19 21:25:45,145] {subprocess.py:92} INFO -   - postgres: 1.1.1 - [32mUp to date![0m
[2022-06-19 21:25:47,864] {subprocess.py:92} INFO - [0m21:25:47  Running with dbt=1.1.1
[2022-06-19 21:25:47,866] {subprocess.py:92} INFO - [0m21:25:47  Warning: No packages were found in packages.yml
[2022-06-19 21:25:50,618] {subprocess.py:92} INFO - [0m21:25:50  Running with dbt=1.1.1
[2022-06-19 21:25:50,631] {subprocess.py:92} INFO - [0m21:25:50  Partial parse save file not found. Starting full parse.
[2022-06-19 21:25:51,266] {subprocess.py:92} INFO - [0m21:25:51  [WARNING]: Configuration paths exist in your dbt_project.yml file which do not apply to any re***s.
[2022-06-19 21:25:51,267] {subprocess.py:92} INFO - There are 1 unused configuration paths:
[2022-06-19 21:25:51,267] {subprocess.py:92} INFO - - seeds.SAM
[2022-06-19 21:25:51,267] {subprocess.py:92} INFO - 
[2022-06-19 21:25:51,278] {subprocess.py:92} INFO - [0m21:25:51  Found 9 models, 6 tests, 0 snapshots, 0 analyses, 172 macros, 6 operations, 0 seed files, 4 ***s, 0 exposures, 0 metrics
[2022-06-19 21:25:51,280] {subprocess.py:92} INFO - [0m21:25:51
[2022-06-19 21:25:51,280] {subprocess.py:92} INFO - [0m21:25:51  [WARNING]: Nothing to do. Try checking your model configs and model specification args
[2022-06-19 21:25:51,285] {subprocess.py:92} INFO - [0m21:25:51
[2022-06-19 21:25:51,286] {subprocess.py:92} INFO - [0m21:25:51  Completed successfully
[2022-06-19 21:25:51,286] {subprocess.py:92} INFO - [0m21:25:51
[2022-06-19 21:25:51,286] {subprocess.py:92} INFO - [0m21:25:51  Done. PASS=0 WARN=0 ERROR=0 SKIP=0 TOTAL=0
[2022-06-19 21:25:54,011] {subprocess.py:92} INFO - [0m21:25:54  Running with dbt=1.1.1
[2022-06-19 21:25:54,042] {subprocess.py:92} INFO - [0m21:25:54  [WARNING]: Configuration paths exist in your dbt_project.yml file which do not apply to any re***s.
[2022-06-19 21:25:54,042] {subprocess.py:92} INFO - There are 1 unused configuration paths:
[2022-06-19 21:25:54,042] {subprocess.py:92} INFO - - seeds.SAM
[2022-06-19 21:25:54,042] {subprocess.py:92} INFO - 
[2022-06-19 21:25:54,055] {subprocess.py:92} INFO - [0m21:25:54  Found 9 models, 6 tests, 0 snapshots, 0 analyses, 172 macros, 6 operations, 0 seed files, 4 ***s, 0 exposures, 0 metrics
[2022-06-19 21:25:54,057] {subprocess.py:92} INFO - [0m21:25:54
[2022-06-19 21:25:54,117] {subprocess.py:92} INFO - [0m21:25:54  Concurrency: 4 threads (target='dev')
[2022-06-19 21:25:54,117] {subprocess.py:92} INFO - [0m21:25:54
[2022-06-19 21:25:54,124] {subprocess.py:92} INFO - [0m21:25:54  1 of 4 START table model analytics_dim.dim_date ................................ [RUN]
[2022-06-19 21:25:54,125] {subprocess.py:92} INFO - [0m21:25:54  2 of 4 START incremental model analytics_dim.dim_user_wall ..................... [RUN]
[2022-06-19 21:25:54,127] {subprocess.py:92} INFO - [0m21:25:54  3 of 4 START incremental model analytics_dim.dim_users ......................... [RUN]
[2022-06-19 21:25:54,127] {subprocess.py:92} INFO - [0m21:25:54  4 of 4 START incremental model analytics_dim.dim_walls ......................... [RUN]
[2022-06-19 21:25:54,318] {subprocess.py:92} INFO - [0m21:25:54  1 of 4 OK created table model analytics_dim.dim_date ........................... [SELECT 546 in 0.19s]
[2022-06-19 21:25:54,348] {subprocess.py:92} INFO - [0m21:25:54  2 of 4 OK created incremental model analytics_dim.dim_user_wall ................ [INSERT 0 18 in 0.22s]
[2022-06-19 21:25:54,351] {subprocess.py:92} INFO - [0m21:25:54  4 of 4 OK created incremental model analytics_dim.dim_walls .................... [INSERT 0 0 in 0.22s]
[2022-06-19 21:25:54,352] {subprocess.py:92} INFO - [0m21:25:54  3 of 4 OK created incremental model analytics_dim.dim_users .................... [INSERT 0 0 in 0.23s]
[2022-06-19 21:25:54,433] {subprocess.py:92} INFO - [0m21:25:54
[2022-06-19 21:25:54,433] {subprocess.py:92} INFO - [0m21:25:54  Running 6 on-run-end hooks
[2022-06-19 21:25:54,439] {subprocess.py:92} INFO - [0m21:25:54  1 of 6 START hook: SAM.on-run-end.0 ............................................ [RUN]
[2022-06-19 21:25:54,442] {subprocess.py:92} INFO - [0m21:25:54  1 of 6 OK hook: SAM.on-run-end.0 ............................................... [ALTER DEFAULT PRIVILEGES in 0.00s]
[2022-06-19 21:25:54,447] {subprocess.py:92} INFO - [0m21:25:54  2 of 6 START hook: SAM.on-run-end.1 ............................................ [RUN]
[2022-06-19 21:25:54,450] {subprocess.py:92} INFO - [0m21:25:54  2 of 6 OK hook: SAM.on-run-end.1 ............................................... [ALTER DEFAULT PRIVILEGES in 0.00s]
[2022-06-19 21:25:54,453] {subprocess.py:92} INFO - [0m21:25:54  3 of 6 START hook: SAM.on-run-end.2 ............................................ [RUN]
[2022-06-19 21:25:54,456] {subprocess.py:92} INFO - [0m21:25:54  3 of 6 OK hook: SAM.on-run-end.2 ............................................... [ALTER DEFAULT PRIVILEGES in 0.00s]
[2022-06-19 21:25:54,459] {subprocess.py:92} INFO - [0m21:25:54  4 of 6 START hook: SAM.on-run-end.3 ............................................ [RUN]
[2022-06-19 21:25:54,461] {subprocess.py:92} INFO - [0m21:25:54  4 of 6 OK hook: SAM.on-run-end.3 ............................................... [ALTER DEFAULT PRIVILEGES in 0.00s]
[2022-06-19 21:25:54,464] {subprocess.py:92} INFO - [0m21:25:54  5 of 6 START hook: SAM.on-run-end.4 ............................................ [RUN]
[2022-06-19 21:25:54,467] {subprocess.py:92} INFO - [0m21:25:54  5 of 6 OK hook: SAM.on-run-end.4 ............................................... [ALTER DEFAULT PRIVILEGES in 0.00s]
[2022-06-19 21:25:54,470] {subprocess.py:92} INFO - [0m21:25:54  6 of 6 START hook: SAM.on-run-end.5 ............................................ [RUN]
[2022-06-19 21:25:54,472] {subprocess.py:92} INFO - [0m21:25:54  6 of 6 OK hook: SAM.on-run-end.5 ............................................... [ALTER DEFAULT PRIVILEGES in 0.00s]
[2022-06-19 21:25:54,473] {subprocess.py:92} INFO - [0m21:25:54
[2022-06-19 21:25:54,473] {subprocess.py:92} INFO - [0m21:25:54
[2022-06-19 21:25:54,474] {subprocess.py:92} INFO - [0m21:25:54  Finished running 1 table model, 3 incremental models, 6 hooks in 0.42s.
[2022-06-19 21:25:54,482] {subprocess.py:92} INFO - [0m21:25:54
[2022-06-19 21:25:54,482] {subprocess.py:92} INFO - [0m21:25:54  Completed successfully
[2022-06-19 21:25:54,482] {subprocess.py:92} INFO - [0m21:25:54
[2022-06-19 21:25:54,482] {subprocess.py:92} INFO - [0m21:25:54  Done. PASS=4 WARN=0 ERROR=0 SKIP=0 TOTAL=4
[2022-06-19 21:25:54,633] {subprocess.py:96} INFO - Command exited with return code 0
[2022-06-19 21:25:54,661] {taskinstance.py:1400} INFO - Marking task as SUCCESS. dag_id=T-dbt-job-dimensions, task_id=dbt_clone_and_transform-dimensions, execution_date=20220619T212511, start_date=20220619T212512, end_date=20220619T212554
[2022-06-19 21:25:54,683] {local_task_job.py:156} INFO - Task exited with return code 0
[2022-06-19 21:25:54,710] {local_task_job.py:273} INFO - 1 downstream tasks scheduled from follow-on schedule check
