[2022-06-17 20:14:24,088] {taskinstance.py:1159} INFO - Dependencies all met for <TaskInstance: Job-pts.pts-Papple-iphone-xs-max-256gb-space-grau_h_6254 manual__2022-06-17T20:12:59.782916+00:00 [queued]>
[2022-06-17 20:14:25,329] {taskinstance.py:1159} INFO - Dependencies all met for <TaskInstance: Job-pts.pts-Papple-iphone-xs-max-256gb-space-grau_h_6254 manual__2022-06-17T20:12:59.782916+00:00 [queued]>
[2022-06-17 20:14:25,330] {taskinstance.py:1356} INFO - 
--------------------------------------------------------------------------------
[2022-06-17 20:14:25,331] {taskinstance.py:1357} INFO - Starting attempt 1 of 6
[2022-06-17 20:14:25,331] {taskinstance.py:1358} INFO - 
--------------------------------------------------------------------------------
[2022-06-17 20:14:26,092] {taskinstance.py:1377} INFO - Executing <Task(PythonOperator): pts-Papple-iphone-xs-max-256gb-space-grau_h_6254> on 2022-06-17 20:12:59.782916+00:00
[2022-06-17 20:14:26,355] {standard_task_runner.py:52} INFO - Started process 6203 to run task
[2022-06-17 20:14:26,623] {standard_task_runner.py:79} INFO - Running: ['airflow', 'tasks', 'run', 'Job-pts', 'pts-Papple-iphone-xs-max-256gb-space-grau_h_6254', 'manual__2022-06-17T20:12:59.782916+00:00', '--job-id', '303', '--raw', '--subdir', 'DAGS_FOLDER/docker_job/price_scale.py', '--cfg-path', '/tmp/tmpz8v3_s5u', '--error-file', '/tmp/tmpn4yo502l']
[2022-06-17 20:14:26,652] {standard_task_runner.py:80} INFO - Job 303: Subtask pts-Papple-iphone-xs-max-256gb-space-grau_h_6254
[2022-06-17 20:14:43,722] {task_command.py:370} INFO - Running <TaskInstance: Job-pts.pts-Papple-iphone-xs-max-256gb-space-grau_h_6254 manual__2022-06-17T20:12:59.782916+00:00 [running]> on host 2d9e52ec85d2
[2022-06-17 20:15:11,929] {taskinstance.py:1571} INFO - Exporting the following env vars:
AIRFLOW_CTX_DAG_EMAIL=samuel.momoh-olle@asgoodasnew.com
AIRFLOW_CTX_DAG_OWNER=airflow
AIRFLOW_CTX_DAG_ID=Job-pts
AIRFLOW_CTX_TASK_ID=pts-Papple-iphone-xs-max-256gb-space-grau_h_6254
AIRFLOW_CTX_EXECUTION_DATE=2022-06-17T20:12:59.782916+00:00
AIRFLOW_CTX_TRY_NUMBER=1
AIRFLOW_CTX_DAG_RUN_ID=manual__2022-06-17T20:12:59.782916+00:00
[2022-06-17 20:16:03,277] {local_task_job.py:84} ERROR - Received SIGTERM. Terminating subprocesses
[2022-06-17 20:16:03,527] {process_utils.py:129} INFO - Sending Signals.SIGTERM to group 6203. PIDs of all processes in the group: [6206, 6215, 6222, 6223, 6233, 6234, 6249, 6268, 6247, 6203]
[2022-06-17 20:16:03,533] {process_utils.py:80} INFO - Sending the signal Signals.SIGTERM to group 6203
[2022-06-17 20:16:03,536] {taskinstance.py:1541} ERROR - Received SIGTERM. Terminating subprocesses.
[2022-06-17 20:16:03,649] {process_utils.py:75} INFO - Process psutil.Process(pid=6215, status='terminated', started='20:15:31') (6215) terminated with exit code None
[2022-06-17 20:16:03,786] {process_utils.py:75} INFO - Process psutil.Process(pid=6206, status='terminated', started='20:15:11') (6206) terminated with exit code None
[2022-06-17 20:16:03,899] {process_utils.py:75} INFO - Process psutil.Process(pid=6233, status='terminated', started='20:15:33') (6233) terminated with exit code None
[2022-06-17 20:16:03,899] {process_utils.py:75} INFO - Process psutil.Process(pid=6223, status='terminated', started='20:15:31') (6223) terminated with exit code None
[2022-06-17 20:16:03,899] {process_utils.py:75} INFO - Process psutil.Process(pid=6249, status='terminated', started='20:15:37') (6249) terminated with exit code None
[2022-06-17 20:16:03,899] {process_utils.py:75} INFO - Process psutil.Process(pid=6234, status='terminated', started='20:15:33') (6234) terminated with exit code None
[2022-06-17 20:16:03,899] {process_utils.py:75} INFO - Process psutil.Process(pid=6268, status='terminated', started='20:15:55') (6268) terminated with exit code None
[2022-06-17 20:16:03,900] {process_utils.py:75} INFO - Process psutil.Process(pid=6222, status='terminated', started='20:15:31') (6222) terminated with exit code None
[2022-06-17 20:16:03,900] {process_utils.py:75} INFO - Process psutil.Process(pid=6247, status='terminated', started='20:15:37') (6247) terminated with exit code None
[2022-06-17 20:16:05,924] {standard_task_runner.py:97} ERROR - Failed to execute job 303 for task pts-Papple-iphone-xs-max-256gb-space-grau_h_6254 ((psycopg2.OperationalError) could not translate host name "postgres_source" to address: Temporary failure in name resolution

(Background on this error at: http://sqlalche.me/e/14/e3q8); 6203)
[2022-06-17 20:16:05,954] {process_utils.py:75} INFO - Process psutil.Process(pid=6203, status='terminated', exitcode=1, started='20:14:25') (6203) terminated with exit code 1
[2022-06-17 20:16:05,954] {local_task_job.py:156} INFO - Task exited with return code 143
