[2022-06-18 01:06:35,060] {taskinstance.py:1159} INFO - Dependencies all met for <TaskInstance: Job-pts.pts-Papple-iphone-xs-max-256gb-space-grau_h_6254 scheduled__2022-06-17T20:10:58.837877+00:00 [queued]>
[2022-06-18 01:06:35,076] {taskinstance.py:1159} INFO - Dependencies all met for <TaskInstance: Job-pts.pts-Papple-iphone-xs-max-256gb-space-grau_h_6254 scheduled__2022-06-17T20:10:58.837877+00:00 [queued]>
[2022-06-18 01:06:35,077] {taskinstance.py:1356} INFO - 
--------------------------------------------------------------------------------
[2022-06-18 01:06:35,077] {taskinstance.py:1357} INFO - Starting attempt 2 of 6
[2022-06-18 01:06:35,077] {taskinstance.py:1358} INFO - 
--------------------------------------------------------------------------------
[2022-06-18 01:06:35,093] {taskinstance.py:1377} INFO - Executing <Task(PythonOperator): pts-Papple-iphone-xs-max-256gb-space-grau_h_6254> on 2022-06-17 20:10:58.837877+00:00
[2022-06-18 01:06:35,098] {standard_task_runner.py:52} INFO - Started process 223 to run task
[2022-06-18 01:06:35,101] {standard_task_runner.py:79} INFO - Running: ['airflow', 'tasks', 'run', 'Job-pts', 'pts-Papple-iphone-xs-max-256gb-space-grau_h_6254', 'scheduled__2022-06-17T20:10:58.837877+00:00', '--job-id', '328', '--raw', '--subdir', 'DAGS_FOLDER/docker_job/price_scale.py', '--cfg-path', '/tmp/tmpjqh7r3yq', '--error-file', '/tmp/tmp_wvytf4e']
[2022-06-18 01:06:35,102] {standard_task_runner.py:80} INFO - Job 328: Subtask pts-Papple-iphone-xs-max-256gb-space-grau_h_6254
[2022-06-18 01:06:35,118] {warnings.py:110} WARNING - /home/airflow/.local/lib/python3.7/site-packages/airflow/configuration.py:525: DeprecationWarning: The sql_alchemy_conn option in [core] has been moved to the sql_alchemy_conn option in [database] - the old setting has been used, but please update your config.
  option = self._get_environment_variables(deprecated_key, deprecated_section, key, section)

[2022-06-18 01:06:35,158] {task_command.py:370} INFO - Running <TaskInstance: Job-pts.pts-Papple-iphone-xs-max-256gb-space-grau_h_6254 scheduled__2022-06-17T20:10:58.837877+00:00 [running]> on host 31bbb70af43b
[2022-06-18 01:06:35,260] {taskinstance.py:1571} INFO - Exporting the following env vars:
AIRFLOW_CTX_DAG_EMAIL=samuel.momoh-olle@asgoodasnew.com
AIRFLOW_CTX_DAG_OWNER=airflow
AIRFLOW_CTX_DAG_ID=Job-pts
AIRFLOW_CTX_TASK_ID=pts-Papple-iphone-xs-max-256gb-space-grau_h_6254
AIRFLOW_CTX_EXECUTION_DATE=2022-06-17T20:10:58.837877+00:00
AIRFLOW_CTX_TRY_NUMBER=2
AIRFLOW_CTX_DAG_RUN_ID=scheduled__2022-06-17T20:10:58.837877+00:00
[2022-06-18 01:06:35,950] {logging_mixin.py:115} INFO - ['https://www.handyverkauf.net/apple-iphone-x-64gb-space-grau_h_5143', 'https://www.handyverkauf.net/apple-iphone-x-256gb-space-grau_h_5145', 'https://www.handyverkauf.net/apple-iphone-xs-64gb-space-grau_h_6242', 'https://www.handyverkauf.net/apple-iphone-xs-256gb-space-grau_h_6245', 'https://www.handyverkauf.net/apple-iphone-xs-512gb-space-grau_h_6248', 'https://www.handyverkauf.net/apple-iphone-xs-max-64gb-space-grau_h_6251', 'https://www.handyverkauf.net/apple-iphone-xs-max-256gb-space-grau_h_6254', 'https://www.handyverkauf.net/apple-iphone-xs-max-512gb-space-grau_h_6257', 'https://www.handyverkauf.net/apple-iphone-xr-64gb-schwarz_h_6260', 'https://www.handyverkauf.net/apple-iphone-xr-128gb-schwarz_h_6266']
[2022-06-18 01:06:40,101] {logging_mixin.py:115} INFO - Message: invalid argument: 'url' must be a string
  (Session info: headless chrome=102.0.5005.115)
Stacktrace:
#0 0x55ebb818df33 <unknown>
#1 0x55ebb7ed8118 <unknown>
#2 0x55ebb7f3faa1 <unknown>
#3 0x55ebb7f2bf72 <unknown>
#4 0x55ebb7f3f2e4 <unknown>
#5 0x55ebb7f2be63 <unknown>
#6 0x55ebb7f0182a <unknown>
#7 0x55ebb7f02985 <unknown>
#8 0x55ebb81d24cd <unknown>
#9 0x55ebb81d65ec <unknown>
#10 0x55ebb81bc71e <unknown>
#11 0x55ebb81d7238 <unknown>
#12 0x55ebb81b1870 <unknown>
#13 0x55ebb81f3608 <unknown>
#14 0x55ebb81f3788 <unknown>
#15 0x55ebb820df1d <unknown>
#16 0x7fcde2ec9ea7 <unknown>
[2022-06-18 01:06:40,155] {logging_mixin.py:115} INFO - []
[2022-06-18 01:06:40,156] {python.py:173} INFO - Done. Returned value was: None
[2022-06-18 01:06:40,168] {taskinstance.py:1400} INFO - Marking task as SUCCESS. dag_id=Job-pts, task_id=pts-Papple-iphone-xs-max-256gb-space-grau_h_6254, execution_date=20220617T201058, start_date=20220618T010635, end_date=20220618T010640
[2022-06-18 01:06:40,189] {local_task_job.py:156} INFO - Task exited with return code 0
[2022-06-18 01:06:40,213] {local_task_job.py:273} INFO - 0 downstream tasks scheduled from follow-on schedule check
