[2022-06-11 19:06:04,747] {taskinstance.py:1159} INFO - Dependencies all met for <TaskInstance: T-dbt-job-objects.dbt_clone_and_transform-objects manual__2022-06-11T19:06:04.069461+00:00 [queued]>
[2022-06-11 19:06:04,790] {taskinstance.py:1159} INFO - Dependencies all met for <TaskInstance: T-dbt-job-objects.dbt_clone_and_transform-objects manual__2022-06-11T19:06:04.069461+00:00 [queued]>
[2022-06-11 19:06:04,790] {taskinstance.py:1356} INFO - 
--------------------------------------------------------------------------------
[2022-06-11 19:06:04,790] {taskinstance.py:1357} INFO - Starting attempt 1 of 2
[2022-06-11 19:06:04,791] {taskinstance.py:1358} INFO - 
--------------------------------------------------------------------------------
[2022-06-11 19:06:04,823] {taskinstance.py:1377} INFO - Executing <Task(BashOperator): dbt_clone_and_transform-objects> on 2022-06-11 19:06:04.069461+00:00
[2022-06-11 19:06:04,840] {standard_task_runner.py:52} INFO - Started process 2046 to run task
[2022-06-11 19:06:04,847] {standard_task_runner.py:79} INFO - Running: ['airflow', 'tasks', 'run', 'T-dbt-job-objects', 'dbt_clone_and_transform-objects', 'manual__2022-06-11T19:06:04.069461+00:00', '--job-id', '117', '--raw', '--subdir', 'DAGS_FOLDER/docker_job/dbt_model.py', '--cfg-path', '/tmp/tmplgp40q5c', '--error-file', '/tmp/tmpnoyqhubx']
[2022-06-11 19:06:04,847] {standard_task_runner.py:80} INFO - Job 117: Subtask dbt_clone_and_transform-objects
[2022-06-11 19:06:04,975] {task_command.py:370} INFO - Running <TaskInstance: T-dbt-job-objects.dbt_clone_and_transform-objects manual__2022-06-11T19:06:04.069461+00:00 [running]> on host d8836eb746ac
[2022-06-11 19:06:05,134] {taskinstance.py:1571} INFO - Exporting the following env vars:
AIRFLOW_CTX_DAG_EMAIL=samuelolle@yahoo.com
AIRFLOW_CTX_DAG_OWNER=airflow
AIRFLOW_CTX_DAG_ID=T-dbt-job-objects
AIRFLOW_CTX_TASK_ID=dbt_clone_and_transform-objects
AIRFLOW_CTX_EXECUTION_DATE=2022-06-11T19:06:04.069461+00:00
AIRFLOW_CTX_TRY_NUMBER=1
AIRFLOW_CTX_DAG_RUN_ID=manual__2022-06-11T19:06:04.069461+00:00
[2022-06-11 19:06:05,136] {subprocess.py:62} INFO - Tmp dir root location: 
 /tmp
[2022-06-11 19:06:05,138] {subprocess.py:74} INFO - Running command: ['bash', '-c', " rm -rf /tmp/objects && mkdir /tmp/objects                            && cp -r /tmp/dbt /tmp/objects/dbt                             && cd /tmp/objects/dbt && python3 -m venv venv                             && export PIP_USER=false                             && *** /tmp/objects/dbt/venv/bin/activate                             && pip  install --quiet --upgrade pip setuptools                             && pip3 install --quiet 'MarkupSafe<=2.0.1' 'dbt-postgres' 'dbt-core'                             && dbt --version && deactivate                             && cd /tmp/objects/dbt && *** /tmp/objects/dbt/venv/bin/activate                             && dbt deps --profiles-dir /tmp/objects/dbt/ && dbt seed --profiles-dir /tmp/objects/dbt/                             && dbt run --models objects --profiles-dir /tmp/objects/dbt/"]
[2022-06-11 19:06:05,172] {subprocess.py:85} INFO - Output:
[2022-06-11 19:06:42,322] {subprocess.py:92} INFO - Core:
[2022-06-11 19:06:42,323] {subprocess.py:92} INFO -   - installed: 1.1.0
[2022-06-11 19:06:42,323] {subprocess.py:92} INFO -   - latest:    1.1.0 - [32mUp to date![0m
[2022-06-11 19:06:42,323] {subprocess.py:92} INFO - 
[2022-06-11 19:06:42,323] {subprocess.py:92} INFO - Plugins:
[2022-06-11 19:06:42,323] {subprocess.py:92} INFO -   - postgres: 1.1.0 - [32mUp to date![0m
[2022-06-11 19:06:46,002] {subprocess.py:92} INFO - [0m19:06:46  Running with dbt=1.1.0
[2022-06-11 19:06:46,004] {subprocess.py:92} INFO - [0m19:06:46  Warning: No packages were found in packages.yml
[2022-06-11 19:06:49,508] {subprocess.py:92} INFO - [0m19:06:49  Running with dbt=1.1.0
[2022-06-11 19:06:49,534] {subprocess.py:92} INFO - [0m19:06:49  Partial parse save file not found. Starting full parse.
[2022-06-11 19:06:50,335] {subprocess.py:92} INFO - [0m19:06:50  [WARNING]: Configuration paths exist in your dbt_project.yml file which do not apply to any re***s.
[2022-06-11 19:06:50,335] {subprocess.py:92} INFO - There are 1 unused configuration paths:
[2022-06-11 19:06:50,335] {subprocess.py:92} INFO - - seeds.SAM
[2022-06-11 19:06:50,335] {subprocess.py:92} INFO - 
[2022-06-11 19:06:50,350] {subprocess.py:92} INFO - [0m19:06:50  Found 4 models, 6 tests, 0 snapshots, 0 analyses, 171 macros, 4 operations, 0 seed files, 4 ***s, 0 exposures, 0 metrics
[2022-06-11 19:06:50,351] {subprocess.py:92} INFO - [0m19:06:50
[2022-06-11 19:06:50,352] {subprocess.py:92} INFO - [0m19:06:50  [WARNING]: Nothing to do. Try checking your model configs and model specification args
[2022-06-11 19:06:50,357] {subprocess.py:92} INFO - [0m19:06:50
[2022-06-11 19:06:50,358] {subprocess.py:92} INFO - [0m19:06:50  Completed successfully
[2022-06-11 19:06:50,358] {subprocess.py:92} INFO - [0m19:06:50
[2022-06-11 19:06:50,358] {subprocess.py:92} INFO - [0m19:06:50  Done. PASS=0 WARN=0 ERROR=0 SKIP=0 TOTAL=0
[2022-06-11 19:06:53,521] {subprocess.py:92} INFO - [0m19:06:53  Running with dbt=1.1.0
[2022-06-11 19:06:53,554] {subprocess.py:92} INFO - [0m19:06:53  [WARNING]: Configuration paths exist in your dbt_project.yml file which do not apply to any re***s.
[2022-06-11 19:06:53,554] {subprocess.py:92} INFO - There are 1 unused configuration paths:
[2022-06-11 19:06:53,554] {subprocess.py:92} INFO - - seeds.SAM
[2022-06-11 19:06:53,554] {subprocess.py:92} INFO - 
[2022-06-11 19:06:53,574] {subprocess.py:92} INFO - [0m19:06:53  Found 4 models, 6 tests, 0 snapshots, 0 analyses, 171 macros, 4 operations, 0 seed files, 4 ***s, 0 exposures, 0 metrics
[2022-06-11 19:06:53,577] {subprocess.py:92} INFO - [0m19:06:53
[2022-06-11 19:06:53,754] {subprocess.py:92} INFO - [0m19:06:53  Concurrency: 4 threads (target='dev')
[2022-06-11 19:06:53,754] {subprocess.py:92} INFO - [0m19:06:53
[2022-06-11 19:06:53,762] {subprocess.py:92} INFO - [0m19:06:53  1 of 1 START table model analytics_object.obj_walls ............................ [RUN]
[2022-06-11 19:06:53,836] {subprocess.py:92} INFO - [0m19:06:53  1 of 1 OK created table model analytics_object.obj_walls ....................... [SELECT 36 in 0.07s]
[2022-06-11 19:06:53,869] {subprocess.py:92} INFO - [0m19:06:53
[2022-06-11 19:06:53,869] {subprocess.py:92} INFO - [0m19:06:53  Running 4 on-run-end hooks
[2022-06-11 19:06:53,876] {subprocess.py:92} INFO - [0m19:06:53  1 of 4 START hook: SAM.on-run-end.0 ............................................ [RUN]
[2022-06-11 19:06:53,880] {subprocess.py:92} INFO - [0m19:06:53  1 of 4 OK hook: SAM.on-run-end.0 ............................................... [ALTER DEFAULT PRIVILEGES in 0.00s]
[2022-06-11 19:06:53,886] {subprocess.py:92} INFO - [0m19:06:53  2 of 4 START hook: SAM.on-run-end.1 ............................................ [RUN]
[2022-06-11 19:06:53,889] {subprocess.py:92} INFO - [0m19:06:53  2 of 4 OK hook: SAM.on-run-end.1 ............................................... [ALTER DEFAULT PRIVILEGES in 0.00s]
[2022-06-11 19:06:53,893] {subprocess.py:92} INFO - [0m19:06:53  3 of 4 START hook: SAM.on-run-end.2 ............................................ [RUN]
[2022-06-11 19:06:53,896] {subprocess.py:92} INFO - [0m19:06:53  3 of 4 OK hook: SAM.on-run-end.2 ............................................... [ALTER DEFAULT PRIVILEGES in 0.00s]
[2022-06-11 19:06:53,899] {subprocess.py:92} INFO - [0m19:06:53  4 of 4 START hook: SAM.on-run-end.3 ............................................ [RUN]
[2022-06-11 19:06:53,901] {subprocess.py:92} INFO - [0m19:06:53  4 of 4 OK hook: SAM.on-run-end.3 ............................................... [ALTER DEFAULT PRIVILEGES in 0.00s]
[2022-06-11 19:06:53,902] {subprocess.py:92} INFO - [0m19:06:53
[2022-06-11 19:06:53,903] {subprocess.py:92} INFO - [0m19:06:53
[2022-06-11 19:06:53,903] {subprocess.py:92} INFO - [0m19:06:53  Finished running 1 table model, 4 hooks in 0.33s.
[2022-06-11 19:06:53,910] {subprocess.py:92} INFO - [0m19:06:53
[2022-06-11 19:06:53,910] {subprocess.py:92} INFO - [0m19:06:53  Completed successfully
[2022-06-11 19:06:53,910] {subprocess.py:92} INFO - [0m19:06:53
[2022-06-11 19:06:53,910] {subprocess.py:92} INFO - [0m19:06:53  Done. PASS=1 WARN=0 ERROR=0 SKIP=0 TOTAL=1
[2022-06-11 19:06:54,101] {subprocess.py:96} INFO - Command exited with return code 0
[2022-06-11 19:06:54,131] {taskinstance.py:1400} INFO - Marking task as SUCCESS. dag_id=T-dbt-job-objects, task_id=dbt_clone_and_transform-objects, execution_date=20220611T190604, start_date=20220611T190604, end_date=20220611T190654
[2022-06-11 19:06:54,150] {local_task_job.py:156} INFO - Task exited with return code 0
[2022-06-11 19:06:54,188] {local_task_job.py:273} INFO - 1 downstream tasks scheduled from follow-on schedule check
