[2022-06-13 17:38:09,830] {taskinstance.py:1159} INFO - Dependencies all met for <TaskInstance: T-dbt-job-example.dbt_cleanup-example scheduled__2022-06-13T15:37:24.181140+00:00 [queued]>
[2022-06-13 17:38:09,839] {taskinstance.py:1159} INFO - Dependencies all met for <TaskInstance: T-dbt-job-example.dbt_cleanup-example scheduled__2022-06-13T15:37:24.181140+00:00 [queued]>
[2022-06-13 17:38:09,839] {taskinstance.py:1356} INFO - 
--------------------------------------------------------------------------------
[2022-06-13 17:38:09,839] {taskinstance.py:1357} INFO - Starting attempt 1 of 2
[2022-06-13 17:38:09,839] {taskinstance.py:1358} INFO - 
--------------------------------------------------------------------------------
[2022-06-13 17:38:09,852] {taskinstance.py:1377} INFO - Executing <Task(BashOperator): dbt_cleanup-example> on 2022-06-13 15:37:24.181140+00:00
[2022-06-13 17:38:09,857] {standard_task_runner.py:52} INFO - Started process 933 to run task
[2022-06-13 17:38:09,860] {standard_task_runner.py:79} INFO - Running: ['airflow', 'tasks', 'run', 'T-dbt-job-example', 'dbt_cleanup-example', 'scheduled__2022-06-13T15:37:24.181140+00:00', '--job-id', '129', '--raw', '--subdir', 'DAGS_FOLDER/docker_job/dbt_model.py', '--cfg-path', '/tmp/tmpfq9swqby', '--error-file', '/tmp/tmphh60on7t']
[2022-06-13 17:38:09,861] {standard_task_runner.py:80} INFO - Job 129: Subtask dbt_cleanup-example
[2022-06-13 17:38:09,873] {warnings.py:110} WARNING - /home/airflow/.local/lib/python3.7/site-packages/airflow/configuration.py:525: DeprecationWarning: The sql_alchemy_conn option in [core] has been moved to the sql_alchemy_conn option in [database] - the old setting has been used, but please update your config.
  option = self._get_environment_variables(deprecated_key, deprecated_section, key, section)

[2022-06-13 17:38:09,910] {task_command.py:370} INFO - Running <TaskInstance: T-dbt-job-example.dbt_cleanup-example scheduled__2022-06-13T15:37:24.181140+00:00 [running]> on host f269bd168226
[2022-06-13 17:38:09,973] {taskinstance.py:1571} INFO - Exporting the following env vars:
AIRFLOW_CTX_DAG_EMAIL=samuelolle@yahoo.com
AIRFLOW_CTX_DAG_OWNER=airflow
AIRFLOW_CTX_DAG_ID=T-dbt-job-example
AIRFLOW_CTX_TASK_ID=dbt_cleanup-example
AIRFLOW_CTX_EXECUTION_DATE=2022-06-13T15:37:24.181140+00:00
AIRFLOW_CTX_TRY_NUMBER=1
AIRFLOW_CTX_DAG_RUN_ID=scheduled__2022-06-13T15:37:24.181140+00:00
[2022-06-13 17:38:09,974] {subprocess.py:62} INFO - Tmp dir root location: 
 /tmp
[2022-06-13 17:38:09,974] {subprocess.py:74} INFO - Running command: ['bash', '-c', 'rm -rf /tmp/example && rm -rf /tmp/tmp* 2>/dev/null || exit 0']
[2022-06-13 17:38:09,988] {subprocess.py:85} INFO - Output:
[2022-06-13 17:38:10,328] {subprocess.py:96} INFO - Command exited with return code 0
[2022-06-13 17:38:10,358] {taskinstance.py:1400} INFO - Marking task as SUCCESS. dag_id=T-dbt-job-example, task_id=dbt_cleanup-example, execution_date=20220613T153724, start_date=20220613T173809, end_date=20220613T173810
[2022-06-13 17:38:10,394] {local_task_job.py:156} INFO - Task exited with return code 0
[2022-06-13 17:38:10,422] {local_task_job.py:273} INFO - 0 downstream tasks scheduled from follow-on schedule check
