[2022-06-19 18:10:10,540] {taskinstance.py:1159} INFO - Dependencies all met for <TaskInstance: Job-pts.pts-Papple-iphone-x-64gb-space-grau_h_5143 scheduled__2022-06-19T01:09:09.446748+00:00 [queued]>
[2022-06-19 18:10:10,549] {taskinstance.py:1159} INFO - Dependencies all met for <TaskInstance: Job-pts.pts-Papple-iphone-x-64gb-space-grau_h_5143 scheduled__2022-06-19T01:09:09.446748+00:00 [queued]>
[2022-06-19 18:10:10,549] {taskinstance.py:1356} INFO - 
--------------------------------------------------------------------------------
[2022-06-19 18:10:10,549] {taskinstance.py:1357} INFO - Starting attempt 4 of 6
[2022-06-19 18:10:10,549] {taskinstance.py:1358} INFO - 
--------------------------------------------------------------------------------
[2022-06-19 18:10:10,560] {taskinstance.py:1377} INFO - Executing <Task(PythonOperator): pts-Papple-iphone-x-64gb-space-grau_h_5143> on 2022-06-19 01:09:09.446748+00:00
[2022-06-19 18:10:10,564] {standard_task_runner.py:52} INFO - Started process 5438 to run task
[2022-06-19 18:10:10,566] {standard_task_runner.py:79} INFO - Running: ['airflow', 'tasks', 'run', 'Job-pts', 'pts-Papple-iphone-x-64gb-space-grau_h_5143', 'scheduled__2022-06-19T01:09:09.446748+00:00', '--job-id', '635', '--raw', '--subdir', 'DAGS_FOLDER/docker_job/price_scale.py', '--cfg-path', '/tmp/tmpurb516vr', '--error-file', '/tmp/tmp9zeqwer6']
[2022-06-19 18:10:10,567] {standard_task_runner.py:80} INFO - Job 635: Subtask pts-Papple-iphone-x-64gb-space-grau_h_5143
[2022-06-19 18:10:10,578] {warnings.py:110} WARNING - /home/airflow/.local/lib/python3.7/site-packages/airflow/configuration.py:525: DeprecationWarning: The sql_alchemy_conn option in [core] has been moved to the sql_alchemy_conn option in [database] - the old setting has been used, but please update your config.
  option = self._get_environment_variables(deprecated_key, deprecated_section, key, section)

[2022-06-19 18:10:10,612] {task_command.py:370} INFO - Running <TaskInstance: Job-pts.pts-Papple-iphone-x-64gb-space-grau_h_5143 scheduled__2022-06-19T01:09:09.446748+00:00 [running]> on host 2d9e52ec85d2
[2022-06-19 18:10:10,676] {taskinstance.py:1571} INFO - Exporting the following env vars:
AIRFLOW_CTX_DAG_EMAIL=samuel.momoh-olle@asgoodasnew.com
AIRFLOW_CTX_DAG_OWNER=airflow
AIRFLOW_CTX_DAG_ID=Job-pts
AIRFLOW_CTX_TASK_ID=pts-Papple-iphone-x-64gb-space-grau_h_5143
AIRFLOW_CTX_EXECUTION_DATE=2022-06-19T01:09:09.446748+00:00
AIRFLOW_CTX_TRY_NUMBER=4
AIRFLOW_CTX_DAG_RUN_ID=scheduled__2022-06-19T01:09:09.446748+00:00
[2022-06-19 18:10:11,303] {logging_mixin.py:115} INFO - ['https://www.handyverkauf.net/apple-iphone-x-64gb-space-grau_h_5143', 'https://www.handyverkauf.net/apple-iphone-x-256gb-space-grau_h_5145', 'https://www.handyverkauf.net/apple-iphone-xs-64gb-space-grau_h_6242', 'https://www.handyverkauf.net/apple-iphone-xs-256gb-space-grau_h_6245', 'https://www.handyverkauf.net/apple-iphone-xs-512gb-space-grau_h_6248', 'https://www.handyverkauf.net/apple-iphone-xs-max-64gb-space-grau_h_6251', 'https://www.handyverkauf.net/apple-iphone-xs-max-256gb-space-grau_h_6254', 'https://www.handyverkauf.net/apple-iphone-xs-max-512gb-space-grau_h_6257', 'https://www.handyverkauf.net/apple-iphone-xr-64gb-schwarz_h_6260', 'https://www.handyverkauf.net/apple-iphone-xr-128gb-schwarz_h_6266']
[2022-06-19 18:10:14,102] {logging_mixin.py:115} INFO - Message: invalid argument: 'url' must be a string
  (Session info: headless chrome=102.0.5005.115)
Stacktrace:
#0 0x55e093216f33 <unknown>
#1 0x55e092f61118 <unknown>
#2 0x55e092fc8aa1 <unknown>
#3 0x55e092fb4f72 <unknown>
#4 0x55e092fc82e4 <unknown>
#5 0x55e092fb4e63 <unknown>
#6 0x55e092f8a82a <unknown>
#7 0x55e092f8b985 <unknown>
#8 0x55e09325b4cd <unknown>
#9 0x55e09325f5ec <unknown>
#10 0x55e09324571e <unknown>
#11 0x55e093260238 <unknown>
#12 0x55e09323a870 <unknown>
#13 0x55e09327c608 <unknown>
#14 0x55e09327c788 <unknown>
#15 0x55e093296f1d <unknown>
#16 0x7f25afe30ea7 <unknown>
[2022-06-19 18:10:14,157] {logging_mixin.py:115} INFO - []
[2022-06-19 18:10:14,157] {python.py:173} INFO - Done. Returned value was: None
[2022-06-19 18:10:14,174] {taskinstance.py:1400} INFO - Marking task as SUCCESS. dag_id=Job-pts, task_id=pts-Papple-iphone-x-64gb-space-grau_h_5143, execution_date=20220619T010909, start_date=20220619T181010, end_date=20220619T181014
[2022-06-19 18:10:14,197] {local_task_job.py:156} INFO - Task exited with return code 0
[2022-06-19 18:10:14,226] {local_task_job.py:273} INFO - 0 downstream tasks scheduled from follow-on schedule check
