[2022-06-12 01:32:40,867] {taskinstance.py:1159} INFO - Dependencies all met for <TaskInstance: T-dbt-job-dimensions.dbt_clone_and_transform-dimensions scheduled__2022-06-11T23:32:40.246424+00:00 [queued]>
[2022-06-12 01:32:40,876] {taskinstance.py:1159} INFO - Dependencies all met for <TaskInstance: T-dbt-job-dimensions.dbt_clone_and_transform-dimensions scheduled__2022-06-11T23:32:40.246424+00:00 [queued]>
[2022-06-12 01:32:40,876] {taskinstance.py:1356} INFO - 
--------------------------------------------------------------------------------
[2022-06-12 01:32:40,876] {taskinstance.py:1357} INFO - Starting attempt 1 of 2
[2022-06-12 01:32:40,876] {taskinstance.py:1358} INFO - 
--------------------------------------------------------------------------------
[2022-06-12 01:32:40,893] {taskinstance.py:1377} INFO - Executing <Task(BashOperator): dbt_clone_and_transform-dimensions> on 2022-06-11 23:32:40.246424+00:00
[2022-06-12 01:32:40,899] {standard_task_runner.py:52} INFO - Started process 1692 to run task
[2022-06-12 01:32:40,902] {standard_task_runner.py:79} INFO - Running: ['airflow', 'tasks', 'run', 'T-dbt-job-dimensions', 'dbt_clone_and_transform-dimensions', 'scheduled__2022-06-11T23:32:40.246424+00:00', '--job-id', '59', '--raw', '--subdir', 'DAGS_FOLDER/docker_job/dbt_model.py', '--cfg-path', '/tmp/tmpe1_ooxlk', '--error-file', '/tmp/tmptn56442y']
[2022-06-12 01:32:40,903] {standard_task_runner.py:80} INFO - Job 59: Subtask dbt_clone_and_transform-dimensions
[2022-06-12 01:32:40,915] {warnings.py:110} WARNING - /home/airflow/.local/lib/python3.7/site-packages/airflow/configuration.py:525: DeprecationWarning: The sql_alchemy_conn option in [core] has been moved to the sql_alchemy_conn option in [database] - the old setting has been used, but please update your config.
  option = self._get_environment_variables(deprecated_key, deprecated_section, key, section)

[2022-06-12 01:32:40,954] {task_command.py:370} INFO - Running <TaskInstance: T-dbt-job-dimensions.dbt_clone_and_transform-dimensions scheduled__2022-06-11T23:32:40.246424+00:00 [running]> on host e926c0944008
[2022-06-12 01:32:41,020] {taskinstance.py:1571} INFO - Exporting the following env vars:
AIRFLOW_CTX_DAG_EMAIL=samuelolle@yahoo.com
AIRFLOW_CTX_DAG_OWNER=airflow
AIRFLOW_CTX_DAG_ID=T-dbt-job-dimensions
AIRFLOW_CTX_TASK_ID=dbt_clone_and_transform-dimensions
AIRFLOW_CTX_EXECUTION_DATE=2022-06-11T23:32:40.246424+00:00
AIRFLOW_CTX_TRY_NUMBER=1
AIRFLOW_CTX_DAG_RUN_ID=scheduled__2022-06-11T23:32:40.246424+00:00
[2022-06-12 01:32:41,020] {subprocess.py:62} INFO - Tmp dir root location: 
 /tmp
[2022-06-12 01:32:41,022] {subprocess.py:74} INFO - Running command: ['bash', '-c', " rm -rf /tmp/dimensions && mkdir /tmp/dimensions                            && cp -r /tmp/dbt /tmp/dimensions/dbt                             && cd /tmp/dimensions/dbt && python3 -m venv venv                             && export PIP_USER=false                             && *** /tmp/dimensions/dbt/venv/bin/activate                             && pip  install --quiet --upgrade pip setuptools                             && pip3 install --quiet 'MarkupSafe<=2.0.1' 'dbt-postgres' 'dbt-core'                             && dbt --version && deactivate                             && cd /tmp/dimensions/dbt && *** /tmp/dimensions/dbt/venv/bin/activate                             && dbt deps --profiles-dir /tmp/dimensions/dbt/ && dbt seed --profiles-dir /tmp/dimensions/dbt/                             && dbt run --models dimensions --profiles-dir /tmp/dimensions/dbt/"]
[2022-06-12 01:32:41,035] {subprocess.py:85} INFO - Output:
[2022-06-12 01:33:13,321] {subprocess.py:92} INFO - Core:
[2022-06-12 01:33:13,321] {subprocess.py:92} INFO -   - installed: 1.1.0
[2022-06-12 01:33:13,321] {subprocess.py:92} INFO -   - latest:    1.1.0 - [32mUp to date![0m
[2022-06-12 01:33:13,322] {subprocess.py:92} INFO - 
[2022-06-12 01:33:13,322] {subprocess.py:92} INFO - Plugins:
[2022-06-12 01:33:13,322] {subprocess.py:92} INFO -   - postgres: 1.1.0 - [32mUp to date![0m
[2022-06-12 01:33:16,004] {subprocess.py:92} INFO - [0m01:33:16  Running with dbt=1.1.0
[2022-06-12 01:33:16,005] {subprocess.py:92} INFO - [0m01:33:16  Warning: No packages were found in packages.yml
[2022-06-12 01:33:18,692] {subprocess.py:92} INFO - [0m01:33:18  Running with dbt=1.1.0
[2022-06-12 01:33:18,709] {subprocess.py:92} INFO - [0m01:33:18  Partial parse save file not found. Starting full parse.
[2022-06-12 01:33:19,329] {subprocess.py:92} INFO - [0m01:33:19  [WARNING]: Configuration paths exist in your dbt_project.yml file which do not apply to any re***s.
[2022-06-12 01:33:19,329] {subprocess.py:92} INFO - There are 1 unused configuration paths:
[2022-06-12 01:33:19,329] {subprocess.py:92} INFO - - seeds.SAM
[2022-06-12 01:33:19,329] {subprocess.py:92} INFO - 
[2022-06-12 01:33:19,339] {subprocess.py:92} INFO - [0m01:33:19  Found 4 models, 6 tests, 0 snapshots, 0 analyses, 171 macros, 6 operations, 0 seed files, 4 ***s, 0 exposures, 0 metrics
[2022-06-12 01:33:19,341] {subprocess.py:92} INFO - [0m01:33:19
[2022-06-12 01:33:19,341] {subprocess.py:92} INFO - [0m01:33:19  [WARNING]: Nothing to do. Try checking your model configs and model specification args
[2022-06-12 01:33:19,346] {subprocess.py:92} INFO - [0m01:33:19
[2022-06-12 01:33:19,346] {subprocess.py:92} INFO - [0m01:33:19  Completed successfully
[2022-06-12 01:33:19,347] {subprocess.py:92} INFO - [0m01:33:19
[2022-06-12 01:33:19,347] {subprocess.py:92} INFO - [0m01:33:19  Done. PASS=0 WARN=0 ERROR=0 SKIP=0 TOTAL=0
[2022-06-12 01:33:22,096] {subprocess.py:92} INFO - [0m01:33:22  Running with dbt=1.1.0
[2022-06-12 01:33:22,127] {subprocess.py:92} INFO - [0m01:33:22  [WARNING]: Configuration paths exist in your dbt_project.yml file which do not apply to any re***s.
[2022-06-12 01:33:22,127] {subprocess.py:92} INFO - There are 1 unused configuration paths:
[2022-06-12 01:33:22,127] {subprocess.py:92} INFO - - seeds.SAM
[2022-06-12 01:33:22,127] {subprocess.py:92} INFO - 
[2022-06-12 01:33:22,139] {subprocess.py:92} INFO - [0m01:33:22  Found 4 models, 6 tests, 0 snapshots, 0 analyses, 171 macros, 6 operations, 0 seed files, 4 ***s, 0 exposures, 0 metrics
[2022-06-12 01:33:22,141] {subprocess.py:92} INFO - [0m01:33:22
[2022-06-12 01:33:22,205] {subprocess.py:92} INFO - [0m01:33:22  Concurrency: 4 threads (target='dev')
[2022-06-12 01:33:22,206] {subprocess.py:92} INFO - [0m01:33:22
[2022-06-12 01:33:22,212] {subprocess.py:92} INFO - [0m01:33:22  1 of 1 START table model analytics_objects_analytics_dim.dim_date .............. [RUN]
[2022-06-12 01:33:22,280] {subprocess.py:92} INFO - [0m01:33:22  1 of 1 OK created table model analytics_objects_analytics_dim.dim_date ......... [SELECT 546 in 0.07s]
[2022-06-12 01:33:22,318] {subprocess.py:92} INFO - [0m01:33:22
[2022-06-12 01:33:22,318] {subprocess.py:92} INFO - [0m01:33:22  Running 6 on-run-end hooks
[2022-06-12 01:33:22,323] {subprocess.py:92} INFO - [0m01:33:22  1 of 6 START hook: SAM.on-run-end.0 ............................................ [RUN]
[2022-06-12 01:33:22,326] {subprocess.py:92} INFO - [0m01:33:22  1 of 6 OK hook: SAM.on-run-end.0 ............................................... [ALTER DEFAULT PRIVILEGES in 0.00s]
[2022-06-12 01:33:22,331] {subprocess.py:92} INFO - [0m01:33:22  2 of 6 START hook: SAM.on-run-end.1 ............................................ [RUN]
[2022-06-12 01:33:22,333] {subprocess.py:92} INFO - [0m01:33:22  2 of 6 OK hook: SAM.on-run-end.1 ............................................... [ALTER DEFAULT PRIVILEGES in 0.00s]
[2022-06-12 01:33:22,337] {subprocess.py:92} INFO - [0m01:33:22  3 of 6 START hook: SAM.on-run-end.2 ............................................ [RUN]
[2022-06-12 01:33:22,339] {subprocess.py:92} INFO - [0m01:33:22  3 of 6 OK hook: SAM.on-run-end.2 ............................................... [ALTER DEFAULT PRIVILEGES in 0.00s]
[2022-06-12 01:33:22,342] {subprocess.py:92} INFO - [0m01:33:22  4 of 6 START hook: SAM.on-run-end.3 ............................................ [RUN]
[2022-06-12 01:33:22,344] {subprocess.py:92} INFO - [0m01:33:22  4 of 6 OK hook: SAM.on-run-end.3 ............................................... [ALTER DEFAULT PRIVILEGES in 0.00s]
[2022-06-12 01:33:22,347] {subprocess.py:92} INFO - [0m01:33:22  5 of 6 START hook: SAM.on-run-end.4 ............................................ [RUN]
[2022-06-12 01:33:22,350] {subprocess.py:92} INFO - [0m01:33:22  5 of 6 OK hook: SAM.on-run-end.4 ............................................... [ALTER DEFAULT PRIVILEGES in 0.00s]
[2022-06-12 01:33:22,353] {subprocess.py:92} INFO - [0m01:33:22  6 of 6 START hook: SAM.on-run-end.5 ............................................ [RUN]
[2022-06-12 01:33:22,355] {subprocess.py:92} INFO - [0m01:33:22  6 of 6 OK hook: SAM.on-run-end.5 ............................................... [ALTER DEFAULT PRIVILEGES in 0.00s]
[2022-06-12 01:33:22,355] {subprocess.py:92} INFO - [0m01:33:22
[2022-06-12 01:33:22,356] {subprocess.py:92} INFO - [0m01:33:22
[2022-06-12 01:33:22,357] {subprocess.py:92} INFO - [0m01:33:22  Finished running 1 table model, 6 hooks in 0.21s.
[2022-06-12 01:33:22,363] {subprocess.py:92} INFO - [0m01:33:22
[2022-06-12 01:33:22,363] {subprocess.py:92} INFO - [0m01:33:22  Completed successfully
[2022-06-12 01:33:22,363] {subprocess.py:92} INFO - [0m01:33:22
[2022-06-12 01:33:22,364] {subprocess.py:92} INFO - [0m01:33:22  Done. PASS=1 WARN=0 ERROR=0 SKIP=0 TOTAL=1
[2022-06-12 01:33:22,505] {subprocess.py:96} INFO - Command exited with return code 0
[2022-06-12 01:33:22,531] {taskinstance.py:1400} INFO - Marking task as SUCCESS. dag_id=T-dbt-job-dimensions, task_id=dbt_clone_and_transform-dimensions, execution_date=20220611T233240, start_date=20220612T013240, end_date=20220612T013322
[2022-06-12 01:33:22,564] {local_task_job.py:156} INFO - Task exited with return code 0
[2022-06-12 01:33:22,588] {local_task_job.py:273} INFO - 1 downstream tasks scheduled from follow-on schedule check
