[2022-06-13 11:09:56,633] {taskinstance.py:1159} INFO - Dependencies all met for <TaskInstance: T-dbt-job-dimensions.dbt_clone_and_transform-dimensions scheduled__2022-06-13T09:09:56.320242+00:00 [queued]>
[2022-06-13 11:09:56,641] {taskinstance.py:1159} INFO - Dependencies all met for <TaskInstance: T-dbt-job-dimensions.dbt_clone_and_transform-dimensions scheduled__2022-06-13T09:09:56.320242+00:00 [queued]>
[2022-06-13 11:09:56,641] {taskinstance.py:1356} INFO - 
--------------------------------------------------------------------------------
[2022-06-13 11:09:56,642] {taskinstance.py:1357} INFO - Starting attempt 1 of 2
[2022-06-13 11:09:56,642] {taskinstance.py:1358} INFO - 
--------------------------------------------------------------------------------
[2022-06-13 11:09:56,655] {taskinstance.py:1377} INFO - Executing <Task(BashOperator): dbt_clone_and_transform-dimensions> on 2022-06-13 09:09:56.320242+00:00
[2022-06-13 11:09:56,659] {standard_task_runner.py:52} INFO - Started process 595 to run task
[2022-06-13 11:09:56,662] {standard_task_runner.py:79} INFO - Running: ['airflow', 'tasks', 'run', 'T-dbt-job-dimensions', 'dbt_clone_and_transform-dimensions', 'scheduled__2022-06-13T09:09:56.320242+00:00', '--job-id', '95', '--raw', '--subdir', 'DAGS_FOLDER/docker_job/dbt_model.py', '--cfg-path', '/tmp/tmp_xlmniq1', '--error-file', '/tmp/tmpx7m5vomd']
[2022-06-13 11:09:56,663] {standard_task_runner.py:80} INFO - Job 95: Subtask dbt_clone_and_transform-dimensions
[2022-06-13 11:09:56,675] {warnings.py:110} WARNING - /home/airflow/.local/lib/python3.7/site-packages/airflow/configuration.py:525: DeprecationWarning: The sql_alchemy_conn option in [core] has been moved to the sql_alchemy_conn option in [database] - the old setting has been used, but please update your config.
  option = self._get_environment_variables(deprecated_key, deprecated_section, key, section)

[2022-06-13 11:09:56,710] {task_command.py:370} INFO - Running <TaskInstance: T-dbt-job-dimensions.dbt_clone_and_transform-dimensions scheduled__2022-06-13T09:09:56.320242+00:00 [running]> on host f269bd168226
[2022-06-13 11:09:56,771] {taskinstance.py:1571} INFO - Exporting the following env vars:
AIRFLOW_CTX_DAG_EMAIL=samuelolle@yahoo.com
AIRFLOW_CTX_DAG_OWNER=airflow
AIRFLOW_CTX_DAG_ID=T-dbt-job-dimensions
AIRFLOW_CTX_TASK_ID=dbt_clone_and_transform-dimensions
AIRFLOW_CTX_EXECUTION_DATE=2022-06-13T09:09:56.320242+00:00
AIRFLOW_CTX_TRY_NUMBER=1
AIRFLOW_CTX_DAG_RUN_ID=scheduled__2022-06-13T09:09:56.320242+00:00
[2022-06-13 11:09:56,772] {subprocess.py:62} INFO - Tmp dir root location: 
 /tmp
[2022-06-13 11:09:56,772] {subprocess.py:74} INFO - Running command: ['bash', '-c', " rm -rf /tmp/dimensions && mkdir /tmp/dimensions                            && cp -r /tmp/dbt /tmp/dimensions/dbt                             && cd /tmp/dimensions/dbt && python3 -m venv venv                             && export PIP_USER=false                             && *** /tmp/dimensions/dbt/venv/bin/activate                             && pip  install --quiet --upgrade pip setuptools                             && pip3 install --quiet 'MarkupSafe<=2.0.1' 'dbt-postgres' 'dbt-core'                             && dbt --version && deactivate                             && cd /tmp/dimensions/dbt && *** /tmp/dimensions/dbt/venv/bin/activate                             && dbt deps --profiles-dir /tmp/dimensions/dbt/ && dbt seed --profiles-dir /tmp/dimensions/dbt/                             && dbt run --models dimensions --profiles-dir /tmp/dimensions/dbt/"]
[2022-06-13 11:09:56,782] {subprocess.py:85} INFO - Output:
[2022-06-13 11:10:28,905] {subprocess.py:92} INFO - Core:
[2022-06-13 11:10:28,906] {subprocess.py:92} INFO -   - installed: 1.1.0
[2022-06-13 11:10:28,906] {subprocess.py:92} INFO -   - latest:    1.1.0 - [32mUp to date![0m
[2022-06-13 11:10:28,906] {subprocess.py:92} INFO - 
[2022-06-13 11:10:28,906] {subprocess.py:92} INFO - Plugins:
[2022-06-13 11:10:28,906] {subprocess.py:92} INFO -   - postgres: 1.1.0 - [32mUp to date![0m
[2022-06-13 11:10:31,509] {subprocess.py:92} INFO - [0m11:10:31  Running with dbt=1.1.0
[2022-06-13 11:10:31,510] {subprocess.py:92} INFO - [0m11:10:31  Warning: No packages were found in packages.yml
[2022-06-13 11:10:34,119] {subprocess.py:92} INFO - [0m11:10:34  Running with dbt=1.1.0
[2022-06-13 11:10:34,131] {subprocess.py:92} INFO - [0m11:10:34  Partial parse save file not found. Starting full parse.
[2022-06-13 11:10:34,734] {subprocess.py:92} INFO - [0m11:10:34  [WARNING]: Configuration paths exist in your dbt_project.yml file which do not apply to any re***s.
[2022-06-13 11:10:34,735] {subprocess.py:92} INFO - There are 1 unused configuration paths:
[2022-06-13 11:10:34,735] {subprocess.py:92} INFO - - seeds.SAM
[2022-06-13 11:10:34,735] {subprocess.py:92} INFO - 
[2022-06-13 11:10:34,745] {subprocess.py:92} INFO - [0m11:10:34  Found 7 models, 6 tests, 0 snapshots, 0 analyses, 172 macros, 6 operations, 0 seed files, 4 ***s, 0 exposures, 0 metrics
[2022-06-13 11:10:34,747] {subprocess.py:92} INFO - [0m11:10:34
[2022-06-13 11:10:34,747] {subprocess.py:92} INFO - [0m11:10:34  [WARNING]: Nothing to do. Try checking your model configs and model specification args
[2022-06-13 11:10:34,752] {subprocess.py:92} INFO - [0m11:10:34
[2022-06-13 11:10:34,753] {subprocess.py:92} INFO - [0m11:10:34  Completed successfully
[2022-06-13 11:10:34,753] {subprocess.py:92} INFO - [0m11:10:34
[2022-06-13 11:10:34,753] {subprocess.py:92} INFO - [0m11:10:34  Done. PASS=0 WARN=0 ERROR=0 SKIP=0 TOTAL=0
[2022-06-13 11:10:37,389] {subprocess.py:92} INFO - [0m11:10:37  Running with dbt=1.1.0
[2022-06-13 11:10:37,420] {subprocess.py:92} INFO - [0m11:10:37  [WARNING]: Configuration paths exist in your dbt_project.yml file which do not apply to any re***s.
[2022-06-13 11:10:37,420] {subprocess.py:92} INFO - There are 1 unused configuration paths:
[2022-06-13 11:10:37,420] {subprocess.py:92} INFO - - seeds.SAM
[2022-06-13 11:10:37,420] {subprocess.py:92} INFO - 
[2022-06-13 11:10:37,432] {subprocess.py:92} INFO - [0m11:10:37  Found 7 models, 6 tests, 0 snapshots, 0 analyses, 172 macros, 6 operations, 0 seed files, 4 ***s, 0 exposures, 0 metrics
[2022-06-13 11:10:37,434] {subprocess.py:92} INFO - [0m11:10:37
[2022-06-13 11:10:37,495] {subprocess.py:92} INFO - [0m11:10:37  Concurrency: 4 threads (target='dev')
[2022-06-13 11:10:37,496] {subprocess.py:92} INFO - [0m11:10:37
[2022-06-13 11:10:37,503] {subprocess.py:92} INFO - [0m11:10:37  1 of 3 START table model analytics_dim.dim_date ................................ [RUN]
[2022-06-13 11:10:37,504] {subprocess.py:92} INFO - [0m11:10:37  2 of 3 START incremental model analytics_dim.dim_users ......................... [RUN]
[2022-06-13 11:10:37,505] {subprocess.py:92} INFO - [0m11:10:37  3 of 3 START incremental model analytics_dim.dim_walls ......................... [RUN]
[2022-06-13 11:10:37,661] {subprocess.py:92} INFO - [0m11:10:37  1 of 3 OK created table model analytics_dim.dim_date ........................... [SELECT 546 in 0.16s]
[2022-06-13 11:10:37,681] {subprocess.py:92} INFO - [0m11:10:37  2 of 3 OK created incremental model analytics_dim.dim_users .................... [INSERT 0 0 in 0.18s]
[2022-06-13 11:10:37,683] {subprocess.py:92} INFO - [0m11:10:37  3 of 3 OK created incremental model analytics_dim.dim_walls .................... [INSERT 0 0 in 0.18s]
[2022-06-13 11:10:37,715] {subprocess.py:92} INFO - [0m11:10:37
[2022-06-13 11:10:37,715] {subprocess.py:92} INFO - [0m11:10:37  Running 6 on-run-end hooks
[2022-06-13 11:10:37,720] {subprocess.py:92} INFO - [0m11:10:37  1 of 6 START hook: SAM.on-run-end.0 ............................................ [RUN]
[2022-06-13 11:10:37,723] {subprocess.py:92} INFO - [0m11:10:37  1 of 6 OK hook: SAM.on-run-end.0 ............................................... [ALTER DEFAULT PRIVILEGES in 0.00s]
[2022-06-13 11:10:37,728] {subprocess.py:92} INFO - [0m11:10:37  2 of 6 START hook: SAM.on-run-end.1 ............................................ [RUN]
[2022-06-13 11:10:37,730] {subprocess.py:92} INFO - [0m11:10:37  2 of 6 OK hook: SAM.on-run-end.1 ............................................... [ALTER DEFAULT PRIVILEGES in 0.00s]
[2022-06-13 11:10:37,733] {subprocess.py:92} INFO - [0m11:10:37  3 of 6 START hook: SAM.on-run-end.2 ............................................ [RUN]
[2022-06-13 11:10:37,735] {subprocess.py:92} INFO - [0m11:10:37  3 of 6 OK hook: SAM.on-run-end.2 ............................................... [ALTER DEFAULT PRIVILEGES in 0.00s]
[2022-06-13 11:10:37,738] {subprocess.py:92} INFO - [0m11:10:37  4 of 6 START hook: SAM.on-run-end.3 ............................................ [RUN]
[2022-06-13 11:10:37,741] {subprocess.py:92} INFO - [0m11:10:37  4 of 6 OK hook: SAM.on-run-end.3 ............................................... [ALTER DEFAULT PRIVILEGES in 0.00s]
[2022-06-13 11:10:37,743] {subprocess.py:92} INFO - [0m11:10:37  5 of 6 START hook: SAM.on-run-end.4 ............................................ [RUN]
[2022-06-13 11:10:37,745] {subprocess.py:92} INFO - [0m11:10:37  5 of 6 OK hook: SAM.on-run-end.4 ............................................... [ALTER DEFAULT PRIVILEGES in 0.00s]
[2022-06-13 11:10:37,748] {subprocess.py:92} INFO - [0m11:10:37  6 of 6 START hook: SAM.on-run-end.5 ............................................ [RUN]
[2022-06-13 11:10:37,750] {subprocess.py:92} INFO - [0m11:10:37  6 of 6 OK hook: SAM.on-run-end.5 ............................................... [ALTER DEFAULT PRIVILEGES in 0.00s]
[2022-06-13 11:10:37,750] {subprocess.py:92} INFO - [0m11:10:37
[2022-06-13 11:10:37,751] {subprocess.py:92} INFO - [0m11:10:37
[2022-06-13 11:10:37,752] {subprocess.py:92} INFO - [0m11:10:37  Finished running 1 table model, 2 incremental models, 6 hooks in 0.32s.
[2022-06-13 11:10:37,758] {subprocess.py:92} INFO - [0m11:10:37
[2022-06-13 11:10:37,758] {subprocess.py:92} INFO - [0m11:10:37  Completed successfully
[2022-06-13 11:10:37,759] {subprocess.py:92} INFO - [0m11:10:37
[2022-06-13 11:10:37,759] {subprocess.py:92} INFO - [0m11:10:37  Done. PASS=3 WARN=0 ERROR=0 SKIP=0 TOTAL=3
[2022-06-13 11:10:37,894] {subprocess.py:96} INFO - Command exited with return code 0
[2022-06-13 11:10:37,921] {taskinstance.py:1400} INFO - Marking task as SUCCESS. dag_id=T-dbt-job-dimensions, task_id=dbt_clone_and_transform-dimensions, execution_date=20220613T090956, start_date=20220613T110956, end_date=20220613T111037
[2022-06-13 11:10:37,935] {local_task_job.py:156} INFO - Task exited with return code 0
[2022-06-13 11:10:37,959] {local_task_job.py:273} INFO - 1 downstream tasks scheduled from follow-on schedule check
