[2022-06-17 00:02:47,617] {taskinstance.py:1159} INFO - Dependencies all met for <TaskInstance: Job-pts.pts-Papple-iphone-xs-512gb-space-grau_h_6248 scheduled__2022-06-16T21:32:45.250029+00:00 [queued]>
[2022-06-17 00:02:47,638] {taskinstance.py:1159} INFO - Dependencies all met for <TaskInstance: Job-pts.pts-Papple-iphone-xs-512gb-space-grau_h_6248 scheduled__2022-06-16T21:32:45.250029+00:00 [queued]>
[2022-06-17 00:02:47,638] {taskinstance.py:1356} INFO - 
--------------------------------------------------------------------------------
[2022-06-17 00:02:47,638] {taskinstance.py:1357} INFO - Starting attempt 1 of 6
[2022-06-17 00:02:47,638] {taskinstance.py:1358} INFO - 
--------------------------------------------------------------------------------
[2022-06-17 00:02:47,684] {taskinstance.py:1377} INFO - Executing <Task(PythonOperator): pts-Papple-iphone-xs-512gb-space-grau_h_6248> on 2022-06-16 21:32:45.250029+00:00
[2022-06-17 00:02:47,700] {standard_task_runner.py:52} INFO - Started process 366 to run task
[2022-06-17 00:02:47,713] {standard_task_runner.py:79} INFO - Running: ['airflow', 'tasks', 'run', 'Job-pts', 'pts-Papple-iphone-xs-512gb-space-grau_h_6248', 'scheduled__2022-06-16T21:32:45.250029+00:00', '--job-id', '232', '--raw', '--subdir', 'DAGS_FOLDER/docker_job/price_scale.py', '--cfg-path', '/tmp/tmp4p_r9b1c', '--error-file', '/tmp/tmp62mjnsea']
[2022-06-17 00:02:47,714] {standard_task_runner.py:80} INFO - Job 232: Subtask pts-Papple-iphone-xs-512gb-space-grau_h_6248
[2022-06-17 00:02:47,763] {warnings.py:110} WARNING - /home/airflow/.local/lib/python3.7/site-packages/airflow/configuration.py:525: DeprecationWarning: The sql_alchemy_conn option in [core] has been moved to the sql_alchemy_conn option in [database] - the old setting has been used, but please update your config.
  option = self._get_environment_variables(deprecated_key, deprecated_section, key, section)

[2022-06-17 00:02:47,853] {task_command.py:370} INFO - Running <TaskInstance: Job-pts.pts-Papple-iphone-xs-512gb-space-grau_h_6248 scheduled__2022-06-16T21:32:45.250029+00:00 [running]> on host 3c1ac2e19971
[2022-06-17 00:02:48,002] {taskinstance.py:1571} INFO - Exporting the following env vars:
AIRFLOW_CTX_DAG_EMAIL=samuel.momoh-olle@asgoodasnew.com
AIRFLOW_CTX_DAG_OWNER=airflow
AIRFLOW_CTX_DAG_ID=Job-pts
AIRFLOW_CTX_TASK_ID=pts-Papple-iphone-xs-512gb-space-grau_h_6248
AIRFLOW_CTX_EXECUTION_DATE=2022-06-16T21:32:45.250029+00:00
AIRFLOW_CTX_TRY_NUMBER=1
AIRFLOW_CTX_DAG_RUN_ID=scheduled__2022-06-16T21:32:45.250029+00:00
[2022-06-17 00:02:48,832] {logging_mixin.py:115} INFO - ['https://www.handyverkauf.net/apple-iphone-x-64gb-space-grau_h_5143', 'https://www.handyverkauf.net/apple-iphone-x-256gb-space-grau_h_5145', 'https://www.handyverkauf.net/apple-iphone-xs-64gb-space-grau_h_6242', 'https://www.handyverkauf.net/apple-iphone-xs-256gb-space-grau_h_6245', 'https://www.handyverkauf.net/apple-iphone-xs-512gb-space-grau_h_6248', 'https://www.handyverkauf.net/apple-iphone-xs-max-64gb-space-grau_h_6251', 'https://www.handyverkauf.net/apple-iphone-xs-max-256gb-space-grau_h_6254', 'https://www.handyverkauf.net/apple-iphone-xs-max-512gb-space-grau_h_6257', 'https://www.handyverkauf.net/apple-iphone-xr-64gb-schwarz_h_6260', 'https://www.handyverkauf.net/apple-iphone-xr-128gb-schwarz_h_6266']
[2022-06-17 00:02:55,670] {logging_mixin.py:115} INFO - Message: invalid argument: 'url' must be a string
  (Session info: headless chrome=102.0.5005.115)
Stacktrace:
#0 0x560f68f23f33 <unknown>
#1 0x560f68c6e118 <unknown>
#2 0x560f68cd5aa1 <unknown>
#3 0x560f68cc1f72 <unknown>
#4 0x560f68cd52e4 <unknown>
#5 0x560f68cc1e63 <unknown>
#6 0x560f68c9782a <unknown>
#7 0x560f68c98985 <unknown>
#8 0x560f68f684cd <unknown>
#9 0x560f68f6c5ec <unknown>
#10 0x560f68f5271e <unknown>
#11 0x560f68f6d238 <unknown>
#12 0x560f68f47870 <unknown>
#13 0x560f68f89608 <unknown>
#14 0x560f68f89788 <unknown>
#15 0x560f68fa3f1d <unknown>
#16 0x7fc0ea5efea7 <unknown>
[2022-06-17 00:02:55,723] {logging_mixin.py:115} INFO - []
[2022-06-17 00:02:55,723] {python.py:173} INFO - Done. Returned value was: None
[2022-06-17 00:02:55,736] {taskinstance.py:1400} INFO - Marking task as SUCCESS. dag_id=Job-pts, task_id=pts-Papple-iphone-xs-512gb-space-grau_h_6248, execution_date=20220616T213245, start_date=20220617T000247, end_date=20220617T000255
[2022-06-17 00:02:55,771] {local_task_job.py:156} INFO - Task exited with return code 0
[2022-06-17 00:02:55,798] {local_task_job.py:273} INFO - 0 downstream tasks scheduled from follow-on schedule check
