[2022-06-20 04:29:00,128] {taskinstance.py:1159} INFO - Dependencies all met for <TaskInstance: T-dbt-job-facts.dbt_clone_and_transform-facts scheduled__2022-06-20T02:28:59.929254+00:00 [queued]>
[2022-06-20 04:29:00,136] {taskinstance.py:1159} INFO - Dependencies all met for <TaskInstance: T-dbt-job-facts.dbt_clone_and_transform-facts scheduled__2022-06-20T02:28:59.929254+00:00 [queued]>
[2022-06-20 04:29:00,136] {taskinstance.py:1356} INFO - 
--------------------------------------------------------------------------------
[2022-06-20 04:29:00,136] {taskinstance.py:1357} INFO - Starting attempt 1 of 2
[2022-06-20 04:29:00,136] {taskinstance.py:1358} INFO - 
--------------------------------------------------------------------------------
[2022-06-20 04:29:00,147] {taskinstance.py:1377} INFO - Executing <Task(BashOperator): dbt_clone_and_transform-facts> on 2022-06-20 02:28:59.929254+00:00
[2022-06-20 04:29:00,151] {standard_task_runner.py:52} INFO - Started process 2215 to run task
[2022-06-20 04:29:00,154] {standard_task_runner.py:79} INFO - Running: ['airflow', 'tasks', 'run', 'T-dbt-job-facts', 'dbt_clone_and_transform-facts', 'scheduled__2022-06-20T02:28:59.929254+00:00', '--job-id', '87', '--raw', '--subdir', 'DAGS_FOLDER/docker_job/dbt_model.py', '--cfg-path', '/tmp/tmpjdj5ittf', '--error-file', '/tmp/tmpmtyehunv']
[2022-06-20 04:29:00,154] {standard_task_runner.py:80} INFO - Job 87: Subtask dbt_clone_and_transform-facts
[2022-06-20 04:29:00,165] {warnings.py:110} WARNING - /home/airflow/.local/lib/python3.7/site-packages/airflow/configuration.py:525: DeprecationWarning: The sql_alchemy_conn option in [core] has been moved to the sql_alchemy_conn option in [database] - the old setting has been used, but please update your config.
  option = self._get_environment_variables(deprecated_key, deprecated_section, key, section)

[2022-06-20 04:29:00,198] {task_command.py:370} INFO - Running <TaskInstance: T-dbt-job-facts.dbt_clone_and_transform-facts scheduled__2022-06-20T02:28:59.929254+00:00 [running]> on host 7cbff6e51e2a
[2022-06-20 04:29:00,253] {taskinstance.py:1571} INFO - Exporting the following env vars:
AIRFLOW_CTX_DAG_EMAIL=samuelolle@yahoo.com
AIRFLOW_CTX_DAG_OWNER=airflow
AIRFLOW_CTX_DAG_ID=T-dbt-job-facts
AIRFLOW_CTX_TASK_ID=dbt_clone_and_transform-facts
AIRFLOW_CTX_EXECUTION_DATE=2022-06-20T02:28:59.929254+00:00
AIRFLOW_CTX_TRY_NUMBER=1
AIRFLOW_CTX_DAG_RUN_ID=scheduled__2022-06-20T02:28:59.929254+00:00
[2022-06-20 04:29:00,254] {subprocess.py:62} INFO - Tmp dir root location: 
 /tmp
[2022-06-20 04:29:00,255] {subprocess.py:74} INFO - Running command: ['bash', '-c', " rm -rf /tmp/facts && mkdir /tmp/facts                            && cp -r /tmp/dbt /tmp/facts/dbt                             && cd /tmp/facts/dbt && python3 -m venv venv                             && export PIP_USER=false                             && *** /tmp/facts/dbt/venv/bin/activate                             && pip  install --quiet --upgrade pip setuptools                             && pip3 install --quiet 'MarkupSafe<=2.0.1' 'dbt-postgres' 'dbt-core'                             && dbt --version && deactivate                             && cd /tmp/facts/dbt && *** /tmp/facts/dbt/venv/bin/activate                             && dbt deps --profiles-dir /tmp/facts/dbt/ && dbt seed --profiles-dir /tmp/facts/dbt/                             && dbt run --models facts --profiles-dir /tmp/facts/dbt/"]
[2022-06-20 04:29:00,263] {subprocess.py:85} INFO - Output:
[2022-06-20 04:29:30,603] {subprocess.py:92} INFO - Core:
[2022-06-20 04:29:30,603] {subprocess.py:92} INFO -   - installed: 1.1.1
[2022-06-20 04:29:30,603] {subprocess.py:92} INFO -   - latest:    1.1.1 - [32mUp to date![0m
[2022-06-20 04:29:30,603] {subprocess.py:92} INFO - 
[2022-06-20 04:29:30,603] {subprocess.py:92} INFO - Plugins:
[2022-06-20 04:29:30,603] {subprocess.py:92} INFO -   - postgres: 1.1.1 - [32mUp to date![0m
[2022-06-20 04:29:33,080] {subprocess.py:92} INFO - [0m04:29:33  Running with dbt=1.1.1
[2022-06-20 04:29:33,082] {subprocess.py:92} INFO - [0m04:29:33  Warning: No packages were found in packages.yml
[2022-06-20 04:29:35,565] {subprocess.py:92} INFO - [0m04:29:35  Running with dbt=1.1.1
[2022-06-20 04:29:35,577] {subprocess.py:92} INFO - [0m04:29:35  Partial parse save file not found. Starting full parse.
[2022-06-20 04:29:36,154] {subprocess.py:92} INFO - [0m04:29:36  [WARNING]: Configuration paths exist in your dbt_project.yml file which do not apply to any re***s.
[2022-06-20 04:29:36,155] {subprocess.py:92} INFO - There are 1 unused configuration paths:
[2022-06-20 04:29:36,155] {subprocess.py:92} INFO - - seeds.SAM
[2022-06-20 04:29:36,155] {subprocess.py:92} INFO - 
[2022-06-20 04:29:36,165] {subprocess.py:92} INFO - [0m04:29:36  Found 10 models, 6 tests, 0 snapshots, 0 analyses, 172 macros, 6 operations, 0 seed files, 4 ***s, 0 exposures, 0 metrics
[2022-06-20 04:29:36,166] {subprocess.py:92} INFO - [0m04:29:36
[2022-06-20 04:29:36,167] {subprocess.py:92} INFO - [0m04:29:36  [WARNING]: Nothing to do. Try checking your model configs and model specification args
[2022-06-20 04:29:36,171] {subprocess.py:92} INFO - [0m04:29:36
[2022-06-20 04:29:36,171] {subprocess.py:92} INFO - [0m04:29:36  Completed successfully
[2022-06-20 04:29:36,172] {subprocess.py:92} INFO - [0m04:29:36
[2022-06-20 04:29:36,172] {subprocess.py:92} INFO - [0m04:29:36  Done. PASS=0 WARN=0 ERROR=0 SKIP=0 TOTAL=0
[2022-06-20 04:29:38,727] {subprocess.py:92} INFO - [0m04:29:38  Running with dbt=1.1.1
[2022-06-20 04:29:38,758] {subprocess.py:92} INFO - [0m04:29:38  [WARNING]: Configuration paths exist in your dbt_project.yml file which do not apply to any re***s.
[2022-06-20 04:29:38,758] {subprocess.py:92} INFO - There are 1 unused configuration paths:
[2022-06-20 04:29:38,758] {subprocess.py:92} INFO - - seeds.SAM
[2022-06-20 04:29:38,758] {subprocess.py:92} INFO - 
[2022-06-20 04:29:38,771] {subprocess.py:92} INFO - [0m04:29:38  Found 10 models, 6 tests, 0 snapshots, 0 analyses, 172 macros, 6 operations, 0 seed files, 4 ***s, 0 exposures, 0 metrics
[2022-06-20 04:29:38,772] {subprocess.py:92} INFO - [0m04:29:38
[2022-06-20 04:29:38,845] {subprocess.py:92} INFO - [0m04:29:38  Concurrency: 4 threads (target='dev')
[2022-06-20 04:29:38,845] {subprocess.py:92} INFO - [0m04:29:38
[2022-06-20 04:29:38,851] {subprocess.py:92} INFO - [0m04:29:38  1 of 1 START table model analytics_facts.fact_wall_user ........................ [RUN]
[2022-06-20 04:29:38,923] {subprocess.py:92} INFO - [0m04:29:38  1 of 1 OK created table model analytics_facts.fact_wall_user ................... [SELECT 18 in 0.07s]
[2022-06-20 04:29:38,957] {subprocess.py:92} INFO - [0m04:29:38
[2022-06-20 04:29:38,957] {subprocess.py:92} INFO - [0m04:29:38  Running 6 on-run-end hooks
[2022-06-20 04:29:38,962] {subprocess.py:92} INFO - [0m04:29:38  1 of 6 START hook: SAM.on-run-end.0 ............................................ [RUN]
[2022-06-20 04:29:38,965] {subprocess.py:92} INFO - [0m04:29:38  1 of 6 OK hook: SAM.on-run-end.0 ............................................... [ALTER DEFAULT PRIVILEGES in 0.00s]
[2022-06-20 04:29:38,969] {subprocess.py:92} INFO - [0m04:29:38  2 of 6 START hook: SAM.on-run-end.1 ............................................ [RUN]
[2022-06-20 04:29:38,971] {subprocess.py:92} INFO - [0m04:29:38  2 of 6 OK hook: SAM.on-run-end.1 ............................................... [ALTER DEFAULT PRIVILEGES in 0.00s]
[2022-06-20 04:29:38,973] {subprocess.py:92} INFO - [0m04:29:38  3 of 6 START hook: SAM.on-run-end.2 ............................................ [RUN]
[2022-06-20 04:29:38,975] {subprocess.py:92} INFO - [0m04:29:38  3 of 6 OK hook: SAM.on-run-end.2 ............................................... [ALTER DEFAULT PRIVILEGES in 0.00s]
[2022-06-20 04:29:38,978] {subprocess.py:92} INFO - [0m04:29:38  4 of 6 START hook: SAM.on-run-end.3 ............................................ [RUN]
[2022-06-20 04:29:38,980] {subprocess.py:92} INFO - [0m04:29:38  4 of 6 OK hook: SAM.on-run-end.3 ............................................... [ALTER DEFAULT PRIVILEGES in 0.00s]
[2022-06-20 04:29:38,982] {subprocess.py:92} INFO - [0m04:29:38  5 of 6 START hook: SAM.on-run-end.4 ............................................ [RUN]
[2022-06-20 04:29:38,984] {subprocess.py:92} INFO - [0m04:29:38  5 of 6 OK hook: SAM.on-run-end.4 ............................................... [ALTER DEFAULT PRIVILEGES in 0.00s]
[2022-06-20 04:29:38,987] {subprocess.py:92} INFO - [0m04:29:38  6 of 6 START hook: SAM.on-run-end.5 ............................................ [RUN]
[2022-06-20 04:29:38,989] {subprocess.py:92} INFO - [0m04:29:38  6 of 6 OK hook: SAM.on-run-end.5 ............................................... [ALTER DEFAULT PRIVILEGES in 0.00s]
[2022-06-20 04:29:38,989] {subprocess.py:92} INFO - [0m04:29:38
[2022-06-20 04:29:38,990] {subprocess.py:92} INFO - [0m04:29:38
[2022-06-20 04:29:38,990] {subprocess.py:92} INFO - [0m04:29:38  Finished running 1 table model, 6 hooks in 0.22s.
[2022-06-20 04:29:38,996] {subprocess.py:92} INFO - [0m04:29:38
[2022-06-20 04:29:38,997] {subprocess.py:92} INFO - [0m04:29:38  Completed successfully
[2022-06-20 04:29:38,997] {subprocess.py:92} INFO - [0m04:29:38
[2022-06-20 04:29:38,998] {subprocess.py:92} INFO - [0m04:29:38  Done. PASS=1 WARN=0 ERROR=0 SKIP=0 TOTAL=1
[2022-06-20 04:29:39,115] {subprocess.py:96} INFO - Command exited with return code 0
[2022-06-20 04:29:39,139] {taskinstance.py:1400} INFO - Marking task as SUCCESS. dag_id=T-dbt-job-facts, task_id=dbt_clone_and_transform-facts, execution_date=20220620T022859, start_date=20220620T042900, end_date=20220620T042939
[2022-06-20 04:29:39,159] {local_task_job.py:156} INFO - Task exited with return code 0
[2022-06-20 04:29:39,191] {local_task_job.py:273} INFO - 1 downstream tasks scheduled from follow-on schedule check
