[2022-06-12 01:30:43,282] {taskinstance.py:1159} INFO - Dependencies all met for <TaskInstance: T-dbt-job-cdc_load.dbt_cleanup-cdc_load scheduled__2022-06-11T23:30:39.272850+00:00 [queued]>
[2022-06-12 01:30:43,290] {taskinstance.py:1159} INFO - Dependencies all met for <TaskInstance: T-dbt-job-cdc_load.dbt_cleanup-cdc_load scheduled__2022-06-11T23:30:39.272850+00:00 [queued]>
[2022-06-12 01:30:43,291] {taskinstance.py:1356} INFO - 
--------------------------------------------------------------------------------
[2022-06-12 01:30:43,291] {taskinstance.py:1357} INFO - Starting attempt 1 of 2
[2022-06-12 01:30:43,291] {taskinstance.py:1358} INFO - 
--------------------------------------------------------------------------------
[2022-06-12 01:30:43,302] {taskinstance.py:1377} INFO - Executing <Task(BashOperator): dbt_cleanup-cdc_load> on 2022-06-11 23:30:39.272850+00:00
[2022-06-12 01:30:43,307] {standard_task_runner.py:52} INFO - Started process 1687 to run task
[2022-06-12 01:30:43,310] {standard_task_runner.py:79} INFO - Running: ['airflow', 'tasks', 'run', 'T-dbt-job-cdc_load', 'dbt_cleanup-cdc_load', 'scheduled__2022-06-11T23:30:39.272850+00:00', '--job-id', '58', '--raw', '--subdir', 'DAGS_FOLDER/docker_job/dbt_test.py', '--cfg-path', '/tmp/tmp1a6439rl', '--error-file', '/tmp/tmpizxqakuw']
[2022-06-12 01:30:43,310] {standard_task_runner.py:80} INFO - Job 58: Subtask dbt_cleanup-cdc_load
[2022-06-12 01:30:43,321] {warnings.py:110} WARNING - /home/airflow/.local/lib/python3.7/site-packages/airflow/configuration.py:525: DeprecationWarning: The sql_alchemy_conn option in [core] has been moved to the sql_alchemy_conn option in [database] - the old setting has been used, but please update your config.
  option = self._get_environment_variables(deprecated_key, deprecated_section, key, section)

[2022-06-12 01:30:43,359] {task_command.py:370} INFO - Running <TaskInstance: T-dbt-job-cdc_load.dbt_cleanup-cdc_load scheduled__2022-06-11T23:30:39.272850+00:00 [running]> on host e926c0944008
[2022-06-12 01:30:43,422] {taskinstance.py:1571} INFO - Exporting the following env vars:
AIRFLOW_CTX_DAG_EMAIL=samuelolle@yahoo.com
AIRFLOW_CTX_DAG_OWNER=airflow
AIRFLOW_CTX_DAG_ID=T-dbt-job-cdc_load
AIRFLOW_CTX_TASK_ID=dbt_cleanup-cdc_load
AIRFLOW_CTX_EXECUTION_DATE=2022-06-11T23:30:39.272850+00:00
AIRFLOW_CTX_TRY_NUMBER=1
AIRFLOW_CTX_DAG_RUN_ID=scheduled__2022-06-11T23:30:39.272850+00:00
[2022-06-12 01:30:43,423] {subprocess.py:62} INFO - Tmp dir root location: 
 /tmp
[2022-06-12 01:30:43,423] {subprocess.py:74} INFO - Running command: ['bash', '-c', 'rm -rf /tmp/cdc_load && rm -rf /tmp/tmp* 2>/dev/null || exit 0']
[2022-06-12 01:30:43,433] {subprocess.py:85} INFO - Output:
[2022-06-12 01:30:43,439] {subprocess.py:96} INFO - Command exited with return code 0
[2022-06-12 01:30:43,465] {taskinstance.py:1400} INFO - Marking task as SUCCESS. dag_id=T-dbt-job-cdc_load, task_id=dbt_cleanup-cdc_load, execution_date=20220611T233039, start_date=20220612T013043, end_date=20220612T013043
[2022-06-12 01:30:43,482] {local_task_job.py:156} INFO - Task exited with return code 0
[2022-06-12 01:30:43,528] {local_task_job.py:273} INFO - 0 downstream tasks scheduled from follow-on schedule check
