[2022-06-16 21:15:55,341] {taskinstance.py:1159} INFO - Dependencies all met for <TaskInstance: Job-pts.start_clean-pts scheduled__2022-06-16T18:45:53.401537+00:00 [queued]>
[2022-06-16 21:15:55,350] {taskinstance.py:1159} INFO - Dependencies all met for <TaskInstance: Job-pts.start_clean-pts scheduled__2022-06-16T18:45:53.401537+00:00 [queued]>
[2022-06-16 21:15:55,350] {taskinstance.py:1356} INFO - 
--------------------------------------------------------------------------------
[2022-06-16 21:15:55,350] {taskinstance.py:1357} INFO - Starting attempt 1 of 6
[2022-06-16 21:15:55,350] {taskinstance.py:1358} INFO - 
--------------------------------------------------------------------------------
[2022-06-16 21:15:55,371] {taskinstance.py:1377} INFO - Executing <Task(BashOperator): start_clean-pts> on 2022-06-16 18:45:53.401537+00:00
[2022-06-16 21:15:55,375] {standard_task_runner.py:52} INFO - Started process 10185 to run task
[2022-06-16 21:15:55,381] {standard_task_runner.py:79} INFO - Running: ['airflow', 'tasks', 'run', 'Job-pts', 'start_clean-pts', 'scheduled__2022-06-16T18:45:53.401537+00:00', '--job-id', '182', '--raw', '--subdir', 'DAGS_FOLDER/docker_job/price_scale.py', '--cfg-path', '/tmp/tmp8b1_ahsh', '--error-file', '/tmp/tmpvf6g8viy']
[2022-06-16 21:15:55,381] {standard_task_runner.py:80} INFO - Job 182: Subtask start_clean-pts
[2022-06-16 21:15:55,396] {warnings.py:110} WARNING - /home/airflow/.local/lib/python3.7/site-packages/airflow/configuration.py:525: DeprecationWarning: The sql_alchemy_conn option in [core] has been moved to the sql_alchemy_conn option in [database] - the old setting has been used, but please update your config.
  option = self._get_environment_variables(deprecated_key, deprecated_section, key, section)

[2022-06-16 21:15:55,450] {task_command.py:370} INFO - Running <TaskInstance: Job-pts.start_clean-pts scheduled__2022-06-16T18:45:53.401537+00:00 [running]> on host 2d9e52ec85d2
[2022-06-16 21:15:55,537] {taskinstance.py:1571} INFO - Exporting the following env vars:
AIRFLOW_CTX_DAG_EMAIL=samuel.momoh-olle@asgoodasnew.com
AIRFLOW_CTX_DAG_OWNER=airflow
AIRFLOW_CTX_DAG_ID=Job-pts
AIRFLOW_CTX_TASK_ID=start_clean-pts
AIRFLOW_CTX_EXECUTION_DATE=2022-06-16T18:45:53.401537+00:00
AIRFLOW_CTX_TRY_NUMBER=1
AIRFLOW_CTX_DAG_RUN_ID=scheduled__2022-06-16T18:45:53.401537+00:00
[2022-06-16 21:15:55,538] {subprocess.py:62} INFO - Tmp dir root location: 
 /tmp
[2022-06-16 21:15:55,539] {subprocess.py:74} INFO - Running command: ['bash', '-c', 'pkill chrome 2>/dev/null || exit 0 && rm -rf /tmp/.* 2>/dev/null || exit 0&& rm -rf /tmp/* 2>/dev/null || exit 0&& rm -rf /tmp/.p* 2>/dev/null || exit 0']
[2022-06-16 21:15:55,548] {subprocess.py:85} INFO - Output:
[2022-06-16 21:15:55,551] {subprocess.py:96} INFO - Command exited with return code 0
[2022-06-16 21:15:55,582] {taskinstance.py:1400} INFO - Marking task as SUCCESS. dag_id=Job-pts, task_id=start_clean-pts, execution_date=20220616T184553, start_date=20220616T211555, end_date=20220616T211555
[2022-06-16 21:15:55,612] {local_task_job.py:156} INFO - Task exited with return code 0
[2022-06-16 21:15:55,655] {local_task_job.py:273} INFO - 1 downstream tasks scheduled from follow-on schedule check
