[2022-06-11 18:40:58,972] {taskinstance.py:1159} INFO - Dependencies all met for <TaskInstance: T-dbt-job-objects.dbt_clone_and_transform-objects manual__2022-06-11T18:40:55.070258+00:00 [queued]>
[2022-06-11 18:40:58,983] {taskinstance.py:1159} INFO - Dependencies all met for <TaskInstance: T-dbt-job-objects.dbt_clone_and_transform-objects manual__2022-06-11T18:40:55.070258+00:00 [queued]>
[2022-06-11 18:40:58,983] {taskinstance.py:1356} INFO - 
--------------------------------------------------------------------------------
[2022-06-11 18:40:58,983] {taskinstance.py:1357} INFO - Starting attempt 1 of 2
[2022-06-11 18:40:58,983] {taskinstance.py:1358} INFO - 
--------------------------------------------------------------------------------
[2022-06-11 18:40:59,001] {taskinstance.py:1377} INFO - Executing <Task(BashOperator): dbt_clone_and_transform-objects> on 2022-06-11 18:40:55.070258+00:00
[2022-06-11 18:40:59,008] {standard_task_runner.py:52} INFO - Started process 1595 to run task
[2022-06-11 18:40:59,012] {standard_task_runner.py:79} INFO - Running: ['airflow', 'tasks', 'run', 'T-dbt-job-objects', 'dbt_clone_and_transform-objects', 'manual__2022-06-11T18:40:55.070258+00:00', '--job-id', '96', '--raw', '--subdir', 'DAGS_FOLDER/docker_job/dbt_test.py', '--cfg-path', '/tmp/tmpxv8br1iy', '--error-file', '/tmp/tmpnci88ds3']
[2022-06-11 18:40:59,013] {standard_task_runner.py:80} INFO - Job 96: Subtask dbt_clone_and_transform-objects
[2022-06-11 18:40:59,077] {task_command.py:370} INFO - Running <TaskInstance: T-dbt-job-objects.dbt_clone_and_transform-objects manual__2022-06-11T18:40:55.070258+00:00 [running]> on host d8836eb746ac
[2022-06-11 18:40:59,175] {taskinstance.py:1571} INFO - Exporting the following env vars:
AIRFLOW_CTX_DAG_EMAIL=samuelolle@yahoo.com
AIRFLOW_CTX_DAG_OWNER=airflow
AIRFLOW_CTX_DAG_ID=T-dbt-job-objects
AIRFLOW_CTX_TASK_ID=dbt_clone_and_transform-objects
AIRFLOW_CTX_EXECUTION_DATE=2022-06-11T18:40:55.070258+00:00
AIRFLOW_CTX_TRY_NUMBER=1
AIRFLOW_CTX_DAG_RUN_ID=manual__2022-06-11T18:40:55.070258+00:00
[2022-06-11 18:40:59,176] {subprocess.py:62} INFO - Tmp dir root location: 
 /tmp
[2022-06-11 18:40:59,176] {subprocess.py:74} INFO - Running command: ['bash', '-c', " rm -rf /tmp/objects && mkdir /tmp/objects                            && cp -r /tmp/dbt /tmp/objects/dbt                             && cd /tmp/objects/dbt && python3 -m venv venv                             && export PIP_USER=false                             && *** /tmp/objects/dbt/venv/bin/activate                             && pip  install --quiet --upgrade pip setuptools                             && pip3 install --quiet 'MarkupSafe<=2.0.1' 'dbt-postgres' 'dbt-core'                             && dbt --version && deactivate                             && cd /tmp/objects/dbt && *** /tmp/objects/dbt/venv/bin/activate                             && dbt deps --profiles-dir /tmp/objects/dbt/ && dbt seed --profiles-dir /tmp/objects/dbt/                             && dbt run --models objects --profiles-dir /tmp/objects/dbt/"]
[2022-06-11 18:40:59,193] {subprocess.py:85} INFO - Output:
[2022-06-11 18:41:38,930] {subprocess.py:92} INFO - Core:
[2022-06-11 18:41:38,931] {subprocess.py:92} INFO -   - installed: 1.1.0
[2022-06-11 18:41:38,931] {subprocess.py:92} INFO -   - latest:    1.1.0 - [32mUp to date![0m
[2022-06-11 18:41:38,931] {subprocess.py:92} INFO - 
[2022-06-11 18:41:38,931] {subprocess.py:92} INFO - Plugins:
[2022-06-11 18:41:38,931] {subprocess.py:92} INFO -   - postgres: 1.1.0 - [32mUp to date![0m
[2022-06-11 18:41:42,156] {subprocess.py:92} INFO - [0m18:41:42  Running with dbt=1.1.0
[2022-06-11 18:41:42,157] {subprocess.py:92} INFO - [0m18:41:42  Warning: No packages were found in packages.yml
[2022-06-11 18:41:45,382] {subprocess.py:92} INFO - [0m18:41:45  Running with dbt=1.1.0
[2022-06-11 18:41:45,401] {subprocess.py:92} INFO - [0m18:41:45  Partial parse save file not found. Starting full parse.
[2022-06-11 18:41:46,089] {subprocess.py:92} INFO - [0m18:41:46  [WARNING]: Configuration paths exist in your dbt_project.yml file which do not apply to any re***s.
[2022-06-11 18:41:46,090] {subprocess.py:92} INFO - There are 1 unused configuration paths:
[2022-06-11 18:41:46,090] {subprocess.py:92} INFO - - seeds.SAM
[2022-06-11 18:41:46,090] {subprocess.py:92} INFO - 
[2022-06-11 18:41:46,104] {subprocess.py:92} INFO - [0m18:41:46  Found 4 models, 6 tests, 0 snapshots, 0 analyses, 171 macros, 4 operations, 0 seed files, 4 ***s, 0 exposures, 0 metrics
[2022-06-11 18:41:46,106] {subprocess.py:92} INFO - [0m18:41:46
[2022-06-11 18:41:46,106] {subprocess.py:92} INFO - [0m18:41:46  [WARNING]: Nothing to do. Try checking your model configs and model specification args
[2022-06-11 18:41:46,112] {subprocess.py:92} INFO - [0m18:41:46
[2022-06-11 18:41:46,112] {subprocess.py:92} INFO - [0m18:41:46  Completed successfully
[2022-06-11 18:41:46,113] {subprocess.py:92} INFO - [0m18:41:46
[2022-06-11 18:41:46,113] {subprocess.py:92} INFO - [0m18:41:46  Done. PASS=0 WARN=0 ERROR=0 SKIP=0 TOTAL=0
[2022-06-11 18:41:49,289] {subprocess.py:92} INFO - [0m18:41:49  Running with dbt=1.1.0
[2022-06-11 18:41:49,327] {subprocess.py:92} INFO - [0m18:41:49  [WARNING]: Configuration paths exist in your dbt_project.yml file which do not apply to any re***s.
[2022-06-11 18:41:49,328] {subprocess.py:92} INFO - There are 1 unused configuration paths:
[2022-06-11 18:41:49,328] {subprocess.py:92} INFO - - seeds.SAM
[2022-06-11 18:41:49,328] {subprocess.py:92} INFO - 
[2022-06-11 18:41:49,343] {subprocess.py:92} INFO - [0m18:41:49  Found 4 models, 6 tests, 0 snapshots, 0 analyses, 171 macros, 4 operations, 0 seed files, 4 ***s, 0 exposures, 0 metrics
[2022-06-11 18:41:49,345] {subprocess.py:92} INFO - [0m18:41:49
[2022-06-11 18:41:49,431] {subprocess.py:92} INFO - [0m18:41:49  Concurrency: 4 threads (target='dev')
[2022-06-11 18:41:49,432] {subprocess.py:92} INFO - [0m18:41:49
[2022-06-11 18:41:49,441] {subprocess.py:92} INFO - [0m18:41:49  1 of 1 START table model analytics_object.obj_walls ............................ [RUN]
[2022-06-11 18:41:49,521] {subprocess.py:92} INFO - [0m18:41:49  1 of 1 OK created table model analytics_object.obj_walls ....................... [SELECT 36 in 0.08s]
[2022-06-11 18:41:49,547] {subprocess.py:92} INFO - [0m18:41:49
[2022-06-11 18:41:49,547] {subprocess.py:92} INFO - [0m18:41:49  Running 4 on-run-end hooks
[2022-06-11 18:41:49,553] {subprocess.py:92} INFO - [0m18:41:49  1 of 4 START hook: SAM.on-run-end.0 ............................................ [RUN]
[2022-06-11 18:41:49,557] {subprocess.py:92} INFO - [0m18:41:49  1 of 4 OK hook: SAM.on-run-end.0 ............................................... [ALTER DEFAULT PRIVILEGES in 0.00s]
[2022-06-11 18:41:49,564] {subprocess.py:92} INFO - [0m18:41:49  2 of 4 START hook: SAM.on-run-end.1 ............................................ [RUN]
[2022-06-11 18:41:49,567] {subprocess.py:92} INFO - [0m18:41:49  2 of 4 OK hook: SAM.on-run-end.1 ............................................... [ALTER DEFAULT PRIVILEGES in 0.00s]
[2022-06-11 18:41:49,572] {subprocess.py:92} INFO - [0m18:41:49  3 of 4 START hook: SAM.on-run-end.2 ............................................ [RUN]
[2022-06-11 18:41:49,574] {subprocess.py:92} INFO - [0m18:41:49  3 of 4 OK hook: SAM.on-run-end.2 ............................................... [ALTER DEFAULT PRIVILEGES in 0.00s]
[2022-06-11 18:41:49,578] {subprocess.py:92} INFO - [0m18:41:49  4 of 4 START hook: SAM.on-run-end.3 ............................................ [RUN]
[2022-06-11 18:41:49,580] {subprocess.py:92} INFO - [0m18:41:49  4 of 4 OK hook: SAM.on-run-end.3 ............................................... [ALTER DEFAULT PRIVILEGES in 0.00s]
[2022-06-11 18:41:49,581] {subprocess.py:92} INFO - [0m18:41:49
[2022-06-11 18:41:49,582] {subprocess.py:92} INFO - [0m18:41:49
[2022-06-11 18:41:49,582] {subprocess.py:92} INFO - [0m18:41:49  Finished running 1 table model, 4 hooks in 0.24s.
[2022-06-11 18:41:49,588] {subprocess.py:92} INFO - [0m18:41:49
[2022-06-11 18:41:49,590] {subprocess.py:92} INFO - [0m18:41:49  Completed successfully
[2022-06-11 18:41:49,590] {subprocess.py:92} INFO - [0m18:41:49
[2022-06-11 18:41:49,591] {subprocess.py:92} INFO - [0m18:41:49  Done. PASS=1 WARN=0 ERROR=0 SKIP=0 TOTAL=1
[2022-06-11 18:41:49,879] {subprocess.py:96} INFO - Command exited with return code 0
[2022-06-11 18:41:49,916] {taskinstance.py:1400} INFO - Marking task as SUCCESS. dag_id=T-dbt-job-objects, task_id=dbt_clone_and_transform-objects, execution_date=20220611T184055, start_date=20220611T184058, end_date=20220611T184149
[2022-06-11 18:41:49,949] {local_task_job.py:156} INFO - Task exited with return code 0
[2022-06-11 18:41:49,981] {local_task_job.py:273} INFO - 1 downstream tasks scheduled from follow-on schedule check
