[2022-06-12 02:14:17,649] {taskinstance.py:1159} INFO - Dependencies all met for <TaskInstance: T-dbt-job-dimensions.dbt_clone_and_transform-dimensions manual__2022-06-12T02:08:02.370545+00:00 [queued]>
[2022-06-12 02:14:17,658] {taskinstance.py:1159} INFO - Dependencies all met for <TaskInstance: T-dbt-job-dimensions.dbt_clone_and_transform-dimensions manual__2022-06-12T02:08:02.370545+00:00 [queued]>
[2022-06-12 02:14:17,659] {taskinstance.py:1356} INFO - 
--------------------------------------------------------------------------------
[2022-06-12 02:14:17,659] {taskinstance.py:1357} INFO - Starting attempt 3 of 4
[2022-06-12 02:14:17,659] {taskinstance.py:1358} INFO - 
--------------------------------------------------------------------------------
[2022-06-12 02:14:17,672] {taskinstance.py:1377} INFO - Executing <Task(BashOperator): dbt_clone_and_transform-dimensions> on 2022-06-12 02:08:02.370545+00:00
[2022-06-12 02:14:17,678] {standard_task_runner.py:52} INFO - Started process 2344 to run task
[2022-06-12 02:14:17,681] {standard_task_runner.py:79} INFO - Running: ['airflow', 'tasks', 'run', 'T-dbt-job-dimensions', 'dbt_clone_and_transform-dimensions', 'manual__2022-06-12T02:08:02.370545+00:00', '--job-id', '71', '--raw', '--subdir', 'DAGS_FOLDER/docker_job/dbt_model.py', '--cfg-path', '/tmp/tmpp5l8c4hd', '--error-file', '/tmp/tmpmlmbufof']
[2022-06-12 02:14:17,681] {standard_task_runner.py:80} INFO - Job 71: Subtask dbt_clone_and_transform-dimensions
[2022-06-12 02:14:17,730] {task_command.py:370} INFO - Running <TaskInstance: T-dbt-job-dimensions.dbt_clone_and_transform-dimensions manual__2022-06-12T02:08:02.370545+00:00 [running]> on host e926c0944008
[2022-06-12 02:14:17,791] {taskinstance.py:1571} INFO - Exporting the following env vars:
AIRFLOW_CTX_DAG_EMAIL=samuelolle@yahoo.com
AIRFLOW_CTX_DAG_OWNER=airflow
AIRFLOW_CTX_DAG_ID=T-dbt-job-dimensions
AIRFLOW_CTX_TASK_ID=dbt_clone_and_transform-dimensions
AIRFLOW_CTX_EXECUTION_DATE=2022-06-12T02:08:02.370545+00:00
AIRFLOW_CTX_TRY_NUMBER=3
AIRFLOW_CTX_DAG_RUN_ID=manual__2022-06-12T02:08:02.370545+00:00
[2022-06-12 02:14:17,792] {subprocess.py:62} INFO - Tmp dir root location: 
 /tmp
[2022-06-12 02:14:17,793] {subprocess.py:74} INFO - Running command: ['bash', '-c', " rm -rf /tmp/dimensions && mkdir /tmp/dimensions                            && cp -r /tmp/dbt /tmp/dimensions/dbt                             && cd /tmp/dimensions/dbt && python3 -m venv venv                             && export PIP_USER=false                             && *** /tmp/dimensions/dbt/venv/bin/activate                             && pip  install --quiet --upgrade pip setuptools                             && pip3 install --quiet 'MarkupSafe<=2.0.1' 'dbt-postgres' 'dbt-core'                             && dbt --version && deactivate                             && cd /tmp/dimensions/dbt && *** /tmp/dimensions/dbt/venv/bin/activate                             && dbt deps --profiles-dir /tmp/dimensions/dbt/ && dbt seed --profiles-dir /tmp/dimensions/dbt/                             && dbt run --models dimensions --profiles-dir /tmp/dimensions/dbt/"]
[2022-06-12 02:14:17,804] {subprocess.py:85} INFO - Output:
[2022-06-12 02:14:52,544] {subprocess.py:92} INFO - Core:
[2022-06-12 02:14:52,545] {subprocess.py:92} INFO -   - installed: 1.1.0
[2022-06-12 02:14:52,545] {subprocess.py:92} INFO -   - latest:    1.1.0 - [32mUp to date![0m
[2022-06-12 02:14:52,545] {subprocess.py:92} INFO - 
[2022-06-12 02:14:52,545] {subprocess.py:92} INFO - Plugins:
[2022-06-12 02:14:52,545] {subprocess.py:92} INFO -   - postgres: 1.1.0 - [32mUp to date![0m
[2022-06-12 02:14:55,498] {subprocess.py:92} INFO - [0m02:14:55  Running with dbt=1.1.0
[2022-06-12 02:14:55,499] {subprocess.py:92} INFO - [0m02:14:55  Warning: No packages were found in packages.yml
[2022-06-12 02:14:58,392] {subprocess.py:92} INFO - [0m02:14:58  Running with dbt=1.1.0
[2022-06-12 02:14:58,405] {subprocess.py:92} INFO - [0m02:14:58  Partial parse save file not found. Starting full parse.
[2022-06-12 02:14:59,008] {subprocess.py:92} INFO - [0m02:14:59  [WARNING]: Configuration paths exist in your dbt_project.yml file which do not apply to any re***s.
[2022-06-12 02:14:59,009] {subprocess.py:92} INFO - There are 1 unused configuration paths:
[2022-06-12 02:14:59,009] {subprocess.py:92} INFO - - seeds.SAM
[2022-06-12 02:14:59,009] {subprocess.py:92} INFO - 
[2022-06-12 02:14:59,019] {subprocess.py:92} INFO - [0m02:14:59  Found 5 models, 6 tests, 0 snapshots, 0 analyses, 171 macros, 6 operations, 0 seed files, 4 ***s, 0 exposures, 0 metrics
[2022-06-12 02:14:59,021] {subprocess.py:92} INFO - [0m02:14:59
[2022-06-12 02:14:59,021] {subprocess.py:92} INFO - [0m02:14:59  [WARNING]: Nothing to do. Try checking your model configs and model specification args
[2022-06-12 02:14:59,027] {subprocess.py:92} INFO - [0m02:14:59
[2022-06-12 02:14:59,027] {subprocess.py:92} INFO - [0m02:14:59  Completed successfully
[2022-06-12 02:14:59,028] {subprocess.py:92} INFO - [0m02:14:59
[2022-06-12 02:14:59,028] {subprocess.py:92} INFO - [0m02:14:59  Done. PASS=0 WARN=0 ERROR=0 SKIP=0 TOTAL=0
[2022-06-12 02:15:01,765] {subprocess.py:92} INFO - [0m02:15:01  Running with dbt=1.1.0
[2022-06-12 02:15:01,798] {subprocess.py:92} INFO - [0m02:15:01  [WARNING]: Configuration paths exist in your dbt_project.yml file which do not apply to any re***s.
[2022-06-12 02:15:01,798] {subprocess.py:92} INFO - There are 1 unused configuration paths:
[2022-06-12 02:15:01,798] {subprocess.py:92} INFO - - seeds.SAM
[2022-06-12 02:15:01,798] {subprocess.py:92} INFO - 
[2022-06-12 02:15:01,811] {subprocess.py:92} INFO - [0m02:15:01  Found 5 models, 6 tests, 0 snapshots, 0 analyses, 171 macros, 6 operations, 0 seed files, 4 ***s, 0 exposures, 0 metrics
[2022-06-12 02:15:01,813] {subprocess.py:92} INFO - [0m02:15:01
[2022-06-12 02:15:01,876] {subprocess.py:92} INFO - [0m02:15:01  Concurrency: 4 threads (target='dev')
[2022-06-12 02:15:01,876] {subprocess.py:92} INFO - [0m02:15:01
[2022-06-12 02:15:01,882] {subprocess.py:92} INFO - [0m02:15:01  1 of 2 START table model analytics_objects_analytics_dim.dim_date .............. [RUN]
[2022-06-12 02:15:01,883] {subprocess.py:92} INFO - [0m02:15:01  2 of 2 START incremental model analytics_objects_analytics_dim.dim_walls ....... [RUN]
[2022-06-12 02:15:02,006] {subprocess.py:92} INFO - [0m02:15:02  2 of 2 OK created incremental model analytics_objects_analytics_dim.dim_walls .. [SELECT 0 in 0.12s]
[2022-06-12 02:15:02,021] {subprocess.py:92} INFO - [0m02:15:02  1 of 2 OK created table model analytics_objects_analytics_dim.dim_date ......... [SELECT 546 in 0.14s]
[2022-06-12 02:15:02,095] {subprocess.py:92} INFO - [0m02:15:02
[2022-06-12 02:15:02,095] {subprocess.py:92} INFO - [0m02:15:02  Running 6 on-run-end hooks
[2022-06-12 02:15:02,101] {subprocess.py:92} INFO - [0m02:15:02  1 of 6 START hook: SAM.on-run-end.0 ............................................ [RUN]
[2022-06-12 02:15:02,103] {subprocess.py:92} INFO - [0m02:15:02  1 of 6 OK hook: SAM.on-run-end.0 ............................................... [ALTER DEFAULT PRIVILEGES in 0.00s]
[2022-06-12 02:15:02,108] {subprocess.py:92} INFO - [0m02:15:02  2 of 6 START hook: SAM.on-run-end.1 ............................................ [RUN]
[2022-06-12 02:15:02,110] {subprocess.py:92} INFO - [0m02:15:02  2 of 6 OK hook: SAM.on-run-end.1 ............................................... [ALTER DEFAULT PRIVILEGES in 0.00s]
[2022-06-12 02:15:02,114] {subprocess.py:92} INFO - [0m02:15:02  3 of 6 START hook: SAM.on-run-end.2 ............................................ [RUN]
[2022-06-12 02:15:02,116] {subprocess.py:92} INFO - [0m02:15:02  3 of 6 OK hook: SAM.on-run-end.2 ............................................... [ALTER DEFAULT PRIVILEGES in 0.00s]
[2022-06-12 02:15:02,119] {subprocess.py:92} INFO - [0m02:15:02  4 of 6 START hook: SAM.on-run-end.3 ............................................ [RUN]
[2022-06-12 02:15:02,122] {subprocess.py:92} INFO - [0m02:15:02  4 of 6 OK hook: SAM.on-run-end.3 ............................................... [ALTER DEFAULT PRIVILEGES in 0.00s]
[2022-06-12 02:15:02,126] {subprocess.py:92} INFO - [0m02:15:02  5 of 6 START hook: SAM.on-run-end.4 ............................................ [RUN]
[2022-06-12 02:15:02,129] {subprocess.py:92} INFO - [0m02:15:02  5 of 6 OK hook: SAM.on-run-end.4 ............................................... [ALTER DEFAULT PRIVILEGES in 0.00s]
[2022-06-12 02:15:02,132] {subprocess.py:92} INFO - [0m02:15:02  6 of 6 START hook: SAM.on-run-end.5 ............................................ [RUN]
[2022-06-12 02:15:02,135] {subprocess.py:92} INFO - [0m02:15:02  6 of 6 OK hook: SAM.on-run-end.5 ............................................... [ALTER DEFAULT PRIVILEGES in 0.00s]
[2022-06-12 02:15:02,136] {subprocess.py:92} INFO - [0m02:15:02
[2022-06-12 02:15:02,136] {subprocess.py:92} INFO - [0m02:15:02
[2022-06-12 02:15:02,136] {subprocess.py:92} INFO - [0m02:15:02  Finished running 1 incremental model, 1 table model, 6 hooks in 0.32s.
[2022-06-12 02:15:02,142] {subprocess.py:92} INFO - [0m02:15:02
[2022-06-12 02:15:02,143] {subprocess.py:92} INFO - [0m02:15:02  Completed successfully
[2022-06-12 02:15:02,143] {subprocess.py:92} INFO - [0m02:15:02
[2022-06-12 02:15:02,143] {subprocess.py:92} INFO - [0m02:15:02  Done. PASS=2 WARN=0 ERROR=0 SKIP=0 TOTAL=2
[2022-06-12 02:15:02,303] {subprocess.py:96} INFO - Command exited with return code 0
[2022-06-12 02:15:02,330] {taskinstance.py:1400} INFO - Marking task as SUCCESS. dag_id=T-dbt-job-dimensions, task_id=dbt_clone_and_transform-dimensions, execution_date=20220612T020802, start_date=20220612T021417, end_date=20220612T021502
[2022-06-12 02:15:02,346] {local_task_job.py:156} INFO - Task exited with return code 0
[2022-06-12 02:15:02,371] {local_task_job.py:273} INFO - 1 downstream tasks scheduled from follow-on schedule check
