[2022-06-20 05:19:50,781] {taskinstance.py:1159} INFO - Dependencies all met for <TaskInstance: T-dbt-job-dimensions.dbt_cleanup-dimensions scheduled__2022-06-20T03:19:09.698950+00:00 [queued]>
[2022-06-20 05:19:50,790] {taskinstance.py:1159} INFO - Dependencies all met for <TaskInstance: T-dbt-job-dimensions.dbt_cleanup-dimensions scheduled__2022-06-20T03:19:09.698950+00:00 [queued]>
[2022-06-20 05:19:50,790] {taskinstance.py:1356} INFO - 
--------------------------------------------------------------------------------
[2022-06-20 05:19:50,790] {taskinstance.py:1357} INFO - Starting attempt 1 of 2
[2022-06-20 05:19:50,790] {taskinstance.py:1358} INFO - 
--------------------------------------------------------------------------------
[2022-06-20 05:19:50,802] {taskinstance.py:1377} INFO - Executing <Task(BashOperator): dbt_cleanup-dimensions> on 2022-06-20 03:19:09.698950+00:00
[2022-06-20 05:19:50,805] {standard_task_runner.py:52} INFO - Started process 2378 to run task
[2022-06-20 05:19:50,808] {standard_task_runner.py:79} INFO - Running: ['airflow', 'tasks', 'run', 'T-dbt-job-dimensions', 'dbt_cleanup-dimensions', 'scheduled__2022-06-20T03:19:09.698950+00:00', '--job-id', '90', '--raw', '--subdir', 'DAGS_FOLDER/docker_job/dbt_model.py', '--cfg-path', '/tmp/tmpxcum3179', '--error-file', '/tmp/tmpyr3y6oft']
[2022-06-20 05:19:50,809] {standard_task_runner.py:80} INFO - Job 90: Subtask dbt_cleanup-dimensions
[2022-06-20 05:19:50,820] {warnings.py:110} WARNING - /home/airflow/.local/lib/python3.7/site-packages/airflow/configuration.py:525: DeprecationWarning: The sql_alchemy_conn option in [core] has been moved to the sql_alchemy_conn option in [database] - the old setting has been used, but please update your config.
  option = self._get_environment_variables(deprecated_key, deprecated_section, key, section)

[2022-06-20 05:19:50,853] {task_command.py:370} INFO - Running <TaskInstance: T-dbt-job-dimensions.dbt_cleanup-dimensions scheduled__2022-06-20T03:19:09.698950+00:00 [running]> on host 7cbff6e51e2a
[2022-06-20 05:19:50,910] {taskinstance.py:1571} INFO - Exporting the following env vars:
AIRFLOW_CTX_DAG_EMAIL=samuelolle@yahoo.com
AIRFLOW_CTX_DAG_OWNER=airflow
AIRFLOW_CTX_DAG_ID=T-dbt-job-dimensions
AIRFLOW_CTX_TASK_ID=dbt_cleanup-dimensions
AIRFLOW_CTX_EXECUTION_DATE=2022-06-20T03:19:09.698950+00:00
AIRFLOW_CTX_TRY_NUMBER=1
AIRFLOW_CTX_DAG_RUN_ID=scheduled__2022-06-20T03:19:09.698950+00:00
[2022-06-20 05:19:50,911] {subprocess.py:62} INFO - Tmp dir root location: 
 /tmp
[2022-06-20 05:19:50,911] {subprocess.py:74} INFO - Running command: ['bash', '-c', 'rm -rf /tmp/dimensions && rm -rf /tmp/tmp* 2>/dev/null || exit 0']
[2022-06-20 05:19:50,919] {subprocess.py:85} INFO - Output:
[2022-06-20 05:19:51,049] {subprocess.py:96} INFO - Command exited with return code 0
[2022-06-20 05:19:51,088] {taskinstance.py:1400} INFO - Marking task as SUCCESS. dag_id=T-dbt-job-dimensions, task_id=dbt_cleanup-dimensions, execution_date=20220620T031909, start_date=20220620T051950, end_date=20220620T051951
[2022-06-20 05:19:51,101] {local_task_job.py:156} INFO - Task exited with return code 0
[2022-06-20 05:19:51,126] {local_task_job.py:273} INFO - 0 downstream tasks scheduled from follow-on schedule check
