[2022-06-19 21:19:12,886] {taskinstance.py:1159} INFO - Dependencies all met for <TaskInstance: T-dbt-job-dimensions.dbt_clone_and_transform-dimensions scheduled__2022-06-19T19:19:09.698950+00:00 [queued]>
[2022-06-19 21:19:12,893] {taskinstance.py:1159} INFO - Dependencies all met for <TaskInstance: T-dbt-job-dimensions.dbt_clone_and_transform-dimensions scheduled__2022-06-19T19:19:09.698950+00:00 [queued]>
[2022-06-19 21:19:12,894] {taskinstance.py:1356} INFO - 
--------------------------------------------------------------------------------
[2022-06-19 21:19:12,894] {taskinstance.py:1357} INFO - Starting attempt 1 of 2
[2022-06-19 21:19:12,894] {taskinstance.py:1358} INFO - 
--------------------------------------------------------------------------------
[2022-06-19 21:19:12,907] {taskinstance.py:1377} INFO - Executing <Task(BashOperator): dbt_clone_and_transform-dimensions> on 2022-06-19 19:19:09.698950+00:00
[2022-06-19 21:19:12,912] {standard_task_runner.py:52} INFO - Started process 654 to run task
[2022-06-19 21:19:12,915] {standard_task_runner.py:79} INFO - Running: ['airflow', 'tasks', 'run', 'T-dbt-job-dimensions', 'dbt_clone_and_transform-dimensions', 'scheduled__2022-06-19T19:19:09.698950+00:00', '--job-id', '31', '--raw', '--subdir', 'DAGS_FOLDER/docker_job/dbt_model.py', '--cfg-path', '/tmp/tmpl0i6t6dc', '--error-file', '/tmp/tmppe4sj3iz']
[2022-06-19 21:19:12,915] {standard_task_runner.py:80} INFO - Job 31: Subtask dbt_clone_and_transform-dimensions
[2022-06-19 21:19:12,926] {warnings.py:110} WARNING - /home/airflow/.local/lib/python3.7/site-packages/airflow/configuration.py:525: DeprecationWarning: The sql_alchemy_conn option in [core] has been moved to the sql_alchemy_conn option in [database] - the old setting has been used, but please update your config.
  option = self._get_environment_variables(deprecated_key, deprecated_section, key, section)

[2022-06-19 21:19:12,961] {task_command.py:370} INFO - Running <TaskInstance: T-dbt-job-dimensions.dbt_clone_and_transform-dimensions scheduled__2022-06-19T19:19:09.698950+00:00 [running]> on host 7cbff6e51e2a
[2022-06-19 21:19:13,025] {taskinstance.py:1571} INFO - Exporting the following env vars:
AIRFLOW_CTX_DAG_EMAIL=samuelolle@yahoo.com
AIRFLOW_CTX_DAG_OWNER=airflow
AIRFLOW_CTX_DAG_ID=T-dbt-job-dimensions
AIRFLOW_CTX_TASK_ID=dbt_clone_and_transform-dimensions
AIRFLOW_CTX_EXECUTION_DATE=2022-06-19T19:19:09.698950+00:00
AIRFLOW_CTX_TRY_NUMBER=1
AIRFLOW_CTX_DAG_RUN_ID=scheduled__2022-06-19T19:19:09.698950+00:00
[2022-06-19 21:19:13,025] {subprocess.py:62} INFO - Tmp dir root location: 
 /tmp
[2022-06-19 21:19:13,026] {subprocess.py:74} INFO - Running command: ['bash', '-c', " rm -rf /tmp/dimensions && mkdir /tmp/dimensions                            && cp -r /tmp/dbt /tmp/dimensions/dbt                             && cd /tmp/dimensions/dbt && python3 -m venv venv                             && export PIP_USER=false                             && *** /tmp/dimensions/dbt/venv/bin/activate                             && pip  install --quiet --upgrade pip setuptools                             && pip3 install --quiet 'MarkupSafe<=2.0.1' 'dbt-postgres' 'dbt-core'                             && dbt --version && deactivate                             && cd /tmp/dimensions/dbt && *** /tmp/dimensions/dbt/venv/bin/activate                             && dbt deps --profiles-dir /tmp/dimensions/dbt/ && dbt seed --profiles-dir /tmp/dimensions/dbt/                             && dbt run --models dimensions --profiles-dir /tmp/dimensions/dbt/"]
[2022-06-19 21:19:13,037] {subprocess.py:85} INFO - Output:
[2022-06-19 21:19:45,744] {subprocess.py:92} INFO - Core:
[2022-06-19 21:19:45,744] {subprocess.py:92} INFO -   - installed: 1.1.1
[2022-06-19 21:19:45,744] {subprocess.py:92} INFO -   - latest:    1.1.1 - [32mUp to date![0m
[2022-06-19 21:19:45,745] {subprocess.py:92} INFO - 
[2022-06-19 21:19:45,745] {subprocess.py:92} INFO - Plugins:
[2022-06-19 21:19:45,745] {subprocess.py:92} INFO -   - postgres: 1.1.1 - [32mUp to date![0m
[2022-06-19 21:19:48,471] {subprocess.py:92} INFO - [0m21:19:48  Running with dbt=1.1.1
[2022-06-19 21:19:48,472] {subprocess.py:92} INFO - [0m21:19:48  Warning: No packages were found in packages.yml
[2022-06-19 21:19:51,249] {subprocess.py:92} INFO - [0m21:19:51  Running with dbt=1.1.1
[2022-06-19 21:19:51,262] {subprocess.py:92} INFO - [0m21:19:51  Partial parse save file not found. Starting full parse.
[2022-06-19 21:19:51,868] {subprocess.py:92} INFO - [0m21:19:51  [WARNING]: Configuration paths exist in your dbt_project.yml file which do not apply to any re***s.
[2022-06-19 21:19:51,868] {subprocess.py:92} INFO - There are 1 unused configuration paths:
[2022-06-19 21:19:51,869] {subprocess.py:92} INFO - - seeds.SAM
[2022-06-19 21:19:51,869] {subprocess.py:92} INFO - 
[2022-06-19 21:19:51,880] {subprocess.py:92} INFO - [0m21:19:51  Found 8 models, 6 tests, 0 snapshots, 0 analyses, 172 macros, 6 operations, 0 seed files, 4 ***s, 0 exposures, 0 metrics
[2022-06-19 21:19:51,882] {subprocess.py:92} INFO - [0m21:19:51
[2022-06-19 21:19:51,882] {subprocess.py:92} INFO - [0m21:19:51  [WARNING]: Nothing to do. Try checking your model configs and model specification args
[2022-06-19 21:19:51,887] {subprocess.py:92} INFO - [0m21:19:51
[2022-06-19 21:19:51,887] {subprocess.py:92} INFO - [0m21:19:51  Completed successfully
[2022-06-19 21:19:51,888] {subprocess.py:92} INFO - [0m21:19:51
[2022-06-19 21:19:51,888] {subprocess.py:92} INFO - [0m21:19:51  Done. PASS=0 WARN=0 ERROR=0 SKIP=0 TOTAL=0
[2022-06-19 21:19:54,631] {subprocess.py:92} INFO - [0m21:19:54  Running with dbt=1.1.1
[2022-06-19 21:19:54,664] {subprocess.py:92} INFO - [0m21:19:54  [WARNING]: Configuration paths exist in your dbt_project.yml file which do not apply to any re***s.
[2022-06-19 21:19:54,664] {subprocess.py:92} INFO - There are 1 unused configuration paths:
[2022-06-19 21:19:54,665] {subprocess.py:92} INFO - - seeds.SAM
[2022-06-19 21:19:54,665] {subprocess.py:92} INFO - 
[2022-06-19 21:19:54,678] {subprocess.py:92} INFO - [0m21:19:54  Found 8 models, 6 tests, 0 snapshots, 0 analyses, 172 macros, 6 operations, 0 seed files, 4 ***s, 0 exposures, 0 metrics
[2022-06-19 21:19:54,680] {subprocess.py:92} INFO - [0m21:19:54
[2022-06-19 21:19:54,743] {subprocess.py:92} INFO - [0m21:19:54  Concurrency: 4 threads (target='dev')
[2022-06-19 21:19:54,743] {subprocess.py:92} INFO - [0m21:19:54
[2022-06-19 21:19:54,752] {subprocess.py:92} INFO - [0m21:19:54  1 of 3 START table model analytics_dim.dim_date ................................ [RUN]
[2022-06-19 21:19:54,753] {subprocess.py:92} INFO - [0m21:19:54  2 of 3 START incremental model analytics_dim.dim_users ......................... [RUN]
[2022-06-19 21:19:54,754] {subprocess.py:92} INFO - [0m21:19:54  3 of 3 START incremental model analytics_dim.dim_walls ......................... [RUN]
[2022-06-19 21:19:54,930] {subprocess.py:92} INFO - [0m21:19:54  1 of 3 OK created table model analytics_dim.dim_date ........................... [SELECT 546 in 0.17s]
[2022-06-19 21:19:54,941] {subprocess.py:92} INFO - [0m21:19:54  3 of 3 OK created incremental model analytics_dim.dim_walls .................... [INSERT 0 9 in 0.19s]
[2022-06-19 21:19:54,942] {subprocess.py:92} INFO - [0m21:19:54  2 of 3 OK created incremental model analytics_dim.dim_users .................... [INSERT 0 15 in 0.19s]
[2022-06-19 21:19:54,956] {subprocess.py:92} INFO - [0m21:19:54
[2022-06-19 21:19:54,956] {subprocess.py:92} INFO - [0m21:19:54  Running 6 on-run-end hooks
[2022-06-19 21:19:54,962] {subprocess.py:92} INFO - [0m21:19:54  1 of 6 START hook: SAM.on-run-end.0 ............................................ [RUN]
[2022-06-19 21:19:54,965] {subprocess.py:92} INFO - [0m21:19:54  1 of 6 OK hook: SAM.on-run-end.0 ............................................... [ALTER DEFAULT PRIVILEGES in 0.00s]
[2022-06-19 21:19:54,970] {subprocess.py:92} INFO - [0m21:19:54  2 of 6 START hook: SAM.on-run-end.1 ............................................ [RUN]
[2022-06-19 21:19:54,972] {subprocess.py:92} INFO - [0m21:19:54  2 of 6 OK hook: SAM.on-run-end.1 ............................................... [ALTER DEFAULT PRIVILEGES in 0.00s]
[2022-06-19 21:19:54,975] {subprocess.py:92} INFO - [0m21:19:54  3 of 6 START hook: SAM.on-run-end.2 ............................................ [RUN]
[2022-06-19 21:19:54,978] {subprocess.py:92} INFO - [0m21:19:54  3 of 6 OK hook: SAM.on-run-end.2 ............................................... [ALTER DEFAULT PRIVILEGES in 0.00s]
[2022-06-19 21:19:54,981] {subprocess.py:92} INFO - [0m21:19:54  4 of 6 START hook: SAM.on-run-end.3 ............................................ [RUN]
[2022-06-19 21:19:54,984] {subprocess.py:92} INFO - [0m21:19:54  4 of 6 OK hook: SAM.on-run-end.3 ............................................... [ALTER DEFAULT PRIVILEGES in 0.00s]
[2022-06-19 21:19:54,987] {subprocess.py:92} INFO - [0m21:19:54  5 of 6 START hook: SAM.on-run-end.4 ............................................ [RUN]
[2022-06-19 21:19:54,989] {subprocess.py:92} INFO - [0m21:19:54  5 of 6 OK hook: SAM.on-run-end.4 ............................................... [ALTER DEFAULT PRIVILEGES in 0.00s]
[2022-06-19 21:19:54,992] {subprocess.py:92} INFO - [0m21:19:54  6 of 6 START hook: SAM.on-run-end.5 ............................................ [RUN]
[2022-06-19 21:19:54,994] {subprocess.py:92} INFO - [0m21:19:54  6 of 6 OK hook: SAM.on-run-end.5 ............................................... [ALTER DEFAULT PRIVILEGES in 0.00s]
[2022-06-19 21:19:54,994] {subprocess.py:92} INFO - [0m21:19:54
[2022-06-19 21:19:54,995] {subprocess.py:92} INFO - [0m21:19:54
[2022-06-19 21:19:54,996] {subprocess.py:92} INFO - [0m21:19:54  Finished running 1 table model, 2 incremental models, 6 hooks in 0.32s.
[2022-06-19 21:19:55,003] {subprocess.py:92} INFO - [0m21:19:55
[2022-06-19 21:19:55,003] {subprocess.py:92} INFO - [0m21:19:55  Completed successfully
[2022-06-19 21:19:55,003] {subprocess.py:92} INFO - [0m21:19:55
[2022-06-19 21:19:55,004] {subprocess.py:92} INFO - [0m21:19:55  Done. PASS=3 WARN=0 ERROR=0 SKIP=0 TOTAL=3
[2022-06-19 21:19:55,196] {subprocess.py:96} INFO - Command exited with return code 0
[2022-06-19 21:19:55,223] {taskinstance.py:1400} INFO - Marking task as SUCCESS. dag_id=T-dbt-job-dimensions, task_id=dbt_clone_and_transform-dimensions, execution_date=20220619T191909, start_date=20220619T211912, end_date=20220619T211955
[2022-06-19 21:19:55,243] {local_task_job.py:156} INFO - Task exited with return code 0
[2022-06-19 21:19:55,269] {local_task_job.py:273} INFO - 1 downstream tasks scheduled from follow-on schedule check
