[2022-06-13 11:09:17,427] {taskinstance.py:1159} INFO - Dependencies all met for <TaskInstance: T-dbt-job-objects.dbt_clone_and_transform-objects scheduled__2022-06-13T09:09:17.135473+00:00 [queued]>
[2022-06-13 11:09:17,435] {taskinstance.py:1159} INFO - Dependencies all met for <TaskInstance: T-dbt-job-objects.dbt_clone_and_transform-objects scheduled__2022-06-13T09:09:17.135473+00:00 [queued]>
[2022-06-13 11:09:17,435] {taskinstance.py:1356} INFO - 
--------------------------------------------------------------------------------
[2022-06-13 11:09:17,435] {taskinstance.py:1357} INFO - Starting attempt 1 of 2
[2022-06-13 11:09:17,435] {taskinstance.py:1358} INFO - 
--------------------------------------------------------------------------------
[2022-06-13 11:09:17,448] {taskinstance.py:1377} INFO - Executing <Task(BashOperator): dbt_clone_and_transform-objects> on 2022-06-13 09:09:17.135473+00:00
[2022-06-13 11:09:17,453] {standard_task_runner.py:52} INFO - Started process 831 to run task
[2022-06-13 11:09:17,456] {standard_task_runner.py:79} INFO - Running: ['airflow', 'tasks', 'run', 'T-dbt-job-objects', 'dbt_clone_and_transform-objects', 'scheduled__2022-06-13T09:09:17.135473+00:00', '--job-id', '94', '--raw', '--subdir', 'DAGS_FOLDER/docker_job/dbt_model.py', '--cfg-path', '/tmp/tmp20jpyags', '--error-file', '/tmp/tmph2703psr']
[2022-06-13 11:09:17,456] {standard_task_runner.py:80} INFO - Job 94: Subtask dbt_clone_and_transform-objects
[2022-06-13 11:09:17,468] {warnings.py:110} WARNING - /home/airflow/.local/lib/python3.7/site-packages/airflow/configuration.py:525: DeprecationWarning: The sql_alchemy_conn option in [core] has been moved to the sql_alchemy_conn option in [database] - the old setting has been used, but please update your config.
  option = self._get_environment_variables(deprecated_key, deprecated_section, key, section)

[2022-06-13 11:09:17,504] {task_command.py:370} INFO - Running <TaskInstance: T-dbt-job-objects.dbt_clone_and_transform-objects scheduled__2022-06-13T09:09:17.135473+00:00 [running]> on host 0d9d7b7f40c6
[2022-06-13 11:09:17,564] {taskinstance.py:1571} INFO - Exporting the following env vars:
AIRFLOW_CTX_DAG_EMAIL=samuelolle@yahoo.com
AIRFLOW_CTX_DAG_OWNER=airflow
AIRFLOW_CTX_DAG_ID=T-dbt-job-objects
AIRFLOW_CTX_TASK_ID=dbt_clone_and_transform-objects
AIRFLOW_CTX_EXECUTION_DATE=2022-06-13T09:09:17.135473+00:00
AIRFLOW_CTX_TRY_NUMBER=1
AIRFLOW_CTX_DAG_RUN_ID=scheduled__2022-06-13T09:09:17.135473+00:00
[2022-06-13 11:09:17,565] {subprocess.py:62} INFO - Tmp dir root location: 
 /tmp
[2022-06-13 11:09:17,566] {subprocess.py:74} INFO - Running command: ['bash', '-c', " rm -rf /tmp/objects && mkdir /tmp/objects                            && cp -r /tmp/dbt /tmp/objects/dbt                             && cd /tmp/objects/dbt && python3 -m venv venv                             && export PIP_USER=false                             && *** /tmp/objects/dbt/venv/bin/activate                             && pip  install --quiet --upgrade pip setuptools                             && pip3 install --quiet 'MarkupSafe<=2.0.1' 'dbt-postgres' 'dbt-core'                             && dbt --version && deactivate                             && cd /tmp/objects/dbt && *** /tmp/objects/dbt/venv/bin/activate                             && dbt deps --profiles-dir /tmp/objects/dbt/ && dbt seed --profiles-dir /tmp/objects/dbt/                             && dbt run --models objects --profiles-dir /tmp/objects/dbt/"]
[2022-06-13 11:09:17,575] {subprocess.py:85} INFO - Output:
[2022-06-13 11:09:49,639] {subprocess.py:92} INFO - Core:
[2022-06-13 11:09:49,640] {subprocess.py:92} INFO -   - installed: 1.1.0
[2022-06-13 11:09:49,640] {subprocess.py:92} INFO -   - latest:    1.1.0 - [32mUp to date![0m
[2022-06-13 11:09:49,640] {subprocess.py:92} INFO - 
[2022-06-13 11:09:49,640] {subprocess.py:92} INFO - Plugins:
[2022-06-13 11:09:49,641] {subprocess.py:92} INFO -   - postgres: 1.1.0 - [32mUp to date![0m
[2022-06-13 11:09:52,200] {subprocess.py:92} INFO - [0m11:09:52  Running with dbt=1.1.0
[2022-06-13 11:09:52,201] {subprocess.py:92} INFO - [0m11:09:52  Warning: No packages were found in packages.yml
[2022-06-13 11:09:54,845] {subprocess.py:92} INFO - [0m11:09:54  Running with dbt=1.1.0
[2022-06-13 11:09:54,858] {subprocess.py:92} INFO - [0m11:09:54  Partial parse save file not found. Starting full parse.
[2022-06-13 11:09:55,469] {subprocess.py:92} INFO - [0m11:09:55  [WARNING]: Configuration paths exist in your dbt_project.yml file which do not apply to any re***s.
[2022-06-13 11:09:55,470] {subprocess.py:92} INFO - There are 1 unused configuration paths:
[2022-06-13 11:09:55,470] {subprocess.py:92} INFO - - seeds.SAM
[2022-06-13 11:09:55,470] {subprocess.py:92} INFO - 
[2022-06-13 11:09:55,480] {subprocess.py:92} INFO - [0m11:09:55  Found 7 models, 6 tests, 0 snapshots, 0 analyses, 172 macros, 6 operations, 0 seed files, 4 ***s, 0 exposures, 0 metrics
[2022-06-13 11:09:55,482] {subprocess.py:92} INFO - [0m11:09:55
[2022-06-13 11:09:55,482] {subprocess.py:92} INFO - [0m11:09:55  [WARNING]: Nothing to do. Try checking your model configs and model specification args
[2022-06-13 11:09:55,486] {subprocess.py:92} INFO - [0m11:09:55
[2022-06-13 11:09:55,487] {subprocess.py:92} INFO - [0m11:09:55  Completed successfully
[2022-06-13 11:09:55,487] {subprocess.py:92} INFO - [0m11:09:55
[2022-06-13 11:09:55,487] {subprocess.py:92} INFO - [0m11:09:55  Done. PASS=0 WARN=0 ERROR=0 SKIP=0 TOTAL=0
[2022-06-13 11:09:58,141] {subprocess.py:92} INFO - [0m11:09:58  Running with dbt=1.1.0
[2022-06-13 11:09:58,172] {subprocess.py:92} INFO - [0m11:09:58  [WARNING]: Configuration paths exist in your dbt_project.yml file which do not apply to any re***s.
[2022-06-13 11:09:58,172] {subprocess.py:92} INFO - There are 1 unused configuration paths:
[2022-06-13 11:09:58,172] {subprocess.py:92} INFO - - seeds.SAM
[2022-06-13 11:09:58,172] {subprocess.py:92} INFO - 
[2022-06-13 11:09:58,185] {subprocess.py:92} INFO - [0m11:09:58  Found 7 models, 6 tests, 0 snapshots, 0 analyses, 172 macros, 6 operations, 0 seed files, 4 ***s, 0 exposures, 0 metrics
[2022-06-13 11:09:58,187] {subprocess.py:92} INFO - [0m11:09:58
[2022-06-13 11:09:58,248] {subprocess.py:92} INFO - [0m11:09:58  Concurrency: 4 threads (target='dev')
[2022-06-13 11:09:58,249] {subprocess.py:92} INFO - [0m11:09:58
[2022-06-13 11:09:58,256] {subprocess.py:92} INFO - [0m11:09:58  1 of 2 START table model analytics_objects.obj_users ........................... [RUN]
[2022-06-13 11:09:58,260] {subprocess.py:92} INFO - [0m11:09:58  2 of 2 START table model analytics_objects.obj_walls ........................... [RUN]
[2022-06-13 11:09:58,362] {subprocess.py:92} INFO - [0m11:09:58  1 of 2 OK created table model analytics_objects.obj_users ...................... [SELECT 15 in 0.11s]
[2022-06-13 11:09:58,363] {subprocess.py:92} INFO - [0m11:09:58  2 of 2 OK created table model analytics_objects.obj_walls ...................... [SELECT 12 in 0.10s]
[2022-06-13 11:09:58,462] {subprocess.py:92} INFO - [0m11:09:58
[2022-06-13 11:09:58,463] {subprocess.py:92} INFO - [0m11:09:58  Running 6 on-run-end hooks
[2022-06-13 11:09:58,468] {subprocess.py:92} INFO - [0m11:09:58  1 of 6 START hook: SAM.on-run-end.0 ............................................ [RUN]
[2022-06-13 11:09:58,471] {subprocess.py:92} INFO - [0m11:09:58  1 of 6 OK hook: SAM.on-run-end.0 ............................................... [ALTER DEFAULT PRIVILEGES in 0.00s]
[2022-06-13 11:09:58,476] {subprocess.py:92} INFO - [0m11:09:58  2 of 6 START hook: SAM.on-run-end.1 ............................................ [RUN]
[2022-06-13 11:09:58,479] {subprocess.py:92} INFO - [0m11:09:58  2 of 6 OK hook: SAM.on-run-end.1 ............................................... [ALTER DEFAULT PRIVILEGES in 0.00s]
[2022-06-13 11:09:58,482] {subprocess.py:92} INFO - [0m11:09:58  3 of 6 START hook: SAM.on-run-end.2 ............................................ [RUN]
[2022-06-13 11:09:58,485] {subprocess.py:92} INFO - [0m11:09:58  3 of 6 OK hook: SAM.on-run-end.2 ............................................... [ALTER DEFAULT PRIVILEGES in 0.00s]
[2022-06-13 11:09:58,489] {subprocess.py:92} INFO - [0m11:09:58  4 of 6 START hook: SAM.on-run-end.3 ............................................ [RUN]
[2022-06-13 11:09:58,491] {subprocess.py:92} INFO - [0m11:09:58  4 of 6 OK hook: SAM.on-run-end.3 ............................................... [ALTER DEFAULT PRIVILEGES in 0.00s]
[2022-06-13 11:09:58,495] {subprocess.py:92} INFO - [0m11:09:58  5 of 6 START hook: SAM.on-run-end.4 ............................................ [RUN]
[2022-06-13 11:09:58,497] {subprocess.py:92} INFO - [0m11:09:58  5 of 6 OK hook: SAM.on-run-end.4 ............................................... [ALTER DEFAULT PRIVILEGES in 0.00s]
[2022-06-13 11:09:58,501] {subprocess.py:92} INFO - [0m11:09:58  6 of 6 START hook: SAM.on-run-end.5 ............................................ [RUN]
[2022-06-13 11:09:58,503] {subprocess.py:92} INFO - [0m11:09:58  6 of 6 OK hook: SAM.on-run-end.5 ............................................... [ALTER DEFAULT PRIVILEGES in 0.00s]
[2022-06-13 11:09:58,504] {subprocess.py:92} INFO - [0m11:09:58
[2022-06-13 11:09:58,505] {subprocess.py:92} INFO - [0m11:09:58
[2022-06-13 11:09:58,505] {subprocess.py:92} INFO - [0m11:09:58  Finished running 2 table models, 6 hooks in 0.32s.
[2022-06-13 11:09:58,511] {subprocess.py:92} INFO - [0m11:09:58
[2022-06-13 11:09:58,511] {subprocess.py:92} INFO - [0m11:09:58  Completed successfully
[2022-06-13 11:09:58,512] {subprocess.py:92} INFO - [0m11:09:58
[2022-06-13 11:09:58,512] {subprocess.py:92} INFO - [0m11:09:58  Done. PASS=2 WARN=0 ERROR=0 SKIP=0 TOTAL=2
[2022-06-13 11:09:58,669] {subprocess.py:96} INFO - Command exited with return code 0
[2022-06-13 11:09:58,696] {taskinstance.py:1400} INFO - Marking task as SUCCESS. dag_id=T-dbt-job-objects, task_id=dbt_clone_and_transform-objects, execution_date=20220613T090917, start_date=20220613T110917, end_date=20220613T110958
[2022-06-13 11:09:58,744] {local_task_job.py:156} INFO - Task exited with return code 0
[2022-06-13 11:09:58,770] {local_task_job.py:273} INFO - 1 downstream tasks scheduled from follow-on schedule check
