[2022-06-12 02:03:03,685] {taskinstance.py:1159} INFO - Dependencies all met for <TaskInstance: T-dbt-job-objects.dbt_clone_and_transform-objects scheduled__2022-06-12T00:03:02.628024+00:00 [queued]>
[2022-06-12 02:03:03,695] {taskinstance.py:1159} INFO - Dependencies all met for <TaskInstance: T-dbt-job-objects.dbt_clone_and_transform-objects scheduled__2022-06-12T00:03:02.628024+00:00 [queued]>
[2022-06-12 02:03:03,695] {taskinstance.py:1356} INFO - 
--------------------------------------------------------------------------------
[2022-06-12 02:03:03,695] {taskinstance.py:1357} INFO - Starting attempt 1 of 2
[2022-06-12 02:03:03,695] {taskinstance.py:1358} INFO - 
--------------------------------------------------------------------------------
[2022-06-12 02:03:03,714] {taskinstance.py:1377} INFO - Executing <Task(BashOperator): dbt_clone_and_transform-objects> on 2022-06-12 00:03:02.628024+00:00
[2022-06-12 02:03:03,721] {standard_task_runner.py:52} INFO - Started process 1944 to run task
[2022-06-12 02:03:03,725] {standard_task_runner.py:79} INFO - Running: ['airflow', 'tasks', 'run', 'T-dbt-job-objects', 'dbt_clone_and_transform-objects', 'scheduled__2022-06-12T00:03:02.628024+00:00', '--job-id', '65', '--raw', '--subdir', 'DAGS_FOLDER/docker_job/dbt_model.py', '--cfg-path', '/tmp/tmprk56ufqs', '--error-file', '/tmp/tmpbh_x9t9f']
[2022-06-12 02:03:03,725] {standard_task_runner.py:80} INFO - Job 65: Subtask dbt_clone_and_transform-objects
[2022-06-12 02:03:03,739] {warnings.py:110} WARNING - /home/airflow/.local/lib/python3.7/site-packages/airflow/configuration.py:525: DeprecationWarning: The sql_alchemy_conn option in [core] has been moved to the sql_alchemy_conn option in [database] - the old setting has been used, but please update your config.
  option = self._get_environment_variables(deprecated_key, deprecated_section, key, section)

[2022-06-12 02:03:03,789] {task_command.py:370} INFO - Running <TaskInstance: T-dbt-job-objects.dbt_clone_and_transform-objects scheduled__2022-06-12T00:03:02.628024+00:00 [running]> on host e926c0944008
[2022-06-12 02:03:03,884] {taskinstance.py:1571} INFO - Exporting the following env vars:
AIRFLOW_CTX_DAG_EMAIL=samuelolle@yahoo.com
AIRFLOW_CTX_DAG_OWNER=airflow
AIRFLOW_CTX_DAG_ID=T-dbt-job-objects
AIRFLOW_CTX_TASK_ID=dbt_clone_and_transform-objects
AIRFLOW_CTX_EXECUTION_DATE=2022-06-12T00:03:02.628024+00:00
AIRFLOW_CTX_TRY_NUMBER=1
AIRFLOW_CTX_DAG_RUN_ID=scheduled__2022-06-12T00:03:02.628024+00:00
[2022-06-12 02:03:03,885] {subprocess.py:62} INFO - Tmp dir root location: 
 /tmp
[2022-06-12 02:03:03,886] {subprocess.py:74} INFO - Running command: ['bash', '-c', " rm -rf /tmp/objects && mkdir /tmp/objects                            && cp -r /tmp/dbt /tmp/objects/dbt                             && cd /tmp/objects/dbt && python3 -m venv venv                             && export PIP_USER=false                             && *** /tmp/objects/dbt/venv/bin/activate                             && pip  install --quiet --upgrade pip setuptools                             && pip3 install --quiet 'MarkupSafe<=2.0.1' 'dbt-postgres' 'dbt-core'                             && dbt --version && deactivate                             && cd /tmp/objects/dbt && *** /tmp/objects/dbt/venv/bin/activate                             && dbt deps --profiles-dir /tmp/objects/dbt/ && dbt seed --profiles-dir /tmp/objects/dbt/                             && dbt run --models objects --profiles-dir /tmp/objects/dbt/"]
[2022-06-12 02:03:03,900] {subprocess.py:85} INFO - Output:
[2022-06-12 02:03:42,832] {subprocess.py:92} INFO - Core:
[2022-06-12 02:03:42,832] {subprocess.py:92} INFO -   - installed: 1.1.0
[2022-06-12 02:03:42,832] {subprocess.py:92} INFO -   - latest:    1.1.0 - [32mUp to date![0m
[2022-06-12 02:03:42,832] {subprocess.py:92} INFO - 
[2022-06-12 02:03:42,833] {subprocess.py:92} INFO - Plugins:
[2022-06-12 02:03:42,833] {subprocess.py:92} INFO -   - postgres: 1.1.0 - [32mUp to date![0m
[2022-06-12 02:03:45,786] {subprocess.py:92} INFO - [0m02:03:45  Running with dbt=1.1.0
[2022-06-12 02:03:45,788] {subprocess.py:92} INFO - [0m02:03:45  Warning: No packages were found in packages.yml
[2022-06-12 02:03:48,802] {subprocess.py:92} INFO - [0m02:03:48  Running with dbt=1.1.0
[2022-06-12 02:03:48,822] {subprocess.py:92} INFO - [0m02:03:48  Partial parse save file not found. Starting full parse.
[2022-06-12 02:03:49,536] {subprocess.py:92} INFO - [0m02:03:49  [WARNING]: Configuration paths exist in your dbt_project.yml file which do not apply to any re***s.
[2022-06-12 02:03:49,537] {subprocess.py:92} INFO - There are 1 unused configuration paths:
[2022-06-12 02:03:49,537] {subprocess.py:92} INFO - - seeds.SAM
[2022-06-12 02:03:49,537] {subprocess.py:92} INFO - 
[2022-06-12 02:03:49,553] {subprocess.py:92} INFO - [0m02:03:49  Found 5 models, 6 tests, 0 snapshots, 0 analyses, 171 macros, 6 operations, 0 seed files, 4 ***s, 0 exposures, 0 metrics
[2022-06-12 02:03:49,555] {subprocess.py:92} INFO - [0m02:03:49
[2022-06-12 02:03:49,556] {subprocess.py:92} INFO - [0m02:03:49  [WARNING]: Nothing to do. Try checking your model configs and model specification args
[2022-06-12 02:03:49,563] {subprocess.py:92} INFO - [0m02:03:49
[2022-06-12 02:03:49,563] {subprocess.py:92} INFO - [0m02:03:49  Completed successfully
[2022-06-12 02:03:49,564] {subprocess.py:92} INFO - [0m02:03:49
[2022-06-12 02:03:49,565] {subprocess.py:92} INFO - [0m02:03:49  Done. PASS=0 WARN=0 ERROR=0 SKIP=0 TOTAL=0
[2022-06-12 02:03:53,062] {subprocess.py:92} INFO - [0m02:03:53  Running with dbt=1.1.0
[2022-06-12 02:03:53,096] {subprocess.py:92} INFO - [0m02:03:53  [WARNING]: Configuration paths exist in your dbt_project.yml file which do not apply to any re***s.
[2022-06-12 02:03:53,096] {subprocess.py:92} INFO - There are 1 unused configuration paths:
[2022-06-12 02:03:53,096] {subprocess.py:92} INFO - - seeds.SAM
[2022-06-12 02:03:53,096] {subprocess.py:92} INFO - 
[2022-06-12 02:03:53,110] {subprocess.py:92} INFO - [0m02:03:53  Found 5 models, 6 tests, 0 snapshots, 0 analyses, 171 macros, 6 operations, 0 seed files, 4 ***s, 0 exposures, 0 metrics
[2022-06-12 02:03:53,112] {subprocess.py:92} INFO - [0m02:03:53
[2022-06-12 02:03:53,183] {subprocess.py:92} INFO - [0m02:03:53  Concurrency: 4 threads (target='dev')
[2022-06-12 02:03:53,184] {subprocess.py:92} INFO - [0m02:03:53
[2022-06-12 02:03:53,192] {subprocess.py:92} INFO - [0m02:03:53  1 of 1 START table model analytics_objects.obj_walls ........................... [RUN]
[2022-06-12 02:03:53,273] {subprocess.py:92} INFO - [0m02:03:53  1 of 1 OK created table model analytics_objects.obj_walls ...................... [SELECT 48 in 0.08s]
[2022-06-12 02:03:53,310] {subprocess.py:92} INFO - [0m02:03:53
[2022-06-12 02:03:53,311] {subprocess.py:92} INFO - [0m02:03:53  Running 6 on-run-end hooks
[2022-06-12 02:03:53,319] {subprocess.py:92} INFO - [0m02:03:53  1 of 6 START hook: SAM.on-run-end.0 ............................................ [RUN]
[2022-06-12 02:03:53,324] {subprocess.py:92} INFO - [0m02:03:53  1 of 6 OK hook: SAM.on-run-end.0 ............................................... [ALTER DEFAULT PRIVILEGES in 0.00s]
[2022-06-12 02:03:53,330] {subprocess.py:92} INFO - [0m02:03:53  2 of 6 START hook: SAM.on-run-end.1 ............................................ [RUN]
[2022-06-12 02:03:53,333] {subprocess.py:92} INFO - [0m02:03:53  2 of 6 OK hook: SAM.on-run-end.1 ............................................... [ALTER DEFAULT PRIVILEGES in 0.00s]
[2022-06-12 02:03:53,336] {subprocess.py:92} INFO - [0m02:03:53  3 of 6 START hook: SAM.on-run-end.2 ............................................ [RUN]
[2022-06-12 02:03:53,339] {subprocess.py:92} INFO - [0m02:03:53  3 of 6 OK hook: SAM.on-run-end.2 ............................................... [ALTER DEFAULT PRIVILEGES in 0.00s]
[2022-06-12 02:03:53,343] {subprocess.py:92} INFO - [0m02:03:53  4 of 6 START hook: SAM.on-run-end.3 ............................................ [RUN]
[2022-06-12 02:03:53,348] {subprocess.py:92} INFO - [0m02:03:53  4 of 6 OK hook: SAM.on-run-end.3 ............................................... [ALTER DEFAULT PRIVILEGES in 0.00s]
[2022-06-12 02:03:53,352] {subprocess.py:92} INFO - [0m02:03:53  5 of 6 START hook: SAM.on-run-end.4 ............................................ [RUN]
[2022-06-12 02:03:53,355] {subprocess.py:92} INFO - [0m02:03:53  5 of 6 OK hook: SAM.on-run-end.4 ............................................... [ALTER DEFAULT PRIVILEGES in 0.00s]
[2022-06-12 02:03:53,359] {subprocess.py:92} INFO - [0m02:03:53  6 of 6 START hook: SAM.on-run-end.5 ............................................ [RUN]
[2022-06-12 02:03:53,361] {subprocess.py:92} INFO - [0m02:03:53  6 of 6 OK hook: SAM.on-run-end.5 ............................................... [ALTER DEFAULT PRIVILEGES in 0.00s]
[2022-06-12 02:03:53,361] {subprocess.py:92} INFO - [0m02:03:53
[2022-06-12 02:03:53,362] {subprocess.py:92} INFO - [0m02:03:53
[2022-06-12 02:03:53,362] {subprocess.py:92} INFO - [0m02:03:53  Finished running 1 table model, 6 hooks in 0.25s.
[2022-06-12 02:03:53,369] {subprocess.py:92} INFO - [0m02:03:53
[2022-06-12 02:03:53,369] {subprocess.py:92} INFO - [0m02:03:53  Completed successfully
[2022-06-12 02:03:53,370] {subprocess.py:92} INFO - [0m02:03:53
[2022-06-12 02:03:53,370] {subprocess.py:92} INFO - [0m02:03:53  Done. PASS=1 WARN=0 ERROR=0 SKIP=0 TOTAL=1
[2022-06-12 02:03:53,551] {subprocess.py:96} INFO - Command exited with return code 0
[2022-06-12 02:03:53,582] {taskinstance.py:1400} INFO - Marking task as SUCCESS. dag_id=T-dbt-job-objects, task_id=dbt_clone_and_transform-objects, execution_date=20220612T000302, start_date=20220612T020303, end_date=20220612T020353
[2022-06-12 02:03:53,625] {local_task_job.py:156} INFO - Task exited with return code 0
[2022-06-12 02:03:53,657] {local_task_job.py:273} INFO - 1 downstream tasks scheduled from follow-on schedule check
