[2022-06-11 18:19:23,773] {taskinstance.py:1159} INFO - Dependencies all met for <TaskInstance: T-dbt-job-dimensions.dbt_clone_and_transform-dimensions scheduled__2022-06-11T16:17:17.184292+00:00 [queued]>
[2022-06-11 18:19:23,805] {taskinstance.py:1159} INFO - Dependencies all met for <TaskInstance: T-dbt-job-dimensions.dbt_clone_and_transform-dimensions scheduled__2022-06-11T16:17:17.184292+00:00 [queued]>
[2022-06-11 18:19:23,806] {taskinstance.py:1356} INFO - 
--------------------------------------------------------------------------------
[2022-06-11 18:19:23,806] {taskinstance.py:1357} INFO - Starting attempt 1 of 2
[2022-06-11 18:19:23,806] {taskinstance.py:1358} INFO - 
--------------------------------------------------------------------------------
[2022-06-11 18:19:23,832] {taskinstance.py:1377} INFO - Executing <Task(BashOperator): dbt_clone_and_transform-dimensions> on 2022-06-11 16:17:17.184292+00:00
[2022-06-11 18:19:23,848] {standard_task_runner.py:52} INFO - Started process 1040 to run task
[2022-06-11 18:19:23,853] {standard_task_runner.py:79} INFO - Running: ['airflow', 'tasks', 'run', 'T-dbt-job-dimensions', 'dbt_clone_and_transform-dimensions', 'scheduled__2022-06-11T16:17:17.184292+00:00', '--job-id', '75', '--raw', '--subdir', 'DAGS_FOLDER/docker_job/dbt_test.py', '--cfg-path', '/tmp/tmpk36_eikd', '--error-file', '/tmp/tmpde_68g3s']
[2022-06-11 18:19:23,854] {standard_task_runner.py:80} INFO - Job 75: Subtask dbt_clone_and_transform-dimensions
[2022-06-11 18:19:23,877] {warnings.py:110} WARNING - /home/airflow/.local/lib/python3.7/site-packages/airflow/configuration.py:525: DeprecationWarning: The sql_alchemy_conn option in [core] has been moved to the sql_alchemy_conn option in [database] - the old setting has been used, but please update your config.
  option = self._get_environment_variables(deprecated_key, deprecated_section, key, section)

[2022-06-11 18:19:23,945] {task_command.py:370} INFO - Running <TaskInstance: T-dbt-job-dimensions.dbt_clone_and_transform-dimensions scheduled__2022-06-11T16:17:17.184292+00:00 [running]> on host d8836eb746ac
[2022-06-11 18:19:24,093] {taskinstance.py:1571} INFO - Exporting the following env vars:
AIRFLOW_CTX_DAG_EMAIL=samuelolle@yahoo.com
AIRFLOW_CTX_DAG_OWNER=airflow
AIRFLOW_CTX_DAG_ID=T-dbt-job-dimensions
AIRFLOW_CTX_TASK_ID=dbt_clone_and_transform-dimensions
AIRFLOW_CTX_EXECUTION_DATE=2022-06-11T16:17:17.184292+00:00
AIRFLOW_CTX_TRY_NUMBER=1
AIRFLOW_CTX_DAG_RUN_ID=scheduled__2022-06-11T16:17:17.184292+00:00
[2022-06-11 18:19:24,095] {subprocess.py:62} INFO - Tmp dir root location: 
 /tmp
[2022-06-11 18:19:24,096] {subprocess.py:74} INFO - Running command: ['bash', '-c', " rm -rf /tmp/dimensions && mkdir /tmp/dimensions                            && cp -r /tmp/dbt /tmp/dimensions/dbt                             && cd /tmp/dimensions/dbt && python3 -m venv venv                             && export PIP_USER=false                             && *** /tmp/dimensions/dbt/venv/bin/activate                             && pip  install --quiet --upgrade pip setuptools                             && pip3 install --quiet 'MarkupSafe<=2.0.1' 'dbt-postgres' 'dbt-core'                             && dbt --version && deactivate                             && cd /tmp/dimensions/dbt && *** /tmp/dimensions/dbt/venv/bin/activate                             && dbt deps --profiles-dir /tmp/dimensions/dbt/ && dbt seed --profiles-dir /tmp/dimensions/dbt/                             && dbt run --models dimensions --profiles-dir /tmp/dimensions/dbt/"]
[2022-06-11 18:19:24,120] {subprocess.py:85} INFO - Output:
[2022-06-11 18:20:07,320] {subprocess.py:92} INFO - Core:
[2022-06-11 18:20:07,321] {subprocess.py:92} INFO -   - installed: 1.1.0
[2022-06-11 18:20:07,321] {subprocess.py:92} INFO -   - latest:    1.1.0 - [32mUp to date![0m
[2022-06-11 18:20:07,321] {subprocess.py:92} INFO - 
[2022-06-11 18:20:07,321] {subprocess.py:92} INFO - Plugins:
[2022-06-11 18:20:07,321] {subprocess.py:92} INFO -   - postgres: 1.1.0 - [32mUp to date![0m
[2022-06-11 18:20:10,607] {subprocess.py:92} INFO - [0m18:20:10  Running with dbt=1.1.0
[2022-06-11 18:20:10,609] {subprocess.py:92} INFO - [0m18:20:10  Warning: No packages were found in packages.yml
[2022-06-11 18:20:14,000] {subprocess.py:92} INFO - [0m18:20:14  Running with dbt=1.1.0
[2022-06-11 18:20:14,020] {subprocess.py:92} INFO - [0m18:20:14  Partial parse save file not found. Starting full parse.
[2022-06-11 18:20:14,765] {subprocess.py:92} INFO - [0m18:20:14  [WARNING]: Configuration paths exist in your dbt_project.yml file which do not apply to any re***s.
[2022-06-11 18:20:14,765] {subprocess.py:92} INFO - There are 1 unused configuration paths:
[2022-06-11 18:20:14,765] {subprocess.py:92} INFO - - seeds.SAM
[2022-06-11 18:20:14,765] {subprocess.py:92} INFO - 
[2022-06-11 18:20:14,782] {subprocess.py:92} INFO - [0m18:20:14  Found 4 models, 6 tests, 0 snapshots, 0 analyses, 171 macros, 4 operations, 0 seed files, 4 ***s, 0 exposures, 0 metrics
[2022-06-11 18:20:14,783] {subprocess.py:92} INFO - [0m18:20:14
[2022-06-11 18:20:14,784] {subprocess.py:92} INFO - [0m18:20:14  [WARNING]: Nothing to do. Try checking your model configs and model specification args
[2022-06-11 18:20:14,791] {subprocess.py:92} INFO - [0m18:20:14
[2022-06-11 18:20:14,791] {subprocess.py:92} INFO - [0m18:20:14  Completed successfully
[2022-06-11 18:20:14,792] {subprocess.py:92} INFO - [0m18:20:14
[2022-06-11 18:20:14,792] {subprocess.py:92} INFO - [0m18:20:14  Done. PASS=0 WARN=0 ERROR=0 SKIP=0 TOTAL=0
[2022-06-11 18:20:18,101] {subprocess.py:92} INFO - [0m18:20:18  Running with dbt=1.1.0
[2022-06-11 18:20:18,137] {subprocess.py:92} INFO - [0m18:20:18  [WARNING]: Configuration paths exist in your dbt_project.yml file which do not apply to any re***s.
[2022-06-11 18:20:18,137] {subprocess.py:92} INFO - There are 1 unused configuration paths:
[2022-06-11 18:20:18,137] {subprocess.py:92} INFO - - seeds.SAM
[2022-06-11 18:20:18,137] {subprocess.py:92} INFO - 
[2022-06-11 18:20:18,151] {subprocess.py:92} INFO - [0m18:20:18  Found 4 models, 6 tests, 0 snapshots, 0 analyses, 171 macros, 4 operations, 0 seed files, 4 ***s, 0 exposures, 0 metrics
[2022-06-11 18:20:18,153] {subprocess.py:92} INFO - [0m18:20:18
[2022-06-11 18:20:18,258] {subprocess.py:92} INFO - [0m18:20:18  Concurrency: 4 threads (target='dev')
[2022-06-11 18:20:18,258] {subprocess.py:92} INFO - [0m18:20:18
[2022-06-11 18:20:18,267] {subprocess.py:92} INFO - [0m18:20:18  1 of 1 START view model analytics_object_analytics_object.dim_date ............. [RUN]
[2022-06-11 18:20:18,338] {subprocess.py:92} INFO - [0m18:20:18  1 of 1 OK created view model analytics_object_analytics_object.dim_date ........ [CREATE VIEW in 0.07s]
[2022-06-11 18:20:18,374] {subprocess.py:92} INFO - [0m18:20:18
[2022-06-11 18:20:18,374] {subprocess.py:92} INFO - [0m18:20:18  Running 4 on-run-end hooks
[2022-06-11 18:20:18,380] {subprocess.py:92} INFO - [0m18:20:18  1 of 4 START hook: SAM.on-run-end.0 ............................................ [RUN]
[2022-06-11 18:20:18,383] {subprocess.py:92} INFO - [0m18:20:18  1 of 4 OK hook: SAM.on-run-end.0 ............................................... [ALTER DEFAULT PRIVILEGES in 0.00s]
[2022-06-11 18:20:18,388] {subprocess.py:92} INFO - [0m18:20:18  2 of 4 START hook: SAM.on-run-end.1 ............................................ [RUN]
[2022-06-11 18:20:18,391] {subprocess.py:92} INFO - [0m18:20:18  2 of 4 OK hook: SAM.on-run-end.1 ............................................... [ALTER DEFAULT PRIVILEGES in 0.00s]
[2022-06-11 18:20:18,395] {subprocess.py:92} INFO - [0m18:20:18  3 of 4 START hook: SAM.on-run-end.2 ............................................ [RUN]
[2022-06-11 18:20:18,398] {subprocess.py:92} INFO - [0m18:20:18  3 of 4 OK hook: SAM.on-run-end.2 ............................................... [ALTER DEFAULT PRIVILEGES in 0.00s]
[2022-06-11 18:20:18,406] {subprocess.py:92} INFO - [0m18:20:18  4 of 4 START hook: SAM.on-run-end.3 ............................................ [RUN]
[2022-06-11 18:20:18,409] {subprocess.py:92} INFO - [0m18:20:18  4 of 4 OK hook: SAM.on-run-end.3 ............................................... [ALTER DEFAULT PRIVILEGES in 0.00s]
[2022-06-11 18:20:18,409] {subprocess.py:92} INFO - [0m18:20:18
[2022-06-11 18:20:18,410] {subprocess.py:92} INFO - [0m18:20:18
[2022-06-11 18:20:18,411] {subprocess.py:92} INFO - [0m18:20:18  Finished running 1 view model, 4 hooks in 0.26s.
[2022-06-11 18:20:18,418] {subprocess.py:92} INFO - [0m18:20:18
[2022-06-11 18:20:18,418] {subprocess.py:92} INFO - [0m18:20:18  Completed successfully
[2022-06-11 18:20:18,418] {subprocess.py:92} INFO - [0m18:20:18
[2022-06-11 18:20:18,419] {subprocess.py:92} INFO - [0m18:20:18  Done. PASS=1 WARN=0 ERROR=0 SKIP=0 TOTAL=1
[2022-06-11 18:20:18,752] {subprocess.py:96} INFO - Command exited with return code 0
[2022-06-11 18:20:18,797] {taskinstance.py:1400} INFO - Marking task as SUCCESS. dag_id=T-dbt-job-dimensions, task_id=dbt_clone_and_transform-dimensions, execution_date=20220611T161717, start_date=20220611T181923, end_date=20220611T182018
[2022-06-11 18:20:18,828] {local_task_job.py:156} INFO - Task exited with return code 0
[2022-06-11 18:20:18,861] {local_task_job.py:273} INFO - 1 downstream tasks scheduled from follow-on schedule check
