[2022-06-11 19:54:21,621] {taskinstance.py:1159} INFO - Dependencies all met for <TaskInstance: T-dbt-job-dimensions.dbt_clone_and_transform-dimensions manual__2022-06-11T19:54:21.197745+00:00 [queued]>
[2022-06-11 19:54:21,639] {taskinstance.py:1159} INFO - Dependencies all met for <TaskInstance: T-dbt-job-dimensions.dbt_clone_and_transform-dimensions manual__2022-06-11T19:54:21.197745+00:00 [queued]>
[2022-06-11 19:54:21,639] {taskinstance.py:1356} INFO - 
--------------------------------------------------------------------------------
[2022-06-11 19:54:21,639] {taskinstance.py:1357} INFO - Starting attempt 1 of 2
[2022-06-11 19:54:21,639] {taskinstance.py:1358} INFO - 
--------------------------------------------------------------------------------
[2022-06-11 19:54:21,661] {taskinstance.py:1377} INFO - Executing <Task(BashOperator): dbt_clone_and_transform-dimensions> on 2022-06-11 19:54:21.197745+00:00
[2022-06-11 19:54:21,676] {standard_task_runner.py:52} INFO - Started process 643 to run task
[2022-06-11 19:54:21,679] {standard_task_runner.py:79} INFO - Running: ['airflow', 'tasks', 'run', 'T-dbt-job-dimensions', 'dbt_clone_and_transform-dimensions', 'manual__2022-06-11T19:54:21.197745+00:00', '--job-id', '19', '--raw', '--subdir', 'DAGS_FOLDER/docker_job/dbt_model.py', '--cfg-path', '/tmp/tmp738n7xu4', '--error-file', '/tmp/tmpqm1g3jh9']
[2022-06-11 19:54:21,680] {standard_task_runner.py:80} INFO - Job 19: Subtask dbt_clone_and_transform-dimensions
[2022-06-11 19:54:21,763] {task_command.py:370} INFO - Running <TaskInstance: T-dbt-job-dimensions.dbt_clone_and_transform-dimensions manual__2022-06-11T19:54:21.197745+00:00 [running]> on host e926c0944008
[2022-06-11 19:54:21,853] {taskinstance.py:1571} INFO - Exporting the following env vars:
AIRFLOW_CTX_DAG_EMAIL=samuelolle@yahoo.com
AIRFLOW_CTX_DAG_OWNER=airflow
AIRFLOW_CTX_DAG_ID=T-dbt-job-dimensions
AIRFLOW_CTX_TASK_ID=dbt_clone_and_transform-dimensions
AIRFLOW_CTX_EXECUTION_DATE=2022-06-11T19:54:21.197745+00:00
AIRFLOW_CTX_TRY_NUMBER=1
AIRFLOW_CTX_DAG_RUN_ID=manual__2022-06-11T19:54:21.197745+00:00
[2022-06-11 19:54:21,855] {subprocess.py:62} INFO - Tmp dir root location: 
 /tmp
[2022-06-11 19:54:21,855] {subprocess.py:74} INFO - Running command: ['bash', '-c', " rm -rf /tmp/dimensions && mkdir /tmp/dimensions                            && cp -r /tmp/dbt /tmp/dimensions/dbt                             && cd /tmp/dimensions/dbt && python3 -m venv venv                             && export PIP_USER=false                             && *** /tmp/dimensions/dbt/venv/bin/activate                             && pip  install --quiet --upgrade pip setuptools                             && pip3 install --quiet 'MarkupSafe<=2.0.1' 'dbt-postgres' 'dbt-core'                             && dbt --version && deactivate                             && cd /tmp/dimensions/dbt && *** /tmp/dimensions/dbt/venv/bin/activate                             && dbt deps --profiles-dir /tmp/dimensions/dbt/ && dbt seed --profiles-dir /tmp/dimensions/dbt/                             && dbt run --models dimensions --profiles-dir /tmp/dimensions/dbt/"]
[2022-06-11 19:54:21,881] {subprocess.py:85} INFO - Output:
[2022-06-11 19:55:19,859] {subprocess.py:92} INFO - Core:
[2022-06-11 19:55:19,860] {subprocess.py:92} INFO -   - installed: 1.1.0
[2022-06-11 19:55:19,860] {subprocess.py:92} INFO -   - latest:    1.1.0 - [32mUp to date![0m
[2022-06-11 19:55:19,860] {subprocess.py:92} INFO - 
[2022-06-11 19:55:19,860] {subprocess.py:92} INFO - Plugins:
[2022-06-11 19:55:19,860] {subprocess.py:92} INFO -   - postgres: 1.1.0 - [32mUp to date![0m
[2022-06-11 19:55:23,414] {subprocess.py:92} INFO - [0m19:55:23  Running with dbt=1.1.0
[2022-06-11 19:55:23,416] {subprocess.py:92} INFO - [0m19:55:23  Warning: No packages were found in packages.yml
[2022-06-11 19:55:27,016] {subprocess.py:92} INFO - [0m19:55:27  Running with dbt=1.1.0
[2022-06-11 19:55:27,039] {subprocess.py:92} INFO - [0m19:55:27  Partial parse save file not found. Starting full parse.
[2022-06-11 19:55:27,800] {subprocess.py:92} INFO - [0m19:55:27  [WARNING]: Configuration paths exist in your dbt_project.yml file which do not apply to any re***s.
[2022-06-11 19:55:27,800] {subprocess.py:92} INFO - There are 1 unused configuration paths:
[2022-06-11 19:55:27,800] {subprocess.py:92} INFO - - seeds.SAM
[2022-06-11 19:55:27,800] {subprocess.py:92} INFO - 
[2022-06-11 19:55:27,815] {subprocess.py:92} INFO - [0m19:55:27  Found 4 models, 6 tests, 0 snapshots, 0 analyses, 171 macros, 6 operations, 0 seed files, 4 ***s, 0 exposures, 0 metrics
[2022-06-11 19:55:27,818] {subprocess.py:92} INFO - [0m19:55:27
[2022-06-11 19:55:27,818] {subprocess.py:92} INFO - [0m19:55:27  [WARNING]: Nothing to do. Try checking your model configs and model specification args
[2022-06-11 19:55:27,825] {subprocess.py:92} INFO - [0m19:55:27
[2022-06-11 19:55:27,825] {subprocess.py:92} INFO - [0m19:55:27  Completed successfully
[2022-06-11 19:55:27,825] {subprocess.py:92} INFO - [0m19:55:27
[2022-06-11 19:55:27,826] {subprocess.py:92} INFO - [0m19:55:27  Done. PASS=0 WARN=0 ERROR=0 SKIP=0 TOTAL=0
[2022-06-11 19:55:31,630] {subprocess.py:92} INFO - [0m19:55:31  Running with dbt=1.1.0
[2022-06-11 19:55:31,692] {subprocess.py:92} INFO - [0m19:55:31  [WARNING]: Configuration paths exist in your dbt_project.yml file which do not apply to any re***s.
[2022-06-11 19:55:31,693] {subprocess.py:92} INFO - There are 1 unused configuration paths:
[2022-06-11 19:55:31,693] {subprocess.py:92} INFO - - seeds.SAM
[2022-06-11 19:55:31,693] {subprocess.py:92} INFO - 
[2022-06-11 19:55:31,721] {subprocess.py:92} INFO - [0m19:55:31  Found 4 models, 6 tests, 0 snapshots, 0 analyses, 171 macros, 6 operations, 0 seed files, 4 ***s, 0 exposures, 0 metrics
[2022-06-11 19:55:31,727] {subprocess.py:92} INFO - [0m19:55:31
[2022-06-11 19:55:31,862] {subprocess.py:92} INFO - [0m19:55:31  Concurrency: 4 threads (target='dev')
[2022-06-11 19:55:31,862] {subprocess.py:92} INFO - [0m19:55:31
[2022-06-11 19:55:31,874] {subprocess.py:92} INFO - [0m19:55:31  1 of 1 START table model analytics_objects_analytics_dim.dim_date .............. [RUN]
[2022-06-11 19:55:31,960] {subprocess.py:92} INFO - [0m19:55:31  1 of 1 OK created table model analytics_objects_analytics_dim.dim_date ......... [SELECT 546 in 0.09s]
[2022-06-11 19:55:31,980] {subprocess.py:92} INFO - [0m19:55:31
[2022-06-11 19:55:31,980] {subprocess.py:92} INFO - [0m19:55:31  Running 6 on-run-end hooks
[2022-06-11 19:55:31,988] {subprocess.py:92} INFO - [0m19:55:31  1 of 6 START hook: SAM.on-run-end.0 ............................................ [RUN]
[2022-06-11 19:55:31,992] {subprocess.py:92} INFO - [0m19:55:31  1 of 6 OK hook: SAM.on-run-end.0 ............................................... [ALTER DEFAULT PRIVILEGES in 0.00s]
[2022-06-11 19:55:31,997] {subprocess.py:92} INFO - [0m19:55:31  2 of 6 START hook: SAM.on-run-end.1 ............................................ [RUN]
[2022-06-11 19:55:32,001] {subprocess.py:92} INFO - [0m19:55:32  2 of 6 OK hook: SAM.on-run-end.1 ............................................... [ALTER DEFAULT PRIVILEGES in 0.00s]
[2022-06-11 19:55:32,006] {subprocess.py:92} INFO - [0m19:55:32  3 of 6 START hook: SAM.on-run-end.2 ............................................ [RUN]
[2022-06-11 19:55:32,009] {subprocess.py:92} INFO - [0m19:55:32  3 of 6 OK hook: SAM.on-run-end.2 ............................................... [ALTER DEFAULT PRIVILEGES in 0.00s]
[2022-06-11 19:55:32,018] {subprocess.py:92} INFO - [0m19:55:32  4 of 6 START hook: SAM.on-run-end.3 ............................................ [RUN]
[2022-06-11 19:55:32,018] {subprocess.py:92} INFO - [0m19:55:32  4 of 6 OK hook: SAM.on-run-end.3 ............................................... [ALTER DEFAULT PRIVILEGES in 0.00s]
[2022-06-11 19:55:32,024] {subprocess.py:92} INFO - [0m19:55:32  5 of 6 START hook: SAM.on-run-end.4 ............................................ [RUN]
[2022-06-11 19:55:32,027] {subprocess.py:92} INFO - [0m19:55:32  5 of 6 OK hook: SAM.on-run-end.4 ............................................... [ALTER DEFAULT PRIVILEGES in 0.00s]
[2022-06-11 19:55:32,036] {subprocess.py:92} INFO - [0m19:55:32  6 of 6 START hook: SAM.on-run-end.5 ............................................ [RUN]
[2022-06-11 19:55:32,036] {subprocess.py:92} INFO - [0m19:55:32  6 of 6 OK hook: SAM.on-run-end.5 ............................................... [ALTER DEFAULT PRIVILEGES in 0.00s]
[2022-06-11 19:55:32,037] {subprocess.py:92} INFO - [0m19:55:32
[2022-06-11 19:55:32,038] {subprocess.py:92} INFO - [0m19:55:32
[2022-06-11 19:55:32,038] {subprocess.py:92} INFO - [0m19:55:32  Finished running 1 table model, 6 hooks in 0.31s.
[2022-06-11 19:55:32,053] {subprocess.py:92} INFO - [0m19:55:32
[2022-06-11 19:55:32,053] {subprocess.py:92} INFO - [0m19:55:32  Completed successfully
[2022-06-11 19:55:32,053] {subprocess.py:92} INFO - [0m19:55:32
[2022-06-11 19:55:32,054] {subprocess.py:92} INFO - [0m19:55:32  Done. PASS=1 WARN=0 ERROR=0 SKIP=0 TOTAL=1
[2022-06-11 19:55:32,382] {subprocess.py:96} INFO - Command exited with return code 0
[2022-06-11 19:55:32,428] {taskinstance.py:1400} INFO - Marking task as SUCCESS. dag_id=T-dbt-job-dimensions, task_id=dbt_clone_and_transform-dimensions, execution_date=20220611T195421, start_date=20220611T195421, end_date=20220611T195532
[2022-06-11 19:55:32,472] {local_task_job.py:156} INFO - Task exited with return code 0
[2022-06-11 19:55:32,523] {local_task_job.py:273} INFO - 1 downstream tasks scheduled from follow-on schedule check
