[2022-06-11 18:36:11,291] {taskinstance.py:1159} INFO - Dependencies all met for <TaskInstance: T-dbt-job-objects.dbt_clone_and_transform-objects manual__2022-06-11T18:11:44.385614+00:00 [queued]>
[2022-06-11 18:36:11,306] {taskinstance.py:1159} INFO - Dependencies all met for <TaskInstance: T-dbt-job-objects.dbt_clone_and_transform-objects manual__2022-06-11T18:11:44.385614+00:00 [queued]>
[2022-06-11 18:36:11,306] {taskinstance.py:1356} INFO - 
--------------------------------------------------------------------------------
[2022-06-11 18:36:11,306] {taskinstance.py:1357} INFO - Starting attempt 5 of 6
[2022-06-11 18:36:11,306] {taskinstance.py:1358} INFO - 
--------------------------------------------------------------------------------
[2022-06-11 18:36:11,321] {taskinstance.py:1377} INFO - Executing <Task(BashOperator): dbt_clone_and_transform-objects> on 2022-06-11 18:11:44.385614+00:00
[2022-06-11 18:36:11,327] {standard_task_runner.py:52} INFO - Started process 1414 to run task
[2022-06-11 18:36:11,331] {standard_task_runner.py:79} INFO - Running: ['airflow', 'tasks', 'run', 'T-dbt-job-objects', 'dbt_clone_and_transform-objects', 'manual__2022-06-11T18:11:44.385614+00:00', '--job-id', '86', '--raw', '--subdir', 'DAGS_FOLDER/docker_job/dbt_test.py', '--cfg-path', '/tmp/tmplh9fgqcj', '--error-file', '/tmp/tmpo3ybyrju']
[2022-06-11 18:36:11,332] {standard_task_runner.py:80} INFO - Job 86: Subtask dbt_clone_and_transform-objects
[2022-06-11 18:36:11,390] {task_command.py:370} INFO - Running <TaskInstance: T-dbt-job-objects.dbt_clone_and_transform-objects manual__2022-06-11T18:11:44.385614+00:00 [running]> on host d8836eb746ac
[2022-06-11 18:36:11,461] {taskinstance.py:1571} INFO - Exporting the following env vars:
AIRFLOW_CTX_DAG_EMAIL=samuelolle@yahoo.com
AIRFLOW_CTX_DAG_OWNER=airflow
AIRFLOW_CTX_DAG_ID=T-dbt-job-objects
AIRFLOW_CTX_TASK_ID=dbt_clone_and_transform-objects
AIRFLOW_CTX_EXECUTION_DATE=2022-06-11T18:11:44.385614+00:00
AIRFLOW_CTX_TRY_NUMBER=5
AIRFLOW_CTX_DAG_RUN_ID=manual__2022-06-11T18:11:44.385614+00:00
[2022-06-11 18:36:11,462] {subprocess.py:62} INFO - Tmp dir root location: 
 /tmp
[2022-06-11 18:36:11,463] {subprocess.py:74} INFO - Running command: ['bash', '-c', " rm -rf /tmp/objects && mkdir /tmp/objects                            && cp -r /tmp/dbt /tmp/objects/dbt                             && cd /tmp/objects/dbt && python3 -m venv venv                             && export PIP_USER=false                             && *** /tmp/objects/dbt/venv/bin/activate                             && pip  install --quiet --upgrade pip setuptools                             && pip3 install --quiet 'MarkupSafe<=2.0.1' 'dbt-postgres' 'dbt-core'                             && dbt --version && deactivate                             && cd /tmp/objects/dbt && *** /tmp/objects/dbt/venv/bin/activate                             && dbt deps --profiles-dir /tmp/objects/dbt/ && dbt seed --profiles-dir /tmp/objects/dbt/                             && dbt run --models objects --profiles-dir /tmp/objects/dbt/"]
[2022-06-11 18:36:11,478] {subprocess.py:85} INFO - Output:
[2022-06-11 18:36:48,795] {subprocess.py:92} INFO - Core:
[2022-06-11 18:36:48,795] {subprocess.py:92} INFO -   - installed: 1.1.0
[2022-06-11 18:36:48,796] {subprocess.py:92} INFO -   - latest:    1.1.0 - [32mUp to date![0m
[2022-06-11 18:36:48,796] {subprocess.py:92} INFO - 
[2022-06-11 18:36:48,796] {subprocess.py:92} INFO - Plugins:
[2022-06-11 18:36:48,796] {subprocess.py:92} INFO -   - postgres: 1.1.0 - [32mUp to date![0m
[2022-06-11 18:36:51,925] {subprocess.py:92} INFO - [0m18:36:51  Running with dbt=1.1.0
[2022-06-11 18:36:51,926] {subprocess.py:92} INFO - [0m18:36:51  Warning: No packages were found in packages.yml
[2022-06-11 18:36:55,196] {subprocess.py:92} INFO - [0m18:36:55  Running with dbt=1.1.0
[2022-06-11 18:36:55,210] {subprocess.py:92} INFO - [0m18:36:55  Partial parse save file not found. Starting full parse.
[2022-06-11 18:36:55,843] {subprocess.py:92} INFO - [0m18:36:55  [WARNING]: Configuration paths exist in your dbt_project.yml file which do not apply to any re***s.
[2022-06-11 18:36:55,843] {subprocess.py:92} INFO - There are 1 unused configuration paths:
[2022-06-11 18:36:55,843] {subprocess.py:92} INFO - - seeds.SAM
[2022-06-11 18:36:55,844] {subprocess.py:92} INFO - 
[2022-06-11 18:36:55,857] {subprocess.py:92} INFO - [0m18:36:55  Found 4 models, 6 tests, 0 snapshots, 0 analyses, 171 macros, 4 operations, 0 seed files, 4 ***s, 0 exposures, 0 metrics
[2022-06-11 18:36:55,860] {subprocess.py:92} INFO - [0m18:36:55
[2022-06-11 18:36:55,860] {subprocess.py:92} INFO - [0m18:36:55  [WARNING]: Nothing to do. Try checking your model configs and model specification args
[2022-06-11 18:36:55,866] {subprocess.py:92} INFO - [0m18:36:55
[2022-06-11 18:36:55,866] {subprocess.py:92} INFO - [0m18:36:55  Completed successfully
[2022-06-11 18:36:55,867] {subprocess.py:92} INFO - [0m18:36:55
[2022-06-11 18:36:55,867] {subprocess.py:92} INFO - [0m18:36:55  Done. PASS=0 WARN=0 ERROR=0 SKIP=0 TOTAL=0
[2022-06-11 18:36:59,068] {subprocess.py:92} INFO - [0m18:36:59  Running with dbt=1.1.0
[2022-06-11 18:36:59,103] {subprocess.py:92} INFO - [0m18:36:59  [WARNING]: Configuration paths exist in your dbt_project.yml file which do not apply to any re***s.
[2022-06-11 18:36:59,104] {subprocess.py:92} INFO - There are 1 unused configuration paths:
[2022-06-11 18:36:59,104] {subprocess.py:92} INFO - - seeds.SAM
[2022-06-11 18:36:59,104] {subprocess.py:92} INFO - 
[2022-06-11 18:36:59,117] {subprocess.py:92} INFO - [0m18:36:59  Found 4 models, 6 tests, 0 snapshots, 0 analyses, 171 macros, 4 operations, 0 seed files, 4 ***s, 0 exposures, 0 metrics
[2022-06-11 18:36:59,119] {subprocess.py:92} INFO - [0m18:36:59
[2022-06-11 18:36:59,202] {subprocess.py:92} INFO - [0m18:36:59  Concurrency: 4 threads (target='dev')
[2022-06-11 18:36:59,203] {subprocess.py:92} INFO - [0m18:36:59
[2022-06-11 18:36:59,213] {subprocess.py:92} INFO - [0m18:36:59  1 of 1 START table model analytics_object.obj_walls ............................ [RUN]
[2022-06-11 18:36:59,289] {subprocess.py:92} INFO - [0m18:36:59  1 of 1 OK created table model analytics_object.obj_walls ....................... [SELECT 12 in 0.08s]
[2022-06-11 18:36:59,321] {subprocess.py:92} INFO - [0m18:36:59
[2022-06-11 18:36:59,321] {subprocess.py:92} INFO - [0m18:36:59  Running 4 on-run-end hooks
[2022-06-11 18:36:59,329] {subprocess.py:92} INFO - [0m18:36:59  1 of 4 START hook: SAM.on-run-end.0 ............................................ [RUN]
[2022-06-11 18:36:59,333] {subprocess.py:92} INFO - [0m18:36:59  1 of 4 OK hook: SAM.on-run-end.0 ............................................... [ALTER DEFAULT PRIVILEGES in 0.00s]
[2022-06-11 18:36:59,339] {subprocess.py:92} INFO - [0m18:36:59  2 of 4 START hook: SAM.on-run-end.1 ............................................ [RUN]
[2022-06-11 18:36:59,341] {subprocess.py:92} INFO - [0m18:36:59  2 of 4 OK hook: SAM.on-run-end.1 ............................................... [ALTER DEFAULT PRIVILEGES in 0.00s]
[2022-06-11 18:36:59,345] {subprocess.py:92} INFO - [0m18:36:59  3 of 4 START hook: SAM.on-run-end.2 ............................................ [RUN]
[2022-06-11 18:36:59,349] {subprocess.py:92} INFO - [0m18:36:59  3 of 4 OK hook: SAM.on-run-end.2 ............................................... [ALTER DEFAULT PRIVILEGES in 0.00s]
[2022-06-11 18:36:59,353] {subprocess.py:92} INFO - [0m18:36:59  4 of 4 START hook: SAM.on-run-end.3 ............................................ [RUN]
[2022-06-11 18:36:59,356] {subprocess.py:92} INFO - [0m18:36:59  4 of 4 OK hook: SAM.on-run-end.3 ............................................... [ALTER DEFAULT PRIVILEGES in 0.00s]
[2022-06-11 18:36:59,356] {subprocess.py:92} INFO - [0m18:36:59
[2022-06-11 18:36:59,359] {subprocess.py:92} INFO - [0m18:36:59
[2022-06-11 18:36:59,359] {subprocess.py:92} INFO - [0m18:36:59  Finished running 1 table model, 4 hooks in 0.24s.
[2022-06-11 18:36:59,364] {subprocess.py:92} INFO - [0m18:36:59
[2022-06-11 18:36:59,364] {subprocess.py:92} INFO - [0m18:36:59  Completed successfully
[2022-06-11 18:36:59,365] {subprocess.py:92} INFO - [0m18:36:59
[2022-06-11 18:36:59,365] {subprocess.py:92} INFO - [0m18:36:59  Done. PASS=1 WARN=0 ERROR=0 SKIP=0 TOTAL=1
[2022-06-11 18:36:59,549] {subprocess.py:96} INFO - Command exited with return code 0
[2022-06-11 18:36:59,580] {taskinstance.py:1400} INFO - Marking task as SUCCESS. dag_id=T-dbt-job-objects, task_id=dbt_clone_and_transform-objects, execution_date=20220611T181144, start_date=20220611T183611, end_date=20220611T183659
[2022-06-11 18:36:59,621] {local_task_job.py:156} INFO - Task exited with return code 0
[2022-06-11 18:36:59,659] {local_task_job.py:273} INFO - 1 downstream tasks scheduled from follow-on schedule check
