[2022-06-11 16:37:20,584] {taskinstance.py:1159} INFO - Dependencies all met for <TaskInstance: T-dbt-job-dimensions.dbt_clone_and_transform-dimensions manual__2022-06-11T16:37:16.765324+00:00 [queued]>
[2022-06-11 16:37:20,594] {taskinstance.py:1159} INFO - Dependencies all met for <TaskInstance: T-dbt-job-dimensions.dbt_clone_and_transform-dimensions manual__2022-06-11T16:37:16.765324+00:00 [queued]>
[2022-06-11 16:37:20,594] {taskinstance.py:1356} INFO - 
--------------------------------------------------------------------------------
[2022-06-11 16:37:20,594] {taskinstance.py:1357} INFO - Starting attempt 1 of 2
[2022-06-11 16:37:20,594] {taskinstance.py:1358} INFO - 
--------------------------------------------------------------------------------
[2022-06-11 16:37:20,607] {taskinstance.py:1377} INFO - Executing <Task(BashOperator): dbt_clone_and_transform-dimensions> on 2022-06-11 16:37:16.765324+00:00
[2022-06-11 16:37:20,615] {standard_task_runner.py:52} INFO - Started process 202 to run task
[2022-06-11 16:37:20,619] {standard_task_runner.py:79} INFO - Running: ['airflow', 'tasks', 'run', 'T-dbt-job-dimensions', 'dbt_clone_and_transform-dimensions', 'manual__2022-06-11T16:37:16.765324+00:00', '--job-id', '26', '--raw', '--subdir', 'DAGS_FOLDER/docker_job/dbt_test.py', '--cfg-path', '/tmp/tmp9om6yjj9', '--error-file', '/tmp/tmp4gl4pjve']
[2022-06-11 16:37:20,619] {standard_task_runner.py:80} INFO - Job 26: Subtask dbt_clone_and_transform-dimensions
[2022-06-11 16:37:20,670] {task_command.py:370} INFO - Running <TaskInstance: T-dbt-job-dimensions.dbt_clone_and_transform-dimensions manual__2022-06-11T16:37:16.765324+00:00 [running]> on host d8836eb746ac
[2022-06-11 16:37:20,734] {taskinstance.py:1571} INFO - Exporting the following env vars:
AIRFLOW_CTX_DAG_EMAIL=samuelolle@yahoo.com
AIRFLOW_CTX_DAG_OWNER=airflow
AIRFLOW_CTX_DAG_ID=T-dbt-job-dimensions
AIRFLOW_CTX_TASK_ID=dbt_clone_and_transform-dimensions
AIRFLOW_CTX_EXECUTION_DATE=2022-06-11T16:37:16.765324+00:00
AIRFLOW_CTX_TRY_NUMBER=1
AIRFLOW_CTX_DAG_RUN_ID=manual__2022-06-11T16:37:16.765324+00:00
[2022-06-11 16:37:20,735] {subprocess.py:62} INFO - Tmp dir root location: 
 /tmp
[2022-06-11 16:37:20,735] {subprocess.py:74} INFO - Running command: ['bash', '-c', " rm -rf /tmp/dimensions && mkdir /tmp/dimensions                            && cp -r /tmp/dbt /tmp/dimensions/dbt                             && cd /tmp/dimensions/dbt && python3 -m venv venv                             && export PIP_USER=false                             && *** /tmp/dimensions/dbt/venv/bin/activate                             && pip  install --quiet --upgrade pip setuptools                             && pip3 install --quiet 'MarkupSafe<=2.0.1' 'dbt-postgres' 'dbt-core'                             && dbt --version && deactivate                             && cd /tmp/dimensions/dbt && *** /tmp/dimensions/dbt/venv/bin/activate                             && dbt deps --profiles-dir /tmp/dimensions/dbt/ && dbt seed --profiles-dir /tmp/dimensions/dbt/                             && dbt run --models dimensions --profiles-dir /tmp/dimensions/dbt/"]
[2022-06-11 16:37:20,750] {subprocess.py:85} INFO - Output:
[2022-06-11 16:38:01,891] {subprocess.py:92} INFO - Core:
[2022-06-11 16:38:01,891] {subprocess.py:92} INFO -   - installed: 1.1.0
[2022-06-11 16:38:01,891] {subprocess.py:92} INFO -   - latest:    1.1.0 - [32mUp to date![0m
[2022-06-11 16:38:01,891] {subprocess.py:92} INFO - 
[2022-06-11 16:38:01,891] {subprocess.py:92} INFO - Plugins:
[2022-06-11 16:38:01,891] {subprocess.py:92} INFO -   - postgres: 1.1.0 - [32mUp to date![0m
[2022-06-11 16:38:04,833] {subprocess.py:92} INFO - [0m16:38:04  Running with dbt=1.1.0
[2022-06-11 16:38:04,838] {subprocess.py:92} INFO - [0m16:38:04  Warning: No packages were found in packages.yml
[2022-06-11 16:38:07,801] {subprocess.py:92} INFO - [0m16:38:07  Running with dbt=1.1.0
[2022-06-11 16:38:07,817] {subprocess.py:92} INFO - [0m16:38:07  Partial parse save file not found. Starting full parse.
[2022-06-11 16:38:08,405] {subprocess.py:92} INFO - [0m16:38:08  [WARNING]: Configuration paths exist in your dbt_project.yml file which do not apply to any re***s.
[2022-06-11 16:38:08,405] {subprocess.py:92} INFO - There are 1 unused configuration paths:
[2022-06-11 16:38:08,405] {subprocess.py:92} INFO - - seeds.SAM
[2022-06-11 16:38:08,405] {subprocess.py:92} INFO - 
[2022-06-11 16:38:08,416] {subprocess.py:92} INFO - [0m16:38:08  Found 3 models, 6 tests, 0 snapshots, 0 analyses, 171 macros, 4 operations, 0 seed files, 0 ***s, 0 exposures, 0 metrics
[2022-06-11 16:38:08,418] {subprocess.py:92} INFO - [0m16:38:08
[2022-06-11 16:38:08,418] {subprocess.py:92} INFO - [0m16:38:08  [WARNING]: Nothing to do. Try checking your model configs and model specification args
[2022-06-11 16:38:08,423] {subprocess.py:92} INFO - [0m16:38:08
[2022-06-11 16:38:08,423] {subprocess.py:92} INFO - [0m16:38:08  Completed successfully
[2022-06-11 16:38:08,423] {subprocess.py:92} INFO - [0m16:38:08
[2022-06-11 16:38:08,424] {subprocess.py:92} INFO - [0m16:38:08  Done. PASS=0 WARN=0 ERROR=0 SKIP=0 TOTAL=0
[2022-06-11 16:38:11,356] {subprocess.py:92} INFO - [0m16:38:11  Running with dbt=1.1.0
[2022-06-11 16:38:11,388] {subprocess.py:92} INFO - [0m16:38:11  [WARNING]: Configuration paths exist in your dbt_project.yml file which do not apply to any re***s.
[2022-06-11 16:38:11,388] {subprocess.py:92} INFO - There are 1 unused configuration paths:
[2022-06-11 16:38:11,388] {subprocess.py:92} INFO - - seeds.SAM
[2022-06-11 16:38:11,388] {subprocess.py:92} INFO - 
[2022-06-11 16:38:11,402] {subprocess.py:92} INFO - [0m16:38:11  Found 3 models, 6 tests, 0 snapshots, 0 analyses, 171 macros, 4 operations, 0 seed files, 0 ***s, 0 exposures, 0 metrics
[2022-06-11 16:38:11,403] {subprocess.py:92} INFO - [0m16:38:11
[2022-06-11 16:38:11,472] {subprocess.py:92} INFO - [0m16:38:11  Concurrency: 4 threads (target='dev')
[2022-06-11 16:38:11,472] {subprocess.py:92} INFO - [0m16:38:11
[2022-06-11 16:38:11,480] {subprocess.py:92} INFO - [0m16:38:11  1 of 1 START view model analytics_object.dim_date .............................. [RUN]
[2022-06-11 16:38:11,547] {subprocess.py:92} INFO - [0m16:38:11  1 of 1 OK created view model analytics_object.dim_date ......................... [CREATE VIEW in 0.07s]
[2022-06-11 16:38:11,586] {subprocess.py:92} INFO - [0m16:38:11
[2022-06-11 16:38:11,587] {subprocess.py:92} INFO - [0m16:38:11  Running 4 on-run-end hooks
[2022-06-11 16:38:11,592] {subprocess.py:92} INFO - [0m16:38:11  1 of 4 START hook: SAM.on-run-end.0 ............................................ [RUN]
[2022-06-11 16:38:11,595] {subprocess.py:92} INFO - [0m16:38:11  1 of 4 OK hook: SAM.on-run-end.0 ............................................... [ALTER DEFAULT PRIVILEGES in 0.00s]
[2022-06-11 16:38:11,599] {subprocess.py:92} INFO - [0m16:38:11  2 of 4 START hook: SAM.on-run-end.1 ............................................ [RUN]
[2022-06-11 16:38:11,602] {subprocess.py:92} INFO - [0m16:38:11  2 of 4 OK hook: SAM.on-run-end.1 ............................................... [ALTER DEFAULT PRIVILEGES in 0.00s]
[2022-06-11 16:38:11,605] {subprocess.py:92} INFO - [0m16:38:11  3 of 4 START hook: SAM.on-run-end.2 ............................................ [RUN]
[2022-06-11 16:38:11,607] {subprocess.py:92} INFO - [0m16:38:11  3 of 4 OK hook: SAM.on-run-end.2 ............................................... [ALTER DEFAULT PRIVILEGES in 0.00s]
[2022-06-11 16:38:11,610] {subprocess.py:92} INFO - [0m16:38:11  4 of 4 START hook: SAM.on-run-end.3 ............................................ [RUN]
[2022-06-11 16:38:11,613] {subprocess.py:92} INFO - [0m16:38:11  4 of 4 OK hook: SAM.on-run-end.3 ............................................... [ALTER DEFAULT PRIVILEGES in 0.00s]
[2022-06-11 16:38:11,613] {subprocess.py:92} INFO - [0m16:38:11
[2022-06-11 16:38:11,614] {subprocess.py:92} INFO - [0m16:38:11
[2022-06-11 16:38:11,614] {subprocess.py:92} INFO - [0m16:38:11  Finished running 1 view model, 4 hooks in 0.21s.
[2022-06-11 16:38:11,625] {subprocess.py:92} INFO - [0m16:38:11
[2022-06-11 16:38:11,625] {subprocess.py:92} INFO - [0m16:38:11  Completed successfully
[2022-06-11 16:38:11,626] {subprocess.py:92} INFO - [0m16:38:11
[2022-06-11 16:38:11,626] {subprocess.py:92} INFO - [0m16:38:11  Done. PASS=1 WARN=0 ERROR=0 SKIP=0 TOTAL=1
[2022-06-11 16:38:11,788] {subprocess.py:96} INFO - Command exited with return code 0
[2022-06-11 16:38:11,816] {taskinstance.py:1400} INFO - Marking task as SUCCESS. dag_id=T-dbt-job-dimensions, task_id=dbt_clone_and_transform-dimensions, execution_date=20220611T163716, start_date=20220611T163720, end_date=20220611T163811
[2022-06-11 16:38:11,865] {local_task_job.py:156} INFO - Task exited with return code 0
[2022-06-11 16:38:11,892] {local_task_job.py:273} INFO - 1 downstream tasks scheduled from follow-on schedule check
