[2022-06-19 22:47:20,160] {taskinstance.py:1159} INFO - Dependencies all met for <TaskInstance: T-dbt-job-dimensions.dbt_clone_and_transform-dimensions manual__2022-06-19T22:47:19.641359+00:00 [queued]>
[2022-06-19 22:47:20,171] {taskinstance.py:1159} INFO - Dependencies all met for <TaskInstance: T-dbt-job-dimensions.dbt_clone_and_transform-dimensions manual__2022-06-19T22:47:19.641359+00:00 [queued]>
[2022-06-19 22:47:20,171] {taskinstance.py:1356} INFO - 
--------------------------------------------------------------------------------
[2022-06-19 22:47:20,171] {taskinstance.py:1357} INFO - Starting attempt 1 of 2
[2022-06-19 22:47:20,171] {taskinstance.py:1358} INFO - 
--------------------------------------------------------------------------------
[2022-06-19 22:47:20,185] {taskinstance.py:1377} INFO - Executing <Task(BashOperator): dbt_clone_and_transform-dimensions> on 2022-06-19 22:47:19.641359+00:00
[2022-06-19 22:47:20,191] {standard_task_runner.py:52} INFO - Started process 1342 to run task
[2022-06-19 22:47:20,194] {standard_task_runner.py:79} INFO - Running: ['airflow', 'tasks', 'run', 'T-dbt-job-dimensions', 'dbt_clone_and_transform-dimensions', 'manual__2022-06-19T22:47:19.641359+00:00', '--job-id', '55', '--raw', '--subdir', 'DAGS_FOLDER/docker_job/dbt_model.py', '--cfg-path', '/tmp/tmpxzywe1cm', '--error-file', '/tmp/tmpkgtifwbb']
[2022-06-19 22:47:20,194] {standard_task_runner.py:80} INFO - Job 55: Subtask dbt_clone_and_transform-dimensions
[2022-06-19 22:47:20,246] {task_command.py:370} INFO - Running <TaskInstance: T-dbt-job-dimensions.dbt_clone_and_transform-dimensions manual__2022-06-19T22:47:19.641359+00:00 [running]> on host 7cbff6e51e2a
[2022-06-19 22:47:20,313] {taskinstance.py:1571} INFO - Exporting the following env vars:
AIRFLOW_CTX_DAG_EMAIL=samuelolle@yahoo.com
AIRFLOW_CTX_DAG_OWNER=airflow
AIRFLOW_CTX_DAG_ID=T-dbt-job-dimensions
AIRFLOW_CTX_TASK_ID=dbt_clone_and_transform-dimensions
AIRFLOW_CTX_EXECUTION_DATE=2022-06-19T22:47:19.641359+00:00
AIRFLOW_CTX_TRY_NUMBER=1
AIRFLOW_CTX_DAG_RUN_ID=manual__2022-06-19T22:47:19.641359+00:00
[2022-06-19 22:47:20,314] {subprocess.py:62} INFO - Tmp dir root location: 
 /tmp
[2022-06-19 22:47:20,315] {subprocess.py:74} INFO - Running command: ['bash', '-c', " rm -rf /tmp/dimensions && mkdir /tmp/dimensions                            && cp -r /tmp/dbt /tmp/dimensions/dbt                             && cd /tmp/dimensions/dbt && python3 -m venv venv                             && export PIP_USER=false                             && *** /tmp/dimensions/dbt/venv/bin/activate                             && pip  install --quiet --upgrade pip setuptools                             && pip3 install --quiet 'MarkupSafe<=2.0.1' 'dbt-postgres' 'dbt-core'                             && dbt --version && deactivate                             && cd /tmp/dimensions/dbt && *** /tmp/dimensions/dbt/venv/bin/activate                             && dbt deps --profiles-dir /tmp/dimensions/dbt/ && dbt seed --profiles-dir /tmp/dimensions/dbt/                             && dbt run --models dimensions --profiles-dir /tmp/dimensions/dbt/"]
[2022-06-19 22:47:20,326] {subprocess.py:85} INFO - Output:
[2022-06-19 22:47:52,496] {subprocess.py:92} INFO - Core:
[2022-06-19 22:47:52,497] {subprocess.py:92} INFO -   - installed: 1.1.1
[2022-06-19 22:47:52,497] {subprocess.py:92} INFO -   - latest:    1.1.1 - [32mUp to date![0m
[2022-06-19 22:47:52,497] {subprocess.py:92} INFO - 
[2022-06-19 22:47:52,497] {subprocess.py:92} INFO - Plugins:
[2022-06-19 22:47:52,497] {subprocess.py:92} INFO -   - postgres: 1.1.1 - [32mUp to date![0m
[2022-06-19 22:47:55,036] {subprocess.py:92} INFO - [0m22:47:55  Running with dbt=1.1.1
[2022-06-19 22:47:55,038] {subprocess.py:92} INFO - [0m22:47:55  Warning: No packages were found in packages.yml
[2022-06-19 22:47:57,610] {subprocess.py:92} INFO - [0m22:47:57  Running with dbt=1.1.1
[2022-06-19 22:47:57,622] {subprocess.py:92} INFO - [0m22:47:57  Partial parse save file not found. Starting full parse.
[2022-06-19 22:47:58,220] {subprocess.py:92} INFO - [0m22:47:58  [WARNING]: Configuration paths exist in your dbt_project.yml file which do not apply to any re***s.
[2022-06-19 22:47:58,220] {subprocess.py:92} INFO - There are 1 unused configuration paths:
[2022-06-19 22:47:58,220] {subprocess.py:92} INFO - - seeds.SAM
[2022-06-19 22:47:58,220] {subprocess.py:92} INFO - 
[2022-06-19 22:47:58,231] {subprocess.py:92} INFO - [0m22:47:58  Found 10 models, 6 tests, 0 snapshots, 0 analyses, 172 macros, 6 operations, 0 seed files, 4 ***s, 0 exposures, 0 metrics
[2022-06-19 22:47:58,232] {subprocess.py:92} INFO - [0m22:47:58
[2022-06-19 22:47:58,233] {subprocess.py:92} INFO - [0m22:47:58  [WARNING]: Nothing to do. Try checking your model configs and model specification args
[2022-06-19 22:47:58,238] {subprocess.py:92} INFO - [0m22:47:58
[2022-06-19 22:47:58,238] {subprocess.py:92} INFO - [0m22:47:58  Completed successfully
[2022-06-19 22:47:58,238] {subprocess.py:92} INFO - [0m22:47:58
[2022-06-19 22:47:58,239] {subprocess.py:92} INFO - [0m22:47:58  Done. PASS=0 WARN=0 ERROR=0 SKIP=0 TOTAL=0
[2022-06-19 22:48:00,904] {subprocess.py:92} INFO - [0m22:48:00  Running with dbt=1.1.1
[2022-06-19 22:48:00,943] {subprocess.py:92} INFO - [0m22:48:00  [WARNING]: Configuration paths exist in your dbt_project.yml file which do not apply to any re***s.
[2022-06-19 22:48:00,944] {subprocess.py:92} INFO - There are 1 unused configuration paths:
[2022-06-19 22:48:00,944] {subprocess.py:92} INFO - - seeds.SAM
[2022-06-19 22:48:00,944] {subprocess.py:92} INFO - 
[2022-06-19 22:48:00,959] {subprocess.py:92} INFO - [0m22:48:00  Found 10 models, 6 tests, 0 snapshots, 0 analyses, 172 macros, 6 operations, 0 seed files, 4 ***s, 0 exposures, 0 metrics
[2022-06-19 22:48:00,961] {subprocess.py:92} INFO - [0m22:48:00
[2022-06-19 22:48:01,043] {subprocess.py:92} INFO - [0m22:48:01  Concurrency: 4 threads (target='dev')
[2022-06-19 22:48:01,043] {subprocess.py:92} INFO - [0m22:48:01
[2022-06-19 22:48:01,057] {subprocess.py:92} INFO - [0m22:48:01  1 of 4 START table model analytics_dim.dim_date ................................ [RUN]
[2022-06-19 22:48:01,057] {subprocess.py:92} INFO - [0m22:48:01  2 of 4 START incremental model analytics_dim.dim_user_wall ..................... [RUN]
[2022-06-19 22:48:01,058] {subprocess.py:92} INFO - [0m22:48:01  3 of 4 START incremental model analytics_dim.dim_users ......................... [RUN]
[2022-06-19 22:48:01,059] {subprocess.py:92} INFO - [0m22:48:01  4 of 4 START incremental model analytics_dim.dim_walls ......................... [RUN]
[2022-06-19 22:48:01,313] {subprocess.py:92} INFO - [0m22:48:01  1 of 4 OK created table model analytics_dim.dim_date ........................... [SELECT 546 in 0.25s]
[2022-06-19 22:48:01,319] {subprocess.py:92} INFO - [0m22:48:01  4 of 4 OK created incremental model analytics_dim.dim_walls .................... [INSERT 0 9 in 0.26s]
[2022-06-19 22:48:01,321] {subprocess.py:92} INFO - [0m22:48:01  2 of 4 OK created incremental model analytics_dim.dim_user_wall ................ [INSERT 0 18 in 0.26s]
[2022-06-19 22:48:01,323] {subprocess.py:92} INFO - [0m22:48:01  3 of 4 OK created incremental model analytics_dim.dim_users .................... [INSERT 0 15 in 0.26s]
[2022-06-19 22:48:01,374] {subprocess.py:92} INFO - [0m22:48:01
[2022-06-19 22:48:01,374] {subprocess.py:92} INFO - [0m22:48:01  Running 6 on-run-end hooks
[2022-06-19 22:48:01,380] {subprocess.py:92} INFO - [0m22:48:01  1 of 6 START hook: SAM.on-run-end.0 ............................................ [RUN]
[2022-06-19 22:48:01,383] {subprocess.py:92} INFO - [0m22:48:01  1 of 6 OK hook: SAM.on-run-end.0 ............................................... [ALTER DEFAULT PRIVILEGES in 0.00s]
[2022-06-19 22:48:01,389] {subprocess.py:92} INFO - [0m22:48:01  2 of 6 START hook: SAM.on-run-end.1 ............................................ [RUN]
[2022-06-19 22:48:01,391] {subprocess.py:92} INFO - [0m22:48:01  2 of 6 OK hook: SAM.on-run-end.1 ............................................... [ALTER DEFAULT PRIVILEGES in 0.00s]
[2022-06-19 22:48:01,395] {subprocess.py:92} INFO - [0m22:48:01  3 of 6 START hook: SAM.on-run-end.2 ............................................ [RUN]
[2022-06-19 22:48:01,398] {subprocess.py:92} INFO - [0m22:48:01  3 of 6 OK hook: SAM.on-run-end.2 ............................................... [ALTER DEFAULT PRIVILEGES in 0.00s]
[2022-06-19 22:48:01,401] {subprocess.py:92} INFO - [0m22:48:01  4 of 6 START hook: SAM.on-run-end.3 ............................................ [RUN]
[2022-06-19 22:48:01,403] {subprocess.py:92} INFO - [0m22:48:01  4 of 6 OK hook: SAM.on-run-end.3 ............................................... [ALTER DEFAULT PRIVILEGES in 0.00s]
[2022-06-19 22:48:01,408] {subprocess.py:92} INFO - [0m22:48:01  5 of 6 START hook: SAM.on-run-end.4 ............................................ [RUN]
[2022-06-19 22:48:01,411] {subprocess.py:92} INFO - [0m22:48:01  5 of 6 OK hook: SAM.on-run-end.4 ............................................... [ALTER DEFAULT PRIVILEGES in 0.00s]
[2022-06-19 22:48:01,415] {subprocess.py:92} INFO - [0m22:48:01  6 of 6 START hook: SAM.on-run-end.5 ............................................ [RUN]
[2022-06-19 22:48:01,417] {subprocess.py:92} INFO - [0m22:48:01  6 of 6 OK hook: SAM.on-run-end.5 ............................................... [ALTER DEFAULT PRIVILEGES in 0.00s]
[2022-06-19 22:48:01,418] {subprocess.py:92} INFO - [0m22:48:01
[2022-06-19 22:48:01,418] {subprocess.py:92} INFO - [0m22:48:01
[2022-06-19 22:48:01,419] {subprocess.py:92} INFO - [0m22:48:01  Finished running 1 table model, 3 incremental models, 6 hooks in 0.46s.
[2022-06-19 22:48:01,425] {subprocess.py:92} INFO - [0m22:48:01
[2022-06-19 22:48:01,425] {subprocess.py:92} INFO - [0m22:48:01  Completed successfully
[2022-06-19 22:48:01,426] {subprocess.py:92} INFO - [0m22:48:01
[2022-06-19 22:48:01,426] {subprocess.py:92} INFO - [0m22:48:01  Done. PASS=4 WARN=0 ERROR=0 SKIP=0 TOTAL=4
[2022-06-19 22:48:01,584] {subprocess.py:96} INFO - Command exited with return code 0
[2022-06-19 22:48:01,614] {taskinstance.py:1400} INFO - Marking task as SUCCESS. dag_id=T-dbt-job-dimensions, task_id=dbt_clone_and_transform-dimensions, execution_date=20220619T224719, start_date=20220619T224720, end_date=20220619T224801
[2022-06-19 22:48:01,634] {local_task_job.py:156} INFO - Task exited with return code 0
[2022-06-19 22:48:01,660] {local_task_job.py:273} INFO - 1 downstream tasks scheduled from follow-on schedule check
