[2022-06-17 20:17:53,321] {taskinstance.py:1159} INFO - Dependencies all met for <TaskInstance: Job-pts.pts-Papple-iphone-xr-128gb-schwarz_h_6266 manual__2022-06-17T20:12:59.782916+00:00 [queued]>
[2022-06-17 20:17:53,335] {taskinstance.py:1159} INFO - Dependencies all met for <TaskInstance: Job-pts.pts-Papple-iphone-xr-128gb-schwarz_h_6266 manual__2022-06-17T20:12:59.782916+00:00 [queued]>
[2022-06-17 20:17:53,335] {taskinstance.py:1356} INFO - 
--------------------------------------------------------------------------------
[2022-06-17 20:17:53,335] {taskinstance.py:1357} INFO - Starting attempt 2 of 6
[2022-06-17 20:17:53,335] {taskinstance.py:1358} INFO - 
--------------------------------------------------------------------------------
[2022-06-17 20:17:53,354] {taskinstance.py:1377} INFO - Executing <Task(PythonOperator): pts-Papple-iphone-xr-128gb-schwarz_h_6266> on 2022-06-17 20:12:59.782916+00:00
[2022-06-17 20:17:53,361] {standard_task_runner.py:52} INFO - Started process 701 to run task
[2022-06-17 20:17:53,372] {standard_task_runner.py:79} INFO - Running: ['airflow', 'tasks', 'run', 'Job-pts', 'pts-Papple-iphone-xr-128gb-schwarz_h_6266', 'manual__2022-06-17T20:12:59.782916+00:00', '--job-id', '307', '--raw', '--subdir', 'DAGS_FOLDER/docker_job/price_scale.py', '--cfg-path', '/tmp/tmp_nvxbem_', '--error-file', '/tmp/tmpopkkids1']
[2022-06-17 20:17:53,372] {standard_task_runner.py:80} INFO - Job 307: Subtask pts-Papple-iphone-xr-128gb-schwarz_h_6266
[2022-06-17 20:17:53,510] {task_command.py:370} INFO - Running <TaskInstance: Job-pts.pts-Papple-iphone-xr-128gb-schwarz_h_6266 manual__2022-06-17T20:12:59.782916+00:00 [running]> on host 2d9e52ec85d2
[2022-06-17 20:17:53,671] {taskinstance.py:1571} INFO - Exporting the following env vars:
AIRFLOW_CTX_DAG_EMAIL=samuel.momoh-olle@asgoodasnew.com
AIRFLOW_CTX_DAG_OWNER=airflow
AIRFLOW_CTX_DAG_ID=Job-pts
AIRFLOW_CTX_TASK_ID=pts-Papple-iphone-xr-128gb-schwarz_h_6266
AIRFLOW_CTX_EXECUTION_DATE=2022-06-17T20:12:59.782916+00:00
AIRFLOW_CTX_TRY_NUMBER=2
AIRFLOW_CTX_DAG_RUN_ID=manual__2022-06-17T20:12:59.782916+00:00
[2022-06-17 20:17:54,601] {logging_mixin.py:115} INFO - ['https://www.handyverkauf.net/apple-iphone-x-64gb-space-grau_h_5143', 'https://www.handyverkauf.net/apple-iphone-x-256gb-space-grau_h_5145', 'https://www.handyverkauf.net/apple-iphone-xs-64gb-space-grau_h_6242', 'https://www.handyverkauf.net/apple-iphone-xs-256gb-space-grau_h_6245', 'https://www.handyverkauf.net/apple-iphone-xs-512gb-space-grau_h_6248', 'https://www.handyverkauf.net/apple-iphone-xs-max-64gb-space-grau_h_6251', 'https://www.handyverkauf.net/apple-iphone-xs-max-256gb-space-grau_h_6254', 'https://www.handyverkauf.net/apple-iphone-xs-max-512gb-space-grau_h_6257', 'https://www.handyverkauf.net/apple-iphone-xr-64gb-schwarz_h_6260', 'https://www.handyverkauf.net/apple-iphone-xr-128gb-schwarz_h_6266']
[2022-06-17 20:17:58,299] {logging_mixin.py:115} INFO - Message: invalid argument: 'url' must be a string
  (Session info: headless chrome=102.0.5005.115)
Stacktrace:
#0 0x5564dd89df33 <unknown>
#1 0x5564dd5e8118 <unknown>
#2 0x5564dd64faa1 <unknown>
#3 0x5564dd63bf72 <unknown>
#4 0x5564dd64f2e4 <unknown>
#5 0x5564dd63be63 <unknown>
#6 0x5564dd61182a <unknown>
#7 0x5564dd612985 <unknown>
#8 0x5564dd8e24cd <unknown>
#9 0x5564dd8e65ec <unknown>
#10 0x5564dd8cc71e <unknown>
#11 0x5564dd8e7238 <unknown>
#12 0x5564dd8c1870 <unknown>
#13 0x5564dd903608 <unknown>
#14 0x5564dd903788 <unknown>
#15 0x5564dd91df1d <unknown>
#16 0x7f9f17b91ea7 <unknown>
[2022-06-17 20:17:58,355] {logging_mixin.py:115} INFO - []
[2022-06-17 20:17:58,355] {python.py:173} INFO - Done. Returned value was: None
[2022-06-17 20:17:58,381] {taskinstance.py:1400} INFO - Marking task as SUCCESS. dag_id=Job-pts, task_id=pts-Papple-iphone-xr-128gb-schwarz_h_6266, execution_date=20220617T201259, start_date=20220617T201753, end_date=20220617T201758
[2022-06-17 20:17:58,413] {local_task_job.py:156} INFO - Task exited with return code 0
[2022-06-17 20:17:58,458] {local_task_job.py:273} INFO - 1 downstream tasks scheduled from follow-on schedule check
