[2022-06-13 07:09:56,905] {taskinstance.py:1159} INFO - Dependencies all met for <TaskInstance: T-dbt-job-dimensions.dbt_clone_and_transform-dimensions scheduled__2022-06-13T05:09:56.320242+00:00 [queued]>
[2022-06-13 07:09:56,913] {taskinstance.py:1159} INFO - Dependencies all met for <TaskInstance: T-dbt-job-dimensions.dbt_clone_and_transform-dimensions scheduled__2022-06-13T05:09:56.320242+00:00 [queued]>
[2022-06-13 07:09:56,913] {taskinstance.py:1356} INFO - 
--------------------------------------------------------------------------------
[2022-06-13 07:09:56,914] {taskinstance.py:1357} INFO - Starting attempt 1 of 2
[2022-06-13 07:09:56,914] {taskinstance.py:1358} INFO - 
--------------------------------------------------------------------------------
[2022-06-13 07:09:56,926] {taskinstance.py:1377} INFO - Executing <Task(BashOperator): dbt_clone_and_transform-dimensions> on 2022-06-13 05:09:56.320242+00:00
[2022-06-13 07:09:56,932] {standard_task_runner.py:52} INFO - Started process 588 to run task
[2022-06-13 07:09:56,935] {standard_task_runner.py:79} INFO - Running: ['airflow', 'tasks', 'run', 'T-dbt-job-dimensions', 'dbt_clone_and_transform-dimensions', 'scheduled__2022-06-13T05:09:56.320242+00:00', '--job-id', '75', '--raw', '--subdir', 'DAGS_FOLDER/docker_job/dbt_model.py', '--cfg-path', '/tmp/tmpiby5ijkh', '--error-file', '/tmp/tmp0n18cgwq']
[2022-06-13 07:09:56,935] {standard_task_runner.py:80} INFO - Job 75: Subtask dbt_clone_and_transform-dimensions
[2022-06-13 07:09:56,947] {warnings.py:110} WARNING - /home/airflow/.local/lib/python3.7/site-packages/airflow/configuration.py:525: DeprecationWarning: The sql_alchemy_conn option in [core] has been moved to the sql_alchemy_conn option in [database] - the old setting has been used, but please update your config.
  option = self._get_environment_variables(deprecated_key, deprecated_section, key, section)

[2022-06-13 07:09:56,982] {task_command.py:370} INFO - Running <TaskInstance: T-dbt-job-dimensions.dbt_clone_and_transform-dimensions scheduled__2022-06-13T05:09:56.320242+00:00 [running]> on host 0d9d7b7f40c6
[2022-06-13 07:09:57,044] {taskinstance.py:1571} INFO - Exporting the following env vars:
AIRFLOW_CTX_DAG_EMAIL=samuelolle@yahoo.com
AIRFLOW_CTX_DAG_OWNER=airflow
AIRFLOW_CTX_DAG_ID=T-dbt-job-dimensions
AIRFLOW_CTX_TASK_ID=dbt_clone_and_transform-dimensions
AIRFLOW_CTX_EXECUTION_DATE=2022-06-13T05:09:56.320242+00:00
AIRFLOW_CTX_TRY_NUMBER=1
AIRFLOW_CTX_DAG_RUN_ID=scheduled__2022-06-13T05:09:56.320242+00:00
[2022-06-13 07:09:57,045] {subprocess.py:62} INFO - Tmp dir root location: 
 /tmp
[2022-06-13 07:09:57,046] {subprocess.py:74} INFO - Running command: ['bash', '-c', " rm -rf /tmp/dimensions && mkdir /tmp/dimensions                            && cp -r /tmp/dbt /tmp/dimensions/dbt                             && cd /tmp/dimensions/dbt && python3 -m venv venv                             && export PIP_USER=false                             && *** /tmp/dimensions/dbt/venv/bin/activate                             && pip  install --quiet --upgrade pip setuptools                             && pip3 install --quiet 'MarkupSafe<=2.0.1' 'dbt-postgres' 'dbt-core'                             && dbt --version && deactivate                             && cd /tmp/dimensions/dbt && *** /tmp/dimensions/dbt/venv/bin/activate                             && dbt deps --profiles-dir /tmp/dimensions/dbt/ && dbt seed --profiles-dir /tmp/dimensions/dbt/                             && dbt run --models dimensions --profiles-dir /tmp/dimensions/dbt/"]
[2022-06-13 07:09:57,054] {subprocess.py:85} INFO - Output:
[2022-06-13 07:10:28,382] {subprocess.py:92} INFO - Core:
[2022-06-13 07:10:28,383] {subprocess.py:92} INFO -   - installed: 1.1.0
[2022-06-13 07:10:28,383] {subprocess.py:92} INFO -   - latest:    1.1.0 - [32mUp to date![0m
[2022-06-13 07:10:28,383] {subprocess.py:92} INFO - 
[2022-06-13 07:10:28,383] {subprocess.py:92} INFO - Plugins:
[2022-06-13 07:10:28,383] {subprocess.py:92} INFO -   - postgres: 1.1.0 - [32mUp to date![0m
[2022-06-13 07:10:30,936] {subprocess.py:92} INFO - [0m07:10:30  Running with dbt=1.1.0
[2022-06-13 07:10:30,938] {subprocess.py:92} INFO - [0m07:10:30  Warning: No packages were found in packages.yml
[2022-06-13 07:10:33,567] {subprocess.py:92} INFO - [0m07:10:33  Running with dbt=1.1.0
[2022-06-13 07:10:33,582] {subprocess.py:92} INFO - [0m07:10:33  Partial parse save file not found. Starting full parse.
[2022-06-13 07:10:34,180] {subprocess.py:92} INFO - [0m07:10:34  [WARNING]: Configuration paths exist in your dbt_project.yml file which do not apply to any re***s.
[2022-06-13 07:10:34,180] {subprocess.py:92} INFO - There are 1 unused configuration paths:
[2022-06-13 07:10:34,180] {subprocess.py:92} INFO - - seeds.SAM
[2022-06-13 07:10:34,180] {subprocess.py:92} INFO - 
[2022-06-13 07:10:34,191] {subprocess.py:92} INFO - [0m07:10:34  Found 7 models, 6 tests, 0 snapshots, 0 analyses, 172 macros, 6 operations, 0 seed files, 4 ***s, 0 exposures, 0 metrics
[2022-06-13 07:10:34,192] {subprocess.py:92} INFO - [0m07:10:34
[2022-06-13 07:10:34,192] {subprocess.py:92} INFO - [0m07:10:34  [WARNING]: Nothing to do. Try checking your model configs and model specification args
[2022-06-13 07:10:34,197] {subprocess.py:92} INFO - [0m07:10:34
[2022-06-13 07:10:34,197] {subprocess.py:92} INFO - [0m07:10:34  Completed successfully
[2022-06-13 07:10:34,198] {subprocess.py:92} INFO - [0m07:10:34
[2022-06-13 07:10:34,198] {subprocess.py:92} INFO - [0m07:10:34  Done. PASS=0 WARN=0 ERROR=0 SKIP=0 TOTAL=0
[2022-06-13 07:10:36,801] {subprocess.py:92} INFO - [0m07:10:36  Running with dbt=1.1.0
[2022-06-13 07:10:36,831] {subprocess.py:92} INFO - [0m07:10:36  [WARNING]: Configuration paths exist in your dbt_project.yml file which do not apply to any re***s.
[2022-06-13 07:10:36,831] {subprocess.py:92} INFO - There are 1 unused configuration paths:
[2022-06-13 07:10:36,831] {subprocess.py:92} INFO - - seeds.SAM
[2022-06-13 07:10:36,831] {subprocess.py:92} INFO - 
[2022-06-13 07:10:36,844] {subprocess.py:92} INFO - [0m07:10:36  Found 7 models, 6 tests, 0 snapshots, 0 analyses, 172 macros, 6 operations, 0 seed files, 4 ***s, 0 exposures, 0 metrics
[2022-06-13 07:10:36,846] {subprocess.py:92} INFO - [0m07:10:36
[2022-06-13 07:10:36,904] {subprocess.py:92} INFO - [0m07:10:36  Concurrency: 4 threads (target='dev')
[2022-06-13 07:10:36,904] {subprocess.py:92} INFO - [0m07:10:36
[2022-06-13 07:10:36,912] {subprocess.py:92} INFO - [0m07:10:36  1 of 3 START table model analytics_dim.dim_date ................................ [RUN]
[2022-06-13 07:10:36,913] {subprocess.py:92} INFO - [0m07:10:36  2 of 3 START incremental model analytics_dim.dim_users ......................... [RUN]
[2022-06-13 07:10:36,914] {subprocess.py:92} INFO - [0m07:10:36  3 of 3 START incremental model analytics_dim.dim_walls ......................... [RUN]
[2022-06-13 07:10:37,096] {subprocess.py:92} INFO - [0m07:10:37  1 of 3 OK created table model analytics_dim.dim_date ........................... [SELECT 546 in 0.18s]
[2022-06-13 07:10:37,117] {subprocess.py:92} INFO - [0m07:10:37  2 of 3 OK created incremental model analytics_dim.dim_users .................... [INSERT 0 0 in 0.20s]
[2022-06-13 07:10:37,118] {subprocess.py:92} INFO - [0m07:10:37  3 of 3 OK created incremental model analytics_dim.dim_walls .................... [INSERT 0 0 in 0.20s]
[2022-06-13 07:10:37,223] {subprocess.py:92} INFO - [0m07:10:37
[2022-06-13 07:10:37,224] {subprocess.py:92} INFO - [0m07:10:37  Running 6 on-run-end hooks
[2022-06-13 07:10:37,229] {subprocess.py:92} INFO - [0m07:10:37  1 of 6 START hook: SAM.on-run-end.0 ............................................ [RUN]
[2022-06-13 07:10:37,233] {subprocess.py:92} INFO - [0m07:10:37  1 of 6 OK hook: SAM.on-run-end.0 ............................................... [ALTER DEFAULT PRIVILEGES in 0.00s]
[2022-06-13 07:10:37,237] {subprocess.py:92} INFO - [0m07:10:37  2 of 6 START hook: SAM.on-run-end.1 ............................................ [RUN]
[2022-06-13 07:10:37,239] {subprocess.py:92} INFO - [0m07:10:37  2 of 6 OK hook: SAM.on-run-end.1 ............................................... [ALTER DEFAULT PRIVILEGES in 0.00s]
[2022-06-13 07:10:37,242] {subprocess.py:92} INFO - [0m07:10:37  3 of 6 START hook: SAM.on-run-end.2 ............................................ [RUN]
[2022-06-13 07:10:37,245] {subprocess.py:92} INFO - [0m07:10:37  3 of 6 OK hook: SAM.on-run-end.2 ............................................... [ALTER DEFAULT PRIVILEGES in 0.00s]
[2022-06-13 07:10:37,248] {subprocess.py:92} INFO - [0m07:10:37  4 of 6 START hook: SAM.on-run-end.3 ............................................ [RUN]
[2022-06-13 07:10:37,250] {subprocess.py:92} INFO - [0m07:10:37  4 of 6 OK hook: SAM.on-run-end.3 ............................................... [ALTER DEFAULT PRIVILEGES in 0.00s]
[2022-06-13 07:10:37,253] {subprocess.py:92} INFO - [0m07:10:37  5 of 6 START hook: SAM.on-run-end.4 ............................................ [RUN]
[2022-06-13 07:10:37,256] {subprocess.py:92} INFO - [0m07:10:37  5 of 6 OK hook: SAM.on-run-end.4 ............................................... [ALTER DEFAULT PRIVILEGES in 0.00s]
[2022-06-13 07:10:37,259] {subprocess.py:92} INFO - [0m07:10:37  6 of 6 START hook: SAM.on-run-end.5 ............................................ [RUN]
[2022-06-13 07:10:37,261] {subprocess.py:92} INFO - [0m07:10:37  6 of 6 OK hook: SAM.on-run-end.5 ............................................... [ALTER DEFAULT PRIVILEGES in 0.00s]
[2022-06-13 07:10:37,261] {subprocess.py:92} INFO - [0m07:10:37
[2022-06-13 07:10:37,262] {subprocess.py:92} INFO - [0m07:10:37
[2022-06-13 07:10:37,263] {subprocess.py:92} INFO - [0m07:10:37  Finished running 1 table model, 2 incremental models, 6 hooks in 0.42s.
[2022-06-13 07:10:37,268] {subprocess.py:92} INFO - [0m07:10:37
[2022-06-13 07:10:37,269] {subprocess.py:92} INFO - [0m07:10:37  Completed successfully
[2022-06-13 07:10:37,269] {subprocess.py:92} INFO - [0m07:10:37
[2022-06-13 07:10:37,269] {subprocess.py:92} INFO - [0m07:10:37  Done. PASS=3 WARN=0 ERROR=0 SKIP=0 TOTAL=3
[2022-06-13 07:10:37,411] {subprocess.py:96} INFO - Command exited with return code 0
[2022-06-13 07:10:37,437] {taskinstance.py:1400} INFO - Marking task as SUCCESS. dag_id=T-dbt-job-dimensions, task_id=dbt_clone_and_transform-dimensions, execution_date=20220613T050956, start_date=20220613T070956, end_date=20220613T071037
[2022-06-13 07:10:37,476] {local_task_job.py:156} INFO - Task exited with return code 0
[2022-06-13 07:10:37,502] {local_task_job.py:273} INFO - 1 downstream tasks scheduled from follow-on schedule check
