[2022-06-13 09:09:57,350] {taskinstance.py:1159} INFO - Dependencies all met for <TaskInstance: T-dbt-job-dimensions.dbt_clone_and_transform-dimensions scheduled__2022-06-13T07:09:56.320242+00:00 [queued]>
[2022-06-13 09:09:57,358] {taskinstance.py:1159} INFO - Dependencies all met for <TaskInstance: T-dbt-job-dimensions.dbt_clone_and_transform-dimensions scheduled__2022-06-13T07:09:56.320242+00:00 [queued]>
[2022-06-13 09:09:57,359] {taskinstance.py:1356} INFO - 
--------------------------------------------------------------------------------
[2022-06-13 09:09:57,359] {taskinstance.py:1357} INFO - Starting attempt 1 of 2
[2022-06-13 09:09:57,359] {taskinstance.py:1358} INFO - 
--------------------------------------------------------------------------------
[2022-06-13 09:09:57,372] {taskinstance.py:1377} INFO - Executing <Task(BashOperator): dbt_clone_and_transform-dimensions> on 2022-06-13 07:09:56.320242+00:00
[2022-06-13 09:09:57,376] {standard_task_runner.py:52} INFO - Started process 751 to run task
[2022-06-13 09:09:57,379] {standard_task_runner.py:79} INFO - Running: ['airflow', 'tasks', 'run', 'T-dbt-job-dimensions', 'dbt_clone_and_transform-dimensions', 'scheduled__2022-06-13T07:09:56.320242+00:00', '--job-id', '85', '--raw', '--subdir', 'DAGS_FOLDER/docker_job/dbt_model.py', '--cfg-path', '/tmp/tmpjmlznmav', '--error-file', '/tmp/tmpzmmr53oi']
[2022-06-13 09:09:57,379] {standard_task_runner.py:80} INFO - Job 85: Subtask dbt_clone_and_transform-dimensions
[2022-06-13 09:09:57,391] {warnings.py:110} WARNING - /home/airflow/.local/lib/python3.7/site-packages/airflow/configuration.py:525: DeprecationWarning: The sql_alchemy_conn option in [core] has been moved to the sql_alchemy_conn option in [database] - the old setting has been used, but please update your config.
  option = self._get_environment_variables(deprecated_key, deprecated_section, key, section)

[2022-06-13 09:09:57,428] {task_command.py:370} INFO - Running <TaskInstance: T-dbt-job-dimensions.dbt_clone_and_transform-dimensions scheduled__2022-06-13T07:09:56.320242+00:00 [running]> on host 0d9d7b7f40c6
[2022-06-13 09:09:57,492] {taskinstance.py:1571} INFO - Exporting the following env vars:
AIRFLOW_CTX_DAG_EMAIL=samuelolle@yahoo.com
AIRFLOW_CTX_DAG_OWNER=airflow
AIRFLOW_CTX_DAG_ID=T-dbt-job-dimensions
AIRFLOW_CTX_TASK_ID=dbt_clone_and_transform-dimensions
AIRFLOW_CTX_EXECUTION_DATE=2022-06-13T07:09:56.320242+00:00
AIRFLOW_CTX_TRY_NUMBER=1
AIRFLOW_CTX_DAG_RUN_ID=scheduled__2022-06-13T07:09:56.320242+00:00
[2022-06-13 09:09:57,493] {subprocess.py:62} INFO - Tmp dir root location: 
 /tmp
[2022-06-13 09:09:57,493] {subprocess.py:74} INFO - Running command: ['bash', '-c', " rm -rf /tmp/dimensions && mkdir /tmp/dimensions                            && cp -r /tmp/dbt /tmp/dimensions/dbt                             && cd /tmp/dimensions/dbt && python3 -m venv venv                             && export PIP_USER=false                             && *** /tmp/dimensions/dbt/venv/bin/activate                             && pip  install --quiet --upgrade pip setuptools                             && pip3 install --quiet 'MarkupSafe<=2.0.1' 'dbt-postgres' 'dbt-core'                             && dbt --version && deactivate                             && cd /tmp/dimensions/dbt && *** /tmp/dimensions/dbt/venv/bin/activate                             && dbt deps --profiles-dir /tmp/dimensions/dbt/ && dbt seed --profiles-dir /tmp/dimensions/dbt/                             && dbt run --models dimensions --profiles-dir /tmp/dimensions/dbt/"]
[2022-06-13 09:09:57,502] {subprocess.py:85} INFO - Output:
[2022-06-13 09:10:29,098] {subprocess.py:92} INFO - Core:
[2022-06-13 09:10:29,098] {subprocess.py:92} INFO -   - installed: 1.1.0
[2022-06-13 09:10:29,098] {subprocess.py:92} INFO -   - latest:    1.1.0 - [32mUp to date![0m
[2022-06-13 09:10:29,098] {subprocess.py:92} INFO - 
[2022-06-13 09:10:29,098] {subprocess.py:92} INFO - Plugins:
[2022-06-13 09:10:29,099] {subprocess.py:92} INFO -   - postgres: 1.1.0 - [32mUp to date![0m
[2022-06-13 09:10:31,677] {subprocess.py:92} INFO - [0m09:10:31  Running with dbt=1.1.0
[2022-06-13 09:10:31,679] {subprocess.py:92} INFO - [0m09:10:31  Warning: No packages were found in packages.yml
[2022-06-13 09:10:34,307] {subprocess.py:92} INFO - [0m09:10:34  Running with dbt=1.1.0
[2022-06-13 09:10:34,320] {subprocess.py:92} INFO - [0m09:10:34  Partial parse save file not found. Starting full parse.
[2022-06-13 09:10:34,910] {subprocess.py:92} INFO - [0m09:10:34  [WARNING]: Configuration paths exist in your dbt_project.yml file which do not apply to any re***s.
[2022-06-13 09:10:34,910] {subprocess.py:92} INFO - There are 1 unused configuration paths:
[2022-06-13 09:10:34,910] {subprocess.py:92} INFO - - seeds.SAM
[2022-06-13 09:10:34,910] {subprocess.py:92} INFO - 
[2022-06-13 09:10:34,921] {subprocess.py:92} INFO - [0m09:10:34  Found 7 models, 6 tests, 0 snapshots, 0 analyses, 172 macros, 6 operations, 0 seed files, 4 ***s, 0 exposures, 0 metrics
[2022-06-13 09:10:34,922] {subprocess.py:92} INFO - [0m09:10:34
[2022-06-13 09:10:34,923] {subprocess.py:92} INFO - [0m09:10:34  [WARNING]: Nothing to do. Try checking your model configs and model specification args
[2022-06-13 09:10:34,927] {subprocess.py:92} INFO - [0m09:10:34
[2022-06-13 09:10:34,928] {subprocess.py:92} INFO - [0m09:10:34  Completed successfully
[2022-06-13 09:10:34,928] {subprocess.py:92} INFO - [0m09:10:34
[2022-06-13 09:10:34,928] {subprocess.py:92} INFO - [0m09:10:34  Done. PASS=0 WARN=0 ERROR=0 SKIP=0 TOTAL=0
[2022-06-13 09:10:37,571] {subprocess.py:92} INFO - [0m09:10:37  Running with dbt=1.1.0
[2022-06-13 09:10:37,603] {subprocess.py:92} INFO - [0m09:10:37  [WARNING]: Configuration paths exist in your dbt_project.yml file which do not apply to any re***s.
[2022-06-13 09:10:37,603] {subprocess.py:92} INFO - There are 1 unused configuration paths:
[2022-06-13 09:10:37,603] {subprocess.py:92} INFO - - seeds.SAM
[2022-06-13 09:10:37,603] {subprocess.py:92} INFO - 
[2022-06-13 09:10:37,616] {subprocess.py:92} INFO - [0m09:10:37  Found 7 models, 6 tests, 0 snapshots, 0 analyses, 172 macros, 6 operations, 0 seed files, 4 ***s, 0 exposures, 0 metrics
[2022-06-13 09:10:37,617] {subprocess.py:92} INFO - [0m09:10:37
[2022-06-13 09:10:37,675] {subprocess.py:92} INFO - [0m09:10:37  Concurrency: 4 threads (target='dev')
[2022-06-13 09:10:37,675] {subprocess.py:92} INFO - [0m09:10:37
[2022-06-13 09:10:37,685] {subprocess.py:92} INFO - [0m09:10:37  1 of 3 START table model analytics_dim.dim_date ................................ [RUN]
[2022-06-13 09:10:37,686] {subprocess.py:92} INFO - [0m09:10:37  2 of 3 START incremental model analytics_dim.dim_users ......................... [RUN]
[2022-06-13 09:10:37,687] {subprocess.py:92} INFO - [0m09:10:37  3 of 3 START incremental model analytics_dim.dim_walls ......................... [RUN]
[2022-06-13 09:10:37,890] {subprocess.py:92} INFO - [0m09:10:37  1 of 3 OK created table model analytics_dim.dim_date ........................... [SELECT 546 in 0.20s]
[2022-06-13 09:10:37,916] {subprocess.py:92} INFO - [0m09:10:37  2 of 3 OK created incremental model analytics_dim.dim_users .................... [INSERT 0 0 in 0.23s]
[2022-06-13 09:10:37,917] {subprocess.py:92} INFO - [0m09:10:37  3 of 3 OK created incremental model analytics_dim.dim_walls .................... [INSERT 0 0 in 0.23s]
[2022-06-13 09:10:37,998] {subprocess.py:92} INFO - [0m09:10:37
[2022-06-13 09:10:37,998] {subprocess.py:92} INFO - [0m09:10:37  Running 6 on-run-end hooks
[2022-06-13 09:10:38,004] {subprocess.py:92} INFO - [0m09:10:38  1 of 6 START hook: SAM.on-run-end.0 ............................................ [RUN]
[2022-06-13 09:10:38,007] {subprocess.py:92} INFO - [0m09:10:38  1 of 6 OK hook: SAM.on-run-end.0 ............................................... [ALTER DEFAULT PRIVILEGES in 0.00s]
[2022-06-13 09:10:38,011] {subprocess.py:92} INFO - [0m09:10:38  2 of 6 START hook: SAM.on-run-end.1 ............................................ [RUN]
[2022-06-13 09:10:38,013] {subprocess.py:92} INFO - [0m09:10:38  2 of 6 OK hook: SAM.on-run-end.1 ............................................... [ALTER DEFAULT PRIVILEGES in 0.00s]
[2022-06-13 09:10:38,016] {subprocess.py:92} INFO - [0m09:10:38  3 of 6 START hook: SAM.on-run-end.2 ............................................ [RUN]
[2022-06-13 09:10:38,018] {subprocess.py:92} INFO - [0m09:10:38  3 of 6 OK hook: SAM.on-run-end.2 ............................................... [ALTER DEFAULT PRIVILEGES in 0.00s]
[2022-06-13 09:10:38,021] {subprocess.py:92} INFO - [0m09:10:38  4 of 6 START hook: SAM.on-run-end.3 ............................................ [RUN]
[2022-06-13 09:10:38,023] {subprocess.py:92} INFO - [0m09:10:38  4 of 6 OK hook: SAM.on-run-end.3 ............................................... [ALTER DEFAULT PRIVILEGES in 0.00s]
[2022-06-13 09:10:38,026] {subprocess.py:92} INFO - [0m09:10:38  5 of 6 START hook: SAM.on-run-end.4 ............................................ [RUN]
[2022-06-13 09:10:38,028] {subprocess.py:92} INFO - [0m09:10:38  5 of 6 OK hook: SAM.on-run-end.4 ............................................... [ALTER DEFAULT PRIVILEGES in 0.00s]
[2022-06-13 09:10:38,031] {subprocess.py:92} INFO - [0m09:10:38  6 of 6 START hook: SAM.on-run-end.5 ............................................ [RUN]
[2022-06-13 09:10:38,034] {subprocess.py:92} INFO - [0m09:10:38  6 of 6 OK hook: SAM.on-run-end.5 ............................................... [ALTER DEFAULT PRIVILEGES in 0.00s]
[2022-06-13 09:10:38,035] {subprocess.py:92} INFO - [0m09:10:38
[2022-06-13 09:10:38,037] {subprocess.py:92} INFO - [0m09:10:38
[2022-06-13 09:10:38,037] {subprocess.py:92} INFO - [0m09:10:38  Finished running 1 table model, 2 incremental models, 6 hooks in 0.42s.
[2022-06-13 09:10:38,043] {subprocess.py:92} INFO - [0m09:10:38
[2022-06-13 09:10:38,043] {subprocess.py:92} INFO - [0m09:10:38  Completed successfully
[2022-06-13 09:10:38,044] {subprocess.py:92} INFO - [0m09:10:38
[2022-06-13 09:10:38,044] {subprocess.py:92} INFO - [0m09:10:38  Done. PASS=3 WARN=0 ERROR=0 SKIP=0 TOTAL=3
[2022-06-13 09:10:38,182] {subprocess.py:96} INFO - Command exited with return code 0
[2022-06-13 09:10:38,208] {taskinstance.py:1400} INFO - Marking task as SUCCESS. dag_id=T-dbt-job-dimensions, task_id=dbt_clone_and_transform-dimensions, execution_date=20220613T070956, start_date=20220613T090957, end_date=20220613T091038
[2022-06-13 09:10:38,250] {local_task_job.py:156} INFO - Task exited with return code 0
[2022-06-13 09:10:38,285] {local_task_job.py:273} INFO - 1 downstream tasks scheduled from follow-on schedule check
