[2022-06-11 17:18:52,712] {taskinstance.py:1159} INFO - Dependencies all met for <TaskInstance: T-dbt-job-objects.dbt_clone_and_transform-objects manual__2022-06-11T17:18:49.125234+00:00 [queued]>
[2022-06-11 17:18:52,728] {taskinstance.py:1159} INFO - Dependencies all met for <TaskInstance: T-dbt-job-objects.dbt_clone_and_transform-objects manual__2022-06-11T17:18:49.125234+00:00 [queued]>
[2022-06-11 17:18:52,728] {taskinstance.py:1356} INFO - 
--------------------------------------------------------------------------------
[2022-06-11 17:18:52,728] {taskinstance.py:1357} INFO - Starting attempt 1 of 2
[2022-06-11 17:18:52,728] {taskinstance.py:1358} INFO - 
--------------------------------------------------------------------------------
[2022-06-11 17:18:52,741] {taskinstance.py:1377} INFO - Executing <Task(BashOperator): dbt_clone_and_transform-objects> on 2022-06-11 17:18:49.125234+00:00
[2022-06-11 17:18:52,747] {standard_task_runner.py:52} INFO - Started process 810 to run task
[2022-06-11 17:18:52,750] {standard_task_runner.py:79} INFO - Running: ['airflow', 'tasks', 'run', 'T-dbt-job-objects', 'dbt_clone_and_transform-objects', 'manual__2022-06-11T17:18:49.125234+00:00', '--job-id', '56', '--raw', '--subdir', 'DAGS_FOLDER/docker_job/dbt_test.py', '--cfg-path', '/tmp/tmpzai_7kdq', '--error-file', '/tmp/tmp4sxt4ben']
[2022-06-11 17:18:52,751] {standard_task_runner.py:80} INFO - Job 56: Subtask dbt_clone_and_transform-objects
[2022-06-11 17:18:52,806] {task_command.py:370} INFO - Running <TaskInstance: T-dbt-job-objects.dbt_clone_and_transform-objects manual__2022-06-11T17:18:49.125234+00:00 [running]> on host d8836eb746ac
[2022-06-11 17:18:52,876] {taskinstance.py:1571} INFO - Exporting the following env vars:
AIRFLOW_CTX_DAG_EMAIL=samuelolle@yahoo.com
AIRFLOW_CTX_DAG_OWNER=airflow
AIRFLOW_CTX_DAG_ID=T-dbt-job-objects
AIRFLOW_CTX_TASK_ID=dbt_clone_and_transform-objects
AIRFLOW_CTX_EXECUTION_DATE=2022-06-11T17:18:49.125234+00:00
AIRFLOW_CTX_TRY_NUMBER=1
AIRFLOW_CTX_DAG_RUN_ID=manual__2022-06-11T17:18:49.125234+00:00
[2022-06-11 17:18:52,877] {subprocess.py:62} INFO - Tmp dir root location: 
 /tmp
[2022-06-11 17:18:52,877] {subprocess.py:74} INFO - Running command: ['bash', '-c', " rm -rf /tmp/objects && mkdir /tmp/objects                            && cp -r /tmp/dbt /tmp/objects/dbt                             && cd /tmp/objects/dbt && python3 -m venv venv                             && export PIP_USER=false                             && *** /tmp/objects/dbt/venv/bin/activate                             && pip  install --quiet --upgrade pip setuptools                             && pip3 install --quiet 'MarkupSafe<=2.0.1' 'dbt-postgres' 'dbt-core'                             && dbt --version && deactivate                             && cd /tmp/objects/dbt && *** /tmp/objects/dbt/venv/bin/activate                             && dbt deps --profiles-dir /tmp/objects/dbt/ && dbt seed --profiles-dir /tmp/objects/dbt/                             && dbt run --models objects --profiles-dir /tmp/objects/dbt/"]
[2022-06-11 17:18:52,892] {subprocess.py:85} INFO - Output:
[2022-06-11 17:19:29,397] {subprocess.py:92} INFO - Core:
[2022-06-11 17:19:29,398] {subprocess.py:92} INFO -   - installed: 1.1.0
[2022-06-11 17:19:29,398] {subprocess.py:92} INFO -   - latest:    1.1.0 - [32mUp to date![0m
[2022-06-11 17:19:29,398] {subprocess.py:92} INFO - 
[2022-06-11 17:19:29,398] {subprocess.py:92} INFO - Plugins:
[2022-06-11 17:19:29,398] {subprocess.py:92} INFO -   - postgres: 1.1.0 - [32mUp to date![0m
[2022-06-11 17:19:32,224] {subprocess.py:92} INFO - [0m17:19:32  Running with dbt=1.1.0
[2022-06-11 17:19:32,225] {subprocess.py:92} INFO - [0m17:19:32  Warning: No packages were found in packages.yml
[2022-06-11 17:19:35,101] {subprocess.py:92} INFO - [0m17:19:35  Running with dbt=1.1.0
[2022-06-11 17:19:35,115] {subprocess.py:92} INFO - [0m17:19:35  Partial parse save file not found. Starting full parse.
[2022-06-11 17:19:35,714] {subprocess.py:92} INFO - [0m17:19:35  [WARNING]: Configuration paths exist in your dbt_project.yml file which do not apply to any re***s.
[2022-06-11 17:19:35,715] {subprocess.py:92} INFO - There are 1 unused configuration paths:
[2022-06-11 17:19:35,715] {subprocess.py:92} INFO - - seeds.SAM
[2022-06-11 17:19:35,715] {subprocess.py:92} INFO - 
[2022-06-11 17:19:35,725] {subprocess.py:92} INFO - [0m17:19:35  Found 4 models, 6 tests, 0 snapshots, 0 analyses, 171 macros, 4 operations, 0 seed files, 4 ***s, 0 exposures, 0 metrics
[2022-06-11 17:19:35,727] {subprocess.py:92} INFO - [0m17:19:35
[2022-06-11 17:19:35,727] {subprocess.py:92} INFO - [0m17:19:35  [WARNING]: Nothing to do. Try checking your model configs and model specification args
[2022-06-11 17:19:35,732] {subprocess.py:92} INFO - [0m17:19:35
[2022-06-11 17:19:35,733] {subprocess.py:92} INFO - [0m17:19:35  Completed successfully
[2022-06-11 17:19:35,733] {subprocess.py:92} INFO - [0m17:19:35
[2022-06-11 17:19:35,733] {subprocess.py:92} INFO - [0m17:19:35  Done. PASS=0 WARN=0 ERROR=0 SKIP=0 TOTAL=0
[2022-06-11 17:19:38,681] {subprocess.py:92} INFO - [0m17:19:38  Running with dbt=1.1.0
[2022-06-11 17:19:38,716] {subprocess.py:92} INFO - [0m17:19:38  [WARNING]: Configuration paths exist in your dbt_project.yml file which do not apply to any re***s.
[2022-06-11 17:19:38,716] {subprocess.py:92} INFO - There are 1 unused configuration paths:
[2022-06-11 17:19:38,716] {subprocess.py:92} INFO - - seeds.SAM
[2022-06-11 17:19:38,716] {subprocess.py:92} INFO - 
[2022-06-11 17:19:38,732] {subprocess.py:92} INFO - [0m17:19:38  Found 4 models, 6 tests, 0 snapshots, 0 analyses, 171 macros, 4 operations, 0 seed files, 4 ***s, 0 exposures, 0 metrics
[2022-06-11 17:19:38,734] {subprocess.py:92} INFO - [0m17:19:38
[2022-06-11 17:19:38,820] {subprocess.py:92} INFO - [0m17:19:38  Concurrency: 4 threads (target='dev')
[2022-06-11 17:19:38,821] {subprocess.py:92} INFO - [0m17:19:38
[2022-06-11 17:19:38,829] {subprocess.py:92} INFO - [0m17:19:38  1 of 1 START table model analytics_object_analytics_object.obj_walls ........... [RUN]
[2022-06-11 17:19:38,903] {subprocess.py:92} INFO - [0m17:19:38  1 of 1 OK created table model analytics_object_analytics_object.obj_walls ...... [SELECT 48 in 0.07s]
[2022-06-11 17:19:38,935] {subprocess.py:92} INFO - [0m17:19:38
[2022-06-11 17:19:38,935] {subprocess.py:92} INFO - [0m17:19:38  Running 4 on-run-end hooks
[2022-06-11 17:19:38,941] {subprocess.py:92} INFO - [0m17:19:38  1 of 4 START hook: SAM.on-run-end.0 ............................................ [RUN]
[2022-06-11 17:19:38,944] {subprocess.py:92} INFO - [0m17:19:38  1 of 4 OK hook: SAM.on-run-end.0 ............................................... [ALTER DEFAULT PRIVILEGES in 0.00s]
[2022-06-11 17:19:38,949] {subprocess.py:92} INFO - [0m17:19:38  2 of 4 START hook: SAM.on-run-end.1 ............................................ [RUN]
[2022-06-11 17:19:38,952] {subprocess.py:92} INFO - [0m17:19:38  2 of 4 OK hook: SAM.on-run-end.1 ............................................... [ALTER DEFAULT PRIVILEGES in 0.00s]
[2022-06-11 17:19:38,956] {subprocess.py:92} INFO - [0m17:19:38  3 of 4 START hook: SAM.on-run-end.2 ............................................ [RUN]
[2022-06-11 17:19:38,959] {subprocess.py:92} INFO - [0m17:19:38  3 of 4 OK hook: SAM.on-run-end.2 ............................................... [ALTER DEFAULT PRIVILEGES in 0.00s]
[2022-06-11 17:19:38,963] {subprocess.py:92} INFO - [0m17:19:38  4 of 4 START hook: SAM.on-run-end.3 ............................................ [RUN]
[2022-06-11 17:19:38,965] {subprocess.py:92} INFO - [0m17:19:38  4 of 4 OK hook: SAM.on-run-end.3 ............................................... [ALTER DEFAULT PRIVILEGES in 0.00s]
[2022-06-11 17:19:38,965] {subprocess.py:92} INFO - [0m17:19:38
[2022-06-11 17:19:38,966] {subprocess.py:92} INFO - [0m17:19:38
[2022-06-11 17:19:38,967] {subprocess.py:92} INFO - [0m17:19:38  Finished running 1 table model, 4 hooks in 0.23s.
[2022-06-11 17:19:38,973] {subprocess.py:92} INFO - [0m17:19:38
[2022-06-11 17:19:38,973] {subprocess.py:92} INFO - [0m17:19:38  Completed successfully
[2022-06-11 17:19:38,973] {subprocess.py:92} INFO - [0m17:19:38
[2022-06-11 17:19:38,974] {subprocess.py:92} INFO - [0m17:19:38  Done. PASS=1 WARN=0 ERROR=0 SKIP=0 TOTAL=1
[2022-06-11 17:19:39,144] {subprocess.py:96} INFO - Command exited with return code 0
[2022-06-11 17:19:39,173] {taskinstance.py:1400} INFO - Marking task as SUCCESS. dag_id=T-dbt-job-objects, task_id=dbt_clone_and_transform-objects, execution_date=20220611T171849, start_date=20220611T171852, end_date=20220611T171939
[2022-06-11 17:19:39,201] {local_task_job.py:156} INFO - Task exited with return code 0
[2022-06-11 17:19:39,234] {local_task_job.py:273} INFO - 0 downstream tasks scheduled from follow-on schedule check
