[2022-06-19 17:55:35,532] {taskinstance.py:1159} INFO - Dependencies all met for <TaskInstance: Job-pts.pts-Papple-iphone-x-64gb-space-grau_h_5143 scheduled__2022-06-18T18:59:08.794253+00:00 [queued]>
[2022-06-19 17:55:35,600] {taskinstance.py:1159} INFO - Dependencies all met for <TaskInstance: Job-pts.pts-Papple-iphone-x-64gb-space-grau_h_5143 scheduled__2022-06-18T18:59:08.794253+00:00 [queued]>
[2022-06-19 17:55:35,600] {taskinstance.py:1356} INFO - 
--------------------------------------------------------------------------------
[2022-06-19 17:55:35,601] {taskinstance.py:1357} INFO - Starting attempt 5 of 6
[2022-06-19 17:55:35,601] {taskinstance.py:1358} INFO - 
--------------------------------------------------------------------------------
[2022-06-19 17:55:35,678] {taskinstance.py:1377} INFO - Executing <Task(PythonOperator): pts-Papple-iphone-x-64gb-space-grau_h_5143> on 2022-06-18 18:59:08.794253+00:00
[2022-06-19 17:55:35,698] {standard_task_runner.py:52} INFO - Started process 1344 to run task
[2022-06-19 17:55:35,753] {standard_task_runner.py:79} INFO - Running: ['airflow', 'tasks', 'run', 'Job-pts', 'pts-Papple-iphone-x-64gb-space-grau_h_5143', 'scheduled__2022-06-18T18:59:08.794253+00:00', '--job-id', '566', '--raw', '--subdir', 'DAGS_FOLDER/docker_job/price_scale.py', '--cfg-path', '/tmp/tmptp77i45r', '--error-file', '/tmp/tmp1c5wv2o0']
[2022-06-19 17:55:35,753] {standard_task_runner.py:80} INFO - Job 566: Subtask pts-Papple-iphone-x-64gb-space-grau_h_5143
[2022-06-19 17:55:35,921] {warnings.py:110} WARNING - /home/airflow/.local/lib/python3.7/site-packages/airflow/configuration.py:525: DeprecationWarning: The sql_alchemy_conn option in [core] has been moved to the sql_alchemy_conn option in [database] - the old setting has been used, but please update your config.
  option = self._get_environment_variables(deprecated_key, deprecated_section, key, section)

[2022-06-19 17:55:36,232] {task_command.py:370} INFO - Running <TaskInstance: Job-pts.pts-Papple-iphone-x-64gb-space-grau_h_5143 scheduled__2022-06-18T18:59:08.794253+00:00 [running]> on host 2d9e52ec85d2
[2022-06-19 17:55:36,971] {taskinstance.py:1571} INFO - Exporting the following env vars:
AIRFLOW_CTX_DAG_EMAIL=samuel.momoh-olle@asgoodasnew.com
AIRFLOW_CTX_DAG_OWNER=airflow
AIRFLOW_CTX_DAG_ID=Job-pts
AIRFLOW_CTX_TASK_ID=pts-Papple-iphone-x-64gb-space-grau_h_5143
AIRFLOW_CTX_EXECUTION_DATE=2022-06-18T18:59:08.794253+00:00
AIRFLOW_CTX_TRY_NUMBER=5
AIRFLOW_CTX_DAG_RUN_ID=scheduled__2022-06-18T18:59:08.794253+00:00
[2022-06-19 17:55:37,704] {logging_mixin.py:115} INFO - ['https://www.handyverkauf.net/apple-iphone-x-64gb-space-grau_h_5143', 'https://www.handyverkauf.net/apple-iphone-x-256gb-space-grau_h_5145', 'https://www.handyverkauf.net/apple-iphone-xs-64gb-space-grau_h_6242', 'https://www.handyverkauf.net/apple-iphone-xs-256gb-space-grau_h_6245', 'https://www.handyverkauf.net/apple-iphone-xs-512gb-space-grau_h_6248', 'https://www.handyverkauf.net/apple-iphone-xs-max-64gb-space-grau_h_6251', 'https://www.handyverkauf.net/apple-iphone-xs-max-256gb-space-grau_h_6254', 'https://www.handyverkauf.net/apple-iphone-xs-max-512gb-space-grau_h_6257', 'https://www.handyverkauf.net/apple-iphone-xr-64gb-schwarz_h_6260', 'https://www.handyverkauf.net/apple-iphone-xr-128gb-schwarz_h_6266']
[2022-06-19 17:55:44,890] {logging_mixin.py:115} INFO - Message: invalid argument: 'url' must be a string
  (Session info: headless chrome=102.0.5005.115)
Stacktrace:
#0 0x560ce868af33 <unknown>
#1 0x560ce83d5118 <unknown>
#2 0x560ce843caa1 <unknown>
#3 0x560ce8428f72 <unknown>
#4 0x560ce843c2e4 <unknown>
#5 0x560ce8428e63 <unknown>
#6 0x560ce83fe82a <unknown>
#7 0x560ce83ff985 <unknown>
#8 0x560ce86cf4cd <unknown>
#9 0x560ce86d35ec <unknown>
#10 0x560ce86b971e <unknown>
#11 0x560ce86d4238 <unknown>
#12 0x560ce86ae870 <unknown>
#13 0x560ce86f0608 <unknown>
#14 0x560ce86f0788 <unknown>
#15 0x560ce870af1d <unknown>
#16 0x7ff3ad93bea7 <unknown>
[2022-06-19 17:55:45,490] {logging_mixin.py:115} INFO - []
[2022-06-19 17:55:45,490] {python.py:173} INFO - Done. Returned value was: None
[2022-06-19 17:55:46,548] {taskinstance.py:1400} INFO - Marking task as SUCCESS. dag_id=Job-pts, task_id=pts-Papple-iphone-x-64gb-space-grau_h_5143, execution_date=20220618T185908, start_date=20220619T175535, end_date=20220619T175546
[2022-06-19 17:55:46,597] {local_task_job.py:156} INFO - Task exited with return code 0
[2022-06-19 17:55:46,961] {local_task_job.py:273} INFO - 0 downstream tasks scheduled from follow-on schedule check
