[2022-06-11 17:21:45,283] {taskinstance.py:1159} INFO - Dependencies all met for <TaskInstance: T-dbt-job-objects.dbt_clone_and_transform-objects manual__2022-06-11T17:21:41.855489+00:00 [queued]>
[2022-06-11 17:21:45,292] {taskinstance.py:1159} INFO - Dependencies all met for <TaskInstance: T-dbt-job-objects.dbt_clone_and_transform-objects manual__2022-06-11T17:21:41.855489+00:00 [queued]>
[2022-06-11 17:21:45,293] {taskinstance.py:1356} INFO - 
--------------------------------------------------------------------------------
[2022-06-11 17:21:45,293] {taskinstance.py:1357} INFO - Starting attempt 1 of 2
[2022-06-11 17:21:45,293] {taskinstance.py:1358} INFO - 
--------------------------------------------------------------------------------
[2022-06-11 17:21:45,306] {taskinstance.py:1377} INFO - Executing <Task(BashOperator): dbt_clone_and_transform-objects> on 2022-06-11 17:21:41.855489+00:00
[2022-06-11 17:21:45,313] {standard_task_runner.py:52} INFO - Started process 900 to run task
[2022-06-11 17:21:45,317] {standard_task_runner.py:79} INFO - Running: ['airflow', 'tasks', 'run', 'T-dbt-job-objects', 'dbt_clone_and_transform-objects', 'manual__2022-06-11T17:21:41.855489+00:00', '--job-id', '61', '--raw', '--subdir', 'DAGS_FOLDER/docker_job/dbt_test.py', '--cfg-path', '/tmp/tmpbtgc_dc8', '--error-file', '/tmp/tmp8a4io8uw']
[2022-06-11 17:21:45,318] {standard_task_runner.py:80} INFO - Job 61: Subtask dbt_clone_and_transform-objects
[2022-06-11 17:21:45,371] {task_command.py:370} INFO - Running <TaskInstance: T-dbt-job-objects.dbt_clone_and_transform-objects manual__2022-06-11T17:21:41.855489+00:00 [running]> on host d8836eb746ac
[2022-06-11 17:21:45,492] {taskinstance.py:1571} INFO - Exporting the following env vars:
AIRFLOW_CTX_DAG_EMAIL=samuelolle@yahoo.com
AIRFLOW_CTX_DAG_OWNER=airflow
AIRFLOW_CTX_DAG_ID=T-dbt-job-objects
AIRFLOW_CTX_TASK_ID=dbt_clone_and_transform-objects
AIRFLOW_CTX_EXECUTION_DATE=2022-06-11T17:21:41.855489+00:00
AIRFLOW_CTX_TRY_NUMBER=1
AIRFLOW_CTX_DAG_RUN_ID=manual__2022-06-11T17:21:41.855489+00:00
[2022-06-11 17:21:45,493] {subprocess.py:62} INFO - Tmp dir root location: 
 /tmp
[2022-06-11 17:21:45,494] {subprocess.py:74} INFO - Running command: ['bash', '-c', " rm -rf /tmp/objects && mkdir /tmp/objects                            && cp -r /tmp/dbt /tmp/objects/dbt                             && cd /tmp/objects/dbt && python3 -m venv venv                             && export PIP_USER=false                             && *** /tmp/objects/dbt/venv/bin/activate                             && pip  install --quiet --upgrade pip setuptools                             && pip3 install --quiet 'MarkupSafe<=2.0.1' 'dbt-postgres' 'dbt-core'                             && dbt --version && deactivate                             && cd /tmp/objects/dbt && *** /tmp/objects/dbt/venv/bin/activate                             && dbt deps --profiles-dir /tmp/objects/dbt/ && dbt seed --profiles-dir /tmp/objects/dbt/                             && dbt run --models objects --profiles-dir /tmp/objects/dbt/"]
[2022-06-11 17:21:45,509] {subprocess.py:85} INFO - Output:
[2022-06-11 17:22:20,042] {subprocess.py:92} INFO - Core:
[2022-06-11 17:22:20,043] {subprocess.py:92} INFO -   - installed: 1.1.0
[2022-06-11 17:22:20,043] {subprocess.py:92} INFO -   - latest:    1.1.0 - [32mUp to date![0m
[2022-06-11 17:22:20,043] {subprocess.py:92} INFO - 
[2022-06-11 17:22:20,043] {subprocess.py:92} INFO - Plugins:
[2022-06-11 17:22:20,043] {subprocess.py:92} INFO -   - postgres: 1.1.0 - [32mUp to date![0m
[2022-06-11 17:22:22,971] {subprocess.py:92} INFO - [0m17:22:22  Running with dbt=1.1.0
[2022-06-11 17:22:22,972] {subprocess.py:92} INFO - [0m17:22:22  Warning: No packages were found in packages.yml
[2022-06-11 17:22:25,810] {subprocess.py:92} INFO - [0m17:22:25  Running with dbt=1.1.0
[2022-06-11 17:22:25,826] {subprocess.py:92} INFO - [0m17:22:25  Partial parse save file not found. Starting full parse.
[2022-06-11 17:22:26,411] {subprocess.py:92} INFO - [0m17:22:26  [WARNING]: Configuration paths exist in your dbt_project.yml file which do not apply to any re***s.
[2022-06-11 17:22:26,411] {subprocess.py:92} INFO - There are 1 unused configuration paths:
[2022-06-11 17:22:26,411] {subprocess.py:92} INFO - - seeds.SAM
[2022-06-11 17:22:26,411] {subprocess.py:92} INFO - 
[2022-06-11 17:22:26,422] {subprocess.py:92} INFO - [0m17:22:26  Found 4 models, 6 tests, 0 snapshots, 0 analyses, 171 macros, 4 operations, 0 seed files, 4 ***s, 0 exposures, 0 metrics
[2022-06-11 17:22:26,424] {subprocess.py:92} INFO - [0m17:22:26
[2022-06-11 17:22:26,424] {subprocess.py:92} INFO - [0m17:22:26  [WARNING]: Nothing to do. Try checking your model configs and model specification args
[2022-06-11 17:22:26,430] {subprocess.py:92} INFO - [0m17:22:26
[2022-06-11 17:22:26,430] {subprocess.py:92} INFO - [0m17:22:26  Completed successfully
[2022-06-11 17:22:26,431] {subprocess.py:92} INFO - [0m17:22:26
[2022-06-11 17:22:26,431] {subprocess.py:92} INFO - [0m17:22:26  Done. PASS=0 WARN=0 ERROR=0 SKIP=0 TOTAL=0
[2022-06-11 17:22:29,326] {subprocess.py:92} INFO - [0m17:22:29  Running with dbt=1.1.0
[2022-06-11 17:22:29,359] {subprocess.py:92} INFO - [0m17:22:29  [WARNING]: Configuration paths exist in your dbt_project.yml file which do not apply to any re***s.
[2022-06-11 17:22:29,359] {subprocess.py:92} INFO - There are 1 unused configuration paths:
[2022-06-11 17:22:29,359] {subprocess.py:92} INFO - - seeds.SAM
[2022-06-11 17:22:29,359] {subprocess.py:92} INFO - 
[2022-06-11 17:22:29,373] {subprocess.py:92} INFO - [0m17:22:29  Found 4 models, 6 tests, 0 snapshots, 0 analyses, 171 macros, 4 operations, 0 seed files, 4 ***s, 0 exposures, 0 metrics
[2022-06-11 17:22:29,374] {subprocess.py:92} INFO - [0m17:22:29
[2022-06-11 17:22:29,443] {subprocess.py:92} INFO - [0m17:22:29  Concurrency: 4 threads (target='dev')
[2022-06-11 17:22:29,443] {subprocess.py:92} INFO - [0m17:22:29
[2022-06-11 17:22:29,450] {subprocess.py:92} INFO - [0m17:22:29  1 of 1 START table model analytics_object.obj_walls ............................ [RUN]
[2022-06-11 17:22:29,524] {subprocess.py:92} INFO - [0m17:22:29  1 of 1 OK created table model analytics_object.obj_walls ....................... [SELECT 60 in 0.07s]
[2022-06-11 17:22:29,556] {subprocess.py:92} INFO - [0m17:22:29
[2022-06-11 17:22:29,556] {subprocess.py:92} INFO - [0m17:22:29  Running 4 on-run-end hooks
[2022-06-11 17:22:29,563] {subprocess.py:92} INFO - [0m17:22:29  1 of 4 START hook: SAM.on-run-end.0 ............................................ [RUN]
[2022-06-11 17:22:29,567] {subprocess.py:92} INFO - [0m17:22:29  1 of 4 OK hook: SAM.on-run-end.0 ............................................... [ALTER DEFAULT PRIVILEGES in 0.00s]
[2022-06-11 17:22:29,572] {subprocess.py:92} INFO - [0m17:22:29  2 of 4 START hook: SAM.on-run-end.1 ............................................ [RUN]
[2022-06-11 17:22:29,575] {subprocess.py:92} INFO - [0m17:22:29  2 of 4 OK hook: SAM.on-run-end.1 ............................................... [ALTER DEFAULT PRIVILEGES in 0.00s]
[2022-06-11 17:22:29,578] {subprocess.py:92} INFO - [0m17:22:29  3 of 4 START hook: SAM.on-run-end.2 ............................................ [RUN]
[2022-06-11 17:22:29,582] {subprocess.py:92} INFO - [0m17:22:29  3 of 4 OK hook: SAM.on-run-end.2 ............................................... [ALTER DEFAULT PRIVILEGES in 0.00s]
[2022-06-11 17:22:29,586] {subprocess.py:92} INFO - [0m17:22:29  4 of 4 START hook: SAM.on-run-end.3 ............................................ [RUN]
[2022-06-11 17:22:29,590] {subprocess.py:92} INFO - [0m17:22:29  4 of 4 OK hook: SAM.on-run-end.3 ............................................... [ALTER DEFAULT PRIVILEGES in 0.00s]
[2022-06-11 17:22:29,590] {subprocess.py:92} INFO - [0m17:22:29
[2022-06-11 17:22:29,593] {subprocess.py:92} INFO - [0m17:22:29
[2022-06-11 17:22:29,593] {subprocess.py:92} INFO - [0m17:22:29  Finished running 1 table model, 4 hooks in 0.22s.
[2022-06-11 17:22:29,602] {subprocess.py:92} INFO - [0m17:22:29
[2022-06-11 17:22:29,602] {subprocess.py:92} INFO - [0m17:22:29  Completed successfully
[2022-06-11 17:22:29,603] {subprocess.py:92} INFO - [0m17:22:29
[2022-06-11 17:22:29,603] {subprocess.py:92} INFO - [0m17:22:29  Done. PASS=1 WARN=0 ERROR=0 SKIP=0 TOTAL=1
[2022-06-11 17:22:29,845] {subprocess.py:96} INFO - Command exited with return code 0
[2022-06-11 17:22:29,878] {taskinstance.py:1400} INFO - Marking task as SUCCESS. dag_id=T-dbt-job-objects, task_id=dbt_clone_and_transform-objects, execution_date=20220611T172141, start_date=20220611T172145, end_date=20220611T172229
[2022-06-11 17:22:29,908] {local_task_job.py:156} INFO - Task exited with return code 0
[2022-06-11 17:22:29,936] {local_task_job.py:273} INFO - 1 downstream tasks scheduled from follow-on schedule check
