[2022-06-20 04:29:39,649] {taskinstance.py:1159} INFO - Dependencies all met for <TaskInstance: T-dbt-job-facts.dbt_cleanup-facts scheduled__2022-06-20T02:28:59.929254+00:00 [queued]>
[2022-06-20 04:29:39,659] {taskinstance.py:1159} INFO - Dependencies all met for <TaskInstance: T-dbt-job-facts.dbt_cleanup-facts scheduled__2022-06-20T02:28:59.929254+00:00 [queued]>
[2022-06-20 04:29:39,659] {taskinstance.py:1356} INFO - 
--------------------------------------------------------------------------------
[2022-06-20 04:29:39,659] {taskinstance.py:1357} INFO - Starting attempt 1 of 2
[2022-06-20 04:29:39,659] {taskinstance.py:1358} INFO - 
--------------------------------------------------------------------------------
[2022-06-20 04:29:39,671] {taskinstance.py:1377} INFO - Executing <Task(BashOperator): dbt_cleanup-facts> on 2022-06-20 02:28:59.929254+00:00
[2022-06-20 04:29:39,675] {standard_task_runner.py:52} INFO - Started process 2294 to run task
[2022-06-20 04:29:39,678] {standard_task_runner.py:79} INFO - Running: ['airflow', 'tasks', 'run', 'T-dbt-job-facts', 'dbt_cleanup-facts', 'scheduled__2022-06-20T02:28:59.929254+00:00', '--job-id', '88', '--raw', '--subdir', 'DAGS_FOLDER/docker_job/dbt_model.py', '--cfg-path', '/tmp/tmptvl113qw', '--error-file', '/tmp/tmp3nd2k4n2']
[2022-06-20 04:29:39,678] {standard_task_runner.py:80} INFO - Job 88: Subtask dbt_cleanup-facts
[2022-06-20 04:29:39,689] {warnings.py:110} WARNING - /home/airflow/.local/lib/python3.7/site-packages/airflow/configuration.py:525: DeprecationWarning: The sql_alchemy_conn option in [core] has been moved to the sql_alchemy_conn option in [database] - the old setting has been used, but please update your config.
  option = self._get_environment_variables(deprecated_key, deprecated_section, key, section)

[2022-06-20 04:29:39,727] {task_command.py:370} INFO - Running <TaskInstance: T-dbt-job-facts.dbt_cleanup-facts scheduled__2022-06-20T02:28:59.929254+00:00 [running]> on host 7cbff6e51e2a
[2022-06-20 04:29:39,786] {taskinstance.py:1571} INFO - Exporting the following env vars:
AIRFLOW_CTX_DAG_EMAIL=samuelolle@yahoo.com
AIRFLOW_CTX_DAG_OWNER=airflow
AIRFLOW_CTX_DAG_ID=T-dbt-job-facts
AIRFLOW_CTX_TASK_ID=dbt_cleanup-facts
AIRFLOW_CTX_EXECUTION_DATE=2022-06-20T02:28:59.929254+00:00
AIRFLOW_CTX_TRY_NUMBER=1
AIRFLOW_CTX_DAG_RUN_ID=scheduled__2022-06-20T02:28:59.929254+00:00
[2022-06-20 04:29:39,786] {subprocess.py:62} INFO - Tmp dir root location: 
 /tmp
[2022-06-20 04:29:39,787] {subprocess.py:74} INFO - Running command: ['bash', '-c', 'rm -rf /tmp/facts && rm -rf /tmp/tmp* 2>/dev/null || exit 0']
[2022-06-20 04:29:39,796] {subprocess.py:85} INFO - Output:
[2022-06-20 04:29:39,894] {subprocess.py:96} INFO - Command exited with return code 0
[2022-06-20 04:29:39,921] {taskinstance.py:1400} INFO - Marking task as SUCCESS. dag_id=T-dbt-job-facts, task_id=dbt_cleanup-facts, execution_date=20220620T022859, start_date=20220620T042939, end_date=20220620T042939
[2022-06-20 04:29:39,937] {local_task_job.py:156} INFO - Task exited with return code 0
[2022-06-20 04:29:39,992] {local_task_job.py:273} INFO - 0 downstream tasks scheduled from follow-on schedule check
