[2022-06-17 20:11:11,459] {taskinstance.py:1159} INFO - Dependencies all met for <TaskInstance: Job-pts.pts-Papple-iphone-xr-128gb-schwarz_h_6266 scheduled__2022-06-17T17:40:58.837877+00:00 [queued]>
[2022-06-17 20:11:11,478] {taskinstance.py:1159} INFO - Dependencies all met for <TaskInstance: Job-pts.pts-Papple-iphone-xr-128gb-schwarz_h_6266 scheduled__2022-06-17T17:40:58.837877+00:00 [queued]>
[2022-06-17 20:11:11,478] {taskinstance.py:1356} INFO - 
--------------------------------------------------------------------------------
[2022-06-17 20:11:11,478] {taskinstance.py:1357} INFO - Starting attempt 1 of 6
[2022-06-17 20:11:11,479] {taskinstance.py:1358} INFO - 
--------------------------------------------------------------------------------
[2022-06-17 20:11:11,507] {taskinstance.py:1377} INFO - Executing <Task(PythonOperator): pts-Papple-iphone-xr-128gb-schwarz_h_6266> on 2022-06-17 17:40:58.837877+00:00
[2022-06-17 20:11:11,511] {standard_task_runner.py:52} INFO - Started process 1053 to run task
[2022-06-17 20:11:11,530] {standard_task_runner.py:79} INFO - Running: ['airflow', 'tasks', 'run', 'Job-pts', 'pts-Papple-iphone-xr-128gb-schwarz_h_6266', 'scheduled__2022-06-17T17:40:58.837877+00:00', '--job-id', '273', '--raw', '--subdir', 'DAGS_FOLDER/docker_job/price_scale.py', '--cfg-path', '/tmp/tmprpdc02e8', '--error-file', '/tmp/tmpmomoixs9']
[2022-06-17 20:11:11,531] {standard_task_runner.py:80} INFO - Job 273: Subtask pts-Papple-iphone-xr-128gb-schwarz_h_6266
[2022-06-17 20:11:11,580] {warnings.py:110} WARNING - /home/airflow/.local/lib/python3.7/site-packages/airflow/configuration.py:525: DeprecationWarning: The sql_alchemy_conn option in [core] has been moved to the sql_alchemy_conn option in [database] - the old setting has been used, but please update your config.
  option = self._get_environment_variables(deprecated_key, deprecated_section, key, section)

[2022-06-17 20:11:11,666] {task_command.py:370} INFO - Running <TaskInstance: Job-pts.pts-Papple-iphone-xr-128gb-schwarz_h_6266 scheduled__2022-06-17T17:40:58.837877+00:00 [running]> on host 31bbb70af43b
[2022-06-17 20:11:11,783] {taskinstance.py:1571} INFO - Exporting the following env vars:
AIRFLOW_CTX_DAG_EMAIL=samuel.momoh-olle@asgoodasnew.com
AIRFLOW_CTX_DAG_OWNER=airflow
AIRFLOW_CTX_DAG_ID=Job-pts
AIRFLOW_CTX_TASK_ID=pts-Papple-iphone-xr-128gb-schwarz_h_6266
AIRFLOW_CTX_EXECUTION_DATE=2022-06-17T17:40:58.837877+00:00
AIRFLOW_CTX_TRY_NUMBER=1
AIRFLOW_CTX_DAG_RUN_ID=scheduled__2022-06-17T17:40:58.837877+00:00
[2022-06-17 20:11:13,247] {logging_mixin.py:115} INFO - ['https://www.handyverkauf.net/apple-iphone-x-64gb-space-grau_h_5143', 'https://www.handyverkauf.net/apple-iphone-x-256gb-space-grau_h_5145', 'https://www.handyverkauf.net/apple-iphone-xs-64gb-space-grau_h_6242', 'https://www.handyverkauf.net/apple-iphone-xs-256gb-space-grau_h_6245', 'https://www.handyverkauf.net/apple-iphone-xs-512gb-space-grau_h_6248', 'https://www.handyverkauf.net/apple-iphone-xs-max-64gb-space-grau_h_6251', 'https://www.handyverkauf.net/apple-iphone-xs-max-256gb-space-grau_h_6254', 'https://www.handyverkauf.net/apple-iphone-xs-max-512gb-space-grau_h_6257', 'https://www.handyverkauf.net/apple-iphone-xr-64gb-schwarz_h_6260', 'https://www.handyverkauf.net/apple-iphone-xr-128gb-schwarz_h_6266']
[2022-06-17 20:11:17,238] {logging_mixin.py:115} INFO - Message: invalid argument: 'url' must be a string
  (Session info: headless chrome=102.0.5005.115)
Stacktrace:
#0 0x564f03333f33 <unknown>
#1 0x564f0307e118 <unknown>
#2 0x564f030e5aa1 <unknown>
#3 0x564f030d1f72 <unknown>
#4 0x564f030e52e4 <unknown>
#5 0x564f030d1e63 <unknown>
#6 0x564f030a782a <unknown>
#7 0x564f030a8985 <unknown>
#8 0x564f033784cd <unknown>
#9 0x564f0337c5ec <unknown>
#10 0x564f0336271e <unknown>
#11 0x564f0337d238 <unknown>
#12 0x564f03357870 <unknown>
#13 0x564f03399608 <unknown>
#14 0x564f03399788 <unknown>
#15 0x564f033b3f1d <unknown>
#16 0x7f1cdd270ea7 <unknown>
[2022-06-17 20:11:17,300] {logging_mixin.py:115} INFO - []
[2022-06-17 20:11:17,300] {python.py:173} INFO - Done. Returned value was: None
[2022-06-17 20:11:17,314] {taskinstance.py:1400} INFO - Marking task as SUCCESS. dag_id=Job-pts, task_id=pts-Papple-iphone-xr-128gb-schwarz_h_6266, execution_date=20220617T174058, start_date=20220617T201111, end_date=20220617T201117
[2022-06-17 20:11:17,358] {local_task_job.py:156} INFO - Task exited with return code 0
[2022-06-17 20:11:17,381] {local_task_job.py:273} INFO - 1 downstream tasks scheduled from follow-on schedule check
