[2022-06-11 19:48:34,046] {taskinstance.py:1159} INFO - Dependencies all met for <TaskInstance: T-dbt-job-dimensions.dbt_clone_and_transform-dimensions manual__2022-06-11T19:48:33.052855+00:00 [queued]>
[2022-06-11 19:48:34,057] {taskinstance.py:1159} INFO - Dependencies all met for <TaskInstance: T-dbt-job-dimensions.dbt_clone_and_transform-dimensions manual__2022-06-11T19:48:33.052855+00:00 [queued]>
[2022-06-11 19:48:34,057] {taskinstance.py:1356} INFO - 
--------------------------------------------------------------------------------
[2022-06-11 19:48:34,057] {taskinstance.py:1357} INFO - Starting attempt 1 of 2
[2022-06-11 19:48:34,057] {taskinstance.py:1358} INFO - 
--------------------------------------------------------------------------------
[2022-06-11 19:48:34,070] {taskinstance.py:1377} INFO - Executing <Task(BashOperator): dbt_clone_and_transform-dimensions> on 2022-06-11 19:48:33.052855+00:00
[2022-06-11 19:48:34,076] {standard_task_runner.py:52} INFO - Started process 476 to run task
[2022-06-11 19:48:34,080] {standard_task_runner.py:79} INFO - Running: ['airflow', 'tasks', 'run', 'T-dbt-job-dimensions', 'dbt_clone_and_transform-dimensions', 'manual__2022-06-11T19:48:33.052855+00:00', '--job-id', '15', '--raw', '--subdir', 'DAGS_FOLDER/docker_job/dbt_model.py', '--cfg-path', '/tmp/tmps826u7y1', '--error-file', '/tmp/tmpf4y6gq2p']
[2022-06-11 19:48:34,081] {standard_task_runner.py:80} INFO - Job 15: Subtask dbt_clone_and_transform-dimensions
[2022-06-11 19:48:34,136] {task_command.py:370} INFO - Running <TaskInstance: T-dbt-job-dimensions.dbt_clone_and_transform-dimensions manual__2022-06-11T19:48:33.052855+00:00 [running]> on host e926c0944008
[2022-06-11 19:48:34,206] {taskinstance.py:1571} INFO - Exporting the following env vars:
AIRFLOW_CTX_DAG_EMAIL=samuelolle@yahoo.com
AIRFLOW_CTX_DAG_OWNER=airflow
AIRFLOW_CTX_DAG_ID=T-dbt-job-dimensions
AIRFLOW_CTX_TASK_ID=dbt_clone_and_transform-dimensions
AIRFLOW_CTX_EXECUTION_DATE=2022-06-11T19:48:33.052855+00:00
AIRFLOW_CTX_TRY_NUMBER=1
AIRFLOW_CTX_DAG_RUN_ID=manual__2022-06-11T19:48:33.052855+00:00
[2022-06-11 19:48:34,206] {subprocess.py:62} INFO - Tmp dir root location: 
 /tmp
[2022-06-11 19:48:34,207] {subprocess.py:74} INFO - Running command: ['bash', '-c', " rm -rf /tmp/dimensions && mkdir /tmp/dimensions                            && cp -r /tmp/dbt /tmp/dimensions/dbt                             && cd /tmp/dimensions/dbt && python3 -m venv venv                             && export PIP_USER=false                             && *** /tmp/dimensions/dbt/venv/bin/activate                             && pip  install --quiet --upgrade pip setuptools                             && pip3 install --quiet 'MarkupSafe<=2.0.1' 'dbt-postgres' 'dbt-core'                             && dbt --version && deactivate                             && cd /tmp/dimensions/dbt && *** /tmp/dimensions/dbt/venv/bin/activate                             && dbt deps --profiles-dir /tmp/dimensions/dbt/ && dbt seed --profiles-dir /tmp/dimensions/dbt/                             && dbt run --models dimensions --profiles-dir /tmp/dimensions/dbt/"]
[2022-06-11 19:48:34,223] {subprocess.py:85} INFO - Output:
[2022-06-11 19:49:10,010] {subprocess.py:92} INFO - Core:
[2022-06-11 19:49:10,011] {subprocess.py:92} INFO -   - installed: 1.1.0
[2022-06-11 19:49:10,011] {subprocess.py:92} INFO -   - latest:    1.1.0 - [32mUp to date![0m
[2022-06-11 19:49:10,011] {subprocess.py:92} INFO - 
[2022-06-11 19:49:10,011] {subprocess.py:92} INFO - Plugins:
[2022-06-11 19:49:10,011] {subprocess.py:92} INFO -   - postgres: 1.1.0 - [32mUp to date![0m
[2022-06-11 19:49:12,940] {subprocess.py:92} INFO - [0m19:49:12  Running with dbt=1.1.0
[2022-06-11 19:49:12,942] {subprocess.py:92} INFO - [0m19:49:12  Warning: No packages were found in packages.yml
[2022-06-11 19:49:15,814] {subprocess.py:92} INFO - [0m19:49:15  Running with dbt=1.1.0
[2022-06-11 19:49:15,829] {subprocess.py:92} INFO - [0m19:49:15  Partial parse save file not found. Starting full parse.
[2022-06-11 19:49:16,528] {subprocess.py:92} INFO - [0m19:49:16  [WARNING]: Configuration paths exist in your dbt_project.yml file which do not apply to any re***s.
[2022-06-11 19:49:16,529] {subprocess.py:92} INFO - There are 1 unused configuration paths:
[2022-06-11 19:49:16,529] {subprocess.py:92} INFO - - seeds.SAM
[2022-06-11 19:49:16,529] {subprocess.py:92} INFO - 
[2022-06-11 19:49:16,542] {subprocess.py:92} INFO - [0m19:49:16  Found 4 models, 6 tests, 0 snapshots, 0 analyses, 171 macros, 6 operations, 0 seed files, 4 ***s, 0 exposures, 0 metrics
[2022-06-11 19:49:16,545] {subprocess.py:92} INFO - [0m19:49:16
[2022-06-11 19:49:16,545] {subprocess.py:92} INFO - [0m19:49:16  [WARNING]: Nothing to do. Try checking your model configs and model specification args
[2022-06-11 19:49:16,550] {subprocess.py:92} INFO - [0m19:49:16
[2022-06-11 19:49:16,551] {subprocess.py:92} INFO - [0m19:49:16  Completed successfully
[2022-06-11 19:49:16,551] {subprocess.py:92} INFO - [0m19:49:16
[2022-06-11 19:49:16,551] {subprocess.py:92} INFO - [0m19:49:16  Done. PASS=0 WARN=0 ERROR=0 SKIP=0 TOTAL=0
[2022-06-11 19:49:19,644] {subprocess.py:92} INFO - [0m19:49:19  Running with dbt=1.1.0
[2022-06-11 19:49:19,678] {subprocess.py:92} INFO - [0m19:49:19  [WARNING]: Configuration paths exist in your dbt_project.yml file which do not apply to any re***s.
[2022-06-11 19:49:19,678] {subprocess.py:92} INFO - There are 1 unused configuration paths:
[2022-06-11 19:49:19,678] {subprocess.py:92} INFO - - seeds.SAM
[2022-06-11 19:49:19,678] {subprocess.py:92} INFO - 
[2022-06-11 19:49:19,694] {subprocess.py:92} INFO - [0m19:49:19  Found 4 models, 6 tests, 0 snapshots, 0 analyses, 171 macros, 6 operations, 0 seed files, 4 ***s, 0 exposures, 0 metrics
[2022-06-11 19:49:19,696] {subprocess.py:92} INFO - [0m19:49:19
[2022-06-11 19:49:19,774] {subprocess.py:92} INFO - [0m19:49:19  Concurrency: 4 threads (target='dev')
[2022-06-11 19:49:19,774] {subprocess.py:92} INFO - [0m19:49:19
[2022-06-11 19:49:19,782] {subprocess.py:92} INFO - [0m19:49:19  1 of 1 START table model analytics_objects_analytics_objects.dim_date .......... [RUN]
[2022-06-11 19:49:19,853] {subprocess.py:92} INFO - [0m19:49:19  1 of 1 OK created table model analytics_objects_analytics_objects.dim_date ..... [SELECT 546 in 0.07s]
[2022-06-11 19:49:19,888] {subprocess.py:92} INFO - [0m19:49:19
[2022-06-11 19:49:19,888] {subprocess.py:92} INFO - [0m19:49:19  Running 6 on-run-end hooks
[2022-06-11 19:49:19,894] {subprocess.py:92} INFO - [0m19:49:19  1 of 6 START hook: SAM.on-run-end.0 ............................................ [RUN]
[2022-06-11 19:49:19,897] {subprocess.py:92} INFO - [0m19:49:19  1 of 6 OK hook: SAM.on-run-end.0 ............................................... [ALTER DEFAULT PRIVILEGES in 0.00s]
[2022-06-11 19:49:19,901] {subprocess.py:92} INFO - [0m19:49:19  2 of 6 START hook: SAM.on-run-end.1 ............................................ [RUN]
[2022-06-11 19:49:19,903] {subprocess.py:92} INFO - [0m19:49:19  2 of 6 OK hook: SAM.on-run-end.1 ............................................... [ALTER DEFAULT PRIVILEGES in 0.00s]
[2022-06-11 19:49:19,906] {subprocess.py:92} INFO - [0m19:49:19  3 of 6 START hook: SAM.on-run-end.2 ............................................ [RUN]
[2022-06-11 19:49:19,909] {subprocess.py:92} INFO - [0m19:49:19  3 of 6 OK hook: SAM.on-run-end.2 ............................................... [ALTER DEFAULT PRIVILEGES in 0.00s]
[2022-06-11 19:49:19,913] {subprocess.py:92} INFO - [0m19:49:19  4 of 6 START hook: SAM.on-run-end.3 ............................................ [RUN]
[2022-06-11 19:49:19,916] {subprocess.py:92} INFO - [0m19:49:19  4 of 6 OK hook: SAM.on-run-end.3 ............................................... [ALTER DEFAULT PRIVILEGES in 0.00s]
[2022-06-11 19:49:19,919] {subprocess.py:92} INFO - [0m19:49:19  5 of 6 START hook: SAM.on-run-end.4 ............................................ [RUN]
[2022-06-11 19:49:19,922] {subprocess.py:92} INFO - [0m19:49:19  5 of 6 OK hook: SAM.on-run-end.4 ............................................... [ALTER DEFAULT PRIVILEGES in 0.00s]
[2022-06-11 19:49:19,925] {subprocess.py:92} INFO - [0m19:49:19  6 of 6 START hook: SAM.on-run-end.5 ............................................ [RUN]
[2022-06-11 19:49:19,928] {subprocess.py:92} INFO - [0m19:49:19  6 of 6 OK hook: SAM.on-run-end.5 ............................................... [ALTER DEFAULT PRIVILEGES in 0.00s]
[2022-06-11 19:49:19,928] {subprocess.py:92} INFO - [0m19:49:19
[2022-06-11 19:49:19,929] {subprocess.py:92} INFO - [0m19:49:19
[2022-06-11 19:49:19,929] {subprocess.py:92} INFO - [0m19:49:19  Finished running 1 table model, 6 hooks in 0.23s.
[2022-06-11 19:49:19,935] {subprocess.py:92} INFO - [0m19:49:19
[2022-06-11 19:49:19,935] {subprocess.py:92} INFO - [0m19:49:19  Completed successfully
[2022-06-11 19:49:19,935] {subprocess.py:92} INFO - [0m19:49:19
[2022-06-11 19:49:19,935] {subprocess.py:92} INFO - [0m19:49:19  Done. PASS=1 WARN=0 ERROR=0 SKIP=0 TOTAL=1
[2022-06-11 19:49:20,134] {subprocess.py:96} INFO - Command exited with return code 0
[2022-06-11 19:49:20,166] {taskinstance.py:1400} INFO - Marking task as SUCCESS. dag_id=T-dbt-job-dimensions, task_id=dbt_clone_and_transform-dimensions, execution_date=20220611T194833, start_date=20220611T194834, end_date=20220611T194920
[2022-06-11 19:49:20,188] {local_task_job.py:156} INFO - Task exited with return code 0
[2022-06-11 19:49:20,218] {local_task_job.py:273} INFO - 1 downstream tasks scheduled from follow-on schedule check
