[2022-06-19 21:34:12,476] {taskinstance.py:1159} INFO - Dependencies all met for <TaskInstance: T-dbt-job-dimensions.dbt_clone_and_transform-dimensions manual__2022-06-19T21:34:12.235239+00:00 [queued]>
[2022-06-19 21:34:12,485] {taskinstance.py:1159} INFO - Dependencies all met for <TaskInstance: T-dbt-job-dimensions.dbt_clone_and_transform-dimensions manual__2022-06-19T21:34:12.235239+00:00 [queued]>
[2022-06-19 21:34:12,485] {taskinstance.py:1356} INFO - 
--------------------------------------------------------------------------------
[2022-06-19 21:34:12,486] {taskinstance.py:1357} INFO - Starting attempt 1 of 2
[2022-06-19 21:34:12,486] {taskinstance.py:1358} INFO - 
--------------------------------------------------------------------------------
[2022-06-19 21:34:12,499] {taskinstance.py:1377} INFO - Executing <Task(BashOperator): dbt_clone_and_transform-dimensions> on 2022-06-19 21:34:12.235239+00:00
[2022-06-19 21:34:12,504] {standard_task_runner.py:52} INFO - Started process 986 to run task
[2022-06-19 21:34:12,507] {standard_task_runner.py:79} INFO - Running: ['airflow', 'tasks', 'run', 'T-dbt-job-dimensions', 'dbt_clone_and_transform-dimensions', 'manual__2022-06-19T21:34:12.235239+00:00', '--job-id', '39', '--raw', '--subdir', 'DAGS_FOLDER/docker_job/dbt_model.py', '--cfg-path', '/tmp/tmpymp40lz6', '--error-file', '/tmp/tmptwx8d7py']
[2022-06-19 21:34:12,507] {standard_task_runner.py:80} INFO - Job 39: Subtask dbt_clone_and_transform-dimensions
[2022-06-19 21:34:12,565] {task_command.py:370} INFO - Running <TaskInstance: T-dbt-job-dimensions.dbt_clone_and_transform-dimensions manual__2022-06-19T21:34:12.235239+00:00 [running]> on host 7cbff6e51e2a
[2022-06-19 21:34:12,642] {taskinstance.py:1571} INFO - Exporting the following env vars:
AIRFLOW_CTX_DAG_EMAIL=samuelolle@yahoo.com
AIRFLOW_CTX_DAG_OWNER=airflow
AIRFLOW_CTX_DAG_ID=T-dbt-job-dimensions
AIRFLOW_CTX_TASK_ID=dbt_clone_and_transform-dimensions
AIRFLOW_CTX_EXECUTION_DATE=2022-06-19T21:34:12.235239+00:00
AIRFLOW_CTX_TRY_NUMBER=1
AIRFLOW_CTX_DAG_RUN_ID=manual__2022-06-19T21:34:12.235239+00:00
[2022-06-19 21:34:12,643] {subprocess.py:62} INFO - Tmp dir root location: 
 /tmp
[2022-06-19 21:34:12,643] {subprocess.py:74} INFO - Running command: ['bash', '-c', " rm -rf /tmp/dimensions && mkdir /tmp/dimensions                            && cp -r /tmp/dbt /tmp/dimensions/dbt                             && cd /tmp/dimensions/dbt && python3 -m venv venv                             && export PIP_USER=false                             && *** /tmp/dimensions/dbt/venv/bin/activate                             && pip  install --quiet --upgrade pip setuptools                             && pip3 install --quiet 'MarkupSafe<=2.0.1' 'dbt-postgres' 'dbt-core'                             && dbt --version && deactivate                             && cd /tmp/dimensions/dbt && *** /tmp/dimensions/dbt/venv/bin/activate                             && dbt deps --profiles-dir /tmp/dimensions/dbt/ && dbt seed --profiles-dir /tmp/dimensions/dbt/                             && dbt run --models dimensions --profiles-dir /tmp/dimensions/dbt/"]
[2022-06-19 21:34:12,658] {subprocess.py:85} INFO - Output:
[2022-06-19 21:34:45,475] {subprocess.py:92} INFO - Core:
[2022-06-19 21:34:45,476] {subprocess.py:92} INFO -   - installed: 1.1.1
[2022-06-19 21:34:45,476] {subprocess.py:92} INFO -   - latest:    1.1.1 - [32mUp to date![0m
[2022-06-19 21:34:45,476] {subprocess.py:92} INFO - 
[2022-06-19 21:34:45,477] {subprocess.py:92} INFO - Plugins:
[2022-06-19 21:34:45,477] {subprocess.py:92} INFO -   - postgres: 1.1.1 - [32mUp to date![0m
[2022-06-19 21:34:48,227] {subprocess.py:92} INFO - [0m21:34:48  Running with dbt=1.1.1
[2022-06-19 21:34:48,229] {subprocess.py:92} INFO - [0m21:34:48  Warning: No packages were found in packages.yml
[2022-06-19 21:34:50,997] {subprocess.py:92} INFO - [0m21:34:50  Running with dbt=1.1.1
[2022-06-19 21:34:51,009] {subprocess.py:92} INFO - [0m21:34:51  Partial parse save file not found. Starting full parse.
[2022-06-19 21:34:51,650] {subprocess.py:92} INFO - [0m21:34:51  [WARNING]: Configuration paths exist in your dbt_project.yml file which do not apply to any re***s.
[2022-06-19 21:34:51,650] {subprocess.py:92} INFO - There are 1 unused configuration paths:
[2022-06-19 21:34:51,650] {subprocess.py:92} INFO - - seeds.SAM
[2022-06-19 21:34:51,650] {subprocess.py:92} INFO - 
[2022-06-19 21:34:51,662] {subprocess.py:92} INFO - [0m21:34:51  Found 9 models, 6 tests, 0 snapshots, 0 analyses, 172 macros, 6 operations, 0 seed files, 4 ***s, 0 exposures, 0 metrics
[2022-06-19 21:34:51,664] {subprocess.py:92} INFO - [0m21:34:51
[2022-06-19 21:34:51,664] {subprocess.py:92} INFO - [0m21:34:51  [WARNING]: Nothing to do. Try checking your model configs and model specification args
[2022-06-19 21:34:51,670] {subprocess.py:92} INFO - [0m21:34:51
[2022-06-19 21:34:51,670] {subprocess.py:92} INFO - [0m21:34:51  Completed successfully
[2022-06-19 21:34:51,670] {subprocess.py:92} INFO - [0m21:34:51
[2022-06-19 21:34:51,671] {subprocess.py:92} INFO - [0m21:34:51  Done. PASS=0 WARN=0 ERROR=0 SKIP=0 TOTAL=0
[2022-06-19 21:34:54,397] {subprocess.py:92} INFO - [0m21:34:54  Running with dbt=1.1.1
[2022-06-19 21:34:54,428] {subprocess.py:92} INFO - [0m21:34:54  [WARNING]: Configuration paths exist in your dbt_project.yml file which do not apply to any re***s.
[2022-06-19 21:34:54,429] {subprocess.py:92} INFO - There are 1 unused configuration paths:
[2022-06-19 21:34:54,429] {subprocess.py:92} INFO - - seeds.SAM
[2022-06-19 21:34:54,429] {subprocess.py:92} INFO - 
[2022-06-19 21:34:54,440] {subprocess.py:92} INFO - [0m21:34:54  Found 9 models, 6 tests, 0 snapshots, 0 analyses, 172 macros, 6 operations, 0 seed files, 4 ***s, 0 exposures, 0 metrics
[2022-06-19 21:34:54,441] {subprocess.py:92} INFO - [0m21:34:54
[2022-06-19 21:34:54,496] {subprocess.py:92} INFO - [0m21:34:54  Concurrency: 4 threads (target='dev')
[2022-06-19 21:34:54,496] {subprocess.py:92} INFO - [0m21:34:54
[2022-06-19 21:34:54,503] {subprocess.py:92} INFO - [0m21:34:54  1 of 4 START table model analytics_dim.dim_date ................................ [RUN]
[2022-06-19 21:34:54,507] {subprocess.py:92} INFO - [0m21:34:54  2 of 4 START incremental model analytics_dim.dim_user_wall ..................... [RUN]
[2022-06-19 21:34:54,513] {subprocess.py:92} INFO - [0m21:34:54  3 of 4 START incremental model analytics_dim.dim_users ......................... [RUN]
[2022-06-19 21:34:54,514] {subprocess.py:92} INFO - [0m21:34:54  4 of 4 START incremental model analytics_dim.dim_walls ......................... [RUN]
[2022-06-19 21:34:54,693] {subprocess.py:92} INFO - [0m21:34:54  1 of 4 OK created table model analytics_dim.dim_date ........................... [SELECT 546 in 0.18s]
[2022-06-19 21:34:54,726] {subprocess.py:92} INFO - [0m21:34:54  3 of 4 OK created incremental model analytics_dim.dim_users .................... [INSERT 0 0 in 0.21s]
[2022-06-19 21:34:54,741] {subprocess.py:92} INFO - [0m21:34:54  4 of 4 OK created incremental model analytics_dim.dim_walls .................... [INSERT 0 0 in 0.23s]
[2022-06-19 21:34:54,746] {subprocess.py:92} INFO - [0m21:34:54  2 of 4 OK created incremental model analytics_dim.dim_user_wall ................ [INSERT 0 0 in 0.24s]
[2022-06-19 21:34:54,818] {subprocess.py:92} INFO - [0m21:34:54
[2022-06-19 21:34:54,818] {subprocess.py:92} INFO - [0m21:34:54  Running 6 on-run-end hooks
[2022-06-19 21:34:54,824] {subprocess.py:92} INFO - [0m21:34:54  1 of 6 START hook: SAM.on-run-end.0 ............................................ [RUN]
[2022-06-19 21:34:54,827] {subprocess.py:92} INFO - [0m21:34:54  1 of 6 OK hook: SAM.on-run-end.0 ............................................... [ALTER DEFAULT PRIVILEGES in 0.00s]
[2022-06-19 21:34:54,832] {subprocess.py:92} INFO - [0m21:34:54  2 of 6 START hook: SAM.on-run-end.1 ............................................ [RUN]
[2022-06-19 21:34:54,834] {subprocess.py:92} INFO - [0m21:34:54  2 of 6 OK hook: SAM.on-run-end.1 ............................................... [ALTER DEFAULT PRIVILEGES in 0.00s]
[2022-06-19 21:34:54,838] {subprocess.py:92} INFO - [0m21:34:54  3 of 6 START hook: SAM.on-run-end.2 ............................................ [RUN]
[2022-06-19 21:34:54,840] {subprocess.py:92} INFO - [0m21:34:54  3 of 6 OK hook: SAM.on-run-end.2 ............................................... [ALTER DEFAULT PRIVILEGES in 0.00s]
[2022-06-19 21:34:54,843] {subprocess.py:92} INFO - [0m21:34:54  4 of 6 START hook: SAM.on-run-end.3 ............................................ [RUN]
[2022-06-19 21:34:54,846] {subprocess.py:92} INFO - [0m21:34:54  4 of 6 OK hook: SAM.on-run-end.3 ............................................... [ALTER DEFAULT PRIVILEGES in 0.00s]
[2022-06-19 21:34:54,849] {subprocess.py:92} INFO - [0m21:34:54  5 of 6 START hook: SAM.on-run-end.4 ............................................ [RUN]
[2022-06-19 21:34:54,851] {subprocess.py:92} INFO - [0m21:34:54  5 of 6 OK hook: SAM.on-run-end.4 ............................................... [ALTER DEFAULT PRIVILEGES in 0.00s]
[2022-06-19 21:34:54,856] {subprocess.py:92} INFO - [0m21:34:54  6 of 6 START hook: SAM.on-run-end.5 ............................................ [RUN]
[2022-06-19 21:34:54,858] {subprocess.py:92} INFO - [0m21:34:54  6 of 6 OK hook: SAM.on-run-end.5 ............................................... [ALTER DEFAULT PRIVILEGES in 0.00s]
[2022-06-19 21:34:54,858] {subprocess.py:92} INFO - [0m21:34:54
[2022-06-19 21:34:54,859] {subprocess.py:92} INFO - [0m21:34:54
[2022-06-19 21:34:54,859] {subprocess.py:92} INFO - [0m21:34:54  Finished running 1 table model, 3 incremental models, 6 hooks in 0.42s.
[2022-06-19 21:34:54,867] {subprocess.py:92} INFO - [0m21:34:54
[2022-06-19 21:34:54,867] {subprocess.py:92} INFO - [0m21:34:54  Completed successfully
[2022-06-19 21:34:54,867] {subprocess.py:92} INFO - [0m21:34:54
[2022-06-19 21:34:54,868] {subprocess.py:92} INFO - [0m21:34:54  Done. PASS=4 WARN=0 ERROR=0 SKIP=0 TOTAL=4
[2022-06-19 21:34:55,004] {subprocess.py:96} INFO - Command exited with return code 0
[2022-06-19 21:34:55,031] {taskinstance.py:1400} INFO - Marking task as SUCCESS. dag_id=T-dbt-job-dimensions, task_id=dbt_clone_and_transform-dimensions, execution_date=20220619T213412, start_date=20220619T213412, end_date=20220619T213455
[2022-06-19 21:34:55,081] {local_task_job.py:156} INFO - Task exited with return code 0
[2022-06-19 21:34:55,119] {local_task_job.py:273} INFO - 1 downstream tasks scheduled from follow-on schedule check
