[2022-06-12 17:18:52,864] {taskinstance.py:1159} INFO - Dependencies all met for <TaskInstance: T-dbt-job-cdc_load.csv_to_database manual__2022-06-12T17:18:50.311044+00:00 [queued]>
[2022-06-12 17:18:52,875] {taskinstance.py:1159} INFO - Dependencies all met for <TaskInstance: T-dbt-job-cdc_load.csv_to_database manual__2022-06-12T17:18:50.311044+00:00 [queued]>
[2022-06-12 17:18:52,875] {taskinstance.py:1356} INFO - 
--------------------------------------------------------------------------------
[2022-06-12 17:18:52,875] {taskinstance.py:1357} INFO - Starting attempt 1 of 2
[2022-06-12 17:18:52,875] {taskinstance.py:1358} INFO - 
--------------------------------------------------------------------------------
[2022-06-12 17:18:52,888] {taskinstance.py:1377} INFO - Executing <Task(PythonOperator): csv_to_database> on 2022-06-12 17:18:50.311044+00:00
[2022-06-12 17:18:52,893] {standard_task_runner.py:52} INFO - Started process 4701 to run task
[2022-06-12 17:18:52,896] {standard_task_runner.py:79} INFO - Running: ['airflow', 'tasks', 'run', 'T-dbt-job-cdc_load', 'csv_to_database', 'manual__2022-06-12T17:18:50.311044+00:00', '--job-id', '175', '--raw', '--subdir', 'DAGS_FOLDER/docker_job/dbt_test.py', '--cfg-path', '/tmp/tmpchlq01ve', '--error-file', '/tmp/tmpnant9ggx']
[2022-06-12 17:18:52,897] {standard_task_runner.py:80} INFO - Job 175: Subtask csv_to_database
[2022-06-12 17:18:52,949] {task_command.py:370} INFO - Running <TaskInstance: T-dbt-job-cdc_load.csv_to_database manual__2022-06-12T17:18:50.311044+00:00 [running]> on host e926c0944008
[2022-06-12 17:18:53,023] {taskinstance.py:1571} INFO - Exporting the following env vars:
AIRFLOW_CTX_DAG_EMAIL=samuelolle@yahoo.com
AIRFLOW_CTX_DAG_OWNER=airflow
AIRFLOW_CTX_DAG_ID=T-dbt-job-cdc_load
AIRFLOW_CTX_TASK_ID=csv_to_database
AIRFLOW_CTX_EXECUTION_DATE=2022-06-12T17:18:50.311044+00:00
AIRFLOW_CTX_TRY_NUMBER=1
AIRFLOW_CTX_DAG_RUN_ID=manual__2022-06-12T17:18:50.311044+00:00
[2022-06-12 17:18:53,033] {base.py:68} INFO - Using connection ID '***' for task execution.
[2022-06-12 17:18:53,037] {postgres.py:127} INFO - Running copy expert: COPY analytics_stage.users_cdc FROM STDIN, filename: /opt/airflow/dags/docker_job/data/users.csv
[2022-06-12 17:18:53,044] {base.py:68} INFO - Using connection ID '***' for task execution.
[2022-06-12 17:18:53,059] {base.py:68} INFO - Using connection ID '***' for task execution.
[2022-06-12 17:18:53,064] {postgres.py:127} INFO - Running copy expert: COPY analytics_stage.walls_cdc FROM STDIN, filename: /opt/airflow/dags/docker_job/data/walls_2.csv
[2022-06-12 17:18:53,072] {base.py:68} INFO - Using connection ID '***' for task execution.
[2022-06-12 17:18:53,077] {python.py:173} INFO - Done. Returned value was: None
[2022-06-12 17:18:53,095] {taskinstance.py:1400} INFO - Marking task as SUCCESS. dag_id=T-dbt-job-cdc_load, task_id=csv_to_database, execution_date=20220612T171850, start_date=20220612T171852, end_date=20220612T171853
[2022-06-12 17:18:53,109] {local_task_job.py:156} INFO - Task exited with return code 0
[2022-06-12 17:18:53,147] {local_task_job.py:273} INFO - 1 downstream tasks scheduled from follow-on schedule check
