[2022-06-13 21:10:01,636] {taskinstance.py:1159} INFO - Dependencies all met for <TaskInstance: T-dbt-job-objects.dbt_cleanup-objects scheduled__2022-06-13T19:09:17.135473+00:00 [queued]>
[2022-06-13 21:10:01,648] {taskinstance.py:1159} INFO - Dependencies all met for <TaskInstance: T-dbt-job-objects.dbt_cleanup-objects scheduled__2022-06-13T19:09:17.135473+00:00 [queued]>
[2022-06-13 21:10:01,648] {taskinstance.py:1356} INFO - 
--------------------------------------------------------------------------------
[2022-06-13 21:10:01,648] {taskinstance.py:1357} INFO - Starting attempt 1 of 2
[2022-06-13 21:10:01,648] {taskinstance.py:1358} INFO - 
--------------------------------------------------------------------------------
[2022-06-13 21:10:01,662] {taskinstance.py:1377} INFO - Executing <Task(BashOperator): dbt_cleanup-objects> on 2022-06-13 19:09:17.135473+00:00
[2022-06-13 21:10:01,667] {standard_task_runner.py:52} INFO - Started process 1290 to run task
[2022-06-13 21:10:01,670] {standard_task_runner.py:79} INFO - Running: ['airflow', 'tasks', 'run', 'T-dbt-job-objects', 'dbt_cleanup-objects', 'scheduled__2022-06-13T19:09:17.135473+00:00', '--job-id', '146', '--raw', '--subdir', 'DAGS_FOLDER/docker_job/dbt_model.py', '--cfg-path', '/tmp/tmpfo3b2uxu', '--error-file', '/tmp/tmppq1fvlvu']
[2022-06-13 21:10:01,670] {standard_task_runner.py:80} INFO - Job 146: Subtask dbt_cleanup-objects
[2022-06-13 21:10:01,683] {warnings.py:110} WARNING - /home/airflow/.local/lib/python3.7/site-packages/airflow/configuration.py:525: DeprecationWarning: The sql_alchemy_conn option in [core] has been moved to the sql_alchemy_conn option in [database] - the old setting has been used, but please update your config.
  option = self._get_environment_variables(deprecated_key, deprecated_section, key, section)

[2022-06-13 21:10:01,722] {task_command.py:370} INFO - Running <TaskInstance: T-dbt-job-objects.dbt_cleanup-objects scheduled__2022-06-13T19:09:17.135473+00:00 [running]> on host 8425e4f159a6
[2022-06-13 21:10:01,791] {taskinstance.py:1571} INFO - Exporting the following env vars:
AIRFLOW_CTX_DAG_EMAIL=samuelolle@yahoo.com
AIRFLOW_CTX_DAG_OWNER=airflow
AIRFLOW_CTX_DAG_ID=T-dbt-job-objects
AIRFLOW_CTX_TASK_ID=dbt_cleanup-objects
AIRFLOW_CTX_EXECUTION_DATE=2022-06-13T19:09:17.135473+00:00
AIRFLOW_CTX_TRY_NUMBER=1
AIRFLOW_CTX_DAG_RUN_ID=scheduled__2022-06-13T19:09:17.135473+00:00
[2022-06-13 21:10:01,792] {subprocess.py:62} INFO - Tmp dir root location: 
 /tmp
[2022-06-13 21:10:01,792] {subprocess.py:74} INFO - Running command: ['bash', '-c', 'rm -rf /tmp/objects && rm -rf /tmp/tmp* 2>/dev/null || exit 0']
[2022-06-13 21:10:01,803] {subprocess.py:85} INFO - Output:
[2022-06-13 21:10:02,190] {subprocess.py:96} INFO - Command exited with return code 0
[2022-06-13 21:10:02,217] {taskinstance.py:1400} INFO - Marking task as SUCCESS. dag_id=T-dbt-job-objects, task_id=dbt_cleanup-objects, execution_date=20220613T190917, start_date=20220613T211001, end_date=20220613T211002
[2022-06-13 21:10:02,245] {local_task_job.py:156} INFO - Task exited with return code 0
[2022-06-13 21:10:02,275] {local_task_job.py:273} INFO - 0 downstream tasks scheduled from follow-on schedule check
