[2022-06-12 18:07:34,344] {taskinstance.py:1159} INFO - Dependencies all met for <TaskInstance: T-dbt-job-objects.dbt_cleanup-objects manual__2022-06-12T18:06:49.143758+00:00 [queued]>
[2022-06-12 18:07:34,354] {taskinstance.py:1159} INFO - Dependencies all met for <TaskInstance: T-dbt-job-objects.dbt_cleanup-objects manual__2022-06-12T18:06:49.143758+00:00 [queued]>
[2022-06-12 18:07:34,354] {taskinstance.py:1356} INFO - 
--------------------------------------------------------------------------------
[2022-06-12 18:07:34,354] {taskinstance.py:1357} INFO - Starting attempt 1 of 2
[2022-06-12 18:07:34,354] {taskinstance.py:1358} INFO - 
--------------------------------------------------------------------------------
[2022-06-12 18:07:34,367] {taskinstance.py:1377} INFO - Executing <Task(BashOperator): dbt_cleanup-objects> on 2022-06-12 18:06:49.143758+00:00
[2022-06-12 18:07:34,372] {standard_task_runner.py:52} INFO - Started process 5400 to run task
[2022-06-12 18:07:34,376] {standard_task_runner.py:79} INFO - Running: ['airflow', 'tasks', 'run', 'T-dbt-job-objects', 'dbt_cleanup-objects', 'manual__2022-06-12T18:06:49.143758+00:00', '--job-id', '204', '--raw', '--subdir', 'DAGS_FOLDER/docker_job/dbt_model.py', '--cfg-path', '/tmp/tmpzikz6xbv', '--error-file', '/tmp/tmpr1ewkptm']
[2022-06-12 18:07:34,376] {standard_task_runner.py:80} INFO - Job 204: Subtask dbt_cleanup-objects
[2022-06-12 18:07:34,456] {task_command.py:370} INFO - Running <TaskInstance: T-dbt-job-objects.dbt_cleanup-objects manual__2022-06-12T18:06:49.143758+00:00 [running]> on host e926c0944008
[2022-06-12 18:07:34,525] {taskinstance.py:1571} INFO - Exporting the following env vars:
AIRFLOW_CTX_DAG_EMAIL=samuelolle@yahoo.com
AIRFLOW_CTX_DAG_OWNER=airflow
AIRFLOW_CTX_DAG_ID=T-dbt-job-objects
AIRFLOW_CTX_TASK_ID=dbt_cleanup-objects
AIRFLOW_CTX_EXECUTION_DATE=2022-06-12T18:06:49.143758+00:00
AIRFLOW_CTX_TRY_NUMBER=1
AIRFLOW_CTX_DAG_RUN_ID=manual__2022-06-12T18:06:49.143758+00:00
[2022-06-12 18:07:34,526] {subprocess.py:62} INFO - Tmp dir root location: 
 /tmp
[2022-06-12 18:07:34,527] {subprocess.py:74} INFO - Running command: ['bash', '-c', 'rm -rf /tmp/objects && rm -rf /tmp/tmp* 2>/dev/null || exit 0']
[2022-06-12 18:07:34,542] {subprocess.py:85} INFO - Output:
[2022-06-12 18:07:34,664] {subprocess.py:96} INFO - Command exited with return code 0
[2022-06-12 18:07:34,695] {taskinstance.py:1400} INFO - Marking task as SUCCESS. dag_id=T-dbt-job-objects, task_id=dbt_cleanup-objects, execution_date=20220612T180649, start_date=20220612T180734, end_date=20220612T180734
[2022-06-12 18:07:34,749] {local_task_job.py:156} INFO - Task exited with return code 0
[2022-06-12 18:07:34,777] {local_task_job.py:273} INFO - 0 downstream tasks scheduled from follow-on schedule check
