[2022-06-19 18:08:13,710] {taskinstance.py:1159} INFO - Dependencies all met for <TaskInstance: Job-pts.pts-Papple-iphone-xr-64gb-schwarz_h_6260 scheduled__2022-06-19T01:11:07.661205+00:00 [queued]>
[2022-06-19 18:08:13,717] {taskinstance.py:1159} INFO - Dependencies all met for <TaskInstance: Job-pts.pts-Papple-iphone-xr-64gb-schwarz_h_6260 scheduled__2022-06-19T01:11:07.661205+00:00 [queued]>
[2022-06-19 18:08:13,717] {taskinstance.py:1356} INFO - 
--------------------------------------------------------------------------------
[2022-06-19 18:08:13,718] {taskinstance.py:1357} INFO - Starting attempt 2 of 6
[2022-06-19 18:08:13,718] {taskinstance.py:1358} INFO - 
--------------------------------------------------------------------------------
[2022-06-19 18:08:13,729] {taskinstance.py:1377} INFO - Executing <Task(PythonOperator): pts-Papple-iphone-xr-64gb-schwarz_h_6260> on 2022-06-19 01:11:07.661205+00:00
[2022-06-19 18:08:13,733] {standard_task_runner.py:52} INFO - Started process 2107 to run task
[2022-06-19 18:08:13,736] {standard_task_runner.py:79} INFO - Running: ['airflow', 'tasks', 'run', 'Job-pts', 'pts-Papple-iphone-xr-64gb-schwarz_h_6260', 'scheduled__2022-06-19T01:11:07.661205+00:00', '--job-id', '608', '--raw', '--subdir', 'DAGS_FOLDER/docker_job/price_scale.py', '--cfg-path', '/tmp/tmp117m6b0k', '--error-file', '/tmp/tmpay98qody']
[2022-06-19 18:08:13,736] {standard_task_runner.py:80} INFO - Job 608: Subtask pts-Papple-iphone-xr-64gb-schwarz_h_6260
[2022-06-19 18:08:13,750] {warnings.py:110} WARNING - /home/airflow/.local/lib/python3.7/site-packages/airflow/configuration.py:525: DeprecationWarning: The sql_alchemy_conn option in [core] has been moved to the sql_alchemy_conn option in [database] - the old setting has been used, but please update your config.
  option = self._get_environment_variables(deprecated_key, deprecated_section, key, section)

[2022-06-19 18:08:13,785] {task_command.py:370} INFO - Running <TaskInstance: Job-pts.pts-Papple-iphone-xr-64gb-schwarz_h_6260 scheduled__2022-06-19T01:11:07.661205+00:00 [running]> on host 2d9e52ec85d2
[2022-06-19 18:08:13,854] {taskinstance.py:1571} INFO - Exporting the following env vars:
AIRFLOW_CTX_DAG_EMAIL=samuel.momoh-olle@asgoodasnew.com
AIRFLOW_CTX_DAG_OWNER=airflow
AIRFLOW_CTX_DAG_ID=Job-pts
AIRFLOW_CTX_TASK_ID=pts-Papple-iphone-xr-64gb-schwarz_h_6260
AIRFLOW_CTX_EXECUTION_DATE=2022-06-19T01:11:07.661205+00:00
AIRFLOW_CTX_TRY_NUMBER=2
AIRFLOW_CTX_DAG_RUN_ID=scheduled__2022-06-19T01:11:07.661205+00:00
[2022-06-19 18:08:14,484] {logging_mixin.py:115} INFO - ['https://www.handyverkauf.net/apple-iphone-x-64gb-space-grau_h_5143', 'https://www.handyverkauf.net/apple-iphone-x-256gb-space-grau_h_5145', 'https://www.handyverkauf.net/apple-iphone-xs-64gb-space-grau_h_6242', 'https://www.handyverkauf.net/apple-iphone-xs-256gb-space-grau_h_6245', 'https://www.handyverkauf.net/apple-iphone-xs-512gb-space-grau_h_6248', 'https://www.handyverkauf.net/apple-iphone-xs-max-64gb-space-grau_h_6251', 'https://www.handyverkauf.net/apple-iphone-xs-max-256gb-space-grau_h_6254', 'https://www.handyverkauf.net/apple-iphone-xs-max-512gb-space-grau_h_6257', 'https://www.handyverkauf.net/apple-iphone-xr-64gb-schwarz_h_6260', 'https://www.handyverkauf.net/apple-iphone-xr-128gb-schwarz_h_6266']
[2022-06-19 18:08:17,285] {logging_mixin.py:115} INFO - Message: invalid argument: 'url' must be a string
  (Session info: headless chrome=102.0.5005.115)
Stacktrace:
#0 0x561487da3f33 <unknown>
#1 0x561487aee118 <unknown>
#2 0x561487b55aa1 <unknown>
#3 0x561487b41f72 <unknown>
#4 0x561487b552e4 <unknown>
#5 0x561487b41e63 <unknown>
#6 0x561487b1782a <unknown>
#7 0x561487b18985 <unknown>
#8 0x561487de84cd <unknown>
#9 0x561487dec5ec <unknown>
#10 0x561487dd271e <unknown>
#11 0x561487ded238 <unknown>
#12 0x561487dc7870 <unknown>
#13 0x561487e09608 <unknown>
#14 0x561487e09788 <unknown>
#15 0x561487e23f1d <unknown>
#16 0x7fdcca8c0ea7 <unknown>
[2022-06-19 18:08:17,344] {logging_mixin.py:115} INFO - []
[2022-06-19 18:08:17,344] {python.py:173} INFO - Done. Returned value was: None
[2022-06-19 18:08:17,376] {taskinstance.py:1400} INFO - Marking task as SUCCESS. dag_id=Job-pts, task_id=pts-Papple-iphone-xr-64gb-schwarz_h_6260, execution_date=20220619T011107, start_date=20220619T180813, end_date=20220619T180817
[2022-06-19 18:08:17,426] {local_task_job.py:156} INFO - Task exited with return code 0
[2022-06-19 18:08:17,461] {local_task_job.py:273} INFO - 0 downstream tasks scheduled from follow-on schedule check
