[2022-06-19 21:28:19,305] {taskinstance.py:1159} INFO - Dependencies all met for <TaskInstance: T-dbt-job-dimensions.dbt_cleanup-dimensions manual__2022-06-19T21:27:37.472805+00:00 [queued]>
[2022-06-19 21:28:19,312] {taskinstance.py:1159} INFO - Dependencies all met for <TaskInstance: T-dbt-job-dimensions.dbt_cleanup-dimensions manual__2022-06-19T21:27:37.472805+00:00 [queued]>
[2022-06-19 21:28:19,312] {taskinstance.py:1356} INFO - 
--------------------------------------------------------------------------------
[2022-06-19 21:28:19,312] {taskinstance.py:1357} INFO - Starting attempt 1 of 2
[2022-06-19 21:28:19,312] {taskinstance.py:1358} INFO - 
--------------------------------------------------------------------------------
[2022-06-19 21:28:19,325] {taskinstance.py:1377} INFO - Executing <Task(BashOperator): dbt_cleanup-dimensions> on 2022-06-19 21:27:37.472805+00:00
[2022-06-19 21:28:19,329] {standard_task_runner.py:52} INFO - Started process 898 to run task
[2022-06-19 21:28:19,332] {standard_task_runner.py:79} INFO - Running: ['airflow', 'tasks', 'run', 'T-dbt-job-dimensions', 'dbt_cleanup-dimensions', 'manual__2022-06-19T21:27:37.472805+00:00', '--job-id', '36', '--raw', '--subdir', 'DAGS_FOLDER/docker_job/dbt_model.py', '--cfg-path', '/tmp/tmpm03xz2hz', '--error-file', '/tmp/tmpttc4dkpa']
[2022-06-19 21:28:19,332] {standard_task_runner.py:80} INFO - Job 36: Subtask dbt_cleanup-dimensions
[2022-06-19 21:28:19,378] {task_command.py:370} INFO - Running <TaskInstance: T-dbt-job-dimensions.dbt_cleanup-dimensions manual__2022-06-19T21:27:37.472805+00:00 [running]> on host 7cbff6e51e2a
[2022-06-19 21:28:19,437] {taskinstance.py:1571} INFO - Exporting the following env vars:
AIRFLOW_CTX_DAG_EMAIL=samuelolle@yahoo.com
AIRFLOW_CTX_DAG_OWNER=airflow
AIRFLOW_CTX_DAG_ID=T-dbt-job-dimensions
AIRFLOW_CTX_TASK_ID=dbt_cleanup-dimensions
AIRFLOW_CTX_EXECUTION_DATE=2022-06-19T21:27:37.472805+00:00
AIRFLOW_CTX_TRY_NUMBER=1
AIRFLOW_CTX_DAG_RUN_ID=manual__2022-06-19T21:27:37.472805+00:00
[2022-06-19 21:28:19,438] {subprocess.py:62} INFO - Tmp dir root location: 
 /tmp
[2022-06-19 21:28:19,438] {subprocess.py:74} INFO - Running command: ['bash', '-c', 'rm -rf /tmp/dimensions && rm -rf /tmp/tmp* 2>/dev/null || exit 0']
[2022-06-19 21:28:19,446] {subprocess.py:85} INFO - Output:
[2022-06-19 21:28:19,550] {subprocess.py:96} INFO - Command exited with return code 0
[2022-06-19 21:28:19,575] {taskinstance.py:1400} INFO - Marking task as SUCCESS. dag_id=T-dbt-job-dimensions, task_id=dbt_cleanup-dimensions, execution_date=20220619T212737, start_date=20220619T212819, end_date=20220619T212819
[2022-06-19 21:28:19,625] {local_task_job.py:156} INFO - Task exited with return code 0
[2022-06-19 21:28:19,655] {local_task_job.py:273} INFO - 0 downstream tasks scheduled from follow-on schedule check
