[2022-06-19 19:54:26,359] {taskinstance.py:1159} INFO - Dependencies all met for <TaskInstance: T-dbt-job-objects.dbt_clone_and_transform-objects manual__2022-06-19T19:46:04.520041+00:00 [queued]>
[2022-06-19 19:54:26,366] {taskinstance.py:1159} INFO - Dependencies all met for <TaskInstance: T-dbt-job-objects.dbt_clone_and_transform-objects manual__2022-06-19T19:46:04.520041+00:00 [queued]>
[2022-06-19 19:54:26,366] {taskinstance.py:1356} INFO - 
--------------------------------------------------------------------------------
[2022-06-19 19:54:26,366] {taskinstance.py:1357} INFO - Starting attempt 4 of 5
[2022-06-19 19:54:26,366] {taskinstance.py:1358} INFO - 
--------------------------------------------------------------------------------
[2022-06-19 19:54:26,381] {taskinstance.py:1377} INFO - Executing <Task(BashOperator): dbt_clone_and_transform-objects> on 2022-06-19 19:46:04.520041+00:00
[2022-06-19 19:54:26,385] {standard_task_runner.py:52} INFO - Started process 274 to run task
[2022-06-19 19:54:26,388] {standard_task_runner.py:79} INFO - Running: ['airflow', 'tasks', 'run', 'T-dbt-job-objects', 'dbt_clone_and_transform-objects', 'manual__2022-06-19T19:46:04.520041+00:00', '--job-id', '14', '--raw', '--subdir', 'DAGS_FOLDER/docker_job/dbt_model.py', '--cfg-path', '/tmp/tmpxjr4a0o4', '--error-file', '/tmp/tmp4tpsw6u8']
[2022-06-19 19:54:26,388] {standard_task_runner.py:80} INFO - Job 14: Subtask dbt_clone_and_transform-objects
[2022-06-19 19:54:26,435] {task_command.py:370} INFO - Running <TaskInstance: T-dbt-job-objects.dbt_clone_and_transform-objects manual__2022-06-19T19:46:04.520041+00:00 [running]> on host 7cbff6e51e2a
[2022-06-19 19:54:26,493] {taskinstance.py:1571} INFO - Exporting the following env vars:
AIRFLOW_CTX_DAG_EMAIL=samuelolle@yahoo.com
AIRFLOW_CTX_DAG_OWNER=airflow
AIRFLOW_CTX_DAG_ID=T-dbt-job-objects
AIRFLOW_CTX_TASK_ID=dbt_clone_and_transform-objects
AIRFLOW_CTX_EXECUTION_DATE=2022-06-19T19:46:04.520041+00:00
AIRFLOW_CTX_TRY_NUMBER=4
AIRFLOW_CTX_DAG_RUN_ID=manual__2022-06-19T19:46:04.520041+00:00
[2022-06-19 19:54:26,494] {subprocess.py:62} INFO - Tmp dir root location: 
 /tmp
[2022-06-19 19:54:26,494] {subprocess.py:74} INFO - Running command: ['bash', '-c', " rm -rf /tmp/objects && mkdir /tmp/objects                            && cp -r /tmp/dbt /tmp/objects/dbt                             && cd /tmp/objects/dbt && python3 -m venv venv                             && export PIP_USER=false                             && *** /tmp/objects/dbt/venv/bin/activate                             && pip  install --quiet --upgrade pip setuptools                             && pip3 install --quiet 'MarkupSafe<=2.0.1' 'dbt-postgres' 'dbt-core'                             && dbt --version && deactivate                             && cd /tmp/objects/dbt && *** /tmp/objects/dbt/venv/bin/activate                             && dbt deps --profiles-dir /tmp/objects/dbt/ && dbt seed --profiles-dir /tmp/objects/dbt/                             && dbt run --models objects --profiles-dir /tmp/objects/dbt/"]
[2022-06-19 19:54:26,503] {subprocess.py:85} INFO - Output:
[2022-06-19 19:54:58,584] {subprocess.py:92} INFO - Core:
[2022-06-19 19:54:58,585] {subprocess.py:92} INFO -   - installed: 1.1.1
[2022-06-19 19:54:58,585] {subprocess.py:92} INFO -   - latest:    1.1.1 - [32mUp to date![0m
[2022-06-19 19:54:58,585] {subprocess.py:92} INFO - 
[2022-06-19 19:54:58,585] {subprocess.py:92} INFO - Plugins:
[2022-06-19 19:54:58,585] {subprocess.py:92} INFO -   - postgres: 1.1.1 - [32mUp to date![0m
[2022-06-19 19:55:01,149] {subprocess.py:92} INFO - [0m19:55:01  Running with dbt=1.1.1
[2022-06-19 19:55:01,150] {subprocess.py:92} INFO - [0m19:55:01  Warning: No packages were found in packages.yml
[2022-06-19 19:55:03,762] {subprocess.py:92} INFO - [0m19:55:03  Running with dbt=1.1.1
[2022-06-19 19:55:03,775] {subprocess.py:92} INFO - [0m19:55:03  Partial parse save file not found. Starting full parse.
[2022-06-19 19:55:04,368] {subprocess.py:92} INFO - [0m19:55:04  [WARNING]: Configuration paths exist in your dbt_project.yml file which do not apply to any re***s.
[2022-06-19 19:55:04,368] {subprocess.py:92} INFO - There are 1 unused configuration paths:
[2022-06-19 19:55:04,368] {subprocess.py:92} INFO - - seeds.SAM
[2022-06-19 19:55:04,368] {subprocess.py:92} INFO - 
[2022-06-19 19:55:04,379] {subprocess.py:92} INFO - [0m19:55:04  Found 7 models, 6 tests, 0 snapshots, 0 analyses, 172 macros, 6 operations, 0 seed files, 4 ***s, 0 exposures, 0 metrics
[2022-06-19 19:55:04,381] {subprocess.py:92} INFO - [0m19:55:04
[2022-06-19 19:55:04,381] {subprocess.py:92} INFO - [0m19:55:04  [WARNING]: Nothing to do. Try checking your model configs and model specification args
[2022-06-19 19:55:04,386] {subprocess.py:92} INFO - [0m19:55:04
[2022-06-19 19:55:04,386] {subprocess.py:92} INFO - [0m19:55:04  Completed successfully
[2022-06-19 19:55:04,387] {subprocess.py:92} INFO - [0m19:55:04
[2022-06-19 19:55:04,387] {subprocess.py:92} INFO - [0m19:55:04  Done. PASS=0 WARN=0 ERROR=0 SKIP=0 TOTAL=0
[2022-06-19 19:55:07,043] {subprocess.py:92} INFO - [0m19:55:07  Running with dbt=1.1.1
[2022-06-19 19:55:07,075] {subprocess.py:92} INFO - [0m19:55:07  [WARNING]: Configuration paths exist in your dbt_project.yml file which do not apply to any re***s.
[2022-06-19 19:55:07,075] {subprocess.py:92} INFO - There are 1 unused configuration paths:
[2022-06-19 19:55:07,075] {subprocess.py:92} INFO - - seeds.SAM
[2022-06-19 19:55:07,075] {subprocess.py:92} INFO - 
[2022-06-19 19:55:07,087] {subprocess.py:92} INFO - [0m19:55:07  Found 7 models, 6 tests, 0 snapshots, 0 analyses, 172 macros, 6 operations, 0 seed files, 4 ***s, 0 exposures, 0 metrics
[2022-06-19 19:55:07,089] {subprocess.py:92} INFO - [0m19:55:07
[2022-06-19 19:55:07,146] {subprocess.py:92} INFO - [0m19:55:07  Concurrency: 4 threads (target='dev')
[2022-06-19 19:55:07,147] {subprocess.py:92} INFO - [0m19:55:07
[2022-06-19 19:55:07,153] {subprocess.py:92} INFO - [0m19:55:07  1 of 2 START table model analytics_objects.obj_users ........................... [RUN]
[2022-06-19 19:55:07,158] {subprocess.py:92} INFO - [0m19:55:07  2 of 2 START table model analytics_objects.obj_walls ........................... [RUN]
[2022-06-19 19:55:07,244] {subprocess.py:92} INFO - [0m19:55:07  1 of 2 OK created table model analytics_objects.obj_users ...................... [SELECT 15 in 0.09s]
[2022-06-19 19:55:07,245] {subprocess.py:92} INFO - [0m19:55:07  2 of 2 OK created table model analytics_objects.obj_walls ...................... [SELECT 12 in 0.09s]
[2022-06-19 19:55:07,258] {subprocess.py:92} INFO - [0m19:55:07
[2022-06-19 19:55:07,259] {subprocess.py:92} INFO - [0m19:55:07  Running 6 on-run-end hooks
[2022-06-19 19:55:07,264] {subprocess.py:92} INFO - [0m19:55:07  1 of 6 START hook: SAM.on-run-end.0 ............................................ [RUN]
[2022-06-19 19:55:07,267] {subprocess.py:92} INFO - [0m19:55:07  1 of 6 OK hook: SAM.on-run-end.0 ............................................... [ALTER DEFAULT PRIVILEGES in 0.00s]
[2022-06-19 19:55:07,273] {subprocess.py:92} INFO - [0m19:55:07  2 of 6 START hook: SAM.on-run-end.1 ............................................ [RUN]
[2022-06-19 19:55:07,275] {subprocess.py:92} INFO - [0m19:55:07  2 of 6 OK hook: SAM.on-run-end.1 ............................................... [ALTER DEFAULT PRIVILEGES in 0.00s]
[2022-06-19 19:55:07,278] {subprocess.py:92} INFO - [0m19:55:07  3 of 6 START hook: SAM.on-run-end.2 ............................................ [RUN]
[2022-06-19 19:55:07,280] {subprocess.py:92} INFO - [0m19:55:07  3 of 6 OK hook: SAM.on-run-end.2 ............................................... [ALTER DEFAULT PRIVILEGES in 0.00s]
[2022-06-19 19:55:07,283] {subprocess.py:92} INFO - [0m19:55:07  4 of 6 START hook: SAM.on-run-end.3 ............................................ [RUN]
[2022-06-19 19:55:07,285] {subprocess.py:92} INFO - [0m19:55:07  4 of 6 OK hook: SAM.on-run-end.3 ............................................... [ALTER DEFAULT PRIVILEGES in 0.00s]
[2022-06-19 19:55:07,289] {subprocess.py:92} INFO - [0m19:55:07  5 of 6 START hook: SAM.on-run-end.4 ............................................ [RUN]
[2022-06-19 19:55:07,291] {subprocess.py:92} INFO - [0m19:55:07  5 of 6 OK hook: SAM.on-run-end.4 ............................................... [ALTER DEFAULT PRIVILEGES in 0.00s]
[2022-06-19 19:55:07,294] {subprocess.py:92} INFO - [0m19:55:07  6 of 6 START hook: SAM.on-run-end.5 ............................................ [RUN]
[2022-06-19 19:55:07,297] {subprocess.py:92} INFO - [0m19:55:07  6 of 6 OK hook: SAM.on-run-end.5 ............................................... [ALTER DEFAULT PRIVILEGES in 0.00s]
[2022-06-19 19:55:07,297] {subprocess.py:92} INFO - [0m19:55:07
[2022-06-19 19:55:07,298] {subprocess.py:92} INFO - [0m19:55:07
[2022-06-19 19:55:07,298] {subprocess.py:92} INFO - [0m19:55:07  Finished running 2 table models, 6 hooks in 0.21s.
[2022-06-19 19:55:07,305] {subprocess.py:92} INFO - [0m19:55:07
[2022-06-19 19:55:07,305] {subprocess.py:92} INFO - [0m19:55:07  Completed successfully
[2022-06-19 19:55:07,306] {subprocess.py:92} INFO - [0m19:55:07
[2022-06-19 19:55:07,306] {subprocess.py:92} INFO - [0m19:55:07  Done. PASS=2 WARN=0 ERROR=0 SKIP=0 TOTAL=2
[2022-06-19 19:55:07,440] {subprocess.py:96} INFO - Command exited with return code 0
[2022-06-19 19:55:07,468] {taskinstance.py:1400} INFO - Marking task as SUCCESS. dag_id=T-dbt-job-objects, task_id=dbt_clone_and_transform-objects, execution_date=20220619T194604, start_date=20220619T195426, end_date=20220619T195507
[2022-06-19 19:55:07,510] {local_task_job.py:156} INFO - Task exited with return code 0
[2022-06-19 19:55:07,534] {local_task_job.py:273} INFO - 1 downstream tasks scheduled from follow-on schedule check
