[2022-06-19 18:08:16,522] {taskinstance.py:1159} INFO - Dependencies all met for <TaskInstance: Job-pts.end_clean-pts scheduled__2022-06-19T15:25:22.866749+00:00 [queued]>
[2022-06-19 18:08:16,536] {taskinstance.py:1159} INFO - Dependencies all met for <TaskInstance: Job-pts.end_clean-pts scheduled__2022-06-19T15:25:22.866749+00:00 [queued]>
[2022-06-19 18:08:16,536] {taskinstance.py:1356} INFO - 
--------------------------------------------------------------------------------
[2022-06-19 18:08:16,536] {taskinstance.py:1357} INFO - Starting attempt 2 of 6
[2022-06-19 18:08:16,536] {taskinstance.py:1358} INFO - 
--------------------------------------------------------------------------------
[2022-06-19 18:08:16,554] {taskinstance.py:1377} INFO - Executing <Task(BashOperator): end_clean-pts> on 2022-06-19 15:25:22.866749+00:00
[2022-06-19 18:08:16,562] {standard_task_runner.py:52} INFO - Started process 839 to run task
[2022-06-19 18:08:16,577] {standard_task_runner.py:79} INFO - Running: ['airflow', 'tasks', 'run', 'Job-pts', 'end_clean-pts', 'scheduled__2022-06-19T15:25:22.866749+00:00', '--job-id', '613', '--raw', '--subdir', 'DAGS_FOLDER/docker_job/price_scale.py', '--cfg-path', '/tmp/tmpkrnerlye', '--error-file', '/tmp/tmp3hyhkjb4']
[2022-06-19 18:08:16,578] {standard_task_runner.py:80} INFO - Job 613: Subtask end_clean-pts
[2022-06-19 18:08:16,618] {warnings.py:110} WARNING - /home/airflow/.local/lib/python3.7/site-packages/airflow/configuration.py:525: DeprecationWarning: The sql_alchemy_conn option in [core] has been moved to the sql_alchemy_conn option in [database] - the old setting has been used, but please update your config.
  option = self._get_environment_variables(deprecated_key, deprecated_section, key, section)

[2022-06-19 18:08:16,680] {task_command.py:370} INFO - Running <TaskInstance: Job-pts.end_clean-pts scheduled__2022-06-19T15:25:22.866749+00:00 [running]> on host 3c1ac2e19971
[2022-06-19 18:08:16,764] {taskinstance.py:1571} INFO - Exporting the following env vars:
AIRFLOW_CTX_DAG_EMAIL=samuel.momoh-olle@asgoodasnew.com
AIRFLOW_CTX_DAG_OWNER=airflow
AIRFLOW_CTX_DAG_ID=Job-pts
AIRFLOW_CTX_TASK_ID=end_clean-pts
AIRFLOW_CTX_EXECUTION_DATE=2022-06-19T15:25:22.866749+00:00
AIRFLOW_CTX_TRY_NUMBER=2
AIRFLOW_CTX_DAG_RUN_ID=scheduled__2022-06-19T15:25:22.866749+00:00
[2022-06-19 18:08:16,766] {subprocess.py:62} INFO - Tmp dir root location: 
 /tmp
[2022-06-19 18:08:16,767] {subprocess.py:74} INFO - Running command: ['bash', '-c', 'pkill chrome 2>/dev/null || exit 0 && rm -rf /tmp/.* 2>/dev/null || exit 0&& rm -rf /tmp/* 2>/dev/null || exit 0&& rm -rf /tmp/.p* 2>/dev/null || exit 0']
[2022-06-19 18:08:16,780] {subprocess.py:85} INFO - Output:
[2022-06-19 18:08:16,783] {subprocess.py:96} INFO - Command exited with return code 0
[2022-06-19 18:08:16,809] {taskinstance.py:1400} INFO - Marking task as SUCCESS. dag_id=Job-pts, task_id=end_clean-pts, execution_date=20220619T152522, start_date=20220619T180816, end_date=20220619T180816
[2022-06-19 18:08:16,861] {local_task_job.py:156} INFO - Task exited with return code 0
[2022-06-19 18:08:16,888] {local_task_job.py:273} INFO - 0 downstream tasks scheduled from follow-on schedule check
