[2022-06-17 20:11:05,934] {taskinstance.py:1159} INFO - Dependencies all met for <TaskInstance: Job-pts.pts-Papple-iphone-xs-256gb-space-grau_h_6245 scheduled__2022-06-17T17:40:58.837877+00:00 [queued]>
[2022-06-17 20:11:05,965] {taskinstance.py:1159} INFO - Dependencies all met for <TaskInstance: Job-pts.pts-Papple-iphone-xs-256gb-space-grau_h_6245 scheduled__2022-06-17T17:40:58.837877+00:00 [queued]>
[2022-06-17 20:11:05,966] {taskinstance.py:1356} INFO - 
--------------------------------------------------------------------------------
[2022-06-17 20:11:05,966] {taskinstance.py:1357} INFO - Starting attempt 1 of 6
[2022-06-17 20:11:05,966] {taskinstance.py:1358} INFO - 
--------------------------------------------------------------------------------
[2022-06-17 20:11:06,001] {taskinstance.py:1377} INFO - Executing <Task(PythonOperator): pts-Papple-iphone-xs-256gb-space-grau_h_6245> on 2022-06-17 17:40:58.837877+00:00
[2022-06-17 20:11:06,043] {standard_task_runner.py:52} INFO - Started process 1100 to run task
[2022-06-17 20:11:06,063] {standard_task_runner.py:79} INFO - Running: ['airflow', 'tasks', 'run', 'Job-pts', 'pts-Papple-iphone-xs-256gb-space-grau_h_6245', 'scheduled__2022-06-17T17:40:58.837877+00:00', '--job-id', '249', '--raw', '--subdir', 'DAGS_FOLDER/docker_job/price_scale.py', '--cfg-path', '/tmp/tmpyt28c0w8', '--error-file', '/tmp/tmp_sg5woof']
[2022-06-17 20:11:06,064] {standard_task_runner.py:80} INFO - Job 249: Subtask pts-Papple-iphone-xs-256gb-space-grau_h_6245
[2022-06-17 20:11:06,101] {warnings.py:110} WARNING - /home/airflow/.local/lib/python3.7/site-packages/airflow/configuration.py:525: DeprecationWarning: The sql_alchemy_conn option in [core] has been moved to the sql_alchemy_conn option in [database] - the old setting has been used, but please update your config.
  option = self._get_environment_variables(deprecated_key, deprecated_section, key, section)

[2022-06-17 20:11:06,212] {task_command.py:370} INFO - Running <TaskInstance: Job-pts.pts-Papple-iphone-xs-256gb-space-grau_h_6245 scheduled__2022-06-17T17:40:58.837877+00:00 [running]> on host 2d9e52ec85d2
[2022-06-17 20:11:06,342] {taskinstance.py:1571} INFO - Exporting the following env vars:
AIRFLOW_CTX_DAG_EMAIL=samuel.momoh-olle@asgoodasnew.com
AIRFLOW_CTX_DAG_OWNER=airflow
AIRFLOW_CTX_DAG_ID=Job-pts
AIRFLOW_CTX_TASK_ID=pts-Papple-iphone-xs-256gb-space-grau_h_6245
AIRFLOW_CTX_EXECUTION_DATE=2022-06-17T17:40:58.837877+00:00
AIRFLOW_CTX_TRY_NUMBER=1
AIRFLOW_CTX_DAG_RUN_ID=scheduled__2022-06-17T17:40:58.837877+00:00
[2022-06-17 20:11:07,748] {logging_mixin.py:115} INFO - ['https://www.handyverkauf.net/apple-iphone-x-64gb-space-grau_h_5143', 'https://www.handyverkauf.net/apple-iphone-x-256gb-space-grau_h_5145', 'https://www.handyverkauf.net/apple-iphone-xs-64gb-space-grau_h_6242', 'https://www.handyverkauf.net/apple-iphone-xs-256gb-space-grau_h_6245', 'https://www.handyverkauf.net/apple-iphone-xs-512gb-space-grau_h_6248', 'https://www.handyverkauf.net/apple-iphone-xs-max-64gb-space-grau_h_6251', 'https://www.handyverkauf.net/apple-iphone-xs-max-256gb-space-grau_h_6254', 'https://www.handyverkauf.net/apple-iphone-xs-max-512gb-space-grau_h_6257', 'https://www.handyverkauf.net/apple-iphone-xr-64gb-schwarz_h_6260', 'https://www.handyverkauf.net/apple-iphone-xr-128gb-schwarz_h_6266']
[2022-06-17 20:11:15,521] {logging_mixin.py:115} INFO - Message: invalid argument: 'url' must be a string
  (Session info: headless chrome=102.0.5005.115)
Stacktrace:
#0 0x56342cd03f33 <unknown>
#1 0x56342ca4e118 <unknown>
#2 0x56342cab5aa1 <unknown>
#3 0x56342caa1f72 <unknown>
#4 0x56342cab52e4 <unknown>
#5 0x56342caa1e63 <unknown>
#6 0x56342ca7782a <unknown>
#7 0x56342ca78985 <unknown>
#8 0x56342cd484cd <unknown>
#9 0x56342cd4c5ec <unknown>
#10 0x56342cd3271e <unknown>
#11 0x56342cd4d238 <unknown>
#12 0x56342cd27870 <unknown>
#13 0x56342cd69608 <unknown>
#14 0x56342cd69788 <unknown>
#15 0x56342cd83f1d <unknown>
#16 0x7fd993cbaea7 <unknown>
[2022-06-17 20:11:15,575] {logging_mixin.py:115} INFO - []
[2022-06-17 20:11:15,575] {python.py:173} INFO - Done. Returned value was: None
[2022-06-17 20:11:15,587] {taskinstance.py:1400} INFO - Marking task as SUCCESS. dag_id=Job-pts, task_id=pts-Papple-iphone-xs-256gb-space-grau_h_6245, execution_date=20220617T174058, start_date=20220617T201105, end_date=20220617T201115
[2022-06-17 20:11:15,610] {local_task_job.py:156} INFO - Task exited with return code 0
[2022-06-17 20:11:15,628] {local_task_job.py:273} INFO - 0 downstream tasks scheduled from follow-on schedule check
