[2022-06-11 18:39:16,515] {taskinstance.py:1159} INFO - Dependencies all met for <TaskInstance: T-dbt-job-objects.csv_to_database manual__2022-06-11T18:39:13.469595+00:00 [queued]>
[2022-06-11 18:39:16,523] {taskinstance.py:1159} INFO - Dependencies all met for <TaskInstance: T-dbt-job-objects.csv_to_database manual__2022-06-11T18:39:13.469595+00:00 [queued]>
[2022-06-11 18:39:16,524] {taskinstance.py:1356} INFO - 
--------------------------------------------------------------------------------
[2022-06-11 18:39:16,524] {taskinstance.py:1357} INFO - Starting attempt 1 of 2
[2022-06-11 18:39:16,524] {taskinstance.py:1358} INFO - 
--------------------------------------------------------------------------------
[2022-06-11 18:39:16,540] {taskinstance.py:1377} INFO - Executing <Task(PythonOperator): csv_to_database> on 2022-06-11 18:39:13.469595+00:00
[2022-06-11 18:39:16,547] {standard_task_runner.py:52} INFO - Started process 1502 to run task
[2022-06-11 18:39:16,550] {standard_task_runner.py:79} INFO - Running: ['airflow', 'tasks', 'run', 'T-dbt-job-objects', 'csv_to_database', 'manual__2022-06-11T18:39:13.469595+00:00', '--job-id', '90', '--raw', '--subdir', 'DAGS_FOLDER/docker_job/dbt_test.py', '--cfg-path', '/tmp/tmpe0sh2mtx', '--error-file', '/tmp/tmp6i9em9rq']
[2022-06-11 18:39:16,550] {standard_task_runner.py:80} INFO - Job 90: Subtask csv_to_database
[2022-06-11 18:39:16,609] {task_command.py:370} INFO - Running <TaskInstance: T-dbt-job-objects.csv_to_database manual__2022-06-11T18:39:13.469595+00:00 [running]> on host d8836eb746ac
[2022-06-11 18:39:16,699] {taskinstance.py:1571} INFO - Exporting the following env vars:
AIRFLOW_CTX_DAG_EMAIL=samuelolle@yahoo.com
AIRFLOW_CTX_DAG_OWNER=airflow
AIRFLOW_CTX_DAG_ID=T-dbt-job-objects
AIRFLOW_CTX_TASK_ID=csv_to_database
AIRFLOW_CTX_EXECUTION_DATE=2022-06-11T18:39:13.469595+00:00
AIRFLOW_CTX_TRY_NUMBER=1
AIRFLOW_CTX_DAG_RUN_ID=manual__2022-06-11T18:39:13.469595+00:00
[2022-06-11 18:39:16,710] {base.py:68} INFO - Using connection ID '***' for task execution.
[2022-06-11 18:39:16,714] {postgres.py:127} INFO - Running copy expert: COPY analytics_objects.users_cdc FROM STDIN, filename: /opt/airflow/dags/docker_job/data/users.csv
[2022-06-11 18:39:16,719] {base.py:68} INFO - Using connection ID '***' for task execution.
[2022-06-11 18:39:16,729] {base.py:68} INFO - Using connection ID '***' for task execution.
[2022-06-11 18:39:16,732] {postgres.py:127} INFO - Running copy expert: COPY analytics_objects.walls_cdc FROM STDIN, filename: /opt/airflow/dags/docker_job/data/walls.csv
[2022-06-11 18:39:16,740] {base.py:68} INFO - Using connection ID '***' for task execution.
[2022-06-11 18:39:16,745] {python.py:173} INFO - Done. Returned value was: None
[2022-06-11 18:39:16,757] {taskinstance.py:1400} INFO - Marking task as SUCCESS. dag_id=T-dbt-job-objects, task_id=csv_to_database, execution_date=20220611T183913, start_date=20220611T183916, end_date=20220611T183916
[2022-06-11 18:39:16,803] {local_task_job.py:156} INFO - Task exited with return code 0
[2022-06-11 18:39:16,863] {local_task_job.py:273} INFO - 1 downstream tasks scheduled from follow-on schedule check
