[2022-06-11 17:21:44,449] {taskinstance.py:1159} INFO - Dependencies all met for <TaskInstance: T-dbt-job-objects.csv_to_database manual__2022-06-11T17:21:41.855489+00:00 [queued]>
[2022-06-11 17:21:44,466] {taskinstance.py:1159} INFO - Dependencies all met for <TaskInstance: T-dbt-job-objects.csv_to_database manual__2022-06-11T17:21:41.855489+00:00 [queued]>
[2022-06-11 17:21:44,466] {taskinstance.py:1356} INFO - 
--------------------------------------------------------------------------------
[2022-06-11 17:21:44,466] {taskinstance.py:1357} INFO - Starting attempt 1 of 2
[2022-06-11 17:21:44,467] {taskinstance.py:1358} INFO - 
--------------------------------------------------------------------------------
[2022-06-11 17:21:44,483] {taskinstance.py:1377} INFO - Executing <Task(PythonOperator): csv_to_database> on 2022-06-11 17:21:41.855489+00:00
[2022-06-11 17:21:44,490] {standard_task_runner.py:52} INFO - Started process 898 to run task
[2022-06-11 17:21:44,493] {standard_task_runner.py:79} INFO - Running: ['airflow', 'tasks', 'run', 'T-dbt-job-objects', 'csv_to_database', 'manual__2022-06-11T17:21:41.855489+00:00', '--job-id', '60', '--raw', '--subdir', 'DAGS_FOLDER/docker_job/dbt_test.py', '--cfg-path', '/tmp/tmpvzua3k0c', '--error-file', '/tmp/tmpov8pwz70']
[2022-06-11 17:21:44,494] {standard_task_runner.py:80} INFO - Job 60: Subtask csv_to_database
[2022-06-11 17:21:44,553] {task_command.py:370} INFO - Running <TaskInstance: T-dbt-job-objects.csv_to_database manual__2022-06-11T17:21:41.855489+00:00 [running]> on host d8836eb746ac
[2022-06-11 17:21:44,624] {taskinstance.py:1571} INFO - Exporting the following env vars:
AIRFLOW_CTX_DAG_EMAIL=samuelolle@yahoo.com
AIRFLOW_CTX_DAG_OWNER=airflow
AIRFLOW_CTX_DAG_ID=T-dbt-job-objects
AIRFLOW_CTX_TASK_ID=csv_to_database
AIRFLOW_CTX_EXECUTION_DATE=2022-06-11T17:21:41.855489+00:00
AIRFLOW_CTX_TRY_NUMBER=1
AIRFLOW_CTX_DAG_RUN_ID=manual__2022-06-11T17:21:41.855489+00:00
[2022-06-11 17:21:44,638] {base.py:68} INFO - Using connection ID '***' for task execution.
[2022-06-11 17:21:44,643] {postgres.py:127} INFO - Running copy expert: COPY analytics_object.users_cdc FROM STDIN, filename: /opt/airflow/dags/docker_job/data/users.csv
[2022-06-11 17:21:44,651] {base.py:68} INFO - Using connection ID '***' for task execution.
[2022-06-11 17:21:44,664] {base.py:68} INFO - Using connection ID '***' for task execution.
[2022-06-11 17:21:44,669] {postgres.py:127} INFO - Running copy expert: COPY analytics_object.walls_cdc FROM STDIN, filename: /opt/airflow/dags/docker_job/data/walls.csv
[2022-06-11 17:21:44,676] {base.py:68} INFO - Using connection ID '***' for task execution.
[2022-06-11 17:21:44,682] {python.py:173} INFO - Done. Returned value was: None
[2022-06-11 17:21:44,697] {taskinstance.py:1400} INFO - Marking task as SUCCESS. dag_id=T-dbt-job-objects, task_id=csv_to_database, execution_date=20220611T172141, start_date=20220611T172144, end_date=20220611T172144
[2022-06-11 17:21:44,747] {local_task_job.py:156} INFO - Task exited with return code 0
[2022-06-11 17:21:44,795] {local_task_job.py:273} INFO - 1 downstream tasks scheduled from follow-on schedule check
