[2022-06-13 05:01:56,254] {taskinstance.py:1159} INFO - Dependencies all met for <TaskInstance: T-dbt-job-cdc_load.dbt_cleanup-cdc_load scheduled__2022-06-13T03:01:51.825480+00:00 [queued]>
[2022-06-13 05:01:56,262] {taskinstance.py:1159} INFO - Dependencies all met for <TaskInstance: T-dbt-job-cdc_load.dbt_cleanup-cdc_load scheduled__2022-06-13T03:01:51.825480+00:00 [queued]>
[2022-06-13 05:01:56,263] {taskinstance.py:1356} INFO - 
--------------------------------------------------------------------------------
[2022-06-13 05:01:56,263] {taskinstance.py:1357} INFO - Starting attempt 1 of 2
[2022-06-13 05:01:56,263] {taskinstance.py:1358} INFO - 
--------------------------------------------------------------------------------
[2022-06-13 05:01:56,274] {taskinstance.py:1377} INFO - Executing <Task(BashOperator): dbt_cleanup-cdc_load> on 2022-06-13 03:01:51.825480+00:00
[2022-06-13 05:01:56,278] {standard_task_runner.py:52} INFO - Started process 410 to run task
[2022-06-13 05:01:56,281] {standard_task_runner.py:79} INFO - Running: ['airflow', 'tasks', 'run', 'T-dbt-job-cdc_load', 'dbt_cleanup-cdc_load', 'scheduled__2022-06-13T03:01:51.825480+00:00', '--job-id', '62', '--raw', '--subdir', 'DAGS_FOLDER/docker_job/dbt_test.py', '--cfg-path', '/tmp/tmpb3rff78b', '--error-file', '/tmp/tmpdtwf5zir']
[2022-06-13 05:01:56,282] {standard_task_runner.py:80} INFO - Job 62: Subtask dbt_cleanup-cdc_load
[2022-06-13 05:01:56,293] {warnings.py:110} WARNING - /home/airflow/.local/lib/python3.7/site-packages/airflow/configuration.py:525: DeprecationWarning: The sql_alchemy_conn option in [core] has been moved to the sql_alchemy_conn option in [database] - the old setting has been used, but please update your config.
  option = self._get_environment_variables(deprecated_key, deprecated_section, key, section)

[2022-06-13 05:01:56,327] {task_command.py:370} INFO - Running <TaskInstance: T-dbt-job-cdc_load.dbt_cleanup-cdc_load scheduled__2022-06-13T03:01:51.825480+00:00 [running]> on host f269bd168226
[2022-06-13 05:01:56,392] {taskinstance.py:1571} INFO - Exporting the following env vars:
AIRFLOW_CTX_DAG_EMAIL=samuelolle@yahoo.com
AIRFLOW_CTX_DAG_OWNER=airflow
AIRFLOW_CTX_DAG_ID=T-dbt-job-cdc_load
AIRFLOW_CTX_TASK_ID=dbt_cleanup-cdc_load
AIRFLOW_CTX_EXECUTION_DATE=2022-06-13T03:01:51.825480+00:00
AIRFLOW_CTX_TRY_NUMBER=1
AIRFLOW_CTX_DAG_RUN_ID=scheduled__2022-06-13T03:01:51.825480+00:00
[2022-06-13 05:01:56,393] {subprocess.py:62} INFO - Tmp dir root location: 
 /tmp
[2022-06-13 05:01:56,393] {subprocess.py:74} INFO - Running command: ['bash', '-c', 'rm -rf /tmp/cdc_load && rm -rf /tmp/tmp* 2>/dev/null || exit 0']
[2022-06-13 05:01:56,409] {subprocess.py:85} INFO - Output:
[2022-06-13 05:01:56,424] {subprocess.py:96} INFO - Command exited with return code 0
[2022-06-13 05:01:56,453] {taskinstance.py:1400} INFO - Marking task as SUCCESS. dag_id=T-dbt-job-cdc_load, task_id=dbt_cleanup-cdc_load, execution_date=20220613T030151, start_date=20220613T050156, end_date=20220613T050156
[2022-06-13 05:01:56,494] {local_task_job.py:156} INFO - Task exited with return code 0
[2022-06-13 05:01:56,525] {local_task_job.py:273} INFO - 0 downstream tasks scheduled from follow-on schedule check
