[2022-06-17 20:17:53,569] {taskinstance.py:1159} INFO - Dependencies all met for <TaskInstance: Job-pts.pts-Papple-iphone-xs-512gb-space-grau_h_6248 manual__2022-06-17T20:12:59.782916+00:00 [queued]>
[2022-06-17 20:17:53,589] {taskinstance.py:1159} INFO - Dependencies all met for <TaskInstance: Job-pts.pts-Papple-iphone-xs-512gb-space-grau_h_6248 manual__2022-06-17T20:12:59.782916+00:00 [queued]>
[2022-06-17 20:17:53,590] {taskinstance.py:1356} INFO - 
--------------------------------------------------------------------------------
[2022-06-17 20:17:53,590] {taskinstance.py:1357} INFO - Starting attempt 2 of 6
[2022-06-17 20:17:53,590] {taskinstance.py:1358} INFO - 
--------------------------------------------------------------------------------
[2022-06-17 20:17:53,608] {taskinstance.py:1377} INFO - Executing <Task(PythonOperator): pts-Papple-iphone-xs-512gb-space-grau_h_6248> on 2022-06-17 20:12:59.782916+00:00
[2022-06-17 20:17:53,618] {standard_task_runner.py:52} INFO - Started process 706 to run task
[2022-06-17 20:17:53,641] {standard_task_runner.py:79} INFO - Running: ['airflow', 'tasks', 'run', 'Job-pts', 'pts-Papple-iphone-xs-512gb-space-grau_h_6248', 'manual__2022-06-17T20:12:59.782916+00:00', '--job-id', '311', '--raw', '--subdir', 'DAGS_FOLDER/docker_job/price_scale.py', '--cfg-path', '/tmp/tmp5koni4do', '--error-file', '/tmp/tmp9g830gx0']
[2022-06-17 20:17:53,642] {standard_task_runner.py:80} INFO - Job 311: Subtask pts-Papple-iphone-xs-512gb-space-grau_h_6248
[2022-06-17 20:17:53,767] {task_command.py:370} INFO - Running <TaskInstance: Job-pts.pts-Papple-iphone-xs-512gb-space-grau_h_6248 manual__2022-06-17T20:12:59.782916+00:00 [running]> on host 2d9e52ec85d2
[2022-06-17 20:17:53,887] {taskinstance.py:1571} INFO - Exporting the following env vars:
AIRFLOW_CTX_DAG_EMAIL=samuel.momoh-olle@asgoodasnew.com
AIRFLOW_CTX_DAG_OWNER=airflow
AIRFLOW_CTX_DAG_ID=Job-pts
AIRFLOW_CTX_TASK_ID=pts-Papple-iphone-xs-512gb-space-grau_h_6248
AIRFLOW_CTX_EXECUTION_DATE=2022-06-17T20:12:59.782916+00:00
AIRFLOW_CTX_TRY_NUMBER=2
AIRFLOW_CTX_DAG_RUN_ID=manual__2022-06-17T20:12:59.782916+00:00
[2022-06-17 20:17:55,032] {logging_mixin.py:115} INFO - ['https://www.handyverkauf.net/apple-iphone-x-64gb-space-grau_h_5143', 'https://www.handyverkauf.net/apple-iphone-x-256gb-space-grau_h_5145', 'https://www.handyverkauf.net/apple-iphone-xs-64gb-space-grau_h_6242', 'https://www.handyverkauf.net/apple-iphone-xs-256gb-space-grau_h_6245', 'https://www.handyverkauf.net/apple-iphone-xs-512gb-space-grau_h_6248', 'https://www.handyverkauf.net/apple-iphone-xs-max-64gb-space-grau_h_6251', 'https://www.handyverkauf.net/apple-iphone-xs-max-256gb-space-grau_h_6254', 'https://www.handyverkauf.net/apple-iphone-xs-max-512gb-space-grau_h_6257', 'https://www.handyverkauf.net/apple-iphone-xr-64gb-schwarz_h_6260', 'https://www.handyverkauf.net/apple-iphone-xr-128gb-schwarz_h_6266']
[2022-06-17 20:17:59,282] {logging_mixin.py:115} INFO - Message: invalid argument: 'url' must be a string
  (Session info: headless chrome=102.0.5005.115)
Stacktrace:
#0 0x56191fe67f33 <unknown>
#1 0x56191fbb2118 <unknown>
#2 0x56191fc19aa1 <unknown>
#3 0x56191fc05f72 <unknown>
#4 0x56191fc192e4 <unknown>
#5 0x56191fc05e63 <unknown>
#6 0x56191fbdb82a <unknown>
#7 0x56191fbdc985 <unknown>
#8 0x56191feac4cd <unknown>
#9 0x56191feb05ec <unknown>
#10 0x56191fe9671e <unknown>
#11 0x56191feb1238 <unknown>
#12 0x56191fe8b870 <unknown>
#13 0x56191fecd608 <unknown>
#14 0x56191fecd788 <unknown>
#15 0x56191fee7f1d <unknown>
#16 0x7f68129dbea7 <unknown>
[2022-06-17 20:17:59,341] {logging_mixin.py:115} INFO - []
[2022-06-17 20:17:59,341] {python.py:173} INFO - Done. Returned value was: None
[2022-06-17 20:17:59,357] {taskinstance.py:1400} INFO - Marking task as SUCCESS. dag_id=Job-pts, task_id=pts-Papple-iphone-xs-512gb-space-grau_h_6248, execution_date=20220617T201259, start_date=20220617T201753, end_date=20220617T201759
[2022-06-17 20:17:59,391] {local_task_job.py:156} INFO - Task exited with return code 0
[2022-06-17 20:17:59,416] {local_task_job.py:273} INFO - 0 downstream tasks scheduled from follow-on schedule check
