[2022-06-11 16:25:06,232] {taskinstance.py:1159} INFO - Dependencies all met for <TaskInstance: T-dbt-job-dimensions.csv_to_database scheduled__2022-06-11T14:17:17.184292+00:00 [queued]>
[2022-06-11 16:25:06,242] {taskinstance.py:1159} INFO - Dependencies all met for <TaskInstance: T-dbt-job-dimensions.csv_to_database scheduled__2022-06-11T14:17:17.184292+00:00 [queued]>
[2022-06-11 16:25:06,242] {taskinstance.py:1356} INFO - 
--------------------------------------------------------------------------------
[2022-06-11 16:25:06,242] {taskinstance.py:1357} INFO - Starting attempt 5 of 6
[2022-06-11 16:25:06,242] {taskinstance.py:1358} INFO - 
--------------------------------------------------------------------------------
[2022-06-11 16:25:06,255] {taskinstance.py:1377} INFO - Executing <Task(PythonOperator): csv_to_database> on 2022-06-11 14:17:17.184292+00:00
[2022-06-11 16:25:06,263] {standard_task_runner.py:52} INFO - Started process 81 to run task
[2022-06-11 16:25:06,266] {standard_task_runner.py:79} INFO - Running: ['airflow', 'tasks', 'run', 'T-dbt-job-dimensions', 'csv_to_database', 'scheduled__2022-06-11T14:17:17.184292+00:00', '--job-id', '13', '--raw', '--subdir', 'DAGS_FOLDER/docker_job/dbt_test.py', '--cfg-path', '/tmp/tmpza43dyqz', '--error-file', '/tmp/tmpeirha8br']
[2022-06-11 16:25:06,267] {standard_task_runner.py:80} INFO - Job 13: Subtask csv_to_database
[2022-06-11 16:25:06,278] {warnings.py:110} WARNING - /home/airflow/.local/lib/python3.7/site-packages/airflow/configuration.py:525: DeprecationWarning: The sql_alchemy_conn option in [core] has been moved to the sql_alchemy_conn option in [database] - the old setting has been used, but please update your config.
  option = self._get_environment_variables(deprecated_key, deprecated_section, key, section)

[2022-06-11 16:25:06,316] {task_command.py:370} INFO - Running <TaskInstance: T-dbt-job-dimensions.csv_to_database scheduled__2022-06-11T14:17:17.184292+00:00 [running]> on host d8836eb746ac
[2022-06-11 16:25:06,435] {taskinstance.py:1571} INFO - Exporting the following env vars:
AIRFLOW_CTX_DAG_EMAIL=samuelolle@yahoo.com
AIRFLOW_CTX_DAG_OWNER=airflow
AIRFLOW_CTX_DAG_ID=T-dbt-job-dimensions
AIRFLOW_CTX_TASK_ID=csv_to_database
AIRFLOW_CTX_EXECUTION_DATE=2022-06-11T14:17:17.184292+00:00
AIRFLOW_CTX_TRY_NUMBER=5
AIRFLOW_CTX_DAG_RUN_ID=scheduled__2022-06-11T14:17:17.184292+00:00
[2022-06-11 16:25:06,447] {base.py:68} INFO - Using connection ID '***' for task execution.
[2022-06-11 16:25:06,451] {postgres.py:127} INFO - Running copy expert: COPY analytics_object.users_cdc FROM STDIN, filename: /tmp/dbt/
[2022-06-11 16:25:06,451] {taskinstance.py:1889} ERROR - Task failed with exception
Traceback (most recent call last):
  File "/home/airflow/.local/lib/python3.7/site-packages/airflow/operators/python.py", line 171, in execute
    return_value = self.execute_callable()
  File "/home/airflow/.local/lib/python3.7/site-packages/airflow/operators/python.py", line 189, in execute_callable
    return self.python_callable(*self.op_args, **self.op_kwargs)
  File "/opt/airflow/dags/docker_job/dbt_test.py", line 33, in csv_to_postgres
    pg_conn.bulk_load(table, file_path(file))
  File "/home/airflow/.local/lib/python3.7/site-packages/airflow/providers/postgres/hooks/postgres.py", line 149, in bulk_load
    self.copy_expert(f"COPY {table} FROM STDIN", tmp_file)
  File "/home/airflow/.local/lib/python3.7/site-packages/airflow/providers/postgres/hooks/postgres.py", line 129, in copy_expert
    with open(filename, 'w'):
IsADirectoryError: [Errno 21] Is a directory: '/tmp/dbt/'
[2022-06-11 16:25:06,464] {taskinstance.py:1400} INFO - Marking task as UP_FOR_RETRY. dag_id=T-dbt-job-dimensions, task_id=csv_to_database, execution_date=20220611T141717, start_date=20220611T162506, end_date=20220611T162506
[2022-06-11 16:25:06,475] {standard_task_runner.py:97} ERROR - Failed to execute job 13 for task csv_to_database ([Errno 21] Is a directory: '/tmp/dbt/'; 81)
[2022-06-11 16:25:06,481] {local_task_job.py:156} INFO - Task exited with return code 1
[2022-06-11 16:25:06,518] {local_task_job.py:273} INFO - 0 downstream tasks scheduled from follow-on schedule check
