[2022-06-11 16:20:42,199] {taskinstance.py:1159} INFO - Dependencies all met for <TaskInstance: T-dbt-job-dimensions.csv_to_database scheduled__2022-06-11T14:17:17.184292+00:00 [queued]>
[2022-06-11 16:20:42,218] {taskinstance.py:1159} INFO - Dependencies all met for <TaskInstance: T-dbt-job-dimensions.csv_to_database scheduled__2022-06-11T14:17:17.184292+00:00 [queued]>
[2022-06-11 16:20:42,218] {taskinstance.py:1356} INFO - 
--------------------------------------------------------------------------------
[2022-06-11 16:20:42,218] {taskinstance.py:1357} INFO - Starting attempt 2 of 2
[2022-06-11 16:20:42,218] {taskinstance.py:1358} INFO - 
--------------------------------------------------------------------------------
[2022-06-11 16:20:42,232] {taskinstance.py:1377} INFO - Executing <Task(PythonOperator): csv_to_database> on 2022-06-11 14:17:17.184292+00:00
[2022-06-11 16:20:42,248] {standard_task_runner.py:52} INFO - Started process 67 to run task
[2022-06-11 16:20:42,253] {standard_task_runner.py:79} INFO - Running: ['airflow', 'tasks', 'run', 'T-dbt-job-dimensions', 'csv_to_database', 'scheduled__2022-06-11T14:17:17.184292+00:00', '--job-id', '6', '--raw', '--subdir', 'DAGS_FOLDER/docker_job/dbt_test.py', '--cfg-path', '/tmp/tmp_mullqw0', '--error-file', '/tmp/tmpbwh8rxvj']
[2022-06-11 16:20:42,253] {standard_task_runner.py:80} INFO - Job 6: Subtask csv_to_database
[2022-06-11 16:20:42,267] {warnings.py:110} WARNING - /home/airflow/.local/lib/python3.7/site-packages/airflow/configuration.py:525: DeprecationWarning: The sql_alchemy_conn option in [core] has been moved to the sql_alchemy_conn option in [database] - the old setting has been used, but please update your config.
  option = self._get_environment_variables(deprecated_key, deprecated_section, key, section)

[2022-06-11 16:20:42,313] {task_command.py:370} INFO - Running <TaskInstance: T-dbt-job-dimensions.csv_to_database scheduled__2022-06-11T14:17:17.184292+00:00 [running]> on host d8836eb746ac
[2022-06-11 16:20:42,393] {taskinstance.py:1571} INFO - Exporting the following env vars:
AIRFLOW_CTX_DAG_EMAIL=samuelolle@yahoo.com
AIRFLOW_CTX_DAG_OWNER=airflow
AIRFLOW_CTX_DAG_ID=T-dbt-job-dimensions
AIRFLOW_CTX_TASK_ID=csv_to_database
AIRFLOW_CTX_EXECUTION_DATE=2022-06-11T14:17:17.184292+00:00
AIRFLOW_CTX_TRY_NUMBER=2
AIRFLOW_CTX_DAG_RUN_ID=scheduled__2022-06-11T14:17:17.184292+00:00
[2022-06-11 16:20:42,403] {base.py:68} INFO - Using connection ID '***' for task execution.
[2022-06-11 16:20:42,409] {logging_mixin.py:115} INFO - ['users.csv']
[2022-06-11 16:20:42,409] {postgres.py:127} INFO - Running copy expert: COPY analytics_object.users_cdc FROM STDIN, filename: /opt/airflow/dags/docker_job/data/users.csv
[2022-06-11 16:20:42,409] {taskinstance.py:1889} ERROR - Task failed with exception
Traceback (most recent call last):
  File "/home/airflow/.local/lib/python3.7/site-packages/airflow/operators/python.py", line 171, in execute
    return_value = self.execute_callable()
  File "/home/airflow/.local/lib/python3.7/site-packages/airflow/operators/python.py", line 189, in execute_callable
    return self.python_callable(*self.op_args, **self.op_kwargs)
  File "/opt/airflow/dags/docker_job/dbt_test.py", line 33, in csv_to_postgres
    pg_conn.bulk_load(table, file_path(file))
  File "/home/airflow/.local/lib/python3.7/site-packages/airflow/providers/postgres/hooks/postgres.py", line 149, in bulk_load
    self.copy_expert(f"COPY {table} FROM STDIN", tmp_file)
  File "/home/airflow/.local/lib/python3.7/site-packages/airflow/providers/postgres/hooks/postgres.py", line 132, in copy_expert
    with open(filename, 'r+') as file:
PermissionError: [Errno 13] Permission denied: '/opt/airflow/dags/docker_job/data/users.csv'
[2022-06-11 16:20:42,419] {taskinstance.py:1400} INFO - Marking task as FAILED. dag_id=T-dbt-job-dimensions, task_id=csv_to_database, execution_date=20220611T141717, start_date=20220611T162042, end_date=20220611T162042
[2022-06-11 16:20:42,430] {standard_task_runner.py:97} ERROR - Failed to execute job 6 for task csv_to_database ([Errno 13] Permission denied: '/opt/airflow/dags/docker_job/data/users.csv'; 67)
[2022-06-11 16:20:42,466] {local_task_job.py:156} INFO - Task exited with return code 1
[2022-06-11 16:20:42,521] {local_task_job.py:273} INFO - 0 downstream tasks scheduled from follow-on schedule check
