[2022-06-13 19:37:24,726] {taskinstance.py:1159} INFO - Dependencies all met for <TaskInstance: T-dbt-job-example.dbt_clone_and_transform-example scheduled__2022-06-13T17:37:24.181140+00:00 [queued]>
[2022-06-13 19:37:24,734] {taskinstance.py:1159} INFO - Dependencies all met for <TaskInstance: T-dbt-job-example.dbt_clone_and_transform-example scheduled__2022-06-13T17:37:24.181140+00:00 [queued]>
[2022-06-13 19:37:24,735] {taskinstance.py:1356} INFO - 
--------------------------------------------------------------------------------
[2022-06-13 19:37:24,735] {taskinstance.py:1357} INFO - Starting attempt 1 of 2
[2022-06-13 19:37:24,735] {taskinstance.py:1358} INFO - 
--------------------------------------------------------------------------------
[2022-06-13 19:37:24,747] {taskinstance.py:1377} INFO - Executing <Task(BashOperator): dbt_clone_and_transform-example> on 2022-06-13 17:37:24.181140+00:00
[2022-06-13 19:37:24,752] {standard_task_runner.py:52} INFO - Started process 1023 to run task
[2022-06-13 19:37:24,755] {standard_task_runner.py:79} INFO - Running: ['airflow', 'tasks', 'run', 'T-dbt-job-example', 'dbt_clone_and_transform-example', 'scheduled__2022-06-13T17:37:24.181140+00:00', '--job-id', '138', '--raw', '--subdir', 'DAGS_FOLDER/docker_job/dbt_model.py', '--cfg-path', '/tmp/tmpgld3x_yw', '--error-file', '/tmp/tmpjmtmat8e']
[2022-06-13 19:37:24,756] {standard_task_runner.py:80} INFO - Job 138: Subtask dbt_clone_and_transform-example
[2022-06-13 19:37:24,770] {warnings.py:110} WARNING - /home/airflow/.local/lib/python3.7/site-packages/airflow/configuration.py:525: DeprecationWarning: The sql_alchemy_conn option in [core] has been moved to the sql_alchemy_conn option in [database] - the old setting has been used, but please update your config.
  option = self._get_environment_variables(deprecated_key, deprecated_section, key, section)

[2022-06-13 19:37:24,811] {task_command.py:370} INFO - Running <TaskInstance: T-dbt-job-example.dbt_clone_and_transform-example scheduled__2022-06-13T17:37:24.181140+00:00 [running]> on host f269bd168226
[2022-06-13 19:37:24,879] {taskinstance.py:1571} INFO - Exporting the following env vars:
AIRFLOW_CTX_DAG_EMAIL=samuelolle@yahoo.com
AIRFLOW_CTX_DAG_OWNER=airflow
AIRFLOW_CTX_DAG_ID=T-dbt-job-example
AIRFLOW_CTX_TASK_ID=dbt_clone_and_transform-example
AIRFLOW_CTX_EXECUTION_DATE=2022-06-13T17:37:24.181140+00:00
AIRFLOW_CTX_TRY_NUMBER=1
AIRFLOW_CTX_DAG_RUN_ID=scheduled__2022-06-13T17:37:24.181140+00:00
[2022-06-13 19:37:24,880] {subprocess.py:62} INFO - Tmp dir root location: 
 /tmp
[2022-06-13 19:37:24,881] {subprocess.py:74} INFO - Running command: ['bash', '-c', " rm -rf /tmp/example && mkdir /tmp/example                            && cp -r /tmp/dbt /tmp/example/dbt                             && cd /tmp/example/dbt && python3 -m venv venv                             && export PIP_USER=false                             && *** /tmp/example/dbt/venv/bin/activate                             && pip  install --quiet --upgrade pip setuptools                             && pip3 install --quiet 'MarkupSafe<=2.0.1' 'dbt-postgres' 'dbt-core'                             && dbt --version && deactivate                             && cd /tmp/example/dbt && *** /tmp/example/dbt/venv/bin/activate                             && dbt deps --profiles-dir /tmp/example/dbt/ && dbt seed --profiles-dir /tmp/example/dbt/                             && dbt run --models example --profiles-dir /tmp/example/dbt/"]
[2022-06-13 19:37:24,891] {subprocess.py:85} INFO - Output:
[2022-06-13 19:37:59,873] {subprocess.py:92} INFO - Core:
[2022-06-13 19:37:59,874] {subprocess.py:92} INFO -   - installed: 1.1.0
[2022-06-13 19:37:59,874] {subprocess.py:92} INFO -   - latest:    1.1.0 - [32mUp to date![0m
[2022-06-13 19:37:59,874] {subprocess.py:92} INFO - 
[2022-06-13 19:37:59,874] {subprocess.py:92} INFO - Plugins:
[2022-06-13 19:37:59,874] {subprocess.py:92} INFO -   - postgres: 1.1.0 - [32mUp to date![0m
[2022-06-13 19:38:02,492] {subprocess.py:92} INFO - [0m19:38:02  Running with dbt=1.1.0
[2022-06-13 19:38:02,493] {subprocess.py:92} INFO - [0m19:38:02  Warning: No packages were found in packages.yml
[2022-06-13 19:38:05,353] {subprocess.py:92} INFO - [0m19:38:05  Running with dbt=1.1.0
[2022-06-13 19:38:05,368] {subprocess.py:92} INFO - [0m19:38:05  Partial parse save file not found. Starting full parse.
[2022-06-13 19:38:06,154] {subprocess.py:92} INFO - [0m19:38:06  [WARNING]: Configuration paths exist in your dbt_project.yml file which do not apply to any re***s.
[2022-06-13 19:38:06,154] {subprocess.py:92} INFO - There are 1 unused configuration paths:
[2022-06-13 19:38:06,154] {subprocess.py:92} INFO - - seeds.SAM
[2022-06-13 19:38:06,154] {subprocess.py:92} INFO - 
[2022-06-13 19:38:06,170] {subprocess.py:92} INFO - [0m19:38:06  Found 7 models, 6 tests, 0 snapshots, 0 analyses, 172 macros, 6 operations, 0 seed files, 4 ***s, 0 exposures, 0 metrics
[2022-06-13 19:38:06,172] {subprocess.py:92} INFO - [0m19:38:06
[2022-06-13 19:38:06,172] {subprocess.py:92} INFO - [0m19:38:06  [WARNING]: Nothing to do. Try checking your model configs and model specification args
[2022-06-13 19:38:06,179] {subprocess.py:92} INFO - [0m19:38:06
[2022-06-13 19:38:06,179] {subprocess.py:92} INFO - [0m19:38:06  Completed successfully
[2022-06-13 19:38:06,180] {subprocess.py:92} INFO - [0m19:38:06
[2022-06-13 19:38:06,180] {subprocess.py:92} INFO - [0m19:38:06  Done. PASS=0 WARN=0 ERROR=0 SKIP=0 TOTAL=0
[2022-06-13 19:38:09,274] {subprocess.py:92} INFO - [0m19:38:09  Running with dbt=1.1.0
[2022-06-13 19:38:09,308] {subprocess.py:92} INFO - [0m19:38:09  [WARNING]: Configuration paths exist in your dbt_project.yml file which do not apply to any re***s.
[2022-06-13 19:38:09,308] {subprocess.py:92} INFO - There are 1 unused configuration paths:
[2022-06-13 19:38:09,308] {subprocess.py:92} INFO - - seeds.SAM
[2022-06-13 19:38:09,308] {subprocess.py:92} INFO - 
[2022-06-13 19:38:09,322] {subprocess.py:92} INFO - [0m19:38:09  Found 7 models, 6 tests, 0 snapshots, 0 analyses, 172 macros, 6 operations, 0 seed files, 4 ***s, 0 exposures, 0 metrics
[2022-06-13 19:38:09,324] {subprocess.py:92} INFO - [0m19:38:09
[2022-06-13 19:38:09,386] {subprocess.py:92} INFO - [0m19:38:09  Concurrency: 4 threads (target='dev')
[2022-06-13 19:38:09,386] {subprocess.py:92} INFO - [0m19:38:09
[2022-06-13 19:38:09,393] {subprocess.py:92} INFO - [0m19:38:09  1 of 2 START table model analytics_objects.my_first_dbt_model .................. [RUN]
[2022-06-13 19:38:09,473] {subprocess.py:92} INFO - [0m19:38:09  1 of 2 OK created table model analytics_objects.my_first_dbt_model ............. [SELECT 2 in 0.08s]
[2022-06-13 19:38:09,475] {subprocess.py:92} INFO - [0m19:38:09  2 of 2 START view model analytics_objects.my_second_dbt_model .................. [RUN]
[2022-06-13 19:38:09,535] {subprocess.py:92} INFO - [0m19:38:09  2 of 2 OK created view model analytics_objects.my_second_dbt_model ............. [CREATE VIEW in 0.06s]
[2022-06-13 19:38:09,608] {subprocess.py:92} INFO - [0m19:38:09
[2022-06-13 19:38:09,608] {subprocess.py:92} INFO - [0m19:38:09  Running 6 on-run-end hooks
[2022-06-13 19:38:09,614] {subprocess.py:92} INFO - [0m19:38:09  1 of 6 START hook: SAM.on-run-end.0 ............................................ [RUN]
[2022-06-13 19:38:09,617] {subprocess.py:92} INFO - [0m19:38:09  1 of 6 OK hook: SAM.on-run-end.0 ............................................... [ALTER DEFAULT PRIVILEGES in 0.00s]
[2022-06-13 19:38:09,621] {subprocess.py:92} INFO - [0m19:38:09  2 of 6 START hook: SAM.on-run-end.1 ............................................ [RUN]
[2022-06-13 19:38:09,623] {subprocess.py:92} INFO - [0m19:38:09  2 of 6 OK hook: SAM.on-run-end.1 ............................................... [ALTER DEFAULT PRIVILEGES in 0.00s]
[2022-06-13 19:38:09,627] {subprocess.py:92} INFO - [0m19:38:09  3 of 6 START hook: SAM.on-run-end.2 ............................................ [RUN]
[2022-06-13 19:38:09,629] {subprocess.py:92} INFO - [0m19:38:09  3 of 6 OK hook: SAM.on-run-end.2 ............................................... [ALTER DEFAULT PRIVILEGES in 0.00s]
[2022-06-13 19:38:09,633] {subprocess.py:92} INFO - [0m19:38:09  4 of 6 START hook: SAM.on-run-end.3 ............................................ [RUN]
[2022-06-13 19:38:09,636] {subprocess.py:92} INFO - [0m19:38:09  4 of 6 OK hook: SAM.on-run-end.3 ............................................... [ALTER DEFAULT PRIVILEGES in 0.00s]
[2022-06-13 19:38:09,640] {subprocess.py:92} INFO - [0m19:38:09  5 of 6 START hook: SAM.on-run-end.4 ............................................ [RUN]
[2022-06-13 19:38:09,642] {subprocess.py:92} INFO - [0m19:38:09  5 of 6 OK hook: SAM.on-run-end.4 ............................................... [ALTER DEFAULT PRIVILEGES in 0.00s]
[2022-06-13 19:38:09,645] {subprocess.py:92} INFO - [0m19:38:09  6 of 6 START hook: SAM.on-run-end.5 ............................................ [RUN]
[2022-06-13 19:38:09,648] {subprocess.py:92} INFO - [0m19:38:09  6 of 6 OK hook: SAM.on-run-end.5 ............................................... [ALTER DEFAULT PRIVILEGES in 0.00s]
[2022-06-13 19:38:09,648] {subprocess.py:92} INFO - [0m19:38:09
[2022-06-13 19:38:09,649] {subprocess.py:92} INFO - [0m19:38:09
[2022-06-13 19:38:09,649] {subprocess.py:92} INFO - [0m19:38:09  Finished running 1 table model, 1 view model, 6 hooks in 0.32s.
[2022-06-13 19:38:09,656] {subprocess.py:92} INFO - [0m19:38:09
[2022-06-13 19:38:09,656] {subprocess.py:92} INFO - [0m19:38:09  Completed successfully
[2022-06-13 19:38:09,657] {subprocess.py:92} INFO - [0m19:38:09
[2022-06-13 19:38:09,657] {subprocess.py:92} INFO - [0m19:38:09  Done. PASS=2 WARN=0 ERROR=0 SKIP=0 TOTAL=2
[2022-06-13 19:38:09,814] {subprocess.py:96} INFO - Command exited with return code 0
[2022-06-13 19:38:09,843] {taskinstance.py:1400} INFO - Marking task as SUCCESS. dag_id=T-dbt-job-example, task_id=dbt_clone_and_transform-example, execution_date=20220613T173724, start_date=20220613T193724, end_date=20220613T193809
[2022-06-13 19:38:09,877] {local_task_job.py:156} INFO - Task exited with return code 0
[2022-06-13 19:38:09,905] {local_task_job.py:273} INFO - 1 downstream tasks scheduled from follow-on schedule check
