[2022-06-11 17:09:37,498] {taskinstance.py:1159} INFO - Dependencies all met for <TaskInstance: T-dbt-job-objects.dbt_cleanup-objects scheduled__2022-06-11T14:52:39.331964+00:00 [queued]>
[2022-06-11 17:09:37,510] {taskinstance.py:1159} INFO - Dependencies all met for <TaskInstance: T-dbt-job-objects.dbt_cleanup-objects scheduled__2022-06-11T14:52:39.331964+00:00 [queued]>
[2022-06-11 17:09:37,510] {taskinstance.py:1356} INFO - 
--------------------------------------------------------------------------------
[2022-06-11 17:09:37,510] {taskinstance.py:1357} INFO - Starting attempt 1 of 2
[2022-06-11 17:09:37,510] {taskinstance.py:1358} INFO - 
--------------------------------------------------------------------------------
[2022-06-11 17:09:37,525] {taskinstance.py:1377} INFO - Executing <Task(BashOperator): dbt_cleanup-objects> on 2022-06-11 14:52:39.331964+00:00
[2022-06-11 17:09:37,534] {standard_task_runner.py:52} INFO - Started process 709 to run task
[2022-06-11 17:09:37,538] {standard_task_runner.py:79} INFO - Running: ['airflow', 'tasks', 'run', 'T-dbt-job-objects', 'dbt_cleanup-objects', 'scheduled__2022-06-11T14:52:39.331964+00:00', '--job-id', '47', '--raw', '--subdir', 'DAGS_FOLDER/docker_job/dbt_test.py', '--cfg-path', '/tmp/tmpn3wnbxrc', '--error-file', '/tmp/tmpy0tlb9ul']
[2022-06-11 17:09:37,539] {standard_task_runner.py:80} INFO - Job 47: Subtask dbt_cleanup-objects
[2022-06-11 17:09:37,552] {warnings.py:110} WARNING - /home/airflow/.local/lib/python3.7/site-packages/airflow/configuration.py:525: DeprecationWarning: The sql_alchemy_conn option in [core] has been moved to the sql_alchemy_conn option in [database] - the old setting has been used, but please update your config.
  option = self._get_environment_variables(deprecated_key, deprecated_section, key, section)

[2022-06-11 17:09:37,602] {task_command.py:370} INFO - Running <TaskInstance: T-dbt-job-objects.dbt_cleanup-objects scheduled__2022-06-11T14:52:39.331964+00:00 [running]> on host d8836eb746ac
[2022-06-11 17:09:37,702] {taskinstance.py:1571} INFO - Exporting the following env vars:
AIRFLOW_CTX_DAG_EMAIL=samuelolle@yahoo.com
AIRFLOW_CTX_DAG_OWNER=airflow
AIRFLOW_CTX_DAG_ID=T-dbt-job-objects
AIRFLOW_CTX_TASK_ID=dbt_cleanup-objects
AIRFLOW_CTX_EXECUTION_DATE=2022-06-11T14:52:39.331964+00:00
AIRFLOW_CTX_TRY_NUMBER=1
AIRFLOW_CTX_DAG_RUN_ID=scheduled__2022-06-11T14:52:39.331964+00:00
[2022-06-11 17:09:37,703] {subprocess.py:62} INFO - Tmp dir root location: 
 /tmp
[2022-06-11 17:09:37,704] {subprocess.py:74} INFO - Running command: ['bash', '-c', 'rm -rf /tmp/objects && rm -rf /tmp/tmp* 2>/dev/null || exit 0']
[2022-06-11 17:09:37,721] {subprocess.py:85} INFO - Output:
[2022-06-11 17:09:37,856] {subprocess.py:96} INFO - Command exited with return code 0
[2022-06-11 17:09:37,891] {taskinstance.py:1400} INFO - Marking task as SUCCESS. dag_id=T-dbt-job-objects, task_id=dbt_cleanup-objects, execution_date=20220611T145239, start_date=20220611T170937, end_date=20220611T170937
[2022-06-11 17:09:37,913] {local_task_job.py:156} INFO - Task exited with return code 0
[2022-06-11 17:09:37,945] {local_task_job.py:273} INFO - 0 downstream tasks scheduled from follow-on schedule check
