[2022-06-14 03:09:56,781] {taskinstance.py:1159} INFO - Dependencies all met for <TaskInstance: T-dbt-job-dimensions.dbt_clone_and_transform-dimensions scheduled__2022-06-14T01:09:56.320242+00:00 [queued]>
[2022-06-14 03:09:56,790] {taskinstance.py:1159} INFO - Dependencies all met for <TaskInstance: T-dbt-job-dimensions.dbt_clone_and_transform-dimensions scheduled__2022-06-14T01:09:56.320242+00:00 [queued]>
[2022-06-14 03:09:56,790] {taskinstance.py:1356} INFO - 
--------------------------------------------------------------------------------
[2022-06-14 03:09:56,790] {taskinstance.py:1357} INFO - Starting attempt 1 of 2
[2022-06-14 03:09:56,790] {taskinstance.py:1358} INFO - 
--------------------------------------------------------------------------------
[2022-06-14 03:09:56,804] {taskinstance.py:1377} INFO - Executing <Task(BashOperator): dbt_clone_and_transform-dimensions> on 2022-06-14 01:09:56.320242+00:00
[2022-06-14 03:09:56,809] {standard_task_runner.py:52} INFO - Started process 1543 to run task
[2022-06-14 03:09:56,812] {standard_task_runner.py:79} INFO - Running: ['airflow', 'tasks', 'run', 'T-dbt-job-dimensions', 'dbt_clone_and_transform-dimensions', 'scheduled__2022-06-14T01:09:56.320242+00:00', '--job-id', '175', '--raw', '--subdir', 'DAGS_FOLDER/docker_job/dbt_model.py', '--cfg-path', '/tmp/tmpbr33kk62', '--error-file', '/tmp/tmpemqbjs67']
[2022-06-14 03:09:56,812] {standard_task_runner.py:80} INFO - Job 175: Subtask dbt_clone_and_transform-dimensions
[2022-06-14 03:09:56,824] {warnings.py:110} WARNING - /home/airflow/.local/lib/python3.7/site-packages/airflow/configuration.py:525: DeprecationWarning: The sql_alchemy_conn option in [core] has been moved to the sql_alchemy_conn option in [database] - the old setting has been used, but please update your config.
  option = self._get_environment_variables(deprecated_key, deprecated_section, key, section)

[2022-06-14 03:09:56,863] {task_command.py:370} INFO - Running <TaskInstance: T-dbt-job-dimensions.dbt_clone_and_transform-dimensions scheduled__2022-06-14T01:09:56.320242+00:00 [running]> on host 8425e4f159a6
[2022-06-14 03:09:56,929] {taskinstance.py:1571} INFO - Exporting the following env vars:
AIRFLOW_CTX_DAG_EMAIL=samuelolle@yahoo.com
AIRFLOW_CTX_DAG_OWNER=airflow
AIRFLOW_CTX_DAG_ID=T-dbt-job-dimensions
AIRFLOW_CTX_TASK_ID=dbt_clone_and_transform-dimensions
AIRFLOW_CTX_EXECUTION_DATE=2022-06-14T01:09:56.320242+00:00
AIRFLOW_CTX_TRY_NUMBER=1
AIRFLOW_CTX_DAG_RUN_ID=scheduled__2022-06-14T01:09:56.320242+00:00
[2022-06-14 03:09:56,930] {subprocess.py:62} INFO - Tmp dir root location: 
 /tmp
[2022-06-14 03:09:56,930] {subprocess.py:74} INFO - Running command: ['bash', '-c', " rm -rf /tmp/dimensions && mkdir /tmp/dimensions                            && cp -r /tmp/dbt /tmp/dimensions/dbt                             && cd /tmp/dimensions/dbt && python3 -m venv venv                             && export PIP_USER=false                             && *** /tmp/dimensions/dbt/venv/bin/activate                             && pip  install --quiet --upgrade pip setuptools                             && pip3 install --quiet 'MarkupSafe<=2.0.1' 'dbt-postgres' 'dbt-core'                             && dbt --version && deactivate                             && cd /tmp/dimensions/dbt && *** /tmp/dimensions/dbt/venv/bin/activate                             && dbt deps --profiles-dir /tmp/dimensions/dbt/ && dbt seed --profiles-dir /tmp/dimensions/dbt/                             && dbt run --models dimensions --profiles-dir /tmp/dimensions/dbt/"]
[2022-06-14 03:09:56,948] {subprocess.py:85} INFO - Output:
[2022-06-14 03:10:30,981] {subprocess.py:92} INFO - Core:
[2022-06-14 03:10:30,982] {subprocess.py:92} INFO -   - installed: 1.1.0
[2022-06-14 03:10:30,982] {subprocess.py:92} INFO -   - latest:    1.1.0 - [32mUp to date![0m
[2022-06-14 03:10:30,982] {subprocess.py:92} INFO - 
[2022-06-14 03:10:30,982] {subprocess.py:92} INFO - Plugins:
[2022-06-14 03:10:30,982] {subprocess.py:92} INFO -   - postgres: 1.1.0 - [32mUp to date![0m
[2022-06-14 03:10:33,673] {subprocess.py:92} INFO - [0m03:10:33  Running with dbt=1.1.0
[2022-06-14 03:10:33,674] {subprocess.py:92} INFO - [0m03:10:33  Warning: No packages were found in packages.yml
[2022-06-14 03:10:36,414] {subprocess.py:92} INFO - [0m03:10:36  Running with dbt=1.1.0
[2022-06-14 03:10:36,428] {subprocess.py:92} INFO - [0m03:10:36  Partial parse save file not found. Starting full parse.
[2022-06-14 03:10:37,039] {subprocess.py:92} INFO - [0m03:10:37  [WARNING]: Configuration paths exist in your dbt_project.yml file which do not apply to any re***s.
[2022-06-14 03:10:37,039] {subprocess.py:92} INFO - There are 1 unused configuration paths:
[2022-06-14 03:10:37,039] {subprocess.py:92} INFO - - seeds.SAM
[2022-06-14 03:10:37,039] {subprocess.py:92} INFO - 
[2022-06-14 03:10:37,050] {subprocess.py:92} INFO - [0m03:10:37  Found 7 models, 6 tests, 0 snapshots, 0 analyses, 172 macros, 6 operations, 0 seed files, 4 ***s, 0 exposures, 0 metrics
[2022-06-14 03:10:37,052] {subprocess.py:92} INFO - [0m03:10:37
[2022-06-14 03:10:37,052] {subprocess.py:92} INFO - [0m03:10:37  [WARNING]: Nothing to do. Try checking your model configs and model specification args
[2022-06-14 03:10:37,058] {subprocess.py:92} INFO - [0m03:10:37
[2022-06-14 03:10:37,058] {subprocess.py:92} INFO - [0m03:10:37  Completed successfully
[2022-06-14 03:10:37,058] {subprocess.py:92} INFO - [0m03:10:37
[2022-06-14 03:10:37,059] {subprocess.py:92} INFO - [0m03:10:37  Done. PASS=0 WARN=0 ERROR=0 SKIP=0 TOTAL=0
[2022-06-14 03:10:39,815] {subprocess.py:92} INFO - [0m03:10:39  Running with dbt=1.1.0
[2022-06-14 03:10:39,852] {subprocess.py:92} INFO - [0m03:10:39  [WARNING]: Configuration paths exist in your dbt_project.yml file which do not apply to any re***s.
[2022-06-14 03:10:39,852] {subprocess.py:92} INFO - There are 1 unused configuration paths:
[2022-06-14 03:10:39,852] {subprocess.py:92} INFO - - seeds.SAM
[2022-06-14 03:10:39,852] {subprocess.py:92} INFO - 
[2022-06-14 03:10:39,865] {subprocess.py:92} INFO - [0m03:10:39  Found 7 models, 6 tests, 0 snapshots, 0 analyses, 172 macros, 6 operations, 0 seed files, 4 ***s, 0 exposures, 0 metrics
[2022-06-14 03:10:39,867] {subprocess.py:92} INFO - [0m03:10:39
[2022-06-14 03:10:39,927] {subprocess.py:92} INFO - [0m03:10:39  Concurrency: 4 threads (target='dev')
[2022-06-14 03:10:39,928] {subprocess.py:92} INFO - [0m03:10:39
[2022-06-14 03:10:39,934] {subprocess.py:92} INFO - [0m03:10:39  1 of 3 START table model analytics_dim.dim_date ................................ [RUN]
[2022-06-14 03:10:39,939] {subprocess.py:92} INFO - [0m03:10:39  2 of 3 START incremental model analytics_dim.dim_users ......................... [RUN]
[2022-06-14 03:10:39,946] {subprocess.py:92} INFO - [0m03:10:39  3 of 3 START incremental model analytics_dim.dim_walls ......................... [RUN]
[2022-06-14 03:10:40,164] {subprocess.py:92} INFO - [0m03:10:40  3 of 3 OK created incremental model analytics_dim.dim_walls .................... [INSERT 0 0 in 0.22s]
[2022-06-14 03:10:40,166] {subprocess.py:92} INFO - [0m03:10:40  1 of 3 OK created table model analytics_dim.dim_date ........................... [SELECT 546 in 0.23s]
[2022-06-14 03:10:40,167] {subprocess.py:92} INFO - [0m03:10:40  2 of 3 OK created incremental model analytics_dim.dim_users .................... [INSERT 0 0 in 0.23s]
[2022-06-14 03:10:40,256] {subprocess.py:92} INFO - [0m03:10:40
[2022-06-14 03:10:40,257] {subprocess.py:92} INFO - [0m03:10:40  Running 6 on-run-end hooks
[2022-06-14 03:10:40,262] {subprocess.py:92} INFO - [0m03:10:40  1 of 6 START hook: SAM.on-run-end.0 ............................................ [RUN]
[2022-06-14 03:10:40,265] {subprocess.py:92} INFO - [0m03:10:40  1 of 6 OK hook: SAM.on-run-end.0 ............................................... [ALTER DEFAULT PRIVILEGES in 0.00s]
[2022-06-14 03:10:40,270] {subprocess.py:92} INFO - [0m03:10:40  2 of 6 START hook: SAM.on-run-end.1 ............................................ [RUN]
[2022-06-14 03:10:40,273] {subprocess.py:92} INFO - [0m03:10:40  2 of 6 OK hook: SAM.on-run-end.1 ............................................... [ALTER DEFAULT PRIVILEGES in 0.00s]
[2022-06-14 03:10:40,276] {subprocess.py:92} INFO - [0m03:10:40  3 of 6 START hook: SAM.on-run-end.2 ............................................ [RUN]
[2022-06-14 03:10:40,279] {subprocess.py:92} INFO - [0m03:10:40  3 of 6 OK hook: SAM.on-run-end.2 ............................................... [ALTER DEFAULT PRIVILEGES in 0.00s]
[2022-06-14 03:10:40,282] {subprocess.py:92} INFO - [0m03:10:40  4 of 6 START hook: SAM.on-run-end.3 ............................................ [RUN]
[2022-06-14 03:10:40,285] {subprocess.py:92} INFO - [0m03:10:40  4 of 6 OK hook: SAM.on-run-end.3 ............................................... [ALTER DEFAULT PRIVILEGES in 0.00s]
[2022-06-14 03:10:40,288] {subprocess.py:92} INFO - [0m03:10:40  5 of 6 START hook: SAM.on-run-end.4 ............................................ [RUN]
[2022-06-14 03:10:40,290] {subprocess.py:92} INFO - [0m03:10:40  5 of 6 OK hook: SAM.on-run-end.4 ............................................... [ALTER DEFAULT PRIVILEGES in 0.00s]
[2022-06-14 03:10:40,294] {subprocess.py:92} INFO - [0m03:10:40  6 of 6 START hook: SAM.on-run-end.5 ............................................ [RUN]
[2022-06-14 03:10:40,296] {subprocess.py:92} INFO - [0m03:10:40  6 of 6 OK hook: SAM.on-run-end.5 ............................................... [ALTER DEFAULT PRIVILEGES in 0.00s]
[2022-06-14 03:10:40,297] {subprocess.py:92} INFO - [0m03:10:40
[2022-06-14 03:10:40,298] {subprocess.py:92} INFO - [0m03:10:40
[2022-06-14 03:10:40,299] {subprocess.py:92} INFO - [0m03:10:40  Finished running 2 incremental models, 1 table model, 6 hooks in 0.43s.
[2022-06-14 03:10:40,305] {subprocess.py:92} INFO - [0m03:10:40
[2022-06-14 03:10:40,306] {subprocess.py:92} INFO - [0m03:10:40  Completed successfully
[2022-06-14 03:10:40,306] {subprocess.py:92} INFO - [0m03:10:40
[2022-06-14 03:10:40,306] {subprocess.py:92} INFO - [0m03:10:40  Done. PASS=3 WARN=0 ERROR=0 SKIP=0 TOTAL=3
[2022-06-14 03:10:40,496] {subprocess.py:96} INFO - Command exited with return code 0
[2022-06-14 03:10:40,529] {taskinstance.py:1400} INFO - Marking task as SUCCESS. dag_id=T-dbt-job-dimensions, task_id=dbt_clone_and_transform-dimensions, execution_date=20220614T010956, start_date=20220614T030956, end_date=20220614T031040
[2022-06-14 03:10:40,561] {local_task_job.py:156} INFO - Task exited with return code 0
[2022-06-14 03:10:40,605] {local_task_job.py:273} INFO - 1 downstream tasks scheduled from follow-on schedule check
