[2022-06-11 18:58:47,256] {taskinstance.py:1159} INFO - Dependencies all met for <TaskInstance: T-dbt-job-objects.dbt_cleanup-objects manual__2022-06-11T18:57:59.266373+00:00 [queued]>
[2022-06-11 18:58:47,266] {taskinstance.py:1159} INFO - Dependencies all met for <TaskInstance: T-dbt-job-objects.dbt_cleanup-objects manual__2022-06-11T18:57:59.266373+00:00 [queued]>
[2022-06-11 18:58:47,266] {taskinstance.py:1356} INFO - 
--------------------------------------------------------------------------------
[2022-06-11 18:58:47,266] {taskinstance.py:1357} INFO - Starting attempt 1 of 2
[2022-06-11 18:58:47,266] {taskinstance.py:1358} INFO - 
--------------------------------------------------------------------------------
[2022-06-11 18:58:47,278] {taskinstance.py:1377} INFO - Executing <Task(BashOperator): dbt_cleanup-objects> on 2022-06-11 18:57:59.266373+00:00
[2022-06-11 18:58:47,285] {standard_task_runner.py:52} INFO - Started process 1956 to run task
[2022-06-11 18:58:47,288] {standard_task_runner.py:79} INFO - Running: ['airflow', 'tasks', 'run', 'T-dbt-job-objects', 'dbt_cleanup-objects', 'manual__2022-06-11T18:57:59.266373+00:00', '--job-id', '114', '--raw', '--subdir', 'DAGS_FOLDER/docker_job/dbt_model.py', '--cfg-path', '/tmp/tmp7h9wee5r', '--error-file', '/tmp/tmp8pgj092m']
[2022-06-11 18:58:47,289] {standard_task_runner.py:80} INFO - Job 114: Subtask dbt_cleanup-objects
[2022-06-11 18:58:47,339] {task_command.py:370} INFO - Running <TaskInstance: T-dbt-job-objects.dbt_cleanup-objects manual__2022-06-11T18:57:59.266373+00:00 [running]> on host d8836eb746ac
[2022-06-11 18:58:47,406] {taskinstance.py:1571} INFO - Exporting the following env vars:
AIRFLOW_CTX_DAG_EMAIL=samuelolle@yahoo.com
AIRFLOW_CTX_DAG_OWNER=airflow
AIRFLOW_CTX_DAG_ID=T-dbt-job-objects
AIRFLOW_CTX_TASK_ID=dbt_cleanup-objects
AIRFLOW_CTX_EXECUTION_DATE=2022-06-11T18:57:59.266373+00:00
AIRFLOW_CTX_TRY_NUMBER=1
AIRFLOW_CTX_DAG_RUN_ID=manual__2022-06-11T18:57:59.266373+00:00
[2022-06-11 18:58:47,408] {subprocess.py:62} INFO - Tmp dir root location: 
 /tmp
[2022-06-11 18:58:47,408] {subprocess.py:74} INFO - Running command: ['bash', '-c', 'rm -rf /tmp/objects && rm -rf /tmp/tmp* 2>/dev/null || exit 0']
[2022-06-11 18:58:47,425] {subprocess.py:85} INFO - Output:
[2022-06-11 18:58:47,552] {subprocess.py:96} INFO - Command exited with return code 0
[2022-06-11 18:58:47,582] {taskinstance.py:1400} INFO - Marking task as SUCCESS. dag_id=T-dbt-job-objects, task_id=dbt_cleanup-objects, execution_date=20220611T185759, start_date=20220611T185847, end_date=20220611T185847
[2022-06-11 18:58:47,623] {local_task_job.py:156} INFO - Task exited with return code 0
[2022-06-11 18:58:47,654] {local_task_job.py:273} INFO - 0 downstream tasks scheduled from follow-on schedule check
