[2022-06-17 20:17:53,405] {taskinstance.py:1159} INFO - Dependencies all met for <TaskInstance: Job-pts.pts-Papple-iphone-xr-64gb-schwarz_h_6260 manual__2022-06-17T20:12:59.782916+00:00 [queued]>
[2022-06-17 20:17:53,418] {taskinstance.py:1159} INFO - Dependencies all met for <TaskInstance: Job-pts.pts-Papple-iphone-xr-64gb-schwarz_h_6260 manual__2022-06-17T20:12:59.782916+00:00 [queued]>
[2022-06-17 20:17:53,419] {taskinstance.py:1356} INFO - 
--------------------------------------------------------------------------------
[2022-06-17 20:17:53,419] {taskinstance.py:1357} INFO - Starting attempt 2 of 6
[2022-06-17 20:17:53,419] {taskinstance.py:1358} INFO - 
--------------------------------------------------------------------------------
[2022-06-17 20:17:53,436] {taskinstance.py:1377} INFO - Executing <Task(PythonOperator): pts-Papple-iphone-xr-64gb-schwarz_h_6260> on 2022-06-17 20:12:59.782916+00:00
[2022-06-17 20:17:53,453] {standard_task_runner.py:52} INFO - Started process 703 to run task
[2022-06-17 20:17:53,482] {standard_task_runner.py:79} INFO - Running: ['airflow', 'tasks', 'run', 'Job-pts', 'pts-Papple-iphone-xr-64gb-schwarz_h_6260', 'manual__2022-06-17T20:12:59.782916+00:00', '--job-id', '308', '--raw', '--subdir', 'DAGS_FOLDER/docker_job/price_scale.py', '--cfg-path', '/tmp/tmplk9i07rc', '--error-file', '/tmp/tmplb955qpi']
[2022-06-17 20:17:53,482] {standard_task_runner.py:80} INFO - Job 308: Subtask pts-Papple-iphone-xr-64gb-schwarz_h_6260
[2022-06-17 20:17:53,625] {task_command.py:370} INFO - Running <TaskInstance: Job-pts.pts-Papple-iphone-xr-64gb-schwarz_h_6260 manual__2022-06-17T20:12:59.782916+00:00 [running]> on host 2d9e52ec85d2
[2022-06-17 20:17:53,797] {taskinstance.py:1571} INFO - Exporting the following env vars:
AIRFLOW_CTX_DAG_EMAIL=samuel.momoh-olle@asgoodasnew.com
AIRFLOW_CTX_DAG_OWNER=airflow
AIRFLOW_CTX_DAG_ID=Job-pts
AIRFLOW_CTX_TASK_ID=pts-Papple-iphone-xr-64gb-schwarz_h_6260
AIRFLOW_CTX_EXECUTION_DATE=2022-06-17T20:12:59.782916+00:00
AIRFLOW_CTX_TRY_NUMBER=2
AIRFLOW_CTX_DAG_RUN_ID=manual__2022-06-17T20:12:59.782916+00:00
[2022-06-17 20:17:54,956] {logging_mixin.py:115} INFO - ['https://www.handyverkauf.net/apple-iphone-x-64gb-space-grau_h_5143', 'https://www.handyverkauf.net/apple-iphone-x-256gb-space-grau_h_5145', 'https://www.handyverkauf.net/apple-iphone-xs-64gb-space-grau_h_6242', 'https://www.handyverkauf.net/apple-iphone-xs-256gb-space-grau_h_6245', 'https://www.handyverkauf.net/apple-iphone-xs-512gb-space-grau_h_6248', 'https://www.handyverkauf.net/apple-iphone-xs-max-64gb-space-grau_h_6251', 'https://www.handyverkauf.net/apple-iphone-xs-max-256gb-space-grau_h_6254', 'https://www.handyverkauf.net/apple-iphone-xs-max-512gb-space-grau_h_6257', 'https://www.handyverkauf.net/apple-iphone-xr-64gb-schwarz_h_6260', 'https://www.handyverkauf.net/apple-iphone-xr-128gb-schwarz_h_6266']
[2022-06-17 20:17:59,129] {logging_mixin.py:115} INFO - Message: invalid argument: 'url' must be a string
  (Session info: headless chrome=102.0.5005.115)
Stacktrace:
#0 0x55a6e8ae4f33 <unknown>
#1 0x55a6e882f118 <unknown>
#2 0x55a6e8896aa1 <unknown>
#3 0x55a6e8882f72 <unknown>
#4 0x55a6e88962e4 <unknown>
#5 0x55a6e8882e63 <unknown>
#6 0x55a6e885882a <unknown>
#7 0x55a6e8859985 <unknown>
#8 0x55a6e8b294cd <unknown>
#9 0x55a6e8b2d5ec <unknown>
#10 0x55a6e8b1371e <unknown>
#11 0x55a6e8b2e238 <unknown>
#12 0x55a6e8b08870 <unknown>
#13 0x55a6e8b4a608 <unknown>
#14 0x55a6e8b4a788 <unknown>
#15 0x55a6e8b64f1d <unknown>
#16 0x7f7327cbdea7 <unknown>
[2022-06-17 20:17:59,184] {logging_mixin.py:115} INFO - []
[2022-06-17 20:17:59,184] {python.py:173} INFO - Done. Returned value was: None
[2022-06-17 20:17:59,204] {taskinstance.py:1400} INFO - Marking task as SUCCESS. dag_id=Job-pts, task_id=pts-Papple-iphone-xr-64gb-schwarz_h_6260, execution_date=20220617T201259, start_date=20220617T201753, end_date=20220617T201759
[2022-06-17 20:17:59,260] {local_task_job.py:156} INFO - Task exited with return code 0
[2022-06-17 20:17:59,287] {local_task_job.py:273} INFO - 0 downstream tasks scheduled from follow-on schedule check
