[2022-06-16 08:12:41,160] {taskinstance.py:1159} INFO - Dependencies all met for <TaskInstance: Job-pts.pts scheduled__2022-06-16T05:31:58.805908+00:00 [queued]>
[2022-06-16 08:12:41,217] {taskinstance.py:1159} INFO - Dependencies all met for <TaskInstance: Job-pts.pts scheduled__2022-06-16T05:31:58.805908+00:00 [queued]>
[2022-06-16 08:12:41,238] {taskinstance.py:1356} INFO - 
--------------------------------------------------------------------------------
[2022-06-16 08:12:41,238] {taskinstance.py:1357} INFO - Starting attempt 3 of 6
[2022-06-16 08:12:41,238] {taskinstance.py:1358} INFO - 
--------------------------------------------------------------------------------
[2022-06-16 08:12:41,409] {taskinstance.py:1377} INFO - Executing <Task(PythonOperator): pts> on 2022-06-16 05:31:58.805908+00:00
[2022-06-16 08:12:41,493] {standard_task_runner.py:52} INFO - Started process 7069 to run task
[2022-06-16 08:12:41,651] {standard_task_runner.py:79} INFO - Running: ['airflow', 'tasks', 'run', 'Job-pts', 'pts', 'scheduled__2022-06-16T05:31:58.805908+00:00', '--job-id', '147', '--raw', '--subdir', 'DAGS_FOLDER/docker_job/price_scale.py', '--cfg-path', '/tmp/tmp_jcjbkjn', '--error-file', '/tmp/tmpyzwgh5a1']
[2022-06-16 08:12:41,653] {standard_task_runner.py:80} INFO - Job 147: Subtask pts
[2022-06-16 08:13:15,641] {warnings.py:110} WARNING - /home/airflow/.local/lib/python3.7/site-packages/airflow/configuration.py:525: DeprecationWarning: The sql_alchemy_conn option in [core] has been moved to the sql_alchemy_conn option in [database] - the old setting has been used, but please update your config.
  option = self._get_environment_variables(deprecated_key, deprecated_section, key, section)

[2022-06-16 08:13:58,911] {task_command.py:370} INFO - Running <TaskInstance: Job-pts.pts scheduled__2022-06-16T05:31:58.805908+00:00 [running]> on host 3c1ac2e19971
[2022-06-16 08:14:01,772] {taskinstance.py:1571} INFO - Exporting the following env vars:
AIRFLOW_CTX_DAG_EMAIL=samuel.momoh-olle@asgoodasnew.com
AIRFLOW_CTX_DAG_OWNER=airflow
AIRFLOW_CTX_DAG_ID=Job-pts
AIRFLOW_CTX_TASK_ID=pts
AIRFLOW_CTX_EXECUTION_DATE=2022-06-16T05:31:58.805908+00:00
AIRFLOW_CTX_TRY_NUMBER=3
AIRFLOW_CTX_DAG_RUN_ID=scheduled__2022-06-16T05:31:58.805908+00:00
[2022-06-16 08:14:01,933] {logging_mixin.py:115} INFO - /opt/airflow
[2022-06-16 08:15:05,139] {taskinstance.py:1889} ERROR - Task failed with exception
Traceback (most recent call last):
  File "/home/airflow/.local/lib/python3.7/site-packages/airflow/operators/python.py", line 171, in execute
    return_value = self.execute_callable()
  File "/home/airflow/.local/lib/python3.7/site-packages/airflow/operators/python.py", line 189, in execute_callable
    return self.python_callable(*self.op_args, **self.op_kwargs)
  File "/opt/airflow/dags/docker_job/price_scale.py", line 175, in run_from_class
    python_task.execute(dict())
  File "/home/airflow/.local/lib/python3.7/site-packages/airflow/operators/python.py", line 171, in execute
    return_value = self.execute_callable()
  File "/home/airflow/.local/lib/python3.7/site-packages/airflow/operators/python.py", line 189, in execute_callable
    return self.python_callable(*self.op_args, **self.op_kwargs)
  File "/opt/airflow/dags/docker_job/price_scale.py", line 115, in test
    ppd = ProductPriceData(driver=webdriver.Chrome(executable_path="dags/docker_job/chromedriver", options=options))
  File "/home/airflow/.local/lib/python3.7/site-packages/selenium/webdriver/chrome/webdriver.py", line 73, in __init__
    service_log_path, service, keep_alive)
  File "/home/airflow/.local/lib/python3.7/site-packages/selenium/webdriver/chromium/webdriver.py", line 98, in __init__
    options=options)
  File "/home/airflow/.local/lib/python3.7/site-packages/selenium/webdriver/remote/webdriver.py", line 275, in __init__
    self.start_session(capabilities, browser_profile)
  File "/home/airflow/.local/lib/python3.7/site-packages/selenium/webdriver/remote/webdriver.py", line 365, in start_session
    response = self.execute(Command.NEW_SESSION, parameters)
  File "/home/airflow/.local/lib/python3.7/site-packages/selenium/webdriver/remote/webdriver.py", line 430, in execute
    self.error_handler.check_response(response)
  File "/home/airflow/.local/lib/python3.7/site-packages/selenium/webdriver/remote/errorhandler.py", line 247, in check_response
    raise exception_class(message, screen, stacktrace)
selenium.common.exceptions.WebDriverException: Message: unknown error: DevToolsActivePort file doesn't exist
Stacktrace:
#0 0x55d6a254ef33 <unknown>
#1 0x55d6a2299118 <unknown>
#2 0x55d6a22bf282 <unknown>
#3 0x55d6a22bb7c6 <unknown>
#4 0x55d6a22b7d5a <unknown>
#5 0x55d6a22f2d3a <unknown>
#6 0x55d6a22ece63 <unknown>
#7 0x55d6a22c282a <unknown>
#8 0x55d6a22c3985 <unknown>
#9 0x55d6a25934cd <unknown>
#10 0x55d6a25975ec <unknown>
#11 0x55d6a257d71e <unknown>
#12 0x55d6a2598238 <unknown>
#13 0x55d6a2572870 <unknown>
#14 0x55d6a25b4608 <unknown>
#15 0x55d6a25b4788 <unknown>
#16 0x55d6a25cef1d <unknown>
#17 0x7f14f7a72ea7 <unknown>

[2022-06-16 08:15:07,004] {taskinstance.py:1400} INFO - Marking task as UP_FOR_RETRY. dag_id=Job-pts, task_id=pts, execution_date=20220616T053158, start_date=20220616T081241, end_date=20220616T081506
[2022-06-16 08:15:12,452] {standard_task_runner.py:97} ERROR - Failed to execute job 147 for task pts (Message: unknown error: DevToolsActivePort file doesn't exist
Stacktrace:
#0 0x55d6a254ef33 <unknown>
#1 0x55d6a2299118 <unknown>
#2 0x55d6a22bf282 <unknown>
#3 0x55d6a22bb7c6 <unknown>
#4 0x55d6a22b7d5a <unknown>
#5 0x55d6a22f2d3a <unknown>
#6 0x55d6a22ece63 <unknown>
#7 0x55d6a22c282a <unknown>
#8 0x55d6a22c3985 <unknown>
#9 0x55d6a25934cd <unknown>
#10 0x55d6a25975ec <unknown>
#11 0x55d6a257d71e <unknown>
#12 0x55d6a2598238 <unknown>
#13 0x55d6a2572870 <unknown>
#14 0x55d6a25b4608 <unknown>
#15 0x55d6a25b4788 <unknown>
#16 0x55d6a25cef1d <unknown>
#17 0x7f14f7a72ea7 <unknown>
; 7069)
[2022-06-16 08:15:19,743] {local_task_job.py:156} INFO - Task exited with return code 1
[2022-06-16 08:16:14,269] {local_task_job.py:273} INFO - 0 downstream tasks scheduled from follow-on schedule check
