[2022-06-19 18:08:06,927] {taskinstance.py:1159} INFO - Dependencies all met for <TaskInstance: Job-pts.pts-Papple-iphone-xs-256gb-space-grau_h_6245 scheduled__2022-06-19T01:11:07.661205+00:00 [queued]>
[2022-06-19 18:08:06,954] {taskinstance.py:1159} INFO - Dependencies all met for <TaskInstance: Job-pts.pts-Papple-iphone-xs-256gb-space-grau_h_6245 scheduled__2022-06-19T01:11:07.661205+00:00 [queued]>
[2022-06-19 18:08:06,955] {taskinstance.py:1356} INFO - 
--------------------------------------------------------------------------------
[2022-06-19 18:08:06,955] {taskinstance.py:1357} INFO - Starting attempt 2 of 6
[2022-06-19 18:08:06,955] {taskinstance.py:1358} INFO - 
--------------------------------------------------------------------------------
[2022-06-19 18:08:06,986] {taskinstance.py:1377} INFO - Executing <Task(PythonOperator): pts-Papple-iphone-xs-256gb-space-grau_h_6245> on 2022-06-19 01:11:07.661205+00:00
[2022-06-19 18:08:06,994] {standard_task_runner.py:52} INFO - Started process 783 to run task
[2022-06-19 18:08:07,046] {standard_task_runner.py:79} INFO - Running: ['airflow', 'tasks', 'run', 'Job-pts', 'pts-Papple-iphone-xs-256gb-space-grau_h_6245', 'scheduled__2022-06-19T01:11:07.661205+00:00', '--job-id', '604', '--raw', '--subdir', 'DAGS_FOLDER/docker_job/price_scale.py', '--cfg-path', '/tmp/tmpbozm__yc', '--error-file', '/tmp/tmpug9y1hze']
[2022-06-19 18:08:07,047] {standard_task_runner.py:80} INFO - Job 604: Subtask pts-Papple-iphone-xs-256gb-space-grau_h_6245
[2022-06-19 18:08:07,166] {warnings.py:110} WARNING - /home/airflow/.local/lib/python3.7/site-packages/airflow/configuration.py:525: DeprecationWarning: The sql_alchemy_conn option in [core] has been moved to the sql_alchemy_conn option in [database] - the old setting has been used, but please update your config.
  option = self._get_environment_variables(deprecated_key, deprecated_section, key, section)

[2022-06-19 18:08:07,316] {task_command.py:370} INFO - Running <TaskInstance: Job-pts.pts-Papple-iphone-xs-256gb-space-grau_h_6245 scheduled__2022-06-19T01:11:07.661205+00:00 [running]> on host 2d9e52ec85d2
[2022-06-19 18:08:07,460] {taskinstance.py:1571} INFO - Exporting the following env vars:
AIRFLOW_CTX_DAG_EMAIL=samuel.momoh-olle@asgoodasnew.com
AIRFLOW_CTX_DAG_OWNER=airflow
AIRFLOW_CTX_DAG_ID=Job-pts
AIRFLOW_CTX_TASK_ID=pts-Papple-iphone-xs-256gb-space-grau_h_6245
AIRFLOW_CTX_EXECUTION_DATE=2022-06-19T01:11:07.661205+00:00
AIRFLOW_CTX_TRY_NUMBER=2
AIRFLOW_CTX_DAG_RUN_ID=scheduled__2022-06-19T01:11:07.661205+00:00
[2022-06-19 18:08:08,780] {logging_mixin.py:115} INFO - ['https://www.handyverkauf.net/apple-iphone-x-64gb-space-grau_h_5143', 'https://www.handyverkauf.net/apple-iphone-x-256gb-space-grau_h_5145', 'https://www.handyverkauf.net/apple-iphone-xs-64gb-space-grau_h_6242', 'https://www.handyverkauf.net/apple-iphone-xs-256gb-space-grau_h_6245', 'https://www.handyverkauf.net/apple-iphone-xs-512gb-space-grau_h_6248', 'https://www.handyverkauf.net/apple-iphone-xs-max-64gb-space-grau_h_6251', 'https://www.handyverkauf.net/apple-iphone-xs-max-256gb-space-grau_h_6254', 'https://www.handyverkauf.net/apple-iphone-xs-max-512gb-space-grau_h_6257', 'https://www.handyverkauf.net/apple-iphone-xr-64gb-schwarz_h_6260', 'https://www.handyverkauf.net/apple-iphone-xr-128gb-schwarz_h_6266']
[2022-06-19 18:08:13,816] {logging_mixin.py:115} INFO - Message: invalid argument: 'url' must be a string
  (Session info: headless chrome=102.0.5005.115)
Stacktrace:
#0 0x562f1d17df33 <unknown>
#1 0x562f1cec8118 <unknown>
#2 0x562f1cf2faa1 <unknown>
#3 0x562f1cf1bf72 <unknown>
#4 0x562f1cf2f2e4 <unknown>
#5 0x562f1cf1be63 <unknown>
#6 0x562f1cef182a <unknown>
#7 0x562f1cef2985 <unknown>
#8 0x562f1d1c24cd <unknown>
#9 0x562f1d1c65ec <unknown>
#10 0x562f1d1ac71e <unknown>
#11 0x562f1d1c7238 <unknown>
#12 0x562f1d1a1870 <unknown>
#13 0x562f1d1e3608 <unknown>
#14 0x562f1d1e3788 <unknown>
#15 0x562f1d1fdf1d <unknown>
#16 0x7fda4d3faea7 <unknown>
[2022-06-19 18:08:13,870] {logging_mixin.py:115} INFO - []
[2022-06-19 18:08:13,870] {python.py:173} INFO - Done. Returned value was: None
[2022-06-19 18:08:13,884] {taskinstance.py:1400} INFO - Marking task as SUCCESS. dag_id=Job-pts, task_id=pts-Papple-iphone-xs-256gb-space-grau_h_6245, execution_date=20220619T011107, start_date=20220619T180806, end_date=20220619T180813
[2022-06-19 18:08:13,916] {local_task_job.py:156} INFO - Task exited with return code 0
[2022-06-19 18:08:13,993] {local_task_job.py:273} INFO - 0 downstream tasks scheduled from follow-on schedule check
