[2022-06-11 22:03:03,047] {taskinstance.py:1159} INFO - Dependencies all met for <TaskInstance: T-dbt-job-objects.dbt_clone_and_transform-objects scheduled__2022-06-11T20:03:02.628024+00:00 [queued]>
[2022-06-11 22:03:03,057] {taskinstance.py:1159} INFO - Dependencies all met for <TaskInstance: T-dbt-job-objects.dbt_clone_and_transform-objects scheduled__2022-06-11T20:03:02.628024+00:00 [queued]>
[2022-06-11 22:03:03,057] {taskinstance.py:1356} INFO - 
--------------------------------------------------------------------------------
[2022-06-11 22:03:03,057] {taskinstance.py:1357} INFO - Starting attempt 1 of 2
[2022-06-11 22:03:03,057] {taskinstance.py:1358} INFO - 
--------------------------------------------------------------------------------
[2022-06-11 22:03:03,072] {taskinstance.py:1377} INFO - Executing <Task(BashOperator): dbt_clone_and_transform-objects> on 2022-06-11 20:03:02.628024+00:00
[2022-06-11 22:03:03,078] {standard_task_runner.py:52} INFO - Started process 1334 to run task
[2022-06-11 22:03:03,081] {standard_task_runner.py:79} INFO - Running: ['airflow', 'tasks', 'run', 'T-dbt-job-objects', 'dbt_clone_and_transform-objects', 'scheduled__2022-06-11T20:03:02.628024+00:00', '--job-id', '43', '--raw', '--subdir', 'DAGS_FOLDER/docker_job/dbt_model.py', '--cfg-path', '/tmp/tmpmtr7e0t8', '--error-file', '/tmp/tmp9quad8fg']
[2022-06-11 22:03:03,082] {standard_task_runner.py:80} INFO - Job 43: Subtask dbt_clone_and_transform-objects
[2022-06-11 22:03:03,096] {warnings.py:110} WARNING - /home/airflow/.local/lib/python3.7/site-packages/airflow/configuration.py:525: DeprecationWarning: The sql_alchemy_conn option in [core] has been moved to the sql_alchemy_conn option in [database] - the old setting has been used, but please update your config.
  option = self._get_environment_variables(deprecated_key, deprecated_section, key, section)

[2022-06-11 22:03:03,139] {task_command.py:370} INFO - Running <TaskInstance: T-dbt-job-objects.dbt_clone_and_transform-objects scheduled__2022-06-11T20:03:02.628024+00:00 [running]> on host e926c0944008
[2022-06-11 22:03:03,211] {taskinstance.py:1571} INFO - Exporting the following env vars:
AIRFLOW_CTX_DAG_EMAIL=samuelolle@yahoo.com
AIRFLOW_CTX_DAG_OWNER=airflow
AIRFLOW_CTX_DAG_ID=T-dbt-job-objects
AIRFLOW_CTX_TASK_ID=dbt_clone_and_transform-objects
AIRFLOW_CTX_EXECUTION_DATE=2022-06-11T20:03:02.628024+00:00
AIRFLOW_CTX_TRY_NUMBER=1
AIRFLOW_CTX_DAG_RUN_ID=scheduled__2022-06-11T20:03:02.628024+00:00
[2022-06-11 22:03:03,212] {subprocess.py:62} INFO - Tmp dir root location: 
 /tmp
[2022-06-11 22:03:03,212] {subprocess.py:74} INFO - Running command: ['bash', '-c', " rm -rf /tmp/objects && mkdir /tmp/objects                            && cp -r /tmp/dbt /tmp/objects/dbt                             && cd /tmp/objects/dbt && python3 -m venv venv                             && export PIP_USER=false                             && *** /tmp/objects/dbt/venv/bin/activate                             && pip  install --quiet --upgrade pip setuptools                             && pip3 install --quiet 'MarkupSafe<=2.0.1' 'dbt-postgres' 'dbt-core'                             && dbt --version && deactivate                             && cd /tmp/objects/dbt && *** /tmp/objects/dbt/venv/bin/activate                             && dbt deps --profiles-dir /tmp/objects/dbt/ && dbt seed --profiles-dir /tmp/objects/dbt/                             && dbt run --models objects --profiles-dir /tmp/objects/dbt/"]
[2022-06-11 22:03:03,225] {subprocess.py:85} INFO - Output:
[2022-06-11 22:03:44,968] {subprocess.py:92} INFO - Core:
[2022-06-11 22:03:44,968] {subprocess.py:92} INFO -   - installed: 1.1.0
[2022-06-11 22:03:44,968] {subprocess.py:92} INFO -   - latest:    1.1.0 - [32mUp to date![0m
[2022-06-11 22:03:44,968] {subprocess.py:92} INFO - 
[2022-06-11 22:03:44,968] {subprocess.py:92} INFO - Plugins:
[2022-06-11 22:03:44,968] {subprocess.py:92} INFO -   - postgres: 1.1.0 - [32mUp to date![0m
[2022-06-11 22:03:47,905] {subprocess.py:92} INFO - [0m22:03:47  Running with dbt=1.1.0
[2022-06-11 22:03:47,906] {subprocess.py:92} INFO - [0m22:03:47  Warning: No packages were found in packages.yml
[2022-06-11 22:03:50,893] {subprocess.py:92} INFO - [0m22:03:50  Running with dbt=1.1.0
[2022-06-11 22:03:50,908] {subprocess.py:92} INFO - [0m22:03:50  Partial parse save file not found. Starting full parse.
[2022-06-11 22:03:51,541] {subprocess.py:92} INFO - [0m22:03:51  [WARNING]: Configuration paths exist in your dbt_project.yml file which do not apply to any re***s.
[2022-06-11 22:03:51,541] {subprocess.py:92} INFO - There are 1 unused configuration paths:
[2022-06-11 22:03:51,541] {subprocess.py:92} INFO - - seeds.SAM
[2022-06-11 22:03:51,541] {subprocess.py:92} INFO - 
[2022-06-11 22:03:51,554] {subprocess.py:92} INFO - [0m22:03:51  Found 4 models, 6 tests, 0 snapshots, 0 analyses, 171 macros, 6 operations, 0 seed files, 4 ***s, 0 exposures, 0 metrics
[2022-06-11 22:03:51,556] {subprocess.py:92} INFO - [0m22:03:51
[2022-06-11 22:03:51,557] {subprocess.py:92} INFO - [0m22:03:51  [WARNING]: Nothing to do. Try checking your model configs and model specification args
[2022-06-11 22:03:51,564] {subprocess.py:92} INFO - [0m22:03:51
[2022-06-11 22:03:51,564] {subprocess.py:92} INFO - [0m22:03:51  Completed successfully
[2022-06-11 22:03:51,565] {subprocess.py:92} INFO - [0m22:03:51
[2022-06-11 22:03:51,565] {subprocess.py:92} INFO - [0m22:03:51  Done. PASS=0 WARN=0 ERROR=0 SKIP=0 TOTAL=0
[2022-06-11 22:03:54,536] {subprocess.py:92} INFO - [0m22:03:54  Running with dbt=1.1.0
[2022-06-11 22:03:54,577] {subprocess.py:92} INFO - [0m22:03:54  [WARNING]: Configuration paths exist in your dbt_project.yml file which do not apply to any re***s.
[2022-06-11 22:03:54,577] {subprocess.py:92} INFO - There are 1 unused configuration paths:
[2022-06-11 22:03:54,577] {subprocess.py:92} INFO - - seeds.SAM
[2022-06-11 22:03:54,577] {subprocess.py:92} INFO - 
[2022-06-11 22:03:54,593] {subprocess.py:92} INFO - [0m22:03:54  Found 4 models, 6 tests, 0 snapshots, 0 analyses, 171 macros, 6 operations, 0 seed files, 4 ***s, 0 exposures, 0 metrics
[2022-06-11 22:03:54,595] {subprocess.py:92} INFO - [0m22:03:54
[2022-06-11 22:03:54,686] {subprocess.py:92} INFO - [0m22:03:54  Concurrency: 4 threads (target='dev')
[2022-06-11 22:03:54,686] {subprocess.py:92} INFO - [0m22:03:54
[2022-06-11 22:03:54,693] {subprocess.py:92} INFO - [0m22:03:54  1 of 1 START table model analytics_objects.obj_walls ........................... [RUN]
[2022-06-11 22:03:54,767] {subprocess.py:92} INFO - [0m22:03:54  1 of 1 OK created table model analytics_objects.obj_walls ...................... [SELECT 24 in 0.07s]
[2022-06-11 22:03:54,800] {subprocess.py:92} INFO - [0m22:03:54
[2022-06-11 22:03:54,801] {subprocess.py:92} INFO - [0m22:03:54  Running 6 on-run-end hooks
[2022-06-11 22:03:54,808] {subprocess.py:92} INFO - [0m22:03:54  1 of 6 START hook: SAM.on-run-end.0 ............................................ [RUN]
[2022-06-11 22:03:54,811] {subprocess.py:92} INFO - [0m22:03:54  1 of 6 OK hook: SAM.on-run-end.0 ............................................... [ALTER DEFAULT PRIVILEGES in 0.00s]
[2022-06-11 22:03:54,816] {subprocess.py:92} INFO - [0m22:03:54  2 of 6 START hook: SAM.on-run-end.1 ............................................ [RUN]
[2022-06-11 22:03:54,820] {subprocess.py:92} INFO - [0m22:03:54  2 of 6 OK hook: SAM.on-run-end.1 ............................................... [ALTER DEFAULT PRIVILEGES in 0.00s]
[2022-06-11 22:03:54,824] {subprocess.py:92} INFO - [0m22:03:54  3 of 6 START hook: SAM.on-run-end.2 ............................................ [RUN]
[2022-06-11 22:03:54,827] {subprocess.py:92} INFO - [0m22:03:54  3 of 6 OK hook: SAM.on-run-end.2 ............................................... [ALTER DEFAULT PRIVILEGES in 0.00s]
[2022-06-11 22:03:54,830] {subprocess.py:92} INFO - [0m22:03:54  4 of 6 START hook: SAM.on-run-end.3 ............................................ [RUN]
[2022-06-11 22:03:54,833] {subprocess.py:92} INFO - [0m22:03:54  4 of 6 OK hook: SAM.on-run-end.3 ............................................... [ALTER DEFAULT PRIVILEGES in 0.00s]
[2022-06-11 22:03:54,838] {subprocess.py:92} INFO - [0m22:03:54  5 of 6 START hook: SAM.on-run-end.4 ............................................ [RUN]
[2022-06-11 22:03:54,840] {subprocess.py:92} INFO - [0m22:03:54  5 of 6 OK hook: SAM.on-run-end.4 ............................................... [ALTER DEFAULT PRIVILEGES in 0.00s]
[2022-06-11 22:03:54,844] {subprocess.py:92} INFO - [0m22:03:54  6 of 6 START hook: SAM.on-run-end.5 ............................................ [RUN]
[2022-06-11 22:03:54,846] {subprocess.py:92} INFO - [0m22:03:54  6 of 6 OK hook: SAM.on-run-end.5 ............................................... [ALTER DEFAULT PRIVILEGES in 0.00s]
[2022-06-11 22:03:54,847] {subprocess.py:92} INFO - [0m22:03:54
[2022-06-11 22:03:54,848] {subprocess.py:92} INFO - [0m22:03:54
[2022-06-11 22:03:54,849] {subprocess.py:92} INFO - [0m22:03:54  Finished running 1 table model, 6 hooks in 0.25s.
[2022-06-11 22:03:54,857] {subprocess.py:92} INFO - [0m22:03:54
[2022-06-11 22:03:54,858] {subprocess.py:92} INFO - [0m22:03:54  Completed successfully
[2022-06-11 22:03:54,858] {subprocess.py:92} INFO - [0m22:03:54
[2022-06-11 22:03:54,858] {subprocess.py:92} INFO - [0m22:03:54  Done. PASS=1 WARN=0 ERROR=0 SKIP=0 TOTAL=1
[2022-06-11 22:03:55,051] {subprocess.py:96} INFO - Command exited with return code 0
[2022-06-11 22:03:55,083] {taskinstance.py:1400} INFO - Marking task as SUCCESS. dag_id=T-dbt-job-objects, task_id=dbt_clone_and_transform-objects, execution_date=20220611T200302, start_date=20220611T220303, end_date=20220611T220355
[2022-06-11 22:03:55,110] {local_task_job.py:156} INFO - Task exited with return code 0
[2022-06-11 22:03:55,139] {local_task_job.py:273} INFO - 1 downstream tasks scheduled from follow-on schedule check
