[2022-06-12 19:04:14,211] {taskinstance.py:1159} INFO - Dependencies all met for <TaskInstance: T-dbt-job-dimensions.dbt_clone_and_transform-dimensions scheduled__2022-06-12T17:04:13.222472+00:00 [queued]>
[2022-06-12 19:04:14,227] {taskinstance.py:1159} INFO - Dependencies all met for <TaskInstance: T-dbt-job-dimensions.dbt_clone_and_transform-dimensions scheduled__2022-06-12T17:04:13.222472+00:00 [queued]>
[2022-06-12 19:04:14,228] {taskinstance.py:1356} INFO - 
--------------------------------------------------------------------------------
[2022-06-12 19:04:14,228] {taskinstance.py:1357} INFO - Starting attempt 1 of 2
[2022-06-12 19:04:14,228] {taskinstance.py:1358} INFO - 
--------------------------------------------------------------------------------
[2022-06-12 19:04:14,250] {taskinstance.py:1377} INFO - Executing <Task(BashOperator): dbt_clone_and_transform-dimensions> on 2022-06-12 17:04:13.222472+00:00
[2022-06-12 19:04:14,258] {standard_task_runner.py:52} INFO - Started process 5582 to run task
[2022-06-12 19:04:14,262] {standard_task_runner.py:79} INFO - Running: ['airflow', 'tasks', 'run', 'T-dbt-job-dimensions', 'dbt_clone_and_transform-dimensions', 'scheduled__2022-06-12T17:04:13.222472+00:00', '--job-id', '213', '--raw', '--subdir', 'DAGS_FOLDER/docker_job/dbt_model.py', '--cfg-path', '/tmp/tmplf65fbwi', '--error-file', '/tmp/tmp8uz5_qw9']
[2022-06-12 19:04:14,262] {standard_task_runner.py:80} INFO - Job 213: Subtask dbt_clone_and_transform-dimensions
[2022-06-12 19:04:14,284] {warnings.py:110} WARNING - /home/airflow/.local/lib/python3.7/site-packages/airflow/configuration.py:525: DeprecationWarning: The sql_alchemy_conn option in [core] has been moved to the sql_alchemy_conn option in [database] - the old setting has been used, but please update your config.
  option = self._get_environment_variables(deprecated_key, deprecated_section, key, section)

[2022-06-12 19:04:14,340] {task_command.py:370} INFO - Running <TaskInstance: T-dbt-job-dimensions.dbt_clone_and_transform-dimensions scheduled__2022-06-12T17:04:13.222472+00:00 [running]> on host e926c0944008
[2022-06-12 19:04:14,451] {taskinstance.py:1571} INFO - Exporting the following env vars:
AIRFLOW_CTX_DAG_EMAIL=samuelolle@yahoo.com
AIRFLOW_CTX_DAG_OWNER=airflow
AIRFLOW_CTX_DAG_ID=T-dbt-job-dimensions
AIRFLOW_CTX_TASK_ID=dbt_clone_and_transform-dimensions
AIRFLOW_CTX_EXECUTION_DATE=2022-06-12T17:04:13.222472+00:00
AIRFLOW_CTX_TRY_NUMBER=1
AIRFLOW_CTX_DAG_RUN_ID=scheduled__2022-06-12T17:04:13.222472+00:00
[2022-06-12 19:04:14,452] {subprocess.py:62} INFO - Tmp dir root location: 
 /tmp
[2022-06-12 19:04:14,452] {subprocess.py:74} INFO - Running command: ['bash', '-c', " rm -rf /tmp/dimensions && mkdir /tmp/dimensions                            && cp -r /tmp/dbt /tmp/dimensions/dbt                             && cd /tmp/dimensions/dbt && python3 -m venv venv                             && export PIP_USER=false                             && *** /tmp/dimensions/dbt/venv/bin/activate                             && pip  install --quiet --upgrade pip setuptools                             && pip3 install --quiet 'MarkupSafe<=2.0.1' 'dbt-postgres' 'dbt-core'                             && dbt --version && deactivate                             && cd /tmp/dimensions/dbt && *** /tmp/dimensions/dbt/venv/bin/activate                             && dbt deps --profiles-dir /tmp/dimensions/dbt/ && dbt seed --profiles-dir /tmp/dimensions/dbt/                             && dbt run --models dimensions --profiles-dir /tmp/dimensions/dbt/"]
[2022-06-12 19:04:14,471] {subprocess.py:85} INFO - Output:
[2022-06-12 19:05:01,649] {subprocess.py:92} INFO - Core:
[2022-06-12 19:05:01,649] {subprocess.py:92} INFO -   - installed: 1.1.0
[2022-06-12 19:05:01,649] {subprocess.py:92} INFO -   - latest:    1.1.0 - [32mUp to date![0m
[2022-06-12 19:05:01,649] {subprocess.py:92} INFO - 
[2022-06-12 19:05:01,649] {subprocess.py:92} INFO - Plugins:
[2022-06-12 19:05:01,649] {subprocess.py:92} INFO -   - postgres: 1.1.0 - [32mUp to date![0m
[2022-06-12 19:05:05,840] {subprocess.py:92} INFO - [0m19:05:05  Running with dbt=1.1.0
[2022-06-12 19:05:05,841] {subprocess.py:92} INFO - [0m19:05:05  Warning: No packages were found in packages.yml
[2022-06-12 19:05:09,545] {subprocess.py:92} INFO - [0m19:05:09  Running with dbt=1.1.0
[2022-06-12 19:05:09,563] {subprocess.py:92} INFO - [0m19:05:09  Partial parse save file not found. Starting full parse.
[2022-06-12 19:05:10,383] {subprocess.py:92} INFO - [0m19:05:10  [WARNING]: Configuration paths exist in your dbt_project.yml file which do not apply to any re***s.
[2022-06-12 19:05:10,383] {subprocess.py:92} INFO - There are 1 unused configuration paths:
[2022-06-12 19:05:10,383] {subprocess.py:92} INFO - - seeds.SAM
[2022-06-12 19:05:10,383] {subprocess.py:92} INFO - 
[2022-06-12 19:05:10,400] {subprocess.py:92} INFO - [0m19:05:10  Found 6 models, 6 tests, 0 snapshots, 0 analyses, 172 macros, 6 operations, 0 seed files, 4 ***s, 0 exposures, 0 metrics
[2022-06-12 19:05:10,400] {subprocess.py:92} INFO - [0m19:05:10
[2022-06-12 19:05:10,400] {subprocess.py:92} INFO - [0m19:05:10  [WARNING]: Nothing to do. Try checking your model configs and model specification args
[2022-06-12 19:05:10,406] {subprocess.py:92} INFO - [0m19:05:10
[2022-06-12 19:05:10,406] {subprocess.py:92} INFO - [0m19:05:10  Completed successfully
[2022-06-12 19:05:10,407] {subprocess.py:92} INFO - [0m19:05:10
[2022-06-12 19:05:10,407] {subprocess.py:92} INFO - [0m19:05:10  Done. PASS=0 WARN=0 ERROR=0 SKIP=0 TOTAL=0
[2022-06-12 19:05:14,123] {subprocess.py:92} INFO - [0m19:05:14  Running with dbt=1.1.0
[2022-06-12 19:05:14,163] {subprocess.py:92} INFO - [0m19:05:14  [WARNING]: Configuration paths exist in your dbt_project.yml file which do not apply to any re***s.
[2022-06-12 19:05:14,164] {subprocess.py:92} INFO - There are 1 unused configuration paths:
[2022-06-12 19:05:14,164] {subprocess.py:92} INFO - - seeds.SAM
[2022-06-12 19:05:14,164] {subprocess.py:92} INFO - 
[2022-06-12 19:05:14,181] {subprocess.py:92} INFO - [0m19:05:14  Found 6 models, 6 tests, 0 snapshots, 0 analyses, 172 macros, 6 operations, 0 seed files, 4 ***s, 0 exposures, 0 metrics
[2022-06-12 19:05:14,184] {subprocess.py:92} INFO - [0m19:05:14
[2022-06-12 19:05:14,273] {subprocess.py:92} INFO - [0m19:05:14  Concurrency: 4 threads (target='dev')
[2022-06-12 19:05:14,274] {subprocess.py:92} INFO - [0m19:05:14
[2022-06-12 19:05:14,285] {subprocess.py:92} INFO - [0m19:05:14  1 of 2 START table model analytics_dim.dim_date ................................ [RUN]
[2022-06-12 19:05:14,288] {subprocess.py:92} INFO - [0m19:05:14  2 of 2 START incremental model analytics_dim.dim_walls ......................... [RUN]
[2022-06-12 19:05:14,484] {subprocess.py:92} INFO - [0m19:05:14  1 of 2 OK created table model analytics_dim.dim_date ........................... [SELECT 546 in 0.19s]
[2022-06-12 19:05:14,493] {subprocess.py:92} INFO - [0m19:05:14  2 of 2 OK created incremental model analytics_dim.dim_walls .................... [INSERT 0 0 in 0.20s]
[2022-06-12 19:05:14,592] {subprocess.py:92} INFO - [0m19:05:14
[2022-06-12 19:05:14,592] {subprocess.py:92} INFO - [0m19:05:14  Running 6 on-run-end hooks
[2022-06-12 19:05:14,605] {subprocess.py:92} INFO - [0m19:05:14  1 of 6 START hook: SAM.on-run-end.0 ............................................ [RUN]
[2022-06-12 19:05:14,608] {subprocess.py:92} INFO - [0m19:05:14  1 of 6 OK hook: SAM.on-run-end.0 ............................................... [ALTER DEFAULT PRIVILEGES in 0.00s]
[2022-06-12 19:05:14,616] {subprocess.py:92} INFO - [0m19:05:14  2 of 6 START hook: SAM.on-run-end.1 ............................................ [RUN]
[2022-06-12 19:05:14,619] {subprocess.py:92} INFO - [0m19:05:14  2 of 6 OK hook: SAM.on-run-end.1 ............................................... [ALTER DEFAULT PRIVILEGES in 0.00s]
[2022-06-12 19:05:14,623] {subprocess.py:92} INFO - [0m19:05:14  3 of 6 START hook: SAM.on-run-end.2 ............................................ [RUN]
[2022-06-12 19:05:14,627] {subprocess.py:92} INFO - [0m19:05:14  3 of 6 OK hook: SAM.on-run-end.2 ............................................... [ALTER DEFAULT PRIVILEGES in 0.00s]
[2022-06-12 19:05:14,630] {subprocess.py:92} INFO - [0m19:05:14  4 of 6 START hook: SAM.on-run-end.3 ............................................ [RUN]
[2022-06-12 19:05:14,634] {subprocess.py:92} INFO - [0m19:05:14  4 of 6 OK hook: SAM.on-run-end.3 ............................................... [ALTER DEFAULT PRIVILEGES in 0.00s]
[2022-06-12 19:05:14,638] {subprocess.py:92} INFO - [0m19:05:14  5 of 6 START hook: SAM.on-run-end.4 ............................................ [RUN]
[2022-06-12 19:05:14,641] {subprocess.py:92} INFO - [0m19:05:14  5 of 6 OK hook: SAM.on-run-end.4 ............................................... [ALTER DEFAULT PRIVILEGES in 0.00s]
[2022-06-12 19:05:14,645] {subprocess.py:92} INFO - [0m19:05:14  6 of 6 START hook: SAM.on-run-end.5 ............................................ [RUN]
[2022-06-12 19:05:14,649] {subprocess.py:92} INFO - [0m19:05:14  6 of 6 OK hook: SAM.on-run-end.5 ............................................... [ALTER DEFAULT PRIVILEGES in 0.00s]
[2022-06-12 19:05:14,649] {subprocess.py:92} INFO - [0m19:05:14
[2022-06-12 19:05:14,650] {subprocess.py:92} INFO - [0m19:05:14
[2022-06-12 19:05:14,651] {subprocess.py:92} INFO - [0m19:05:14  Finished running 1 table model, 1 incremental model, 6 hooks in 0.47s.
[2022-06-12 19:05:14,657] {subprocess.py:92} INFO - [0m19:05:14
[2022-06-12 19:05:14,657] {subprocess.py:92} INFO - [0m19:05:14  Completed successfully
[2022-06-12 19:05:14,658] {subprocess.py:92} INFO - [0m19:05:14
[2022-06-12 19:05:14,659] {subprocess.py:92} INFO - [0m19:05:14  Done. PASS=2 WARN=0 ERROR=0 SKIP=0 TOTAL=2
[2022-06-12 19:05:14,995] {subprocess.py:96} INFO - Command exited with return code 0
[2022-06-12 19:05:15,033] {taskinstance.py:1400} INFO - Marking task as SUCCESS. dag_id=T-dbt-job-dimensions, task_id=dbt_clone_and_transform-dimensions, execution_date=20220612T170413, start_date=20220612T190414, end_date=20220612T190515
[2022-06-12 19:05:15,073] {local_task_job.py:156} INFO - Task exited with return code 0
[2022-06-12 19:05:15,107] {local_task_job.py:273} INFO - 1 downstream tasks scheduled from follow-on schedule check
