[2022-06-11 21:30:43,584] {taskinstance.py:1159} INFO - Dependencies all met for <TaskInstance: T-dbt-job-cdc_load.dbt_cleanup-cdc_load scheduled__2022-06-11T19:30:39.272850+00:00 [queued]>
[2022-06-11 21:30:43,595] {taskinstance.py:1159} INFO - Dependencies all met for <TaskInstance: T-dbt-job-cdc_load.dbt_cleanup-cdc_load scheduled__2022-06-11T19:30:39.272850+00:00 [queued]>
[2022-06-11 21:30:43,595] {taskinstance.py:1356} INFO - 
--------------------------------------------------------------------------------
[2022-06-11 21:30:43,595] {taskinstance.py:1357} INFO - Starting attempt 1 of 2
[2022-06-11 21:30:43,595] {taskinstance.py:1358} INFO - 
--------------------------------------------------------------------------------
[2022-06-11 21:30:43,609] {taskinstance.py:1377} INFO - Executing <Task(BashOperator): dbt_cleanup-cdc_load> on 2022-06-11 19:30:39.272850+00:00
[2022-06-11 21:30:43,616] {standard_task_runner.py:52} INFO - Started process 1161 to run task
[2022-06-11 21:30:43,621] {standard_task_runner.py:79} INFO - Running: ['airflow', 'tasks', 'run', 'T-dbt-job-cdc_load', 'dbt_cleanup-cdc_load', 'scheduled__2022-06-11T19:30:39.272850+00:00', '--job-id', '38', '--raw', '--subdir', 'DAGS_FOLDER/docker_job/dbt_test.py', '--cfg-path', '/tmp/tmpysscebci', '--error-file', '/tmp/tmpp3keujd4']
[2022-06-11 21:30:43,622] {standard_task_runner.py:80} INFO - Job 38: Subtask dbt_cleanup-cdc_load
[2022-06-11 21:30:43,636] {warnings.py:110} WARNING - /home/airflow/.local/lib/python3.7/site-packages/airflow/configuration.py:525: DeprecationWarning: The sql_alchemy_conn option in [core] has been moved to the sql_alchemy_conn option in [database] - the old setting has been used, but please update your config.
  option = self._get_environment_variables(deprecated_key, deprecated_section, key, section)

[2022-06-11 21:30:43,685] {task_command.py:370} INFO - Running <TaskInstance: T-dbt-job-cdc_load.dbt_cleanup-cdc_load scheduled__2022-06-11T19:30:39.272850+00:00 [running]> on host e926c0944008
[2022-06-11 21:30:43,759] {taskinstance.py:1571} INFO - Exporting the following env vars:
AIRFLOW_CTX_DAG_EMAIL=samuelolle@yahoo.com
AIRFLOW_CTX_DAG_OWNER=airflow
AIRFLOW_CTX_DAG_ID=T-dbt-job-cdc_load
AIRFLOW_CTX_TASK_ID=dbt_cleanup-cdc_load
AIRFLOW_CTX_EXECUTION_DATE=2022-06-11T19:30:39.272850+00:00
AIRFLOW_CTX_TRY_NUMBER=1
AIRFLOW_CTX_DAG_RUN_ID=scheduled__2022-06-11T19:30:39.272850+00:00
[2022-06-11 21:30:43,760] {subprocess.py:62} INFO - Tmp dir root location: 
 /tmp
[2022-06-11 21:30:43,761] {subprocess.py:74} INFO - Running command: ['bash', '-c', 'rm -rf /tmp/cdc_load && rm -rf /tmp/tmp* 2>/dev/null || exit 0']
[2022-06-11 21:30:43,774] {subprocess.py:85} INFO - Output:
[2022-06-11 21:30:43,780] {subprocess.py:96} INFO - Command exited with return code 0
[2022-06-11 21:30:43,817] {taskinstance.py:1400} INFO - Marking task as SUCCESS. dag_id=T-dbt-job-cdc_load, task_id=dbt_cleanup-cdc_load, execution_date=20220611T193039, start_date=20220611T213043, end_date=20220611T213043
[2022-06-11 21:30:43,873] {local_task_job.py:156} INFO - Task exited with return code 0
[2022-06-11 21:30:43,906] {local_task_job.py:273} INFO - 0 downstream tasks scheduled from follow-on schedule check
