[2022-06-19 18:09:59,362] {taskinstance.py:1159} INFO - Dependencies all met for <TaskInstance: Job-pts.pts-Papple-iphone-x-64gb-space-grau_h_5143 scheduled__2022-06-19T15:25:22.866749+00:00 [queued]>
[2022-06-19 18:09:59,372] {taskinstance.py:1159} INFO - Dependencies all met for <TaskInstance: Job-pts.pts-Papple-iphone-x-64gb-space-grau_h_5143 scheduled__2022-06-19T15:25:22.866749+00:00 [queued]>
[2022-06-19 18:09:59,372] {taskinstance.py:1356} INFO - 
--------------------------------------------------------------------------------
[2022-06-19 18:09:59,372] {taskinstance.py:1357} INFO - Starting attempt 2 of 6
[2022-06-19 18:09:59,372] {taskinstance.py:1358} INFO - 
--------------------------------------------------------------------------------
[2022-06-19 18:09:59,387] {taskinstance.py:1377} INFO - Executing <Task(PythonOperator): pts-Papple-iphone-x-64gb-space-grau_h_5143> on 2022-06-19 15:25:22.866749+00:00
[2022-06-19 18:09:59,393] {standard_task_runner.py:52} INFO - Started process 135 to run task
[2022-06-19 18:09:59,396] {standard_task_runner.py:79} INFO - Running: ['airflow', 'tasks', 'run', 'Job-pts', 'pts-Papple-iphone-x-64gb-space-grau_h_5143', 'scheduled__2022-06-19T15:25:22.866749+00:00', '--job-id', '633', '--raw', '--subdir', 'DAGS_FOLDER/docker_job/price_scale.py', '--cfg-path', '/tmp/tmpl8c7d3i4', '--error-file', '/tmp/tmpaljx5bgk']
[2022-06-19 18:09:59,396] {standard_task_runner.py:80} INFO - Job 633: Subtask pts-Papple-iphone-x-64gb-space-grau_h_5143
[2022-06-19 18:09:59,408] {warnings.py:110} WARNING - /home/airflow/.local/lib/python3.7/site-packages/airflow/configuration.py:525: DeprecationWarning: The sql_alchemy_conn option in [core] has been moved to the sql_alchemy_conn option in [database] - the old setting has been used, but please update your config.
  option = self._get_environment_variables(deprecated_key, deprecated_section, key, section)

[2022-06-19 18:09:59,447] {task_command.py:370} INFO - Running <TaskInstance: Job-pts.pts-Papple-iphone-x-64gb-space-grau_h_5143 scheduled__2022-06-19T15:25:22.866749+00:00 [running]> on host 31bbb70af43b
[2022-06-19 18:09:59,513] {taskinstance.py:1571} INFO - Exporting the following env vars:
AIRFLOW_CTX_DAG_EMAIL=samuel.momoh-olle@asgoodasnew.com
AIRFLOW_CTX_DAG_OWNER=airflow
AIRFLOW_CTX_DAG_ID=Job-pts
AIRFLOW_CTX_TASK_ID=pts-Papple-iphone-x-64gb-space-grau_h_5143
AIRFLOW_CTX_EXECUTION_DATE=2022-06-19T15:25:22.866749+00:00
AIRFLOW_CTX_TRY_NUMBER=2
AIRFLOW_CTX_DAG_RUN_ID=scheduled__2022-06-19T15:25:22.866749+00:00
[2022-06-19 18:10:00,195] {logging_mixin.py:115} INFO - ['https://www.handyverkauf.net/apple-iphone-x-64gb-space-grau_h_5143', 'https://www.handyverkauf.net/apple-iphone-x-256gb-space-grau_h_5145', 'https://www.handyverkauf.net/apple-iphone-xs-64gb-space-grau_h_6242', 'https://www.handyverkauf.net/apple-iphone-xs-256gb-space-grau_h_6245', 'https://www.handyverkauf.net/apple-iphone-xs-512gb-space-grau_h_6248', 'https://www.handyverkauf.net/apple-iphone-xs-max-64gb-space-grau_h_6251', 'https://www.handyverkauf.net/apple-iphone-xs-max-256gb-space-grau_h_6254', 'https://www.handyverkauf.net/apple-iphone-xs-max-512gb-space-grau_h_6257', 'https://www.handyverkauf.net/apple-iphone-xr-64gb-schwarz_h_6260', 'https://www.handyverkauf.net/apple-iphone-xr-128gb-schwarz_h_6266']
[2022-06-19 18:10:04,653] {logging_mixin.py:115} INFO - Message: invalid argument: 'url' must be a string
  (Session info: headless chrome=102.0.5005.115)
Stacktrace:
#0 0x561a03985f33 <unknown>
#1 0x561a036d0118 <unknown>
#2 0x561a03737aa1 <unknown>
#3 0x561a03723f72 <unknown>
#4 0x561a037372e4 <unknown>
#5 0x561a03723e63 <unknown>
#6 0x561a036f982a <unknown>
#7 0x561a036fa985 <unknown>
#8 0x561a039ca4cd <unknown>
#9 0x561a039ce5ec <unknown>
#10 0x561a039b471e <unknown>
#11 0x561a039cf238 <unknown>
#12 0x561a039a9870 <unknown>
#13 0x561a039eb608 <unknown>
#14 0x561a039eb788 <unknown>
#15 0x561a03a05f1d <unknown>
#16 0x7fb131dcfea7 <unknown>
[2022-06-19 18:10:04,707] {logging_mixin.py:115} INFO - []
[2022-06-19 18:10:04,707] {python.py:173} INFO - Done. Returned value was: None
[2022-06-19 18:10:04,719] {taskinstance.py:1400} INFO - Marking task as SUCCESS. dag_id=Job-pts, task_id=pts-Papple-iphone-x-64gb-space-grau_h_5143, execution_date=20220619T152522, start_date=20220619T180959, end_date=20220619T181004
[2022-06-19 18:10:04,762] {local_task_job.py:156} INFO - Task exited with return code 0
[2022-06-19 18:10:04,783] {local_task_job.py:273} INFO - 0 downstream tasks scheduled from follow-on schedule check
