[2022-06-11 18:19:01,812] {taskinstance.py:1159} INFO - Dependencies all met for <TaskInstance: T-dbt-job-objects.csv_to_database manual__2022-06-11T18:11:44.385614+00:00 [queued]>
[2022-06-11 18:19:01,824] {taskinstance.py:1159} INFO - Dependencies all met for <TaskInstance: T-dbt-job-objects.csv_to_database manual__2022-06-11T18:11:44.385614+00:00 [queued]>
[2022-06-11 18:19:01,824] {taskinstance.py:1356} INFO - 
--------------------------------------------------------------------------------
[2022-06-11 18:19:01,824] {taskinstance.py:1357} INFO - Starting attempt 3 of 4
[2022-06-11 18:19:01,824] {taskinstance.py:1358} INFO - 
--------------------------------------------------------------------------------
[2022-06-11 18:19:01,840] {taskinstance.py:1377} INFO - Executing <Task(PythonOperator): csv_to_database> on 2022-06-11 18:11:44.385614+00:00
[2022-06-11 18:19:01,847] {standard_task_runner.py:52} INFO - Started process 1001 to run task
[2022-06-11 18:19:01,851] {standard_task_runner.py:79} INFO - Running: ['airflow', 'tasks', 'run', 'T-dbt-job-objects', 'csv_to_database', 'manual__2022-06-11T18:11:44.385614+00:00', '--job-id', '72', '--raw', '--subdir', 'DAGS_FOLDER/docker_job/dbt_test.py', '--cfg-path', '/tmp/tmpustec5f2', '--error-file', '/tmp/tmpahwqyo2b']
[2022-06-11 18:19:01,851] {standard_task_runner.py:80} INFO - Job 72: Subtask csv_to_database
[2022-06-11 18:19:01,906] {task_command.py:370} INFO - Running <TaskInstance: T-dbt-job-objects.csv_to_database manual__2022-06-11T18:11:44.385614+00:00 [running]> on host d8836eb746ac
[2022-06-11 18:19:01,986] {taskinstance.py:1571} INFO - Exporting the following env vars:
AIRFLOW_CTX_DAG_EMAIL=samuelolle@yahoo.com
AIRFLOW_CTX_DAG_OWNER=airflow
AIRFLOW_CTX_DAG_ID=T-dbt-job-objects
AIRFLOW_CTX_TASK_ID=csv_to_database
AIRFLOW_CTX_EXECUTION_DATE=2022-06-11T18:11:44.385614+00:00
AIRFLOW_CTX_TRY_NUMBER=3
AIRFLOW_CTX_DAG_RUN_ID=manual__2022-06-11T18:11:44.385614+00:00
[2022-06-11 18:19:01,996] {base.py:68} INFO - Using connection ID '***' for task execution.
[2022-06-11 18:19:01,999] {postgres.py:127} INFO - Running copy expert: COPY analytics_dim.users_cdc FROM STDIN, filename: /opt/airflow/dags/docker_job/data/users.csv
[2022-06-11 18:19:02,005] {base.py:68} INFO - Using connection ID '***' for task execution.
[2022-06-11 18:19:02,018] {base.py:68} INFO - Using connection ID '***' for task execution.
[2022-06-11 18:19:02,024] {postgres.py:127} INFO - Running copy expert: COPY analytics_dim.walls_cdc FROM STDIN, filename: /opt/airflow/dags/docker_job/data/walls.csv
[2022-06-11 18:19:02,030] {base.py:68} INFO - Using connection ID '***' for task execution.
[2022-06-11 18:19:02,036] {python.py:173} INFO - Done. Returned value was: None
[2022-06-11 18:19:02,051] {taskinstance.py:1400} INFO - Marking task as SUCCESS. dag_id=T-dbt-job-objects, task_id=csv_to_database, execution_date=20220611T181144, start_date=20220611T181901, end_date=20220611T181902
[2022-06-11 18:19:02,064] {local_task_job.py:156} INFO - Task exited with return code 0
[2022-06-11 18:19:02,103] {local_task_job.py:273} INFO - 1 downstream tasks scheduled from follow-on schedule check
