[2022-06-11 18:36:10,786] {taskinstance.py:1159} INFO - Dependencies all met for <TaskInstance: T-dbt-job-objects.csv_to_database manual__2022-06-11T18:11:44.385614+00:00 [queued]>
[2022-06-11 18:36:10,798] {taskinstance.py:1159} INFO - Dependencies all met for <TaskInstance: T-dbt-job-objects.csv_to_database manual__2022-06-11T18:11:44.385614+00:00 [queued]>
[2022-06-11 18:36:10,798] {taskinstance.py:1356} INFO - 
--------------------------------------------------------------------------------
[2022-06-11 18:36:10,798] {taskinstance.py:1357} INFO - Starting attempt 5 of 6
[2022-06-11 18:36:10,798] {taskinstance.py:1358} INFO - 
--------------------------------------------------------------------------------
[2022-06-11 18:36:10,815] {taskinstance.py:1377} INFO - Executing <Task(PythonOperator): csv_to_database> on 2022-06-11 18:11:44.385614+00:00
[2022-06-11 18:36:10,822] {standard_task_runner.py:52} INFO - Started process 1412 to run task
[2022-06-11 18:36:10,825] {standard_task_runner.py:79} INFO - Running: ['airflow', 'tasks', 'run', 'T-dbt-job-objects', 'csv_to_database', 'manual__2022-06-11T18:11:44.385614+00:00', '--job-id', '85', '--raw', '--subdir', 'DAGS_FOLDER/docker_job/dbt_test.py', '--cfg-path', '/tmp/tmp6rbdlww7', '--error-file', '/tmp/tmprt8v1lp2']
[2022-06-11 18:36:10,826] {standard_task_runner.py:80} INFO - Job 85: Subtask csv_to_database
[2022-06-11 18:36:10,887] {task_command.py:370} INFO - Running <TaskInstance: T-dbt-job-objects.csv_to_database manual__2022-06-11T18:11:44.385614+00:00 [running]> on host d8836eb746ac
[2022-06-11 18:36:10,962] {taskinstance.py:1571} INFO - Exporting the following env vars:
AIRFLOW_CTX_DAG_EMAIL=samuelolle@yahoo.com
AIRFLOW_CTX_DAG_OWNER=airflow
AIRFLOW_CTX_DAG_ID=T-dbt-job-objects
AIRFLOW_CTX_TASK_ID=csv_to_database
AIRFLOW_CTX_EXECUTION_DATE=2022-06-11T18:11:44.385614+00:00
AIRFLOW_CTX_TRY_NUMBER=5
AIRFLOW_CTX_DAG_RUN_ID=manual__2022-06-11T18:11:44.385614+00:00
[2022-06-11 18:36:10,974] {base.py:68} INFO - Using connection ID '***' for task execution.
[2022-06-11 18:36:10,978] {postgres.py:127} INFO - Running copy expert: COPY analytics_objects.users_cdc FROM STDIN, filename: /opt/airflow/dags/docker_job/data/users.csv
[2022-06-11 18:36:10,984] {base.py:68} INFO - Using connection ID '***' for task execution.
[2022-06-11 18:36:10,995] {base.py:68} INFO - Using connection ID '***' for task execution.
[2022-06-11 18:36:10,998] {postgres.py:127} INFO - Running copy expert: COPY analytics_objects.walls_cdc FROM STDIN, filename: /opt/airflow/dags/docker_job/data/walls.csv
[2022-06-11 18:36:11,006] {base.py:68} INFO - Using connection ID '***' for task execution.
[2022-06-11 18:36:11,012] {python.py:173} INFO - Done. Returned value was: None
[2022-06-11 18:36:11,024] {taskinstance.py:1400} INFO - Marking task as SUCCESS. dag_id=T-dbt-job-objects, task_id=csv_to_database, execution_date=20220611T181144, start_date=20220611T183610, end_date=20220611T183611
[2022-06-11 18:36:11,078] {local_task_job.py:156} INFO - Task exited with return code 0
[2022-06-11 18:36:11,115] {local_task_job.py:273} INFO - 1 downstream tasks scheduled from follow-on schedule check
