[2022-06-11 19:51:30,923] {taskinstance.py:1159} INFO - Dependencies all met for <TaskInstance: T-dbt-job-dimensions.dbt_clone_and_transform-dimensions manual__2022-06-11T19:51:29.879728+00:00 [queued]>
[2022-06-11 19:51:30,937] {taskinstance.py:1159} INFO - Dependencies all met for <TaskInstance: T-dbt-job-dimensions.dbt_clone_and_transform-dimensions manual__2022-06-11T19:51:29.879728+00:00 [queued]>
[2022-06-11 19:51:30,937] {taskinstance.py:1356} INFO - 
--------------------------------------------------------------------------------
[2022-06-11 19:51:30,937] {taskinstance.py:1357} INFO - Starting attempt 1 of 2
[2022-06-11 19:51:30,937] {taskinstance.py:1358} INFO - 
--------------------------------------------------------------------------------
[2022-06-11 19:51:30,954] {taskinstance.py:1377} INFO - Executing <Task(BashOperator): dbt_clone_and_transform-dimensions> on 2022-06-11 19:51:29.879728+00:00
[2022-06-11 19:51:30,963] {standard_task_runner.py:52} INFO - Started process 560 to run task
[2022-06-11 19:51:30,968] {standard_task_runner.py:79} INFO - Running: ['airflow', 'tasks', 'run', 'T-dbt-job-dimensions', 'dbt_clone_and_transform-dimensions', 'manual__2022-06-11T19:51:29.879728+00:00', '--job-id', '17', '--raw', '--subdir', 'DAGS_FOLDER/docker_job/dbt_model.py', '--cfg-path', '/tmp/tmpsmw41ii3', '--error-file', '/tmp/tmpqkr6j9rc']
[2022-06-11 19:51:30,968] {standard_task_runner.py:80} INFO - Job 17: Subtask dbt_clone_and_transform-dimensions
[2022-06-11 19:51:31,048] {task_command.py:370} INFO - Running <TaskInstance: T-dbt-job-dimensions.dbt_clone_and_transform-dimensions manual__2022-06-11T19:51:29.879728+00:00 [running]> on host e926c0944008
[2022-06-11 19:51:31,121] {taskinstance.py:1571} INFO - Exporting the following env vars:
AIRFLOW_CTX_DAG_EMAIL=samuelolle@yahoo.com
AIRFLOW_CTX_DAG_OWNER=airflow
AIRFLOW_CTX_DAG_ID=T-dbt-job-dimensions
AIRFLOW_CTX_TASK_ID=dbt_clone_and_transform-dimensions
AIRFLOW_CTX_EXECUTION_DATE=2022-06-11T19:51:29.879728+00:00
AIRFLOW_CTX_TRY_NUMBER=1
AIRFLOW_CTX_DAG_RUN_ID=manual__2022-06-11T19:51:29.879728+00:00
[2022-06-11 19:51:31,123] {subprocess.py:62} INFO - Tmp dir root location: 
 /tmp
[2022-06-11 19:51:31,123] {subprocess.py:74} INFO - Running command: ['bash', '-c', " rm -rf /tmp/dimensions && mkdir /tmp/dimensions                            && cp -r /tmp/dbt /tmp/dimensions/dbt                             && cd /tmp/dimensions/dbt && python3 -m venv venv                             && export PIP_USER=false                             && *** /tmp/dimensions/dbt/venv/bin/activate                             && pip  install --quiet --upgrade pip setuptools                             && pip3 install --quiet 'MarkupSafe<=2.0.1' 'dbt-postgres' 'dbt-core'                             && dbt --version && deactivate                             && cd /tmp/dimensions/dbt && *** /tmp/dimensions/dbt/venv/bin/activate                             && dbt deps --profiles-dir /tmp/dimensions/dbt/ && dbt seed --profiles-dir /tmp/dimensions/dbt/                             && dbt run --models dimensions --profiles-dir /tmp/dimensions/dbt/"]
[2022-06-11 19:51:31,135] {subprocess.py:85} INFO - Output:
[2022-06-11 19:52:04,849] {subprocess.py:92} INFO - Core:
[2022-06-11 19:52:04,850] {subprocess.py:92} INFO -   - installed: 1.1.0
[2022-06-11 19:52:04,850] {subprocess.py:92} INFO -   - latest:    1.1.0 - [32mUp to date![0m
[2022-06-11 19:52:04,850] {subprocess.py:92} INFO - 
[2022-06-11 19:52:04,850] {subprocess.py:92} INFO - Plugins:
[2022-06-11 19:52:04,850] {subprocess.py:92} INFO -   - postgres: 1.1.0 - [32mUp to date![0m
[2022-06-11 19:52:07,704] {subprocess.py:92} INFO - [0m19:52:07  Running with dbt=1.1.0
[2022-06-11 19:52:07,705] {subprocess.py:92} INFO - [0m19:52:07  Warning: No packages were found in packages.yml
[2022-06-11 19:52:10,595] {subprocess.py:92} INFO - [0m19:52:10  Running with dbt=1.1.0
[2022-06-11 19:52:10,609] {subprocess.py:92} INFO - [0m19:52:10  Partial parse save file not found. Starting full parse.
[2022-06-11 19:52:11,245] {subprocess.py:92} INFO - [0m19:52:11  [WARNING]: Configuration paths exist in your dbt_project.yml file which do not apply to any re***s.
[2022-06-11 19:52:11,245] {subprocess.py:92} INFO - There are 1 unused configuration paths:
[2022-06-11 19:52:11,245] {subprocess.py:92} INFO - - seeds.SAM
[2022-06-11 19:52:11,245] {subprocess.py:92} INFO - 
[2022-06-11 19:52:11,256] {subprocess.py:92} INFO - [0m19:52:11  Found 4 models, 6 tests, 0 snapshots, 0 analyses, 171 macros, 6 operations, 0 seed files, 4 ***s, 0 exposures, 0 metrics
[2022-06-11 19:52:11,258] {subprocess.py:92} INFO - [0m19:52:11
[2022-06-11 19:52:11,258] {subprocess.py:92} INFO - [0m19:52:11  [WARNING]: Nothing to do. Try checking your model configs and model specification args
[2022-06-11 19:52:11,265] {subprocess.py:92} INFO - [0m19:52:11
[2022-06-11 19:52:11,265] {subprocess.py:92} INFO - [0m19:52:11  Completed successfully
[2022-06-11 19:52:11,265] {subprocess.py:92} INFO - [0m19:52:11
[2022-06-11 19:52:11,266] {subprocess.py:92} INFO - [0m19:52:11  Done. PASS=0 WARN=0 ERROR=0 SKIP=0 TOTAL=0
[2022-06-11 19:52:14,131] {subprocess.py:92} INFO - [0m19:52:14  Running with dbt=1.1.0
[2022-06-11 19:52:14,162] {subprocess.py:92} INFO - [0m19:52:14  [WARNING]: Configuration paths exist in your dbt_project.yml file which do not apply to any re***s.
[2022-06-11 19:52:14,162] {subprocess.py:92} INFO - There are 1 unused configuration paths:
[2022-06-11 19:52:14,162] {subprocess.py:92} INFO - - seeds.SAM
[2022-06-11 19:52:14,163] {subprocess.py:92} INFO - 
[2022-06-11 19:52:14,176] {subprocess.py:92} INFO - [0m19:52:14  Found 4 models, 6 tests, 0 snapshots, 0 analyses, 171 macros, 6 operations, 0 seed files, 4 ***s, 0 exposures, 0 metrics
[2022-06-11 19:52:14,178] {subprocess.py:92} INFO - [0m19:52:14
[2022-06-11 19:52:14,261] {subprocess.py:92} INFO - [0m19:52:14  Concurrency: 4 threads (target='dev')
[2022-06-11 19:52:14,261] {subprocess.py:92} INFO - [0m19:52:14
[2022-06-11 19:52:14,271] {subprocess.py:92} INFO - [0m19:52:14  1 of 1 START table model analytics_objects.dim_date ............................ [RUN]
[2022-06-11 19:52:14,356] {subprocess.py:92} INFO - [0m19:52:14  1 of 1 OK created table model analytics_objects.dim_date ....................... [SELECT 546 in 0.09s]
[2022-06-11 19:52:14,376] {subprocess.py:92} INFO - [0m19:52:14
[2022-06-11 19:52:14,376] {subprocess.py:92} INFO - [0m19:52:14  Running 6 on-run-end hooks
[2022-06-11 19:52:14,386] {subprocess.py:92} INFO - [0m19:52:14  1 of 6 START hook: SAM.on-run-end.0 ............................................ [RUN]
[2022-06-11 19:52:14,388] {subprocess.py:92} INFO - [0m19:52:14  1 of 6 OK hook: SAM.on-run-end.0 ............................................... [ALTER DEFAULT PRIVILEGES in 0.00s]
[2022-06-11 19:52:14,393] {subprocess.py:92} INFO - [0m19:52:14  2 of 6 START hook: SAM.on-run-end.1 ............................................ [RUN]
[2022-06-11 19:52:14,396] {subprocess.py:92} INFO - [0m19:52:14  2 of 6 OK hook: SAM.on-run-end.1 ............................................... [ALTER DEFAULT PRIVILEGES in 0.00s]
[2022-06-11 19:52:14,400] {subprocess.py:92} INFO - [0m19:52:14  3 of 6 START hook: SAM.on-run-end.2 ............................................ [RUN]
[2022-06-11 19:52:14,402] {subprocess.py:92} INFO - [0m19:52:14  3 of 6 OK hook: SAM.on-run-end.2 ............................................... [ALTER DEFAULT PRIVILEGES in 0.00s]
[2022-06-11 19:52:14,406] {subprocess.py:92} INFO - [0m19:52:14  4 of 6 START hook: SAM.on-run-end.3 ............................................ [RUN]
[2022-06-11 19:52:14,409] {subprocess.py:92} INFO - [0m19:52:14  4 of 6 OK hook: SAM.on-run-end.3 ............................................... [ALTER DEFAULT PRIVILEGES in 0.00s]
[2022-06-11 19:52:14,413] {subprocess.py:92} INFO - [0m19:52:14  5 of 6 START hook: SAM.on-run-end.4 ............................................ [RUN]
[2022-06-11 19:52:14,415] {subprocess.py:92} INFO - [0m19:52:14  5 of 6 OK hook: SAM.on-run-end.4 ............................................... [ALTER DEFAULT PRIVILEGES in 0.00s]
[2022-06-11 19:52:14,418] {subprocess.py:92} INFO - [0m19:52:14  6 of 6 START hook: SAM.on-run-end.5 ............................................ [RUN]
[2022-06-11 19:52:14,421] {subprocess.py:92} INFO - [0m19:52:14  6 of 6 OK hook: SAM.on-run-end.5 ............................................... [ALTER DEFAULT PRIVILEGES in 0.00s]
[2022-06-11 19:52:14,421] {subprocess.py:92} INFO - [0m19:52:14
[2022-06-11 19:52:14,423] {subprocess.py:92} INFO - [0m19:52:14
[2022-06-11 19:52:14,423] {subprocess.py:92} INFO - [0m19:52:14  Finished running 1 table model, 6 hooks in 0.24s.
[2022-06-11 19:52:14,429] {subprocess.py:92} INFO - [0m19:52:14
[2022-06-11 19:52:14,430] {subprocess.py:92} INFO - [0m19:52:14  Completed successfully
[2022-06-11 19:52:14,430] {subprocess.py:92} INFO - [0m19:52:14
[2022-06-11 19:52:14,431] {subprocess.py:92} INFO - [0m19:52:14  Done. PASS=1 WARN=0 ERROR=0 SKIP=0 TOTAL=1
[2022-06-11 19:52:14,616] {subprocess.py:96} INFO - Command exited with return code 0
[2022-06-11 19:52:14,650] {taskinstance.py:1400} INFO - Marking task as SUCCESS. dag_id=T-dbt-job-dimensions, task_id=dbt_clone_and_transform-dimensions, execution_date=20220611T195129, start_date=20220611T195130, end_date=20220611T195214
[2022-06-11 19:52:14,685] {local_task_job.py:156} INFO - Task exited with return code 0
[2022-06-11 19:52:14,713] {local_task_job.py:273} INFO - 1 downstream tasks scheduled from follow-on schedule check
