[2022-06-12 18:52:26,072] {taskinstance.py:1159} INFO - Dependencies all met for <TaskInstance: T-dbt-job-dimensions.dbt_clone_and_transform-dimensions manual__2022-06-12T18:52:25.812564+00:00 [queued]>
[2022-06-12 18:52:26,086] {taskinstance.py:1159} INFO - Dependencies all met for <TaskInstance: T-dbt-job-dimensions.dbt_clone_and_transform-dimensions manual__2022-06-12T18:52:25.812564+00:00 [queued]>
[2022-06-12 18:52:26,086] {taskinstance.py:1356} INFO - 
--------------------------------------------------------------------------------
[2022-06-12 18:52:26,087] {taskinstance.py:1357} INFO - Starting attempt 1 of 2
[2022-06-12 18:52:26,087] {taskinstance.py:1358} INFO - 
--------------------------------------------------------------------------------
[2022-06-12 18:52:26,107] {taskinstance.py:1377} INFO - Executing <Task(BashOperator): dbt_clone_and_transform-dimensions> on 2022-06-12 18:52:25.812564+00:00
[2022-06-12 18:52:26,114] {standard_task_runner.py:52} INFO - Started process 5499 to run task
[2022-06-12 18:52:26,118] {standard_task_runner.py:79} INFO - Running: ['airflow', 'tasks', 'run', 'T-dbt-job-dimensions', 'dbt_clone_and_transform-dimensions', 'manual__2022-06-12T18:52:25.812564+00:00', '--job-id', '211', '--raw', '--subdir', 'DAGS_FOLDER/docker_job/dbt_model.py', '--cfg-path', '/tmp/tmpj7ctwbmo', '--error-file', '/tmp/tmp80_xbj3v']
[2022-06-12 18:52:26,118] {standard_task_runner.py:80} INFO - Job 211: Subtask dbt_clone_and_transform-dimensions
[2022-06-12 18:52:26,191] {task_command.py:370} INFO - Running <TaskInstance: T-dbt-job-dimensions.dbt_clone_and_transform-dimensions manual__2022-06-12T18:52:25.812564+00:00 [running]> on host e926c0944008
[2022-06-12 18:52:26,283] {taskinstance.py:1571} INFO - Exporting the following env vars:
AIRFLOW_CTX_DAG_EMAIL=samuelolle@yahoo.com
AIRFLOW_CTX_DAG_OWNER=airflow
AIRFLOW_CTX_DAG_ID=T-dbt-job-dimensions
AIRFLOW_CTX_TASK_ID=dbt_clone_and_transform-dimensions
AIRFLOW_CTX_EXECUTION_DATE=2022-06-12T18:52:25.812564+00:00
AIRFLOW_CTX_TRY_NUMBER=1
AIRFLOW_CTX_DAG_RUN_ID=manual__2022-06-12T18:52:25.812564+00:00
[2022-06-12 18:52:26,284] {subprocess.py:62} INFO - Tmp dir root location: 
 /tmp
[2022-06-12 18:52:26,284] {subprocess.py:74} INFO - Running command: ['bash', '-c', " rm -rf /tmp/dimensions && mkdir /tmp/dimensions                            && cp -r /tmp/dbt /tmp/dimensions/dbt                             && cd /tmp/dimensions/dbt && python3 -m venv venv                             && export PIP_USER=false                             && *** /tmp/dimensions/dbt/venv/bin/activate                             && pip  install --quiet --upgrade pip setuptools                             && pip3 install --quiet 'MarkupSafe<=2.0.1' 'dbt-postgres' 'dbt-core'                             && dbt --version && deactivate                             && cd /tmp/dimensions/dbt && *** /tmp/dimensions/dbt/venv/bin/activate                             && dbt deps --profiles-dir /tmp/dimensions/dbt/ && dbt seed --profiles-dir /tmp/dimensions/dbt/                             && dbt run --models dimensions --profiles-dir /tmp/dimensions/dbt/"]
[2022-06-12 18:52:26,298] {subprocess.py:85} INFO - Output:
[2022-06-12 18:53:12,251] {subprocess.py:92} INFO - Core:
[2022-06-12 18:53:12,251] {subprocess.py:92} INFO -   - installed: 1.1.0
[2022-06-12 18:53:12,251] {subprocess.py:92} INFO -   - latest:    1.1.0 - [32mUp to date![0m
[2022-06-12 18:53:12,251] {subprocess.py:92} INFO - 
[2022-06-12 18:53:12,251] {subprocess.py:92} INFO - Plugins:
[2022-06-12 18:53:12,251] {subprocess.py:92} INFO -   - postgres: 1.1.0 - [32mUp to date![0m
[2022-06-12 18:53:15,934] {subprocess.py:92} INFO - [0m18:53:15  Running with dbt=1.1.0
[2022-06-12 18:53:15,936] {subprocess.py:92} INFO - [0m18:53:15  Warning: No packages were found in packages.yml
[2022-06-12 18:53:19,709] {subprocess.py:92} INFO - [0m18:53:19  Running with dbt=1.1.0
[2022-06-12 18:53:19,730] {subprocess.py:92} INFO - [0m18:53:19  Partial parse save file not found. Starting full parse.
[2022-06-12 18:53:20,631] {subprocess.py:92} INFO - [0m18:53:20  [WARNING]: Configuration paths exist in your dbt_project.yml file which do not apply to any re***s.
[2022-06-12 18:53:20,632] {subprocess.py:92} INFO - There are 1 unused configuration paths:
[2022-06-12 18:53:20,632] {subprocess.py:92} INFO - - seeds.SAM
[2022-06-12 18:53:20,632] {subprocess.py:92} INFO - 
[2022-06-12 18:53:20,667] {subprocess.py:92} INFO - [0m18:53:20  Found 6 models, 6 tests, 0 snapshots, 0 analyses, 172 macros, 6 operations, 0 seed files, 4 ***s, 0 exposures, 0 metrics
[2022-06-12 18:53:20,671] {subprocess.py:92} INFO - [0m18:53:20
[2022-06-12 18:53:20,673] {subprocess.py:92} INFO - [0m18:53:20  [WARNING]: Nothing to do. Try checking your model configs and model specification args
[2022-06-12 18:53:20,684] {subprocess.py:92} INFO - [0m18:53:20
[2022-06-12 18:53:20,686] {subprocess.py:92} INFO - [0m18:53:20  Completed successfully
[2022-06-12 18:53:20,686] {subprocess.py:92} INFO - [0m18:53:20
[2022-06-12 18:53:20,687] {subprocess.py:92} INFO - [0m18:53:20  Done. PASS=0 WARN=0 ERROR=0 SKIP=0 TOTAL=0
[2022-06-12 18:53:24,928] {subprocess.py:92} INFO - [0m18:53:24  Running with dbt=1.1.0
[2022-06-12 18:53:24,980] {subprocess.py:92} INFO - [0m18:53:24  [WARNING]: Configuration paths exist in your dbt_project.yml file which do not apply to any re***s.
[2022-06-12 18:53:24,980] {subprocess.py:92} INFO - There are 1 unused configuration paths:
[2022-06-12 18:53:24,980] {subprocess.py:92} INFO - - seeds.SAM
[2022-06-12 18:53:24,980] {subprocess.py:92} INFO - 
[2022-06-12 18:53:25,000] {subprocess.py:92} INFO - [0m18:53:24  Found 6 models, 6 tests, 0 snapshots, 0 analyses, 172 macros, 6 operations, 0 seed files, 4 ***s, 0 exposures, 0 metrics
[2022-06-12 18:53:25,005] {subprocess.py:92} INFO - [0m18:53:25
[2022-06-12 18:53:25,097] {subprocess.py:92} INFO - [0m18:53:25  Concurrency: 4 threads (target='dev')
[2022-06-12 18:53:25,097] {subprocess.py:92} INFO - [0m18:53:25
[2022-06-12 18:53:25,109] {subprocess.py:92} INFO - [0m18:53:25  1 of 2 START table model analytics_dim.dim_date ................................ [RUN]
[2022-06-12 18:53:25,110] {subprocess.py:92} INFO - [0m18:53:25  2 of 2 START incremental model analytics_dim.dim_walls ......................... [RUN]
[2022-06-12 18:53:25,352] {subprocess.py:92} INFO - [0m18:53:25  1 of 2 OK created table model analytics_dim.dim_date ........................... [SELECT 546 in 0.24s]
[2022-06-12 18:53:25,387] {subprocess.py:92} INFO - [0m18:53:25  2 of 2 OK created incremental model analytics_dim.dim_walls .................... [INSERT 0 8 in 0.28s]
[2022-06-12 18:53:25,425] {subprocess.py:92} INFO - [0m18:53:25
[2022-06-12 18:53:25,426] {subprocess.py:92} INFO - [0m18:53:25  Running 6 on-run-end hooks
[2022-06-12 18:53:25,433] {subprocess.py:92} INFO - [0m18:53:25  1 of 6 START hook: SAM.on-run-end.0 ............................................ [RUN]
[2022-06-12 18:53:25,437] {subprocess.py:92} INFO - [0m18:53:25  1 of 6 OK hook: SAM.on-run-end.0 ............................................... [ALTER DEFAULT PRIVILEGES in 0.00s]
[2022-06-12 18:53:25,442] {subprocess.py:92} INFO - [0m18:53:25  2 of 6 START hook: SAM.on-run-end.1 ............................................ [RUN]
[2022-06-12 18:53:25,449] {subprocess.py:92} INFO - [0m18:53:25  2 of 6 OK hook: SAM.on-run-end.1 ............................................... [ALTER DEFAULT PRIVILEGES in 0.01s]
[2022-06-12 18:53:25,456] {subprocess.py:92} INFO - [0m18:53:25  3 of 6 START hook: SAM.on-run-end.2 ............................................ [RUN]
[2022-06-12 18:53:25,460] {subprocess.py:92} INFO - [0m18:53:25  3 of 6 OK hook: SAM.on-run-end.2 ............................................... [ALTER DEFAULT PRIVILEGES in 0.00s]
[2022-06-12 18:53:25,464] {subprocess.py:92} INFO - [0m18:53:25  4 of 6 START hook: SAM.on-run-end.3 ............................................ [RUN]
[2022-06-12 18:53:25,470] {subprocess.py:92} INFO - [0m18:53:25  4 of 6 OK hook: SAM.on-run-end.3 ............................................... [ALTER DEFAULT PRIVILEGES in 0.00s]
[2022-06-12 18:53:25,473] {subprocess.py:92} INFO - [0m18:53:25  5 of 6 START hook: SAM.on-run-end.4 ............................................ [RUN]
[2022-06-12 18:53:25,474] {subprocess.py:92} INFO - [0m18:53:25  5 of 6 OK hook: SAM.on-run-end.4 ............................................... [ALTER DEFAULT PRIVILEGES in 0.00s]
[2022-06-12 18:53:25,479] {subprocess.py:92} INFO - [0m18:53:25  6 of 6 START hook: SAM.on-run-end.5 ............................................ [RUN]
[2022-06-12 18:53:25,482] {subprocess.py:92} INFO - [0m18:53:25  6 of 6 OK hook: SAM.on-run-end.5 ............................................... [ALTER DEFAULT PRIVILEGES in 0.00s]
[2022-06-12 18:53:25,482] {subprocess.py:92} INFO - [0m18:53:25
[2022-06-12 18:53:25,485] {subprocess.py:92} INFO - [0m18:53:25
[2022-06-12 18:53:25,485] {subprocess.py:92} INFO - [0m18:53:25  Finished running 1 table model, 1 incremental model, 6 hooks in 0.48s.
[2022-06-12 18:53:25,495] {subprocess.py:92} INFO - [0m18:53:25
[2022-06-12 18:53:25,496] {subprocess.py:92} INFO - [0m18:53:25  Completed successfully
[2022-06-12 18:53:25,496] {subprocess.py:92} INFO - [0m18:53:25
[2022-06-12 18:53:25,496] {subprocess.py:92} INFO - [0m18:53:25  Done. PASS=2 WARN=0 ERROR=0 SKIP=0 TOTAL=2
[2022-06-12 18:53:25,766] {subprocess.py:96} INFO - Command exited with return code 0
[2022-06-12 18:53:25,817] {taskinstance.py:1400} INFO - Marking task as SUCCESS. dag_id=T-dbt-job-dimensions, task_id=dbt_clone_and_transform-dimensions, execution_date=20220612T185225, start_date=20220612T185226, end_date=20220612T185325
[2022-06-12 18:53:25,839] {local_task_job.py:156} INFO - Task exited with return code 0
[2022-06-12 18:53:25,876] {local_task_job.py:273} INFO - 1 downstream tasks scheduled from follow-on schedule check
