[2022-06-11 17:08:45,196] {taskinstance.py:1159} INFO - Dependencies all met for <TaskInstance: T-dbt-job-objects.dbt_clone_and_transform-objects scheduled__2022-06-11T14:52:39.331964+00:00 [queued]>
[2022-06-11 17:08:45,206] {taskinstance.py:1159} INFO - Dependencies all met for <TaskInstance: T-dbt-job-objects.dbt_clone_and_transform-objects scheduled__2022-06-11T14:52:39.331964+00:00 [queued]>
[2022-06-11 17:08:45,206] {taskinstance.py:1356} INFO - 
--------------------------------------------------------------------------------
[2022-06-11 17:08:45,206] {taskinstance.py:1357} INFO - Starting attempt 3 of 4
[2022-06-11 17:08:45,206] {taskinstance.py:1358} INFO - 
--------------------------------------------------------------------------------
[2022-06-11 17:08:45,220] {taskinstance.py:1377} INFO - Executing <Task(BashOperator): dbt_clone_and_transform-objects> on 2022-06-11 14:52:39.331964+00:00
[2022-06-11 17:08:45,227] {standard_task_runner.py:52} INFO - Started process 631 to run task
[2022-06-11 17:08:45,231] {standard_task_runner.py:79} INFO - Running: ['airflow', 'tasks', 'run', 'T-dbt-job-objects', 'dbt_clone_and_transform-objects', 'scheduled__2022-06-11T14:52:39.331964+00:00', '--job-id', '46', '--raw', '--subdir', 'DAGS_FOLDER/docker_job/dbt_test.py', '--cfg-path', '/tmp/tmp9w_oj8jq', '--error-file', '/tmp/tmpx42km9p9']
[2022-06-11 17:08:45,232] {standard_task_runner.py:80} INFO - Job 46: Subtask dbt_clone_and_transform-objects
[2022-06-11 17:08:45,243] {warnings.py:110} WARNING - /home/airflow/.local/lib/python3.7/site-packages/airflow/configuration.py:525: DeprecationWarning: The sql_alchemy_conn option in [core] has been moved to the sql_alchemy_conn option in [database] - the old setting has been used, but please update your config.
  option = self._get_environment_variables(deprecated_key, deprecated_section, key, section)

[2022-06-11 17:08:45,299] {task_command.py:370} INFO - Running <TaskInstance: T-dbt-job-objects.dbt_clone_and_transform-objects scheduled__2022-06-11T14:52:39.331964+00:00 [running]> on host d8836eb746ac
[2022-06-11 17:08:45,367] {taskinstance.py:1571} INFO - Exporting the following env vars:
AIRFLOW_CTX_DAG_EMAIL=samuelolle@yahoo.com
AIRFLOW_CTX_DAG_OWNER=airflow
AIRFLOW_CTX_DAG_ID=T-dbt-job-objects
AIRFLOW_CTX_TASK_ID=dbt_clone_and_transform-objects
AIRFLOW_CTX_EXECUTION_DATE=2022-06-11T14:52:39.331964+00:00
AIRFLOW_CTX_TRY_NUMBER=3
AIRFLOW_CTX_DAG_RUN_ID=scheduled__2022-06-11T14:52:39.331964+00:00
[2022-06-11 17:08:45,368] {subprocess.py:62} INFO - Tmp dir root location: 
 /tmp
[2022-06-11 17:08:45,369] {subprocess.py:74} INFO - Running command: ['bash', '-c', " rm -rf /tmp/objects && mkdir /tmp/objects                            && cp -r /tmp/dbt /tmp/objects/dbt                             && cd /tmp/objects/dbt && python3 -m venv venv                             && export PIP_USER=false                             && *** /tmp/objects/dbt/venv/bin/activate                             && pip  install --quiet --upgrade pip setuptools                             && pip3 install --quiet 'MarkupSafe<=2.0.1' 'dbt-postgres' 'dbt-core'                             && dbt --version && deactivate                             && cd /tmp/objects/dbt && *** /tmp/objects/dbt/venv/bin/activate                             && dbt deps --profiles-dir /tmp/objects/dbt/ && dbt seed --profiles-dir /tmp/objects/dbt/                             && dbt run --models objects --profiles-dir /tmp/objects/dbt/"]
[2022-06-11 17:08:45,380] {subprocess.py:85} INFO - Output:
[2022-06-11 17:09:24,531] {subprocess.py:92} INFO - Core:
[2022-06-11 17:09:24,531] {subprocess.py:92} INFO -   - installed: 1.1.0
[2022-06-11 17:09:24,531] {subprocess.py:92} INFO -   - latest:    1.1.0 - [32mUp to date![0m
[2022-06-11 17:09:24,531] {subprocess.py:92} INFO - 
[2022-06-11 17:09:24,531] {subprocess.py:92} INFO - Plugins:
[2022-06-11 17:09:24,531] {subprocess.py:92} INFO -   - postgres: 1.1.0 - [32mUp to date![0m
[2022-06-11 17:09:27,919] {subprocess.py:92} INFO - [0m17:09:27  Running with dbt=1.1.0
[2022-06-11 17:09:27,922] {subprocess.py:92} INFO - [0m17:09:27  Warning: No packages were found in packages.yml
[2022-06-11 17:09:32,426] {subprocess.py:92} INFO - [0m17:09:32  Running with dbt=1.1.0
[2022-06-11 17:09:32,443] {subprocess.py:92} INFO - [0m17:09:32  Partial parse save file not found. Starting full parse.
[2022-06-11 17:09:33,124] {subprocess.py:92} INFO - [0m17:09:33  [WARNING]: Configuration paths exist in your dbt_project.yml file which do not apply to any re***s.
[2022-06-11 17:09:33,124] {subprocess.py:92} INFO - There are 1 unused configuration paths:
[2022-06-11 17:09:33,124] {subprocess.py:92} INFO - - seeds.SAM
[2022-06-11 17:09:33,124] {subprocess.py:92} INFO - 
[2022-06-11 17:09:33,137] {subprocess.py:92} INFO - [0m17:09:33  Found 4 models, 6 tests, 0 snapshots, 0 analyses, 171 macros, 4 operations, 0 seed files, 4 ***s, 0 exposures, 0 metrics
[2022-06-11 17:09:33,139] {subprocess.py:92} INFO - [0m17:09:33
[2022-06-11 17:09:33,139] {subprocess.py:92} INFO - [0m17:09:33  [WARNING]: Nothing to do. Try checking your model configs and model specification args
[2022-06-11 17:09:33,147] {subprocess.py:92} INFO - [0m17:09:33
[2022-06-11 17:09:33,147] {subprocess.py:92} INFO - [0m17:09:33  Completed successfully
[2022-06-11 17:09:33,147] {subprocess.py:92} INFO - [0m17:09:33
[2022-06-11 17:09:33,147] {subprocess.py:92} INFO - [0m17:09:33  Done. PASS=0 WARN=0 ERROR=0 SKIP=0 TOTAL=0
[2022-06-11 17:09:36,392] {subprocess.py:92} INFO - [0m17:09:36  Running with dbt=1.1.0
[2022-06-11 17:09:36,431] {subprocess.py:92} INFO - [0m17:09:36  [WARNING]: Configuration paths exist in your dbt_project.yml file which do not apply to any re***s.
[2022-06-11 17:09:36,432] {subprocess.py:92} INFO - There are 1 unused configuration paths:
[2022-06-11 17:09:36,432] {subprocess.py:92} INFO - - seeds.SAM
[2022-06-11 17:09:36,432] {subprocess.py:92} INFO - 
[2022-06-11 17:09:36,446] {subprocess.py:92} INFO - [0m17:09:36  Found 4 models, 6 tests, 0 snapshots, 0 analyses, 171 macros, 4 operations, 0 seed files, 4 ***s, 0 exposures, 0 metrics
[2022-06-11 17:09:36,448] {subprocess.py:92} INFO - [0m17:09:36
[2022-06-11 17:09:36,542] {subprocess.py:92} INFO - [0m17:09:36  Concurrency: 4 threads (target='dev')
[2022-06-11 17:09:36,542] {subprocess.py:92} INFO - [0m17:09:36
[2022-06-11 17:09:36,554] {subprocess.py:92} INFO - [0m17:09:36  1 of 1 START view model analytics_object.obj_walls ............................. [RUN]
[2022-06-11 17:09:36,643] {subprocess.py:92} INFO - [0m17:09:36  1 of 1 OK created view model analytics_object.obj_walls ........................ [CREATE VIEW in 0.09s]
[2022-06-11 17:09:36,661] {subprocess.py:92} INFO - [0m17:09:36
[2022-06-11 17:09:36,662] {subprocess.py:92} INFO - [0m17:09:36  Running 4 on-run-end hooks
[2022-06-11 17:09:36,675] {subprocess.py:92} INFO - [0m17:09:36  1 of 4 START hook: SAM.on-run-end.0 ............................................ [RUN]
[2022-06-11 17:09:36,679] {subprocess.py:92} INFO - [0m17:09:36  1 of 4 OK hook: SAM.on-run-end.0 ............................................... [ALTER DEFAULT PRIVILEGES in 0.00s]
[2022-06-11 17:09:36,693] {subprocess.py:92} INFO - [0m17:09:36  2 of 4 START hook: SAM.on-run-end.1 ............................................ [RUN]
[2022-06-11 17:09:36,697] {subprocess.py:92} INFO - [0m17:09:36  2 of 4 OK hook: SAM.on-run-end.1 ............................................... [ALTER DEFAULT PRIVILEGES in 0.00s]
[2022-06-11 17:09:36,705] {subprocess.py:92} INFO - [0m17:09:36  3 of 4 START hook: SAM.on-run-end.2 ............................................ [RUN]
[2022-06-11 17:09:36,709] {subprocess.py:92} INFO - [0m17:09:36  3 of 4 OK hook: SAM.on-run-end.2 ............................................... [ALTER DEFAULT PRIVILEGES in 0.00s]
[2022-06-11 17:09:36,713] {subprocess.py:92} INFO - [0m17:09:36  4 of 4 START hook: SAM.on-run-end.3 ............................................ [RUN]
[2022-06-11 17:09:36,716] {subprocess.py:92} INFO - [0m17:09:36  4 of 4 OK hook: SAM.on-run-end.3 ............................................... [ALTER DEFAULT PRIVILEGES in 0.00s]
[2022-06-11 17:09:36,716] {subprocess.py:92} INFO - [0m17:09:36
[2022-06-11 17:09:36,717] {subprocess.py:92} INFO - [0m17:09:36
[2022-06-11 17:09:36,718] {subprocess.py:92} INFO - [0m17:09:36  Finished running 1 view model, 4 hooks in 0.27s.
[2022-06-11 17:09:36,727] {subprocess.py:92} INFO - [0m17:09:36
[2022-06-11 17:09:36,727] {subprocess.py:92} INFO - [0m17:09:36  Completed successfully
[2022-06-11 17:09:36,728] {subprocess.py:92} INFO - [0m17:09:36
[2022-06-11 17:09:36,728] {subprocess.py:92} INFO - [0m17:09:36  Done. PASS=1 WARN=0 ERROR=0 SKIP=0 TOTAL=1
[2022-06-11 17:09:36,951] {subprocess.py:96} INFO - Command exited with return code 0
[2022-06-11 17:09:36,995] {taskinstance.py:1400} INFO - Marking task as SUCCESS. dag_id=T-dbt-job-objects, task_id=dbt_clone_and_transform-objects, execution_date=20220611T145239, start_date=20220611T170845, end_date=20220611T170936
[2022-06-11 17:09:37,041] {local_task_job.py:156} INFO - Task exited with return code 0
[2022-06-11 17:09:37,077] {local_task_job.py:273} INFO - 1 downstream tasks scheduled from follow-on schedule check
