[2022-06-20 01:19:51,169] {taskinstance.py:1159} INFO - Dependencies all met for <TaskInstance: T-dbt-job-dimensions.dbt_cleanup-dimensions scheduled__2022-06-19T23:19:09.698950+00:00 [queued]>
[2022-06-20 01:19:51,177] {taskinstance.py:1159} INFO - Dependencies all met for <TaskInstance: T-dbt-job-dimensions.dbt_cleanup-dimensions scheduled__2022-06-19T23:19:09.698950+00:00 [queued]>
[2022-06-20 01:19:51,177] {taskinstance.py:1356} INFO - 
--------------------------------------------------------------------------------
[2022-06-20 01:19:51,177] {taskinstance.py:1357} INFO - Starting attempt 1 of 2
[2022-06-20 01:19:51,177] {taskinstance.py:1358} INFO - 
--------------------------------------------------------------------------------
[2022-06-20 01:19:51,190] {taskinstance.py:1377} INFO - Executing <Task(BashOperator): dbt_cleanup-dimensions> on 2022-06-19 23:19:09.698950+00:00
[2022-06-20 01:19:51,195] {standard_task_runner.py:52} INFO - Started process 1852 to run task
[2022-06-20 01:19:51,198] {standard_task_runner.py:79} INFO - Running: ['airflow', 'tasks', 'run', 'T-dbt-job-dimensions', 'dbt_cleanup-dimensions', 'scheduled__2022-06-19T23:19:09.698950+00:00', '--job-id', '70', '--raw', '--subdir', 'DAGS_FOLDER/docker_job/dbt_model.py', '--cfg-path', '/tmp/tmp0vznrcc0', '--error-file', '/tmp/tmpotcyngwm']
[2022-06-20 01:19:51,199] {standard_task_runner.py:80} INFO - Job 70: Subtask dbt_cleanup-dimensions
[2022-06-20 01:19:51,210] {warnings.py:110} WARNING - /home/airflow/.local/lib/python3.7/site-packages/airflow/configuration.py:525: DeprecationWarning: The sql_alchemy_conn option in [core] has been moved to the sql_alchemy_conn option in [database] - the old setting has been used, but please update your config.
  option = self._get_environment_variables(deprecated_key, deprecated_section, key, section)

[2022-06-20 01:19:51,247] {task_command.py:370} INFO - Running <TaskInstance: T-dbt-job-dimensions.dbt_cleanup-dimensions scheduled__2022-06-19T23:19:09.698950+00:00 [running]> on host 7cbff6e51e2a
[2022-06-20 01:19:51,308] {taskinstance.py:1571} INFO - Exporting the following env vars:
AIRFLOW_CTX_DAG_EMAIL=samuelolle@yahoo.com
AIRFLOW_CTX_DAG_OWNER=airflow
AIRFLOW_CTX_DAG_ID=T-dbt-job-dimensions
AIRFLOW_CTX_TASK_ID=dbt_cleanup-dimensions
AIRFLOW_CTX_EXECUTION_DATE=2022-06-19T23:19:09.698950+00:00
AIRFLOW_CTX_TRY_NUMBER=1
AIRFLOW_CTX_DAG_RUN_ID=scheduled__2022-06-19T23:19:09.698950+00:00
[2022-06-20 01:19:51,309] {subprocess.py:62} INFO - Tmp dir root location: 
 /tmp
[2022-06-20 01:19:51,310] {subprocess.py:74} INFO - Running command: ['bash', '-c', 'rm -rf /tmp/dimensions && rm -rf /tmp/tmp* 2>/dev/null || exit 0']
[2022-06-20 01:19:51,318] {subprocess.py:85} INFO - Output:
[2022-06-20 01:19:51,426] {subprocess.py:96} INFO - Command exited with return code 0
[2022-06-20 01:19:51,452] {taskinstance.py:1400} INFO - Marking task as SUCCESS. dag_id=T-dbt-job-dimensions, task_id=dbt_cleanup-dimensions, execution_date=20220619T231909, start_date=20220620T011951, end_date=20220620T011951
[2022-06-20 01:19:51,491] {local_task_job.py:156} INFO - Task exited with return code 0
[2022-06-20 01:19:51,519] {local_task_job.py:273} INFO - 0 downstream tasks scheduled from follow-on schedule check
