[2022-06-12 23:01:12,027] {taskinstance.py:1159} INFO - Dependencies all met for <TaskInstance: T-dbt-job-cdc_load.dbt_cleanup-cdc_load scheduled__2022-06-12T21:01:07.543002+00:00 [queued]>
[2022-06-12 23:01:12,055] {taskinstance.py:1159} INFO - Dependencies all met for <TaskInstance: T-dbt-job-cdc_load.dbt_cleanup-cdc_load scheduled__2022-06-12T21:01:07.543002+00:00 [queued]>
[2022-06-12 23:01:12,055] {taskinstance.py:1356} INFO - 
--------------------------------------------------------------------------------
[2022-06-12 23:01:12,056] {taskinstance.py:1357} INFO - Starting attempt 1 of 2
[2022-06-12 23:01:12,056] {taskinstance.py:1358} INFO - 
--------------------------------------------------------------------------------
[2022-06-12 23:01:12,089] {taskinstance.py:1377} INFO - Executing <Task(BashOperator): dbt_cleanup-cdc_load> on 2022-06-12 21:01:07.543002+00:00
[2022-06-12 23:01:12,097] {standard_task_runner.py:52} INFO - Started process 159 to run task
[2022-06-12 23:01:12,103] {standard_task_runner.py:79} INFO - Running: ['airflow', 'tasks', 'run', 'T-dbt-job-cdc_load', 'dbt_cleanup-cdc_load', 'scheduled__2022-06-12T21:01:07.543002+00:00', '--job-id', '21', '--raw', '--subdir', 'DAGS_FOLDER/docker_job/dbt_test.py', '--cfg-path', '/tmp/tmpvpppr0g5', '--error-file', '/tmp/tmp5osx0qau']
[2022-06-12 23:01:12,104] {standard_task_runner.py:80} INFO - Job 21: Subtask dbt_cleanup-cdc_load
[2022-06-12 23:01:12,121] {warnings.py:110} WARNING - /home/airflow/.local/lib/python3.7/site-packages/airflow/configuration.py:525: DeprecationWarning: The sql_alchemy_conn option in [core] has been moved to the sql_alchemy_conn option in [database] - the old setting has been used, but please update your config.
  option = self._get_environment_variables(deprecated_key, deprecated_section, key, section)

[2022-06-12 23:01:12,188] {task_command.py:370} INFO - Running <TaskInstance: T-dbt-job-cdc_load.dbt_cleanup-cdc_load scheduled__2022-06-12T21:01:07.543002+00:00 [running]> on host f269bd168226
[2022-06-12 23:01:12,284] {taskinstance.py:1571} INFO - Exporting the following env vars:
AIRFLOW_CTX_DAG_EMAIL=samuelolle@yahoo.com
AIRFLOW_CTX_DAG_OWNER=airflow
AIRFLOW_CTX_DAG_ID=T-dbt-job-cdc_load
AIRFLOW_CTX_TASK_ID=dbt_cleanup-cdc_load
AIRFLOW_CTX_EXECUTION_DATE=2022-06-12T21:01:07.543002+00:00
AIRFLOW_CTX_TRY_NUMBER=1
AIRFLOW_CTX_DAG_RUN_ID=scheduled__2022-06-12T21:01:07.543002+00:00
[2022-06-12 23:01:12,286] {subprocess.py:62} INFO - Tmp dir root location: 
 /tmp
[2022-06-12 23:01:12,287] {subprocess.py:74} INFO - Running command: ['bash', '-c', 'rm -rf /tmp/cdc_load && rm -rf /tmp/tmp* 2>/dev/null || exit 0']
[2022-06-12 23:01:12,305] {subprocess.py:85} INFO - Output:
[2022-06-12 23:01:12,322] {subprocess.py:96} INFO - Command exited with return code 0
[2022-06-12 23:01:12,355] {taskinstance.py:1400} INFO - Marking task as SUCCESS. dag_id=T-dbt-job-cdc_load, task_id=dbt_cleanup-cdc_load, execution_date=20220612T210107, start_date=20220612T230112, end_date=20220612T230112
[2022-06-12 23:01:12,397] {local_task_job.py:156} INFO - Task exited with return code 0
[2022-06-12 23:01:12,431] {local_task_job.py:273} INFO - 0 downstream tasks scheduled from follow-on schedule check
