[2022-06-14 05:09:56,763] {taskinstance.py:1159} INFO - Dependencies all met for <TaskInstance: T-dbt-job-dimensions.dbt_clone_and_transform-dimensions scheduled__2022-06-14T03:09:56.320242+00:00 [queued]>
[2022-06-14 05:09:56,772] {taskinstance.py:1159} INFO - Dependencies all met for <TaskInstance: T-dbt-job-dimensions.dbt_clone_and_transform-dimensions scheduled__2022-06-14T03:09:56.320242+00:00 [queued]>
[2022-06-14 05:09:56,772] {taskinstance.py:1356} INFO - 
--------------------------------------------------------------------------------
[2022-06-14 05:09:56,772] {taskinstance.py:1357} INFO - Starting attempt 1 of 2
[2022-06-14 05:09:56,772] {taskinstance.py:1358} INFO - 
--------------------------------------------------------------------------------
[2022-06-14 05:09:56,786] {taskinstance.py:1377} INFO - Executing <Task(BashOperator): dbt_clone_and_transform-dimensions> on 2022-06-14 03:09:56.320242+00:00
[2022-06-14 05:09:56,791] {standard_task_runner.py:52} INFO - Started process 1508 to run task
[2022-06-14 05:09:56,794] {standard_task_runner.py:79} INFO - Running: ['airflow', 'tasks', 'run', 'T-dbt-job-dimensions', 'dbt_clone_and_transform-dimensions', 'scheduled__2022-06-14T03:09:56.320242+00:00', '--job-id', '185', '--raw', '--subdir', 'DAGS_FOLDER/docker_job/dbt_model.py', '--cfg-path', '/tmp/tmp9z7tf5zi', '--error-file', '/tmp/tmp4kr04xa1']
[2022-06-14 05:09:56,794] {standard_task_runner.py:80} INFO - Job 185: Subtask dbt_clone_and_transform-dimensions
[2022-06-14 05:09:56,807] {warnings.py:110} WARNING - /home/airflow/.local/lib/python3.7/site-packages/airflow/configuration.py:525: DeprecationWarning: The sql_alchemy_conn option in [core] has been moved to the sql_alchemy_conn option in [database] - the old setting has been used, but please update your config.
  option = self._get_environment_variables(deprecated_key, deprecated_section, key, section)

[2022-06-14 05:09:56,846] {task_command.py:370} INFO - Running <TaskInstance: T-dbt-job-dimensions.dbt_clone_and_transform-dimensions scheduled__2022-06-14T03:09:56.320242+00:00 [running]> on host f269bd168226
[2022-06-14 05:09:56,910] {taskinstance.py:1571} INFO - Exporting the following env vars:
AIRFLOW_CTX_DAG_EMAIL=samuelolle@yahoo.com
AIRFLOW_CTX_DAG_OWNER=airflow
AIRFLOW_CTX_DAG_ID=T-dbt-job-dimensions
AIRFLOW_CTX_TASK_ID=dbt_clone_and_transform-dimensions
AIRFLOW_CTX_EXECUTION_DATE=2022-06-14T03:09:56.320242+00:00
AIRFLOW_CTX_TRY_NUMBER=1
AIRFLOW_CTX_DAG_RUN_ID=scheduled__2022-06-14T03:09:56.320242+00:00
[2022-06-14 05:09:56,911] {subprocess.py:62} INFO - Tmp dir root location: 
 /tmp
[2022-06-14 05:09:56,911] {subprocess.py:74} INFO - Running command: ['bash', '-c', " rm -rf /tmp/dimensions && mkdir /tmp/dimensions                            && cp -r /tmp/dbt /tmp/dimensions/dbt                             && cd /tmp/dimensions/dbt && python3 -m venv venv                             && export PIP_USER=false                             && *** /tmp/dimensions/dbt/venv/bin/activate                             && pip  install --quiet --upgrade pip setuptools                             && pip3 install --quiet 'MarkupSafe<=2.0.1' 'dbt-postgres' 'dbt-core'                             && dbt --version && deactivate                             && cd /tmp/dimensions/dbt && *** /tmp/dimensions/dbt/venv/bin/activate                             && dbt deps --profiles-dir /tmp/dimensions/dbt/ && dbt seed --profiles-dir /tmp/dimensions/dbt/                             && dbt run --models dimensions --profiles-dir /tmp/dimensions/dbt/"]
[2022-06-14 05:09:56,921] {subprocess.py:85} INFO - Output:
[2022-06-14 05:10:29,862] {subprocess.py:92} INFO - Core:
[2022-06-14 05:10:29,863] {subprocess.py:92} INFO -   - installed: 1.1.0
[2022-06-14 05:10:29,864] {subprocess.py:92} INFO -   - latest:    1.1.0 - [32mUp to date![0m
[2022-06-14 05:10:29,864] {subprocess.py:92} INFO - 
[2022-06-14 05:10:29,864] {subprocess.py:92} INFO - Plugins:
[2022-06-14 05:10:29,864] {subprocess.py:92} INFO -   - postgres: 1.1.0 - [32mUp to date![0m
[2022-06-14 05:10:32,467] {subprocess.py:92} INFO - [0m05:10:32  Running with dbt=1.1.0
[2022-06-14 05:10:32,468] {subprocess.py:92} INFO - [0m05:10:32  Warning: No packages were found in packages.yml
[2022-06-14 05:10:35,165] {subprocess.py:92} INFO - [0m05:10:35  Running with dbt=1.1.0
[2022-06-14 05:10:35,179] {subprocess.py:92} INFO - [0m05:10:35  Partial parse save file not found. Starting full parse.
[2022-06-14 05:10:35,771] {subprocess.py:92} INFO - [0m05:10:35  [WARNING]: Configuration paths exist in your dbt_project.yml file which do not apply to any re***s.
[2022-06-14 05:10:35,771] {subprocess.py:92} INFO - There are 1 unused configuration paths:
[2022-06-14 05:10:35,771] {subprocess.py:92} INFO - - seeds.SAM
[2022-06-14 05:10:35,771] {subprocess.py:92} INFO - 
[2022-06-14 05:10:35,782] {subprocess.py:92} INFO - [0m05:10:35  Found 7 models, 6 tests, 0 snapshots, 0 analyses, 172 macros, 6 operations, 0 seed files, 4 ***s, 0 exposures, 0 metrics
[2022-06-14 05:10:35,784] {subprocess.py:92} INFO - [0m05:10:35
[2022-06-14 05:10:35,785] {subprocess.py:92} INFO - [0m05:10:35  [WARNING]: Nothing to do. Try checking your model configs and model specification args
[2022-06-14 05:10:35,790] {subprocess.py:92} INFO - [0m05:10:35
[2022-06-14 05:10:35,790] {subprocess.py:92} INFO - [0m05:10:35  Completed successfully
[2022-06-14 05:10:35,790] {subprocess.py:92} INFO - [0m05:10:35
[2022-06-14 05:10:35,791] {subprocess.py:92} INFO - [0m05:10:35  Done. PASS=0 WARN=0 ERROR=0 SKIP=0 TOTAL=0
[2022-06-14 05:10:38,502] {subprocess.py:92} INFO - [0m05:10:38  Running with dbt=1.1.0
[2022-06-14 05:10:38,536] {subprocess.py:92} INFO - [0m05:10:38  [WARNING]: Configuration paths exist in your dbt_project.yml file which do not apply to any re***s.
[2022-06-14 05:10:38,537] {subprocess.py:92} INFO - There are 1 unused configuration paths:
[2022-06-14 05:10:38,537] {subprocess.py:92} INFO - - seeds.SAM
[2022-06-14 05:10:38,537] {subprocess.py:92} INFO - 
[2022-06-14 05:10:38,550] {subprocess.py:92} INFO - [0m05:10:38  Found 7 models, 6 tests, 0 snapshots, 0 analyses, 172 macros, 6 operations, 0 seed files, 4 ***s, 0 exposures, 0 metrics
[2022-06-14 05:10:38,552] {subprocess.py:92} INFO - [0m05:10:38
[2022-06-14 05:10:38,614] {subprocess.py:92} INFO - [0m05:10:38  Concurrency: 4 threads (target='dev')
[2022-06-14 05:10:38,614] {subprocess.py:92} INFO - [0m05:10:38
[2022-06-14 05:10:38,622] {subprocess.py:92} INFO - [0m05:10:38  1 of 3 START table model analytics_dim.dim_date ................................ [RUN]
[2022-06-14 05:10:38,623] {subprocess.py:92} INFO - [0m05:10:38  2 of 3 START incremental model analytics_dim.dim_users ......................... [RUN]
[2022-06-14 05:10:38,624] {subprocess.py:92} INFO - [0m05:10:38  3 of 3 START incremental model analytics_dim.dim_walls ......................... [RUN]
[2022-06-14 05:10:38,819] {subprocess.py:92} INFO - [0m05:10:38  1 of 3 OK created table model analytics_dim.dim_date ........................... [SELECT 546 in 0.19s]
[2022-06-14 05:10:38,828] {subprocess.py:92} INFO - [0m05:10:38  3 of 3 OK created incremental model analytics_dim.dim_walls .................... [INSERT 0 0 in 0.20s]
[2022-06-14 05:10:38,829] {subprocess.py:92} INFO - [0m05:10:38  2 of 3 OK created incremental model analytics_dim.dim_users .................... [INSERT 0 0 in 0.21s]
[2022-06-14 05:10:38,931] {subprocess.py:92} INFO - [0m05:10:38
[2022-06-14 05:10:38,932] {subprocess.py:92} INFO - [0m05:10:38  Running 6 on-run-end hooks
[2022-06-14 05:10:38,942] {subprocess.py:92} INFO - [0m05:10:38  1 of 6 START hook: SAM.on-run-end.0 ............................................ [RUN]
[2022-06-14 05:10:38,946] {subprocess.py:92} INFO - [0m05:10:38  1 of 6 OK hook: SAM.on-run-end.0 ............................................... [ALTER DEFAULT PRIVILEGES in 0.00s]
[2022-06-14 05:10:38,951] {subprocess.py:92} INFO - [0m05:10:38  2 of 6 START hook: SAM.on-run-end.1 ............................................ [RUN]
[2022-06-14 05:10:38,955] {subprocess.py:92} INFO - [0m05:10:38  2 of 6 OK hook: SAM.on-run-end.1 ............................................... [ALTER DEFAULT PRIVILEGES in 0.00s]
[2022-06-14 05:10:38,958] {subprocess.py:92} INFO - [0m05:10:38  3 of 6 START hook: SAM.on-run-end.2 ............................................ [RUN]
[2022-06-14 05:10:38,961] {subprocess.py:92} INFO - [0m05:10:38  3 of 6 OK hook: SAM.on-run-end.2 ............................................... [ALTER DEFAULT PRIVILEGES in 0.00s]
[2022-06-14 05:10:38,964] {subprocess.py:92} INFO - [0m05:10:38  4 of 6 START hook: SAM.on-run-end.3 ............................................ [RUN]
[2022-06-14 05:10:38,967] {subprocess.py:92} INFO - [0m05:10:38  4 of 6 OK hook: SAM.on-run-end.3 ............................................... [ALTER DEFAULT PRIVILEGES in 0.00s]
[2022-06-14 05:10:38,970] {subprocess.py:92} INFO - [0m05:10:38  5 of 6 START hook: SAM.on-run-end.4 ............................................ [RUN]
[2022-06-14 05:10:38,973] {subprocess.py:92} INFO - [0m05:10:38  5 of 6 OK hook: SAM.on-run-end.4 ............................................... [ALTER DEFAULT PRIVILEGES in 0.00s]
[2022-06-14 05:10:38,976] {subprocess.py:92} INFO - [0m05:10:38  6 of 6 START hook: SAM.on-run-end.5 ............................................ [RUN]
[2022-06-14 05:10:38,978] {subprocess.py:92} INFO - [0m05:10:38  6 of 6 OK hook: SAM.on-run-end.5 ............................................... [ALTER DEFAULT PRIVILEGES in 0.00s]
[2022-06-14 05:10:38,979] {subprocess.py:92} INFO - [0m05:10:38
[2022-06-14 05:10:38,980] {subprocess.py:92} INFO - [0m05:10:38
[2022-06-14 05:10:38,980] {subprocess.py:92} INFO - [0m05:10:38  Finished running 1 table model, 2 incremental models, 6 hooks in 0.43s.
[2022-06-14 05:10:38,986] {subprocess.py:92} INFO - [0m05:10:38
[2022-06-14 05:10:38,987] {subprocess.py:92} INFO - [0m05:10:38  Completed successfully
[2022-06-14 05:10:38,987] {subprocess.py:92} INFO - [0m05:10:38
[2022-06-14 05:10:38,988] {subprocess.py:92} INFO - [0m05:10:38  Done. PASS=3 WARN=0 ERROR=0 SKIP=0 TOTAL=3
[2022-06-14 05:10:39,138] {subprocess.py:96} INFO - Command exited with return code 0
[2022-06-14 05:10:39,165] {taskinstance.py:1400} INFO - Marking task as SUCCESS. dag_id=T-dbt-job-dimensions, task_id=dbt_clone_and_transform-dimensions, execution_date=20220614T030956, start_date=20220614T050956, end_date=20220614T051039
[2022-06-14 05:10:39,190] {local_task_job.py:156} INFO - Task exited with return code 0
[2022-06-14 05:10:39,219] {local_task_job.py:273} INFO - 1 downstream tasks scheduled from follow-on schedule check
