[2022-06-19 23:19:10,567] {taskinstance.py:1159} INFO - Dependencies all met for <TaskInstance: T-dbt-job-dimensions.dbt_clone_and_transform-dimensions scheduled__2022-06-19T21:19:09.698950+00:00 [queued]>
[2022-06-19 23:19:10,576] {taskinstance.py:1159} INFO - Dependencies all met for <TaskInstance: T-dbt-job-dimensions.dbt_clone_and_transform-dimensions scheduled__2022-06-19T21:19:09.698950+00:00 [queued]>
[2022-06-19 23:19:10,576] {taskinstance.py:1356} INFO - 
--------------------------------------------------------------------------------
[2022-06-19 23:19:10,576] {taskinstance.py:1357} INFO - Starting attempt 1 of 2
[2022-06-19 23:19:10,577] {taskinstance.py:1358} INFO - 
--------------------------------------------------------------------------------
[2022-06-19 23:19:10,589] {taskinstance.py:1377} INFO - Executing <Task(BashOperator): dbt_clone_and_transform-dimensions> on 2022-06-19 21:19:09.698950+00:00
[2022-06-19 23:19:10,595] {standard_task_runner.py:52} INFO - Started process 1510 to run task
[2022-06-19 23:19:10,598] {standard_task_runner.py:79} INFO - Running: ['airflow', 'tasks', 'run', 'T-dbt-job-dimensions', 'dbt_clone_and_transform-dimensions', 'scheduled__2022-06-19T21:19:09.698950+00:00', '--job-id', '59', '--raw', '--subdir', 'DAGS_FOLDER/docker_job/dbt_model.py', '--cfg-path', '/tmp/tmpd7fvgl6z', '--error-file', '/tmp/tmpuv8w9r36']
[2022-06-19 23:19:10,599] {standard_task_runner.py:80} INFO - Job 59: Subtask dbt_clone_and_transform-dimensions
[2022-06-19 23:19:10,611] {warnings.py:110} WARNING - /home/airflow/.local/lib/python3.7/site-packages/airflow/configuration.py:525: DeprecationWarning: The sql_alchemy_conn option in [core] has been moved to the sql_alchemy_conn option in [database] - the old setting has been used, but please update your config.
  option = self._get_environment_variables(deprecated_key, deprecated_section, key, section)

[2022-06-19 23:19:10,649] {task_command.py:370} INFO - Running <TaskInstance: T-dbt-job-dimensions.dbt_clone_and_transform-dimensions scheduled__2022-06-19T21:19:09.698950+00:00 [running]> on host 7cbff6e51e2a
[2022-06-19 23:19:10,716] {taskinstance.py:1571} INFO - Exporting the following env vars:
AIRFLOW_CTX_DAG_EMAIL=samuelolle@yahoo.com
AIRFLOW_CTX_DAG_OWNER=airflow
AIRFLOW_CTX_DAG_ID=T-dbt-job-dimensions
AIRFLOW_CTX_TASK_ID=dbt_clone_and_transform-dimensions
AIRFLOW_CTX_EXECUTION_DATE=2022-06-19T21:19:09.698950+00:00
AIRFLOW_CTX_TRY_NUMBER=1
AIRFLOW_CTX_DAG_RUN_ID=scheduled__2022-06-19T21:19:09.698950+00:00
[2022-06-19 23:19:10,717] {subprocess.py:62} INFO - Tmp dir root location: 
 /tmp
[2022-06-19 23:19:10,717] {subprocess.py:74} INFO - Running command: ['bash', '-c', " rm -rf /tmp/dimensions && mkdir /tmp/dimensions                            && cp -r /tmp/dbt /tmp/dimensions/dbt                             && cd /tmp/dimensions/dbt && python3 -m venv venv                             && export PIP_USER=false                             && *** /tmp/dimensions/dbt/venv/bin/activate                             && pip  install --quiet --upgrade pip setuptools                             && pip3 install --quiet 'MarkupSafe<=2.0.1' 'dbt-postgres' 'dbt-core'                             && dbt --version && deactivate                             && cd /tmp/dimensions/dbt && *** /tmp/dimensions/dbt/venv/bin/activate                             && dbt deps --profiles-dir /tmp/dimensions/dbt/ && dbt seed --profiles-dir /tmp/dimensions/dbt/                             && dbt run --models dimensions --profiles-dir /tmp/dimensions/dbt/"]
[2022-06-19 23:19:10,727] {subprocess.py:85} INFO - Output:
[2022-06-19 23:19:42,729] {subprocess.py:92} INFO - Core:
[2022-06-19 23:19:42,729] {subprocess.py:92} INFO -   - installed: 1.1.1
[2022-06-19 23:19:42,729] {subprocess.py:92} INFO -   - latest:    1.1.1 - [32mUp to date![0m
[2022-06-19 23:19:42,729] {subprocess.py:92} INFO - 
[2022-06-19 23:19:42,729] {subprocess.py:92} INFO - Plugins:
[2022-06-19 23:19:42,729] {subprocess.py:92} INFO -   - postgres: 1.1.1 - [32mUp to date![0m
[2022-06-19 23:19:45,400] {subprocess.py:92} INFO - [0m23:19:45  Running with dbt=1.1.1
[2022-06-19 23:19:45,402] {subprocess.py:92} INFO - [0m23:19:45  Warning: No packages were found in packages.yml
[2022-06-19 23:19:48,182] {subprocess.py:92} INFO - [0m23:19:48  Running with dbt=1.1.1
[2022-06-19 23:19:48,196] {subprocess.py:92} INFO - [0m23:19:48  Partial parse save file not found. Starting full parse.
[2022-06-19 23:19:48,832] {subprocess.py:92} INFO - [0m23:19:48  [WARNING]: Configuration paths exist in your dbt_project.yml file which do not apply to any re***s.
[2022-06-19 23:19:48,832] {subprocess.py:92} INFO - There are 1 unused configuration paths:
[2022-06-19 23:19:48,832] {subprocess.py:92} INFO - - seeds.SAM
[2022-06-19 23:19:48,832] {subprocess.py:92} INFO - 
[2022-06-19 23:19:48,844] {subprocess.py:92} INFO - [0m23:19:48  Found 10 models, 6 tests, 0 snapshots, 0 analyses, 172 macros, 6 operations, 0 seed files, 4 ***s, 0 exposures, 0 metrics
[2022-06-19 23:19:48,846] {subprocess.py:92} INFO - [0m23:19:48
[2022-06-19 23:19:48,846] {subprocess.py:92} INFO - [0m23:19:48  [WARNING]: Nothing to do. Try checking your model configs and model specification args
[2022-06-19 23:19:48,852] {subprocess.py:92} INFO - [0m23:19:48
[2022-06-19 23:19:48,852] {subprocess.py:92} INFO - [0m23:19:48  Completed successfully
[2022-06-19 23:19:48,852] {subprocess.py:92} INFO - [0m23:19:48
[2022-06-19 23:19:48,853] {subprocess.py:92} INFO - [0m23:19:48  Done. PASS=0 WARN=0 ERROR=0 SKIP=0 TOTAL=0
[2022-06-19 23:19:51,617] {subprocess.py:92} INFO - [0m23:19:51  Running with dbt=1.1.1
[2022-06-19 23:19:51,650] {subprocess.py:92} INFO - [0m23:19:51  [WARNING]: Configuration paths exist in your dbt_project.yml file which do not apply to any re***s.
[2022-06-19 23:19:51,651] {subprocess.py:92} INFO - There are 1 unused configuration paths:
[2022-06-19 23:19:51,651] {subprocess.py:92} INFO - - seeds.SAM
[2022-06-19 23:19:51,651] {subprocess.py:92} INFO - 
[2022-06-19 23:19:51,664] {subprocess.py:92} INFO - [0m23:19:51  Found 10 models, 6 tests, 0 snapshots, 0 analyses, 172 macros, 6 operations, 0 seed files, 4 ***s, 0 exposures, 0 metrics
[2022-06-19 23:19:51,666] {subprocess.py:92} INFO - [0m23:19:51
[2022-06-19 23:19:51,740] {subprocess.py:92} INFO - [0m23:19:51  Concurrency: 4 threads (target='dev')
[2022-06-19 23:19:51,740] {subprocess.py:92} INFO - [0m23:19:51
[2022-06-19 23:19:51,748] {subprocess.py:92} INFO - [0m23:19:51  1 of 4 START table model analytics_dim.dim_date ................................ [RUN]
[2022-06-19 23:19:51,749] {subprocess.py:92} INFO - [0m23:19:51  3 of 4 START incremental model analytics_dim.dim_users ......................... [RUN]
[2022-06-19 23:19:51,751] {subprocess.py:92} INFO - [0m23:19:51  2 of 4 START incremental model analytics_dim.dim_user_wall ..................... [RUN]
[2022-06-19 23:19:51,752] {subprocess.py:92} INFO - [0m23:19:51  4 of 4 START incremental model analytics_dim.dim_walls ......................... [RUN]
[2022-06-19 23:19:52,000] {subprocess.py:92} INFO - [0m23:19:51  1 of 4 OK created table model analytics_dim.dim_date ........................... [SELECT 546 in 0.25s]
[2022-06-19 23:19:52,014] {subprocess.py:92} INFO - [0m23:19:52  2 of 4 OK created incremental model analytics_dim.dim_user_wall ................ [INSERT 0 0 in 0.26s]
[2022-06-19 23:19:52,019] {subprocess.py:92} INFO - [0m23:19:52  4 of 4 OK created incremental model analytics_dim.dim_walls .................... [INSERT 0 0 in 0.26s]
[2022-06-19 23:19:52,021] {subprocess.py:92} INFO - [0m23:19:52  3 of 4 OK created incremental model analytics_dim.dim_users .................... [INSERT 0 0 in 0.27s]
[2022-06-19 23:19:52,071] {subprocess.py:92} INFO - [0m23:19:52
[2022-06-19 23:19:52,071] {subprocess.py:92} INFO - [0m23:19:52  Running 6 on-run-end hooks
[2022-06-19 23:19:52,081] {subprocess.py:92} INFO - [0m23:19:52  1 of 6 START hook: SAM.on-run-end.0 ............................................ [RUN]
[2022-06-19 23:19:52,084] {subprocess.py:92} INFO - [0m23:19:52  1 of 6 OK hook: SAM.on-run-end.0 ............................................... [ALTER DEFAULT PRIVILEGES in 0.00s]
[2022-06-19 23:19:52,089] {subprocess.py:92} INFO - [0m23:19:52  2 of 6 START hook: SAM.on-run-end.1 ............................................ [RUN]
[2022-06-19 23:19:52,091] {subprocess.py:92} INFO - [0m23:19:52  2 of 6 OK hook: SAM.on-run-end.1 ............................................... [ALTER DEFAULT PRIVILEGES in 0.00s]
[2022-06-19 23:19:52,095] {subprocess.py:92} INFO - [0m23:19:52  3 of 6 START hook: SAM.on-run-end.2 ............................................ [RUN]
[2022-06-19 23:19:52,098] {subprocess.py:92} INFO - [0m23:19:52  3 of 6 OK hook: SAM.on-run-end.2 ............................................... [ALTER DEFAULT PRIVILEGES in 0.00s]
[2022-06-19 23:19:52,103] {subprocess.py:92} INFO - [0m23:19:52  4 of 6 START hook: SAM.on-run-end.3 ............................................ [RUN]
[2022-06-19 23:19:52,105] {subprocess.py:92} INFO - [0m23:19:52  4 of 6 OK hook: SAM.on-run-end.3 ............................................... [ALTER DEFAULT PRIVILEGES in 0.00s]
[2022-06-19 23:19:52,108] {subprocess.py:92} INFO - [0m23:19:52  5 of 6 START hook: SAM.on-run-end.4 ............................................ [RUN]
[2022-06-19 23:19:52,111] {subprocess.py:92} INFO - [0m23:19:52  5 of 6 OK hook: SAM.on-run-end.4 ............................................... [ALTER DEFAULT PRIVILEGES in 0.00s]
[2022-06-19 23:19:52,114] {subprocess.py:92} INFO - [0m23:19:52  6 of 6 START hook: SAM.on-run-end.5 ............................................ [RUN]
[2022-06-19 23:19:52,117] {subprocess.py:92} INFO - [0m23:19:52  6 of 6 OK hook: SAM.on-run-end.5 ............................................... [ALTER DEFAULT PRIVILEGES in 0.00s]
[2022-06-19 23:19:52,117] {subprocess.py:92} INFO - [0m23:19:52
[2022-06-19 23:19:52,119] {subprocess.py:92} INFO - [0m23:19:52
[2022-06-19 23:19:52,119] {subprocess.py:92} INFO - [0m23:19:52  Finished running 1 table model, 3 incremental models, 6 hooks in 0.45s.
[2022-06-19 23:19:52,125] {subprocess.py:92} INFO - [0m23:19:52
[2022-06-19 23:19:52,125] {subprocess.py:92} INFO - [0m23:19:52  Completed successfully
[2022-06-19 23:19:52,126] {subprocess.py:92} INFO - [0m23:19:52
[2022-06-19 23:19:52,126] {subprocess.py:92} INFO - [0m23:19:52  Done. PASS=4 WARN=0 ERROR=0 SKIP=0 TOTAL=4
[2022-06-19 23:19:52,299] {subprocess.py:96} INFO - Command exited with return code 0
[2022-06-19 23:19:52,332] {taskinstance.py:1400} INFO - Marking task as SUCCESS. dag_id=T-dbt-job-dimensions, task_id=dbt_clone_and_transform-dimensions, execution_date=20220619T211909, start_date=20220619T231910, end_date=20220619T231952
[2022-06-19 23:19:52,375] {local_task_job.py:156} INFO - Task exited with return code 0
[2022-06-19 23:19:52,407] {local_task_job.py:273} INFO - 1 downstream tasks scheduled from follow-on schedule check
