[2022-06-11 19:02:16,890] {taskinstance.py:1159} INFO - Dependencies all met for <TaskInstance: T-dbt-job-objects.dbt_clone_and_transform-objects manual__2022-06-11T19:02:15.636486+00:00 [queued]>
[2022-06-11 19:02:16,904] {taskinstance.py:1159} INFO - Dependencies all met for <TaskInstance: T-dbt-job-objects.dbt_clone_and_transform-objects manual__2022-06-11T19:02:15.636486+00:00 [queued]>
[2022-06-11 19:02:16,905] {taskinstance.py:1356} INFO - 
--------------------------------------------------------------------------------
[2022-06-11 19:02:16,905] {taskinstance.py:1357} INFO - Starting attempt 1 of 2
[2022-06-11 19:02:16,905] {taskinstance.py:1358} INFO - 
--------------------------------------------------------------------------------
[2022-06-11 19:02:16,925] {taskinstance.py:1377} INFO - Executing <Task(BashOperator): dbt_clone_and_transform-objects> on 2022-06-11 19:02:15.636486+00:00
[2022-06-11 19:02:16,934] {standard_task_runner.py:52} INFO - Started process 1961 to run task
[2022-06-11 19:02:16,939] {standard_task_runner.py:79} INFO - Running: ['airflow', 'tasks', 'run', 'T-dbt-job-objects', 'dbt_clone_and_transform-objects', 'manual__2022-06-11T19:02:15.636486+00:00', '--job-id', '115', '--raw', '--subdir', 'DAGS_FOLDER/docker_job/dbt_model.py', '--cfg-path', '/tmp/tmp6svog6q_', '--error-file', '/tmp/tmpgyerhpeg']
[2022-06-11 19:02:16,940] {standard_task_runner.py:80} INFO - Job 115: Subtask dbt_clone_and_transform-objects
[2022-06-11 19:02:17,019] {task_command.py:370} INFO - Running <TaskInstance: T-dbt-job-objects.dbt_clone_and_transform-objects manual__2022-06-11T19:02:15.636486+00:00 [running]> on host d8836eb746ac
[2022-06-11 19:02:17,107] {taskinstance.py:1571} INFO - Exporting the following env vars:
AIRFLOW_CTX_DAG_EMAIL=samuelolle@yahoo.com
AIRFLOW_CTX_DAG_OWNER=airflow
AIRFLOW_CTX_DAG_ID=T-dbt-job-objects
AIRFLOW_CTX_TASK_ID=dbt_clone_and_transform-objects
AIRFLOW_CTX_EXECUTION_DATE=2022-06-11T19:02:15.636486+00:00
AIRFLOW_CTX_TRY_NUMBER=1
AIRFLOW_CTX_DAG_RUN_ID=manual__2022-06-11T19:02:15.636486+00:00
[2022-06-11 19:02:17,109] {subprocess.py:62} INFO - Tmp dir root location: 
 /tmp
[2022-06-11 19:02:17,109] {subprocess.py:74} INFO - Running command: ['bash', '-c', " rm -rf /tmp/objects && mkdir /tmp/objects                            && cp -r /tmp/dbt /tmp/objects/dbt                             && cd /tmp/objects/dbt && python3 -m venv venv                             && export PIP_USER=false                             && *** /tmp/objects/dbt/venv/bin/activate                             && pip  install --quiet --upgrade pip setuptools                             && pip3 install --quiet 'MarkupSafe<=2.0.1' 'dbt-postgres' 'dbt-core'                             && dbt --version && deactivate                             && cd /tmp/objects/dbt && *** /tmp/objects/dbt/venv/bin/activate                             && dbt deps --profiles-dir /tmp/objects/dbt/ && dbt seed --profiles-dir /tmp/objects/dbt/                             && dbt run --models objects --profiles-dir /tmp/objects/dbt/"]
[2022-06-11 19:02:17,124] {subprocess.py:85} INFO - Output:
[2022-06-11 19:02:52,790] {subprocess.py:92} INFO - Core:
[2022-06-11 19:02:52,790] {subprocess.py:92} INFO -   - installed: 1.1.0
[2022-06-11 19:02:52,790] {subprocess.py:92} INFO -   - latest:    1.1.0 - [32mUp to date![0m
[2022-06-11 19:02:52,790] {subprocess.py:92} INFO - 
[2022-06-11 19:02:52,790] {subprocess.py:92} INFO - Plugins:
[2022-06-11 19:02:52,790] {subprocess.py:92} INFO -   - postgres: 1.1.0 - [32mUp to date![0m
[2022-06-11 19:02:56,169] {subprocess.py:92} INFO - [0m19:02:56  Running with dbt=1.1.0
[2022-06-11 19:02:56,172] {subprocess.py:92} INFO - [0m19:02:56  Warning: No packages were found in packages.yml
[2022-06-11 19:02:59,784] {subprocess.py:92} INFO - [0m19:02:59  Running with dbt=1.1.0
[2022-06-11 19:02:59,802] {subprocess.py:92} INFO - [0m19:02:59  Partial parse save file not found. Starting full parse.
[2022-06-11 19:03:00,527] {subprocess.py:92} INFO - [0m19:03:00  [WARNING]: Configuration paths exist in your dbt_project.yml file which do not apply to any re***s.
[2022-06-11 19:03:00,527] {subprocess.py:92} INFO - There are 1 unused configuration paths:
[2022-06-11 19:03:00,527] {subprocess.py:92} INFO - - seeds.SAM
[2022-06-11 19:03:00,527] {subprocess.py:92} INFO - 
[2022-06-11 19:03:00,539] {subprocess.py:92} INFO - [0m19:03:00  Found 4 models, 6 tests, 0 snapshots, 0 analyses, 171 macros, 4 operations, 0 seed files, 4 ***s, 0 exposures, 0 metrics
[2022-06-11 19:03:00,541] {subprocess.py:92} INFO - [0m19:03:00
[2022-06-11 19:03:00,541] {subprocess.py:92} INFO - [0m19:03:00  [WARNING]: Nothing to do. Try checking your model configs and model specification args
[2022-06-11 19:03:00,549] {subprocess.py:92} INFO - [0m19:03:00
[2022-06-11 19:03:00,549] {subprocess.py:92} INFO - [0m19:03:00  Completed successfully
[2022-06-11 19:03:00,549] {subprocess.py:92} INFO - [0m19:03:00
[2022-06-11 19:03:00,550] {subprocess.py:92} INFO - [0m19:03:00  Done. PASS=0 WARN=0 ERROR=0 SKIP=0 TOTAL=0
[2022-06-11 19:03:04,267] {subprocess.py:92} INFO - [0m19:03:04  Running with dbt=1.1.0
[2022-06-11 19:03:04,305] {subprocess.py:92} INFO - [0m19:03:04  [WARNING]: Configuration paths exist in your dbt_project.yml file which do not apply to any re***s.
[2022-06-11 19:03:04,305] {subprocess.py:92} INFO - There are 1 unused configuration paths:
[2022-06-11 19:03:04,305] {subprocess.py:92} INFO - - seeds.SAM
[2022-06-11 19:03:04,305] {subprocess.py:92} INFO - 
[2022-06-11 19:03:04,322] {subprocess.py:92} INFO - [0m19:03:04  Found 4 models, 6 tests, 0 snapshots, 0 analyses, 171 macros, 4 operations, 0 seed files, 4 ***s, 0 exposures, 0 metrics
[2022-06-11 19:03:04,325] {subprocess.py:92} INFO - [0m19:03:04
[2022-06-11 19:03:04,436] {subprocess.py:92} INFO - [0m19:03:04  Concurrency: 4 threads (target='dev')
[2022-06-11 19:03:04,437] {subprocess.py:92} INFO - [0m19:03:04
[2022-06-11 19:03:04,445] {subprocess.py:92} INFO - [0m19:03:04  1 of 1 START table model analytics_object.obj_walls ............................ [RUN]
[2022-06-11 19:03:04,526] {subprocess.py:92} INFO - [0m19:03:04  1 of 1 OK created table model analytics_object.obj_walls ....................... [SELECT 36 in 0.08s]
[2022-06-11 19:03:04,552] {subprocess.py:92} INFO - [0m19:03:04
[2022-06-11 19:03:04,552] {subprocess.py:92} INFO - [0m19:03:04  Running 4 on-run-end hooks
[2022-06-11 19:03:04,561] {subprocess.py:92} INFO - [0m19:03:04  1 of 4 START hook: SAM.on-run-end.0 ............................................ [RUN]
[2022-06-11 19:03:04,564] {subprocess.py:92} INFO - [0m19:03:04  1 of 4 OK hook: SAM.on-run-end.0 ............................................... [ALTER DEFAULT PRIVILEGES in 0.00s]
[2022-06-11 19:03:04,569] {subprocess.py:92} INFO - [0m19:03:04  2 of 4 START hook: SAM.on-run-end.1 ............................................ [RUN]
[2022-06-11 19:03:04,571] {subprocess.py:92} INFO - [0m19:03:04  2 of 4 OK hook: SAM.on-run-end.1 ............................................... [ALTER DEFAULT PRIVILEGES in 0.00s]
[2022-06-11 19:03:04,575] {subprocess.py:92} INFO - [0m19:03:04  3 of 4 START hook: SAM.on-run-end.2 ............................................ [RUN]
[2022-06-11 19:03:04,578] {subprocess.py:92} INFO - [0m19:03:04  3 of 4 OK hook: SAM.on-run-end.2 ............................................... [ALTER DEFAULT PRIVILEGES in 0.00s]
[2022-06-11 19:03:04,582] {subprocess.py:92} INFO - [0m19:03:04  4 of 4 START hook: SAM.on-run-end.3 ............................................ [RUN]
[2022-06-11 19:03:04,585] {subprocess.py:92} INFO - [0m19:03:04  4 of 4 OK hook: SAM.on-run-end.3 ............................................... [ALTER DEFAULT PRIVILEGES in 0.00s]
[2022-06-11 19:03:04,586] {subprocess.py:92} INFO - [0m19:03:04
[2022-06-11 19:03:04,586] {subprocess.py:92} INFO - [0m19:03:04
[2022-06-11 19:03:04,587] {subprocess.py:92} INFO - [0m19:03:04  Finished running 1 table model, 4 hooks in 0.26s.
[2022-06-11 19:03:04,595] {subprocess.py:92} INFO - [0m19:03:04
[2022-06-11 19:03:04,595] {subprocess.py:92} INFO - [0m19:03:04  Completed successfully
[2022-06-11 19:03:04,596] {subprocess.py:92} INFO - [0m19:03:04
[2022-06-11 19:03:04,596] {subprocess.py:92} INFO - [0m19:03:04  Done. PASS=1 WARN=0 ERROR=0 SKIP=0 TOTAL=1
[2022-06-11 19:03:05,078] {subprocess.py:96} INFO - Command exited with return code 0
[2022-06-11 19:03:05,121] {taskinstance.py:1400} INFO - Marking task as SUCCESS. dag_id=T-dbt-job-objects, task_id=dbt_clone_and_transform-objects, execution_date=20220611T190215, start_date=20220611T190216, end_date=20220611T190305
[2022-06-11 19:03:05,189] {local_task_job.py:156} INFO - Task exited with return code 0
[2022-06-11 19:03:05,232] {local_task_job.py:273} INFO - 1 downstream tasks scheduled from follow-on schedule check
