[2022-06-20 01:43:36,782] {taskinstance.py:1159} INFO - Dependencies all met for <TaskInstance: T-dbt-job-cdc_load.csv_to_database scheduled__2022-06-19T23:43:34.006082+00:00 [queued]>
[2022-06-20 01:43:36,792] {taskinstance.py:1159} INFO - Dependencies all met for <TaskInstance: T-dbt-job-cdc_load.csv_to_database scheduled__2022-06-19T23:43:34.006082+00:00 [queued]>
[2022-06-20 01:43:36,792] {taskinstance.py:1356} INFO - 
--------------------------------------------------------------------------------
[2022-06-20 01:43:36,792] {taskinstance.py:1357} INFO - Starting attempt 1 of 2
[2022-06-20 01:43:36,792] {taskinstance.py:1358} INFO - 
--------------------------------------------------------------------------------
[2022-06-20 01:43:36,804] {taskinstance.py:1377} INFO - Executing <Task(PythonOperator): csv_to_database> on 2022-06-19 23:43:34.006082+00:00
[2022-06-20 01:43:36,808] {standard_task_runner.py:52} INFO - Started process 1861 to run task
[2022-06-20 01:43:36,811] {standard_task_runner.py:79} INFO - Running: ['airflow', 'tasks', 'run', 'T-dbt-job-cdc_load', 'csv_to_database', 'scheduled__2022-06-19T23:43:34.006082+00:00', '--job-id', '73', '--raw', '--subdir', 'DAGS_FOLDER/docker_job/dbt_test.py', '--cfg-path', '/tmp/tmppt6ap0kw', '--error-file', '/tmp/tmpoedx1dws']
[2022-06-20 01:43:36,812] {standard_task_runner.py:80} INFO - Job 73: Subtask csv_to_database
[2022-06-20 01:43:36,823] {warnings.py:110} WARNING - /home/airflow/.local/lib/python3.7/site-packages/airflow/configuration.py:525: DeprecationWarning: The sql_alchemy_conn option in [core] has been moved to the sql_alchemy_conn option in [database] - the old setting has been used, but please update your config.
  option = self._get_environment_variables(deprecated_key, deprecated_section, key, section)

[2022-06-20 01:43:36,860] {task_command.py:370} INFO - Running <TaskInstance: T-dbt-job-cdc_load.csv_to_database scheduled__2022-06-19T23:43:34.006082+00:00 [running]> on host 7cbff6e51e2a
[2022-06-20 01:43:36,920] {taskinstance.py:1571} INFO - Exporting the following env vars:
AIRFLOW_CTX_DAG_EMAIL=samuelolle@yahoo.com
AIRFLOW_CTX_DAG_OWNER=airflow
AIRFLOW_CTX_DAG_ID=T-dbt-job-cdc_load
AIRFLOW_CTX_TASK_ID=csv_to_database
AIRFLOW_CTX_EXECUTION_DATE=2022-06-19T23:43:34.006082+00:00
AIRFLOW_CTX_TRY_NUMBER=1
AIRFLOW_CTX_DAG_RUN_ID=scheduled__2022-06-19T23:43:34.006082+00:00
[2022-06-20 01:43:36,927] {base.py:68} INFO - Using connection ID '***' for task execution.
[2022-06-20 01:43:36,930] {postgres.py:127} INFO - Running copy expert: COPY analytics_stage.users_cdc FROM STDIN, filename: /opt/airflow/dags/docker_job/data/users.csv
[2022-06-20 01:43:36,935] {base.py:68} INFO - Using connection ID '***' for task execution.
[2022-06-20 01:43:36,944] {base.py:68} INFO - Using connection ID '***' for task execution.
[2022-06-20 01:43:36,947] {postgres.py:127} INFO - Running copy expert: COPY analytics_stage.walls_cdc FROM STDIN, filename: /opt/airflow/dags/docker_job/data/walls.csv
[2022-06-20 01:43:36,952] {base.py:68} INFO - Using connection ID '***' for task execution.
[2022-06-20 01:43:36,957] {python.py:173} INFO - Done. Returned value was: None
[2022-06-20 01:43:36,969] {taskinstance.py:1400} INFO - Marking task as SUCCESS. dag_id=T-dbt-job-cdc_load, task_id=csv_to_database, execution_date=20220619T234334, start_date=20220620T014336, end_date=20220620T014336
[2022-06-20 01:43:36,983] {local_task_job.py:156} INFO - Task exited with return code 0
[2022-06-20 01:43:37,012] {local_task_job.py:273} INFO - 1 downstream tasks scheduled from follow-on schedule check
