[2022-06-12 06:03:45,434] {taskinstance.py:1159} INFO - Dependencies all met for <TaskInstance: T-dbt-job-objects.dbt_cleanup-objects scheduled__2022-06-12T04:03:02.628024+00:00 [queued]>
[2022-06-12 06:03:45,442] {taskinstance.py:1159} INFO - Dependencies all met for <TaskInstance: T-dbt-job-objects.dbt_cleanup-objects scheduled__2022-06-12T04:03:02.628024+00:00 [queued]>
[2022-06-12 06:03:45,442] {taskinstance.py:1356} INFO - 
--------------------------------------------------------------------------------
[2022-06-12 06:03:45,442] {taskinstance.py:1357} INFO - Starting attempt 1 of 2
[2022-06-12 06:03:45,442] {taskinstance.py:1358} INFO - 
--------------------------------------------------------------------------------
[2022-06-12 06:03:45,455] {taskinstance.py:1377} INFO - Executing <Task(BashOperator): dbt_cleanup-objects> on 2022-06-12 04:03:02.628024+00:00
[2022-06-12 06:03:45,460] {standard_task_runner.py:52} INFO - Started process 3509 to run task
[2022-06-12 06:03:45,463] {standard_task_runner.py:79} INFO - Running: ['airflow', 'tasks', 'run', 'T-dbt-job-objects', 'dbt_cleanup-objects', 'scheduled__2022-06-12T04:03:02.628024+00:00', '--job-id', '103', '--raw', '--subdir', 'DAGS_FOLDER/docker_job/dbt_model.py', '--cfg-path', '/tmp/tmp8k9u9o1l', '--error-file', '/tmp/tmpyjjcyn97']
[2022-06-12 06:03:45,463] {standard_task_runner.py:80} INFO - Job 103: Subtask dbt_cleanup-objects
[2022-06-12 06:03:45,475] {warnings.py:110} WARNING - /home/airflow/.local/lib/python3.7/site-packages/airflow/configuration.py:525: DeprecationWarning: The sql_alchemy_conn option in [core] has been moved to the sql_alchemy_conn option in [database] - the old setting has been used, but please update your config.
  option = self._get_environment_variables(deprecated_key, deprecated_section, key, section)

[2022-06-12 06:03:45,512] {task_command.py:370} INFO - Running <TaskInstance: T-dbt-job-objects.dbt_cleanup-objects scheduled__2022-06-12T04:03:02.628024+00:00 [running]> on host e926c0944008
[2022-06-12 06:03:45,576] {taskinstance.py:1571} INFO - Exporting the following env vars:
AIRFLOW_CTX_DAG_EMAIL=samuelolle@yahoo.com
AIRFLOW_CTX_DAG_OWNER=airflow
AIRFLOW_CTX_DAG_ID=T-dbt-job-objects
AIRFLOW_CTX_TASK_ID=dbt_cleanup-objects
AIRFLOW_CTX_EXECUTION_DATE=2022-06-12T04:03:02.628024+00:00
AIRFLOW_CTX_TRY_NUMBER=1
AIRFLOW_CTX_DAG_RUN_ID=scheduled__2022-06-12T04:03:02.628024+00:00
[2022-06-12 06:03:45,577] {subprocess.py:62} INFO - Tmp dir root location: 
 /tmp
[2022-06-12 06:03:45,578] {subprocess.py:74} INFO - Running command: ['bash', '-c', 'rm -rf /tmp/objects && rm -rf /tmp/tmp* 2>/dev/null || exit 0']
[2022-06-12 06:03:45,590] {subprocess.py:85} INFO - Output:
[2022-06-12 06:03:45,708] {subprocess.py:96} INFO - Command exited with return code 0
[2022-06-12 06:03:45,737] {taskinstance.py:1400} INFO - Marking task as SUCCESS. dag_id=T-dbt-job-objects, task_id=dbt_cleanup-objects, execution_date=20220612T040302, start_date=20220612T060345, end_date=20220612T060345
[2022-06-12 06:03:45,755] {local_task_job.py:156} INFO - Task exited with return code 0
[2022-06-12 06:03:45,783] {local_task_job.py:273} INFO - 0 downstream tasks scheduled from follow-on schedule check
