[2022-06-13 23:09:57,274] {taskinstance.py:1159} INFO - Dependencies all met for <TaskInstance: T-dbt-job-dimensions.dbt_clone_and_transform-dimensions scheduled__2022-06-13T21:09:56.320242+00:00 [queued]>
[2022-06-13 23:09:57,283] {taskinstance.py:1159} INFO - Dependencies all met for <TaskInstance: T-dbt-job-dimensions.dbt_clone_and_transform-dimensions scheduled__2022-06-13T21:09:56.320242+00:00 [queued]>
[2022-06-13 23:09:57,283] {taskinstance.py:1356} INFO - 
--------------------------------------------------------------------------------
[2022-06-13 23:09:57,283] {taskinstance.py:1357} INFO - Starting attempt 1 of 2
[2022-06-13 23:09:57,283] {taskinstance.py:1358} INFO - 
--------------------------------------------------------------------------------
[2022-06-13 23:09:57,297] {taskinstance.py:1377} INFO - Executing <Task(BashOperator): dbt_clone_and_transform-dimensions> on 2022-06-13 21:09:56.320242+00:00
[2022-06-13 23:09:57,302] {standard_task_runner.py:52} INFO - Started process 1164 to run task
[2022-06-13 23:09:57,305] {standard_task_runner.py:79} INFO - Running: ['airflow', 'tasks', 'run', 'T-dbt-job-dimensions', 'dbt_clone_and_transform-dimensions', 'scheduled__2022-06-13T21:09:56.320242+00:00', '--job-id', '155', '--raw', '--subdir', 'DAGS_FOLDER/docker_job/dbt_model.py', '--cfg-path', '/tmp/tmpi6qo8po9', '--error-file', '/tmp/tmps_n62sch']
[2022-06-13 23:09:57,305] {standard_task_runner.py:80} INFO - Job 155: Subtask dbt_clone_and_transform-dimensions
[2022-06-13 23:09:57,318] {warnings.py:110} WARNING - /home/airflow/.local/lib/python3.7/site-packages/airflow/configuration.py:525: DeprecationWarning: The sql_alchemy_conn option in [core] has been moved to the sql_alchemy_conn option in [database] - the old setting has been used, but please update your config.
  option = self._get_environment_variables(deprecated_key, deprecated_section, key, section)

[2022-06-13 23:09:57,354] {task_command.py:370} INFO - Running <TaskInstance: T-dbt-job-dimensions.dbt_clone_and_transform-dimensions scheduled__2022-06-13T21:09:56.320242+00:00 [running]> on host f269bd168226
[2022-06-13 23:09:57,425] {taskinstance.py:1571} INFO - Exporting the following env vars:
AIRFLOW_CTX_DAG_EMAIL=samuelolle@yahoo.com
AIRFLOW_CTX_DAG_OWNER=airflow
AIRFLOW_CTX_DAG_ID=T-dbt-job-dimensions
AIRFLOW_CTX_TASK_ID=dbt_clone_and_transform-dimensions
AIRFLOW_CTX_EXECUTION_DATE=2022-06-13T21:09:56.320242+00:00
AIRFLOW_CTX_TRY_NUMBER=1
AIRFLOW_CTX_DAG_RUN_ID=scheduled__2022-06-13T21:09:56.320242+00:00
[2022-06-13 23:09:57,427] {subprocess.py:62} INFO - Tmp dir root location: 
 /tmp
[2022-06-13 23:09:57,427] {subprocess.py:74} INFO - Running command: ['bash', '-c', " rm -rf /tmp/dimensions && mkdir /tmp/dimensions                            && cp -r /tmp/dbt /tmp/dimensions/dbt                             && cd /tmp/dimensions/dbt && python3 -m venv venv                             && export PIP_USER=false                             && *** /tmp/dimensions/dbt/venv/bin/activate                             && pip  install --quiet --upgrade pip setuptools                             && pip3 install --quiet 'MarkupSafe<=2.0.1' 'dbt-postgres' 'dbt-core'                             && dbt --version && deactivate                             && cd /tmp/dimensions/dbt && *** /tmp/dimensions/dbt/venv/bin/activate                             && dbt deps --profiles-dir /tmp/dimensions/dbt/ && dbt seed --profiles-dir /tmp/dimensions/dbt/                             && dbt run --models dimensions --profiles-dir /tmp/dimensions/dbt/"]
[2022-06-13 23:09:57,437] {subprocess.py:85} INFO - Output:
[2022-06-13 23:10:30,765] {subprocess.py:92} INFO - Core:
[2022-06-13 23:10:30,766] {subprocess.py:92} INFO -   - installed: 1.1.0
[2022-06-13 23:10:30,766] {subprocess.py:92} INFO -   - latest:    1.1.0 - [32mUp to date![0m
[2022-06-13 23:10:30,766] {subprocess.py:92} INFO - 
[2022-06-13 23:10:30,766] {subprocess.py:92} INFO - Plugins:
[2022-06-13 23:10:30,766] {subprocess.py:92} INFO -   - postgres: 1.1.0 - [32mUp to date![0m
[2022-06-13 23:10:33,441] {subprocess.py:92} INFO - [0m23:10:33  Running with dbt=1.1.0
[2022-06-13 23:10:33,442] {subprocess.py:92} INFO - [0m23:10:33  Warning: No packages were found in packages.yml
[2022-06-13 23:10:36,332] {subprocess.py:92} INFO - [0m23:10:36  Running with dbt=1.1.0
[2022-06-13 23:10:36,346] {subprocess.py:92} INFO - [0m23:10:36  Partial parse save file not found. Starting full parse.
[2022-06-13 23:10:37,032] {subprocess.py:92} INFO - [0m23:10:37  [WARNING]: Configuration paths exist in your dbt_project.yml file which do not apply to any re***s.
[2022-06-13 23:10:37,032] {subprocess.py:92} INFO - There are 1 unused configuration paths:
[2022-06-13 23:10:37,032] {subprocess.py:92} INFO - - seeds.SAM
[2022-06-13 23:10:37,032] {subprocess.py:92} INFO - 
[2022-06-13 23:10:37,046] {subprocess.py:92} INFO - [0m23:10:37  Found 7 models, 6 tests, 0 snapshots, 0 analyses, 172 macros, 6 operations, 0 seed files, 4 ***s, 0 exposures, 0 metrics
[2022-06-13 23:10:37,048] {subprocess.py:92} INFO - [0m23:10:37
[2022-06-13 23:10:37,049] {subprocess.py:92} INFO - [0m23:10:37  [WARNING]: Nothing to do. Try checking your model configs and model specification args
[2022-06-13 23:10:37,055] {subprocess.py:92} INFO - [0m23:10:37
[2022-06-13 23:10:37,055] {subprocess.py:92} INFO - [0m23:10:37  Completed successfully
[2022-06-13 23:10:37,055] {subprocess.py:92} INFO - [0m23:10:37
[2022-06-13 23:10:37,056] {subprocess.py:92} INFO - [0m23:10:37  Done. PASS=0 WARN=0 ERROR=0 SKIP=0 TOTAL=0
[2022-06-13 23:10:39,929] {subprocess.py:92} INFO - [0m23:10:39  Running with dbt=1.1.0
[2022-06-13 23:10:39,969] {subprocess.py:92} INFO - [0m23:10:39  [WARNING]: Configuration paths exist in your dbt_project.yml file which do not apply to any re***s.
[2022-06-13 23:10:39,969] {subprocess.py:92} INFO - There are 1 unused configuration paths:
[2022-06-13 23:10:39,970] {subprocess.py:92} INFO - - seeds.SAM
[2022-06-13 23:10:39,970] {subprocess.py:92} INFO - 
[2022-06-13 23:10:39,987] {subprocess.py:92} INFO - [0m23:10:39  Found 7 models, 6 tests, 0 snapshots, 0 analyses, 172 macros, 6 operations, 0 seed files, 4 ***s, 0 exposures, 0 metrics
[2022-06-13 23:10:39,989] {subprocess.py:92} INFO - [0m23:10:39
[2022-06-13 23:10:40,055] {subprocess.py:92} INFO - [0m23:10:40  Concurrency: 4 threads (target='dev')
[2022-06-13 23:10:40,055] {subprocess.py:92} INFO - [0m23:10:40
[2022-06-13 23:10:40,064] {subprocess.py:92} INFO - [0m23:10:40  1 of 3 START table model analytics_dim.dim_date ................................ [RUN]
[2022-06-13 23:10:40,065] {subprocess.py:92} INFO - [0m23:10:40  2 of 3 START incremental model analytics_dim.dim_users ......................... [RUN]
[2022-06-13 23:10:40,065] {subprocess.py:92} INFO - [0m23:10:40  3 of 3 START incremental model analytics_dim.dim_walls ......................... [RUN]
[2022-06-13 23:10:40,228] {subprocess.py:92} INFO - [0m23:10:40  1 of 3 OK created table model analytics_dim.dim_date ........................... [SELECT 546 in 0.16s]
[2022-06-13 23:10:40,252] {subprocess.py:92} INFO - [0m23:10:40  2 of 3 OK created incremental model analytics_dim.dim_users .................... [INSERT 0 0 in 0.19s]
[2022-06-13 23:10:40,253] {subprocess.py:92} INFO - [0m23:10:40  3 of 3 OK created incremental model analytics_dim.dim_walls .................... [INSERT 0 0 in 0.19s]
[2022-06-13 23:10:40,272] {subprocess.py:92} INFO - [0m23:10:40
[2022-06-13 23:10:40,272] {subprocess.py:92} INFO - [0m23:10:40  Running 6 on-run-end hooks
[2022-06-13 23:10:40,278] {subprocess.py:92} INFO - [0m23:10:40  1 of 6 START hook: SAM.on-run-end.0 ............................................ [RUN]
[2022-06-13 23:10:40,281] {subprocess.py:92} INFO - [0m23:10:40  1 of 6 OK hook: SAM.on-run-end.0 ............................................... [ALTER DEFAULT PRIVILEGES in 0.00s]
[2022-06-13 23:10:40,286] {subprocess.py:92} INFO - [0m23:10:40  2 of 6 START hook: SAM.on-run-end.1 ............................................ [RUN]
[2022-06-13 23:10:40,288] {subprocess.py:92} INFO - [0m23:10:40  2 of 6 OK hook: SAM.on-run-end.1 ............................................... [ALTER DEFAULT PRIVILEGES in 0.00s]
[2022-06-13 23:10:40,292] {subprocess.py:92} INFO - [0m23:10:40  3 of 6 START hook: SAM.on-run-end.2 ............................................ [RUN]
[2022-06-13 23:10:40,294] {subprocess.py:92} INFO - [0m23:10:40  3 of 6 OK hook: SAM.on-run-end.2 ............................................... [ALTER DEFAULT PRIVILEGES in 0.00s]
[2022-06-13 23:10:40,298] {subprocess.py:92} INFO - [0m23:10:40  4 of 6 START hook: SAM.on-run-end.3 ............................................ [RUN]
[2022-06-13 23:10:40,300] {subprocess.py:92} INFO - [0m23:10:40  4 of 6 OK hook: SAM.on-run-end.3 ............................................... [ALTER DEFAULT PRIVILEGES in 0.00s]
[2022-06-13 23:10:40,303] {subprocess.py:92} INFO - [0m23:10:40  5 of 6 START hook: SAM.on-run-end.4 ............................................ [RUN]
[2022-06-13 23:10:40,305] {subprocess.py:92} INFO - [0m23:10:40  5 of 6 OK hook: SAM.on-run-end.4 ............................................... [ALTER DEFAULT PRIVILEGES in 0.00s]
[2022-06-13 23:10:40,309] {subprocess.py:92} INFO - [0m23:10:40  6 of 6 START hook: SAM.on-run-end.5 ............................................ [RUN]
[2022-06-13 23:10:40,311] {subprocess.py:92} INFO - [0m23:10:40  6 of 6 OK hook: SAM.on-run-end.5 ............................................... [ALTER DEFAULT PRIVILEGES in 0.00s]
[2022-06-13 23:10:40,311] {subprocess.py:92} INFO - [0m23:10:40
[2022-06-13 23:10:40,312] {subprocess.py:92} INFO - [0m23:10:40
[2022-06-13 23:10:40,312] {subprocess.py:92} INFO - [0m23:10:40  Finished running 1 table model, 2 incremental models, 6 hooks in 0.32s.
[2022-06-13 23:10:40,319] {subprocess.py:92} INFO - [0m23:10:40
[2022-06-13 23:10:40,319] {subprocess.py:92} INFO - [0m23:10:40  Completed successfully
[2022-06-13 23:10:40,319] {subprocess.py:92} INFO - [0m23:10:40
[2022-06-13 23:10:40,320] {subprocess.py:92} INFO - [0m23:10:40  Done. PASS=3 WARN=0 ERROR=0 SKIP=0 TOTAL=3
[2022-06-13 23:10:40,491] {subprocess.py:96} INFO - Command exited with return code 0
[2022-06-13 23:10:40,521] {taskinstance.py:1400} INFO - Marking task as SUCCESS. dag_id=T-dbt-job-dimensions, task_id=dbt_clone_and_transform-dimensions, execution_date=20220613T210956, start_date=20220613T230957, end_date=20220613T231040
[2022-06-13 23:10:40,575] {local_task_job.py:156} INFO - Task exited with return code 0
[2022-06-13 23:10:40,602] {local_task_job.py:273} INFO - 0 downstream tasks scheduled from follow-on schedule check
