[2022-06-16 02:08:37,930] {taskinstance.py:1159} INFO - Dependencies all met for <TaskInstance: Job-pts.pts scheduled__2022-06-15T23:38:33.450129+00:00 [queued]>
[2022-06-16 02:08:37,946] {taskinstance.py:1159} INFO - Dependencies all met for <TaskInstance: Job-pts.pts scheduled__2022-06-15T23:38:33.450129+00:00 [queued]>
[2022-06-16 02:08:37,946] {taskinstance.py:1356} INFO - 
--------------------------------------------------------------------------------
[2022-06-16 02:08:37,946] {taskinstance.py:1357} INFO - Starting attempt 1 of 6
[2022-06-16 02:08:37,946] {taskinstance.py:1358} INFO - 
--------------------------------------------------------------------------------
[2022-06-16 02:08:37,962] {taskinstance.py:1377} INFO - Executing <Task(PythonOperator): pts> on 2022-06-15 23:38:33.450129+00:00
[2022-06-16 02:08:37,965] {standard_task_runner.py:52} INFO - Started process 1121 to run task
[2022-06-16 02:08:37,968] {standard_task_runner.py:79} INFO - Running: ['airflow', 'tasks', 'run', 'Job-pts', 'pts', 'scheduled__2022-06-15T23:38:33.450129+00:00', '--job-id', '90', '--raw', '--subdir', 'DAGS_FOLDER/docker_job/price_scale.py', '--cfg-path', '/tmp/tmp2isihzl9', '--error-file', '/tmp/tmpes6ee1on']
[2022-06-16 02:08:37,968] {standard_task_runner.py:80} INFO - Job 90: Subtask pts
[2022-06-16 02:08:37,981] {warnings.py:110} WARNING - /home/airflow/.local/lib/python3.7/site-packages/airflow/configuration.py:525: DeprecationWarning: The sql_alchemy_conn option in [core] has been moved to the sql_alchemy_conn option in [database] - the old setting has been used, but please update your config.
  option = self._get_environment_variables(deprecated_key, deprecated_section, key, section)

[2022-06-16 02:08:38,015] {task_command.py:370} INFO - Running <TaskInstance: Job-pts.pts scheduled__2022-06-15T23:38:33.450129+00:00 [running]> on host 31bbb70af43b
[2022-06-16 02:08:38,112] {taskinstance.py:1571} INFO - Exporting the following env vars:
AIRFLOW_CTX_DAG_EMAIL=samuel.momoh-olle@asgoodasnew.com
AIRFLOW_CTX_DAG_OWNER=airflow
AIRFLOW_CTX_DAG_ID=Job-pts
AIRFLOW_CTX_TASK_ID=pts
AIRFLOW_CTX_EXECUTION_DATE=2022-06-15T23:38:33.450129+00:00
AIRFLOW_CTX_TRY_NUMBER=1
AIRFLOW_CTX_DAG_RUN_ID=scheduled__2022-06-15T23:38:33.450129+00:00
[2022-06-16 02:08:38,115] {logging_mixin.py:115} INFO - /opt/airflow
[2022-06-16 02:08:38,739] {logging_mixin.py:115} INFO - https://www.handyverkauf.net/apple-iphone-x-64gb-space-grau_h_5143
[2022-06-16 02:09:09,483] {logging_mixin.py:115} INFO - []
[2022-06-16 02:09:09,484] {python.py:173} INFO - Done. Returned value was: None
[2022-06-16 02:09:10,114] {logging_mixin.py:115} INFO - https://www.handyverkauf.net/apple-iphone-x-256gb-space-grau_h_5145
[2022-06-16 02:09:41,223] {logging_mixin.py:115} INFO - []
[2022-06-16 02:09:41,223] {python.py:173} INFO - Done. Returned value was: None
[2022-06-16 02:09:41,855] {logging_mixin.py:115} INFO - https://www.handyverkauf.net/apple-iphone-xs-64gb-space-grau_h_6242
[2022-06-16 02:10:12,496] {logging_mixin.py:115} INFO - []
[2022-06-16 02:10:12,496] {python.py:173} INFO - Done. Returned value was: None
[2022-06-16 02:10:13,124] {logging_mixin.py:115} INFO - https://www.handyverkauf.net/apple-iphone-xs-256gb-space-grau_h_6245
[2022-06-16 02:10:45,228] {logging_mixin.py:115} INFO - []
[2022-06-16 02:10:45,228] {python.py:173} INFO - Done. Returned value was: None
[2022-06-16 02:10:45,855] {logging_mixin.py:115} INFO - https://www.handyverkauf.net/apple-iphone-xs-512gb-space-grau_h_6248
[2022-06-16 02:11:20,720] {logging_mixin.py:115} INFO - []
[2022-06-16 02:11:20,720] {python.py:173} INFO - Done. Returned value was: None
[2022-06-16 02:11:21,351] {logging_mixin.py:115} INFO - https://www.handyverkauf.net/apple-iphone-xs-max-64gb-space-grau_h_6251
[2022-06-16 02:11:54,024] {logging_mixin.py:115} INFO - []
[2022-06-16 02:11:54,024] {python.py:173} INFO - Done. Returned value was: None
[2022-06-16 02:11:54,663] {logging_mixin.py:115} INFO - https://www.handyverkauf.net/apple-iphone-xs-max-256gb-space-grau_h_6254
[2022-06-16 02:12:25,549] {logging_mixin.py:115} INFO - []
[2022-06-16 02:12:25,549] {python.py:173} INFO - Done. Returned value was: None
[2022-06-16 02:12:26,178] {logging_mixin.py:115} INFO - https://www.handyverkauf.net/apple-iphone-xs-max-512gb-space-grau_h_6257
[2022-06-16 02:12:58,042] {logging_mixin.py:115} INFO - []
[2022-06-16 02:12:58,042] {python.py:173} INFO - Done. Returned value was: None
[2022-06-16 02:12:58,672] {logging_mixin.py:115} INFO - https://www.handyverkauf.net/apple-iphone-xr-64gb-schwarz_h_6260
[2022-06-16 02:13:28,712] {logging_mixin.py:115} INFO - []
[2022-06-16 02:13:28,712] {python.py:173} INFO - Done. Returned value was: None
[2022-06-16 02:13:29,367] {logging_mixin.py:115} INFO - https://www.handyverkauf.net/apple-iphone-xr-128gb-schwarz_h_6266
[2022-06-16 02:14:00,271] {logging_mixin.py:115} INFO - []
[2022-06-16 02:14:00,271] {python.py:173} INFO - Done. Returned value was: None
[2022-06-16 02:14:00,272] {python.py:173} INFO - Done. Returned value was: None
[2022-06-16 02:14:00,284] {taskinstance.py:1400} INFO - Marking task as SUCCESS. dag_id=Job-pts, task_id=pts, execution_date=20220615T233833, start_date=20220616T020837, end_date=20220616T021400
[2022-06-16 02:14:00,311] {local_task_job.py:156} INFO - Task exited with return code 0
[2022-06-16 02:14:00,335] {local_task_job.py:273} INFO - 1 downstream tasks scheduled from follow-on schedule check
