[2022-06-12 15:04:14,315] {taskinstance.py:1159} INFO - Dependencies all met for <TaskInstance: T-dbt-job-dimensions.dbt_clone_and_transform-dimensions scheduled__2022-06-12T13:04:13.222472+00:00 [queued]>
[2022-06-12 15:04:14,327] {taskinstance.py:1159} INFO - Dependencies all met for <TaskInstance: T-dbt-job-dimensions.dbt_clone_and_transform-dimensions scheduled__2022-06-12T13:04:13.222472+00:00 [queued]>
[2022-06-12 15:04:14,327] {taskinstance.py:1356} INFO - 
--------------------------------------------------------------------------------
[2022-06-12 15:04:14,327] {taskinstance.py:1357} INFO - Starting attempt 1 of 2
[2022-06-12 15:04:14,327] {taskinstance.py:1358} INFO - 
--------------------------------------------------------------------------------
[2022-06-12 15:04:14,341] {taskinstance.py:1377} INFO - Executing <Task(BashOperator): dbt_clone_and_transform-dimensions> on 2022-06-12 13:04:13.222472+00:00
[2022-06-12 15:04:14,347] {standard_task_runner.py:52} INFO - Started process 4222 to run task
[2022-06-12 15:04:14,359] {standard_task_runner.py:79} INFO - Running: ['airflow', 'tasks', 'run', 'T-dbt-job-dimensions', 'dbt_clone_and_transform-dimensions', 'scheduled__2022-06-12T13:04:13.222472+00:00', '--job-id', '136', '--raw', '--subdir', 'DAGS_FOLDER/docker_job/dbt_model.py', '--cfg-path', '/tmp/tmpxwgkzb95', '--error-file', '/tmp/tmpzj9z9zez']
[2022-06-12 15:04:14,364] {standard_task_runner.py:80} INFO - Job 136: Subtask dbt_clone_and_transform-dimensions
[2022-06-12 15:04:14,388] {warnings.py:110} WARNING - /home/airflow/.local/lib/python3.7/site-packages/airflow/configuration.py:525: DeprecationWarning: The sql_alchemy_conn option in [core] has been moved to the sql_alchemy_conn option in [database] - the old setting has been used, but please update your config.
  option = self._get_environment_variables(deprecated_key, deprecated_section, key, section)

[2022-06-12 15:04:14,477] {task_command.py:370} INFO - Running <TaskInstance: T-dbt-job-dimensions.dbt_clone_and_transform-dimensions scheduled__2022-06-12T13:04:13.222472+00:00 [running]> on host e926c0944008
[2022-06-12 15:04:14,609] {taskinstance.py:1571} INFO - Exporting the following env vars:
AIRFLOW_CTX_DAG_EMAIL=samuelolle@yahoo.com
AIRFLOW_CTX_DAG_OWNER=airflow
AIRFLOW_CTX_DAG_ID=T-dbt-job-dimensions
AIRFLOW_CTX_TASK_ID=dbt_clone_and_transform-dimensions
AIRFLOW_CTX_EXECUTION_DATE=2022-06-12T13:04:13.222472+00:00
AIRFLOW_CTX_TRY_NUMBER=1
AIRFLOW_CTX_DAG_RUN_ID=scheduled__2022-06-12T13:04:13.222472+00:00
[2022-06-12 15:04:14,610] {subprocess.py:62} INFO - Tmp dir root location: 
 /tmp
[2022-06-12 15:04:14,610] {subprocess.py:74} INFO - Running command: ['bash', '-c', " rm -rf /tmp/dimensions && mkdir /tmp/dimensions                            && cp -r /tmp/dbt /tmp/dimensions/dbt                             && cd /tmp/dimensions/dbt && python3 -m venv venv                             && export PIP_USER=false                             && *** /tmp/dimensions/dbt/venv/bin/activate                             && pip  install --quiet --upgrade pip setuptools                             && pip3 install --quiet 'MarkupSafe<=2.0.1' 'dbt-postgres' 'dbt-core'                             && dbt --version && deactivate                             && cd /tmp/dimensions/dbt && *** /tmp/dimensions/dbt/venv/bin/activate                             && dbt deps --profiles-dir /tmp/dimensions/dbt/ && dbt seed --profiles-dir /tmp/dimensions/dbt/                             && dbt run --models dimensions --profiles-dir /tmp/dimensions/dbt/"]
[2022-06-12 15:04:14,633] {subprocess.py:85} INFO - Output:
[2022-06-12 15:04:48,381] {subprocess.py:92} INFO - Core:
[2022-06-12 15:04:48,381] {subprocess.py:92} INFO -   - installed: 1.1.0
[2022-06-12 15:04:48,381] {subprocess.py:92} INFO -   - latest:    1.1.0 - [32mUp to date![0m
[2022-06-12 15:04:48,382] {subprocess.py:92} INFO - 
[2022-06-12 15:04:48,382] {subprocess.py:92} INFO - Plugins:
[2022-06-12 15:04:48,382] {subprocess.py:92} INFO -   - postgres: 1.1.0 - [32mUp to date![0m
[2022-06-12 15:04:51,050] {subprocess.py:92} INFO - [0m15:04:51  Running with dbt=1.1.0
[2022-06-12 15:04:51,051] {subprocess.py:92} INFO - [0m15:04:51  Warning: No packages were found in packages.yml
[2022-06-12 15:04:53,906] {subprocess.py:92} INFO - [0m15:04:53  Running with dbt=1.1.0
[2022-06-12 15:04:53,923] {subprocess.py:92} INFO - [0m15:04:53  Partial parse save file not found. Starting full parse.
[2022-06-12 15:04:54,515] {subprocess.py:92} INFO - [0m15:04:54  [WARNING]: Configuration paths exist in your dbt_project.yml file which do not apply to any re***s.
[2022-06-12 15:04:54,515] {subprocess.py:92} INFO - There are 1 unused configuration paths:
[2022-06-12 15:04:54,515] {subprocess.py:92} INFO - - seeds.SAM
[2022-06-12 15:04:54,515] {subprocess.py:92} INFO - 
[2022-06-12 15:04:54,529] {subprocess.py:92} INFO - [0m15:04:54  Found 5 models, 6 tests, 0 snapshots, 0 analyses, 172 macros, 6 operations, 0 seed files, 4 ***s, 0 exposures, 0 metrics
[2022-06-12 15:04:54,531] {subprocess.py:92} INFO - [0m15:04:54
[2022-06-12 15:04:54,532] {subprocess.py:92} INFO - [0m15:04:54  [WARNING]: Nothing to do. Try checking your model configs and model specification args
[2022-06-12 15:04:54,537] {subprocess.py:92} INFO - [0m15:04:54
[2022-06-12 15:04:54,538] {subprocess.py:92} INFO - [0m15:04:54  Completed successfully
[2022-06-12 15:04:54,538] {subprocess.py:92} INFO - [0m15:04:54
[2022-06-12 15:04:54,539] {subprocess.py:92} INFO - [0m15:04:54  Done. PASS=0 WARN=0 ERROR=0 SKIP=0 TOTAL=0
[2022-06-12 15:04:57,491] {subprocess.py:92} INFO - [0m15:04:57  Running with dbt=1.1.0
[2022-06-12 15:04:57,523] {subprocess.py:92} INFO - [0m15:04:57  [WARNING]: Configuration paths exist in your dbt_project.yml file which do not apply to any re***s.
[2022-06-12 15:04:57,524] {subprocess.py:92} INFO - There are 1 unused configuration paths:
[2022-06-12 15:04:57,524] {subprocess.py:92} INFO - - seeds.SAM
[2022-06-12 15:04:57,524] {subprocess.py:92} INFO - 
[2022-06-12 15:04:57,540] {subprocess.py:92} INFO - [0m15:04:57  Found 5 models, 6 tests, 0 snapshots, 0 analyses, 172 macros, 6 operations, 0 seed files, 4 ***s, 0 exposures, 0 metrics
[2022-06-12 15:04:57,542] {subprocess.py:92} INFO - [0m15:04:57
[2022-06-12 15:04:57,606] {subprocess.py:92} INFO - [0m15:04:57  Concurrency: 4 threads (target='dev')
[2022-06-12 15:04:57,606] {subprocess.py:92} INFO - [0m15:04:57
[2022-06-12 15:04:57,616] {subprocess.py:92} INFO - [0m15:04:57  1 of 2 START table model analytics_dim.dim_date ................................ [RUN]
[2022-06-12 15:04:57,616] {subprocess.py:92} INFO - [0m15:04:57  2 of 2 START incremental model analytics_dim.dim_walls ......................... [RUN]
[2022-06-12 15:04:57,780] {subprocess.py:92} INFO - [0m15:04:57  1 of 2 OK created table model analytics_dim.dim_date ........................... [SELECT 546 in 0.16s]
[2022-06-12 15:04:57,797] {subprocess.py:92} INFO - [0m15:04:57  2 of 2 OK created incremental model analytics_dim.dim_walls .................... [INSERT 0 0 in 0.18s]
[2022-06-12 15:04:57,821] {subprocess.py:92} INFO - [0m15:04:57
[2022-06-12 15:04:57,821] {subprocess.py:92} INFO - [0m15:04:57  Running 6 on-run-end hooks
[2022-06-12 15:04:57,829] {subprocess.py:92} INFO - [0m15:04:57  1 of 6 START hook: SAM.on-run-end.0 ............................................ [RUN]
[2022-06-12 15:04:57,832] {subprocess.py:92} INFO - [0m15:04:57  1 of 6 OK hook: SAM.on-run-end.0 ............................................... [ALTER DEFAULT PRIVILEGES in 0.00s]
[2022-06-12 15:04:57,837] {subprocess.py:92} INFO - [0m15:04:57  2 of 6 START hook: SAM.on-run-end.1 ............................................ [RUN]
[2022-06-12 15:04:57,839] {subprocess.py:92} INFO - [0m15:04:57  2 of 6 OK hook: SAM.on-run-end.1 ............................................... [ALTER DEFAULT PRIVILEGES in 0.00s]
[2022-06-12 15:04:57,843] {subprocess.py:92} INFO - [0m15:04:57  3 of 6 START hook: SAM.on-run-end.2 ............................................ [RUN]
[2022-06-12 15:04:57,846] {subprocess.py:92} INFO - [0m15:04:57  3 of 6 OK hook: SAM.on-run-end.2 ............................................... [ALTER DEFAULT PRIVILEGES in 0.00s]
[2022-06-12 15:04:57,849] {subprocess.py:92} INFO - [0m15:04:57  4 of 6 START hook: SAM.on-run-end.3 ............................................ [RUN]
[2022-06-12 15:04:57,852] {subprocess.py:92} INFO - [0m15:04:57  4 of 6 OK hook: SAM.on-run-end.3 ............................................... [ALTER DEFAULT PRIVILEGES in 0.00s]
[2022-06-12 15:04:57,855] {subprocess.py:92} INFO - [0m15:04:57  5 of 6 START hook: SAM.on-run-end.4 ............................................ [RUN]
[2022-06-12 15:04:57,858] {subprocess.py:92} INFO - [0m15:04:57  5 of 6 OK hook: SAM.on-run-end.4 ............................................... [ALTER DEFAULT PRIVILEGES in 0.00s]
[2022-06-12 15:04:57,861] {subprocess.py:92} INFO - [0m15:04:57  6 of 6 START hook: SAM.on-run-end.5 ............................................ [RUN]
[2022-06-12 15:04:57,863] {subprocess.py:92} INFO - [0m15:04:57  6 of 6 OK hook: SAM.on-run-end.5 ............................................... [ALTER DEFAULT PRIVILEGES in 0.00s]
[2022-06-12 15:04:57,864] {subprocess.py:92} INFO - [0m15:04:57
[2022-06-12 15:04:57,865] {subprocess.py:92} INFO - [0m15:04:57
[2022-06-12 15:04:57,865] {subprocess.py:92} INFO - [0m15:04:57  Finished running 1 table model, 1 incremental model, 6 hooks in 0.32s.
[2022-06-12 15:04:57,871] {subprocess.py:92} INFO - [0m15:04:57
[2022-06-12 15:04:57,871] {subprocess.py:92} INFO - [0m15:04:57  Completed successfully
[2022-06-12 15:04:57,872] {subprocess.py:92} INFO - [0m15:04:57
[2022-06-12 15:04:57,872] {subprocess.py:92} INFO - [0m15:04:57  Done. PASS=2 WARN=0 ERROR=0 SKIP=0 TOTAL=2
[2022-06-12 15:04:58,022] {subprocess.py:96} INFO - Command exited with return code 0
[2022-06-12 15:04:58,049] {taskinstance.py:1400} INFO - Marking task as SUCCESS. dag_id=T-dbt-job-dimensions, task_id=dbt_clone_and_transform-dimensions, execution_date=20220612T130413, start_date=20220612T150414, end_date=20220612T150458
[2022-06-12 15:04:58,074] {local_task_job.py:156} INFO - Task exited with return code 0
[2022-06-12 15:04:58,121] {local_task_job.py:273} INFO - 1 downstream tasks scheduled from follow-on schedule check
