[2022-06-11 20:06:44,679] {taskinstance.py:1159} INFO - Dependencies all met for <TaskInstance: T-dbt-job-objects.dbt_clone_and_transform-objects manual__2022-06-11T20:06:44.327106+00:00 [queued]>
[2022-06-11 20:06:44,694] {taskinstance.py:1159} INFO - Dependencies all met for <TaskInstance: T-dbt-job-objects.dbt_clone_and_transform-objects manual__2022-06-11T20:06:44.327106+00:00 [queued]>
[2022-06-11 20:06:44,695] {taskinstance.py:1356} INFO - 
--------------------------------------------------------------------------------
[2022-06-11 20:06:44,695] {taskinstance.py:1357} INFO - Starting attempt 1 of 2
[2022-06-11 20:06:44,695] {taskinstance.py:1358} INFO - 
--------------------------------------------------------------------------------
[2022-06-11 20:06:44,715] {taskinstance.py:1377} INFO - Executing <Task(BashOperator): dbt_clone_and_transform-objects> on 2022-06-11 20:06:44.327106+00:00
[2022-06-11 20:06:44,723] {standard_task_runner.py:52} INFO - Started process 895 to run task
[2022-06-11 20:06:44,732] {standard_task_runner.py:79} INFO - Running: ['airflow', 'tasks', 'run', 'T-dbt-job-objects', 'dbt_clone_and_transform-objects', 'manual__2022-06-11T20:06:44.327106+00:00', '--job-id', '25', '--raw', '--subdir', 'DAGS_FOLDER/docker_job/dbt_model.py', '--cfg-path', '/tmp/tmpjy9nvf3p', '--error-file', '/tmp/tmpkujb0ich']
[2022-06-11 20:06:44,733] {standard_task_runner.py:80} INFO - Job 25: Subtask dbt_clone_and_transform-objects
[2022-06-11 20:06:44,821] {task_command.py:370} INFO - Running <TaskInstance: T-dbt-job-objects.dbt_clone_and_transform-objects manual__2022-06-11T20:06:44.327106+00:00 [running]> on host e926c0944008
[2022-06-11 20:06:44,918] {taskinstance.py:1571} INFO - Exporting the following env vars:
AIRFLOW_CTX_DAG_EMAIL=samuelolle@yahoo.com
AIRFLOW_CTX_DAG_OWNER=airflow
AIRFLOW_CTX_DAG_ID=T-dbt-job-objects
AIRFLOW_CTX_TASK_ID=dbt_clone_and_transform-objects
AIRFLOW_CTX_EXECUTION_DATE=2022-06-11T20:06:44.327106+00:00
AIRFLOW_CTX_TRY_NUMBER=1
AIRFLOW_CTX_DAG_RUN_ID=manual__2022-06-11T20:06:44.327106+00:00
[2022-06-11 20:06:44,919] {subprocess.py:62} INFO - Tmp dir root location: 
 /tmp
[2022-06-11 20:06:44,920] {subprocess.py:74} INFO - Running command: ['bash', '-c', " rm -rf /tmp/objects && mkdir /tmp/objects                            && cp -r /tmp/dbt /tmp/objects/dbt                             && cd /tmp/objects/dbt && python3 -m venv venv                             && export PIP_USER=false                             && *** /tmp/objects/dbt/venv/bin/activate                             && pip  install --quiet --upgrade pip setuptools                             && pip3 install --quiet 'MarkupSafe<=2.0.1' 'dbt-postgres' 'dbt-core'                             && dbt --version && deactivate                             && cd /tmp/objects/dbt && *** /tmp/objects/dbt/venv/bin/activate                             && dbt deps --profiles-dir /tmp/objects/dbt/ && dbt seed --profiles-dir /tmp/objects/dbt/                             && dbt run --models objects --profiles-dir /tmp/objects/dbt/"]
[2022-06-11 20:06:44,942] {subprocess.py:85} INFO - Output:
[2022-06-11 20:07:22,535] {subprocess.py:92} INFO - Core:
[2022-06-11 20:07:22,536] {subprocess.py:92} INFO -   - installed: 1.1.0
[2022-06-11 20:07:22,536] {subprocess.py:92} INFO -   - latest:    1.1.0 - [32mUp to date![0m
[2022-06-11 20:07:22,536] {subprocess.py:92} INFO - 
[2022-06-11 20:07:22,536] {subprocess.py:92} INFO - Plugins:
[2022-06-11 20:07:22,536] {subprocess.py:92} INFO -   - postgres: 1.1.0 - [32mUp to date![0m
[2022-06-11 20:07:25,477] {subprocess.py:92} INFO - [0m20:07:25  Running with dbt=1.1.0
[2022-06-11 20:07:25,478] {subprocess.py:92} INFO - [0m20:07:25  Warning: No packages were found in packages.yml
[2022-06-11 20:07:28,425] {subprocess.py:92} INFO - [0m20:07:28  Running with dbt=1.1.0
[2022-06-11 20:07:28,441] {subprocess.py:92} INFO - [0m20:07:28  Partial parse save file not found. Starting full parse.
[2022-06-11 20:07:29,064] {subprocess.py:92} INFO - [0m20:07:29  [WARNING]: Configuration paths exist in your dbt_project.yml file which do not apply to any re***s.
[2022-06-11 20:07:29,065] {subprocess.py:92} INFO - There are 1 unused configuration paths:
[2022-06-11 20:07:29,065] {subprocess.py:92} INFO - - seeds.SAM
[2022-06-11 20:07:29,065] {subprocess.py:92} INFO - 
[2022-06-11 20:07:29,077] {subprocess.py:92} INFO - [0m20:07:29  Found 4 models, 6 tests, 0 snapshots, 0 analyses, 171 macros, 6 operations, 0 seed files, 4 ***s, 0 exposures, 0 metrics
[2022-06-11 20:07:29,078] {subprocess.py:92} INFO - [0m20:07:29
[2022-06-11 20:07:29,079] {subprocess.py:92} INFO - [0m20:07:29  [WARNING]: Nothing to do. Try checking your model configs and model specification args
[2022-06-11 20:07:29,084] {subprocess.py:92} INFO - [0m20:07:29
[2022-06-11 20:07:29,084] {subprocess.py:92} INFO - [0m20:07:29  Completed successfully
[2022-06-11 20:07:29,085] {subprocess.py:92} INFO - [0m20:07:29
[2022-06-11 20:07:29,085] {subprocess.py:92} INFO - [0m20:07:29  Done. PASS=0 WARN=0 ERROR=0 SKIP=0 TOTAL=0
[2022-06-11 20:07:32,186] {subprocess.py:92} INFO - [0m20:07:32  Running with dbt=1.1.0
[2022-06-11 20:07:32,230] {subprocess.py:92} INFO - [0m20:07:32  [WARNING]: Configuration paths exist in your dbt_project.yml file which do not apply to any re***s.
[2022-06-11 20:07:32,231] {subprocess.py:92} INFO - There are 1 unused configuration paths:
[2022-06-11 20:07:32,231] {subprocess.py:92} INFO - - seeds.SAM
[2022-06-11 20:07:32,231] {subprocess.py:92} INFO - 
[2022-06-11 20:07:32,247] {subprocess.py:92} INFO - [0m20:07:32  Found 4 models, 6 tests, 0 snapshots, 0 analyses, 171 macros, 6 operations, 0 seed files, 4 ***s, 0 exposures, 0 metrics
[2022-06-11 20:07:32,249] {subprocess.py:92} INFO - [0m20:07:32
[2022-06-11 20:07:32,322] {subprocess.py:92} INFO - [0m20:07:32  Concurrency: 4 threads (target='dev')
[2022-06-11 20:07:32,323] {subprocess.py:92} INFO - [0m20:07:32
[2022-06-11 20:07:32,333] {subprocess.py:92} INFO - [0m20:07:32  1 of 1 START view model analytics_objects.obj_walls ............................ [RUN]
[2022-06-11 20:07:32,408] {subprocess.py:92} INFO - [0m20:07:32  1 of 1 OK created view model analytics_objects.obj_walls ....................... [CREATE VIEW in 0.07s]
[2022-06-11 20:07:32,440] {subprocess.py:92} INFO - [0m20:07:32
[2022-06-11 20:07:32,440] {subprocess.py:92} INFO - [0m20:07:32  Running 6 on-run-end hooks
[2022-06-11 20:07:32,448] {subprocess.py:92} INFO - [0m20:07:32  1 of 6 START hook: SAM.on-run-end.0 ............................................ [RUN]
[2022-06-11 20:07:32,451] {subprocess.py:92} INFO - [0m20:07:32  1 of 6 OK hook: SAM.on-run-end.0 ............................................... [ALTER DEFAULT PRIVILEGES in 0.00s]
[2022-06-11 20:07:32,458] {subprocess.py:92} INFO - [0m20:07:32  2 of 6 START hook: SAM.on-run-end.1 ............................................ [RUN]
[2022-06-11 20:07:32,462] {subprocess.py:92} INFO - [0m20:07:32  2 of 6 OK hook: SAM.on-run-end.1 ............................................... [ALTER DEFAULT PRIVILEGES in 0.00s]
[2022-06-11 20:07:32,466] {subprocess.py:92} INFO - [0m20:07:32  3 of 6 START hook: SAM.on-run-end.2 ............................................ [RUN]
[2022-06-11 20:07:32,468] {subprocess.py:92} INFO - [0m20:07:32  3 of 6 OK hook: SAM.on-run-end.2 ............................................... [ALTER DEFAULT PRIVILEGES in 0.00s]
[2022-06-11 20:07:32,471] {subprocess.py:92} INFO - [0m20:07:32  4 of 6 START hook: SAM.on-run-end.3 ............................................ [RUN]
[2022-06-11 20:07:32,474] {subprocess.py:92} INFO - [0m20:07:32  4 of 6 OK hook: SAM.on-run-end.3 ............................................... [ALTER DEFAULT PRIVILEGES in 0.00s]
[2022-06-11 20:07:32,478] {subprocess.py:92} INFO - [0m20:07:32  5 of 6 START hook: SAM.on-run-end.4 ............................................ [RUN]
[2022-06-11 20:07:32,481] {subprocess.py:92} INFO - [0m20:07:32  5 of 6 OK hook: SAM.on-run-end.4 ............................................... [ALTER DEFAULT PRIVILEGES in 0.00s]
[2022-06-11 20:07:32,485] {subprocess.py:92} INFO - [0m20:07:32  6 of 6 START hook: SAM.on-run-end.5 ............................................ [RUN]
[2022-06-11 20:07:32,487] {subprocess.py:92} INFO - [0m20:07:32  6 of 6 OK hook: SAM.on-run-end.5 ............................................... [ALTER DEFAULT PRIVILEGES in 0.00s]
[2022-06-11 20:07:32,488] {subprocess.py:92} INFO - [0m20:07:32
[2022-06-11 20:07:32,490] {subprocess.py:92} INFO - [0m20:07:32
[2022-06-11 20:07:32,491] {subprocess.py:92} INFO - [0m20:07:32  Finished running 1 view model, 6 hooks in 0.24s.
[2022-06-11 20:07:32,497] {subprocess.py:92} INFO - [0m20:07:32
[2022-06-11 20:07:32,497] {subprocess.py:92} INFO - [0m20:07:32  Completed successfully
[2022-06-11 20:07:32,497] {subprocess.py:92} INFO - [0m20:07:32
[2022-06-11 20:07:32,498] {subprocess.py:92} INFO - [0m20:07:32  Done. PASS=1 WARN=0 ERROR=0 SKIP=0 TOTAL=1
[2022-06-11 20:07:32,704] {subprocess.py:96} INFO - Command exited with return code 0
[2022-06-11 20:07:32,736] {taskinstance.py:1400} INFO - Marking task as SUCCESS. dag_id=T-dbt-job-objects, task_id=dbt_clone_and_transform-objects, execution_date=20220611T200644, start_date=20220611T200644, end_date=20220611T200732
[2022-06-11 20:07:32,752] {local_task_job.py:156} INFO - Task exited with return code 0
[2022-06-11 20:07:32,778] {local_task_job.py:273} INFO - 1 downstream tasks scheduled from follow-on schedule check
