[2022-06-13 19:01:55,129] {taskinstance.py:1159} INFO - Dependencies all met for <TaskInstance: T-dbt-job-cdc_load.csv_to_database scheduled__2022-06-13T17:01:51.871559+00:00 [queued]>
[2022-06-13 19:01:55,138] {taskinstance.py:1159} INFO - Dependencies all met for <TaskInstance: T-dbt-job-cdc_load.csv_to_database scheduled__2022-06-13T17:01:51.871559+00:00 [queued]>
[2022-06-13 19:01:55,138] {taskinstance.py:1356} INFO - 
--------------------------------------------------------------------------------
[2022-06-13 19:01:55,138] {taskinstance.py:1357} INFO - Starting attempt 1 of 2
[2022-06-13 19:01:55,138] {taskinstance.py:1358} INFO - 
--------------------------------------------------------------------------------
[2022-06-13 19:01:55,148] {taskinstance.py:1377} INFO - Executing <Task(PythonOperator): csv_to_database> on 2022-06-13 17:01:51.871559+00:00
[2022-06-13 19:01:55,153] {standard_task_runner.py:52} INFO - Started process 1183 to run task
[2022-06-13 19:01:55,156] {standard_task_runner.py:79} INFO - Running: ['airflow', 'tasks', 'run', 'T-dbt-job-cdc_load', 'csv_to_database', 'scheduled__2022-06-13T17:01:51.871559+00:00', '--job-id', '132', '--raw', '--subdir', 'DAGS_FOLDER/docker_job/dbt_test.py', '--cfg-path', '/tmp/tmpevlq9ke1', '--error-file', '/tmp/tmphk6gr6ra']
[2022-06-13 19:01:55,156] {standard_task_runner.py:80} INFO - Job 132: Subtask csv_to_database
[2022-06-13 19:01:55,168] {warnings.py:110} WARNING - /home/airflow/.local/lib/python3.7/site-packages/airflow/configuration.py:525: DeprecationWarning: The sql_alchemy_conn option in [core] has been moved to the sql_alchemy_conn option in [database] - the old setting has been used, but please update your config.
  option = self._get_environment_variables(deprecated_key, deprecated_section, key, section)

[2022-06-13 19:01:55,204] {task_command.py:370} INFO - Running <TaskInstance: T-dbt-job-cdc_load.csv_to_database scheduled__2022-06-13T17:01:51.871559+00:00 [running]> on host 8425e4f159a6
[2022-06-13 19:01:55,267] {taskinstance.py:1571} INFO - Exporting the following env vars:
AIRFLOW_CTX_DAG_EMAIL=samuelolle@yahoo.com
AIRFLOW_CTX_DAG_OWNER=airflow
AIRFLOW_CTX_DAG_ID=T-dbt-job-cdc_load
AIRFLOW_CTX_TASK_ID=csv_to_database
AIRFLOW_CTX_EXECUTION_DATE=2022-06-13T17:01:51.871559+00:00
AIRFLOW_CTX_TRY_NUMBER=1
AIRFLOW_CTX_DAG_RUN_ID=scheduled__2022-06-13T17:01:51.871559+00:00
[2022-06-13 19:01:55,281] {base.py:68} INFO - Using connection ID '***' for task execution.
[2022-06-13 19:01:55,286] {postgres.py:127} INFO - Running copy expert: COPY analytics_stage.users_cdc FROM STDIN, filename: /opt/airflow/dags/docker_job/data/users.csv
[2022-06-13 19:01:55,291] {base.py:68} INFO - Using connection ID '***' for task execution.
[2022-06-13 19:01:55,300] {base.py:68} INFO - Using connection ID '***' for task execution.
[2022-06-13 19:01:55,303] {postgres.py:127} INFO - Running copy expert: COPY analytics_stage.walls_cdc FROM STDIN, filename: /opt/airflow/dags/docker_job/data/walls.csv
[2022-06-13 19:01:55,309] {base.py:68} INFO - Using connection ID '***' for task execution.
[2022-06-13 19:01:55,313] {python.py:173} INFO - Done. Returned value was: None
[2022-06-13 19:01:55,327] {taskinstance.py:1400} INFO - Marking task as SUCCESS. dag_id=T-dbt-job-cdc_load, task_id=csv_to_database, execution_date=20220613T170151, start_date=20220613T190155, end_date=20220613T190155
[2022-06-13 19:01:55,368] {local_task_job.py:156} INFO - Task exited with return code 0
[2022-06-13 19:01:55,399] {local_task_job.py:273} INFO - 1 downstream tasks scheduled from follow-on schedule check
