[2022-06-11 17:07:40,315] {taskinstance.py:1159} INFO - Dependencies all met for <TaskInstance: T-dbt-job-dimensions.dbt_clone_and_transform-dimensions manual__2022-06-11T17:07:37.200111+00:00 [queued]>
[2022-06-11 17:07:40,328] {taskinstance.py:1159} INFO - Dependencies all met for <TaskInstance: T-dbt-job-dimensions.dbt_clone_and_transform-dimensions manual__2022-06-11T17:07:37.200111+00:00 [queued]>
[2022-06-11 17:07:40,329] {taskinstance.py:1356} INFO - 
--------------------------------------------------------------------------------
[2022-06-11 17:07:40,329] {taskinstance.py:1357} INFO - Starting attempt 1 of 2
[2022-06-11 17:07:40,329] {taskinstance.py:1358} INFO - 
--------------------------------------------------------------------------------
[2022-06-11 17:07:40,341] {taskinstance.py:1377} INFO - Executing <Task(BashOperator): dbt_clone_and_transform-dimensions> on 2022-06-11 17:07:37.200111+00:00
[2022-06-11 17:07:40,347] {standard_task_runner.py:52} INFO - Started process 542 to run task
[2022-06-11 17:07:40,350] {standard_task_runner.py:79} INFO - Running: ['airflow', 'tasks', 'run', 'T-dbt-job-dimensions', 'dbt_clone_and_transform-dimensions', 'manual__2022-06-11T17:07:37.200111+00:00', '--job-id', '41', '--raw', '--subdir', 'DAGS_FOLDER/docker_job/dbt_test.py', '--cfg-path', '/tmp/tmp65oxqgm9', '--error-file', '/tmp/tmp7stmobty']
[2022-06-11 17:07:40,351] {standard_task_runner.py:80} INFO - Job 41: Subtask dbt_clone_and_transform-dimensions
[2022-06-11 17:07:40,406] {task_command.py:370} INFO - Running <TaskInstance: T-dbt-job-dimensions.dbt_clone_and_transform-dimensions manual__2022-06-11T17:07:37.200111+00:00 [running]> on host d8836eb746ac
[2022-06-11 17:07:40,475] {taskinstance.py:1571} INFO - Exporting the following env vars:
AIRFLOW_CTX_DAG_EMAIL=samuelolle@yahoo.com
AIRFLOW_CTX_DAG_OWNER=airflow
AIRFLOW_CTX_DAG_ID=T-dbt-job-dimensions
AIRFLOW_CTX_TASK_ID=dbt_clone_and_transform-dimensions
AIRFLOW_CTX_EXECUTION_DATE=2022-06-11T17:07:37.200111+00:00
AIRFLOW_CTX_TRY_NUMBER=1
AIRFLOW_CTX_DAG_RUN_ID=manual__2022-06-11T17:07:37.200111+00:00
[2022-06-11 17:07:40,475] {subprocess.py:62} INFO - Tmp dir root location: 
 /tmp
[2022-06-11 17:07:40,476] {subprocess.py:74} INFO - Running command: ['bash', '-c', " rm -rf /tmp/dimensions && mkdir /tmp/dimensions                            && cp -r /tmp/dbt /tmp/dimensions/dbt                             && cd /tmp/dimensions/dbt && python3 -m venv venv                             && export PIP_USER=false                             && *** /tmp/dimensions/dbt/venv/bin/activate                             && pip  install --quiet --upgrade pip setuptools                             && pip3 install --quiet 'MarkupSafe<=2.0.1' 'dbt-postgres' 'dbt-core'                             && dbt --version && deactivate                             && cd /tmp/dimensions/dbt && *** /tmp/dimensions/dbt/venv/bin/activate                             && dbt deps --profiles-dir /tmp/dimensions/dbt/ && dbt seed --profiles-dir /tmp/dimensions/dbt/                             && dbt run --models dimensions --profiles-dir /tmp/dimensions/dbt/"]
[2022-06-11 17:07:40,490] {subprocess.py:85} INFO - Output:
[2022-06-11 17:08:15,126] {subprocess.py:92} INFO - Core:
[2022-06-11 17:08:15,127] {subprocess.py:92} INFO -   - installed: 1.1.0
[2022-06-11 17:08:15,127] {subprocess.py:92} INFO -   - latest:    1.1.0 - [32mUp to date![0m
[2022-06-11 17:08:15,127] {subprocess.py:92} INFO - 
[2022-06-11 17:08:15,127] {subprocess.py:92} INFO - Plugins:
[2022-06-11 17:08:15,127] {subprocess.py:92} INFO -   - postgres: 1.1.0 - [32mUp to date![0m
[2022-06-11 17:08:17,968] {subprocess.py:92} INFO - [0m17:08:17  Running with dbt=1.1.0
[2022-06-11 17:08:17,970] {subprocess.py:92} INFO - [0m17:08:17  Warning: No packages were found in packages.yml
[2022-06-11 17:08:20,910] {subprocess.py:92} INFO - [0m17:08:20  Running with dbt=1.1.0
[2022-06-11 17:08:20,924] {subprocess.py:92} INFO - [0m17:08:20  Partial parse save file not found. Starting full parse.
[2022-06-11 17:08:21,699] {subprocess.py:92} INFO - [0m17:08:21  [WARNING]: Configuration paths exist in your dbt_project.yml file which do not apply to any re***s.
[2022-06-11 17:08:21,700] {subprocess.py:92} INFO - There are 1 unused configuration paths:
[2022-06-11 17:08:21,700] {subprocess.py:92} INFO - - seeds.SAM
[2022-06-11 17:08:21,700] {subprocess.py:92} INFO - 
[2022-06-11 17:08:21,728] {subprocess.py:92} INFO - [0m17:08:21  Found 4 models, 6 tests, 0 snapshots, 0 analyses, 171 macros, 4 operations, 0 seed files, 4 ***s, 0 exposures, 0 metrics
[2022-06-11 17:08:21,737] {subprocess.py:92} INFO - [0m17:08:21
[2022-06-11 17:08:21,738] {subprocess.py:92} INFO - [0m17:08:21  [WARNING]: Nothing to do. Try checking your model configs and model specification args
[2022-06-11 17:08:21,742] {subprocess.py:92} INFO - [0m17:08:21
[2022-06-11 17:08:21,745] {subprocess.py:92} INFO - [0m17:08:21  Completed successfully
[2022-06-11 17:08:21,746] {subprocess.py:92} INFO - [0m17:08:21
[2022-06-11 17:08:21,747] {subprocess.py:92} INFO - [0m17:08:21  Done. PASS=0 WARN=0 ERROR=0 SKIP=0 TOTAL=0
[2022-06-11 17:08:26,157] {subprocess.py:92} INFO - [0m17:08:26  Running with dbt=1.1.0
[2022-06-11 17:08:26,193] {subprocess.py:92} INFO - [0m17:08:26  [WARNING]: Configuration paths exist in your dbt_project.yml file which do not apply to any re***s.
[2022-06-11 17:08:26,193] {subprocess.py:92} INFO - There are 1 unused configuration paths:
[2022-06-11 17:08:26,193] {subprocess.py:92} INFO - - seeds.SAM
[2022-06-11 17:08:26,193] {subprocess.py:92} INFO - 
[2022-06-11 17:08:26,208] {subprocess.py:92} INFO - [0m17:08:26  Found 4 models, 6 tests, 0 snapshots, 0 analyses, 171 macros, 4 operations, 0 seed files, 4 ***s, 0 exposures, 0 metrics
[2022-06-11 17:08:26,211] {subprocess.py:92} INFO - [0m17:08:26
[2022-06-11 17:08:26,311] {subprocess.py:92} INFO - [0m17:08:26  Concurrency: 4 threads (target='dev')
[2022-06-11 17:08:26,312] {subprocess.py:92} INFO - [0m17:08:26
[2022-06-11 17:08:26,325] {subprocess.py:92} INFO - [0m17:08:26  1 of 1 START view model analytics_object.dim_date .............................. [RUN]
[2022-06-11 17:08:26,437] {subprocess.py:92} INFO - [0m17:08:26  1 of 1 OK created view model analytics_object.dim_date ......................... [CREATE VIEW in 0.11s]
[2022-06-11 17:08:26,533] {subprocess.py:92} INFO - [0m17:08:26
[2022-06-11 17:08:26,533] {subprocess.py:92} INFO - [0m17:08:26  Running 4 on-run-end hooks
[2022-06-11 17:08:26,546] {subprocess.py:92} INFO - [0m17:08:26  1 of 4 START hook: SAM.on-run-end.0 ............................................ [RUN]
[2022-06-11 17:08:26,554] {subprocess.py:92} INFO - [0m17:08:26  1 of 4 OK hook: SAM.on-run-end.0 ............................................... [ALTER DEFAULT PRIVILEGES in 0.01s]
[2022-06-11 17:08:26,562] {subprocess.py:92} INFO - [0m17:08:26  2 of 4 START hook: SAM.on-run-end.1 ............................................ [RUN]
[2022-06-11 17:08:26,567] {subprocess.py:92} INFO - [0m17:08:26  2 of 4 OK hook: SAM.on-run-end.1 ............................................... [ALTER DEFAULT PRIVILEGES in 0.00s]
[2022-06-11 17:08:26,574] {subprocess.py:92} INFO - [0m17:08:26  3 of 4 START hook: SAM.on-run-end.2 ............................................ [RUN]
[2022-06-11 17:08:26,578] {subprocess.py:92} INFO - [0m17:08:26  3 of 4 OK hook: SAM.on-run-end.2 ............................................... [ALTER DEFAULT PRIVILEGES in 0.00s]
[2022-06-11 17:08:26,584] {subprocess.py:92} INFO - [0m17:08:26  4 of 4 START hook: SAM.on-run-end.3 ............................................ [RUN]
[2022-06-11 17:08:26,588] {subprocess.py:92} INFO - [0m17:08:26  4 of 4 OK hook: SAM.on-run-end.3 ............................................... [ALTER DEFAULT PRIVILEGES in 0.00s]
[2022-06-11 17:08:26,588] {subprocess.py:92} INFO - [0m17:08:26
[2022-06-11 17:08:26,590] {subprocess.py:92} INFO - [0m17:08:26
[2022-06-11 17:08:26,590] {subprocess.py:92} INFO - [0m17:08:26  Finished running 1 view model, 4 hooks in 0.38s.
[2022-06-11 17:08:26,601] {subprocess.py:92} INFO - [0m17:08:26
[2022-06-11 17:08:26,601] {subprocess.py:92} INFO - [0m17:08:26  Completed successfully
[2022-06-11 17:08:26,602] {subprocess.py:92} INFO - [0m17:08:26
[2022-06-11 17:08:26,602] {subprocess.py:92} INFO - [0m17:08:26  Done. PASS=1 WARN=0 ERROR=0 SKIP=0 TOTAL=1
[2022-06-11 17:08:26,863] {subprocess.py:96} INFO - Command exited with return code 0
[2022-06-11 17:08:26,899] {taskinstance.py:1400} INFO - Marking task as SUCCESS. dag_id=T-dbt-job-dimensions, task_id=dbt_clone_and_transform-dimensions, execution_date=20220611T170737, start_date=20220611T170740, end_date=20220611T170826
[2022-06-11 17:08:26,957] {local_task_job.py:156} INFO - Task exited with return code 0
[2022-06-11 17:08:26,987] {local_task_job.py:273} INFO - 1 downstream tasks scheduled from follow-on schedule check
