[2022-06-11 18:56:18,495] {taskinstance.py:1159} INFO - Dependencies all met for <TaskInstance: T-dbt-job-cdc_load.csv_to_database manual__2022-06-11T18:56:15.146767+00:00 [queued]>
[2022-06-11 18:56:18,507] {taskinstance.py:1159} INFO - Dependencies all met for <TaskInstance: T-dbt-job-cdc_load.csv_to_database manual__2022-06-11T18:56:15.146767+00:00 [queued]>
[2022-06-11 18:56:18,508] {taskinstance.py:1356} INFO - 
--------------------------------------------------------------------------------
[2022-06-11 18:56:18,508] {taskinstance.py:1357} INFO - Starting attempt 1 of 2
[2022-06-11 18:56:18,508] {taskinstance.py:1358} INFO - 
--------------------------------------------------------------------------------
[2022-06-11 18:56:18,519] {taskinstance.py:1377} INFO - Executing <Task(PythonOperator): csv_to_database> on 2022-06-11 18:56:15.146767+00:00
[2022-06-11 18:56:18,526] {standard_task_runner.py:52} INFO - Started process 1780 to run task
[2022-06-11 18:56:18,529] {standard_task_runner.py:79} INFO - Running: ['airflow', 'tasks', 'run', 'T-dbt-job-cdc_load', 'csv_to_database', 'manual__2022-06-11T18:56:15.146767+00:00', '--job-id', '108', '--raw', '--subdir', 'DAGS_FOLDER/docker_job/dbt_test.py', '--cfg-path', '/tmp/tmpv1sojft0', '--error-file', '/tmp/tmp1ll8wi8i']
[2022-06-11 18:56:18,530] {standard_task_runner.py:80} INFO - Job 108: Subtask csv_to_database
[2022-06-11 18:56:18,579] {task_command.py:370} INFO - Running <TaskInstance: T-dbt-job-cdc_load.csv_to_database manual__2022-06-11T18:56:15.146767+00:00 [running]> on host d8836eb746ac
[2022-06-11 18:56:18,647] {taskinstance.py:1571} INFO - Exporting the following env vars:
AIRFLOW_CTX_DAG_EMAIL=samuelolle@yahoo.com
AIRFLOW_CTX_DAG_OWNER=airflow
AIRFLOW_CTX_DAG_ID=T-dbt-job-cdc_load
AIRFLOW_CTX_TASK_ID=csv_to_database
AIRFLOW_CTX_EXECUTION_DATE=2022-06-11T18:56:15.146767+00:00
AIRFLOW_CTX_TRY_NUMBER=1
AIRFLOW_CTX_DAG_RUN_ID=manual__2022-06-11T18:56:15.146767+00:00
[2022-06-11 18:56:18,659] {base.py:68} INFO - Using connection ID '***' for task execution.
[2022-06-11 18:56:18,666] {postgres.py:127} INFO - Running copy expert: COPY analytics_objects.users_cdc FROM STDIN, filename: /opt/airflow/dags/docker_job/data/users.csv
[2022-06-11 18:56:18,674] {base.py:68} INFO - Using connection ID '***' for task execution.
[2022-06-11 18:56:18,689] {base.py:68} INFO - Using connection ID '***' for task execution.
[2022-06-11 18:56:18,696] {postgres.py:127} INFO - Running copy expert: COPY analytics_objects.walls_cdc FROM STDIN, filename: /opt/airflow/dags/docker_job/data/walls.csv
[2022-06-11 18:56:18,707] {base.py:68} INFO - Using connection ID '***' for task execution.
[2022-06-11 18:56:18,713] {python.py:173} INFO - Done. Returned value was: None
[2022-06-11 18:56:18,726] {taskinstance.py:1400} INFO - Marking task as SUCCESS. dag_id=T-dbt-job-cdc_load, task_id=csv_to_database, execution_date=20220611T185615, start_date=20220611T185618, end_date=20220611T185618
[2022-06-11 18:56:18,784] {local_task_job.py:156} INFO - Task exited with return code 0
[2022-06-11 18:56:18,821] {local_task_job.py:273} INFO - 0 downstream tasks scheduled from follow-on schedule check
