[2022-06-19 18:10:17,546] {taskinstance.py:1159} INFO - Dependencies all met for <TaskInstance: Job-pts.pts-Papple-iphone-x-256gb-space-grau_h_5145 scheduled__2022-06-19T15:40:14.985831+00:00 [queued]>
[2022-06-19 18:10:17,570] {taskinstance.py:1159} INFO - Dependencies all met for <TaskInstance: Job-pts.pts-Papple-iphone-x-256gb-space-grau_h_5145 scheduled__2022-06-19T15:40:14.985831+00:00 [queued]>
[2022-06-19 18:10:17,570] {taskinstance.py:1356} INFO - 
--------------------------------------------------------------------------------
[2022-06-19 18:10:17,570] {taskinstance.py:1357} INFO - Starting attempt 1 of 6
[2022-06-19 18:10:17,570] {taskinstance.py:1358} INFO - 
--------------------------------------------------------------------------------
[2022-06-19 18:10:17,596] {taskinstance.py:1377} INFO - Executing <Task(PythonOperator): pts-Papple-iphone-x-256gb-space-grau_h_5145> on 2022-06-19 15:40:14.985831+00:00
[2022-06-19 18:10:17,601] {standard_task_runner.py:52} INFO - Started process 3287 to run task
[2022-06-19 18:10:17,604] {standard_task_runner.py:79} INFO - Running: ['airflow', 'tasks', 'run', 'Job-pts', 'pts-Papple-iphone-x-256gb-space-grau_h_5145', 'scheduled__2022-06-19T15:40:14.985831+00:00', '--job-id', '638', '--raw', '--subdir', 'DAGS_FOLDER/docker_job/price_scale.py', '--cfg-path', '/tmp/tmp4qlmuaey', '--error-file', '/tmp/tmpi0j12i9p']
[2022-06-19 18:10:17,605] {standard_task_runner.py:80} INFO - Job 638: Subtask pts-Papple-iphone-x-256gb-space-grau_h_5145
[2022-06-19 18:10:17,622] {warnings.py:110} WARNING - /home/airflow/.local/lib/python3.7/site-packages/airflow/configuration.py:525: DeprecationWarning: The sql_alchemy_conn option in [core] has been moved to the sql_alchemy_conn option in [database] - the old setting has been used, but please update your config.
  option = self._get_environment_variables(deprecated_key, deprecated_section, key, section)

[2022-06-19 18:10:17,700] {task_command.py:370} INFO - Running <TaskInstance: Job-pts.pts-Papple-iphone-x-256gb-space-grau_h_5145 scheduled__2022-06-19T15:40:14.985831+00:00 [running]> on host 3c1ac2e19971
[2022-06-19 18:10:17,944] {taskinstance.py:1571} INFO - Exporting the following env vars:
AIRFLOW_CTX_DAG_EMAIL=samuel.momoh-olle@asgoodasnew.com
AIRFLOW_CTX_DAG_OWNER=airflow
AIRFLOW_CTX_DAG_ID=Job-pts
AIRFLOW_CTX_TASK_ID=pts-Papple-iphone-x-256gb-space-grau_h_5145
AIRFLOW_CTX_EXECUTION_DATE=2022-06-19T15:40:14.985831+00:00
AIRFLOW_CTX_TRY_NUMBER=1
AIRFLOW_CTX_DAG_RUN_ID=scheduled__2022-06-19T15:40:14.985831+00:00
[2022-06-19 18:10:19,068] {logging_mixin.py:115} INFO - ['https://www.handyverkauf.net/apple-iphone-x-64gb-space-grau_h_5143', 'https://www.handyverkauf.net/apple-iphone-x-256gb-space-grau_h_5145', 'https://www.handyverkauf.net/apple-iphone-xs-64gb-space-grau_h_6242', 'https://www.handyverkauf.net/apple-iphone-xs-256gb-space-grau_h_6245', 'https://www.handyverkauf.net/apple-iphone-xs-512gb-space-grau_h_6248', 'https://www.handyverkauf.net/apple-iphone-xs-max-64gb-space-grau_h_6251', 'https://www.handyverkauf.net/apple-iphone-xs-max-256gb-space-grau_h_6254', 'https://www.handyverkauf.net/apple-iphone-xs-max-512gb-space-grau_h_6257', 'https://www.handyverkauf.net/apple-iphone-xr-64gb-schwarz_h_6260', 'https://www.handyverkauf.net/apple-iphone-xr-128gb-schwarz_h_6266']
[2022-06-19 18:10:22,164] {logging_mixin.py:115} INFO - Message: invalid argument: 'url' must be a string
  (Session info: headless chrome=102.0.5005.115)
Stacktrace:
#0 0x55d1cbe70f33 <unknown>
#1 0x55d1cbbbb118 <unknown>
#2 0x55d1cbc22aa1 <unknown>
#3 0x55d1cbc0ef72 <unknown>
#4 0x55d1cbc222e4 <unknown>
#5 0x55d1cbc0ee63 <unknown>
#6 0x55d1cbbe482a <unknown>
#7 0x55d1cbbe5985 <unknown>
#8 0x55d1cbeb54cd <unknown>
#9 0x55d1cbeb95ec <unknown>
#10 0x55d1cbe9f71e <unknown>
#11 0x55d1cbeba238 <unknown>
#12 0x55d1cbe94870 <unknown>
#13 0x55d1cbed6608 <unknown>
#14 0x55d1cbed6788 <unknown>
#15 0x55d1cbef0f1d <unknown>
#16 0x7fa16ff9fea7 <unknown>
[2022-06-19 18:10:22,218] {logging_mixin.py:115} INFO - []
[2022-06-19 18:10:22,219] {python.py:173} INFO - Done. Returned value was: None
[2022-06-19 18:10:22,234] {taskinstance.py:1400} INFO - Marking task as SUCCESS. dag_id=Job-pts, task_id=pts-Papple-iphone-x-256gb-space-grau_h_5145, execution_date=20220619T154014, start_date=20220619T181017, end_date=20220619T181022
[2022-06-19 18:10:22,269] {local_task_job.py:156} INFO - Task exited with return code 0
[2022-06-19 18:10:22,300] {local_task_job.py:273} INFO - 0 downstream tasks scheduled from follow-on schedule check
