[2022-06-12 03:06:41,263] {taskinstance.py:1159} INFO - Dependencies all met for <TaskInstance: T-dbt-job-dimensions.dbt_cleanup-dimensions manual__2022-06-12T03:05:52.420181+00:00 [queued]>
[2022-06-12 03:06:41,272] {taskinstance.py:1159} INFO - Dependencies all met for <TaskInstance: T-dbt-job-dimensions.dbt_cleanup-dimensions manual__2022-06-12T03:05:52.420181+00:00 [queued]>
[2022-06-12 03:06:41,273] {taskinstance.py:1356} INFO - 
--------------------------------------------------------------------------------
[2022-06-12 03:06:41,273] {taskinstance.py:1357} INFO - Starting attempt 1 of 2
[2022-06-12 03:06:41,273] {taskinstance.py:1358} INFO - 
--------------------------------------------------------------------------------
[2022-06-12 03:06:41,289] {taskinstance.py:1377} INFO - Executing <Task(BashOperator): dbt_cleanup-dimensions> on 2022-06-12 03:05:52.420181+00:00
[2022-06-12 03:06:41,294] {standard_task_runner.py:52} INFO - Started process 3238 to run task
[2022-06-12 03:06:41,298] {standard_task_runner.py:79} INFO - Running: ['airflow', 'tasks', 'run', 'T-dbt-job-dimensions', 'dbt_cleanup-dimensions', 'manual__2022-06-12T03:05:52.420181+00:00', '--job-id', '89', '--raw', '--subdir', 'DAGS_FOLDER/docker_job/dbt_model.py', '--cfg-path', '/tmp/tmpo3ni2szq', '--error-file', '/tmp/tmprmjswsvk']
[2022-06-12 03:06:41,299] {standard_task_runner.py:80} INFO - Job 89: Subtask dbt_cleanup-dimensions
[2022-06-12 03:06:41,369] {task_command.py:370} INFO - Running <TaskInstance: T-dbt-job-dimensions.dbt_cleanup-dimensions manual__2022-06-12T03:05:52.420181+00:00 [running]> on host e926c0944008
[2022-06-12 03:06:41,489] {taskinstance.py:1571} INFO - Exporting the following env vars:
AIRFLOW_CTX_DAG_EMAIL=samuelolle@yahoo.com
AIRFLOW_CTX_DAG_OWNER=airflow
AIRFLOW_CTX_DAG_ID=T-dbt-job-dimensions
AIRFLOW_CTX_TASK_ID=dbt_cleanup-dimensions
AIRFLOW_CTX_EXECUTION_DATE=2022-06-12T03:05:52.420181+00:00
AIRFLOW_CTX_TRY_NUMBER=1
AIRFLOW_CTX_DAG_RUN_ID=manual__2022-06-12T03:05:52.420181+00:00
[2022-06-12 03:06:41,490] {subprocess.py:62} INFO - Tmp dir root location: 
 /tmp
[2022-06-12 03:06:41,490] {subprocess.py:74} INFO - Running command: ['bash', '-c', 'rm -rf /tmp/dimensions && rm -rf /tmp/tmp* 2>/dev/null || exit 0']
[2022-06-12 03:06:41,505] {subprocess.py:85} INFO - Output:
[2022-06-12 03:06:41,652] {subprocess.py:96} INFO - Command exited with return code 0
[2022-06-12 03:06:41,684] {taskinstance.py:1400} INFO - Marking task as SUCCESS. dag_id=T-dbt-job-dimensions, task_id=dbt_cleanup-dimensions, execution_date=20220612T030552, start_date=20220612T030641, end_date=20220612T030641
[2022-06-12 03:06:41,717] {local_task_job.py:156} INFO - Task exited with return code 0
[2022-06-12 03:06:41,747] {local_task_job.py:273} INFO - 0 downstream tasks scheduled from follow-on schedule check
