[2022-06-19 18:09:59,310] {taskinstance.py:1159} INFO - Dependencies all met for <TaskInstance: Job-pts.pts-Papple-iphone-xs-max-64gb-space-grau_h_6251 scheduled__2022-06-19T01:11:07.661205+00:00 [queued]>
[2022-06-19 18:09:59,321] {taskinstance.py:1159} INFO - Dependencies all met for <TaskInstance: Job-pts.pts-Papple-iphone-xs-max-64gb-space-grau_h_6251 scheduled__2022-06-19T01:11:07.661205+00:00 [queued]>
[2022-06-19 18:09:59,321] {taskinstance.py:1356} INFO - 
--------------------------------------------------------------------------------
[2022-06-19 18:09:59,321] {taskinstance.py:1357} INFO - Starting attempt 3 of 6
[2022-06-19 18:09:59,321] {taskinstance.py:1358} INFO - 
--------------------------------------------------------------------------------
[2022-06-19 18:09:59,345] {taskinstance.py:1377} INFO - Executing <Task(PythonOperator): pts-Papple-iphone-xs-max-64gb-space-grau_h_6251> on 2022-06-19 01:11:07.661205+00:00
[2022-06-19 18:09:59,351] {standard_task_runner.py:52} INFO - Started process 5055 to run task
[2022-06-19 18:09:59,355] {standard_task_runner.py:79} INFO - Running: ['airflow', 'tasks', 'run', 'Job-pts', 'pts-Papple-iphone-xs-max-64gb-space-grau_h_6251', 'scheduled__2022-06-19T01:11:07.661205+00:00', '--job-id', '631', '--raw', '--subdir', 'DAGS_FOLDER/docker_job/price_scale.py', '--cfg-path', '/tmp/tmp_ry8yvjy', '--error-file', '/tmp/tmptaxzijxr']
[2022-06-19 18:09:59,357] {standard_task_runner.py:80} INFO - Job 631: Subtask pts-Papple-iphone-xs-max-64gb-space-grau_h_6251
[2022-06-19 18:09:59,372] {warnings.py:110} WARNING - /home/airflow/.local/lib/python3.7/site-packages/airflow/configuration.py:525: DeprecationWarning: The sql_alchemy_conn option in [core] has been moved to the sql_alchemy_conn option in [database] - the old setting has been used, but please update your config.
  option = self._get_environment_variables(deprecated_key, deprecated_section, key, section)

[2022-06-19 18:09:59,417] {task_command.py:370} INFO - Running <TaskInstance: Job-pts.pts-Papple-iphone-xs-max-64gb-space-grau_h_6251 scheduled__2022-06-19T01:11:07.661205+00:00 [running]> on host 2d9e52ec85d2
[2022-06-19 18:09:59,485] {taskinstance.py:1571} INFO - Exporting the following env vars:
AIRFLOW_CTX_DAG_EMAIL=samuel.momoh-olle@asgoodasnew.com
AIRFLOW_CTX_DAG_OWNER=airflow
AIRFLOW_CTX_DAG_ID=Job-pts
AIRFLOW_CTX_TASK_ID=pts-Papple-iphone-xs-max-64gb-space-grau_h_6251
AIRFLOW_CTX_EXECUTION_DATE=2022-06-19T01:11:07.661205+00:00
AIRFLOW_CTX_TRY_NUMBER=3
AIRFLOW_CTX_DAG_RUN_ID=scheduled__2022-06-19T01:11:07.661205+00:00
[2022-06-19 18:10:00,164] {logging_mixin.py:115} INFO - ['https://www.handyverkauf.net/apple-iphone-x-64gb-space-grau_h_5143', 'https://www.handyverkauf.net/apple-iphone-x-256gb-space-grau_h_5145', 'https://www.handyverkauf.net/apple-iphone-xs-64gb-space-grau_h_6242', 'https://www.handyverkauf.net/apple-iphone-xs-256gb-space-grau_h_6245', 'https://www.handyverkauf.net/apple-iphone-xs-512gb-space-grau_h_6248', 'https://www.handyverkauf.net/apple-iphone-xs-max-64gb-space-grau_h_6251', 'https://www.handyverkauf.net/apple-iphone-xs-max-256gb-space-grau_h_6254', 'https://www.handyverkauf.net/apple-iphone-xs-max-512gb-space-grau_h_6257', 'https://www.handyverkauf.net/apple-iphone-xr-64gb-schwarz_h_6260', 'https://www.handyverkauf.net/apple-iphone-xr-128gb-schwarz_h_6266']
[2022-06-19 18:10:04,472] {logging_mixin.py:115} INFO - Message: invalid argument: 'url' must be a string
  (Session info: headless chrome=102.0.5005.115)
Stacktrace:
#0 0x55b4f885ef33 <unknown>
#1 0x55b4f85a9118 <unknown>
#2 0x55b4f8610aa1 <unknown>
#3 0x55b4f85fcf72 <unknown>
#4 0x55b4f86102e4 <unknown>
#5 0x55b4f85fce63 <unknown>
#6 0x55b4f85d282a <unknown>
#7 0x55b4f85d3985 <unknown>
#8 0x55b4f88a34cd <unknown>
#9 0x55b4f88a75ec <unknown>
#10 0x55b4f888d71e <unknown>
#11 0x55b4f88a8238 <unknown>
#12 0x55b4f8882870 <unknown>
#13 0x55b4f88c4608 <unknown>
#14 0x55b4f88c4788 <unknown>
#15 0x55b4f88def1d <unknown>
#16 0x7f4fc11c6ea7 <unknown>
[2022-06-19 18:10:04,525] {logging_mixin.py:115} INFO - []
[2022-06-19 18:10:04,526] {python.py:173} INFO - Done. Returned value was: None
[2022-06-19 18:10:04,538] {taskinstance.py:1400} INFO - Marking task as SUCCESS. dag_id=Job-pts, task_id=pts-Papple-iphone-xs-max-64gb-space-grau_h_6251, execution_date=20220619T011107, start_date=20220619T180959, end_date=20220619T181004
[2022-06-19 18:10:04,562] {local_task_job.py:156} INFO - Task exited with return code 0
[2022-06-19 18:10:04,583] {local_task_job.py:273} INFO - 0 downstream tasks scheduled from follow-on schedule check
