[2022-06-19 22:44:54,033] {taskinstance.py:1159} INFO - Dependencies all met for <TaskInstance: T-dbt-job-cdc_load.csv_to_database manual__2022-06-19T22:44:51.201195+00:00 [queued]>
[2022-06-19 22:44:54,041] {taskinstance.py:1159} INFO - Dependencies all met for <TaskInstance: T-dbt-job-cdc_load.csv_to_database manual__2022-06-19T22:44:51.201195+00:00 [queued]>
[2022-06-19 22:44:54,041] {taskinstance.py:1356} INFO - 
--------------------------------------------------------------------------------
[2022-06-19 22:44:54,041] {taskinstance.py:1357} INFO - Starting attempt 1 of 2
[2022-06-19 22:44:54,041] {taskinstance.py:1358} INFO - 
--------------------------------------------------------------------------------
[2022-06-19 22:44:54,052] {taskinstance.py:1377} INFO - Executing <Task(PythonOperator): csv_to_database> on 2022-06-19 22:44:51.201195+00:00
[2022-06-19 22:44:54,056] {standard_task_runner.py:52} INFO - Started process 1251 to run task
[2022-06-19 22:44:54,058] {standard_task_runner.py:79} INFO - Running: ['airflow', 'tasks', 'run', 'T-dbt-job-cdc_load', 'csv_to_database', 'manual__2022-06-19T22:44:51.201195+00:00', '--job-id', '51', '--raw', '--subdir', 'DAGS_FOLDER/docker_job/dbt_test.py', '--cfg-path', '/tmp/tmpixhly02l', '--error-file', '/tmp/tmp2sxj_7s1']
[2022-06-19 22:44:54,059] {standard_task_runner.py:80} INFO - Job 51: Subtask csv_to_database
[2022-06-19 22:44:54,107] {task_command.py:370} INFO - Running <TaskInstance: T-dbt-job-cdc_load.csv_to_database manual__2022-06-19T22:44:51.201195+00:00 [running]> on host 7cbff6e51e2a
[2022-06-19 22:44:54,179] {taskinstance.py:1571} INFO - Exporting the following env vars:
AIRFLOW_CTX_DAG_EMAIL=samuelolle@yahoo.com
AIRFLOW_CTX_DAG_OWNER=airflow
AIRFLOW_CTX_DAG_ID=T-dbt-job-cdc_load
AIRFLOW_CTX_TASK_ID=csv_to_database
AIRFLOW_CTX_EXECUTION_DATE=2022-06-19T22:44:51.201195+00:00
AIRFLOW_CTX_TRY_NUMBER=1
AIRFLOW_CTX_DAG_RUN_ID=manual__2022-06-19T22:44:51.201195+00:00
[2022-06-19 22:44:54,188] {base.py:68} INFO - Using connection ID '***' for task execution.
[2022-06-19 22:44:54,192] {postgres.py:127} INFO - Running copy expert: COPY analytics_stage.users_cdc FROM STDIN, filename: /opt/airflow/dags/docker_job/data/users.csv
[2022-06-19 22:44:54,198] {base.py:68} INFO - Using connection ID '***' for task execution.
[2022-06-19 22:44:54,208] {base.py:68} INFO - Using connection ID '***' for task execution.
[2022-06-19 22:44:54,211] {postgres.py:127} INFO - Running copy expert: COPY analytics_stage.walls_cdc FROM STDIN, filename: /opt/airflow/dags/docker_job/data/walls.csv
[2022-06-19 22:44:54,217] {base.py:68} INFO - Using connection ID '***' for task execution.
[2022-06-19 22:44:54,222] {python.py:173} INFO - Done. Returned value was: None
[2022-06-19 22:44:54,235] {taskinstance.py:1400} INFO - Marking task as SUCCESS. dag_id=T-dbt-job-cdc_load, task_id=csv_to_database, execution_date=20220619T224451, start_date=20220619T224454, end_date=20220619T224454
[2022-06-19 22:44:54,271] {local_task_job.py:156} INFO - Task exited with return code 0
[2022-06-19 22:44:54,316] {local_task_job.py:273} INFO - 1 downstream tasks scheduled from follow-on schedule check
