[2022-06-13 21:38:08,361] {taskinstance.py:1159} INFO - Dependencies all met for <TaskInstance: T-dbt-job-example.dbt_cleanup-example scheduled__2022-06-13T19:37:24.181140+00:00 [queued]>
[2022-06-13 21:38:08,370] {taskinstance.py:1159} INFO - Dependencies all met for <TaskInstance: T-dbt-job-example.dbt_cleanup-example scheduled__2022-06-13T19:37:24.181140+00:00 [queued]>
[2022-06-13 21:38:08,370] {taskinstance.py:1356} INFO - 
--------------------------------------------------------------------------------
[2022-06-13 21:38:08,370] {taskinstance.py:1357} INFO - Starting attempt 1 of 2
[2022-06-13 21:38:08,370] {taskinstance.py:1358} INFO - 
--------------------------------------------------------------------------------
[2022-06-13 21:38:08,383] {taskinstance.py:1377} INFO - Executing <Task(BashOperator): dbt_cleanup-example> on 2022-06-13 19:37:24.181140+00:00
[2022-06-13 21:38:08,389] {standard_task_runner.py:52} INFO - Started process 1436 to run task
[2022-06-13 21:38:08,393] {standard_task_runner.py:79} INFO - Running: ['airflow', 'tasks', 'run', 'T-dbt-job-example', 'dbt_cleanup-example', 'scheduled__2022-06-13T19:37:24.181140+00:00', '--job-id', '149', '--raw', '--subdir', 'DAGS_FOLDER/docker_job/dbt_model.py', '--cfg-path', '/tmp/tmp1wl1zvpn', '--error-file', '/tmp/tmp8hsxzstg']
[2022-06-13 21:38:08,394] {standard_task_runner.py:80} INFO - Job 149: Subtask dbt_cleanup-example
[2022-06-13 21:38:08,419] {warnings.py:110} WARNING - /home/airflow/.local/lib/python3.7/site-packages/airflow/configuration.py:525: DeprecationWarning: The sql_alchemy_conn option in [core] has been moved to the sql_alchemy_conn option in [database] - the old setting has been used, but please update your config.
  option = self._get_environment_variables(deprecated_key, deprecated_section, key, section)

[2022-06-13 21:38:08,486] {task_command.py:370} INFO - Running <TaskInstance: T-dbt-job-example.dbt_cleanup-example scheduled__2022-06-13T19:37:24.181140+00:00 [running]> on host 8425e4f159a6
[2022-06-13 21:38:08,551] {taskinstance.py:1571} INFO - Exporting the following env vars:
AIRFLOW_CTX_DAG_EMAIL=samuelolle@yahoo.com
AIRFLOW_CTX_DAG_OWNER=airflow
AIRFLOW_CTX_DAG_ID=T-dbt-job-example
AIRFLOW_CTX_TASK_ID=dbt_cleanup-example
AIRFLOW_CTX_EXECUTION_DATE=2022-06-13T19:37:24.181140+00:00
AIRFLOW_CTX_TRY_NUMBER=1
AIRFLOW_CTX_DAG_RUN_ID=scheduled__2022-06-13T19:37:24.181140+00:00
[2022-06-13 21:38:08,552] {subprocess.py:62} INFO - Tmp dir root location: 
 /tmp
[2022-06-13 21:38:08,552] {subprocess.py:74} INFO - Running command: ['bash', '-c', 'rm -rf /tmp/example && rm -rf /tmp/tmp* 2>/dev/null || exit 0']
[2022-06-13 21:38:08,562] {subprocess.py:85} INFO - Output:
[2022-06-13 21:38:08,689] {subprocess.py:96} INFO - Command exited with return code 0
[2022-06-13 21:38:08,719] {taskinstance.py:1400} INFO - Marking task as SUCCESS. dag_id=T-dbt-job-example, task_id=dbt_cleanup-example, execution_date=20220613T193724, start_date=20220613T213808, end_date=20220613T213808
[2022-06-13 21:38:08,767] {local_task_job.py:156} INFO - Task exited with return code 0
[2022-06-13 21:38:08,795] {local_task_job.py:273} INFO - 0 downstream tasks scheduled from follow-on schedule check
