[2022-06-19 18:08:15,660] {taskinstance.py:1159} INFO - Dependencies all met for <TaskInstance: Job-pts.pts-Papple-iphone-xs-max-512gb-space-grau_h_6257 scheduled__2022-06-19T01:11:07.661205+00:00 [queued]>
[2022-06-19 18:08:15,673] {taskinstance.py:1159} INFO - Dependencies all met for <TaskInstance: Job-pts.pts-Papple-iphone-xs-max-512gb-space-grau_h_6257 scheduled__2022-06-19T01:11:07.661205+00:00 [queued]>
[2022-06-19 18:08:15,674] {taskinstance.py:1356} INFO - 
--------------------------------------------------------------------------------
[2022-06-19 18:08:15,674] {taskinstance.py:1357} INFO - Starting attempt 3 of 6
[2022-06-19 18:08:15,675] {taskinstance.py:1358} INFO - 
--------------------------------------------------------------------------------
[2022-06-19 18:08:15,692] {taskinstance.py:1377} INFO - Executing <Task(PythonOperator): pts-Papple-iphone-xs-max-512gb-space-grau_h_6257> on 2022-06-19 01:11:07.661205+00:00
[2022-06-19 18:08:15,696] {standard_task_runner.py:52} INFO - Started process 2340 to run task
[2022-06-19 18:08:15,699] {standard_task_runner.py:79} INFO - Running: ['airflow', 'tasks', 'run', 'Job-pts', 'pts-Papple-iphone-xs-max-512gb-space-grau_h_6257', 'scheduled__2022-06-19T01:11:07.661205+00:00', '--job-id', '610', '--raw', '--subdir', 'DAGS_FOLDER/docker_job/price_scale.py', '--cfg-path', '/tmp/tmpe_y3hz_g', '--error-file', '/tmp/tmplba8l7in']
[2022-06-19 18:08:15,699] {standard_task_runner.py:80} INFO - Job 610: Subtask pts-Papple-iphone-xs-max-512gb-space-grau_h_6257
[2022-06-19 18:08:15,714] {warnings.py:110} WARNING - /home/airflow/.local/lib/python3.7/site-packages/airflow/configuration.py:525: DeprecationWarning: The sql_alchemy_conn option in [core] has been moved to the sql_alchemy_conn option in [database] - the old setting has been used, but please update your config.
  option = self._get_environment_variables(deprecated_key, deprecated_section, key, section)

[2022-06-19 18:08:15,762] {task_command.py:370} INFO - Running <TaskInstance: Job-pts.pts-Papple-iphone-xs-max-512gb-space-grau_h_6257 scheduled__2022-06-19T01:11:07.661205+00:00 [running]> on host 2d9e52ec85d2
[2022-06-19 18:08:15,832] {taskinstance.py:1571} INFO - Exporting the following env vars:
AIRFLOW_CTX_DAG_EMAIL=samuel.momoh-olle@asgoodasnew.com
AIRFLOW_CTX_DAG_OWNER=airflow
AIRFLOW_CTX_DAG_ID=Job-pts
AIRFLOW_CTX_TASK_ID=pts-Papple-iphone-xs-max-512gb-space-grau_h_6257
AIRFLOW_CTX_EXECUTION_DATE=2022-06-19T01:11:07.661205+00:00
AIRFLOW_CTX_TRY_NUMBER=3
AIRFLOW_CTX_DAG_RUN_ID=scheduled__2022-06-19T01:11:07.661205+00:00
[2022-06-19 18:08:16,628] {logging_mixin.py:115} INFO - ['https://www.handyverkauf.net/apple-iphone-x-64gb-space-grau_h_5143', 'https://www.handyverkauf.net/apple-iphone-x-256gb-space-grau_h_5145', 'https://www.handyverkauf.net/apple-iphone-xs-64gb-space-grau_h_6242', 'https://www.handyverkauf.net/apple-iphone-xs-256gb-space-grau_h_6245', 'https://www.handyverkauf.net/apple-iphone-xs-512gb-space-grau_h_6248', 'https://www.handyverkauf.net/apple-iphone-xs-max-64gb-space-grau_h_6251', 'https://www.handyverkauf.net/apple-iphone-xs-max-256gb-space-grau_h_6254', 'https://www.handyverkauf.net/apple-iphone-xs-max-512gb-space-grau_h_6257', 'https://www.handyverkauf.net/apple-iphone-xr-64gb-schwarz_h_6260', 'https://www.handyverkauf.net/apple-iphone-xr-128gb-schwarz_h_6266']
[2022-06-19 18:08:21,089] {logging_mixin.py:115} INFO - Message: invalid argument: 'url' must be a string
  (Session info: headless chrome=102.0.5005.115)
Stacktrace:
#0 0x55f79cdeff33 <unknown>
#1 0x55f79cb3a118 <unknown>
#2 0x55f79cba1aa1 <unknown>
#3 0x55f79cb8df72 <unknown>
#4 0x55f79cba12e4 <unknown>
#5 0x55f79cb8de63 <unknown>
#6 0x55f79cb6382a <unknown>
#7 0x55f79cb64985 <unknown>
#8 0x55f79ce344cd <unknown>
#9 0x55f79ce385ec <unknown>
#10 0x55f79ce1e71e <unknown>
#11 0x55f79ce39238 <unknown>
#12 0x55f79ce13870 <unknown>
#13 0x55f79ce55608 <unknown>
#14 0x55f79ce55788 <unknown>
#15 0x55f79ce6ff1d <unknown>
#16 0x7f0ee2184ea7 <unknown>
[2022-06-19 18:08:21,143] {logging_mixin.py:115} INFO - []
[2022-06-19 18:08:21,143] {python.py:173} INFO - Done. Returned value was: None
[2022-06-19 18:08:21,155] {taskinstance.py:1400} INFO - Marking task as SUCCESS. dag_id=Job-pts, task_id=pts-Papple-iphone-xs-max-512gb-space-grau_h_6257, execution_date=20220619T011107, start_date=20220619T180815, end_date=20220619T180821
[2022-06-19 18:08:21,183] {local_task_job.py:156} INFO - Task exited with return code 0
[2022-06-19 18:08:21,202] {local_task_job.py:273} INFO - 0 downstream tasks scheduled from follow-on schedule check
