[2022-06-19 20:41:22,162] {taskinstance.py:1159} INFO - Dependencies all met for <TaskInstance: T-dbt-job-cdc_load.create_source_tables manual__2022-06-19T20:41:21.583439+00:00 [queued]>
[2022-06-19 20:41:22,173] {taskinstance.py:1159} INFO - Dependencies all met for <TaskInstance: T-dbt-job-cdc_load.create_source_tables manual__2022-06-19T20:41:21.583439+00:00 [queued]>
[2022-06-19 20:41:22,173] {taskinstance.py:1356} INFO - 
--------------------------------------------------------------------------------
[2022-06-19 20:41:22,173] {taskinstance.py:1357} INFO - Starting attempt 1 of 2
[2022-06-19 20:41:22,173] {taskinstance.py:1358} INFO - 
--------------------------------------------------------------------------------
[2022-06-19 20:41:22,187] {taskinstance.py:1377} INFO - Executing <Task(PostgresOperator): create_source_tables> on 2022-06-19 20:41:21.583439+00:00
[2022-06-19 20:41:22,191] {standard_task_runner.py:52} INFO - Started process 477 to run task
[2022-06-19 20:41:22,195] {standard_task_runner.py:79} INFO - Running: ['airflow', 'tasks', 'run', 'T-dbt-job-cdc_load', 'create_***_tables', 'manual__2022-06-19T20:41:21.583439+00:00', '--job-id', '23', '--raw', '--subdir', 'DAGS_FOLDER/docker_job/dbt_test.py', '--cfg-path', '/tmp/tmp91h7wy_z', '--error-file', '/tmp/tmps8izdspl']
[2022-06-19 20:41:22,195] {standard_task_runner.py:80} INFO - Job 23: Subtask create_***_tables
[2022-06-19 20:41:22,251] {task_command.py:370} INFO - Running <TaskInstance: T-dbt-job-cdc_load.create_source_tables manual__2022-06-19T20:41:21.583439+00:00 [running]> on host 7cbff6e51e2a
[2022-06-19 20:41:22,322] {taskinstance.py:1571} INFO - Exporting the following env vars:
AIRFLOW_CTX_DAG_EMAIL=samuelolle@yahoo.com
AIRFLOW_CTX_DAG_OWNER=airflow
AIRFLOW_CTX_DAG_ID=T-dbt-job-cdc_load
AIRFLOW_CTX_TASK_ID=create_***_tables
AIRFLOW_CTX_EXECUTION_DATE=2022-06-19T20:41:21.583439+00:00
AIRFLOW_CTX_TRY_NUMBER=1
AIRFLOW_CTX_DAG_RUN_ID=manual__2022-06-19T20:41:21.583439+00:00
[2022-06-19 20:41:22,331] {base.py:68} INFO - Using connection ID '***' for task execution.
[2022-06-19 20:41:22,335] {dbapi.py:213} INFO - Running statement: CREATE SCHEMA IF NOT EXISTS analytics_object;

CREATE TABLE IF NOT EXISTS analytics_object.users (
    id serial,
    name TEXT NOT NULL UNIQUE,
    visitor_ind bigint,
    created_at TIMESTAMP,
    user_segment TEXT,
    event_type TEXT,
    event_time TIMESTAMP,
    export_date TIMESTAMP,
    PRIMARY KEY (id)
);


CREATE TABLE IF NOT EXISTS analytics_object.walls (
    id serial,
    name VARCHAR (255) NOT NULL,
    owner VARCHAR (255) NOT NULL,
    created_at TIMESTAMP,
    event_type TEXT,
    event_time TIMESTAMP,
    export_date TIMESTAMP,
    PRIMARY KEY (id),
    CONSTRAINT fk_users_walls
          FOREIGN KEY(owner)
          REFERENCES analytics_object.users(name)
);

CREATE TABLE IF NOT EXISTS analytics_object.posts (
    id serial,
    name VARCHAR (255) NOT NULL,
    content TEXT,
    wall bigint,
    author TEXT,
    created_at TIMESTAMP,
    PRIMARY KEY (id),
    CONSTRAINT fk_walls_posts
         FOREIGN KEY(wall)
         REFERENCES analytics_object.walls(id),
    CONSTRAINT fk_users_posts
         FOREIGN KEY(author)
         REFERENCES analytics_object.users(name)
);

CREATE TABLE IF NOT EXISTS analytics_object.comments (
    id serial,
    text TEXT,
    post bigint,
    author TEXT,
    created_at TIMESTAMP,
    PRIMARY KEY (id),
    CONSTRAINT fk_posts_comments
         FOREIGN KEY(post)
         REFERENCES analytics_object.posts(id),
    CONSTRAINT fk_users_comments
         FOREIGN KEY(author)
         REFERENCES analytics_object.users(name)
);


CREATE TABLE IF NOT EXISTS analytics_object.likes (
    id serial,
    like_notlike_ind bigint,
    post bigint,
    comment bigint,
    author TEXT,
    created_at TIMESTAMP,
    PRIMARY KEY (id),
    CONSTRAINT fk_posts_likes
         FOREIGN KEY(post)
         REFERENCES analytics_object.posts(id),
    CONSTRAINT fk_users_likes
         FOREIGN KEY(author)
         REFERENCES analytics_object.users(name),
    CONSTRAINT fk_comments_likes
         FOREIGN KEY(comment)
         REFERENCES analytics_object.comments(id)
);, parameters: None
[2022-06-19 20:41:22,336] {postgres.py:94} INFO - NOTICE:  schema "analytics_object" already exists, skipping

[2022-06-19 20:41:22,336] {postgres.py:94} INFO - NOTICE:  relation "users" already exists, skipping

[2022-06-19 20:41:22,336] {postgres.py:94} INFO - NOTICE:  relation "walls" already exists, skipping

[2022-06-19 20:41:22,336] {postgres.py:94} INFO - NOTICE:  relation "posts" already exists, skipping

[2022-06-19 20:41:22,336] {postgres.py:94} INFO - NOTICE:  relation "comments" already exists, skipping

[2022-06-19 20:41:22,336] {postgres.py:94} INFO - NOTICE:  relation "likes" already exists, skipping

[2022-06-19 20:41:22,350] {taskinstance.py:1400} INFO - Marking task as SUCCESS. dag_id=T-dbt-job-cdc_load, task_id=create_***_tables, execution_date=20220619T204121, start_date=20220619T204122, end_date=20220619T204122
[2022-06-19 20:41:22,367] {local_task_job.py:156} INFO - Task exited with return code 0
[2022-06-19 20:41:22,423] {local_task_job.py:273} INFO - 1 downstream tasks scheduled from follow-on schedule check
