[2022-06-13 17:09:58,112] {taskinstance.py:1159} INFO - Dependencies all met for <TaskInstance: T-dbt-job-dimensions.dbt_clone_and_transform-dimensions scheduled__2022-06-13T15:09:56.320242+00:00 [queued]>
[2022-06-13 17:09:58,125] {taskinstance.py:1159} INFO - Dependencies all met for <TaskInstance: T-dbt-job-dimensions.dbt_clone_and_transform-dimensions scheduled__2022-06-13T15:09:56.320242+00:00 [queued]>
[2022-06-13 17:09:58,126] {taskinstance.py:1356} INFO - 
--------------------------------------------------------------------------------
[2022-06-13 17:09:58,126] {taskinstance.py:1357} INFO - Starting attempt 1 of 2
[2022-06-13 17:09:58,126] {taskinstance.py:1358} INFO - 
--------------------------------------------------------------------------------
[2022-06-13 17:09:58,142] {taskinstance.py:1377} INFO - Executing <Task(BashOperator): dbt_clone_and_transform-dimensions> on 2022-06-13 15:09:56.320242+00:00
[2022-06-13 17:09:58,154] {standard_task_runner.py:52} INFO - Started process 991 to run task
[2022-06-13 17:09:58,157] {standard_task_runner.py:79} INFO - Running: ['airflow', 'tasks', 'run', 'T-dbt-job-dimensions', 'dbt_clone_and_transform-dimensions', 'scheduled__2022-06-13T15:09:56.320242+00:00', '--job-id', '125', '--raw', '--subdir', 'DAGS_FOLDER/docker_job/dbt_model.py', '--cfg-path', '/tmp/tmp8itorgfd', '--error-file', '/tmp/tmpjwtw09y9']
[2022-06-13 17:09:58,157] {standard_task_runner.py:80} INFO - Job 125: Subtask dbt_clone_and_transform-dimensions
[2022-06-13 17:09:58,172] {warnings.py:110} WARNING - /home/airflow/.local/lib/python3.7/site-packages/airflow/configuration.py:525: DeprecationWarning: The sql_alchemy_conn option in [core] has been moved to the sql_alchemy_conn option in [database] - the old setting has been used, but please update your config.
  option = self._get_environment_variables(deprecated_key, deprecated_section, key, section)

[2022-06-13 17:09:58,211] {task_command.py:370} INFO - Running <TaskInstance: T-dbt-job-dimensions.dbt_clone_and_transform-dimensions scheduled__2022-06-13T15:09:56.320242+00:00 [running]> on host 0d9d7b7f40c6
[2022-06-13 17:09:58,289] {taskinstance.py:1571} INFO - Exporting the following env vars:
AIRFLOW_CTX_DAG_EMAIL=samuelolle@yahoo.com
AIRFLOW_CTX_DAG_OWNER=airflow
AIRFLOW_CTX_DAG_ID=T-dbt-job-dimensions
AIRFLOW_CTX_TASK_ID=dbt_clone_and_transform-dimensions
AIRFLOW_CTX_EXECUTION_DATE=2022-06-13T15:09:56.320242+00:00
AIRFLOW_CTX_TRY_NUMBER=1
AIRFLOW_CTX_DAG_RUN_ID=scheduled__2022-06-13T15:09:56.320242+00:00
[2022-06-13 17:09:58,291] {subprocess.py:62} INFO - Tmp dir root location: 
 /tmp
[2022-06-13 17:09:58,292] {subprocess.py:74} INFO - Running command: ['bash', '-c', " rm -rf /tmp/dimensions && mkdir /tmp/dimensions                            && cp -r /tmp/dbt /tmp/dimensions/dbt                             && cd /tmp/dimensions/dbt && python3 -m venv venv                             && export PIP_USER=false                             && *** /tmp/dimensions/dbt/venv/bin/activate                             && pip  install --quiet --upgrade pip setuptools                             && pip3 install --quiet 'MarkupSafe<=2.0.1' 'dbt-postgres' 'dbt-core'                             && dbt --version && deactivate                             && cd /tmp/dimensions/dbt && *** /tmp/dimensions/dbt/venv/bin/activate                             && dbt deps --profiles-dir /tmp/dimensions/dbt/ && dbt seed --profiles-dir /tmp/dimensions/dbt/                             && dbt run --models dimensions --profiles-dir /tmp/dimensions/dbt/"]
[2022-06-13 17:09:58,302] {subprocess.py:85} INFO - Output:
[2022-06-13 17:10:32,826] {subprocess.py:92} INFO - Core:
[2022-06-13 17:10:32,826] {subprocess.py:92} INFO -   - installed: 1.1.0
[2022-06-13 17:10:32,827] {subprocess.py:92} INFO -   - latest:    1.1.0 - [32mUp to date![0m
[2022-06-13 17:10:32,827] {subprocess.py:92} INFO - 
[2022-06-13 17:10:32,827] {subprocess.py:92} INFO - Plugins:
[2022-06-13 17:10:32,827] {subprocess.py:92} INFO -   - postgres: 1.1.0 - [32mUp to date![0m
[2022-06-13 17:10:35,499] {subprocess.py:92} INFO - [0m17:10:35  Running with dbt=1.1.0
[2022-06-13 17:10:35,500] {subprocess.py:92} INFO - [0m17:10:35  Warning: No packages were found in packages.yml
[2022-06-13 17:10:38,207] {subprocess.py:92} INFO - [0m17:10:38  Running with dbt=1.1.0
[2022-06-13 17:10:38,221] {subprocess.py:92} INFO - [0m17:10:38  Partial parse save file not found. Starting full parse.
[2022-06-13 17:10:38,869] {subprocess.py:92} INFO - [0m17:10:38  [WARNING]: Configuration paths exist in your dbt_project.yml file which do not apply to any re***s.
[2022-06-13 17:10:38,870] {subprocess.py:92} INFO - There are 1 unused configuration paths:
[2022-06-13 17:10:38,870] {subprocess.py:92} INFO - - seeds.SAM
[2022-06-13 17:10:38,870] {subprocess.py:92} INFO - 
[2022-06-13 17:10:38,881] {subprocess.py:92} INFO - [0m17:10:38  Found 7 models, 6 tests, 0 snapshots, 0 analyses, 172 macros, 6 operations, 0 seed files, 4 ***s, 0 exposures, 0 metrics
[2022-06-13 17:10:38,883] {subprocess.py:92} INFO - [0m17:10:38
[2022-06-13 17:10:38,883] {subprocess.py:92} INFO - [0m17:10:38  [WARNING]: Nothing to do. Try checking your model configs and model specification args
[2022-06-13 17:10:38,889] {subprocess.py:92} INFO - [0m17:10:38
[2022-06-13 17:10:38,890] {subprocess.py:92} INFO - [0m17:10:38  Completed successfully
[2022-06-13 17:10:38,890] {subprocess.py:92} INFO - [0m17:10:38
[2022-06-13 17:10:38,891] {subprocess.py:92} INFO - [0m17:10:38  Done. PASS=0 WARN=0 ERROR=0 SKIP=0 TOTAL=0
[2022-06-13 17:10:41,669] {subprocess.py:92} INFO - [0m17:10:41  Running with dbt=1.1.0
[2022-06-13 17:10:41,702] {subprocess.py:92} INFO - [0m17:10:41  [WARNING]: Configuration paths exist in your dbt_project.yml file which do not apply to any re***s.
[2022-06-13 17:10:41,703] {subprocess.py:92} INFO - There are 1 unused configuration paths:
[2022-06-13 17:10:41,703] {subprocess.py:92} INFO - - seeds.SAM
[2022-06-13 17:10:41,703] {subprocess.py:92} INFO - 
[2022-06-13 17:10:41,716] {subprocess.py:92} INFO - [0m17:10:41  Found 7 models, 6 tests, 0 snapshots, 0 analyses, 172 macros, 6 operations, 0 seed files, 4 ***s, 0 exposures, 0 metrics
[2022-06-13 17:10:41,718] {subprocess.py:92} INFO - [0m17:10:41
[2022-06-13 17:10:41,779] {subprocess.py:92} INFO - [0m17:10:41  Concurrency: 4 threads (target='dev')
[2022-06-13 17:10:41,779] {subprocess.py:92} INFO - [0m17:10:41
[2022-06-13 17:10:41,786] {subprocess.py:92} INFO - [0m17:10:41  1 of 3 START table model analytics_dim.dim_date ................................ [RUN]
[2022-06-13 17:10:41,787] {subprocess.py:92} INFO - [0m17:10:41  2 of 3 START incremental model analytics_dim.dim_users ......................... [RUN]
[2022-06-13 17:10:41,788] {subprocess.py:92} INFO - [0m17:10:41  3 of 3 START incremental model analytics_dim.dim_walls ......................... [RUN]
[2022-06-13 17:10:41,976] {subprocess.py:92} INFO - [0m17:10:41  1 of 3 OK created table model analytics_dim.dim_date ........................... [SELECT 546 in 0.19s]
[2022-06-13 17:10:42,001] {subprocess.py:92} INFO - [0m17:10:42  2 of 3 OK created incremental model analytics_dim.dim_users .................... [INSERT 0 0 in 0.21s]
[2022-06-13 17:10:42,002] {subprocess.py:92} INFO - [0m17:10:42  3 of 3 OK created incremental model analytics_dim.dim_walls .................... [INSERT 0 0 in 0.21s]
[2022-06-13 17:10:42,096] {subprocess.py:92} INFO - [0m17:10:42
[2022-06-13 17:10:42,096] {subprocess.py:92} INFO - [0m17:10:42  Running 6 on-run-end hooks
[2022-06-13 17:10:42,103] {subprocess.py:92} INFO - [0m17:10:42  1 of 6 START hook: SAM.on-run-end.0 ............................................ [RUN]
[2022-06-13 17:10:42,107] {subprocess.py:92} INFO - [0m17:10:42  1 of 6 OK hook: SAM.on-run-end.0 ............................................... [ALTER DEFAULT PRIVILEGES in 0.00s]
[2022-06-13 17:10:42,113] {subprocess.py:92} INFO - [0m17:10:42  2 of 6 START hook: SAM.on-run-end.1 ............................................ [RUN]
[2022-06-13 17:10:42,116] {subprocess.py:92} INFO - [0m17:10:42  2 of 6 OK hook: SAM.on-run-end.1 ............................................... [ALTER DEFAULT PRIVILEGES in 0.00s]
[2022-06-13 17:10:42,120] {subprocess.py:92} INFO - [0m17:10:42  3 of 6 START hook: SAM.on-run-end.2 ............................................ [RUN]
[2022-06-13 17:10:42,123] {subprocess.py:92} INFO - [0m17:10:42  3 of 6 OK hook: SAM.on-run-end.2 ............................................... [ALTER DEFAULT PRIVILEGES in 0.00s]
[2022-06-13 17:10:42,126] {subprocess.py:92} INFO - [0m17:10:42  4 of 6 START hook: SAM.on-run-end.3 ............................................ [RUN]
[2022-06-13 17:10:42,129] {subprocess.py:92} INFO - [0m17:10:42  4 of 6 OK hook: SAM.on-run-end.3 ............................................... [ALTER DEFAULT PRIVILEGES in 0.00s]
[2022-06-13 17:10:42,132] {subprocess.py:92} INFO - [0m17:10:42  5 of 6 START hook: SAM.on-run-end.4 ............................................ [RUN]
[2022-06-13 17:10:42,135] {subprocess.py:92} INFO - [0m17:10:42  5 of 6 OK hook: SAM.on-run-end.4 ............................................... [ALTER DEFAULT PRIVILEGES in 0.00s]
[2022-06-13 17:10:42,137] {subprocess.py:92} INFO - [0m17:10:42  6 of 6 START hook: SAM.on-run-end.5 ............................................ [RUN]
[2022-06-13 17:10:42,139] {subprocess.py:92} INFO - [0m17:10:42  6 of 6 OK hook: SAM.on-run-end.5 ............................................... [ALTER DEFAULT PRIVILEGES in 0.00s]
[2022-06-13 17:10:42,140] {subprocess.py:92} INFO - [0m17:10:42
[2022-06-13 17:10:42,141] {subprocess.py:92} INFO - [0m17:10:42
[2022-06-13 17:10:42,141] {subprocess.py:92} INFO - [0m17:10:42  Finished running 1 table model, 2 incremental models, 6 hooks in 0.42s.
[2022-06-13 17:10:42,147] {subprocess.py:92} INFO - [0m17:10:42
[2022-06-13 17:10:42,147] {subprocess.py:92} INFO - [0m17:10:42  Completed successfully
[2022-06-13 17:10:42,148] {subprocess.py:92} INFO - [0m17:10:42
[2022-06-13 17:10:42,148] {subprocess.py:92} INFO - [0m17:10:42  Done. PASS=3 WARN=0 ERROR=0 SKIP=0 TOTAL=3
[2022-06-13 17:10:42,293] {subprocess.py:96} INFO - Command exited with return code 0
[2022-06-13 17:10:42,328] {taskinstance.py:1400} INFO - Marking task as SUCCESS. dag_id=T-dbt-job-dimensions, task_id=dbt_clone_and_transform-dimensions, execution_date=20220613T150956, start_date=20220613T170958, end_date=20220613T171042
[2022-06-13 17:10:42,355] {local_task_job.py:156} INFO - Task exited with return code 0
[2022-06-13 17:10:42,388] {local_task_job.py:273} INFO - 1 downstream tasks scheduled from follow-on schedule check
