[2022-06-11 16:47:30,670] {taskinstance.py:1159} INFO - Dependencies all met for <TaskInstance: T-dbt-job-dimensions.dbt_clone_and_transform-dimensions manual__2022-06-11T16:47:26.983441+00:00 [queued]>
[2022-06-11 16:47:30,685] {taskinstance.py:1159} INFO - Dependencies all met for <TaskInstance: T-dbt-job-dimensions.dbt_clone_and_transform-dimensions manual__2022-06-11T16:47:26.983441+00:00 [queued]>
[2022-06-11 16:47:30,685] {taskinstance.py:1356} INFO - 
--------------------------------------------------------------------------------
[2022-06-11 16:47:30,685] {taskinstance.py:1357} INFO - Starting attempt 1 of 2
[2022-06-11 16:47:30,685] {taskinstance.py:1358} INFO - 
--------------------------------------------------------------------------------
[2022-06-11 16:47:30,697] {taskinstance.py:1377} INFO - Executing <Task(BashOperator): dbt_clone_and_transform-dimensions> on 2022-06-11 16:47:26.983441+00:00
[2022-06-11 16:47:30,703] {standard_task_runner.py:52} INFO - Started process 291 to run task
[2022-06-11 16:47:30,706] {standard_task_runner.py:79} INFO - Running: ['airflow', 'tasks', 'run', 'T-dbt-job-dimensions', 'dbt_clone_and_transform-dimensions', 'manual__2022-06-11T16:47:26.983441+00:00', '--job-id', '31', '--raw', '--subdir', 'DAGS_FOLDER/docker_job/dbt_test.py', '--cfg-path', '/tmp/tmp8bjzs_hq', '--error-file', '/tmp/tmpaz2bom35']
[2022-06-11 16:47:30,707] {standard_task_runner.py:80} INFO - Job 31: Subtask dbt_clone_and_transform-dimensions
[2022-06-11 16:47:30,760] {task_command.py:370} INFO - Running <TaskInstance: T-dbt-job-dimensions.dbt_clone_and_transform-dimensions manual__2022-06-11T16:47:26.983441+00:00 [running]> on host d8836eb746ac
[2022-06-11 16:47:30,838] {taskinstance.py:1571} INFO - Exporting the following env vars:
AIRFLOW_CTX_DAG_EMAIL=samuelolle@yahoo.com
AIRFLOW_CTX_DAG_OWNER=airflow
AIRFLOW_CTX_DAG_ID=T-dbt-job-dimensions
AIRFLOW_CTX_TASK_ID=dbt_clone_and_transform-dimensions
AIRFLOW_CTX_EXECUTION_DATE=2022-06-11T16:47:26.983441+00:00
AIRFLOW_CTX_TRY_NUMBER=1
AIRFLOW_CTX_DAG_RUN_ID=manual__2022-06-11T16:47:26.983441+00:00
[2022-06-11 16:47:30,839] {subprocess.py:62} INFO - Tmp dir root location: 
 /tmp
[2022-06-11 16:47:30,840] {subprocess.py:74} INFO - Running command: ['bash', '-c', " rm -rf /tmp/dimensions && mkdir /tmp/dimensions                            && cp -r /tmp/dbt /tmp/dimensions/dbt                             && cd /tmp/dimensions/dbt && python3 -m venv venv                             && export PIP_USER=false                             && *** /tmp/dimensions/dbt/venv/bin/activate                             && pip  install --quiet --upgrade pip setuptools                             && pip3 install --quiet 'MarkupSafe<=2.0.1' 'dbt-postgres' 'dbt-core'                             && dbt --version && deactivate                             && cd /tmp/dimensions/dbt && *** /tmp/dimensions/dbt/venv/bin/activate                             && dbt deps --profiles-dir /tmp/dimensions/dbt/ && dbt seed --profiles-dir /tmp/dimensions/dbt/                             && dbt run --models dimensions --profiles-dir /tmp/dimensions/dbt/"]
[2022-06-11 16:47:30,854] {subprocess.py:85} INFO - Output:
[2022-06-11 16:48:05,886] {subprocess.py:92} INFO - Core:
[2022-06-11 16:48:05,886] {subprocess.py:92} INFO -   - installed: 1.1.0
[2022-06-11 16:48:05,886] {subprocess.py:92} INFO -   - latest:    1.1.0 - [32mUp to date![0m
[2022-06-11 16:48:05,886] {subprocess.py:92} INFO - 
[2022-06-11 16:48:05,886] {subprocess.py:92} INFO - Plugins:
[2022-06-11 16:48:05,886] {subprocess.py:92} INFO -   - postgres: 1.1.0 - [32mUp to date![0m
[2022-06-11 16:48:08,870] {subprocess.py:92} INFO - [0m16:48:08  Running with dbt=1.1.0
[2022-06-11 16:48:08,871] {subprocess.py:92} INFO - [0m16:48:08  Warning: No packages were found in packages.yml
[2022-06-11 16:48:11,765] {subprocess.py:92} INFO - [0m16:48:11  Running with dbt=1.1.0
[2022-06-11 16:48:11,779] {subprocess.py:92} INFO - [0m16:48:11  Partial parse save file not found. Starting full parse.
[2022-06-11 16:48:12,356] {subprocess.py:92} INFO - [0m16:48:12  [WARNING]: Configuration paths exist in your dbt_project.yml file which do not apply to any re***s.
[2022-06-11 16:48:12,356] {subprocess.py:92} INFO - There are 1 unused configuration paths:
[2022-06-11 16:48:12,356] {subprocess.py:92} INFO - - seeds.SAM
[2022-06-11 16:48:12,356] {subprocess.py:92} INFO - 
[2022-06-11 16:48:12,366] {subprocess.py:92} INFO - [0m16:48:12  Found 3 models, 6 tests, 0 snapshots, 0 analyses, 171 macros, 4 operations, 0 seed files, 0 ***s, 0 exposures, 0 metrics
[2022-06-11 16:48:12,367] {subprocess.py:92} INFO - [0m16:48:12
[2022-06-11 16:48:12,368] {subprocess.py:92} INFO - [0m16:48:12  [WARNING]: Nothing to do. Try checking your model configs and model specification args
[2022-06-11 16:48:12,373] {subprocess.py:92} INFO - [0m16:48:12
[2022-06-11 16:48:12,373] {subprocess.py:92} INFO - [0m16:48:12  Completed successfully
[2022-06-11 16:48:12,373] {subprocess.py:92} INFO - [0m16:48:12
[2022-06-11 16:48:12,374] {subprocess.py:92} INFO - [0m16:48:12  Done. PASS=0 WARN=0 ERROR=0 SKIP=0 TOTAL=0
[2022-06-11 16:48:15,288] {subprocess.py:92} INFO - [0m16:48:15  Running with dbt=1.1.0
[2022-06-11 16:48:15,322] {subprocess.py:92} INFO - [0m16:48:15  [WARNING]: Configuration paths exist in your dbt_project.yml file which do not apply to any re***s.
[2022-06-11 16:48:15,322] {subprocess.py:92} INFO - There are 1 unused configuration paths:
[2022-06-11 16:48:15,322] {subprocess.py:92} INFO - - seeds.SAM
[2022-06-11 16:48:15,322] {subprocess.py:92} INFO - 
[2022-06-11 16:48:15,336] {subprocess.py:92} INFO - [0m16:48:15  Found 3 models, 6 tests, 0 snapshots, 0 analyses, 171 macros, 4 operations, 0 seed files, 0 ***s, 0 exposures, 0 metrics
[2022-06-11 16:48:15,338] {subprocess.py:92} INFO - [0m16:48:15
[2022-06-11 16:48:15,405] {subprocess.py:92} INFO - [0m16:48:15  Concurrency: 4 threads (target='dev')
[2022-06-11 16:48:15,405] {subprocess.py:92} INFO - [0m16:48:15
[2022-06-11 16:48:15,413] {subprocess.py:92} INFO - [0m16:48:15  1 of 1 START view model analytics_object.dim_date .............................. [RUN]
[2022-06-11 16:48:15,485] {subprocess.py:92} INFO - [0m16:48:15  1 of 1 OK created view model analytics_object.dim_date ......................... [CREATE VIEW in 0.07s]
[2022-06-11 16:48:15,519] {subprocess.py:92} INFO - [0m16:48:15
[2022-06-11 16:48:15,519] {subprocess.py:92} INFO - [0m16:48:15  Running 4 on-run-end hooks
[2022-06-11 16:48:15,528] {subprocess.py:92} INFO - [0m16:48:15  1 of 4 START hook: SAM.on-run-end.0 ............................................ [RUN]
[2022-06-11 16:48:15,531] {subprocess.py:92} INFO - [0m16:48:15  1 of 4 OK hook: SAM.on-run-end.0 ............................................... [ALTER DEFAULT PRIVILEGES in 0.00s]
[2022-06-11 16:48:15,536] {subprocess.py:92} INFO - [0m16:48:15  2 of 4 START hook: SAM.on-run-end.1 ............................................ [RUN]
[2022-06-11 16:48:15,538] {subprocess.py:92} INFO - [0m16:48:15  2 of 4 OK hook: SAM.on-run-end.1 ............................................... [ALTER DEFAULT PRIVILEGES in 0.00s]
[2022-06-11 16:48:15,543] {subprocess.py:92} INFO - [0m16:48:15  3 of 4 START hook: SAM.on-run-end.2 ............................................ [RUN]
[2022-06-11 16:48:15,545] {subprocess.py:92} INFO - [0m16:48:15  3 of 4 OK hook: SAM.on-run-end.2 ............................................... [ALTER DEFAULT PRIVILEGES in 0.00s]
[2022-06-11 16:48:15,548] {subprocess.py:92} INFO - [0m16:48:15  4 of 4 START hook: SAM.on-run-end.3 ............................................ [RUN]
[2022-06-11 16:48:15,551] {subprocess.py:92} INFO - [0m16:48:15  4 of 4 OK hook: SAM.on-run-end.3 ............................................... [ALTER DEFAULT PRIVILEGES in 0.00s]
[2022-06-11 16:48:15,551] {subprocess.py:92} INFO - [0m16:48:15
[2022-06-11 16:48:15,552] {subprocess.py:92} INFO - [0m16:48:15
[2022-06-11 16:48:15,552] {subprocess.py:92} INFO - [0m16:48:15  Finished running 1 view model, 4 hooks in 0.21s.
[2022-06-11 16:48:15,560] {subprocess.py:92} INFO - [0m16:48:15
[2022-06-11 16:48:15,561] {subprocess.py:92} INFO - [0m16:48:15  Completed successfully
[2022-06-11 16:48:15,561] {subprocess.py:92} INFO - [0m16:48:15
[2022-06-11 16:48:15,562] {subprocess.py:92} INFO - [0m16:48:15  Done. PASS=1 WARN=0 ERROR=0 SKIP=0 TOTAL=1
[2022-06-11 16:48:15,754] {subprocess.py:96} INFO - Command exited with return code 0
[2022-06-11 16:48:15,789] {taskinstance.py:1400} INFO - Marking task as SUCCESS. dag_id=T-dbt-job-dimensions, task_id=dbt_clone_and_transform-dimensions, execution_date=20220611T164726, start_date=20220611T164730, end_date=20220611T164815
[2022-06-11 16:48:15,837] {local_task_job.py:156} INFO - Task exited with return code 0
[2022-06-11 16:48:15,869] {local_task_job.py:273} INFO - 1 downstream tasks scheduled from follow-on schedule check
