[2022-06-14 13:17:10,779] {taskinstance.py:1159} INFO - Dependencies all met for <TaskInstance: T-dbt-job-dimensions.dbt_cleanup-dimensions scheduled__2022-06-14T11:12:14.960872+00:00 [queued]>
[2022-06-14 13:17:10,788] {taskinstance.py:1159} INFO - Dependencies all met for <TaskInstance: T-dbt-job-dimensions.dbt_cleanup-dimensions scheduled__2022-06-14T11:12:14.960872+00:00 [queued]>
[2022-06-14 13:17:10,789] {taskinstance.py:1356} INFO - 
--------------------------------------------------------------------------------
[2022-06-14 13:17:10,789] {taskinstance.py:1357} INFO - Starting attempt 1 of 2
[2022-06-14 13:17:10,789] {taskinstance.py:1358} INFO - 
--------------------------------------------------------------------------------
[2022-06-14 13:17:10,807] {taskinstance.py:1377} INFO - Executing <Task(BashOperator): dbt_cleanup-dimensions> on 2022-06-14 11:12:14.960872+00:00
[2022-06-14 13:17:10,813] {standard_task_runner.py:52} INFO - Started process 2012 to run task
[2022-06-14 13:17:10,816] {standard_task_runner.py:79} INFO - Running: ['airflow', 'tasks', 'run', 'T-dbt-job-dimensions', 'dbt_cleanup-dimensions', 'scheduled__2022-06-14T11:12:14.960872+00:00', '--job-id', '247', '--raw', '--subdir', 'DAGS_FOLDER/docker_job/dbt_model.py', '--cfg-path', '/tmp/tmpzrwlqyr7', '--error-file', '/tmp/tmpk32jxq6z']
[2022-06-14 13:17:10,816] {standard_task_runner.py:80} INFO - Job 247: Subtask dbt_cleanup-dimensions
[2022-06-14 13:17:10,830] {warnings.py:110} WARNING - /home/airflow/.local/lib/python3.7/site-packages/airflow/configuration.py:525: DeprecationWarning: The sql_alchemy_conn option in [core] has been moved to the sql_alchemy_conn option in [database] - the old setting has been used, but please update your config.
  option = self._get_environment_variables(deprecated_key, deprecated_section, key, section)

[2022-06-14 13:17:10,884] {task_command.py:370} INFO - Running <TaskInstance: T-dbt-job-dimensions.dbt_cleanup-dimensions scheduled__2022-06-14T11:12:14.960872+00:00 [running]> on host f269bd168226
[2022-06-14 13:17:10,980] {taskinstance.py:1571} INFO - Exporting the following env vars:
AIRFLOW_CTX_DAG_EMAIL=samuelolle@yahoo.com
AIRFLOW_CTX_DAG_OWNER=airflow
AIRFLOW_CTX_DAG_ID=T-dbt-job-dimensions
AIRFLOW_CTX_TASK_ID=dbt_cleanup-dimensions
AIRFLOW_CTX_EXECUTION_DATE=2022-06-14T11:12:14.960872+00:00
AIRFLOW_CTX_TRY_NUMBER=1
AIRFLOW_CTX_DAG_RUN_ID=scheduled__2022-06-14T11:12:14.960872+00:00
[2022-06-14 13:17:10,981] {subprocess.py:62} INFO - Tmp dir root location: 
 /tmp
[2022-06-14 13:17:10,981] {subprocess.py:74} INFO - Running command: ['bash', '-c', 'rm -rf /tmp/dimensions && rm -rf /tmp/tmp* 2>/dev/null || exit 0']
[2022-06-14 13:17:10,993] {subprocess.py:85} INFO - Output:
[2022-06-14 13:17:11,340] {subprocess.py:96} INFO - Command exited with return code 0
[2022-06-14 13:17:11,371] {taskinstance.py:1400} INFO - Marking task as SUCCESS. dag_id=T-dbt-job-dimensions, task_id=dbt_cleanup-dimensions, execution_date=20220614T111214, start_date=20220614T131710, end_date=20220614T131711
[2022-06-14 13:17:11,394] {local_task_job.py:156} INFO - Task exited with return code 0
[2022-06-14 13:17:11,425] {local_task_job.py:273} INFO - 0 downstream tasks scheduled from follow-on schedule check
