[2022-06-19 22:46:16,413] {taskinstance.py:1159} INFO - Dependencies all met for <TaskInstance: T-dbt-job-objects.dbt_clone_and_transform-objects manual__2022-06-19T22:46:15.885551+00:00 [queued]>
[2022-06-19 22:46:16,423] {taskinstance.py:1159} INFO - Dependencies all met for <TaskInstance: T-dbt-job-objects.dbt_clone_and_transform-objects manual__2022-06-19T22:46:15.885551+00:00 [queued]>
[2022-06-19 22:46:16,423] {taskinstance.py:1356} INFO - 
--------------------------------------------------------------------------------
[2022-06-19 22:46:16,423] {taskinstance.py:1357} INFO - Starting attempt 1 of 2
[2022-06-19 22:46:16,423] {taskinstance.py:1358} INFO - 
--------------------------------------------------------------------------------
[2022-06-19 22:46:16,438] {taskinstance.py:1377} INFO - Executing <Task(BashOperator): dbt_clone_and_transform-objects> on 2022-06-19 22:46:15.885551+00:00
[2022-06-19 22:46:16,442] {standard_task_runner.py:52} INFO - Started process 1258 to run task
[2022-06-19 22:46:16,446] {standard_task_runner.py:79} INFO - Running: ['airflow', 'tasks', 'run', 'T-dbt-job-objects', 'dbt_clone_and_transform-objects', 'manual__2022-06-19T22:46:15.885551+00:00', '--job-id', '53', '--raw', '--subdir', 'DAGS_FOLDER/docker_job/dbt_model.py', '--cfg-path', '/tmp/tmpjrgv0_co', '--error-file', '/tmp/tmpx61zr03j']
[2022-06-19 22:46:16,446] {standard_task_runner.py:80} INFO - Job 53: Subtask dbt_clone_and_transform-objects
[2022-06-19 22:46:16,499] {task_command.py:370} INFO - Running <TaskInstance: T-dbt-job-objects.dbt_clone_and_transform-objects manual__2022-06-19T22:46:15.885551+00:00 [running]> on host 7cbff6e51e2a
[2022-06-19 22:46:16,571] {taskinstance.py:1571} INFO - Exporting the following env vars:
AIRFLOW_CTX_DAG_EMAIL=samuelolle@yahoo.com
AIRFLOW_CTX_DAG_OWNER=airflow
AIRFLOW_CTX_DAG_ID=T-dbt-job-objects
AIRFLOW_CTX_TASK_ID=dbt_clone_and_transform-objects
AIRFLOW_CTX_EXECUTION_DATE=2022-06-19T22:46:15.885551+00:00
AIRFLOW_CTX_TRY_NUMBER=1
AIRFLOW_CTX_DAG_RUN_ID=manual__2022-06-19T22:46:15.885551+00:00
[2022-06-19 22:46:16,572] {subprocess.py:62} INFO - Tmp dir root location: 
 /tmp
[2022-06-19 22:46:16,572] {subprocess.py:74} INFO - Running command: ['bash', '-c', " rm -rf /tmp/objects && mkdir /tmp/objects                            && cp -r /tmp/dbt /tmp/objects/dbt                             && cd /tmp/objects/dbt && python3 -m venv venv                             && export PIP_USER=false                             && *** /tmp/objects/dbt/venv/bin/activate                             && pip  install --quiet --upgrade pip setuptools                             && pip3 install --quiet 'MarkupSafe<=2.0.1' 'dbt-postgres' 'dbt-core'                             && dbt --version && deactivate                             && cd /tmp/objects/dbt && *** /tmp/objects/dbt/venv/bin/activate                             && dbt deps --profiles-dir /tmp/objects/dbt/ && dbt seed --profiles-dir /tmp/objects/dbt/                             && dbt run --models objects --profiles-dir /tmp/objects/dbt/"]
[2022-06-19 22:46:16,582] {subprocess.py:85} INFO - Output:
[2022-06-19 22:46:47,790] {subprocess.py:92} INFO - Core:
[2022-06-19 22:46:47,790] {subprocess.py:92} INFO -   - installed: 1.1.1
[2022-06-19 22:46:47,791] {subprocess.py:92} INFO -   - latest:    1.1.1 - [32mUp to date![0m
[2022-06-19 22:46:47,791] {subprocess.py:92} INFO - 
[2022-06-19 22:46:47,791] {subprocess.py:92} INFO - Plugins:
[2022-06-19 22:46:47,791] {subprocess.py:92} INFO -   - postgres: 1.1.1 - [32mUp to date![0m
[2022-06-19 22:46:50,364] {subprocess.py:92} INFO - [0m22:46:50  Running with dbt=1.1.1
[2022-06-19 22:46:50,365] {subprocess.py:92} INFO - [0m22:46:50  Warning: No packages were found in packages.yml
[2022-06-19 22:46:53,001] {subprocess.py:92} INFO - [0m22:46:53  Running with dbt=1.1.1
[2022-06-19 22:46:53,013] {subprocess.py:92} INFO - [0m22:46:53  Partial parse save file not found. Starting full parse.
[2022-06-19 22:46:53,610] {subprocess.py:92} INFO - [0m22:46:53  [WARNING]: Configuration paths exist in your dbt_project.yml file which do not apply to any re***s.
[2022-06-19 22:46:53,610] {subprocess.py:92} INFO - There are 1 unused configuration paths:
[2022-06-19 22:46:53,610] {subprocess.py:92} INFO - - seeds.SAM
[2022-06-19 22:46:53,610] {subprocess.py:92} INFO - 
[2022-06-19 22:46:53,621] {subprocess.py:92} INFO - [0m22:46:53  Found 10 models, 6 tests, 0 snapshots, 0 analyses, 172 macros, 6 operations, 0 seed files, 4 ***s, 0 exposures, 0 metrics
[2022-06-19 22:46:53,622] {subprocess.py:92} INFO - [0m22:46:53
[2022-06-19 22:46:53,623] {subprocess.py:92} INFO - [0m22:46:53  [WARNING]: Nothing to do. Try checking your model configs and model specification args
[2022-06-19 22:46:53,627] {subprocess.py:92} INFO - [0m22:46:53
[2022-06-19 22:46:53,628] {subprocess.py:92} INFO - [0m22:46:53  Completed successfully
[2022-06-19 22:46:53,628] {subprocess.py:92} INFO - [0m22:46:53
[2022-06-19 22:46:53,628] {subprocess.py:92} INFO - [0m22:46:53  Done. PASS=0 WARN=0 ERROR=0 SKIP=0 TOTAL=0
[2022-06-19 22:46:56,220] {subprocess.py:92} INFO - [0m22:46:56  Running with dbt=1.1.1
[2022-06-19 22:46:56,251] {subprocess.py:92} INFO - [0m22:46:56  [WARNING]: Configuration paths exist in your dbt_project.yml file which do not apply to any re***s.
[2022-06-19 22:46:56,251] {subprocess.py:92} INFO - There are 1 unused configuration paths:
[2022-06-19 22:46:56,251] {subprocess.py:92} INFO - - seeds.SAM
[2022-06-19 22:46:56,251] {subprocess.py:92} INFO - 
[2022-06-19 22:46:56,263] {subprocess.py:92} INFO - [0m22:46:56  Found 10 models, 6 tests, 0 snapshots, 0 analyses, 172 macros, 6 operations, 0 seed files, 4 ***s, 0 exposures, 0 metrics
[2022-06-19 22:46:56,265] {subprocess.py:92} INFO - [0m22:46:56
[2022-06-19 22:46:56,325] {subprocess.py:92} INFO - [0m22:46:56  Concurrency: 4 threads (target='dev')
[2022-06-19 22:46:56,325] {subprocess.py:92} INFO - [0m22:46:56
[2022-06-19 22:46:56,333] {subprocess.py:92} INFO - [0m22:46:56  1 of 3 START table model analytics_objects.obj_users ........................... [RUN]
[2022-06-19 22:46:56,334] {subprocess.py:92} INFO - [0m22:46:56  2 of 3 START table model analytics_objects.obj_walls ........................... [RUN]
[2022-06-19 22:46:56,335] {subprocess.py:92} INFO - [0m22:46:56  3 of 3 START table model analytics_objects.obj_walls_users ..................... [RUN]
[2022-06-19 22:46:56,459] {subprocess.py:92} INFO - [0m22:46:56  3 of 3 OK created table model analytics_objects.obj_walls_users ................ [SELECT 18 in 0.12s]
[2022-06-19 22:46:56,460] {subprocess.py:92} INFO - [0m22:46:56  1 of 3 OK created table model analytics_objects.obj_users ...................... [SELECT 15 in 0.13s]
[2022-06-19 22:46:56,461] {subprocess.py:92} INFO - [0m22:46:56  2 of 3 OK created table model analytics_objects.obj_walls ...................... [SELECT 12 in 0.13s]
[2022-06-19 22:46:56,543] {subprocess.py:92} INFO - [0m22:46:56
[2022-06-19 22:46:56,543] {subprocess.py:92} INFO - [0m22:46:56  Running 6 on-run-end hooks
[2022-06-19 22:46:56,549] {subprocess.py:92} INFO - [0m22:46:56  1 of 6 START hook: SAM.on-run-end.0 ............................................ [RUN]
[2022-06-19 22:46:56,551] {subprocess.py:92} INFO - [0m22:46:56  1 of 6 OK hook: SAM.on-run-end.0 ............................................... [ALTER DEFAULT PRIVILEGES in 0.00s]
[2022-06-19 22:46:56,555] {subprocess.py:92} INFO - [0m22:46:56  2 of 6 START hook: SAM.on-run-end.1 ............................................ [RUN]
[2022-06-19 22:46:56,557] {subprocess.py:92} INFO - [0m22:46:56  2 of 6 OK hook: SAM.on-run-end.1 ............................................... [ALTER DEFAULT PRIVILEGES in 0.00s]
[2022-06-19 22:46:56,560] {subprocess.py:92} INFO - [0m22:46:56  3 of 6 START hook: SAM.on-run-end.2 ............................................ [RUN]
[2022-06-19 22:46:56,563] {subprocess.py:92} INFO - [0m22:46:56  3 of 6 OK hook: SAM.on-run-end.2 ............................................... [ALTER DEFAULT PRIVILEGES in 0.00s]
[2022-06-19 22:46:56,565] {subprocess.py:92} INFO - [0m22:46:56  4 of 6 START hook: SAM.on-run-end.3 ............................................ [RUN]
[2022-06-19 22:46:56,567] {subprocess.py:92} INFO - [0m22:46:56  4 of 6 OK hook: SAM.on-run-end.3 ............................................... [ALTER DEFAULT PRIVILEGES in 0.00s]
[2022-06-19 22:46:56,570] {subprocess.py:92} INFO - [0m22:46:56  5 of 6 START hook: SAM.on-run-end.4 ............................................ [RUN]
[2022-06-19 22:46:56,572] {subprocess.py:92} INFO - [0m22:46:56  5 of 6 OK hook: SAM.on-run-end.4 ............................................... [ALTER DEFAULT PRIVILEGES in 0.00s]
[2022-06-19 22:46:56,574] {subprocess.py:92} INFO - [0m22:46:56  6 of 6 START hook: SAM.on-run-end.5 ............................................ [RUN]
[2022-06-19 22:46:56,576] {subprocess.py:92} INFO - [0m22:46:56  6 of 6 OK hook: SAM.on-run-end.5 ............................................... [ALTER DEFAULT PRIVILEGES in 0.00s]
[2022-06-19 22:46:56,577] {subprocess.py:92} INFO - [0m22:46:56
[2022-06-19 22:46:56,577] {subprocess.py:92} INFO - [0m22:46:56
[2022-06-19 22:46:56,578] {subprocess.py:92} INFO - [0m22:46:56  Finished running 3 table models, 6 hooks in 0.31s.
[2022-06-19 22:46:56,584] {subprocess.py:92} INFO - [0m22:46:56
[2022-06-19 22:46:56,584] {subprocess.py:92} INFO - [0m22:46:56  Completed successfully
[2022-06-19 22:46:56,585] {subprocess.py:92} INFO - [0m22:46:56
[2022-06-19 22:46:56,585] {subprocess.py:92} INFO - [0m22:46:56  Done. PASS=3 WARN=0 ERROR=0 SKIP=0 TOTAL=3
[2022-06-19 22:46:56,716] {subprocess.py:96} INFO - Command exited with return code 0
[2022-06-19 22:46:56,740] {taskinstance.py:1400} INFO - Marking task as SUCCESS. dag_id=T-dbt-job-objects, task_id=dbt_clone_and_transform-objects, execution_date=20220619T224615, start_date=20220619T224616, end_date=20220619T224656
[2022-06-19 22:46:56,771] {local_task_job.py:156} INFO - Task exited with return code 0
[2022-06-19 22:46:56,794] {local_task_job.py:273} INFO - 1 downstream tasks scheduled from follow-on schedule check
