[2022-06-11 19:59:25,596] {taskinstance.py:1159} INFO - Dependencies all met for <TaskInstance: T-dbt-job-dimensions.dbt_clone_and_transform-dimensions manual__2022-06-11T19:59:25.014339+00:00 [queued]>
[2022-06-11 19:59:25,611] {taskinstance.py:1159} INFO - Dependencies all met for <TaskInstance: T-dbt-job-dimensions.dbt_clone_and_transform-dimensions manual__2022-06-11T19:59:25.014339+00:00 [queued]>
[2022-06-11 19:59:25,612] {taskinstance.py:1356} INFO - 
--------------------------------------------------------------------------------
[2022-06-11 19:59:25,612] {taskinstance.py:1357} INFO - Starting attempt 1 of 2
[2022-06-11 19:59:25,612] {taskinstance.py:1358} INFO - 
--------------------------------------------------------------------------------
[2022-06-11 19:59:25,643] {taskinstance.py:1377} INFO - Executing <Task(BashOperator): dbt_clone_and_transform-dimensions> on 2022-06-11 19:59:25.014339+00:00
[2022-06-11 19:59:25,657] {standard_task_runner.py:52} INFO - Started process 728 to run task
[2022-06-11 19:59:25,665] {standard_task_runner.py:79} INFO - Running: ['airflow', 'tasks', 'run', 'T-dbt-job-dimensions', 'dbt_clone_and_transform-dimensions', 'manual__2022-06-11T19:59:25.014339+00:00', '--job-id', '21', '--raw', '--subdir', 'DAGS_FOLDER/docker_job/dbt_model.py', '--cfg-path', '/tmp/tmp1hlrsatx', '--error-file', '/tmp/tmpvldh6iox']
[2022-06-11 19:59:25,666] {standard_task_runner.py:80} INFO - Job 21: Subtask dbt_clone_and_transform-dimensions
[2022-06-11 19:59:25,742] {task_command.py:370} INFO - Running <TaskInstance: T-dbt-job-dimensions.dbt_clone_and_transform-dimensions manual__2022-06-11T19:59:25.014339+00:00 [running]> on host e926c0944008
[2022-06-11 19:59:25,811] {taskinstance.py:1571} INFO - Exporting the following env vars:
AIRFLOW_CTX_DAG_EMAIL=samuelolle@yahoo.com
AIRFLOW_CTX_DAG_OWNER=airflow
AIRFLOW_CTX_DAG_ID=T-dbt-job-dimensions
AIRFLOW_CTX_TASK_ID=dbt_clone_and_transform-dimensions
AIRFLOW_CTX_EXECUTION_DATE=2022-06-11T19:59:25.014339+00:00
AIRFLOW_CTX_TRY_NUMBER=1
AIRFLOW_CTX_DAG_RUN_ID=manual__2022-06-11T19:59:25.014339+00:00
[2022-06-11 19:59:25,812] {subprocess.py:62} INFO - Tmp dir root location: 
 /tmp
[2022-06-11 19:59:25,813] {subprocess.py:74} INFO - Running command: ['bash', '-c', " rm -rf /tmp/dimensions && mkdir /tmp/dimensions                            && cp -r /tmp/dbt /tmp/dimensions/dbt                             && cd /tmp/dimensions/dbt && python3 -m venv venv                             && export PIP_USER=false                             && *** /tmp/dimensions/dbt/venv/bin/activate                             && pip  install --quiet --upgrade pip setuptools                             && pip3 install --quiet 'MarkupSafe<=2.0.1' 'dbt-postgres' 'dbt-core'                             && dbt --version && deactivate                             && cd /tmp/dimensions/dbt && *** /tmp/dimensions/dbt/venv/bin/activate                             && dbt deps --profiles-dir /tmp/dimensions/dbt/ && dbt seed --profiles-dir /tmp/dimensions/dbt/                             && dbt run --models dimensions --profiles-dir /tmp/dimensions/dbt/"]
[2022-06-11 19:59:25,828] {subprocess.py:85} INFO - Output:
[2022-06-11 20:00:05,596] {subprocess.py:92} INFO - Core:
[2022-06-11 20:00:05,596] {subprocess.py:92} INFO -   - installed: 1.1.0
[2022-06-11 20:00:05,596] {subprocess.py:92} INFO -   - latest:    1.1.0 - [32mUp to date![0m
[2022-06-11 20:00:05,597] {subprocess.py:92} INFO - 
[2022-06-11 20:00:05,597] {subprocess.py:92} INFO - Plugins:
[2022-06-11 20:00:05,597] {subprocess.py:92} INFO -   - postgres: 1.1.0 - [32mUp to date![0m
[2022-06-11 20:00:09,153] {subprocess.py:92} INFO - [0m20:00:09  Running with dbt=1.1.0
[2022-06-11 20:00:09,154] {subprocess.py:92} INFO - [0m20:00:09  Warning: No packages were found in packages.yml
[2022-06-11 20:00:13,610] {subprocess.py:92} INFO - [0m20:00:13  Running with dbt=1.1.0
[2022-06-11 20:00:13,637] {subprocess.py:92} INFO - [0m20:00:13  Partial parse save file not found. Starting full parse.
[2022-06-11 20:00:14,388] {subprocess.py:92} INFO - [0m20:00:14  [WARNING]: Configuration paths exist in your dbt_project.yml file which do not apply to any re***s.
[2022-06-11 20:00:14,388] {subprocess.py:92} INFO - There are 1 unused configuration paths:
[2022-06-11 20:00:14,388] {subprocess.py:92} INFO - - seeds.SAM
[2022-06-11 20:00:14,388] {subprocess.py:92} INFO - 
[2022-06-11 20:00:14,402] {subprocess.py:92} INFO - [0m20:00:14  Found 4 models, 6 tests, 0 snapshots, 0 analyses, 171 macros, 6 operations, 0 seed files, 4 ***s, 0 exposures, 0 metrics
[2022-06-11 20:00:14,404] {subprocess.py:92} INFO - [0m20:00:14
[2022-06-11 20:00:14,404] {subprocess.py:92} INFO - [0m20:00:14  [WARNING]: Nothing to do. Try checking your model configs and model specification args
[2022-06-11 20:00:14,410] {subprocess.py:92} INFO - [0m20:00:14
[2022-06-11 20:00:14,410] {subprocess.py:92} INFO - [0m20:00:14  Completed successfully
[2022-06-11 20:00:14,411] {subprocess.py:92} INFO - [0m20:00:14
[2022-06-11 20:00:14,411] {subprocess.py:92} INFO - [0m20:00:14  Done. PASS=0 WARN=0 ERROR=0 SKIP=0 TOTAL=0
[2022-06-11 20:00:17,773] {subprocess.py:92} INFO - [0m20:00:17  Running with dbt=1.1.0
[2022-06-11 20:00:17,814] {subprocess.py:92} INFO - [0m20:00:17  [WARNING]: Configuration paths exist in your dbt_project.yml file which do not apply to any re***s.
[2022-06-11 20:00:17,814] {subprocess.py:92} INFO - There are 1 unused configuration paths:
[2022-06-11 20:00:17,814] {subprocess.py:92} INFO - - seeds.SAM
[2022-06-11 20:00:17,814] {subprocess.py:92} INFO - 
[2022-06-11 20:00:17,830] {subprocess.py:92} INFO - [0m20:00:17  Found 4 models, 6 tests, 0 snapshots, 0 analyses, 171 macros, 6 operations, 0 seed files, 4 ***s, 0 exposures, 0 metrics
[2022-06-11 20:00:17,833] {subprocess.py:92} INFO - [0m20:00:17
[2022-06-11 20:00:17,912] {subprocess.py:92} INFO - [0m20:00:17  Concurrency: 4 threads (target='dev')
[2022-06-11 20:00:17,913] {subprocess.py:92} INFO - [0m20:00:17
[2022-06-11 20:00:17,921] {subprocess.py:92} INFO - [0m20:00:17  1 of 1 START table model analytics_objects.dim_date ............................ [RUN]
[2022-06-11 20:00:18,002] {subprocess.py:92} INFO - [0m20:00:18  1 of 1 OK created table model analytics_objects.dim_date ....................... [SELECT 546 in 0.08s]
[2022-06-11 20:00:18,029] {subprocess.py:92} INFO - [0m20:00:18
[2022-06-11 20:00:18,030] {subprocess.py:92} INFO - [0m20:00:18  Running 6 on-run-end hooks
[2022-06-11 20:00:18,037] {subprocess.py:92} INFO - [0m20:00:18  1 of 6 START hook: SAM.on-run-end.0 ............................................ [RUN]
[2022-06-11 20:00:18,041] {subprocess.py:92} INFO - [0m20:00:18  1 of 6 OK hook: SAM.on-run-end.0 ............................................... [ALTER DEFAULT PRIVILEGES in 0.00s]
[2022-06-11 20:00:18,046] {subprocess.py:92} INFO - [0m20:00:18  2 of 6 START hook: SAM.on-run-end.1 ............................................ [RUN]
[2022-06-11 20:00:18,049] {subprocess.py:92} INFO - [0m20:00:18  2 of 6 OK hook: SAM.on-run-end.1 ............................................... [ALTER DEFAULT PRIVILEGES in 0.00s]
[2022-06-11 20:00:18,053] {subprocess.py:92} INFO - [0m20:00:18  3 of 6 START hook: SAM.on-run-end.2 ............................................ [RUN]
[2022-06-11 20:00:18,057] {subprocess.py:92} INFO - [0m20:00:18  3 of 6 OK hook: SAM.on-run-end.2 ............................................... [ALTER DEFAULT PRIVILEGES in 0.00s]
[2022-06-11 20:00:18,061] {subprocess.py:92} INFO - [0m20:00:18  4 of 6 START hook: SAM.on-run-end.3 ............................................ [RUN]
[2022-06-11 20:00:18,066] {subprocess.py:92} INFO - [0m20:00:18  4 of 6 OK hook: SAM.on-run-end.3 ............................................... [ALTER DEFAULT PRIVILEGES in 0.00s]
[2022-06-11 20:00:18,070] {subprocess.py:92} INFO - [0m20:00:18  5 of 6 START hook: SAM.on-run-end.4 ............................................ [RUN]
[2022-06-11 20:00:18,072] {subprocess.py:92} INFO - [0m20:00:18  5 of 6 OK hook: SAM.on-run-end.4 ............................................... [ALTER DEFAULT PRIVILEGES in 0.00s]
[2022-06-11 20:00:18,076] {subprocess.py:92} INFO - [0m20:00:18  6 of 6 START hook: SAM.on-run-end.5 ............................................ [RUN]
[2022-06-11 20:00:18,079] {subprocess.py:92} INFO - [0m20:00:18  6 of 6 OK hook: SAM.on-run-end.5 ............................................... [ALTER DEFAULT PRIVILEGES in 0.00s]
[2022-06-11 20:00:18,080] {subprocess.py:92} INFO - [0m20:00:18
[2022-06-11 20:00:18,081] {subprocess.py:92} INFO - [0m20:00:18
[2022-06-11 20:00:18,081] {subprocess.py:92} INFO - [0m20:00:18  Finished running 1 table model, 6 hooks in 0.25s.
[2022-06-11 20:00:18,088] {subprocess.py:92} INFO - [0m20:00:18
[2022-06-11 20:00:18,088] {subprocess.py:92} INFO - [0m20:00:18  Completed successfully
[2022-06-11 20:00:18,088] {subprocess.py:92} INFO - [0m20:00:18
[2022-06-11 20:00:18,089] {subprocess.py:92} INFO - [0m20:00:18  Done. PASS=1 WARN=0 ERROR=0 SKIP=0 TOTAL=1
[2022-06-11 20:00:18,346] {subprocess.py:96} INFO - Command exited with return code 0
[2022-06-11 20:00:18,383] {taskinstance.py:1400} INFO - Marking task as SUCCESS. dag_id=T-dbt-job-dimensions, task_id=dbt_clone_and_transform-dimensions, execution_date=20220611T195925, start_date=20220611T195925, end_date=20220611T200018
[2022-06-11 20:00:18,433] {local_task_job.py:156} INFO - Task exited with return code 0
[2022-06-11 20:00:18,466] {local_task_job.py:273} INFO - 1 downstream tasks scheduled from follow-on schedule check
