[2022-06-19 18:10:28,352] {taskinstance.py:1159} INFO - Dependencies all met for <TaskInstance: Job-pts.end_clean-pts scheduled__2022-06-19T15:40:14.985831+00:00 [queued]>
[2022-06-19 18:10:28,362] {taskinstance.py:1159} INFO - Dependencies all met for <TaskInstance: Job-pts.end_clean-pts scheduled__2022-06-19T15:40:14.985831+00:00 [queued]>
[2022-06-19 18:10:28,362] {taskinstance.py:1356} INFO - 
--------------------------------------------------------------------------------
[2022-06-19 18:10:28,362] {taskinstance.py:1357} INFO - Starting attempt 1 of 6
[2022-06-19 18:10:28,362] {taskinstance.py:1358} INFO - 
--------------------------------------------------------------------------------
[2022-06-19 18:10:28,374] {taskinstance.py:1377} INFO - Executing <Task(BashOperator): end_clean-pts> on 2022-06-19 15:40:14.985831+00:00
[2022-06-19 18:10:28,378] {standard_task_runner.py:52} INFO - Started process 3670 to run task
[2022-06-19 18:10:28,381] {standard_task_runner.py:79} INFO - Running: ['airflow', 'tasks', 'run', 'Job-pts', 'end_clean-pts', 'scheduled__2022-06-19T15:40:14.985831+00:00', '--job-id', '647', '--raw', '--subdir', 'DAGS_FOLDER/docker_job/price_scale.py', '--cfg-path', '/tmp/tmpbz91vs_a', '--error-file', '/tmp/tmpr1p18brw']
[2022-06-19 18:10:28,381] {standard_task_runner.py:80} INFO - Job 647: Subtask end_clean-pts
[2022-06-19 18:10:28,393] {warnings.py:110} WARNING - /home/airflow/.local/lib/python3.7/site-packages/airflow/configuration.py:525: DeprecationWarning: The sql_alchemy_conn option in [core] has been moved to the sql_alchemy_conn option in [database] - the old setting has been used, but please update your config.
  option = self._get_environment_variables(deprecated_key, deprecated_section, key, section)

[2022-06-19 18:10:28,433] {task_command.py:370} INFO - Running <TaskInstance: Job-pts.end_clean-pts scheduled__2022-06-19T15:40:14.985831+00:00 [running]> on host 3c1ac2e19971
[2022-06-19 18:10:28,500] {taskinstance.py:1571} INFO - Exporting the following env vars:
AIRFLOW_CTX_DAG_EMAIL=samuel.momoh-olle@asgoodasnew.com
AIRFLOW_CTX_DAG_OWNER=airflow
AIRFLOW_CTX_DAG_ID=Job-pts
AIRFLOW_CTX_TASK_ID=end_clean-pts
AIRFLOW_CTX_EXECUTION_DATE=2022-06-19T15:40:14.985831+00:00
AIRFLOW_CTX_TRY_NUMBER=1
AIRFLOW_CTX_DAG_RUN_ID=scheduled__2022-06-19T15:40:14.985831+00:00
[2022-06-19 18:10:28,501] {subprocess.py:62} INFO - Tmp dir root location: 
 /tmp
[2022-06-19 18:10:28,501] {subprocess.py:74} INFO - Running command: ['bash', '-c', 'pkill chrome 2>/dev/null || exit 0 && rm -rf /tmp/.* 2>/dev/null || exit 0&& rm -rf /tmp/* 2>/dev/null || exit 0&& rm -rf /tmp/.p* 2>/dev/null || exit 0']
[2022-06-19 18:10:28,509] {subprocess.py:85} INFO - Output:
[2022-06-19 18:10:28,512] {subprocess.py:96} INFO - Command exited with return code 0
[2022-06-19 18:10:28,539] {taskinstance.py:1400} INFO - Marking task as SUCCESS. dag_id=Job-pts, task_id=end_clean-pts, execution_date=20220619T154014, start_date=20220619T181028, end_date=20220619T181028
[2022-06-19 18:10:28,553] {local_task_job.py:156} INFO - Task exited with return code 0
[2022-06-19 18:10:28,601] {local_task_job.py:273} INFO - 0 downstream tasks scheduled from follow-on schedule check
