[2022-06-18 01:06:36,247] {taskinstance.py:1159} INFO - Dependencies all met for <TaskInstance: Job-pts.pts-Papple-iphone-x-256gb-space-grau_h_5145 scheduled__2022-06-17T20:10:58.837877+00:00 [queued]>
[2022-06-18 01:06:36,265] {taskinstance.py:1159} INFO - Dependencies all met for <TaskInstance: Job-pts.pts-Papple-iphone-x-256gb-space-grau_h_5145 scheduled__2022-06-17T20:10:58.837877+00:00 [queued]>
[2022-06-18 01:06:36,265] {taskinstance.py:1356} INFO - 
--------------------------------------------------------------------------------
[2022-06-18 01:06:36,265] {taskinstance.py:1357} INFO - Starting attempt 2 of 6
[2022-06-18 01:06:36,265] {taskinstance.py:1358} INFO - 
--------------------------------------------------------------------------------
[2022-06-18 01:06:36,287] {taskinstance.py:1377} INFO - Executing <Task(PythonOperator): pts-Papple-iphone-x-256gb-space-grau_h_5145> on 2022-06-17 20:10:58.837877+00:00
[2022-06-18 01:06:36,290] {standard_task_runner.py:52} INFO - Started process 638 to run task
[2022-06-18 01:06:36,293] {standard_task_runner.py:79} INFO - Running: ['airflow', 'tasks', 'run', 'Job-pts', 'pts-Papple-iphone-x-256gb-space-grau_h_5145', 'scheduled__2022-06-17T20:10:58.837877+00:00', '--job-id', '331', '--raw', '--subdir', 'DAGS_FOLDER/docker_job/price_scale.py', '--cfg-path', '/tmp/tmp5opcrj2h', '--error-file', '/tmp/tmp039a2j8s']
[2022-06-18 01:06:36,293] {standard_task_runner.py:80} INFO - Job 331: Subtask pts-Papple-iphone-x-256gb-space-grau_h_5145
[2022-06-18 01:06:36,308] {warnings.py:110} WARNING - /home/airflow/.local/lib/python3.7/site-packages/airflow/configuration.py:525: DeprecationWarning: The sql_alchemy_conn option in [core] has been moved to the sql_alchemy_conn option in [database] - the old setting has been used, but please update your config.
  option = self._get_environment_variables(deprecated_key, deprecated_section, key, section)

[2022-06-18 01:06:36,351] {task_command.py:370} INFO - Running <TaskInstance: Job-pts.pts-Papple-iphone-x-256gb-space-grau_h_5145 scheduled__2022-06-17T20:10:58.837877+00:00 [running]> on host 3c1ac2e19971
[2022-06-18 01:06:36,499] {taskinstance.py:1571} INFO - Exporting the following env vars:
AIRFLOW_CTX_DAG_EMAIL=samuel.momoh-olle@asgoodasnew.com
AIRFLOW_CTX_DAG_OWNER=airflow
AIRFLOW_CTX_DAG_ID=Job-pts
AIRFLOW_CTX_TASK_ID=pts-Papple-iphone-x-256gb-space-grau_h_5145
AIRFLOW_CTX_EXECUTION_DATE=2022-06-17T20:10:58.837877+00:00
AIRFLOW_CTX_TRY_NUMBER=2
AIRFLOW_CTX_DAG_RUN_ID=scheduled__2022-06-17T20:10:58.837877+00:00
[2022-06-18 01:06:37,138] {logging_mixin.py:115} INFO - ['https://www.handyverkauf.net/apple-iphone-x-64gb-space-grau_h_5143', 'https://www.handyverkauf.net/apple-iphone-x-256gb-space-grau_h_5145', 'https://www.handyverkauf.net/apple-iphone-xs-64gb-space-grau_h_6242', 'https://www.handyverkauf.net/apple-iphone-xs-256gb-space-grau_h_6245', 'https://www.handyverkauf.net/apple-iphone-xs-512gb-space-grau_h_6248', 'https://www.handyverkauf.net/apple-iphone-xs-max-64gb-space-grau_h_6251', 'https://www.handyverkauf.net/apple-iphone-xs-max-256gb-space-grau_h_6254', 'https://www.handyverkauf.net/apple-iphone-xs-max-512gb-space-grau_h_6257', 'https://www.handyverkauf.net/apple-iphone-xr-64gb-schwarz_h_6260', 'https://www.handyverkauf.net/apple-iphone-xr-128gb-schwarz_h_6266']
[2022-06-18 01:06:40,519] {logging_mixin.py:115} INFO - Message: invalid argument: 'url' must be a string
  (Session info: headless chrome=102.0.5005.115)
Stacktrace:
#0 0x562c6e7a2f33 <unknown>
#1 0x562c6e4ed118 <unknown>
#2 0x562c6e554aa1 <unknown>
#3 0x562c6e540f72 <unknown>
#4 0x562c6e5542e4 <unknown>
#5 0x562c6e540e63 <unknown>
#6 0x562c6e51682a <unknown>
#7 0x562c6e517985 <unknown>
#8 0x562c6e7e74cd <unknown>
#9 0x562c6e7eb5ec <unknown>
#10 0x562c6e7d171e <unknown>
#11 0x562c6e7ec238 <unknown>
#12 0x562c6e7c6870 <unknown>
#13 0x562c6e808608 <unknown>
#14 0x562c6e808788 <unknown>
#15 0x562c6e822f1d <unknown>
#16 0x7fb17eff3ea7 <unknown>
[2022-06-18 01:06:40,578] {logging_mixin.py:115} INFO - []
[2022-06-18 01:06:40,578] {python.py:173} INFO - Done. Returned value was: None
[2022-06-18 01:06:40,595] {taskinstance.py:1400} INFO - Marking task as SUCCESS. dag_id=Job-pts, task_id=pts-Papple-iphone-x-256gb-space-grau_h_5145, execution_date=20220617T201058, start_date=20220618T010636, end_date=20220618T010640
[2022-06-18 01:06:40,661] {local_task_job.py:156} INFO - Task exited with return code 0
[2022-06-18 01:06:40,718] {local_task_job.py:273} INFO - 0 downstream tasks scheduled from follow-on schedule check
