[2022-06-12 18:49:50,621] {taskinstance.py:1159} INFO - Dependencies all met for <TaskInstance: T-dbt-job-cdc_load.create_target_tables manual__2022-06-12T18:49:48.710897+00:00 [queued]>
[2022-06-12 18:49:50,636] {taskinstance.py:1159} INFO - Dependencies all met for <TaskInstance: T-dbt-job-cdc_load.create_target_tables manual__2022-06-12T18:49:48.710897+00:00 [queued]>
[2022-06-12 18:49:50,636] {taskinstance.py:1356} INFO - 
--------------------------------------------------------------------------------
[2022-06-12 18:49:50,636] {taskinstance.py:1357} INFO - Starting attempt 1 of 2
[2022-06-12 18:49:50,636] {taskinstance.py:1358} INFO - 
--------------------------------------------------------------------------------
[2022-06-12 18:49:50,652] {taskinstance.py:1377} INFO - Executing <Task(PostgresOperator): create_target_tables> on 2022-06-12 18:49:48.710897+00:00
[2022-06-12 18:49:50,688] {standard_task_runner.py:52} INFO - Started process 5407 to run task
[2022-06-12 18:49:50,691] {standard_task_runner.py:79} INFO - Running: ['airflow', 'tasks', 'run', 'T-dbt-job-cdc_load', 'create_target_tables', 'manual__2022-06-12T18:49:48.710897+00:00', '--job-id', '206', '--raw', '--subdir', 'DAGS_FOLDER/docker_job/dbt_test.py', '--cfg-path', '/tmp/tmpoc9g0wq6', '--error-file', '/tmp/tmpl7qgei_h']
[2022-06-12 18:49:50,692] {standard_task_runner.py:80} INFO - Job 206: Subtask create_target_tables
[2022-06-12 18:49:50,769] {task_command.py:370} INFO - Running <TaskInstance: T-dbt-job-cdc_load.create_target_tables manual__2022-06-12T18:49:48.710897+00:00 [running]> on host e926c0944008
[2022-06-12 18:49:50,868] {taskinstance.py:1571} INFO - Exporting the following env vars:
AIRFLOW_CTX_DAG_EMAIL=samuelolle@yahoo.com
AIRFLOW_CTX_DAG_OWNER=airflow
AIRFLOW_CTX_DAG_ID=T-dbt-job-cdc_load
AIRFLOW_CTX_TASK_ID=create_target_tables
AIRFLOW_CTX_EXECUTION_DATE=2022-06-12T18:49:48.710897+00:00
AIRFLOW_CTX_TRY_NUMBER=1
AIRFLOW_CTX_DAG_RUN_ID=manual__2022-06-12T18:49:48.710897+00:00
[2022-06-12 18:49:50,878] {base.py:68} INFO - Using connection ID '***' for task execution.
[2022-06-12 18:49:50,881] {dbapi.py:213} INFO - Running statement: CREATE SCHEMA IF NOT EXISTS analytics_dim;
CREATE SCHEMA IF NOT EXISTS analytics_objects;
CREATE SCHEMA IF NOT EXISTS analytics_stage;

CREATE TABLE IF NOT EXISTS analytics_dim.dim_users (
    wall_owner_sk serial,
    user_id numeric,
    name TEXT,
    visitor_ind bigint,
    created_at TEXT,
    user_segment TEXT,
    del_ind bigint,
    PRIMARY KEY (wall_owner_sk)
);

CREATE TABLE IF NOT EXISTS analytics_stage.users_cdc (
    id serial,
    name TEXT,
    visitor_ind bigint,
    created_at TEXT,
    user_segment TEXT,
    event_type TEXT,
    event_time TEXT,
    export_date TEXT
);

CREATE TABLE IF NOT EXISTS analytics_dim.dim_walls (
    wall_sk serial,
    wall_id TEXT,
    wall_name TEXT,
    PRIMARY KEY (wall_sk)
);

CREATE TABLE IF NOT EXISTS analytics_stage.walls_cdc (
    id serial,
    name TEXT,
    owner TEXT,
    created_at TEXT,
    event_type TEXT,
    event_time TEXT,
    export_date TEXT
);, parameters: None
[2022-06-12 18:49:50,893] {postgres.py:94} INFO - NOTICE:  schema "analytics_dim" already exists, skipping

[2022-06-12 18:49:50,893] {postgres.py:94} INFO - NOTICE:  schema "analytics_objects" already exists, skipping

[2022-06-12 18:49:50,893] {postgres.py:94} INFO - NOTICE:  schema "analytics_stage" already exists, skipping

[2022-06-12 18:49:50,915] {taskinstance.py:1400} INFO - Marking task as SUCCESS. dag_id=T-dbt-job-cdc_load, task_id=create_***_tables, execution_date=20220612T184948, start_date=20220612T184950, end_date=20220612T184950
[2022-06-12 18:49:50,946] {local_task_job.py:156} INFO - Task exited with return code 0
[2022-06-12 18:49:50,999] {local_task_job.py:273} INFO - 1 downstream tasks scheduled from follow-on schedule check
