[2022-06-12 17:16:04,033] {taskinstance.py:1159} INFO - Dependencies all met for <TaskInstance: T-dbt-job-dimensions.dbt_clone_and_transform-dimensions manual__2022-06-12T17:16:03.619280+00:00 [queued]>
[2022-06-12 17:16:04,045] {taskinstance.py:1159} INFO - Dependencies all met for <TaskInstance: T-dbt-job-dimensions.dbt_clone_and_transform-dimensions manual__2022-06-12T17:16:03.619280+00:00 [queued]>
[2022-06-12 17:16:04,045] {taskinstance.py:1356} INFO - 
--------------------------------------------------------------------------------
[2022-06-12 17:16:04,045] {taskinstance.py:1357} INFO - Starting attempt 1 of 2
[2022-06-12 17:16:04,045] {taskinstance.py:1358} INFO - 
--------------------------------------------------------------------------------
[2022-06-12 17:16:04,060] {taskinstance.py:1377} INFO - Executing <Task(BashOperator): dbt_clone_and_transform-dimensions> on 2022-06-12 17:16:03.619280+00:00
[2022-06-12 17:16:04,065] {standard_task_runner.py:52} INFO - Started process 4614 to run task
[2022-06-12 17:16:04,068] {standard_task_runner.py:79} INFO - Running: ['airflow', 'tasks', 'run', 'T-dbt-job-dimensions', 'dbt_clone_and_transform-dimensions', 'manual__2022-06-12T17:16:03.619280+00:00', '--job-id', '171', '--raw', '--subdir', 'DAGS_FOLDER/docker_job/dbt_model.py', '--cfg-path', '/tmp/tmpla5awx5r', '--error-file', '/tmp/tmpuvppkm2d']
[2022-06-12 17:16:04,069] {standard_task_runner.py:80} INFO - Job 171: Subtask dbt_clone_and_transform-dimensions
[2022-06-12 17:16:04,124] {task_command.py:370} INFO - Running <TaskInstance: T-dbt-job-dimensions.dbt_clone_and_transform-dimensions manual__2022-06-12T17:16:03.619280+00:00 [running]> on host e926c0944008
[2022-06-12 17:16:04,193] {taskinstance.py:1571} INFO - Exporting the following env vars:
AIRFLOW_CTX_DAG_EMAIL=samuelolle@yahoo.com
AIRFLOW_CTX_DAG_OWNER=airflow
AIRFLOW_CTX_DAG_ID=T-dbt-job-dimensions
AIRFLOW_CTX_TASK_ID=dbt_clone_and_transform-dimensions
AIRFLOW_CTX_EXECUTION_DATE=2022-06-12T17:16:03.619280+00:00
AIRFLOW_CTX_TRY_NUMBER=1
AIRFLOW_CTX_DAG_RUN_ID=manual__2022-06-12T17:16:03.619280+00:00
[2022-06-12 17:16:04,195] {subprocess.py:62} INFO - Tmp dir root location: 
 /tmp
[2022-06-12 17:16:04,195] {subprocess.py:74} INFO - Running command: ['bash', '-c', " rm -rf /tmp/dimensions && mkdir /tmp/dimensions                            && cp -r /tmp/dbt /tmp/dimensions/dbt                             && cd /tmp/dimensions/dbt && python3 -m venv venv                             && export PIP_USER=false                             && *** /tmp/dimensions/dbt/venv/bin/activate                             && pip  install --quiet --upgrade pip setuptools                             && pip3 install --quiet 'MarkupSafe<=2.0.1' 'dbt-postgres' 'dbt-core'                             && dbt --version && deactivate                             && cd /tmp/dimensions/dbt && *** /tmp/dimensions/dbt/venv/bin/activate                             && dbt deps --profiles-dir /tmp/dimensions/dbt/ && dbt seed --profiles-dir /tmp/dimensions/dbt/                             && dbt run --models dimensions --profiles-dir /tmp/dimensions/dbt/"]
[2022-06-12 17:16:04,207] {subprocess.py:85} INFO - Output:
[2022-06-12 17:16:37,077] {subprocess.py:92} INFO - Core:
[2022-06-12 17:16:37,077] {subprocess.py:92} INFO -   - installed: 1.1.0
[2022-06-12 17:16:37,077] {subprocess.py:92} INFO -   - latest:    1.1.0 - [32mUp to date![0m
[2022-06-12 17:16:37,077] {subprocess.py:92} INFO - 
[2022-06-12 17:16:37,077] {subprocess.py:92} INFO - Plugins:
[2022-06-12 17:16:37,077] {subprocess.py:92} INFO -   - postgres: 1.1.0 - [32mUp to date![0m
[2022-06-12 17:16:39,929] {subprocess.py:92} INFO - [0m17:16:39  Running with dbt=1.1.0
[2022-06-12 17:16:39,931] {subprocess.py:92} INFO - [0m17:16:39  Warning: No packages were found in packages.yml
[2022-06-12 17:16:42,894] {subprocess.py:92} INFO - [0m17:16:42  Running with dbt=1.1.0
[2022-06-12 17:16:42,910] {subprocess.py:92} INFO - [0m17:16:42  Partial parse save file not found. Starting full parse.
[2022-06-12 17:16:43,631] {subprocess.py:92} INFO - [0m17:16:43  [WARNING]: Configuration paths exist in your dbt_project.yml file which do not apply to any re***s.
[2022-06-12 17:16:43,631] {subprocess.py:92} INFO - There are 1 unused configuration paths:
[2022-06-12 17:16:43,631] {subprocess.py:92} INFO - - seeds.SAM
[2022-06-12 17:16:43,632] {subprocess.py:92} INFO - 
[2022-06-12 17:16:43,646] {subprocess.py:92} INFO - [0m17:16:43  Found 5 models, 6 tests, 0 snapshots, 0 analyses, 172 macros, 6 operations, 0 seed files, 4 ***s, 0 exposures, 0 metrics
[2022-06-12 17:16:43,648] {subprocess.py:92} INFO - [0m17:16:43
[2022-06-12 17:16:43,648] {subprocess.py:92} INFO - [0m17:16:43  [WARNING]: Nothing to do. Try checking your model configs and model specification args
[2022-06-12 17:16:43,656] {subprocess.py:92} INFO - [0m17:16:43
[2022-06-12 17:16:43,657] {subprocess.py:92} INFO - [0m17:16:43  Completed successfully
[2022-06-12 17:16:43,657] {subprocess.py:92} INFO - [0m17:16:43
[2022-06-12 17:16:43,657] {subprocess.py:92} INFO - [0m17:16:43  Done. PASS=0 WARN=0 ERROR=0 SKIP=0 TOTAL=0
[2022-06-12 17:16:46,646] {subprocess.py:92} INFO - [0m17:16:46  Running with dbt=1.1.0
[2022-06-12 17:16:46,682] {subprocess.py:92} INFO - [0m17:16:46  [WARNING]: Configuration paths exist in your dbt_project.yml file which do not apply to any re***s.
[2022-06-12 17:16:46,682] {subprocess.py:92} INFO - There are 1 unused configuration paths:
[2022-06-12 17:16:46,682] {subprocess.py:92} INFO - - seeds.SAM
[2022-06-12 17:16:46,682] {subprocess.py:92} INFO - 
[2022-06-12 17:16:46,695] {subprocess.py:92} INFO - [0m17:16:46  Found 5 models, 6 tests, 0 snapshots, 0 analyses, 172 macros, 6 operations, 0 seed files, 4 ***s, 0 exposures, 0 metrics
[2022-06-12 17:16:46,697] {subprocess.py:92} INFO - [0m17:16:46
[2022-06-12 17:16:46,759] {subprocess.py:92} INFO - [0m17:16:46  Concurrency: 4 threads (target='dev')
[2022-06-12 17:16:46,759] {subprocess.py:92} INFO - [0m17:16:46
[2022-06-12 17:16:46,768] {subprocess.py:92} INFO - [0m17:16:46  1 of 2 START table model analytics_dim.dim_date ................................ [RUN]
[2022-06-12 17:16:46,769] {subprocess.py:92} INFO - [0m17:16:46  2 of 2 START incremental model analytics_dim.dim_walls ......................... [RUN]
[2022-06-12 17:16:46,939] {subprocess.py:92} INFO - [0m17:16:46  1 of 2 OK created table model analytics_dim.dim_date ........................... [SELECT 546 in 0.17s]
[2022-06-12 17:16:46,944] {subprocess.py:92} INFO - [0m17:16:46  2 of 2 OK created incremental model analytics_dim.dim_walls .................... [INSERT 0 12 in 0.17s]
[2022-06-12 17:16:46,973] {subprocess.py:92} INFO - [0m17:16:46
[2022-06-12 17:16:46,973] {subprocess.py:92} INFO - [0m17:16:46  Running 6 on-run-end hooks
[2022-06-12 17:16:46,980] {subprocess.py:92} INFO - [0m17:16:46  1 of 6 START hook: SAM.on-run-end.0 ............................................ [RUN]
[2022-06-12 17:16:46,983] {subprocess.py:92} INFO - [0m17:16:46  1 of 6 OK hook: SAM.on-run-end.0 ............................................... [ALTER DEFAULT PRIVILEGES in 0.00s]
[2022-06-12 17:16:46,988] {subprocess.py:92} INFO - [0m17:16:46  2 of 6 START hook: SAM.on-run-end.1 ............................................ [RUN]
[2022-06-12 17:16:46,991] {subprocess.py:92} INFO - [0m17:16:46  2 of 6 OK hook: SAM.on-run-end.1 ............................................... [ALTER DEFAULT PRIVILEGES in 0.00s]
[2022-06-12 17:16:46,994] {subprocess.py:92} INFO - [0m17:16:46  3 of 6 START hook: SAM.on-run-end.2 ............................................ [RUN]
[2022-06-12 17:16:46,997] {subprocess.py:92} INFO - [0m17:16:46  3 of 6 OK hook: SAM.on-run-end.2 ............................................... [ALTER DEFAULT PRIVILEGES in 0.00s]
[2022-06-12 17:16:47,000] {subprocess.py:92} INFO - [0m17:16:47  4 of 6 START hook: SAM.on-run-end.3 ............................................ [RUN]
[2022-06-12 17:16:47,003] {subprocess.py:92} INFO - [0m17:16:47  4 of 6 OK hook: SAM.on-run-end.3 ............................................... [ALTER DEFAULT PRIVILEGES in 0.00s]
[2022-06-12 17:16:47,007] {subprocess.py:92} INFO - [0m17:16:47  5 of 6 START hook: SAM.on-run-end.4 ............................................ [RUN]
[2022-06-12 17:16:47,009] {subprocess.py:92} INFO - [0m17:16:47  5 of 6 OK hook: SAM.on-run-end.4 ............................................... [ALTER DEFAULT PRIVILEGES in 0.00s]
[2022-06-12 17:16:47,012] {subprocess.py:92} INFO - [0m17:16:47  6 of 6 START hook: SAM.on-run-end.5 ............................................ [RUN]
[2022-06-12 17:16:47,015] {subprocess.py:92} INFO - [0m17:16:47  6 of 6 OK hook: SAM.on-run-end.5 ............................................... [ALTER DEFAULT PRIVILEGES in 0.00s]
[2022-06-12 17:16:47,015] {subprocess.py:92} INFO - [0m17:16:47
[2022-06-12 17:16:47,016] {subprocess.py:92} INFO - [0m17:16:47
[2022-06-12 17:16:47,016] {subprocess.py:92} INFO - [0m17:16:47  Finished running 1 table model, 1 incremental model, 6 hooks in 0.32s.
[2022-06-12 17:16:47,023] {subprocess.py:92} INFO - [0m17:16:47
[2022-06-12 17:16:47,023] {subprocess.py:92} INFO - [0m17:16:47  Completed successfully
[2022-06-12 17:16:47,023] {subprocess.py:92} INFO - [0m17:16:47
[2022-06-12 17:16:47,024] {subprocess.py:92} INFO - [0m17:16:47  Done. PASS=2 WARN=0 ERROR=0 SKIP=0 TOTAL=2
[2022-06-12 17:16:47,207] {subprocess.py:96} INFO - Command exited with return code 0
[2022-06-12 17:16:47,237] {taskinstance.py:1400} INFO - Marking task as SUCCESS. dag_id=T-dbt-job-dimensions, task_id=dbt_clone_and_transform-dimensions, execution_date=20220612T171603, start_date=20220612T171604, end_date=20220612T171647
[2022-06-12 17:16:47,253] {local_task_job.py:156} INFO - Task exited with return code 0
[2022-06-12 17:16:47,282] {local_task_job.py:273} INFO - 1 downstream tasks scheduled from follow-on schedule check
