[2022-06-12 18:03:03,433] {taskinstance.py:1159} INFO - Dependencies all met for <TaskInstance: T-dbt-job-objects.dbt_clone_and_transform-objects scheduled__2022-06-12T16:03:02.628024+00:00 [queued]>
[2022-06-12 18:03:03,445] {taskinstance.py:1159} INFO - Dependencies all met for <TaskInstance: T-dbt-job-objects.dbt_clone_and_transform-objects scheduled__2022-06-12T16:03:02.628024+00:00 [queued]>
[2022-06-12 18:03:03,445] {taskinstance.py:1356} INFO - 
--------------------------------------------------------------------------------
[2022-06-12 18:03:03,445] {taskinstance.py:1357} INFO - Starting attempt 1 of 2
[2022-06-12 18:03:03,445] {taskinstance.py:1358} INFO - 
--------------------------------------------------------------------------------
[2022-06-12 18:03:03,459] {taskinstance.py:1377} INFO - Executing <Task(BashOperator): dbt_clone_and_transform-objects> on 2022-06-12 16:03:02.628024+00:00
[2022-06-12 18:03:03,463] {standard_task_runner.py:52} INFO - Started process 5239 to run task
[2022-06-12 18:03:03,466] {standard_task_runner.py:79} INFO - Running: ['airflow', 'tasks', 'run', 'T-dbt-job-objects', 'dbt_clone_and_transform-objects', 'scheduled__2022-06-12T16:03:02.628024+00:00', '--job-id', '201', '--raw', '--subdir', 'DAGS_FOLDER/docker_job/dbt_model.py', '--cfg-path', '/tmp/tmpafzcsz2f', '--error-file', '/tmp/tmpohzfqic7']
[2022-06-12 18:03:03,467] {standard_task_runner.py:80} INFO - Job 201: Subtask dbt_clone_and_transform-objects
[2022-06-12 18:03:03,481] {warnings.py:110} WARNING - /home/airflow/.local/lib/python3.7/site-packages/airflow/configuration.py:525: DeprecationWarning: The sql_alchemy_conn option in [core] has been moved to the sql_alchemy_conn option in [database] - the old setting has been used, but please update your config.
  option = self._get_environment_variables(deprecated_key, deprecated_section, key, section)

[2022-06-12 18:03:03,527] {task_command.py:370} INFO - Running <TaskInstance: T-dbt-job-objects.dbt_clone_and_transform-objects scheduled__2022-06-12T16:03:02.628024+00:00 [running]> on host e926c0944008
[2022-06-12 18:03:03,610] {taskinstance.py:1571} INFO - Exporting the following env vars:
AIRFLOW_CTX_DAG_EMAIL=samuelolle@yahoo.com
AIRFLOW_CTX_DAG_OWNER=airflow
AIRFLOW_CTX_DAG_ID=T-dbt-job-objects
AIRFLOW_CTX_TASK_ID=dbt_clone_and_transform-objects
AIRFLOW_CTX_EXECUTION_DATE=2022-06-12T16:03:02.628024+00:00
AIRFLOW_CTX_TRY_NUMBER=1
AIRFLOW_CTX_DAG_RUN_ID=scheduled__2022-06-12T16:03:02.628024+00:00
[2022-06-12 18:03:03,611] {subprocess.py:62} INFO - Tmp dir root location: 
 /tmp
[2022-06-12 18:03:03,612] {subprocess.py:74} INFO - Running command: ['bash', '-c', " rm -rf /tmp/objects && mkdir /tmp/objects                            && cp -r /tmp/dbt /tmp/objects/dbt                             && cd /tmp/objects/dbt && python3 -m venv venv                             && export PIP_USER=false                             && *** /tmp/objects/dbt/venv/bin/activate                             && pip  install --quiet --upgrade pip setuptools                             && pip3 install --quiet 'MarkupSafe<=2.0.1' 'dbt-postgres' 'dbt-core'                             && dbt --version && deactivate                             && cd /tmp/objects/dbt && *** /tmp/objects/dbt/venv/bin/activate                             && dbt deps --profiles-dir /tmp/objects/dbt/ && dbt seed --profiles-dir /tmp/objects/dbt/                             && dbt run --models objects --profiles-dir /tmp/objects/dbt/"]
[2022-06-12 18:03:03,624] {subprocess.py:85} INFO - Output:
[2022-06-12 18:03:38,312] {subprocess.py:92} INFO - Core:
[2022-06-12 18:03:38,312] {subprocess.py:92} INFO -   - installed: 1.1.0
[2022-06-12 18:03:38,312] {subprocess.py:92} INFO -   - latest:    1.1.0 - [32mUp to date![0m
[2022-06-12 18:03:38,312] {subprocess.py:92} INFO - 
[2022-06-12 18:03:38,312] {subprocess.py:92} INFO - Plugins:
[2022-06-12 18:03:38,312] {subprocess.py:92} INFO -   - postgres: 1.1.0 - [32mUp to date![0m
[2022-06-12 18:03:41,280] {subprocess.py:92} INFO - [0m18:03:41  Running with dbt=1.1.0
[2022-06-12 18:03:41,280] {subprocess.py:92} INFO - [0m18:03:41  Warning: No packages were found in packages.yml
[2022-06-12 18:03:45,749] {subprocess.py:92} INFO - [0m18:03:45  Running with dbt=1.1.0
[2022-06-12 18:03:45,764] {subprocess.py:92} INFO - [0m18:03:45  Partial parse save file not found. Starting full parse.
[2022-06-12 18:03:46,459] {subprocess.py:92} INFO - [0m18:03:46  [WARNING]: Configuration paths exist in your dbt_project.yml file which do not apply to any re***s.
[2022-06-12 18:03:46,459] {subprocess.py:92} INFO - There are 1 unused configuration paths:
[2022-06-12 18:03:46,459] {subprocess.py:92} INFO - - seeds.SAM
[2022-06-12 18:03:46,459] {subprocess.py:92} INFO - 
[2022-06-12 18:03:46,482] {subprocess.py:92} INFO - [0m18:03:46  Found 6 models, 6 tests, 0 snapshots, 0 analyses, 172 macros, 6 operations, 0 seed files, 4 ***s, 0 exposures, 0 metrics
[2022-06-12 18:03:46,486] {subprocess.py:92} INFO - [0m18:03:46
[2022-06-12 18:03:46,487] {subprocess.py:92} INFO - [0m18:03:46  [WARNING]: Nothing to do. Try checking your model configs and model specification args
[2022-06-12 18:03:46,495] {subprocess.py:92} INFO - [0m18:03:46
[2022-06-12 18:03:46,496] {subprocess.py:92} INFO - [0m18:03:46  Completed successfully
[2022-06-12 18:03:46,496] {subprocess.py:92} INFO - [0m18:03:46
[2022-06-12 18:03:46,496] {subprocess.py:92} INFO - [0m18:03:46  Done. PASS=0 WARN=0 ERROR=0 SKIP=0 TOTAL=0
[2022-06-12 18:03:49,817] {subprocess.py:92} INFO - [0m18:03:49  Running with dbt=1.1.0
[2022-06-12 18:03:49,859] {subprocess.py:92} INFO - [0m18:03:49  [WARNING]: Configuration paths exist in your dbt_project.yml file which do not apply to any re***s.
[2022-06-12 18:03:49,859] {subprocess.py:92} INFO - There are 1 unused configuration paths:
[2022-06-12 18:03:49,859] {subprocess.py:92} INFO - - seeds.SAM
[2022-06-12 18:03:49,859] {subprocess.py:92} INFO - 
[2022-06-12 18:03:49,878] {subprocess.py:92} INFO - [0m18:03:49  Found 6 models, 6 tests, 0 snapshots, 0 analyses, 172 macros, 6 operations, 0 seed files, 4 ***s, 0 exposures, 0 metrics
[2022-06-12 18:03:49,882] {subprocess.py:92} INFO - [0m18:03:49
[2022-06-12 18:03:49,960] {subprocess.py:92} INFO - [0m18:03:49  Concurrency: 4 threads (target='dev')
[2022-06-12 18:03:49,960] {subprocess.py:92} INFO - [0m18:03:49
[2022-06-12 18:03:49,968] {subprocess.py:92} INFO - [0m18:03:49  1 of 2 START table model analytics_objects.obj_users ........................... [RUN]
[2022-06-12 18:03:49,974] {subprocess.py:92} INFO - [0m18:03:49  2 of 2 START table model analytics_objects.obj_walls ........................... [RUN]
[2022-06-12 18:03:50,090] {subprocess.py:92} INFO - [0m18:03:50  2 of 2 OK created table model analytics_objects.obj_walls ...................... [SELECT 12 in 0.12s]
[2022-06-12 18:03:50,092] {subprocess.py:92} INFO - [0m18:03:50  1 of 2 OK created table model analytics_objects.obj_users ...................... [SELECT 15 in 0.12s]
[2022-06-12 18:03:50,182] {subprocess.py:92} INFO - [0m18:03:50
[2022-06-12 18:03:50,182] {subprocess.py:92} INFO - [0m18:03:50  Running 6 on-run-end hooks
[2022-06-12 18:03:50,189] {subprocess.py:92} INFO - [0m18:03:50  1 of 6 START hook: SAM.on-run-end.0 ............................................ [RUN]
[2022-06-12 18:03:50,192] {subprocess.py:92} INFO - [0m18:03:50  1 of 6 OK hook: SAM.on-run-end.0 ............................................... [ALTER DEFAULT PRIVILEGES in 0.00s]
[2022-06-12 18:03:50,199] {subprocess.py:92} INFO - [0m18:03:50  2 of 6 START hook: SAM.on-run-end.1 ............................................ [RUN]
[2022-06-12 18:03:50,201] {subprocess.py:92} INFO - [0m18:03:50  2 of 6 OK hook: SAM.on-run-end.1 ............................................... [ALTER DEFAULT PRIVILEGES in 0.00s]
[2022-06-12 18:03:50,205] {subprocess.py:92} INFO - [0m18:03:50  3 of 6 START hook: SAM.on-run-end.2 ............................................ [RUN]
[2022-06-12 18:03:50,209] {subprocess.py:92} INFO - [0m18:03:50  3 of 6 OK hook: SAM.on-run-end.2 ............................................... [ALTER DEFAULT PRIVILEGES in 0.00s]
[2022-06-12 18:03:50,216] {subprocess.py:92} INFO - [0m18:03:50  4 of 6 START hook: SAM.on-run-end.3 ............................................ [RUN]
[2022-06-12 18:03:50,219] {subprocess.py:92} INFO - [0m18:03:50  4 of 6 OK hook: SAM.on-run-end.3 ............................................... [ALTER DEFAULT PRIVILEGES in 0.00s]
[2022-06-12 18:03:50,224] {subprocess.py:92} INFO - [0m18:03:50  5 of 6 START hook: SAM.on-run-end.4 ............................................ [RUN]
[2022-06-12 18:03:50,228] {subprocess.py:92} INFO - [0m18:03:50  5 of 6 OK hook: SAM.on-run-end.4 ............................................... [ALTER DEFAULT PRIVILEGES in 0.00s]
[2022-06-12 18:03:50,232] {subprocess.py:92} INFO - [0m18:03:50  6 of 6 START hook: SAM.on-run-end.5 ............................................ [RUN]
[2022-06-12 18:03:50,237] {subprocess.py:92} INFO - [0m18:03:50  6 of 6 OK hook: SAM.on-run-end.5 ............................................... [ALTER DEFAULT PRIVILEGES in 0.00s]
[2022-06-12 18:03:50,239] {subprocess.py:92} INFO - [0m18:03:50
[2022-06-12 18:03:50,241] {subprocess.py:92} INFO - [0m18:03:50
[2022-06-12 18:03:50,242] {subprocess.py:92} INFO - [0m18:03:50  Finished running 2 table models, 6 hooks in 0.36s.
[2022-06-12 18:03:50,254] {subprocess.py:92} INFO - [0m18:03:50
[2022-06-12 18:03:50,254] {subprocess.py:92} INFO - [0m18:03:50  Completed successfully
[2022-06-12 18:03:50,255] {subprocess.py:92} INFO - [0m18:03:50
[2022-06-12 18:03:50,256] {subprocess.py:92} INFO - [0m18:03:50  Done. PASS=2 WARN=0 ERROR=0 SKIP=0 TOTAL=2
[2022-06-12 18:03:50,508] {subprocess.py:96} INFO - Command exited with return code 0
[2022-06-12 18:03:50,552] {taskinstance.py:1400} INFO - Marking task as SUCCESS. dag_id=T-dbt-job-objects, task_id=dbt_clone_and_transform-objects, execution_date=20220612T160302, start_date=20220612T180303, end_date=20220612T180350
[2022-06-12 18:03:50,583] {local_task_job.py:156} INFO - Task exited with return code 0
[2022-06-12 18:03:50,618] {local_task_job.py:273} INFO - 1 downstream tasks scheduled from follow-on schedule check
