[2022-06-12 03:04:14,047] {taskinstance.py:1159} INFO - Dependencies all met for <TaskInstance: T-dbt-job-dimensions.dbt_clone_and_transform-dimensions scheduled__2022-06-12T01:04:13.222472+00:00 [queued]>
[2022-06-12 03:04:14,059] {taskinstance.py:1159} INFO - Dependencies all met for <TaskInstance: T-dbt-job-dimensions.dbt_clone_and_transform-dimensions scheduled__2022-06-12T01:04:13.222472+00:00 [queued]>
[2022-06-12 03:04:14,059] {taskinstance.py:1356} INFO - 
--------------------------------------------------------------------------------
[2022-06-12 03:04:14,060] {taskinstance.py:1357} INFO - Starting attempt 1 of 2
[2022-06-12 03:04:14,060] {taskinstance.py:1358} INFO - 
--------------------------------------------------------------------------------
[2022-06-12 03:04:14,073] {taskinstance.py:1377} INFO - Executing <Task(BashOperator): dbt_clone_and_transform-dimensions> on 2022-06-12 01:04:13.222472+00:00
[2022-06-12 03:04:14,078] {standard_task_runner.py:52} INFO - Started process 3077 to run task
[2022-06-12 03:04:14,081] {standard_task_runner.py:79} INFO - Running: ['airflow', 'tasks', 'run', 'T-dbt-job-dimensions', 'dbt_clone_and_transform-dimensions', 'scheduled__2022-06-12T01:04:13.222472+00:00', '--job-id', '86', '--raw', '--subdir', 'DAGS_FOLDER/docker_job/dbt_model.py', '--cfg-path', '/tmp/tmp5z0idm8n', '--error-file', '/tmp/tmp24l0rmdq']
[2022-06-12 03:04:14,082] {standard_task_runner.py:80} INFO - Job 86: Subtask dbt_clone_and_transform-dimensions
[2022-06-12 03:04:14,094] {warnings.py:110} WARNING - /home/airflow/.local/lib/python3.7/site-packages/airflow/configuration.py:525: DeprecationWarning: The sql_alchemy_conn option in [core] has been moved to the sql_alchemy_conn option in [database] - the old setting has been used, but please update your config.
  option = self._get_environment_variables(deprecated_key, deprecated_section, key, section)

[2022-06-12 03:04:14,136] {task_command.py:370} INFO - Running <TaskInstance: T-dbt-job-dimensions.dbt_clone_and_transform-dimensions scheduled__2022-06-12T01:04:13.222472+00:00 [running]> on host e926c0944008
[2022-06-12 03:04:14,201] {taskinstance.py:1571} INFO - Exporting the following env vars:
AIRFLOW_CTX_DAG_EMAIL=samuelolle@yahoo.com
AIRFLOW_CTX_DAG_OWNER=airflow
AIRFLOW_CTX_DAG_ID=T-dbt-job-dimensions
AIRFLOW_CTX_TASK_ID=dbt_clone_and_transform-dimensions
AIRFLOW_CTX_EXECUTION_DATE=2022-06-12T01:04:13.222472+00:00
AIRFLOW_CTX_TRY_NUMBER=1
AIRFLOW_CTX_DAG_RUN_ID=scheduled__2022-06-12T01:04:13.222472+00:00
[2022-06-12 03:04:14,202] {subprocess.py:62} INFO - Tmp dir root location: 
 /tmp
[2022-06-12 03:04:14,202] {subprocess.py:74} INFO - Running command: ['bash', '-c', " rm -rf /tmp/dimensions && mkdir /tmp/dimensions                            && cp -r /tmp/dbt /tmp/dimensions/dbt                             && cd /tmp/dimensions/dbt && python3 -m venv venv                             && export PIP_USER=false                             && *** /tmp/dimensions/dbt/venv/bin/activate                             && pip  install --quiet --upgrade pip setuptools                             && pip3 install --quiet 'MarkupSafe<=2.0.1' 'dbt-postgres' 'dbt-core'                             && dbt --version && deactivate                             && cd /tmp/dimensions/dbt && *** /tmp/dimensions/dbt/venv/bin/activate                             && dbt deps --profiles-dir /tmp/dimensions/dbt/ && dbt seed --profiles-dir /tmp/dimensions/dbt/                             && dbt run --models dimensions --profiles-dir /tmp/dimensions/dbt/"]
[2022-06-12 03:04:14,213] {subprocess.py:85} INFO - Output:
[2022-06-12 03:04:51,000] {subprocess.py:92} INFO - Core:
[2022-06-12 03:04:51,000] {subprocess.py:92} INFO -   - installed: 1.1.0
[2022-06-12 03:04:51,000] {subprocess.py:92} INFO -   - latest:    1.1.0 - [32mUp to date![0m
[2022-06-12 03:04:51,000] {subprocess.py:92} INFO - 
[2022-06-12 03:04:51,000] {subprocess.py:92} INFO - Plugins:
[2022-06-12 03:04:51,000] {subprocess.py:92} INFO -   - postgres: 1.1.0 - [32mUp to date![0m
[2022-06-12 03:04:53,917] {subprocess.py:92} INFO - [0m03:04:53  Running with dbt=1.1.0
[2022-06-12 03:04:53,920] {subprocess.py:92} INFO - [0m03:04:53  Warning: No packages were found in packages.yml
[2022-06-12 03:04:56,870] {subprocess.py:92} INFO - [0m03:04:56  Running with dbt=1.1.0
[2022-06-12 03:04:56,886] {subprocess.py:92} INFO - [0m03:04:56  Partial parse save file not found. Starting full parse.
[2022-06-12 03:04:57,523] {subprocess.py:92} INFO - [0m03:04:57  [WARNING]: Configuration paths exist in your dbt_project.yml file which do not apply to any re***s.
[2022-06-12 03:04:57,524] {subprocess.py:92} INFO - There are 1 unused configuration paths:
[2022-06-12 03:04:57,524] {subprocess.py:92} INFO - - seeds.SAM
[2022-06-12 03:04:57,524] {subprocess.py:92} INFO - 
[2022-06-12 03:04:57,535] {subprocess.py:92} INFO - [0m03:04:57  Found 5 models, 6 tests, 0 snapshots, 0 analyses, 172 macros, 6 operations, 0 seed files, 4 ***s, 0 exposures, 0 metrics
[2022-06-12 03:04:57,536] {subprocess.py:92} INFO - [0m03:04:57
[2022-06-12 03:04:57,537] {subprocess.py:92} INFO - [0m03:04:57  [WARNING]: Nothing to do. Try checking your model configs and model specification args
[2022-06-12 03:04:57,543] {subprocess.py:92} INFO - [0m03:04:57
[2022-06-12 03:04:57,543] {subprocess.py:92} INFO - [0m03:04:57  Completed successfully
[2022-06-12 03:04:57,543] {subprocess.py:92} INFO - [0m03:04:57
[2022-06-12 03:04:57,544] {subprocess.py:92} INFO - [0m03:04:57  Done. PASS=0 WARN=0 ERROR=0 SKIP=0 TOTAL=0
[2022-06-12 03:05:00,455] {subprocess.py:92} INFO - [0m03:05:00  Running with dbt=1.1.0
[2022-06-12 03:05:00,487] {subprocess.py:92} INFO - [0m03:05:00  [WARNING]: Configuration paths exist in your dbt_project.yml file which do not apply to any re***s.
[2022-06-12 03:05:00,488] {subprocess.py:92} INFO - There are 1 unused configuration paths:
[2022-06-12 03:05:00,488] {subprocess.py:92} INFO - - seeds.SAM
[2022-06-12 03:05:00,488] {subprocess.py:92} INFO - 
[2022-06-12 03:05:00,501] {subprocess.py:92} INFO - [0m03:05:00  Found 5 models, 6 tests, 0 snapshots, 0 analyses, 172 macros, 6 operations, 0 seed files, 4 ***s, 0 exposures, 0 metrics
[2022-06-12 03:05:00,502] {subprocess.py:92} INFO - [0m03:05:00
[2022-06-12 03:05:00,570] {subprocess.py:92} INFO - [0m03:05:00  Concurrency: 4 threads (target='dev')
[2022-06-12 03:05:00,571] {subprocess.py:92} INFO - [0m03:05:00
[2022-06-12 03:05:00,581] {subprocess.py:92} INFO - [0m03:05:00  1 of 2 START table model analytics_dim.dim_date ................................ [RUN]
[2022-06-12 03:05:00,585] {subprocess.py:92} INFO - [0m03:05:00  2 of 2 START incremental model analytics_dim.dim_walls ......................... [RUN]
[2022-06-12 03:05:00,750] {subprocess.py:92} INFO - [0m03:05:00  1 of 2 OK created table model analytics_dim.dim_date ........................... [SELECT 546 in 0.17s]
[2022-06-12 03:05:00,755] {subprocess.py:92} INFO - [0m03:05:00  2 of 2 OK created incremental model analytics_dim.dim_walls .................... [INSERT 0 0 in 0.17s]
[2022-06-12 03:05:00,785] {subprocess.py:92} INFO - [0m03:05:00
[2022-06-12 03:05:00,786] {subprocess.py:92} INFO - [0m03:05:00  Running 6 on-run-end hooks
[2022-06-12 03:05:00,795] {subprocess.py:92} INFO - [0m03:05:00  1 of 6 START hook: SAM.on-run-end.0 ............................................ [RUN]
[2022-06-12 03:05:00,797] {subprocess.py:92} INFO - [0m03:05:00  1 of 6 OK hook: SAM.on-run-end.0 ............................................... [ALTER DEFAULT PRIVILEGES in 0.00s]
[2022-06-12 03:05:00,802] {subprocess.py:92} INFO - [0m03:05:00  2 of 6 START hook: SAM.on-run-end.1 ............................................ [RUN]
[2022-06-12 03:05:00,804] {subprocess.py:92} INFO - [0m03:05:00  2 of 6 OK hook: SAM.on-run-end.1 ............................................... [ALTER DEFAULT PRIVILEGES in 0.00s]
[2022-06-12 03:05:00,809] {subprocess.py:92} INFO - [0m03:05:00  3 of 6 START hook: SAM.on-run-end.2 ............................................ [RUN]
[2022-06-12 03:05:00,812] {subprocess.py:92} INFO - [0m03:05:00  3 of 6 OK hook: SAM.on-run-end.2 ............................................... [ALTER DEFAULT PRIVILEGES in 0.00s]
[2022-06-12 03:05:00,817] {subprocess.py:92} INFO - [0m03:05:00  4 of 6 START hook: SAM.on-run-end.3 ............................................ [RUN]
[2022-06-12 03:05:00,819] {subprocess.py:92} INFO - [0m03:05:00  4 of 6 OK hook: SAM.on-run-end.3 ............................................... [ALTER DEFAULT PRIVILEGES in 0.00s]
[2022-06-12 03:05:00,823] {subprocess.py:92} INFO - [0m03:05:00  5 of 6 START hook: SAM.on-run-end.4 ............................................ [RUN]
[2022-06-12 03:05:00,825] {subprocess.py:92} INFO - [0m03:05:00  5 of 6 OK hook: SAM.on-run-end.4 ............................................... [ALTER DEFAULT PRIVILEGES in 0.00s]
[2022-06-12 03:05:00,829] {subprocess.py:92} INFO - [0m03:05:00  6 of 6 START hook: SAM.on-run-end.5 ............................................ [RUN]
[2022-06-12 03:05:00,832] {subprocess.py:92} INFO - [0m03:05:00  6 of 6 OK hook: SAM.on-run-end.5 ............................................... [ALTER DEFAULT PRIVILEGES in 0.00s]
[2022-06-12 03:05:00,832] {subprocess.py:92} INFO - [0m03:05:00
[2022-06-12 03:05:00,835] {subprocess.py:92} INFO - [0m03:05:00
[2022-06-12 03:05:00,835] {subprocess.py:92} INFO - [0m03:05:00  Finished running 1 table model, 1 incremental model, 6 hooks in 0.33s.
[2022-06-12 03:05:00,841] {subprocess.py:92} INFO - [0m03:05:00
[2022-06-12 03:05:00,841] {subprocess.py:92} INFO - [0m03:05:00  Completed successfully
[2022-06-12 03:05:00,842] {subprocess.py:92} INFO - [0m03:05:00
[2022-06-12 03:05:00,842] {subprocess.py:92} INFO - [0m03:05:00  Done. PASS=2 WARN=0 ERROR=0 SKIP=0 TOTAL=2
[2022-06-12 03:05:01,040] {subprocess.py:96} INFO - Command exited with return code 0
[2022-06-12 03:05:01,071] {taskinstance.py:1400} INFO - Marking task as SUCCESS. dag_id=T-dbt-job-dimensions, task_id=dbt_clone_and_transform-dimensions, execution_date=20220612T010413, start_date=20220612T030414, end_date=20220612T030501
[2022-06-12 03:05:01,122] {local_task_job.py:156} INFO - Task exited with return code 0
[2022-06-12 03:05:01,153] {local_task_job.py:273} INFO - 1 downstream tasks scheduled from follow-on schedule check
