[2022-06-12 05:04:13,555] {taskinstance.py:1159} INFO - Dependencies all met for <TaskInstance: T-dbt-job-dimensions.dbt_clone_and_transform-dimensions scheduled__2022-06-12T03:04:13.222472+00:00 [queued]>
[2022-06-12 05:04:13,564] {taskinstance.py:1159} INFO - Dependencies all met for <TaskInstance: T-dbt-job-dimensions.dbt_clone_and_transform-dimensions scheduled__2022-06-12T03:04:13.222472+00:00 [queued]>
[2022-06-12 05:04:13,564] {taskinstance.py:1356} INFO - 
--------------------------------------------------------------------------------
[2022-06-12 05:04:13,564] {taskinstance.py:1357} INFO - Starting attempt 1 of 2
[2022-06-12 05:04:13,564] {taskinstance.py:1358} INFO - 
--------------------------------------------------------------------------------
[2022-06-12 05:04:13,575] {taskinstance.py:1377} INFO - Executing <Task(BashOperator): dbt_clone_and_transform-dimensions> on 2022-06-12 03:04:13.222472+00:00
[2022-06-12 05:04:13,581] {standard_task_runner.py:52} INFO - Started process 3337 to run task
[2022-06-12 05:04:13,584] {standard_task_runner.py:79} INFO - Running: ['airflow', 'tasks', 'run', 'T-dbt-job-dimensions', 'dbt_clone_and_transform-dimensions', 'scheduled__2022-06-12T03:04:13.222472+00:00', '--job-id', '96', '--raw', '--subdir', 'DAGS_FOLDER/docker_job/dbt_model.py', '--cfg-path', '/tmp/tmpv0btgex6', '--error-file', '/tmp/tmpnybee6ez']
[2022-06-12 05:04:13,585] {standard_task_runner.py:80} INFO - Job 96: Subtask dbt_clone_and_transform-dimensions
[2022-06-12 05:04:13,596] {warnings.py:110} WARNING - /home/airflow/.local/lib/python3.7/site-packages/airflow/configuration.py:525: DeprecationWarning: The sql_alchemy_conn option in [core] has been moved to the sql_alchemy_conn option in [database] - the old setting has been used, but please update your config.
  option = self._get_environment_variables(deprecated_key, deprecated_section, key, section)

[2022-06-12 05:04:13,635] {task_command.py:370} INFO - Running <TaskInstance: T-dbt-job-dimensions.dbt_clone_and_transform-dimensions scheduled__2022-06-12T03:04:13.222472+00:00 [running]> on host e926c0944008
[2022-06-12 05:04:13,699] {taskinstance.py:1571} INFO - Exporting the following env vars:
AIRFLOW_CTX_DAG_EMAIL=samuelolle@yahoo.com
AIRFLOW_CTX_DAG_OWNER=airflow
AIRFLOW_CTX_DAG_ID=T-dbt-job-dimensions
AIRFLOW_CTX_TASK_ID=dbt_clone_and_transform-dimensions
AIRFLOW_CTX_EXECUTION_DATE=2022-06-12T03:04:13.222472+00:00
AIRFLOW_CTX_TRY_NUMBER=1
AIRFLOW_CTX_DAG_RUN_ID=scheduled__2022-06-12T03:04:13.222472+00:00
[2022-06-12 05:04:13,700] {subprocess.py:62} INFO - Tmp dir root location: 
 /tmp
[2022-06-12 05:04:13,700] {subprocess.py:74} INFO - Running command: ['bash', '-c', " rm -rf /tmp/dimensions && mkdir /tmp/dimensions                            && cp -r /tmp/dbt /tmp/dimensions/dbt                             && cd /tmp/dimensions/dbt && python3 -m venv venv                             && export PIP_USER=false                             && *** /tmp/dimensions/dbt/venv/bin/activate                             && pip  install --quiet --upgrade pip setuptools                             && pip3 install --quiet 'MarkupSafe<=2.0.1' 'dbt-postgres' 'dbt-core'                             && dbt --version && deactivate                             && cd /tmp/dimensions/dbt && *** /tmp/dimensions/dbt/venv/bin/activate                             && dbt deps --profiles-dir /tmp/dimensions/dbt/ && dbt seed --profiles-dir /tmp/dimensions/dbt/                             && dbt run --models dimensions --profiles-dir /tmp/dimensions/dbt/"]
[2022-06-12 05:04:13,710] {subprocess.py:85} INFO - Output:
[2022-06-12 05:04:45,703] {subprocess.py:92} INFO - Core:
[2022-06-12 05:04:45,703] {subprocess.py:92} INFO -   - installed: 1.1.0
[2022-06-12 05:04:45,703] {subprocess.py:92} INFO -   - latest:    1.1.0 - [32mUp to date![0m
[2022-06-12 05:04:45,704] {subprocess.py:92} INFO - 
[2022-06-12 05:04:45,704] {subprocess.py:92} INFO - Plugins:
[2022-06-12 05:04:45,704] {subprocess.py:92} INFO -   - postgres: 1.1.0 - [32mUp to date![0m
[2022-06-12 05:04:48,320] {subprocess.py:92} INFO - [0m05:04:48  Running with dbt=1.1.0
[2022-06-12 05:04:48,321] {subprocess.py:92} INFO - [0m05:04:48  Warning: No packages were found in packages.yml
[2022-06-12 05:04:51,076] {subprocess.py:92} INFO - [0m05:04:51  Running with dbt=1.1.0
[2022-06-12 05:04:51,089] {subprocess.py:92} INFO - [0m05:04:51  Partial parse save file not found. Starting full parse.
[2022-06-12 05:04:51,663] {subprocess.py:92} INFO - [0m05:04:51  [WARNING]: Configuration paths exist in your dbt_project.yml file which do not apply to any re***s.
[2022-06-12 05:04:51,663] {subprocess.py:92} INFO - There are 1 unused configuration paths:
[2022-06-12 05:04:51,663] {subprocess.py:92} INFO - - seeds.SAM
[2022-06-12 05:04:51,663] {subprocess.py:92} INFO - 
[2022-06-12 05:04:51,674] {subprocess.py:92} INFO - [0m05:04:51  Found 5 models, 6 tests, 0 snapshots, 0 analyses, 172 macros, 6 operations, 0 seed files, 4 ***s, 0 exposures, 0 metrics
[2022-06-12 05:04:51,675] {subprocess.py:92} INFO - [0m05:04:51
[2022-06-12 05:04:51,675] {subprocess.py:92} INFO - [0m05:04:51  [WARNING]: Nothing to do. Try checking your model configs and model specification args
[2022-06-12 05:04:51,681] {subprocess.py:92} INFO - [0m05:04:51
[2022-06-12 05:04:51,681] {subprocess.py:92} INFO - [0m05:04:51  Completed successfully
[2022-06-12 05:04:51,681] {subprocess.py:92} INFO - [0m05:04:51
[2022-06-12 05:04:51,681] {subprocess.py:92} INFO - [0m05:04:51  Done. PASS=0 WARN=0 ERROR=0 SKIP=0 TOTAL=0
[2022-06-12 05:04:54,335] {subprocess.py:92} INFO - [0m05:04:54  Running with dbt=1.1.0
[2022-06-12 05:04:54,365] {subprocess.py:92} INFO - [0m05:04:54  [WARNING]: Configuration paths exist in your dbt_project.yml file which do not apply to any re***s.
[2022-06-12 05:04:54,365] {subprocess.py:92} INFO - There are 1 unused configuration paths:
[2022-06-12 05:04:54,365] {subprocess.py:92} INFO - - seeds.SAM
[2022-06-12 05:04:54,365] {subprocess.py:92} INFO - 
[2022-06-12 05:04:54,377] {subprocess.py:92} INFO - [0m05:04:54  Found 5 models, 6 tests, 0 snapshots, 0 analyses, 172 macros, 6 operations, 0 seed files, 4 ***s, 0 exposures, 0 metrics
[2022-06-12 05:04:54,378] {subprocess.py:92} INFO - [0m05:04:54
[2022-06-12 05:04:54,432] {subprocess.py:92} INFO - [0m05:04:54  Concurrency: 4 threads (target='dev')
[2022-06-12 05:04:54,432] {subprocess.py:92} INFO - [0m05:04:54
[2022-06-12 05:04:54,440] {subprocess.py:92} INFO - [0m05:04:54  1 of 2 START table model analytics_dim.dim_date ................................ [RUN]
[2022-06-12 05:04:54,441] {subprocess.py:92} INFO - [0m05:04:54  2 of 2 START incremental model analytics_dim.dim_walls ......................... [RUN]
[2022-06-12 05:04:54,588] {subprocess.py:92} INFO - [0m05:04:54  1 of 2 OK created table model analytics_dim.dim_date ........................... [SELECT 546 in 0.14s]
[2022-06-12 05:04:54,594] {subprocess.py:92} INFO - [0m05:04:54  2 of 2 OK created incremental model analytics_dim.dim_walls .................... [INSERT 0 0 in 0.15s]
[2022-06-12 05:04:54,663] {subprocess.py:92} INFO - [0m05:04:54
[2022-06-12 05:04:54,664] {subprocess.py:92} INFO - [0m05:04:54  Running 6 on-run-end hooks
[2022-06-12 05:04:54,681] {subprocess.py:92} INFO - [0m05:04:54  1 of 6 START hook: SAM.on-run-end.0 ............................................ [RUN]
[2022-06-12 05:04:54,686] {subprocess.py:92} INFO - [0m05:04:54  1 of 6 OK hook: SAM.on-run-end.0 ............................................... [ALTER DEFAULT PRIVILEGES in 0.00s]
[2022-06-12 05:04:54,693] {subprocess.py:92} INFO - [0m05:04:54  2 of 6 START hook: SAM.on-run-end.1 ............................................ [RUN]
[2022-06-12 05:04:54,696] {subprocess.py:92} INFO - [0m05:04:54  2 of 6 OK hook: SAM.on-run-end.1 ............................................... [ALTER DEFAULT PRIVILEGES in 0.00s]
[2022-06-12 05:04:54,700] {subprocess.py:92} INFO - [0m05:04:54  3 of 6 START hook: SAM.on-run-end.2 ............................................ [RUN]
[2022-06-12 05:04:54,702] {subprocess.py:92} INFO - [0m05:04:54  3 of 6 OK hook: SAM.on-run-end.2 ............................................... [ALTER DEFAULT PRIVILEGES in 0.00s]
[2022-06-12 05:04:54,706] {subprocess.py:92} INFO - [0m05:04:54  4 of 6 START hook: SAM.on-run-end.3 ............................................ [RUN]
[2022-06-12 05:04:54,708] {subprocess.py:92} INFO - [0m05:04:54  4 of 6 OK hook: SAM.on-run-end.3 ............................................... [ALTER DEFAULT PRIVILEGES in 0.00s]
[2022-06-12 05:04:54,711] {subprocess.py:92} INFO - [0m05:04:54  5 of 6 START hook: SAM.on-run-end.4 ............................................ [RUN]
[2022-06-12 05:04:54,713] {subprocess.py:92} INFO - [0m05:04:54  5 of 6 OK hook: SAM.on-run-end.4 ............................................... [ALTER DEFAULT PRIVILEGES in 0.00s]
[2022-06-12 05:04:54,716] {subprocess.py:92} INFO - [0m05:04:54  6 of 6 START hook: SAM.on-run-end.5 ............................................ [RUN]
[2022-06-12 05:04:54,718] {subprocess.py:92} INFO - [0m05:04:54  6 of 6 OK hook: SAM.on-run-end.5 ............................................... [ALTER DEFAULT PRIVILEGES in 0.00s]
[2022-06-12 05:04:54,718] {subprocess.py:92} INFO - [0m05:04:54
[2022-06-12 05:04:54,719] {subprocess.py:92} INFO - [0m05:04:54
[2022-06-12 05:04:54,719] {subprocess.py:92} INFO - [0m05:04:54  Finished running 1 table model, 1 incremental model, 6 hooks in 0.34s.
[2022-06-12 05:04:54,725] {subprocess.py:92} INFO - [0m05:04:54
[2022-06-12 05:04:54,725] {subprocess.py:92} INFO - [0m05:04:54  Completed successfully
[2022-06-12 05:04:54,726] {subprocess.py:92} INFO - [0m05:04:54
[2022-06-12 05:04:54,726] {subprocess.py:92} INFO - [0m05:04:54  Done. PASS=2 WARN=0 ERROR=0 SKIP=0 TOTAL=2
[2022-06-12 05:04:54,864] {subprocess.py:96} INFO - Command exited with return code 0
[2022-06-12 05:04:54,891] {taskinstance.py:1400} INFO - Marking task as SUCCESS. dag_id=T-dbt-job-dimensions, task_id=dbt_clone_and_transform-dimensions, execution_date=20220612T030413, start_date=20220612T050413, end_date=20220612T050454
[2022-06-12 05:04:54,928] {local_task_job.py:156} INFO - Task exited with return code 0
[2022-06-12 05:04:54,955] {local_task_job.py:273} INFO - 0 downstream tasks scheduled from follow-on schedule check
