[2022-06-19 22:29:24,730] {taskinstance.py:1159} INFO - Dependencies all met for <TaskInstance: T-dbt-job-facts.dbt_clone_and_transform-facts scheduled__2022-06-19T20:28:59.903583+00:00 [queued]>
[2022-06-19 22:29:24,739] {taskinstance.py:1159} INFO - Dependencies all met for <TaskInstance: T-dbt-job-facts.dbt_clone_and_transform-facts scheduled__2022-06-19T20:28:59.903583+00:00 [queued]>
[2022-06-19 22:29:24,739] {taskinstance.py:1356} INFO - 
--------------------------------------------------------------------------------
[2022-06-19 22:29:24,739] {taskinstance.py:1357} INFO - Starting attempt 1 of 2
[2022-06-19 22:29:24,739] {taskinstance.py:1358} INFO - 
--------------------------------------------------------------------------------
[2022-06-19 22:29:24,752] {taskinstance.py:1377} INFO - Executing <Task(BashOperator): dbt_clone_and_transform-facts> on 2022-06-19 20:28:59.903583+00:00
[2022-06-19 22:29:24,757] {standard_task_runner.py:52} INFO - Started process 1164 to run task
[2022-06-19 22:29:24,760] {standard_task_runner.py:79} INFO - Running: ['airflow', 'tasks', 'run', 'T-dbt-job-facts', 'dbt_clone_and_transform-facts', 'scheduled__2022-06-19T20:28:59.903583+00:00', '--job-id', '47', '--raw', '--subdir', 'DAGS_FOLDER/docker_job/dbt_model.py', '--cfg-path', '/tmp/tmp6ufiqi7w', '--error-file', '/tmp/tmp2h8tpptx']
[2022-06-19 22:29:24,760] {standard_task_runner.py:80} INFO - Job 47: Subtask dbt_clone_and_transform-facts
[2022-06-19 22:29:24,772] {warnings.py:110} WARNING - /home/airflow/.local/lib/python3.7/site-packages/airflow/configuration.py:525: DeprecationWarning: The sql_alchemy_conn option in [core] has been moved to the sql_alchemy_conn option in [database] - the old setting has been used, but please update your config.
  option = self._get_environment_variables(deprecated_key, deprecated_section, key, section)

[2022-06-19 22:29:24,806] {task_command.py:370} INFO - Running <TaskInstance: T-dbt-job-facts.dbt_clone_and_transform-facts scheduled__2022-06-19T20:28:59.903583+00:00 [running]> on host 7cbff6e51e2a
[2022-06-19 22:29:24,867] {taskinstance.py:1571} INFO - Exporting the following env vars:
AIRFLOW_CTX_DAG_EMAIL=samuelolle@yahoo.com
AIRFLOW_CTX_DAG_OWNER=airflow
AIRFLOW_CTX_DAG_ID=T-dbt-job-facts
AIRFLOW_CTX_TASK_ID=dbt_clone_and_transform-facts
AIRFLOW_CTX_EXECUTION_DATE=2022-06-19T20:28:59.903583+00:00
AIRFLOW_CTX_TRY_NUMBER=1
AIRFLOW_CTX_DAG_RUN_ID=scheduled__2022-06-19T20:28:59.903583+00:00
[2022-06-19 22:29:24,868] {subprocess.py:62} INFO - Tmp dir root location: 
 /tmp
[2022-06-19 22:29:24,868] {subprocess.py:74} INFO - Running command: ['bash', '-c', " rm -rf /tmp/facts && mkdir /tmp/facts                            && cp -r /tmp/dbt /tmp/facts/dbt                             && cd /tmp/facts/dbt && python3 -m venv venv                             && export PIP_USER=false                             && *** /tmp/facts/dbt/venv/bin/activate                             && pip  install --quiet --upgrade pip setuptools                             && pip3 install --quiet 'MarkupSafe<=2.0.1' 'dbt-postgres' 'dbt-core'                             && dbt --version && deactivate                             && cd /tmp/facts/dbt && *** /tmp/facts/dbt/venv/bin/activate                             && dbt deps --profiles-dir /tmp/facts/dbt/ && dbt seed --profiles-dir /tmp/facts/dbt/                             && dbt run --models facts --profiles-dir /tmp/facts/dbt/"]
[2022-06-19 22:29:24,878] {subprocess.py:85} INFO - Output:
[2022-06-19 22:29:56,887] {subprocess.py:92} INFO - Core:
[2022-06-19 22:29:56,887] {subprocess.py:92} INFO -   - installed: 1.1.1
[2022-06-19 22:29:56,887] {subprocess.py:92} INFO -   - latest:    1.1.1 - [32mUp to date![0m
[2022-06-19 22:29:56,887] {subprocess.py:92} INFO - 
[2022-06-19 22:29:56,888] {subprocess.py:92} INFO - Plugins:
[2022-06-19 22:29:56,888] {subprocess.py:92} INFO -   - postgres: 1.1.1 - [32mUp to date![0m
[2022-06-19 22:29:59,534] {subprocess.py:92} INFO - [0m22:29:59  Running with dbt=1.1.1
[2022-06-19 22:29:59,535] {subprocess.py:92} INFO - [0m22:29:59  Warning: No packages were found in packages.yml
[2022-06-19 22:30:02,295] {subprocess.py:92} INFO - [0m22:30:02  Running with dbt=1.1.1
[2022-06-19 22:30:02,313] {subprocess.py:92} INFO - [0m22:30:02  Partial parse save file not found. Starting full parse.
[2022-06-19 22:30:02,929] {subprocess.py:92} INFO - [0m22:30:02  [WARNING]: Configuration paths exist in your dbt_project.yml file which do not apply to any re***s.
[2022-06-19 22:30:02,929] {subprocess.py:92} INFO - There are 1 unused configuration paths:
[2022-06-19 22:30:02,929] {subprocess.py:92} INFO - - seeds.SAM
[2022-06-19 22:30:02,929] {subprocess.py:92} INFO - 
[2022-06-19 22:30:02,941] {subprocess.py:92} INFO - [0m22:30:02  Found 10 models, 6 tests, 0 snapshots, 0 analyses, 172 macros, 6 operations, 0 seed files, 4 ***s, 0 exposures, 0 metrics
[2022-06-19 22:30:02,943] {subprocess.py:92} INFO - [0m22:30:02
[2022-06-19 22:30:02,943] {subprocess.py:92} INFO - [0m22:30:02  [WARNING]: Nothing to do. Try checking your model configs and model specification args
[2022-06-19 22:30:02,948] {subprocess.py:92} INFO - [0m22:30:02
[2022-06-19 22:30:02,949] {subprocess.py:92} INFO - [0m22:30:02  Completed successfully
[2022-06-19 22:30:02,949] {subprocess.py:92} INFO - [0m22:30:02
[2022-06-19 22:30:02,949] {subprocess.py:92} INFO - [0m22:30:02  Done. PASS=0 WARN=0 ERROR=0 SKIP=0 TOTAL=0
[2022-06-19 22:30:05,639] {subprocess.py:92} INFO - [0m22:30:05  Running with dbt=1.1.1
[2022-06-19 22:30:05,671] {subprocess.py:92} INFO - [0m22:30:05  [WARNING]: Configuration paths exist in your dbt_project.yml file which do not apply to any re***s.
[2022-06-19 22:30:05,671] {subprocess.py:92} INFO - There are 1 unused configuration paths:
[2022-06-19 22:30:05,672] {subprocess.py:92} INFO - - seeds.SAM
[2022-06-19 22:30:05,672] {subprocess.py:92} INFO - 
[2022-06-19 22:30:05,684] {subprocess.py:92} INFO - [0m22:30:05  Found 10 models, 6 tests, 0 snapshots, 0 analyses, 172 macros, 6 operations, 0 seed files, 4 ***s, 0 exposures, 0 metrics
[2022-06-19 22:30:05,686] {subprocess.py:92} INFO - [0m22:30:05
[2022-06-19 22:30:05,741] {subprocess.py:92} INFO - [0m22:30:05  Concurrency: 4 threads (target='dev')
[2022-06-19 22:30:05,742] {subprocess.py:92} INFO - [0m22:30:05
[2022-06-19 22:30:05,748] {subprocess.py:92} INFO - [0m22:30:05  1 of 1 START table model analytics_objects.fact_wall_user ...................... [RUN]
[2022-06-19 22:30:05,818] {subprocess.py:92} INFO - [0m22:30:05  1 of 1 OK created table model analytics_objects.fact_wall_user ................. [SELECT 18 in 0.07s]
[2022-06-19 22:30:05,864] {subprocess.py:92} INFO - [0m22:30:05
[2022-06-19 22:30:05,865] {subprocess.py:92} INFO - [0m22:30:05  Running 6 on-run-end hooks
[2022-06-19 22:30:05,881] {subprocess.py:92} INFO - [0m22:30:05  1 of 6 START hook: SAM.on-run-end.0 ............................................ [RUN]
[2022-06-19 22:30:05,887] {subprocess.py:92} INFO - [0m22:30:05  1 of 6 OK hook: SAM.on-run-end.0 ............................................... [ALTER DEFAULT PRIVILEGES in 0.00s]
[2022-06-19 22:30:05,895] {subprocess.py:92} INFO - [0m22:30:05  2 of 6 START hook: SAM.on-run-end.1 ............................................ [RUN]
[2022-06-19 22:30:05,898] {subprocess.py:92} INFO - [0m22:30:05  2 of 6 OK hook: SAM.on-run-end.1 ............................................... [ALTER DEFAULT PRIVILEGES in 0.00s]
[2022-06-19 22:30:05,903] {subprocess.py:92} INFO - [0m22:30:05  3 of 6 START hook: SAM.on-run-end.2 ............................................ [RUN]
[2022-06-19 22:30:05,906] {subprocess.py:92} INFO - [0m22:30:05  3 of 6 OK hook: SAM.on-run-end.2 ............................................... [ALTER DEFAULT PRIVILEGES in 0.00s]
[2022-06-19 22:30:05,910] {subprocess.py:92} INFO - [0m22:30:05  4 of 6 START hook: SAM.on-run-end.3 ............................................ [RUN]
[2022-06-19 22:30:05,913] {subprocess.py:92} INFO - [0m22:30:05  4 of 6 OK hook: SAM.on-run-end.3 ............................................... [ALTER DEFAULT PRIVILEGES in 0.00s]
[2022-06-19 22:30:05,916] {subprocess.py:92} INFO - [0m22:30:05  5 of 6 START hook: SAM.on-run-end.4 ............................................ [RUN]
[2022-06-19 22:30:05,919] {subprocess.py:92} INFO - [0m22:30:05  5 of 6 OK hook: SAM.on-run-end.4 ............................................... [ALTER DEFAULT PRIVILEGES in 0.00s]
[2022-06-19 22:30:05,923] {subprocess.py:92} INFO - [0m22:30:05  6 of 6 START hook: SAM.on-run-end.5 ............................................ [RUN]
[2022-06-19 22:30:05,925] {subprocess.py:92} INFO - [0m22:30:05  6 of 6 OK hook: SAM.on-run-end.5 ............................................... [ALTER DEFAULT PRIVILEGES in 0.00s]
[2022-06-19 22:30:05,925] {subprocess.py:92} INFO - [0m22:30:05
[2022-06-19 22:30:05,926] {subprocess.py:92} INFO - [0m22:30:05
[2022-06-19 22:30:05,927] {subprocess.py:92} INFO - [0m22:30:05  Finished running 1 table model, 6 hooks in 0.24s.
[2022-06-19 22:30:05,932] {subprocess.py:92} INFO - [0m22:30:05
[2022-06-19 22:30:05,933] {subprocess.py:92} INFO - [0m22:30:05  Completed successfully
[2022-06-19 22:30:05,933] {subprocess.py:92} INFO - [0m22:30:05
[2022-06-19 22:30:05,933] {subprocess.py:92} INFO - [0m22:30:05  Done. PASS=1 WARN=0 ERROR=0 SKIP=0 TOTAL=1
[2022-06-19 22:30:06,108] {subprocess.py:96} INFO - Command exited with return code 0
[2022-06-19 22:30:06,137] {taskinstance.py:1400} INFO - Marking task as SUCCESS. dag_id=T-dbt-job-facts, task_id=dbt_clone_and_transform-facts, execution_date=20220619T202859, start_date=20220619T222924, end_date=20220619T223006
[2022-06-19 22:30:06,189] {local_task_job.py:156} INFO - Task exited with return code 0
[2022-06-19 22:30:06,218] {local_task_job.py:273} INFO - 1 downstream tasks scheduled from follow-on schedule check
