[2022-06-12 17:11:43,826] {taskinstance.py:1159} INFO - Dependencies all met for <TaskInstance: T-dbt-job-objects.dbt_clone_and_transform-objects manual__2022-06-12T17:11:43.180894+00:00 [queued]>
[2022-06-12 17:11:43,841] {taskinstance.py:1159} INFO - Dependencies all met for <TaskInstance: T-dbt-job-objects.dbt_clone_and_transform-objects manual__2022-06-12T17:11:43.180894+00:00 [queued]>
[2022-06-12 17:11:43,842] {taskinstance.py:1356} INFO - 
--------------------------------------------------------------------------------
[2022-06-12 17:11:43,842] {taskinstance.py:1357} INFO - Starting attempt 1 of 2
[2022-06-12 17:11:43,842] {taskinstance.py:1358} INFO - 
--------------------------------------------------------------------------------
[2022-06-12 17:11:43,858] {taskinstance.py:1377} INFO - Executing <Task(BashOperator): dbt_clone_and_transform-objects> on 2022-06-12 17:11:43.180894+00:00
[2022-06-12 17:11:43,863] {standard_task_runner.py:52} INFO - Started process 4531 to run task
[2022-06-12 17:11:43,866] {standard_task_runner.py:79} INFO - Running: ['airflow', 'tasks', 'run', 'T-dbt-job-objects', 'dbt_clone_and_transform-objects', 'manual__2022-06-12T17:11:43.180894+00:00', '--job-id', '169', '--raw', '--subdir', 'DAGS_FOLDER/docker_job/dbt_model.py', '--cfg-path', '/tmp/tmpfr85nqal', '--error-file', '/tmp/tmpbhoblosu']
[2022-06-12 17:11:43,867] {standard_task_runner.py:80} INFO - Job 169: Subtask dbt_clone_and_transform-objects
[2022-06-12 17:11:43,929] {task_command.py:370} INFO - Running <TaskInstance: T-dbt-job-objects.dbt_clone_and_transform-objects manual__2022-06-12T17:11:43.180894+00:00 [running]> on host e926c0944008
[2022-06-12 17:11:44,008] {taskinstance.py:1571} INFO - Exporting the following env vars:
AIRFLOW_CTX_DAG_EMAIL=samuelolle@yahoo.com
AIRFLOW_CTX_DAG_OWNER=airflow
AIRFLOW_CTX_DAG_ID=T-dbt-job-objects
AIRFLOW_CTX_TASK_ID=dbt_clone_and_transform-objects
AIRFLOW_CTX_EXECUTION_DATE=2022-06-12T17:11:43.180894+00:00
AIRFLOW_CTX_TRY_NUMBER=1
AIRFLOW_CTX_DAG_RUN_ID=manual__2022-06-12T17:11:43.180894+00:00
[2022-06-12 17:11:44,009] {subprocess.py:62} INFO - Tmp dir root location: 
 /tmp
[2022-06-12 17:11:44,010] {subprocess.py:74} INFO - Running command: ['bash', '-c', " rm -rf /tmp/objects && mkdir /tmp/objects                            && cp -r /tmp/dbt /tmp/objects/dbt                             && cd /tmp/objects/dbt && python3 -m venv venv                             && export PIP_USER=false                             && *** /tmp/objects/dbt/venv/bin/activate                             && pip  install --quiet --upgrade pip setuptools                             && pip3 install --quiet 'MarkupSafe<=2.0.1' 'dbt-postgres' 'dbt-core'                             && dbt --version && deactivate                             && cd /tmp/objects/dbt && *** /tmp/objects/dbt/venv/bin/activate                             && dbt deps --profiles-dir /tmp/objects/dbt/ && dbt seed --profiles-dir /tmp/objects/dbt/                             && dbt run --models objects --profiles-dir /tmp/objects/dbt/"]
[2022-06-12 17:11:44,024] {subprocess.py:85} INFO - Output:
[2022-06-12 17:12:17,298] {subprocess.py:92} INFO - Core:
[2022-06-12 17:12:17,300] {subprocess.py:92} INFO -   - installed: 1.1.0
[2022-06-12 17:12:17,300] {subprocess.py:92} INFO -   - latest:    1.1.0 - [32mUp to date![0m
[2022-06-12 17:12:17,301] {subprocess.py:92} INFO - 
[2022-06-12 17:12:17,301] {subprocess.py:92} INFO - Plugins:
[2022-06-12 17:12:17,301] {subprocess.py:92} INFO -   - postgres: 1.1.0 - [32mUp to date![0m
[2022-06-12 17:12:19,975] {subprocess.py:92} INFO - [0m17:12:19  Running with dbt=1.1.0
[2022-06-12 17:12:19,976] {subprocess.py:92} INFO - [0m17:12:19  Warning: No packages were found in packages.yml
[2022-06-12 17:12:22,664] {subprocess.py:92} INFO - [0m17:12:22  Running with dbt=1.1.0
[2022-06-12 17:12:22,677] {subprocess.py:92} INFO - [0m17:12:22  Partial parse save file not found. Starting full parse.
[2022-06-12 17:12:23,269] {subprocess.py:92} INFO - [0m17:12:23  [WARNING]: Configuration paths exist in your dbt_project.yml file which do not apply to any re***s.
[2022-06-12 17:12:23,269] {subprocess.py:92} INFO - There are 1 unused configuration paths:
[2022-06-12 17:12:23,269] {subprocess.py:92} INFO - - seeds.SAM
[2022-06-12 17:12:23,269] {subprocess.py:92} INFO - 
[2022-06-12 17:12:23,280] {subprocess.py:92} INFO - [0m17:12:23  Found 5 models, 6 tests, 0 snapshots, 0 analyses, 172 macros, 6 operations, 0 seed files, 4 ***s, 0 exposures, 0 metrics
[2022-06-12 17:12:23,281] {subprocess.py:92} INFO - [0m17:12:23
[2022-06-12 17:12:23,282] {subprocess.py:92} INFO - [0m17:12:23  [WARNING]: Nothing to do. Try checking your model configs and model specification args
[2022-06-12 17:12:23,288] {subprocess.py:92} INFO - [0m17:12:23
[2022-06-12 17:12:23,288] {subprocess.py:92} INFO - [0m17:12:23  Completed successfully
[2022-06-12 17:12:23,289] {subprocess.py:92} INFO - [0m17:12:23
[2022-06-12 17:12:23,289] {subprocess.py:92} INFO - [0m17:12:23  Done. PASS=0 WARN=0 ERROR=0 SKIP=0 TOTAL=0
[2022-06-12 17:12:26,129] {subprocess.py:92} INFO - [0m17:12:26  Running with dbt=1.1.0
[2022-06-12 17:12:26,162] {subprocess.py:92} INFO - [0m17:12:26  [WARNING]: Configuration paths exist in your dbt_project.yml file which do not apply to any re***s.
[2022-06-12 17:12:26,162] {subprocess.py:92} INFO - There are 1 unused configuration paths:
[2022-06-12 17:12:26,162] {subprocess.py:92} INFO - - seeds.SAM
[2022-06-12 17:12:26,162] {subprocess.py:92} INFO - 
[2022-06-12 17:12:26,177] {subprocess.py:92} INFO - [0m17:12:26  Found 5 models, 6 tests, 0 snapshots, 0 analyses, 172 macros, 6 operations, 0 seed files, 4 ***s, 0 exposures, 0 metrics
[2022-06-12 17:12:26,179] {subprocess.py:92} INFO - [0m17:12:26
[2022-06-12 17:12:26,237] {subprocess.py:92} INFO - [0m17:12:26  Concurrency: 4 threads (target='dev')
[2022-06-12 17:12:26,237] {subprocess.py:92} INFO - [0m17:12:26
[2022-06-12 17:12:26,244] {subprocess.py:92} INFO - [0m17:12:26  1 of 1 START table model analytics_objects.obj_walls ........................... [RUN]
[2022-06-12 17:12:26,322] {subprocess.py:92} INFO - [0m17:12:26  1 of 1 OK created table model analytics_objects.obj_walls ...................... [SELECT 136 in 0.08s]
[2022-06-12 17:12:26,349] {subprocess.py:92} INFO - [0m17:12:26
[2022-06-12 17:12:26,350] {subprocess.py:92} INFO - [0m17:12:26  Running 6 on-run-end hooks
[2022-06-12 17:12:26,356] {subprocess.py:92} INFO - [0m17:12:26  1 of 6 START hook: SAM.on-run-end.0 ............................................ [RUN]
[2022-06-12 17:12:26,358] {subprocess.py:92} INFO - [0m17:12:26  1 of 6 OK hook: SAM.on-run-end.0 ............................................... [ALTER DEFAULT PRIVILEGES in 0.00s]
[2022-06-12 17:12:26,363] {subprocess.py:92} INFO - [0m17:12:26  2 of 6 START hook: SAM.on-run-end.1 ............................................ [RUN]
[2022-06-12 17:12:26,365] {subprocess.py:92} INFO - [0m17:12:26  2 of 6 OK hook: SAM.on-run-end.1 ............................................... [ALTER DEFAULT PRIVILEGES in 0.00s]
[2022-06-12 17:12:26,369] {subprocess.py:92} INFO - [0m17:12:26  3 of 6 START hook: SAM.on-run-end.2 ............................................ [RUN]
[2022-06-12 17:12:26,373] {subprocess.py:92} INFO - [0m17:12:26  3 of 6 OK hook: SAM.on-run-end.2 ............................................... [ALTER DEFAULT PRIVILEGES in 0.00s]
[2022-06-12 17:12:26,376] {subprocess.py:92} INFO - [0m17:12:26  4 of 6 START hook: SAM.on-run-end.3 ............................................ [RUN]
[2022-06-12 17:12:26,378] {subprocess.py:92} INFO - [0m17:12:26  4 of 6 OK hook: SAM.on-run-end.3 ............................................... [ALTER DEFAULT PRIVILEGES in 0.00s]
[2022-06-12 17:12:26,382] {subprocess.py:92} INFO - [0m17:12:26  5 of 6 START hook: SAM.on-run-end.4 ............................................ [RUN]
[2022-06-12 17:12:26,385] {subprocess.py:92} INFO - [0m17:12:26  5 of 6 OK hook: SAM.on-run-end.4 ............................................... [ALTER DEFAULT PRIVILEGES in 0.00s]
[2022-06-12 17:12:26,389] {subprocess.py:92} INFO - [0m17:12:26  6 of 6 START hook: SAM.on-run-end.5 ............................................ [RUN]
[2022-06-12 17:12:26,390] {subprocess.py:92} INFO - [0m17:12:26  6 of 6 OK hook: SAM.on-run-end.5 ............................................... [ALTER DEFAULT PRIVILEGES in 0.00s]
[2022-06-12 17:12:26,391] {subprocess.py:92} INFO - [0m17:12:26
[2022-06-12 17:12:26,391] {subprocess.py:92} INFO - [0m17:12:26
[2022-06-12 17:12:26,392] {subprocess.py:92} INFO - [0m17:12:26  Finished running 1 table model, 6 hooks in 0.21s.
[2022-06-12 17:12:26,398] {subprocess.py:92} INFO - [0m17:12:26
[2022-06-12 17:12:26,398] {subprocess.py:92} INFO - [0m17:12:26  Completed successfully
[2022-06-12 17:12:26,399] {subprocess.py:92} INFO - [0m17:12:26
[2022-06-12 17:12:26,399] {subprocess.py:92} INFO - [0m17:12:26  Done. PASS=1 WARN=0 ERROR=0 SKIP=0 TOTAL=1
[2022-06-12 17:12:26,554] {subprocess.py:96} INFO - Command exited with return code 0
[2022-06-12 17:12:26,582] {taskinstance.py:1400} INFO - Marking task as SUCCESS. dag_id=T-dbt-job-objects, task_id=dbt_clone_and_transform-objects, execution_date=20220612T171143, start_date=20220612T171143, end_date=20220612T171226
[2022-06-12 17:12:26,610] {local_task_job.py:156} INFO - Task exited with return code 0
[2022-06-12 17:12:26,636] {local_task_job.py:273} INFO - 1 downstream tasks scheduled from follow-on schedule check
