[2022-06-19 18:08:06,917] {taskinstance.py:1159} INFO - Dependencies all met for <TaskInstance: Job-pts.pts-Papple-iphone-xs-256gb-space-grau_h_6245 scheduled__2022-06-19T01:09:09.446748+00:00 [queued]>
[2022-06-19 18:08:06,936] {taskinstance.py:1159} INFO - Dependencies all met for <TaskInstance: Job-pts.pts-Papple-iphone-xs-256gb-space-grau_h_6245 scheduled__2022-06-19T01:09:09.446748+00:00 [queued]>
[2022-06-19 18:08:06,936] {taskinstance.py:1356} INFO - 
--------------------------------------------------------------------------------
[2022-06-19 18:08:06,936] {taskinstance.py:1357} INFO - Starting attempt 4 of 6
[2022-06-19 18:08:06,936] {taskinstance.py:1358} INFO - 
--------------------------------------------------------------------------------
[2022-06-19 18:08:06,953] {taskinstance.py:1377} INFO - Executing <Task(PythonOperator): pts-Papple-iphone-xs-256gb-space-grau_h_6245> on 2022-06-19 01:09:09.446748+00:00
[2022-06-19 18:08:06,962] {standard_task_runner.py:52} INFO - Started process 782 to run task
[2022-06-19 18:08:07,006] {standard_task_runner.py:79} INFO - Running: ['airflow', 'tasks', 'run', 'Job-pts', 'pts-Papple-iphone-xs-256gb-space-grau_h_6245', 'scheduled__2022-06-19T01:09:09.446748+00:00', '--job-id', '602', '--raw', '--subdir', 'DAGS_FOLDER/docker_job/price_scale.py', '--cfg-path', '/tmp/tmpdfiebqkr', '--error-file', '/tmp/tmp6pu3w9sb']
[2022-06-19 18:08:07,012] {standard_task_runner.py:80} INFO - Job 602: Subtask pts-Papple-iphone-xs-256gb-space-grau_h_6245
[2022-06-19 18:08:07,058] {warnings.py:110} WARNING - /home/airflow/.local/lib/python3.7/site-packages/airflow/configuration.py:525: DeprecationWarning: The sql_alchemy_conn option in [core] has been moved to the sql_alchemy_conn option in [database] - the old setting has been used, but please update your config.
  option = self._get_environment_variables(deprecated_key, deprecated_section, key, section)

[2022-06-19 18:08:07,190] {task_command.py:370} INFO - Running <TaskInstance: Job-pts.pts-Papple-iphone-xs-256gb-space-grau_h_6245 scheduled__2022-06-19T01:09:09.446748+00:00 [running]> on host 2d9e52ec85d2
[2022-06-19 18:08:07,420] {taskinstance.py:1571} INFO - Exporting the following env vars:
AIRFLOW_CTX_DAG_EMAIL=samuel.momoh-olle@asgoodasnew.com
AIRFLOW_CTX_DAG_OWNER=airflow
AIRFLOW_CTX_DAG_ID=Job-pts
AIRFLOW_CTX_TASK_ID=pts-Papple-iphone-xs-256gb-space-grau_h_6245
AIRFLOW_CTX_EXECUTION_DATE=2022-06-19T01:09:09.446748+00:00
AIRFLOW_CTX_TRY_NUMBER=4
AIRFLOW_CTX_DAG_RUN_ID=scheduled__2022-06-19T01:09:09.446748+00:00
[2022-06-19 18:08:08,777] {logging_mixin.py:115} INFO - ['https://www.handyverkauf.net/apple-iphone-x-64gb-space-grau_h_5143', 'https://www.handyverkauf.net/apple-iphone-x-256gb-space-grau_h_5145', 'https://www.handyverkauf.net/apple-iphone-xs-64gb-space-grau_h_6242', 'https://www.handyverkauf.net/apple-iphone-xs-256gb-space-grau_h_6245', 'https://www.handyverkauf.net/apple-iphone-xs-512gb-space-grau_h_6248', 'https://www.handyverkauf.net/apple-iphone-xs-max-64gb-space-grau_h_6251', 'https://www.handyverkauf.net/apple-iphone-xs-max-256gb-space-grau_h_6254', 'https://www.handyverkauf.net/apple-iphone-xs-max-512gb-space-grau_h_6257', 'https://www.handyverkauf.net/apple-iphone-xr-64gb-schwarz_h_6260', 'https://www.handyverkauf.net/apple-iphone-xr-128gb-schwarz_h_6266']
[2022-06-19 18:08:12,192] {logging_mixin.py:115} INFO - Message: invalid argument: 'url' must be a string
  (Session info: headless chrome=102.0.5005.115)
Stacktrace:
#0 0x55841dc89f33 <unknown>
#1 0x55841d9d4118 <unknown>
#2 0x55841da3baa1 <unknown>
#3 0x55841da27f72 <unknown>
#4 0x55841da3b2e4 <unknown>
#5 0x55841da27e63 <unknown>
#6 0x55841d9fd82a <unknown>
#7 0x55841d9fe985 <unknown>
#8 0x55841dcce4cd <unknown>
#9 0x55841dcd25ec <unknown>
#10 0x55841dcb871e <unknown>
#11 0x55841dcd3238 <unknown>
#12 0x55841dcad870 <unknown>
#13 0x55841dcef608 <unknown>
#14 0x55841dcef788 <unknown>
#15 0x55841dd09f1d <unknown>
#16 0x7f9131e48ea7 <unknown>
[2022-06-19 18:08:12,245] {logging_mixin.py:115} INFO - []
[2022-06-19 18:08:12,245] {python.py:173} INFO - Done. Returned value was: None
[2022-06-19 18:08:12,257] {taskinstance.py:1400} INFO - Marking task as SUCCESS. dag_id=Job-pts, task_id=pts-Papple-iphone-xs-256gb-space-grau_h_6245, execution_date=20220619T010909, start_date=20220619T180806, end_date=20220619T180812
[2022-06-19 18:08:12,274] {local_task_job.py:156} INFO - Task exited with return code 0
[2022-06-19 18:08:12,293] {local_task_job.py:273} INFO - 0 downstream tasks scheduled from follow-on schedule check
