[2022-06-11 19:44:57,492] {taskinstance.py:1159} INFO - Dependencies all met for <TaskInstance: T-dbt-job-dimensions.dbt_clone_and_transform-dimensions manual__2022-06-11T19:44:56.724147+00:00 [queued]>
[2022-06-11 19:44:57,503] {taskinstance.py:1159} INFO - Dependencies all met for <TaskInstance: T-dbt-job-dimensions.dbt_clone_and_transform-dimensions manual__2022-06-11T19:44:56.724147+00:00 [queued]>
[2022-06-11 19:44:57,503] {taskinstance.py:1356} INFO - 
--------------------------------------------------------------------------------
[2022-06-11 19:44:57,503] {taskinstance.py:1357} INFO - Starting attempt 1 of 2
[2022-06-11 19:44:57,503] {taskinstance.py:1358} INFO - 
--------------------------------------------------------------------------------
[2022-06-11 19:44:57,523] {taskinstance.py:1377} INFO - Executing <Task(BashOperator): dbt_clone_and_transform-dimensions> on 2022-06-11 19:44:56.724147+00:00
[2022-06-11 19:44:57,531] {standard_task_runner.py:52} INFO - Started process 394 to run task
[2022-06-11 19:44:57,534] {standard_task_runner.py:79} INFO - Running: ['airflow', 'tasks', 'run', 'T-dbt-job-dimensions', 'dbt_clone_and_transform-dimensions', 'manual__2022-06-11T19:44:56.724147+00:00', '--job-id', '13', '--raw', '--subdir', 'DAGS_FOLDER/docker_job/dbt_model.py', '--cfg-path', '/tmp/tmpk0uhbg2x', '--error-file', '/tmp/tmpnmg_8sli']
[2022-06-11 19:44:57,534] {standard_task_runner.py:80} INFO - Job 13: Subtask dbt_clone_and_transform-dimensions
[2022-06-11 19:44:57,599] {task_command.py:370} INFO - Running <TaskInstance: T-dbt-job-dimensions.dbt_clone_and_transform-dimensions manual__2022-06-11T19:44:56.724147+00:00 [running]> on host e926c0944008
[2022-06-11 19:44:57,696] {taskinstance.py:1571} INFO - Exporting the following env vars:
AIRFLOW_CTX_DAG_EMAIL=samuelolle@yahoo.com
AIRFLOW_CTX_DAG_OWNER=airflow
AIRFLOW_CTX_DAG_ID=T-dbt-job-dimensions
AIRFLOW_CTX_TASK_ID=dbt_clone_and_transform-dimensions
AIRFLOW_CTX_EXECUTION_DATE=2022-06-11T19:44:56.724147+00:00
AIRFLOW_CTX_TRY_NUMBER=1
AIRFLOW_CTX_DAG_RUN_ID=manual__2022-06-11T19:44:56.724147+00:00
[2022-06-11 19:44:57,697] {subprocess.py:62} INFO - Tmp dir root location: 
 /tmp
[2022-06-11 19:44:57,698] {subprocess.py:74} INFO - Running command: ['bash', '-c', " rm -rf /tmp/dimensions && mkdir /tmp/dimensions                            && cp -r /tmp/dbt /tmp/dimensions/dbt                             && cd /tmp/dimensions/dbt && python3 -m venv venv                             && export PIP_USER=false                             && *** /tmp/dimensions/dbt/venv/bin/activate                             && pip  install --quiet --upgrade pip setuptools                             && pip3 install --quiet 'MarkupSafe<=2.0.1' 'dbt-postgres' 'dbt-core'                             && dbt --version && deactivate                             && cd /tmp/dimensions/dbt && *** /tmp/dimensions/dbt/venv/bin/activate                             && dbt deps --profiles-dir /tmp/dimensions/dbt/ && dbt seed --profiles-dir /tmp/dimensions/dbt/                             && dbt run --models dimensions --profiles-dir /tmp/dimensions/dbt/"]
[2022-06-11 19:44:57,711] {subprocess.py:85} INFO - Output:
[2022-06-11 19:45:57,816] {subprocess.py:92} INFO - Core:
[2022-06-11 19:45:57,816] {subprocess.py:92} INFO -   - installed: 1.1.0
[2022-06-11 19:45:57,816] {subprocess.py:92} INFO -   - latest:    1.1.0 - [32mUp to date![0m
[2022-06-11 19:45:57,816] {subprocess.py:92} INFO - 
[2022-06-11 19:45:57,817] {subprocess.py:92} INFO - Plugins:
[2022-06-11 19:45:57,817] {subprocess.py:92} INFO -   - postgres: 1.1.0 - [32mUp to date![0m
[2022-06-11 19:46:03,084] {subprocess.py:92} INFO - [0m19:46:03  Running with dbt=1.1.0
[2022-06-11 19:46:03,086] {subprocess.py:92} INFO - [0m19:46:03  Warning: No packages were found in packages.yml
[2022-06-11 19:46:09,609] {subprocess.py:92} INFO - [0m19:46:09  Running with dbt=1.1.0
[2022-06-11 19:46:09,650] {subprocess.py:92} INFO - [0m19:46:09  Partial parse save file not found. Starting full parse.
[2022-06-11 19:46:11,227] {subprocess.py:92} INFO - [0m19:46:11  [WARNING]: Configuration paths exist in your dbt_project.yml file which do not apply to any re***s.
[2022-06-11 19:46:11,228] {subprocess.py:92} INFO - There are 1 unused configuration paths:
[2022-06-11 19:46:11,228] {subprocess.py:92} INFO - - seeds.SAM
[2022-06-11 19:46:11,228] {subprocess.py:92} INFO - 
[2022-06-11 19:46:11,267] {subprocess.py:92} INFO - [0m19:46:11  Found 4 models, 6 tests, 0 snapshots, 0 analyses, 171 macros, 6 operations, 0 seed files, 4 ***s, 0 exposures, 0 metrics
[2022-06-11 19:46:11,272] {subprocess.py:92} INFO - [0m19:46:11
[2022-06-11 19:46:11,273] {subprocess.py:92} INFO - [0m19:46:11  [WARNING]: Nothing to do. Try checking your model configs and model specification args
[2022-06-11 19:46:11,295] {subprocess.py:92} INFO - [0m19:46:11
[2022-06-11 19:46:11,297] {subprocess.py:92} INFO - [0m19:46:11  Completed successfully
[2022-06-11 19:46:11,298] {subprocess.py:92} INFO - [0m19:46:11
[2022-06-11 19:46:11,299] {subprocess.py:92} INFO - [0m19:46:11  Done. PASS=0 WARN=0 ERROR=0 SKIP=0 TOTAL=0
[2022-06-11 19:46:17,314] {subprocess.py:92} INFO - [0m19:46:17  Running with dbt=1.1.0
[2022-06-11 19:46:17,365] {subprocess.py:92} INFO - [0m19:46:17  [WARNING]: Configuration paths exist in your dbt_project.yml file which do not apply to any re***s.
[2022-06-11 19:46:17,366] {subprocess.py:92} INFO - There are 1 unused configuration paths:
[2022-06-11 19:46:17,366] {subprocess.py:92} INFO - - seeds.SAM
[2022-06-11 19:46:17,366] {subprocess.py:92} INFO - 
[2022-06-11 19:46:17,389] {subprocess.py:92} INFO - [0m19:46:17  Found 4 models, 6 tests, 0 snapshots, 0 analyses, 171 macros, 6 operations, 0 seed files, 4 ***s, 0 exposures, 0 metrics
[2022-06-11 19:46:17,392] {subprocess.py:92} INFO - [0m19:46:17
[2022-06-11 19:46:17,506] {subprocess.py:92} INFO - [0m19:46:17  Concurrency: 4 threads (target='dev')
[2022-06-11 19:46:17,506] {subprocess.py:92} INFO - [0m19:46:17
[2022-06-11 19:46:17,558] {subprocess.py:92} INFO - [0m19:46:17  1 of 1 START view model analytics_objects_analytics_objects.dim_date ........... [RUN]
[2022-06-11 19:46:17,749] {subprocess.py:92} INFO - [0m19:46:17  1 of 1 OK created view model analytics_objects_analytics_objects.dim_date ...... [CREATE VIEW in 0.19s]
[2022-06-11 19:46:17,764] {subprocess.py:92} INFO - [0m19:46:17
[2022-06-11 19:46:17,764] {subprocess.py:92} INFO - [0m19:46:17  Running 6 on-run-end hooks
[2022-06-11 19:46:17,774] {subprocess.py:92} INFO - [0m19:46:17  1 of 6 START hook: SAM.on-run-end.0 ............................................ [RUN]
[2022-06-11 19:46:17,781] {subprocess.py:92} INFO - [0m19:46:17  1 of 6 OK hook: SAM.on-run-end.0 ............................................... [ALTER DEFAULT PRIVILEGES in 0.01s]
[2022-06-11 19:46:17,787] {subprocess.py:92} INFO - [0m19:46:17  2 of 6 START hook: SAM.on-run-end.1 ............................................ [RUN]
[2022-06-11 19:46:17,791] {subprocess.py:92} INFO - [0m19:46:17  2 of 6 OK hook: SAM.on-run-end.1 ............................................... [ALTER DEFAULT PRIVILEGES in 0.00s]
[2022-06-11 19:46:17,796] {subprocess.py:92} INFO - [0m19:46:17  3 of 6 START hook: SAM.on-run-end.2 ............................................ [RUN]
[2022-06-11 19:46:17,800] {subprocess.py:92} INFO - [0m19:46:17  3 of 6 OK hook: SAM.on-run-end.2 ............................................... [ALTER DEFAULT PRIVILEGES in 0.00s]
[2022-06-11 19:46:17,805] {subprocess.py:92} INFO - [0m19:46:17  4 of 6 START hook: SAM.on-run-end.3 ............................................ [RUN]
[2022-06-11 19:46:17,808] {subprocess.py:92} INFO - [0m19:46:17  4 of 6 OK hook: SAM.on-run-end.3 ............................................... [ALTER DEFAULT PRIVILEGES in 0.00s]
[2022-06-11 19:46:17,812] {subprocess.py:92} INFO - [0m19:46:17  5 of 6 START hook: SAM.on-run-end.4 ............................................ [RUN]
[2022-06-11 19:46:17,815] {subprocess.py:92} INFO - [0m19:46:17  5 of 6 OK hook: SAM.on-run-end.4 ............................................... [ALTER DEFAULT PRIVILEGES in 0.00s]
[2022-06-11 19:46:17,820] {subprocess.py:92} INFO - [0m19:46:17  6 of 6 START hook: SAM.on-run-end.5 ............................................ [RUN]
[2022-06-11 19:46:17,824] {subprocess.py:92} INFO - [0m19:46:17  6 of 6 OK hook: SAM.on-run-end.5 ............................................... [ALTER DEFAULT PRIVILEGES in 0.00s]
[2022-06-11 19:46:17,824] {subprocess.py:92} INFO - [0m19:46:17
[2022-06-11 19:46:17,826] {subprocess.py:92} INFO - [0m19:46:17
[2022-06-11 19:46:17,826] {subprocess.py:92} INFO - [0m19:46:17  Finished running 1 view model, 6 hooks in 0.43s.
[2022-06-11 19:46:17,837] {subprocess.py:92} INFO - [0m19:46:17
[2022-06-11 19:46:17,837] {subprocess.py:92} INFO - [0m19:46:17  Completed successfully
[2022-06-11 19:46:17,838] {subprocess.py:92} INFO - [0m19:46:17
[2022-06-11 19:46:17,838] {subprocess.py:92} INFO - [0m19:46:17  Done. PASS=1 WARN=0 ERROR=0 SKIP=0 TOTAL=1
[2022-06-11 19:46:18,210] {subprocess.py:96} INFO - Command exited with return code 0
[2022-06-11 19:46:18,254] {taskinstance.py:1400} INFO - Marking task as SUCCESS. dag_id=T-dbt-job-dimensions, task_id=dbt_clone_and_transform-dimensions, execution_date=20220611T194456, start_date=20220611T194457, end_date=20220611T194618
[2022-06-11 19:46:18,316] {local_task_job.py:156} INFO - Task exited with return code 0
[2022-06-11 19:46:18,397] {local_task_job.py:273} INFO - 1 downstream tasks scheduled from follow-on schedule check
