[2022-06-12 17:31:16,608] {taskinstance.py:1159} INFO - Dependencies all met for <TaskInstance: T-dbt-job-dimensions.dbt_clone_and_transform-dimensions manual__2022-06-12T17:31:15.735864+00:00 [queued]>
[2022-06-12 17:31:16,623] {taskinstance.py:1159} INFO - Dependencies all met for <TaskInstance: T-dbt-job-dimensions.dbt_clone_and_transform-dimensions manual__2022-06-12T17:31:15.735864+00:00 [queued]>
[2022-06-12 17:31:16,623] {taskinstance.py:1356} INFO - 
--------------------------------------------------------------------------------
[2022-06-12 17:31:16,623] {taskinstance.py:1357} INFO - Starting attempt 1 of 2
[2022-06-12 17:31:16,623] {taskinstance.py:1358} INFO - 
--------------------------------------------------------------------------------
[2022-06-12 17:31:16,639] {taskinstance.py:1377} INFO - Executing <Task(BashOperator): dbt_clone_and_transform-dimensions> on 2022-06-12 17:31:15.735864+00:00
[2022-06-12 17:31:16,648] {standard_task_runner.py:52} INFO - Started process 5062 to run task
[2022-06-12 17:31:16,652] {standard_task_runner.py:79} INFO - Running: ['airflow', 'tasks', 'run', 'T-dbt-job-dimensions', 'dbt_clone_and_transform-dimensions', 'manual__2022-06-12T17:31:15.735864+00:00', '--job-id', '193', '--raw', '--subdir', 'DAGS_FOLDER/docker_job/dbt_model.py', '--cfg-path', '/tmp/tmpjiyo579o', '--error-file', '/tmp/tmp9mz85a_a']
[2022-06-12 17:31:16,653] {standard_task_runner.py:80} INFO - Job 193: Subtask dbt_clone_and_transform-dimensions
[2022-06-12 17:31:16,713] {task_command.py:370} INFO - Running <TaskInstance: T-dbt-job-dimensions.dbt_clone_and_transform-dimensions manual__2022-06-12T17:31:15.735864+00:00 [running]> on host e926c0944008
[2022-06-12 17:31:16,790] {taskinstance.py:1571} INFO - Exporting the following env vars:
AIRFLOW_CTX_DAG_EMAIL=samuelolle@yahoo.com
AIRFLOW_CTX_DAG_OWNER=airflow
AIRFLOW_CTX_DAG_ID=T-dbt-job-dimensions
AIRFLOW_CTX_TASK_ID=dbt_clone_and_transform-dimensions
AIRFLOW_CTX_EXECUTION_DATE=2022-06-12T17:31:15.735864+00:00
AIRFLOW_CTX_TRY_NUMBER=1
AIRFLOW_CTX_DAG_RUN_ID=manual__2022-06-12T17:31:15.735864+00:00
[2022-06-12 17:31:16,791] {subprocess.py:62} INFO - Tmp dir root location: 
 /tmp
[2022-06-12 17:31:16,791] {subprocess.py:74} INFO - Running command: ['bash', '-c', " rm -rf /tmp/dimensions && mkdir /tmp/dimensions                            && cp -r /tmp/dbt /tmp/dimensions/dbt                             && cd /tmp/dimensions/dbt && python3 -m venv venv                             && export PIP_USER=false                             && *** /tmp/dimensions/dbt/venv/bin/activate                             && pip  install --quiet --upgrade pip setuptools                             && pip3 install --quiet 'MarkupSafe<=2.0.1' 'dbt-postgres' 'dbt-core'                             && dbt --version && deactivate                             && cd /tmp/dimensions/dbt && *** /tmp/dimensions/dbt/venv/bin/activate                             && dbt deps --profiles-dir /tmp/dimensions/dbt/ && dbt seed --profiles-dir /tmp/dimensions/dbt/                             && dbt run --models dimensions --profiles-dir /tmp/dimensions/dbt/"]
[2022-06-12 17:31:16,804] {subprocess.py:85} INFO - Output:
[2022-06-12 17:31:49,886] {subprocess.py:92} INFO - Core:
[2022-06-12 17:31:49,886] {subprocess.py:92} INFO -   - installed: 1.1.0
[2022-06-12 17:31:49,886] {subprocess.py:92} INFO -   - latest:    1.1.0 - [32mUp to date![0m
[2022-06-12 17:31:49,887] {subprocess.py:92} INFO - 
[2022-06-12 17:31:49,887] {subprocess.py:92} INFO - Plugins:
[2022-06-12 17:31:49,887] {subprocess.py:92} INFO -   - postgres: 1.1.0 - [32mUp to date![0m
[2022-06-12 17:31:52,851] {subprocess.py:92} INFO - [0m17:31:52  Running with dbt=1.1.0
[2022-06-12 17:31:52,852] {subprocess.py:92} INFO - [0m17:31:52  Warning: No packages were found in packages.yml
[2022-06-12 17:31:55,814] {subprocess.py:92} INFO - [0m17:31:55  Running with dbt=1.1.0
[2022-06-12 17:31:55,828] {subprocess.py:92} INFO - [0m17:31:55  Partial parse save file not found. Starting full parse.
[2022-06-12 17:31:56,468] {subprocess.py:92} INFO - [0m17:31:56  [WARNING]: Configuration paths exist in your dbt_project.yml file which do not apply to any re***s.
[2022-06-12 17:31:56,468] {subprocess.py:92} INFO - There are 1 unused configuration paths:
[2022-06-12 17:31:56,468] {subprocess.py:92} INFO - - seeds.SAM
[2022-06-12 17:31:56,468] {subprocess.py:92} INFO - 
[2022-06-12 17:31:56,476] {subprocess.py:92} INFO - [0m17:31:56  Found 5 models, 6 tests, 0 snapshots, 0 analyses, 172 macros, 6 operations, 0 seed files, 4 ***s, 0 exposures, 0 metrics
[2022-06-12 17:31:56,478] {subprocess.py:92} INFO - [0m17:31:56
[2022-06-12 17:31:56,479] {subprocess.py:92} INFO - [0m17:31:56  [WARNING]: Nothing to do. Try checking your model configs and model specification args
[2022-06-12 17:31:56,484] {subprocess.py:92} INFO - [0m17:31:56
[2022-06-12 17:31:56,485] {subprocess.py:92} INFO - [0m17:31:56  Completed successfully
[2022-06-12 17:31:56,485] {subprocess.py:92} INFO - [0m17:31:56
[2022-06-12 17:31:56,485] {subprocess.py:92} INFO - [0m17:31:56  Done. PASS=0 WARN=0 ERROR=0 SKIP=0 TOTAL=0
[2022-06-12 17:31:59,488] {subprocess.py:92} INFO - [0m17:31:59  Running with dbt=1.1.0
[2022-06-12 17:31:59,528] {subprocess.py:92} INFO - [0m17:31:59  [WARNING]: Configuration paths exist in your dbt_project.yml file which do not apply to any re***s.
[2022-06-12 17:31:59,529] {subprocess.py:92} INFO - There are 1 unused configuration paths:
[2022-06-12 17:31:59,529] {subprocess.py:92} INFO - - seeds.SAM
[2022-06-12 17:31:59,529] {subprocess.py:92} INFO - 
[2022-06-12 17:31:59,546] {subprocess.py:92} INFO - [0m17:31:59  Found 5 models, 6 tests, 0 snapshots, 0 analyses, 172 macros, 6 operations, 0 seed files, 4 ***s, 0 exposures, 0 metrics
[2022-06-12 17:31:59,547] {subprocess.py:92} INFO - [0m17:31:59
[2022-06-12 17:31:59,644] {subprocess.py:92} INFO - [0m17:31:59  Concurrency: 4 threads (target='dev')
[2022-06-12 17:31:59,644] {subprocess.py:92} INFO - [0m17:31:59
[2022-06-12 17:31:59,651] {subprocess.py:92} INFO - [0m17:31:59  1 of 2 START table model analytics_dim.dim_date ................................ [RUN]
[2022-06-12 17:31:59,653] {subprocess.py:92} INFO - [0m17:31:59  2 of 2 START incremental model analytics_dim.dim_walls ......................... [RUN]
[2022-06-12 17:31:59,823] {subprocess.py:92} INFO - [0m17:31:59  1 of 2 OK created table model analytics_dim.dim_date ........................... [SELECT 546 in 0.17s]
[2022-06-12 17:31:59,843] {subprocess.py:92} INFO - [0m17:31:59  2 of 2 OK created incremental model analytics_dim.dim_walls .................... [INSERT 0 0 in 0.19s]
[2022-06-12 17:31:59,863] {subprocess.py:92} INFO - [0m17:31:59
[2022-06-12 17:31:59,864] {subprocess.py:92} INFO - [0m17:31:59  Running 6 on-run-end hooks
[2022-06-12 17:31:59,871] {subprocess.py:92} INFO - [0m17:31:59  1 of 6 START hook: SAM.on-run-end.0 ............................................ [RUN]
[2022-06-12 17:31:59,873] {subprocess.py:92} INFO - [0m17:31:59  1 of 6 OK hook: SAM.on-run-end.0 ............................................... [ALTER DEFAULT PRIVILEGES in 0.00s]
[2022-06-12 17:31:59,880] {subprocess.py:92} INFO - [0m17:31:59  2 of 6 START hook: SAM.on-run-end.1 ............................................ [RUN]
[2022-06-12 17:31:59,883] {subprocess.py:92} INFO - [0m17:31:59  2 of 6 OK hook: SAM.on-run-end.1 ............................................... [ALTER DEFAULT PRIVILEGES in 0.00s]
[2022-06-12 17:31:59,886] {subprocess.py:92} INFO - [0m17:31:59  3 of 6 START hook: SAM.on-run-end.2 ............................................ [RUN]
[2022-06-12 17:31:59,889] {subprocess.py:92} INFO - [0m17:31:59  3 of 6 OK hook: SAM.on-run-end.2 ............................................... [ALTER DEFAULT PRIVILEGES in 0.00s]
[2022-06-12 17:31:59,895] {subprocess.py:92} INFO - [0m17:31:59  4 of 6 START hook: SAM.on-run-end.3 ............................................ [RUN]
[2022-06-12 17:31:59,899] {subprocess.py:92} INFO - [0m17:31:59  4 of 6 OK hook: SAM.on-run-end.3 ............................................... [ALTER DEFAULT PRIVILEGES in 0.00s]
[2022-06-12 17:31:59,903] {subprocess.py:92} INFO - [0m17:31:59  5 of 6 START hook: SAM.on-run-end.4 ............................................ [RUN]
[2022-06-12 17:31:59,906] {subprocess.py:92} INFO - [0m17:31:59  5 of 6 OK hook: SAM.on-run-end.4 ............................................... [ALTER DEFAULT PRIVILEGES in 0.00s]
[2022-06-12 17:31:59,910] {subprocess.py:92} INFO - [0m17:31:59  6 of 6 START hook: SAM.on-run-end.5 ............................................ [RUN]
[2022-06-12 17:31:59,913] {subprocess.py:92} INFO - [0m17:31:59  6 of 6 OK hook: SAM.on-run-end.5 ............................................... [ALTER DEFAULT PRIVILEGES in 0.00s]
[2022-06-12 17:31:59,914] {subprocess.py:92} INFO - [0m17:31:59
[2022-06-12 17:31:59,915] {subprocess.py:92} INFO - [0m17:31:59
[2022-06-12 17:31:59,915] {subprocess.py:92} INFO - [0m17:31:59  Finished running 1 table model, 1 incremental model, 6 hooks in 0.37s.
[2022-06-12 17:31:59,922] {subprocess.py:92} INFO - [0m17:31:59
[2022-06-12 17:31:59,923] {subprocess.py:92} INFO - [0m17:31:59  Completed successfully
[2022-06-12 17:31:59,923] {subprocess.py:92} INFO - [0m17:31:59
[2022-06-12 17:31:59,923] {subprocess.py:92} INFO - [0m17:31:59  Done. PASS=2 WARN=0 ERROR=0 SKIP=0 TOTAL=2
[2022-06-12 17:32:00,161] {subprocess.py:96} INFO - Command exited with return code 0
[2022-06-12 17:32:00,195] {taskinstance.py:1400} INFO - Marking task as SUCCESS. dag_id=T-dbt-job-dimensions, task_id=dbt_clone_and_transform-dimensions, execution_date=20220612T173115, start_date=20220612T173116, end_date=20220612T173200
[2022-06-12 17:32:00,257] {local_task_job.py:156} INFO - Task exited with return code 0
[2022-06-12 17:32:00,293] {local_task_job.py:273} INFO - 1 downstream tasks scheduled from follow-on schedule check
